[0.014s] Invoking command in '/home/aiv/YongJun_ws/ros2_ws/build/realsense2_description': CMAKE_PREFIX_PATH=/home/aiv/YongJun_ws/ros2_ws/install/realsense2_camera_msgs:/home/aiv/YongJun_ws/ros2_ws/install/yolov8_bringup:/home/aiv/YongJun_ws/ros2_ws/install/yolov8_msgs:/home/aiv/YongJun_ws/ros2_ws/install/usb_cam:/home/aiv/YongJun_ws/ros2_ws/install/realsense2_description:/home/aiv/YongJun_ws/ros2_ws/install/realsense2_camera:/home/aiv/YongJun_ws/ros2_ws/install/yolov8_ros:/opt/ros/foxy LD_LIBRARY_PATH=/home/aiv/YongJun_ws/ros2_ws/install/realsense2_camera_msgs/lib:/home/aiv/YongJun_ws/ros2_ws/install/yolov8_msgs/lib:/home/aiv/YongJun_ws/ros2_ws/install/usb_cam/lib:/home/aiv/YongJun_ws/ros2_ws/install/realsense2_camera/lib:/opt/ros/foxy/opt/yaml_cpp_vendor/lib:/opt/ros/foxy/opt/rviz_ogre_vendor/lib:/opt/ros/foxy/lib/x86_64-linux-gnu:/opt/ros/foxy/lib:/usr/local/cuda-11.8/lib64 PYTHONPATH=/home/aiv/YongJun_ws/ros2_ws/install/realsense2_camera_msgs/lib/python3.8/site-packages:/home/aiv/YongJun_ws/ros2_ws/build/yolov8_ros:/home/aiv/YongJun_ws/ros2_ws/install/yolov8_ros/lib/python3.8/site-packages:/home/aiv/YongJun_ws/ros2_ws/install/yolov8_msgs/lib/python3.8/site-packages:/opt/ros/foxy/lib/python3.8/site-packages /home/aiv/.local/bin/cmake /home/aiv/YongJun_ws/ros2_ws/src/realsense-ros/realsense2_description -DAMENT_CMAKE_SYMLINK_INSTALL=1 -DCMAKE_INSTALL_PREFIX=/home/aiv/YongJun_ws/ros2_ws/install/realsense2_description
[0.068s] -- The C compiler identification is GNU 9.4.0
[0.108s] -- The CXX compiler identification is GNU 9.4.0
[0.115s] -- Detecting C compiler ABI info
[0.152s] -- Detecting C compiler ABI info - done
[0.160s] -- Check for working C compiler: /usr/bin/cc - skipped
[0.161s] -- Detecting C compile features
[0.161s] -- Detecting C compile features - done
[0.164s] -- Detecting CXX compiler ABI info
[0.206s] -- Detecting CXX compiler ABI info - done
[0.215s] -- Check for working CXX compiler: /usr/bin/c++ - skipped
[0.215s] -- Detecting CXX compile features
[0.216s] -- Detecting CXX compile features - done
[0.217s] -- Found ament_cmake: 0.9.12 (/opt/ros/foxy/share/ament_cmake/cmake)
[0.236s] -- Found PythonInterp: /usr/bin/python3 (found suitable version "3.8.10", minimum required is "3") 
[0.236s] -- Using PYTHON_EXECUTABLE: /usr/bin/python3
[0.380s] -- Override CMake install command with custom implementation using symlinks instead of copying resources
[0.436s] -- Configuring done
[0.438s] -- Generating done
[0.439s] -- Build files have been written to: /home/aiv/YongJun_ws/ros2_ws/build/realsense2_description
[0.444s] Invoked command in '/home/aiv/YongJun_ws/ros2_ws/build/realsense2_description' returned '0': CMAKE_PREFIX_PATH=/home/aiv/YongJun_ws/ros2_ws/install/realsense2_camera_msgs:/home/aiv/YongJun_ws/ros2_ws/install/yolov8_bringup:/home/aiv/YongJun_ws/ros2_ws/install/yolov8_msgs:/home/aiv/YongJun_ws/ros2_ws/install/usb_cam:/home/aiv/YongJun_ws/ros2_ws/install/realsense2_description:/home/aiv/YongJun_ws/ros2_ws/install/realsense2_camera:/home/aiv/YongJun_ws/ros2_ws/install/yolov8_ros:/opt/ros/foxy LD_LIBRARY_PATH=/home/aiv/YongJun_ws/ros2_ws/install/realsense2_camera_msgs/lib:/home/aiv/YongJun_ws/ros2_ws/install/yolov8_msgs/lib:/home/aiv/YongJun_ws/ros2_ws/install/usb_cam/lib:/home/aiv/YongJun_ws/ros2_ws/install/realsense2_camera/lib:/opt/ros/foxy/opt/yaml_cpp_vendor/lib:/opt/ros/foxy/opt/rviz_ogre_vendor/lib:/opt/ros/foxy/lib/x86_64-linux-gnu:/opt/ros/foxy/lib:/usr/local/cuda-11.8/lib64 PYTHONPATH=/home/aiv/YongJun_ws/ros2_ws/install/realsense2_camera_msgs/lib/python3.8/site-packages:/home/aiv/YongJun_ws/ros2_ws/build/yolov8_ros:/home/aiv/YongJun_ws/ros2_ws/install/yolov8_ros/lib/python3.8/site-packages:/home/aiv/YongJun_ws/ros2_ws/install/yolov8_msgs/lib/python3.8/site-packages:/opt/ros/foxy/lib/python3.8/site-packages /home/aiv/.local/bin/cmake /home/aiv/YongJun_ws/ros2_ws/src/realsense-ros/realsense2_description -DAMENT_CMAKE_SYMLINK_INSTALL=1 -DCMAKE_INSTALL_PREFIX=/home/aiv/YongJun_ws/ros2_ws/install/realsense2_description
[0.446s] Invoking command in '/home/aiv/YongJun_ws/ros2_ws/build/realsense2_description': CMAKE_PREFIX_PATH=/home/aiv/YongJun_ws/ros2_ws/install/realsense2_camera_msgs:/home/aiv/YongJun_ws/ros2_ws/install/yolov8_bringup:/home/aiv/YongJun_ws/ros2_ws/install/yolov8_msgs:/home/aiv/YongJun_ws/ros2_ws/install/usb_cam:/home/aiv/YongJun_ws/ros2_ws/install/realsense2_description:/home/aiv/YongJun_ws/ros2_ws/install/realsense2_camera:/home/aiv/YongJun_ws/ros2_ws/install/yolov8_ros:/opt/ros/foxy LD_LIBRARY_PATH=/home/aiv/YongJun_ws/ros2_ws/install/realsense2_camera_msgs/lib:/home/aiv/YongJun_ws/ros2_ws/install/yolov8_msgs/lib:/home/aiv/YongJun_ws/ros2_ws/install/usb_cam/lib:/home/aiv/YongJun_ws/ros2_ws/install/realsense2_camera/lib:/opt/ros/foxy/opt/yaml_cpp_vendor/lib:/opt/ros/foxy/opt/rviz_ogre_vendor/lib:/opt/ros/foxy/lib/x86_64-linux-gnu:/opt/ros/foxy/lib:/usr/local/cuda-11.8/lib64 PYTHONPATH=/home/aiv/YongJun_ws/ros2_ws/install/realsense2_camera_msgs/lib/python3.8/site-packages:/home/aiv/YongJun_ws/ros2_ws/build/yolov8_ros:/home/aiv/YongJun_ws/ros2_ws/install/yolov8_ros/lib/python3.8/site-packages:/home/aiv/YongJun_ws/ros2_ws/install/yolov8_msgs/lib/python3.8/site-packages:/opt/ros/foxy/lib/python3.8/site-packages /home/aiv/.local/bin/cmake --build /home/aiv/YongJun_ws/ros2_ws/build/realsense2_description -- -j32 -l32
[0.478s] Invoked command in '/home/aiv/YongJun_ws/ros2_ws/build/realsense2_description' returned '0': CMAKE_PREFIX_PATH=/home/aiv/YongJun_ws/ros2_ws/install/realsense2_camera_msgs:/home/aiv/YongJun_ws/ros2_ws/install/yolov8_bringup:/home/aiv/YongJun_ws/ros2_ws/install/yolov8_msgs:/home/aiv/YongJun_ws/ros2_ws/install/usb_cam:/home/aiv/YongJun_ws/ros2_ws/install/realsense2_description:/home/aiv/YongJun_ws/ros2_ws/install/realsense2_camera:/home/aiv/YongJun_ws/ros2_ws/install/yolov8_ros:/opt/ros/foxy LD_LIBRARY_PATH=/home/aiv/YongJun_ws/ros2_ws/install/realsense2_camera_msgs/lib:/home/aiv/YongJun_ws/ros2_ws/install/yolov8_msgs/lib:/home/aiv/YongJun_ws/ros2_ws/install/usb_cam/lib:/home/aiv/YongJun_ws/ros2_ws/install/realsense2_camera/lib:/opt/ros/foxy/opt/yaml_cpp_vendor/lib:/opt/ros/foxy/opt/rviz_ogre_vendor/lib:/opt/ros/foxy/lib/x86_64-linux-gnu:/opt/ros/foxy/lib:/usr/local/cuda-11.8/lib64 PYTHONPATH=/home/aiv/YongJun_ws/ros2_ws/install/realsense2_camera_msgs/lib/python3.8/site-packages:/home/aiv/YongJun_ws/ros2_ws/build/yolov8_ros:/home/aiv/YongJun_ws/ros2_ws/install/yolov8_ros/lib/python3.8/site-packages:/home/aiv/YongJun_ws/ros2_ws/install/yolov8_msgs/lib/python3.8/site-packages:/opt/ros/foxy/lib/python3.8/site-packages /home/aiv/.local/bin/cmake --build /home/aiv/YongJun_ws/ros2_ws/build/realsense2_description -- -j32 -l32
[0.511s] Invoking command in '/home/aiv/YongJun_ws/ros2_ws/build/realsense2_description': CMAKE_PREFIX_PATH=/home/aiv/YongJun_ws/ros2_ws/install/realsense2_camera_msgs:/home/aiv/YongJun_ws/ros2_ws/install/yolov8_bringup:/home/aiv/YongJun_ws/ros2_ws/install/yolov8_msgs:/home/aiv/YongJun_ws/ros2_ws/install/usb_cam:/home/aiv/YongJun_ws/ros2_ws/install/realsense2_description:/home/aiv/YongJun_ws/ros2_ws/install/realsense2_camera:/home/aiv/YongJun_ws/ros2_ws/install/yolov8_ros:/opt/ros/foxy LD_LIBRARY_PATH=/home/aiv/YongJun_ws/ros2_ws/install/realsense2_camera_msgs/lib:/home/aiv/YongJun_ws/ros2_ws/install/yolov8_msgs/lib:/home/aiv/YongJun_ws/ros2_ws/install/usb_cam/lib:/home/aiv/YongJun_ws/ros2_ws/install/realsense2_camera/lib:/opt/ros/foxy/opt/yaml_cpp_vendor/lib:/opt/ros/foxy/opt/rviz_ogre_vendor/lib:/opt/ros/foxy/lib/x86_64-linux-gnu:/opt/ros/foxy/lib:/usr/local/cuda-11.8/lib64 PYTHONPATH=/home/aiv/YongJun_ws/ros2_ws/install/realsense2_camera_msgs/lib/python3.8/site-packages:/home/aiv/YongJun_ws/ros2_ws/build/yolov8_ros:/home/aiv/YongJun_ws/ros2_ws/install/yolov8_ros/lib/python3.8/site-packages:/home/aiv/YongJun_ws/ros2_ws/install/yolov8_msgs/lib/python3.8/site-packages:/opt/ros/foxy/lib/python3.8/site-packages /home/aiv/.local/bin/cmake --install /home/aiv/YongJun_ws/ros2_ws/build/realsense2_description
[0.531s] -- Install configuration: ""
[0.531s] -- Execute custom install script
[0.531s] -- Symlinking: /home/aiv/YongJun_ws/ros2_ws/install/realsense2_description/share/realsense2_description/launch/launch_utils.py
[0.533s] -- Symlinking: /home/aiv/YongJun_ws/ros2_ws/install/realsense2_description/share/realsense2_description/launch/view_model.launch.py
[0.535s] -- Symlinking: /home/aiv/YongJun_ws/ros2_ws/install/realsense2_description/share/realsense2_description/meshes/d405.stl
[0.537s] -- Symlinking: /home/aiv/YongJun_ws/ros2_ws/install/realsense2_description/share/realsense2_description/meshes/d415.stl
[0.538s] -- Symlinking: /home/aiv/YongJun_ws/ros2_ws/install/realsense2_description/share/realsense2_description/meshes/d435.dae
[0.540s] -- Symlinking: /home/aiv/YongJun_ws/ros2_ws/install/realsense2_description/share/realsense2_description/meshes/d455.stl
[0.542s] -- Symlinking: /home/aiv/YongJun_ws/ros2_ws/install/realsense2_description/share/realsense2_description/meshes/l515.dae
[0.543s] -- Symlinking: /home/aiv/YongJun_ws/ros2_ws/install/realsense2_description/share/realsense2_description/meshes/plug.stl
[0.545s] -- Symlinking: /home/aiv/YongJun_ws/ros2_ws/install/realsense2_description/share/realsense2_description/meshes/plug_collision.stl
[0.546s] -- Symlinking: /home/aiv/YongJun_ws/ros2_ws/install/realsense2_description/share/realsense2_description/rviz/urdf.rviz
[0.548s] -- Symlinking: /home/aiv/YongJun_ws/ros2_ws/install/realsense2_description/share/realsense2_description/urdf/_d405.urdf.xacro
[0.550s] -- Symlinking: /home/aiv/YongJun_ws/ros2_ws/install/realsense2_description/share/realsense2_description/urdf/_d415.urdf.xacro
[0.551s] -- Symlinking: /home/aiv/YongJun_ws/ros2_ws/install/realsense2_description/share/realsense2_description/urdf/_d435.urdf.xacro
[0.553s] -- Symlinking: /home/aiv/YongJun_ws/ros2_ws/install/realsense2_description/share/realsense2_description/urdf/_d435i.urdf.xacro
[0.555s] -- Symlinking: /home/aiv/YongJun_ws/ros2_ws/install/realsense2_description/share/realsense2_description/urdf/_d435i_imu_modules.urdf.xacro
[0.556s] -- Symlinking: /home/aiv/YongJun_ws/ros2_ws/install/realsense2_description/share/realsense2_description/urdf/_d455.urdf.xacro
[0.558s] -- Symlinking: /home/aiv/YongJun_ws/ros2_ws/install/realsense2_description/share/realsense2_description/urdf/_materials.urdf.xacro
[0.559s] -- Symlinking: /home/aiv/YongJun_ws/ros2_ws/install/realsense2_description/share/realsense2_description/urdf/_r410.urdf.xacro
[0.561s] -- Symlinking: /home/aiv/YongJun_ws/ros2_ws/install/realsense2_description/share/realsense2_description/urdf/_r430.urdf.xacro
[0.563s] -- Symlinking: /home/aiv/YongJun_ws/ros2_ws/install/realsense2_description/share/realsense2_description/urdf/_usb_plug.urdf.xacro
[0.564s] -- Symlinking: /home/aiv/YongJun_ws/ros2_ws/install/realsense2_description/share/realsense2_description/urdf/test_d405_camera.urdf.xacro
[0.566s] -- Symlinking: /home/aiv/YongJun_ws/ros2_ws/install/realsense2_description/share/realsense2_description/urdf/test_d415_camera.urdf.xacro
[0.567s] -- Symlinking: /home/aiv/YongJun_ws/ros2_ws/install/realsense2_description/share/realsense2_description/urdf/test_d435_camera.urdf.xacro
[0.569s] -- Symlinking: /home/aiv/YongJun_ws/ros2_ws/install/realsense2_description/share/realsense2_description/urdf/test_d435_multiple_cameras.urdf.xacro
[0.571s] -- Symlinking: /home/aiv/YongJun_ws/ros2_ws/install/realsense2_description/share/realsense2_description/urdf/test_d435i_camera.urdf.xacro
[0.572s] -- Symlinking: /home/aiv/YongJun_ws/ros2_ws/install/realsense2_description/share/realsense2_description/urdf/test_d455_camera.urdf.xacro
[0.574s] -- Symlinking: /home/aiv/YongJun_ws/ros2_ws/install/realsense2_description/share/realsense2_description/urdf/test_r410_camera.urdf.xacro
[0.575s] -- Symlinking: /home/aiv/YongJun_ws/ros2_ws/install/realsense2_description/share/realsense2_description/urdf/test_r430_camera.urdf.xacro
[0.577s] -- Symlinking: /home/aiv/YongJun_ws/ros2_ws/install/realsense2_description/share/ament_index/resource_index/package_run_dependencies/realsense2_description
[0.579s] -- Symlinking: /home/aiv/YongJun_ws/ros2_ws/install/realsense2_description/share/ament_index/resource_index/parent_prefix_path/realsense2_description
[0.580s] -- Symlinking: /home/aiv/YongJun_ws/ros2_ws/install/realsense2_description/share/realsense2_description/environment/ament_prefix_path.sh
[0.582s] -- Symlinking: /home/aiv/YongJun_ws/ros2_ws/install/realsense2_description/share/realsense2_description/environment/ament_prefix_path.dsv
[0.583s] -- Symlinking: /home/aiv/YongJun_ws/ros2_ws/install/realsense2_description/share/realsense2_description/environment/path.sh
[0.585s] -- Symlinking: /home/aiv/YongJun_ws/ros2_ws/install/realsense2_description/share/realsense2_description/environment/path.dsv
[0.587s] -- Symlinking: /home/aiv/YongJun_ws/ros2_ws/install/realsense2_description/share/realsense2_description/local_setup.bash
[0.588s] -- Symlinking: /home/aiv/YongJun_ws/ros2_ws/install/realsense2_description/share/realsense2_description/local_setup.sh
[0.590s] -- Symlinking: /home/aiv/YongJun_ws/ros2_ws/install/realsense2_description/share/realsense2_description/local_setup.zsh
[0.592s] -- Symlinking: /home/aiv/YongJun_ws/ros2_ws/install/realsense2_description/share/realsense2_description/local_setup.dsv
[0.593s] -- Symlinking: /home/aiv/YongJun_ws/ros2_ws/install/realsense2_description/share/realsense2_description/package.dsv
[0.595s] -- Symlinking: /home/aiv/YongJun_ws/ros2_ws/install/realsense2_description/share/ament_index/resource_index/packages/realsense2_description
[0.597s] -- Symlinking: /home/aiv/YongJun_ws/ros2_ws/install/realsense2_description/share/realsense2_description/cmake/realsense2_descriptionConfig.cmake
[0.598s] -- Symlinking: /home/aiv/YongJun_ws/ros2_ws/install/realsense2_description/share/realsense2_description/cmake/realsense2_descriptionConfig-version.cmake
[0.600s] -- Symlinking: /home/aiv/YongJun_ws/ros2_ws/install/realsense2_description/share/realsense2_description/package.xml
[0.605s] Invoked command in '/home/aiv/YongJun_ws/ros2_ws/build/realsense2_description' returned '0': CMAKE_PREFIX_PATH=/home/aiv/YongJun_ws/ros2_ws/install/realsense2_camera_msgs:/home/aiv/YongJun_ws/ros2_ws/install/yolov8_bringup:/home/aiv/YongJun_ws/ros2_ws/install/yolov8_msgs:/home/aiv/YongJun_ws/ros2_ws/install/usb_cam:/home/aiv/YongJun_ws/ros2_ws/install/realsense2_description:/home/aiv/YongJun_ws/ros2_ws/install/realsense2_camera:/home/aiv/YongJun_ws/ros2_ws/install/yolov8_ros:/opt/ros/foxy LD_LIBRARY_PATH=/home/aiv/YongJun_ws/ros2_ws/install/realsense2_camera_msgs/lib:/home/aiv/YongJun_ws/ros2_ws/install/yolov8_msgs/lib:/home/aiv/YongJun_ws/ros2_ws/install/usb_cam/lib:/home/aiv/YongJun_ws/ros2_ws/install/realsense2_camera/lib:/opt/ros/foxy/opt/yaml_cpp_vendor/lib:/opt/ros/foxy/opt/rviz_ogre_vendor/lib:/opt/ros/foxy/lib/x86_64-linux-gnu:/opt/ros/foxy/lib:/usr/local/cuda-11.8/lib64 PYTHONPATH=/home/aiv/YongJun_ws/ros2_ws/install/realsense2_camera_msgs/lib/python3.8/site-packages:/home/aiv/YongJun_ws/ros2_ws/build/yolov8_ros:/home/aiv/YongJun_ws/ros2_ws/install/yolov8_ros/lib/python3.8/site-packages:/home/aiv/YongJun_ws/ros2_ws/install/yolov8_msgs/lib/python3.8/site-packages:/opt/ros/foxy/lib/python3.8/site-packages /home/aiv/.local/bin/cmake --install /home/aiv/YongJun_ws/ros2_ws/build/realsense2_description
