[0.027s] Invoking command in '/home/aiv/YongJun_ws/ros2_ws/build/zed_ros2': AMENT_PREFIX_PATH=/home/aiv/YongJun_ws/ros2_ws/install/zed_wrapper:/home/aiv/YongJun_ws/ros2_ws/install/zed_components:/home/aiv/YongJun_ws/ros2_ws/install/zed_interfaces:${AMENT_PREFIX_PATH} CMAKE_PREFIX_PATH=/home/aiv/YongJun_ws/ros2_ws/install/zed_wrapper:/home/aiv/YongJun_ws/ros2_ws/install/zed_components:/home/aiv/YongJun_ws/ros2_ws/install/zed_interfaces:/opt/ros/foxy LD_LIBRARY_PATH=/home/aiv/YongJun_ws/ros2_ws/install/zed_components/lib:/home/aiv/YongJun_ws/ros2_ws/install/zed_interfaces/lib:/opt/ros/foxy/opt/yaml_cpp_vendor/lib:/opt/ros/foxy/opt/rviz_ogre_vendor/lib:/opt/ros/foxy/lib/x86_64-linux-gnu:/opt/ros/foxy/lib:/usr/local/cuda/lib64 PYTHONPATH=/home/aiv/YongJun_ws/ros2_ws/install/zed_interfaces/lib/python3.8/site-packages:${PYTHONPATH} /usr/bin/cmake --build /home/aiv/YongJun_ws/ros2_ws/build/zed_ros2 -- -j32 -l32
[0.055s] Invoked command in '/home/aiv/YongJun_ws/ros2_ws/build/zed_ros2' returned '0': AMENT_PREFIX_PATH=/home/aiv/YongJun_ws/ros2_ws/install/zed_wrapper:/home/aiv/YongJun_ws/ros2_ws/install/zed_components:/home/aiv/YongJun_ws/ros2_ws/install/zed_interfaces:${AMENT_PREFIX_PATH} CMAKE_PREFIX_PATH=/home/aiv/YongJun_ws/ros2_ws/install/zed_wrapper:/home/aiv/YongJun_ws/ros2_ws/install/zed_components:/home/aiv/YongJun_ws/ros2_ws/install/zed_interfaces:/opt/ros/foxy LD_LIBRARY_PATH=/home/aiv/YongJun_ws/ros2_ws/install/zed_components/lib:/home/aiv/YongJun_ws/ros2_ws/install/zed_interfaces/lib:/opt/ros/foxy/opt/yaml_cpp_vendor/lib:/opt/ros/foxy/opt/rviz_ogre_vendor/lib:/opt/ros/foxy/lib/x86_64-linux-gnu:/opt/ros/foxy/lib:/usr/local/cuda/lib64 PYTHONPATH=/home/aiv/YongJun_ws/ros2_ws/install/zed_interfaces/lib/python3.8/site-packages:${PYTHONPATH} /usr/bin/cmake --build /home/aiv/YongJun_ws/ros2_ws/build/zed_ros2 -- -j32 -l32
[0.078s] Invoking command in '/home/aiv/YongJun_ws/ros2_ws/build/zed_ros2': AMENT_PREFIX_PATH=/home/aiv/YongJun_ws/ros2_ws/install/zed_wrapper:/home/aiv/YongJun_ws/ros2_ws/install/zed_components:/home/aiv/YongJun_ws/ros2_ws/install/zed_interfaces:${AMENT_PREFIX_PATH} CMAKE_PREFIX_PATH=/home/aiv/YongJun_ws/ros2_ws/install/zed_wrapper:/home/aiv/YongJun_ws/ros2_ws/install/zed_components:/home/aiv/YongJun_ws/ros2_ws/install/zed_interfaces:/opt/ros/foxy LD_LIBRARY_PATH=/home/aiv/YongJun_ws/ros2_ws/install/zed_components/lib:/home/aiv/YongJun_ws/ros2_ws/install/zed_interfaces/lib:/opt/ros/foxy/opt/yaml_cpp_vendor/lib:/opt/ros/foxy/opt/rviz_ogre_vendor/lib:/opt/ros/foxy/lib/x86_64-linux-gnu:/opt/ros/foxy/lib:/usr/local/cuda/lib64 PYTHONPATH=/home/aiv/YongJun_ws/ros2_ws/install/zed_interfaces/lib/python3.8/site-packages:${PYTHONPATH} /usr/bin/cmake --install /home/aiv/YongJun_ws/ros2_ws/build/zed_ros2
[0.087s] -- Install configuration: ""
[0.087s] -- Up-to-date: /home/aiv/YongJun_ws/ros2_ws/install/zed_ros2/share/ament_index/resource_index/package_run_dependencies/zed_ros2
[0.088s] -- Up-to-date: /home/aiv/YongJun_ws/ros2_ws/install/zed_ros2/share/ament_index/resource_index/parent_prefix_path/zed_ros2
[0.088s] -- Up-to-date: /home/aiv/YongJun_ws/ros2_ws/install/zed_ros2/share/zed_ros2/environment/ament_prefix_path.sh
[0.088s] -- Up-to-date: /home/aiv/YongJun_ws/ros2_ws/install/zed_ros2/share/zed_ros2/environment/ament_prefix_path.dsv
[0.088s] -- Up-to-date: /home/aiv/YongJun_ws/ros2_ws/install/zed_ros2/share/zed_ros2/environment/path.sh
[0.088s] -- Up-to-date: /home/aiv/YongJun_ws/ros2_ws/install/zed_ros2/share/zed_ros2/environment/path.dsv
[0.088s] -- Up-to-date: /home/aiv/YongJun_ws/ros2_ws/install/zed_ros2/share/zed_ros2/local_setup.bash
[0.088s] -- Up-to-date: /home/aiv/YongJun_ws/ros2_ws/install/zed_ros2/share/zed_ros2/local_setup.sh
[0.088s] -- Up-to-date: /home/aiv/YongJun_ws/ros2_ws/install/zed_ros2/share/zed_ros2/local_setup.zsh
[0.088s] -- Up-to-date: /home/aiv/YongJun_ws/ros2_ws/install/zed_ros2/share/zed_ros2/local_setup.dsv
[0.088s] -- Installing: /home/aiv/YongJun_ws/ros2_ws/install/zed_ros2/share/zed_ros2/package.dsv
[0.088s] -- Up-to-date: /home/aiv/YongJun_ws/ros2_ws/install/zed_ros2/share/ament_index/resource_index/packages/zed_ros2
[0.088s] -- Up-to-date: /home/aiv/YongJun_ws/ros2_ws/install/zed_ros2/share/zed_ros2/cmake/zed_ros2Config.cmake
[0.088s] -- Up-to-date: /home/aiv/YongJun_ws/ros2_ws/install/zed_ros2/share/zed_ros2/cmake/zed_ros2Config-version.cmake
[0.088s] -- Up-to-date: /home/aiv/YongJun_ws/ros2_ws/install/zed_ros2/share/zed_ros2/package.xml
[0.103s] Invoked command in '/home/aiv/YongJun_ws/ros2_ws/build/zed_ros2' returned '0': AMENT_PREFIX_PATH=/home/aiv/YongJun_ws/ros2_ws/install/zed_wrapper:/home/aiv/YongJun_ws/ros2_ws/install/zed_components:/home/aiv/YongJun_ws/ros2_ws/install/zed_interfaces:${AMENT_PREFIX_PATH} CMAKE_PREFIX_PATH=/home/aiv/YongJun_ws/ros2_ws/install/zed_wrapper:/home/aiv/YongJun_ws/ros2_ws/install/zed_components:/home/aiv/YongJun_ws/ros2_ws/install/zed_interfaces:/opt/ros/foxy LD_LIBRARY_PATH=/home/aiv/YongJun_ws/ros2_ws/install/zed_components/lib:/home/aiv/YongJun_ws/ros2_ws/install/zed_interfaces/lib:/opt/ros/foxy/opt/yaml_cpp_vendor/lib:/opt/ros/foxy/opt/rviz_ogre_vendor/lib:/opt/ros/foxy/lib/x86_64-linux-gnu:/opt/ros/foxy/lib:/usr/local/cuda/lib64 PYTHONPATH=/home/aiv/YongJun_ws/ros2_ws/install/zed_interfaces/lib/python3.8/site-packages:${PYTHONPATH} /usr/bin/cmake --install /home/aiv/YongJun_ws/ros2_ws/build/zed_ros2
