[0.031s] Invoking command in '/home/aiv/YongJun_ws/ros2_ws/build/vision_msgs': CMAKE_PREFIX_PATH=${CMAKE_PREFIX_PATH}:/home/aiv/YongJun_ws/ros2_ws/install/yolov8_ros:/opt/ros/foxy /usr/bin/cmake --build /home/aiv/YongJun_ws/ros2_ws/build/vision_msgs -- -j32 -l32
[0.043s] /usr/bin/cmake -S/home/aiv/YongJun_ws/ros2_ws/src/vision_msgs -B/home/aiv/YongJun_ws/ros2_ws/build/vision_msgs --check-build-system CMakeFiles/Makefile.cmake 0
[0.053s] /usr/bin/cmake -E cmake_progress_start /home/aiv/YongJun_ws/ros2_ws/build/vision_msgs/CMakeFiles /home/aiv/YongJun_ws/ros2_ws/build/vision_msgs/CMakeFiles/progress.marks
[0.059s] /usr/bin/make -f CMakeFiles/Makefile2 all
[0.060s] make[1]: Entering directory '/home/aiv/YongJun_ws/ros2_ws/build/vision_msgs'
[0.060s] /usr/bin/make -f CMakeFiles/vision_msgs__cpp.dir/build.make CMakeFiles/vision_msgs__cpp.dir/depend
[0.061s] /usr/bin/make -f CMakeFiles/vision_msgs__rosidl_generator_c.dir/build.make CMakeFiles/vision_msgs__rosidl_generator_c.dir/depend
[0.062s] make[2]: Entering directory '/home/aiv/YongJun_ws/ros2_ws/build/vision_msgs'
[0.062s] cd /home/aiv/YongJun_ws/ros2_ws/build/vision_msgs && /usr/bin/cmake -E cmake_depends "Unix Makefiles" /home/aiv/YongJun_ws/ros2_ws/src/vision_msgs /home/aiv/YongJun_ws/ros2_ws/src/vision_msgs /home/aiv/YongJun_ws/ros2_ws/build/vision_msgs /home/aiv/YongJun_ws/ros2_ws/build/vision_msgs /home/aiv/YongJun_ws/ros2_ws/build/vision_msgs/CMakeFiles/vision_msgs__cpp.dir/DependInfo.cmake --color=
[0.064s] make[2]: Entering directory '/home/aiv/YongJun_ws/ros2_ws/build/vision_msgs'
[0.064s] cd /home/aiv/YongJun_ws/ros2_ws/build/vision_msgs && /usr/bin/cmake -E cmake_depends "Unix Makefiles" /home/aiv/YongJun_ws/ros2_ws/src/vision_msgs /home/aiv/YongJun_ws/ros2_ws/src/vision_msgs /home/aiv/YongJun_ws/ros2_ws/build/vision_msgs /home/aiv/YongJun_ws/ros2_ws/build/vision_msgs /home/aiv/YongJun_ws/ros2_ws/build/vision_msgs/CMakeFiles/vision_msgs__rosidl_generator_c.dir/DependInfo.cmake --color=
[0.073s] make[2]: Leaving directory '/home/aiv/YongJun_ws/ros2_ws/build/vision_msgs'
[0.073s] /usr/bin/make -f CMakeFiles/vision_msgs__cpp.dir/build.make CMakeFiles/vision_msgs__cpp.dir/build
[0.074s] make[2]: Entering directory '/home/aiv/YongJun_ws/ros2_ws/build/vision_msgs'
[0.074s] make[2]: Nothing to be done for 'CMakeFiles/vision_msgs__cpp.dir/build'.
[0.074s] make[2]: Leaving directory '/home/aiv/YongJun_ws/ros2_ws/build/vision_msgs'
[0.077s] make[2]: Leaving directory '/home/aiv/YongJun_ws/ros2_ws/build/vision_msgs'
[0.078s] /usr/bin/make -f CMakeFiles/vision_msgs__rosidl_generator_c.dir/build.make CMakeFiles/vision_msgs__rosidl_generator_c.dir/build
[0.082s] [  1%] Built target vision_msgs__cpp
[0.083s] make[2]: Entering directory '/home/aiv/YongJun_ws/ros2_ws/build/vision_msgs'
[0.084s] make[2]: Nothing to be done for 'CMakeFiles/vision_msgs__rosidl_generator_c.dir/build'.
[0.084s] make[2]: Leaving directory '/home/aiv/YongJun_ws/ros2_ws/build/vision_msgs'
[0.084s] /usr/bin/make -f CMakeFiles/vision_msgs__rosidl_typesupport_cpp.dir/build.make CMakeFiles/vision_msgs__rosidl_typesupport_cpp.dir/depend
[0.084s] /usr/bin/make -f CMakeFiles/vision_msgs__rosidl_typesupport_fastrtps_cpp.dir/build.make CMakeFiles/vision_msgs__rosidl_typesupport_fastrtps_cpp.dir/depend
[0.084s] /usr/bin/make -f CMakeFiles/vision_msgs__rosidl_typesupport_introspection_cpp.dir/build.make CMakeFiles/vision_msgs__rosidl_typesupport_introspection_cpp.dir/depend
[0.087s] make[2]: Entering directory '/home/aiv/YongJun_ws/ros2_ws/build/vision_msgs'
[0.087s] cd /home/aiv/YongJun_ws/ros2_ws/build/vision_msgs && /usr/bin/cmake -E cmake_depends "Unix Makefiles" /home/aiv/YongJun_ws/ros2_ws/src/vision_msgs /home/aiv/YongJun_ws/ros2_ws/src/vision_msgs /home/aiv/YongJun_ws/ros2_ws/build/vision_msgs /home/aiv/YongJun_ws/ros2_ws/build/vision_msgs /home/aiv/YongJun_ws/ros2_ws/build/vision_msgs/CMakeFiles/vision_msgs__rosidl_typesupport_cpp.dir/DependInfo.cmake --color=
[0.087s] make[2]: Entering directory '/home/aiv/YongJun_ws/ros2_ws/build/vision_msgs'
[0.087s] cd /home/aiv/YongJun_ws/ros2_ws/build/vision_msgs && /usr/bin/cmake -E cmake_depends "Unix Makefiles" /home/aiv/YongJun_ws/ros2_ws/src/vision_msgs /home/aiv/YongJun_ws/ros2_ws/src/vision_msgs /home/aiv/YongJun_ws/ros2_ws/build/vision_msgs /home/aiv/YongJun_ws/ros2_ws/build/vision_msgs /home/aiv/YongJun_ws/ros2_ws/build/vision_msgs/CMakeFiles/vision_msgs__rosidl_typesupport_introspection_cpp.dir/DependInfo.cmake --color=
[0.088s] make[2]: Entering directory '/home/aiv/YongJun_ws/ros2_ws/build/vision_msgs'
[0.088s] cd /home/aiv/YongJun_ws/ros2_ws/build/vision_msgs && /usr/bin/cmake -E cmake_depends "Unix Makefiles" /home/aiv/YongJun_ws/ros2_ws/src/vision_msgs /home/aiv/YongJun_ws/ros2_ws/src/vision_msgs /home/aiv/YongJun_ws/ros2_ws/build/vision_msgs /home/aiv/YongJun_ws/ros2_ws/build/vision_msgs /home/aiv/YongJun_ws/ros2_ws/build/vision_msgs/CMakeFiles/vision_msgs__rosidl_typesupport_fastrtps_cpp.dir/DependInfo.cmake --color=
[0.091s] [ 12%] Built target vision_msgs__rosidl_generator_c
[0.092s] /usr/bin/make -f CMakeFiles/vision_msgs__rosidl_typesupport_introspection_c.dir/build.make CMakeFiles/vision_msgs__rosidl_typesupport_introspection_c.dir/depend
[0.092s] /usr/bin/make -f CMakeFiles/vision_msgs__rosidl_typesupport_c.dir/build.make CMakeFiles/vision_msgs__rosidl_typesupport_c.dir/depend
[0.095s] make[2]: Entering directory '/home/aiv/YongJun_ws/ros2_ws/build/vision_msgs'
[0.095s] cd /home/aiv/YongJun_ws/ros2_ws/build/vision_msgs && /usr/bin/cmake -E cmake_depends "Unix Makefiles" /home/aiv/YongJun_ws/ros2_ws/src/vision_msgs /home/aiv/YongJun_ws/ros2_ws/src/vision_msgs /home/aiv/YongJun_ws/ros2_ws/build/vision_msgs /home/aiv/YongJun_ws/ros2_ws/build/vision_msgs /home/aiv/YongJun_ws/ros2_ws/build/vision_msgs/CMakeFiles/vision_msgs__rosidl_typesupport_c.dir/DependInfo.cmake --color=
[0.096s] make[2]: Entering directory '/home/aiv/YongJun_ws/ros2_ws/build/vision_msgs'
[0.096s] cd /home/aiv/YongJun_ws/ros2_ws/build/vision_msgs && /usr/bin/cmake -E cmake_depends "Unix Makefiles" /home/aiv/YongJun_ws/ros2_ws/src/vision_msgs /home/aiv/YongJun_ws/ros2_ws/src/vision_msgs /home/aiv/YongJun_ws/ros2_ws/build/vision_msgs /home/aiv/YongJun_ws/ros2_ws/build/vision_msgs /home/aiv/YongJun_ws/ros2_ws/build/vision_msgs/CMakeFiles/vision_msgs__rosidl_typesupport_introspection_c.dir/DependInfo.cmake --color=
[0.096s] make[2]: Leaving directory '/home/aiv/YongJun_ws/ros2_ws/build/vision_msgs'
[0.096s] /usr/bin/make -f CMakeFiles/vision_msgs__rosidl_typesupport_cpp.dir/build.make CMakeFiles/vision_msgs__rosidl_typesupport_cpp.dir/build
[0.100s] make[2]: Entering directory '/home/aiv/YongJun_ws/ros2_ws/build/vision_msgs'
[0.100s] make[2]: Nothing to be done for 'CMakeFiles/vision_msgs__rosidl_typesupport_cpp.dir/build'.
[0.100s] make[2]: Leaving directory '/home/aiv/YongJun_ws/ros2_ws/build/vision_msgs'
[0.101s] make[2]: Leaving directory '/home/aiv/YongJun_ws/ros2_ws/build/vision_msgs'
[0.101s] /usr/bin/make -f CMakeFiles/vision_msgs__rosidl_typesupport_introspection_cpp.dir/build.make CMakeFiles/vision_msgs__rosidl_typesupport_introspection_cpp.dir/build
[0.102s] make[2]: Leaving directory '/home/aiv/YongJun_ws/ros2_ws/build/vision_msgs'
[0.103s] /usr/bin/make -f CMakeFiles/vision_msgs__rosidl_typesupport_fastrtps_cpp.dir/build.make CMakeFiles/vision_msgs__rosidl_typesupport_fastrtps_cpp.dir/build
[0.108s] make[2]: Entering directory '/home/aiv/YongJun_ws/ros2_ws/build/vision_msgs'
[0.109s] make[2]: Nothing to be done for 'CMakeFiles/vision_msgs__rosidl_typesupport_introspection_cpp.dir/build'.
[0.109s] make[2]: Leaving directory '/home/aiv/YongJun_ws/ros2_ws/build/vision_msgs'
[0.110s] make[2]: Leaving directory '/home/aiv/YongJun_ws/ros2_ws/build/vision_msgs'
[0.110s] /usr/bin/make -f CMakeFiles/vision_msgs__rosidl_typesupport_c.dir/build.make CMakeFiles/vision_msgs__rosidl_typesupport_c.dir/build
[0.111s] make[2]: Entering directory '/home/aiv/YongJun_ws/ros2_ws/build/vision_msgs'
[0.111s] make[2]: Nothing to be done for 'CMakeFiles/vision_msgs__rosidl_typesupport_fastrtps_cpp.dir/build'.
[0.111s] make[2]: Leaving directory '/home/aiv/YongJun_ws/ros2_ws/build/vision_msgs'
[0.114s] [ 23%] Built target vision_msgs__rosidl_typesupport_cpp
[0.115s] make[2]: Leaving directory '/home/aiv/YongJun_ws/ros2_ws/build/vision_msgs'
[0.116s] /usr/bin/make -f CMakeFiles/vision_msgs__rosidl_typesupport_introspection_c.dir/build.make CMakeFiles/vision_msgs__rosidl_typesupport_introspection_c.dir/build
[0.117s] make[2]: Entering directory '/home/aiv/YongJun_ws/ros2_ws/build/vision_msgs'
[0.117s] make[2]: Nothing to be done for 'CMakeFiles/vision_msgs__rosidl_typesupport_c.dir/build'.
[0.117s] make[2]: Leaving directory '/home/aiv/YongJun_ws/ros2_ws/build/vision_msgs'
[0.119s] [ 34%] Built target vision_msgs__rosidl_typesupport_introspection_cpp
[0.124s] [ 46%] Built target vision_msgs__rosidl_typesupport_fastrtps_cpp
[0.124s] make[2]: Entering directory '/home/aiv/YongJun_ws/ros2_ws/build/vision_msgs'
[0.125s] make[2]: Nothing to be done for 'CMakeFiles/vision_msgs__rosidl_typesupport_introspection_c.dir/build'.
[0.125s] make[2]: Leaving directory '/home/aiv/YongJun_ws/ros2_ws/build/vision_msgs'
[0.125s] /usr/bin/make -f CMakeFiles/vision_msgs__rosidl_typesupport_fastrtps_c.dir/build.make CMakeFiles/vision_msgs__rosidl_typesupport_fastrtps_c.dir/depend
[0.126s] [ 57%] Built target vision_msgs__rosidl_typesupport_c
[0.126s] make[2]: Entering directory '/home/aiv/YongJun_ws/ros2_ws/build/vision_msgs'
[0.126s] cd /home/aiv/YongJun_ws/ros2_ws/build/vision_msgs && /usr/bin/cmake -E cmake_depends "Unix Makefiles" /home/aiv/YongJun_ws/ros2_ws/src/vision_msgs /home/aiv/YongJun_ws/ros2_ws/src/vision_msgs /home/aiv/YongJun_ws/ros2_ws/build/vision_msgs /home/aiv/YongJun_ws/ros2_ws/build/vision_msgs /home/aiv/YongJun_ws/ros2_ws/build/vision_msgs/CMakeFiles/vision_msgs__rosidl_typesupport_fastrtps_c.dir/DependInfo.cmake --color=
[0.127s] [ 68%] Built target vision_msgs__rosidl_typesupport_introspection_c
[0.132s] make[2]: Leaving directory '/home/aiv/YongJun_ws/ros2_ws/build/vision_msgs'
[0.133s] /usr/bin/make -f CMakeFiles/vision_msgs__rosidl_typesupport_fastrtps_c.dir/build.make CMakeFiles/vision_msgs__rosidl_typesupport_fastrtps_c.dir/build
[0.139s] make[2]: Entering directory '/home/aiv/YongJun_ws/ros2_ws/build/vision_msgs'
[0.140s] make[2]: Nothing to be done for 'CMakeFiles/vision_msgs__rosidl_typesupport_fastrtps_c.dir/build'.
[0.140s] make[2]: Leaving directory '/home/aiv/YongJun_ws/ros2_ws/build/vision_msgs'
[0.148s] [ 79%] Built target vision_msgs__rosidl_typesupport_fastrtps_c
[0.148s] /usr/bin/make -f CMakeFiles/vision_msgs.dir/build.make CMakeFiles/vision_msgs.dir/depend
[0.149s] make[2]: Entering directory '/home/aiv/YongJun_ws/ros2_ws/build/vision_msgs'
[0.149s] cd /home/aiv/YongJun_ws/ros2_ws/build/vision_msgs && /usr/bin/cmake -E cmake_depends "Unix Makefiles" /home/aiv/YongJun_ws/ros2_ws/src/vision_msgs /home/aiv/YongJun_ws/ros2_ws/src/vision_msgs /home/aiv/YongJun_ws/ros2_ws/build/vision_msgs /home/aiv/YongJun_ws/ros2_ws/build/vision_msgs /home/aiv/YongJun_ws/ros2_ws/build/vision_msgs/CMakeFiles/vision_msgs.dir/DependInfo.cmake --color=
[0.153s] make[2]: Leaving directory '/home/aiv/YongJun_ws/ros2_ws/build/vision_msgs'
[0.154s] /usr/bin/make -f CMakeFiles/vision_msgs.dir/build.make CMakeFiles/vision_msgs.dir/build
[0.156s] make[2]: Entering directory '/home/aiv/YongJun_ws/ros2_ws/build/vision_msgs'
[0.156s] make[2]: Nothing to be done for 'CMakeFiles/vision_msgs.dir/build'.
[0.156s] make[2]: Leaving directory '/home/aiv/YongJun_ws/ros2_ws/build/vision_msgs'
[0.161s] [ 79%] Built target vision_msgs
[0.162s] /usr/bin/make -f vision_msgs__py/CMakeFiles/vision_msgs__py.dir/build.make vision_msgs__py/CMakeFiles/vision_msgs__py.dir/depend
[0.170s] make[2]: Entering directory '/home/aiv/YongJun_ws/ros2_ws/build/vision_msgs'
[0.171s] cd /home/aiv/YongJun_ws/ros2_ws/build/vision_msgs && /usr/bin/cmake -E cmake_depends "Unix Makefiles" /home/aiv/YongJun_ws/ros2_ws/src/vision_msgs /home/aiv/YongJun_ws/ros2_ws/build/vision_msgs/vision_msgs__py /home/aiv/YongJun_ws/ros2_ws/build/vision_msgs /home/aiv/YongJun_ws/ros2_ws/build/vision_msgs/vision_msgs__py /home/aiv/YongJun_ws/ros2_ws/build/vision_msgs/vision_msgs__py/CMakeFiles/vision_msgs__py.dir/DependInfo.cmake --color=
[0.176s] make[2]: Leaving directory '/home/aiv/YongJun_ws/ros2_ws/build/vision_msgs'
[0.176s] /usr/bin/make -f vision_msgs__py/CMakeFiles/vision_msgs__py.dir/build.make vision_msgs__py/CMakeFiles/vision_msgs__py.dir/build
[0.176s] make[2]: Entering directory '/home/aiv/YongJun_ws/ros2_ws/build/vision_msgs'
[0.176s] make[2]: Nothing to be done for 'vision_msgs__py/CMakeFiles/vision_msgs__py.dir/build'.
[0.176s] make[2]: Leaving directory '/home/aiv/YongJun_ws/ros2_ws/build/vision_msgs'
[0.179s] [ 80%] Built target vision_msgs__py
[0.180s] /usr/bin/make -f CMakeFiles/vision_msgs__python.dir/build.make CMakeFiles/vision_msgs__python.dir/depend
[0.183s] make[2]: Entering directory '/home/aiv/YongJun_ws/ros2_ws/build/vision_msgs'
[0.183s] cd /home/aiv/YongJun_ws/ros2_ws/build/vision_msgs && /usr/bin/cmake -E cmake_depends "Unix Makefiles" /home/aiv/YongJun_ws/ros2_ws/src/vision_msgs /home/aiv/YongJun_ws/ros2_ws/src/vision_msgs /home/aiv/YongJun_ws/ros2_ws/build/vision_msgs /home/aiv/YongJun_ws/ros2_ws/build/vision_msgs /home/aiv/YongJun_ws/ros2_ws/build/vision_msgs/CMakeFiles/vision_msgs__python.dir/DependInfo.cmake --color=
[0.190s] make[2]: Leaving directory '/home/aiv/YongJun_ws/ros2_ws/build/vision_msgs'
[0.190s] /usr/bin/make -f CMakeFiles/vision_msgs__python.dir/build.make CMakeFiles/vision_msgs__python.dir/build
[0.196s] make[2]: Entering directory '/home/aiv/YongJun_ws/ros2_ws/build/vision_msgs'
[0.196s] make[2]: Nothing to be done for 'CMakeFiles/vision_msgs__python.dir/build'.
[0.196s] make[2]: Leaving directory '/home/aiv/YongJun_ws/ros2_ws/build/vision_msgs'
[0.204s] [ 90%] Built target vision_msgs__python
[0.204s] /usr/bin/make -f CMakeFiles/vision_msgs__rosidl_typesupport_c__pyext.dir/build.make CMakeFiles/vision_msgs__rosidl_typesupport_c__pyext.dir/depend
[0.205s] /usr/bin/make -f CMakeFiles/vision_msgs__rosidl_typesupport_fastrtps_c__pyext.dir/build.make CMakeFiles/vision_msgs__rosidl_typesupport_fastrtps_c__pyext.dir/depend
[0.208s] /usr/bin/make -f CMakeFiles/vision_msgs__rosidl_typesupport_introspection_c__pyext.dir/build.make CMakeFiles/vision_msgs__rosidl_typesupport_introspection_c__pyext.dir/depend
[0.210s] make[2]: Entering directory '/home/aiv/YongJun_ws/ros2_ws/build/vision_msgs'
[0.210s] cd /home/aiv/YongJun_ws/ros2_ws/build/vision_msgs && /usr/bin/cmake -E cmake_depends "Unix Makefiles" /home/aiv/YongJun_ws/ros2_ws/src/vision_msgs /home/aiv/YongJun_ws/ros2_ws/src/vision_msgs /home/aiv/YongJun_ws/ros2_ws/build/vision_msgs /home/aiv/YongJun_ws/ros2_ws/build/vision_msgs /home/aiv/YongJun_ws/ros2_ws/build/vision_msgs/CMakeFiles/vision_msgs__rosidl_typesupport_c__pyext.dir/DependInfo.cmake --color=
[0.213s] make[2]: Entering directory '/home/aiv/YongJun_ws/ros2_ws/build/vision_msgs'
[0.213s] cd /home/aiv/YongJun_ws/ros2_ws/build/vision_msgs && /usr/bin/cmake -E cmake_depends "Unix Makefiles" /home/aiv/YongJun_ws/ros2_ws/src/vision_msgs /home/aiv/YongJun_ws/ros2_ws/src/vision_msgs /home/aiv/YongJun_ws/ros2_ws/build/vision_msgs /home/aiv/YongJun_ws/ros2_ws/build/vision_msgs /home/aiv/YongJun_ws/ros2_ws/build/vision_msgs/CMakeFiles/vision_msgs__rosidl_typesupport_fastrtps_c__pyext.dir/DependInfo.cmake --color=
[0.213s] make[2]: Entering directory '/home/aiv/YongJun_ws/ros2_ws/build/vision_msgs'
[0.213s] cd /home/aiv/YongJun_ws/ros2_ws/build/vision_msgs && /usr/bin/cmake -E cmake_depends "Unix Makefiles" /home/aiv/YongJun_ws/ros2_ws/src/vision_msgs /home/aiv/YongJun_ws/ros2_ws/src/vision_msgs /home/aiv/YongJun_ws/ros2_ws/build/vision_msgs /home/aiv/YongJun_ws/ros2_ws/build/vision_msgs /home/aiv/YongJun_ws/ros2_ws/build/vision_msgs/CMakeFiles/vision_msgs__rosidl_typesupport_introspection_c__pyext.dir/DependInfo.cmake --color=
[0.223s] make[2]: Leaving directory '/home/aiv/YongJun_ws/ros2_ws/build/vision_msgs'
[0.223s] /usr/bin/make -f CMakeFiles/vision_msgs__rosidl_typesupport_c__pyext.dir/build.make CMakeFiles/vision_msgs__rosidl_typesupport_c__pyext.dir/build
[0.223s] make[2]: Leaving directory '/home/aiv/YongJun_ws/ros2_ws/build/vision_msgs'
[0.223s] /usr/bin/make -f CMakeFiles/vision_msgs__rosidl_typesupport_fastrtps_c__pyext.dir/build.make CMakeFiles/vision_msgs__rosidl_typesupport_fastrtps_c__pyext.dir/build
[0.223s] make[2]: Leaving directory '/home/aiv/YongJun_ws/ros2_ws/build/vision_msgs'
[0.223s] /usr/bin/make -f CMakeFiles/vision_msgs__rosidl_typesupport_introspection_c__pyext.dir/build.make CMakeFiles/vision_msgs__rosidl_typesupport_introspection_c__pyext.dir/build
[0.223s] make[2]: Entering directory '/home/aiv/YongJun_ws/ros2_ws/build/vision_msgs'
[0.223s] make[2]: Nothing to be done for 'CMakeFiles/vision_msgs__rosidl_typesupport_c__pyext.dir/build'.
[0.223s] make[2]: Leaving directory '/home/aiv/YongJun_ws/ros2_ws/build/vision_msgs'
[0.223s] make[2]: Entering directory '/home/aiv/YongJun_ws/ros2_ws/build/vision_msgs'
[0.223s] make[2]: Nothing to be done for 'CMakeFiles/vision_msgs__rosidl_typesupport_fastrtps_c__pyext.dir/build'.
[0.224s] make[2]: Leaving directory '/home/aiv/YongJun_ws/ros2_ws/build/vision_msgs'
[0.224s] make[2]: Entering directory '/home/aiv/YongJun_ws/ros2_ws/build/vision_msgs'
[0.224s] make[2]: Nothing to be done for 'CMakeFiles/vision_msgs__rosidl_typesupport_introspection_c__pyext.dir/build'.
[0.224s] make[2]: Leaving directory '/home/aiv/YongJun_ws/ros2_ws/build/vision_msgs'
[0.225s] [ 93%] Built target vision_msgs__rosidl_typesupport_c__pyext
[0.227s] [ 96%] Built target vision_msgs__rosidl_typesupport_fastrtps_c__pyext
[0.227s] [100%] Built target vision_msgs__rosidl_typesupport_introspection_c__pyext
[0.228s] make[1]: Leaving directory '/home/aiv/YongJun_ws/ros2_ws/build/vision_msgs'
[0.228s] /usr/bin/cmake -E cmake_progress_start /home/aiv/YongJun_ws/ros2_ws/build/vision_msgs/CMakeFiles 0
[0.258s] Invoked command in '/home/aiv/YongJun_ws/ros2_ws/build/vision_msgs' returned '0': CMAKE_PREFIX_PATH=${CMAKE_PREFIX_PATH}:/home/aiv/YongJun_ws/ros2_ws/install/yolov8_ros:/opt/ros/foxy /usr/bin/cmake --build /home/aiv/YongJun_ws/ros2_ws/build/vision_msgs -- -j32 -l32
[0.336s] Invoking command in '/home/aiv/YongJun_ws/ros2_ws/build/vision_msgs': CMAKE_PREFIX_PATH=${CMAKE_PREFIX_PATH}:/home/aiv/YongJun_ws/ros2_ws/install/yolov8_ros:/opt/ros/foxy /usr/bin/cmake --install /home/aiv/YongJun_ws/ros2_ws/build/vision_msgs
[0.343s] -- Install configuration: "Release"
[0.343s] -- Up-to-date: /home/aiv/YongJun_ws/ros2_ws/install/vision_msgs/share/ament_index/resource_index/rosidl_interfaces/vision_msgs
[0.344s] -- Up-to-date: /home/aiv/YongJun_ws/ros2_ws/install/vision_msgs/include/vision_msgs
[0.344s] -- Up-to-date: /home/aiv/YongJun_ws/ros2_ws/install/vision_msgs/include/vision_msgs/msg
[0.344s] -- Up-to-date: /home/aiv/YongJun_ws/ros2_ws/install/vision_msgs/include/vision_msgs/msg/detection3_d.h
[0.344s] -- Up-to-date: /home/aiv/YongJun_ws/ros2_ws/install/vision_msgs/include/vision_msgs/msg/object_hypothesis.h
[0.344s] -- Up-to-date: /home/aiv/YongJun_ws/ros2_ws/install/vision_msgs/include/vision_msgs/msg/rosidl_generator_c__visibility_control.h
[0.345s] -- Up-to-date: /home/aiv/YongJun_ws/ros2_ws/install/vision_msgs/include/vision_msgs/msg/object_hypothesis_with_pose.h
[0.345s] -- Up-to-date: /home/aiv/YongJun_ws/ros2_ws/install/vision_msgs/include/vision_msgs/msg/detail
[0.345s] -- Up-to-date: /home/aiv/YongJun_ws/ros2_ws/install/vision_msgs/include/vision_msgs/msg/detail/object_hypothesis_with_pose__type_support.h
[0.345s] -- Up-to-date: /home/aiv/YongJun_ws/ros2_ws/install/vision_msgs/include/vision_msgs/msg/detail/detection3_d_array__functions.c
[0.345s] -- Up-to-date: /home/aiv/YongJun_ws/ros2_ws/install/vision_msgs/include/vision_msgs/msg/detail/object_hypothesis__functions.h
[0.345s] -- Up-to-date: /home/aiv/YongJun_ws/ros2_ws/install/vision_msgs/include/vision_msgs/msg/detail/object_hypothesis__functions.c
[0.345s] -- Up-to-date: /home/aiv/YongJun_ws/ros2_ws/install/vision_msgs/include/vision_msgs/msg/detail/bounding_box3_d__struct.h
[0.345s] -- Up-to-date: /home/aiv/YongJun_ws/ros2_ws/install/vision_msgs/include/vision_msgs/msg/detail/bounding_box3_d__functions.c
[0.345s] -- Up-to-date: /home/aiv/YongJun_ws/ros2_ws/install/vision_msgs/include/vision_msgs/msg/detail/detection3_d__struct.h
[0.345s] -- Up-to-date: /home/aiv/YongJun_ws/ros2_ws/install/vision_msgs/include/vision_msgs/msg/detail/object_hypothesis_with_pose__struct.h
[0.345s] -- Up-to-date: /home/aiv/YongJun_ws/ros2_ws/install/vision_msgs/include/vision_msgs/msg/detail/detection3_d__functions.c
[0.346s] -- Up-to-date: /home/aiv/YongJun_ws/ros2_ws/install/vision_msgs/include/vision_msgs/msg/detail/detection3_d__functions.h
[0.346s] -- Up-to-date: /home/aiv/YongJun_ws/ros2_ws/install/vision_msgs/include/vision_msgs/msg/detail/object_hypothesis__type_support.h
[0.346s] -- Up-to-date: /home/aiv/YongJun_ws/ros2_ws/install/vision_msgs/include/vision_msgs/msg/detail/bounding_box3_d__type_support.h
[0.346s] -- Up-to-date: /home/aiv/YongJun_ws/ros2_ws/install/vision_msgs/include/vision_msgs/msg/detail/object_hypothesis_with_pose__functions.c
[0.346s] -- Up-to-date: /home/aiv/YongJun_ws/ros2_ws/install/vision_msgs/include/vision_msgs/msg/detail/detection3_d_array__struct.h
[0.346s] -- Up-to-date: /home/aiv/YongJun_ws/ros2_ws/install/vision_msgs/include/vision_msgs/msg/detail/object_hypothesis_with_pose__functions.h
[0.346s] -- Up-to-date: /home/aiv/YongJun_ws/ros2_ws/install/vision_msgs/include/vision_msgs/msg/detail/detection3_d_array__type_support.h
[0.346s] -- Up-to-date: /home/aiv/YongJun_ws/ros2_ws/install/vision_msgs/include/vision_msgs/msg/detail/object_hypothesis__struct.h
[0.346s] -- Up-to-date: /home/aiv/YongJun_ws/ros2_ws/install/vision_msgs/include/vision_msgs/msg/detail/detection3_d__type_support.h
[0.346s] -- Up-to-date: /home/aiv/YongJun_ws/ros2_ws/install/vision_msgs/include/vision_msgs/msg/detail/bounding_box3_d__functions.h
[0.346s] -- Up-to-date: /home/aiv/YongJun_ws/ros2_ws/install/vision_msgs/include/vision_msgs/msg/detail/detection3_d_array__functions.h
[0.346s] -- Up-to-date: /home/aiv/YongJun_ws/ros2_ws/install/vision_msgs/include/vision_msgs/msg/bounding_box3_d.h
[0.347s] -- Up-to-date: /home/aiv/YongJun_ws/ros2_ws/install/vision_msgs/include/vision_msgs/msg/detection3_d_array.h
[0.347s] -- Up-to-date: /home/aiv/YongJun_ws/ros2_ws/install/vision_msgs/share/vision_msgs/environment/library_path.sh
[0.347s] -- Up-to-date: /home/aiv/YongJun_ws/ros2_ws/install/vision_msgs/share/vision_msgs/environment/library_path.dsv
[0.347s] -- Up-to-date: /home/aiv/YongJun_ws/ros2_ws/install/vision_msgs/lib/libvision_msgs__rosidl_generator_c.so
[0.347s] -- Up-to-date: /home/aiv/YongJun_ws/ros2_ws/install/vision_msgs/include/vision_msgs
[0.347s] -- Up-to-date: /home/aiv/YongJun_ws/ros2_ws/install/vision_msgs/include/vision_msgs/msg
[0.347s] -- Up-to-date: /home/aiv/YongJun_ws/ros2_ws/install/vision_msgs/include/vision_msgs/msg/rosidl_typesupport_fastrtps_c__visibility_control.h
[0.347s] -- Up-to-date: /home/aiv/YongJun_ws/ros2_ws/install/vision_msgs/include/vision_msgs/msg/detail
[0.347s] -- Up-to-date: /home/aiv/YongJun_ws/ros2_ws/install/vision_msgs/include/vision_msgs/msg/detail/detection3_d_array__rosidl_typesupport_fastrtps_c.h
[0.347s] -- Up-to-date: /home/aiv/YongJun_ws/ros2_ws/install/vision_msgs/include/vision_msgs/msg/detail/detection3_d__rosidl_typesupport_fastrtps_c.h
[0.347s] -- Up-to-date: /home/aiv/YongJun_ws/ros2_ws/install/vision_msgs/include/vision_msgs/msg/detail/bounding_box3_d__rosidl_typesupport_fastrtps_c.h
[0.348s] -- Up-to-date: /home/aiv/YongJun_ws/ros2_ws/install/vision_msgs/include/vision_msgs/msg/detail/object_hypothesis_with_pose__rosidl_typesupport_fastrtps_c.h
[0.348s] -- Up-to-date: /home/aiv/YongJun_ws/ros2_ws/install/vision_msgs/include/vision_msgs/msg/detail/object_hypothesis__rosidl_typesupport_fastrtps_c.h
[0.348s] -- Up-to-date: /home/aiv/YongJun_ws/ros2_ws/install/vision_msgs/lib/libvision_msgs__rosidl_typesupport_fastrtps_c.so
[0.348s] -- Up-to-date: /home/aiv/YongJun_ws/ros2_ws/install/vision_msgs/include/vision_msgs
[0.348s] -- Up-to-date: /home/aiv/YongJun_ws/ros2_ws/install/vision_msgs/include/vision_msgs/msg
[0.348s] -- Up-to-date: /home/aiv/YongJun_ws/ros2_ws/install/vision_msgs/include/vision_msgs/msg/rosidl_typesupport_fastrtps_cpp__visibility_control.h
[0.348s] -- Up-to-date: /home/aiv/YongJun_ws/ros2_ws/install/vision_msgs/include/vision_msgs/msg/detail
[0.348s] -- Up-to-date: /home/aiv/YongJun_ws/ros2_ws/install/vision_msgs/include/vision_msgs/msg/detail/bounding_box3_d__rosidl_typesupport_fastrtps_cpp.hpp
[0.348s] -- Up-to-date: /home/aiv/YongJun_ws/ros2_ws/install/vision_msgs/include/vision_msgs/msg/detail/dds_fastrtps
[0.348s] -- Up-to-date: /home/aiv/YongJun_ws/ros2_ws/install/vision_msgs/include/vision_msgs/msg/detail/detection3_d_array__rosidl_typesupport_fastrtps_cpp.hpp
[0.348s] -- Up-to-date: /home/aiv/YongJun_ws/ros2_ws/install/vision_msgs/include/vision_msgs/msg/detail/object_hypothesis_with_pose__rosidl_typesupport_fastrtps_cpp.hpp
[0.349s] -- Up-to-date: /home/aiv/YongJun_ws/ros2_ws/install/vision_msgs/include/vision_msgs/msg/detail/object_hypothesis__rosidl_typesupport_fastrtps_cpp.hpp
[0.349s] -- Up-to-date: /home/aiv/YongJun_ws/ros2_ws/install/vision_msgs/include/vision_msgs/msg/detail/detection3_d__rosidl_typesupport_fastrtps_cpp.hpp
[0.349s] -- Up-to-date: /home/aiv/YongJun_ws/ros2_ws/install/vision_msgs/lib/libvision_msgs__rosidl_typesupport_fastrtps_cpp.so
[0.349s] -- Up-to-date: /home/aiv/YongJun_ws/ros2_ws/install/vision_msgs/include/vision_msgs
[0.349s] -- Up-to-date: /home/aiv/YongJun_ws/ros2_ws/install/vision_msgs/include/vision_msgs/msg
[0.349s] -- Up-to-date: /home/aiv/YongJun_ws/ros2_ws/install/vision_msgs/include/vision_msgs/msg/rosidl_typesupport_introspection_c__visibility_control.h
[0.349s] -- Up-to-date: /home/aiv/YongJun_ws/ros2_ws/install/vision_msgs/include/vision_msgs/msg/detail
[0.349s] -- Up-to-date: /home/aiv/YongJun_ws/ros2_ws/install/vision_msgs/include/vision_msgs/msg/detail/object_hypothesis__type_support.c
[0.349s] -- Up-to-date: /home/aiv/YongJun_ws/ros2_ws/install/vision_msgs/include/vision_msgs/msg/detail/detection3_d__type_support.c
[0.349s] -- Up-to-date: /home/aiv/YongJun_ws/ros2_ws/install/vision_msgs/include/vision_msgs/msg/detail/detection3_d__rosidl_typesupport_introspection_c.h
[0.349s] -- Up-to-date: /home/aiv/YongJun_ws/ros2_ws/install/vision_msgs/include/vision_msgs/msg/detail/object_hypothesis_with_pose__type_support.c
[0.349s] -- Up-to-date: /home/aiv/YongJun_ws/ros2_ws/install/vision_msgs/include/vision_msgs/msg/detail/object_hypothesis__rosidl_typesupport_introspection_c.h
[0.349s] -- Up-to-date: /home/aiv/YongJun_ws/ros2_ws/install/vision_msgs/include/vision_msgs/msg/detail/bounding_box3_d__type_support.c
[0.349s] -- Up-to-date: /home/aiv/YongJun_ws/ros2_ws/install/vision_msgs/include/vision_msgs/msg/detail/object_hypothesis_with_pose__rosidl_typesupport_introspection_c.h
[0.350s] -- Up-to-date: /home/aiv/YongJun_ws/ros2_ws/install/vision_msgs/include/vision_msgs/msg/detail/detection3_d_array__rosidl_typesupport_introspection_c.h
[0.350s] -- Up-to-date: /home/aiv/YongJun_ws/ros2_ws/install/vision_msgs/include/vision_msgs/msg/detail/detection3_d_array__type_support.c
[0.350s] -- Up-to-date: /home/aiv/YongJun_ws/ros2_ws/install/vision_msgs/include/vision_msgs/msg/detail/bounding_box3_d__rosidl_typesupport_introspection_c.h
[0.350s] -- Up-to-date: /home/aiv/YongJun_ws/ros2_ws/install/vision_msgs/lib/libvision_msgs__rosidl_typesupport_introspection_c.so
[0.350s] -- Up-to-date: /home/aiv/YongJun_ws/ros2_ws/install/vision_msgs/lib/libvision_msgs__rosidl_typesupport_c.so
[0.350s] -- Up-to-date: /home/aiv/YongJun_ws/ros2_ws/install/vision_msgs/include/vision_msgs
[0.350s] -- Up-to-date: /home/aiv/YongJun_ws/ros2_ws/install/vision_msgs/include/vision_msgs/msg
[0.350s] -- Up-to-date: /home/aiv/YongJun_ws/ros2_ws/install/vision_msgs/include/vision_msgs/msg/object_hypothesis.hpp
[0.350s] -- Up-to-date: /home/aiv/YongJun_ws/ros2_ws/install/vision_msgs/include/vision_msgs/msg/detection3_d_array.hpp
[0.350s] -- Up-to-date: /home/aiv/YongJun_ws/ros2_ws/install/vision_msgs/include/vision_msgs/msg/detection3_d.hpp
[0.350s] -- Up-to-date: /home/aiv/YongJun_ws/ros2_ws/install/vision_msgs/include/vision_msgs/msg/rosidl_generator_cpp__visibility_control.hpp
[0.350s] -- Up-to-date: /home/aiv/YongJun_ws/ros2_ws/install/vision_msgs/include/vision_msgs/msg/object_hypothesis_with_pose.hpp
[0.351s] -- Up-to-date: /home/aiv/YongJun_ws/ros2_ws/install/vision_msgs/include/vision_msgs/msg/detail
[0.351s] -- Up-to-date: /home/aiv/YongJun_ws/ros2_ws/install/vision_msgs/include/vision_msgs/msg/detail/bounding_box3_d__type_support.hpp
[0.351s] -- Up-to-date: /home/aiv/YongJun_ws/ros2_ws/install/vision_msgs/include/vision_msgs/msg/detail/bounding_box3_d__builder.hpp
[0.351s] -- Up-to-date: /home/aiv/YongJun_ws/ros2_ws/install/vision_msgs/include/vision_msgs/msg/detail/object_hypothesis_with_pose__type_support.hpp
[0.351s] -- Up-to-date: /home/aiv/YongJun_ws/ros2_ws/install/vision_msgs/include/vision_msgs/msg/detail/detection3_d__type_support.hpp
[0.351s] -- Up-to-date: /home/aiv/YongJun_ws/ros2_ws/install/vision_msgs/include/vision_msgs/msg/detail/detection3_d_array__traits.hpp
[0.351s] -- Up-to-date: /home/aiv/YongJun_ws/ros2_ws/install/vision_msgs/include/vision_msgs/msg/detail/object_hypothesis__type_support.hpp
[0.351s] -- Up-to-date: /home/aiv/YongJun_ws/ros2_ws/install/vision_msgs/include/vision_msgs/msg/detail/detection3_d__traits.hpp
[0.351s] -- Up-to-date: /home/aiv/YongJun_ws/ros2_ws/install/vision_msgs/include/vision_msgs/msg/detail/object_hypothesis__traits.hpp
[0.351s] -- Up-to-date: /home/aiv/YongJun_ws/ros2_ws/install/vision_msgs/include/vision_msgs/msg/detail/object_hypothesis__builder.hpp
[0.352s] -- Up-to-date: /home/aiv/YongJun_ws/ros2_ws/install/vision_msgs/include/vision_msgs/msg/detail/detection3_d_array__type_support.hpp
[0.352s] -- Up-to-date: /home/aiv/YongJun_ws/ros2_ws/install/vision_msgs/include/vision_msgs/msg/detail/object_hypothesis__struct.hpp
[0.352s] -- Up-to-date: /home/aiv/YongJun_ws/ros2_ws/install/vision_msgs/include/vision_msgs/msg/detail/detection3_d__struct.hpp
[0.352s] -- Up-to-date: /home/aiv/YongJun_ws/ros2_ws/install/vision_msgs/include/vision_msgs/msg/detail/object_hypothesis_with_pose__struct.hpp
[0.353s] -- Up-to-date: /home/aiv/YongJun_ws/ros2_ws/install/vision_msgs/include/vision_msgs/msg/detail/bounding_box3_d__traits.hpp
[0.354s] -- Up-to-date: /home/aiv/YongJun_ws/ros2_ws/install/vision_msgs/include/vision_msgs/msg/detail/detection3_d__builder.hpp
[0.354s] -- Up-to-date: /home/aiv/YongJun_ws/ros2_ws/install/vision_msgs/include/vision_msgs/msg/detail/bounding_box3_d__struct.hpp
[0.354s] -- Up-to-date: /home/aiv/YongJun_ws/ros2_ws/install/vision_msgs/include/vision_msgs/msg/detail/detection3_d_array__builder.hpp
[0.354s] -- Up-to-date: /home/aiv/YongJun_ws/ros2_ws/install/vision_msgs/include/vision_msgs/msg/detail/object_hypothesis_with_pose__traits.hpp
[0.355s] -- Up-to-date: /home/aiv/YongJun_ws/ros2_ws/install/vision_msgs/include/vision_msgs/msg/detail/object_hypothesis_with_pose__builder.hpp
[0.355s] -- Up-to-date: /home/aiv/YongJun_ws/ros2_ws/install/vision_msgs/include/vision_msgs/msg/detail/detection3_d_array__struct.hpp
[0.355s] -- Up-to-date: /home/aiv/YongJun_ws/ros2_ws/install/vision_msgs/include/vision_msgs/msg/bounding_box3_d.hpp
[0.355s] -- Up-to-date: /home/aiv/YongJun_ws/ros2_ws/install/vision_msgs/include/vision_msgs
[0.355s] -- Up-to-date: /home/aiv/YongJun_ws/ros2_ws/install/vision_msgs/include/vision_msgs/msg
[0.355s] -- Up-to-date: /home/aiv/YongJun_ws/ros2_ws/install/vision_msgs/include/vision_msgs/msg/detail
[0.355s] -- Up-to-date: /home/aiv/YongJun_ws/ros2_ws/install/vision_msgs/include/vision_msgs/msg/detail/object_hypothesis__type_support.cpp
[0.355s] -- Up-to-date: /home/aiv/YongJun_ws/ros2_ws/install/vision_msgs/include/vision_msgs/msg/detail/object_hypothesis__rosidl_typesupport_introspection_cpp.hpp
[0.355s] -- Up-to-date: /home/aiv/YongJun_ws/ros2_ws/install/vision_msgs/include/vision_msgs/msg/detail/detection3_d__rosidl_typesupport_introspection_cpp.hpp
[0.356s] -- Up-to-date: /home/aiv/YongJun_ws/ros2_ws/install/vision_msgs/include/vision_msgs/msg/detail/bounding_box3_d__rosidl_typesupport_introspection_cpp.hpp
[0.356s] -- Up-to-date: /home/aiv/YongJun_ws/ros2_ws/install/vision_msgs/include/vision_msgs/msg/detail/detection3_d_array__type_support.cpp
[0.356s] -- Up-to-date: /home/aiv/YongJun_ws/ros2_ws/install/vision_msgs/include/vision_msgs/msg/detail/detection3_d_array__rosidl_typesupport_introspection_cpp.hpp
[0.356s] -- Up-to-date: /home/aiv/YongJun_ws/ros2_ws/install/vision_msgs/include/vision_msgs/msg/detail/object_hypothesis_with_pose__type_support.cpp
[0.356s] -- Up-to-date: /home/aiv/YongJun_ws/ros2_ws/install/vision_msgs/include/vision_msgs/msg/detail/object_hypothesis_with_pose__rosidl_typesupport_introspection_cpp.hpp
[0.356s] -- Up-to-date: /home/aiv/YongJun_ws/ros2_ws/install/vision_msgs/include/vision_msgs/msg/detail/bounding_box3_d__type_support.cpp
[0.356s] -- Up-to-date: /home/aiv/YongJun_ws/ros2_ws/install/vision_msgs/include/vision_msgs/msg/detail/detection3_d__type_support.cpp
[0.356s] -- Up-to-date: /home/aiv/YongJun_ws/ros2_ws/install/vision_msgs/lib/libvision_msgs__rosidl_typesupport_introspection_cpp.so
[0.356s] -- Up-to-date: /home/aiv/YongJun_ws/ros2_ws/install/vision_msgs/lib/libvision_msgs__rosidl_typesupport_cpp.so
[0.356s] -- Up-to-date: /home/aiv/YongJun_ws/ros2_ws/install/vision_msgs/share/vision_msgs/environment/pythonpath.sh
[0.356s] -- Up-to-date: /home/aiv/YongJun_ws/ros2_ws/install/vision_msgs/share/vision_msgs/environment/pythonpath.dsv
[0.356s] -- Up-to-date: /home/aiv/YongJun_ws/ros2_ws/install/vision_msgs/lib/python3.8/site-packages/vision_msgs/__init__.py
[0.373s] -- Up-to-date: /home/aiv/YongJun_ws/ros2_ws/install/vision_msgs/lib/python3.8/site-packages/vision_msgs/msg
[0.373s] -- Up-to-date: /home/aiv/YongJun_ws/ros2_ws/install/vision_msgs/lib/python3.8/site-packages/vision_msgs/msg/_bounding_box3_d_s.c
[0.373s] -- Up-to-date: /home/aiv/YongJun_ws/ros2_ws/install/vision_msgs/lib/python3.8/site-packages/vision_msgs/msg/_detection3_d_array_s.c
[0.373s] -- Up-to-date: /home/aiv/YongJun_ws/ros2_ws/install/vision_msgs/lib/python3.8/site-packages/vision_msgs/msg/_object_hypothesis.py
[0.374s] -- Up-to-date: /home/aiv/YongJun_ws/ros2_ws/install/vision_msgs/lib/python3.8/site-packages/vision_msgs/msg/_object_hypothesis_with_pose_s.c
[0.374s] -- Up-to-date: /home/aiv/YongJun_ws/ros2_ws/install/vision_msgs/lib/python3.8/site-packages/vision_msgs/msg/_object_hypothesis_with_pose.py
[0.375s] -- Up-to-date: /home/aiv/YongJun_ws/ros2_ws/install/vision_msgs/lib/python3.8/site-packages/vision_msgs/msg/_object_hypothesis_s.c
[0.375s] -- Up-to-date: /home/aiv/YongJun_ws/ros2_ws/install/vision_msgs/lib/python3.8/site-packages/vision_msgs/msg/_detection3_d_array.py
[0.375s] -- Up-to-date: /home/aiv/YongJun_ws/ros2_ws/install/vision_msgs/lib/python3.8/site-packages/vision_msgs/msg/__init__.py
[0.375s] -- Up-to-date: /home/aiv/YongJun_ws/ros2_ws/install/vision_msgs/lib/python3.8/site-packages/vision_msgs/msg/_detection3_d_s.c
[0.375s] -- Up-to-date: /home/aiv/YongJun_ws/ros2_ws/install/vision_msgs/lib/python3.8/site-packages/vision_msgs/msg/_detection3_d.py
[0.375s] -- Up-to-date: /home/aiv/YongJun_ws/ros2_ws/install/vision_msgs/lib/python3.8/site-packages/vision_msgs/msg/_bounding_box3_d.py
[0.375s] -- Up-to-date: /home/aiv/YongJun_ws/ros2_ws/install/vision_msgs/lib/python3.8/site-packages/vision_msgs/vision_msgs_s__rosidl_typesupport_fastrtps_c.cpython-38-x86_64-linux-gnu.so
[0.375s] -- Up-to-date: /home/aiv/YongJun_ws/ros2_ws/install/vision_msgs/lib/python3.8/site-packages/vision_msgs/vision_msgs_s__rosidl_typesupport_introspection_c.cpython-38-x86_64-linux-gnu.so
[0.375s] -- Up-to-date: /home/aiv/YongJun_ws/ros2_ws/install/vision_msgs/lib/python3.8/site-packages/vision_msgs/vision_msgs_s__rosidl_typesupport_c.cpython-38-x86_64-linux-gnu.so
[0.375s] -- Up-to-date: /home/aiv/YongJun_ws/ros2_ws/install/vision_msgs/lib/libvision_msgs__python.so
[0.375s] -- Up-to-date: /home/aiv/YongJun_ws/ros2_ws/install/vision_msgs/share/vision_msgs/msg/BoundingBox3D.idl
[0.375s] -- Up-to-date: /home/aiv/YongJun_ws/ros2_ws/install/vision_msgs/share/vision_msgs/msg/Detection3D.idl
[0.375s] -- Up-to-date: /home/aiv/YongJun_ws/ros2_ws/install/vision_msgs/share/vision_msgs/msg/Detection3DArray.idl
[0.375s] -- Up-to-date: /home/aiv/YongJun_ws/ros2_ws/install/vision_msgs/share/vision_msgs/msg/ObjectHypothesis.idl
[0.375s] -- Up-to-date: /home/aiv/YongJun_ws/ros2_ws/install/vision_msgs/share/vision_msgs/msg/ObjectHypothesisWithPose.idl
[0.375s] -- Up-to-date: /home/aiv/YongJun_ws/ros2_ws/install/vision_msgs/share/vision_msgs/msg/BoundingBox3D.msg
[0.375s] -- Up-to-date: /home/aiv/YongJun_ws/ros2_ws/install/vision_msgs/share/vision_msgs/msg/Detection3D.msg
[0.375s] -- Up-to-date: /home/aiv/YongJun_ws/ros2_ws/install/vision_msgs/share/vision_msgs/msg/Detection3DArray.msg
[0.375s] -- Up-to-date: /home/aiv/YongJun_ws/ros2_ws/install/vision_msgs/share/vision_msgs/msg/ObjectHypothesis.msg
[0.376s] -- Up-to-date: /home/aiv/YongJun_ws/ros2_ws/install/vision_msgs/share/vision_msgs/msg/ObjectHypothesisWithPose.msg
[0.376s] -- Up-to-date: /home/aiv/YongJun_ws/ros2_ws/install/vision_msgs/share/ament_index/resource_index/package_run_dependencies/vision_msgs
[0.376s] -- Up-to-date: /home/aiv/YongJun_ws/ros2_ws/install/vision_msgs/share/ament_index/resource_index/parent_prefix_path/vision_msgs
[0.376s] -- Up-to-date: /home/aiv/YongJun_ws/ros2_ws/install/vision_msgs/share/vision_msgs/environment/ament_prefix_path.sh
[0.376s] -- Up-to-date: /home/aiv/YongJun_ws/ros2_ws/install/vision_msgs/share/vision_msgs/environment/ament_prefix_path.dsv
[0.376s] -- Up-to-date: /home/aiv/YongJun_ws/ros2_ws/install/vision_msgs/share/vision_msgs/environment/path.sh
[0.376s] -- Up-to-date: /home/aiv/YongJun_ws/ros2_ws/install/vision_msgs/share/vision_msgs/environment/path.dsv
[0.376s] -- Up-to-date: /home/aiv/YongJun_ws/ros2_ws/install/vision_msgs/share/vision_msgs/local_setup.bash
[0.376s] -- Up-to-date: /home/aiv/YongJun_ws/ros2_ws/install/vision_msgs/share/vision_msgs/local_setup.sh
[0.376s] -- Up-to-date: /home/aiv/YongJun_ws/ros2_ws/install/vision_msgs/share/vision_msgs/local_setup.zsh
[0.376s] -- Up-to-date: /home/aiv/YongJun_ws/ros2_ws/install/vision_msgs/share/vision_msgs/local_setup.dsv
[0.376s] -- Installing: /home/aiv/YongJun_ws/ros2_ws/install/vision_msgs/share/vision_msgs/package.dsv
[0.376s] -- Up-to-date: /home/aiv/YongJun_ws/ros2_ws/install/vision_msgs/share/ament_index/resource_index/packages/vision_msgs
[0.376s] -- Up-to-date: /home/aiv/YongJun_ws/ros2_ws/install/vision_msgs/share/vision_msgs/cmake/vision_msgs__rosidl_generator_cExport.cmake
[0.376s] -- Up-to-date: /home/aiv/YongJun_ws/ros2_ws/install/vision_msgs/share/vision_msgs/cmake/vision_msgs__rosidl_generator_cExport-release.cmake
[0.376s] -- Up-to-date: /home/aiv/YongJun_ws/ros2_ws/install/vision_msgs/share/vision_msgs/cmake/vision_msgs__rosidl_typesupport_introspection_cExport.cmake
[0.376s] -- Up-to-date: /home/aiv/YongJun_ws/ros2_ws/install/vision_msgs/share/vision_msgs/cmake/vision_msgs__rosidl_typesupport_introspection_cExport-release.cmake
[0.376s] -- Up-to-date: /home/aiv/YongJun_ws/ros2_ws/install/vision_msgs/share/vision_msgs/cmake/vision_msgs__rosidl_typesupport_cExport.cmake
[0.376s] -- Up-to-date: /home/aiv/YongJun_ws/ros2_ws/install/vision_msgs/share/vision_msgs/cmake/vision_msgs__rosidl_typesupport_cExport-release.cmake
[0.376s] -- Up-to-date: /home/aiv/YongJun_ws/ros2_ws/install/vision_msgs/share/vision_msgs/cmake/vision_msgs__rosidl_generator_cppExport.cmake
[0.376s] -- Up-to-date: /home/aiv/YongJun_ws/ros2_ws/install/vision_msgs/share/vision_msgs/cmake/vision_msgs__rosidl_typesupport_introspection_cppExport.cmake
[0.377s] -- Up-to-date: /home/aiv/YongJun_ws/ros2_ws/install/vision_msgs/share/vision_msgs/cmake/vision_msgs__rosidl_typesupport_introspection_cppExport-release.cmake
[0.377s] -- Up-to-date: /home/aiv/YongJun_ws/ros2_ws/install/vision_msgs/share/vision_msgs/cmake/vision_msgs__rosidl_typesupport_cppExport.cmake
[0.377s] -- Up-to-date: /home/aiv/YongJun_ws/ros2_ws/install/vision_msgs/share/vision_msgs/cmake/vision_msgs__rosidl_typesupport_cppExport-release.cmake
[0.377s] -- Up-to-date: /home/aiv/YongJun_ws/ros2_ws/install/vision_msgs/share/vision_msgs/cmake/rosidl_cmake-extras.cmake
[0.377s] -- Up-to-date: /home/aiv/YongJun_ws/ros2_ws/install/vision_msgs/share/vision_msgs/cmake/ament_cmake_export_dependencies-extras.cmake
[0.377s] -- Up-to-date: /home/aiv/YongJun_ws/ros2_ws/install/vision_msgs/share/vision_msgs/cmake/ament_cmake_export_libraries-extras.cmake
[0.377s] -- Up-to-date: /home/aiv/YongJun_ws/ros2_ws/install/vision_msgs/share/vision_msgs/cmake/ament_cmake_export_targets-extras.cmake
[0.377s] -- Up-to-date: /home/aiv/YongJun_ws/ros2_ws/install/vision_msgs/share/vision_msgs/cmake/ament_cmake_export_include_directories-extras.cmake
[0.377s] -- Up-to-date: /home/aiv/YongJun_ws/ros2_ws/install/vision_msgs/share/vision_msgs/cmake/rosidl_cmake_export_typesupport_libraries-extras.cmake
[0.377s] -- Up-to-date: /home/aiv/YongJun_ws/ros2_ws/install/vision_msgs/share/vision_msgs/cmake/rosidl_cmake_export_typesupport_targets-extras.cmake
[0.377s] -- Up-to-date: /home/aiv/YongJun_ws/ros2_ws/install/vision_msgs/share/vision_msgs/cmake/vision_msgsConfig.cmake
[0.377s] -- Up-to-date: /home/aiv/YongJun_ws/ros2_ws/install/vision_msgs/share/vision_msgs/cmake/vision_msgsConfig-version.cmake
[0.377s] -- Up-to-date: /home/aiv/YongJun_ws/ros2_ws/install/vision_msgs/share/vision_msgs/package.xml
[0.379s] Invoked command in '/home/aiv/YongJun_ws/ros2_ws/build/vision_msgs' returned '0': CMAKE_PREFIX_PATH=${CMAKE_PREFIX_PATH}:/home/aiv/YongJun_ws/ros2_ws/install/yolov8_ros:/opt/ros/foxy /usr/bin/cmake --install /home/aiv/YongJun_ws/ros2_ws/build/vision_msgs
