[0.008s] Invoking command in '/home/aiv/YongJun_ws/matlab/Livox_LiDAR/build/vision_msgs': CMAKE_PREFIX_PATH=${CMAKE_PREFIX_PATH}:/opt/ros/foxy /usr/bin/cmake --build /home/aiv/YongJun_ws/matlab/Livox_LiDAR/build/vision_msgs -- -j32 -l32
[0.013s] CMake Error: The current CMakeCache.txt directory /home/aiv/YongJun_ws/matlab/Livox_LiDAR/build/vision_msgs/CMakeCache.txt is different than the directory /home/aiv/YongJun_ws/matlab/AutoL_LiDAR/build/vision_msgs where CMakeCache.txt was created. This may result in binaries being created in the wrong place. If you are not sure, reedit the CMakeCache.txt
[0.015s] /usr/bin/cmake -S/home/aiv/YongJun_ws/matlab/AutoL_LiDAR/src/vision_msgs -B/home/aiv/YongJun_ws/matlab/AutoL_LiDAR/build/vision_msgs --check-build-system CMakeFiles/Makefile.cmake 0
[0.021s] /usr/bin/cmake -E cmake_progress_start /home/aiv/YongJun_ws/matlab/AutoL_LiDAR/build/vision_msgs/CMakeFiles /home/aiv/YongJun_ws/matlab/AutoL_LiDAR/build/vision_msgs/CMakeFiles/progress.marks
[0.026s] /usr/bin/make -f CMakeFiles/Makefile2 all
[0.027s] make[1]: Entering directory '/home/aiv/YongJun_ws/matlab/Livox_LiDAR/build/vision_msgs'
[0.027s] /usr/bin/make -f CMakeFiles/vision_msgs__cpp.dir/build.make CMakeFiles/vision_msgs__cpp.dir/depend
[0.028s] /usr/bin/make -f CMakeFiles/vision_msgs__rosidl_generator_c.dir/build.make CMakeFiles/vision_msgs__rosidl_generator_c.dir/depend
[0.029s] make[2]: Entering directory '/home/aiv/YongJun_ws/matlab/Livox_LiDAR/build/vision_msgs'
[0.029s] cd /home/aiv/YongJun_ws/matlab/AutoL_LiDAR/build/vision_msgs && /usr/bin/cmake -E cmake_depends "Unix Makefiles" /home/aiv/YongJun_ws/matlab/AutoL_LiDAR/src/vision_msgs /home/aiv/YongJun_ws/matlab/AutoL_LiDAR/src/vision_msgs /home/aiv/YongJun_ws/matlab/AutoL_LiDAR/build/vision_msgs /home/aiv/YongJun_ws/matlab/AutoL_LiDAR/build/vision_msgs /home/aiv/YongJun_ws/matlab/AutoL_LiDAR/build/vision_msgs/CMakeFiles/vision_msgs__cpp.dir/DependInfo.cmake --color=
[0.030s] make[2]: Entering directory '/home/aiv/YongJun_ws/matlab/Livox_LiDAR/build/vision_msgs'
[0.030s] cd /home/aiv/YongJun_ws/matlab/AutoL_LiDAR/build/vision_msgs && /usr/bin/cmake -E cmake_depends "Unix Makefiles" /home/aiv/YongJun_ws/matlab/AutoL_LiDAR/src/vision_msgs /home/aiv/YongJun_ws/matlab/AutoL_LiDAR/src/vision_msgs /home/aiv/YongJun_ws/matlab/AutoL_LiDAR/build/vision_msgs /home/aiv/YongJun_ws/matlab/AutoL_LiDAR/build/vision_msgs /home/aiv/YongJun_ws/matlab/AutoL_LiDAR/build/vision_msgs/CMakeFiles/vision_msgs__rosidl_generator_c.dir/DependInfo.cmake --color=
[0.037s] make[2]: Leaving directory '/home/aiv/YongJun_ws/matlab/Livox_LiDAR/build/vision_msgs'
[0.037s] /usr/bin/make -f CMakeFiles/vision_msgs__cpp.dir/build.make CMakeFiles/vision_msgs__cpp.dir/build
[0.039s] make[2]: Leaving directory '/home/aiv/YongJun_ws/matlab/Livox_LiDAR/build/vision_msgs'
[0.039s] /usr/bin/make -f CMakeFiles/vision_msgs__rosidl_generator_c.dir/build.make CMakeFiles/vision_msgs__rosidl_generator_c.dir/build
[0.040s] make[2]: Entering directory '/home/aiv/YongJun_ws/matlab/Livox_LiDAR/build/vision_msgs'
[0.040s] make[2]: Nothing to be done for 'CMakeFiles/vision_msgs__cpp.dir/build'.
[0.040s] make[2]: Leaving directory '/home/aiv/YongJun_ws/matlab/Livox_LiDAR/build/vision_msgs'
[0.043s] make[2]: Entering directory '/home/aiv/YongJun_ws/matlab/Livox_LiDAR/build/vision_msgs'
[0.043s] make[2]: Nothing to be done for 'CMakeFiles/vision_msgs__rosidl_generator_c.dir/build'.
[0.043s] make[2]: Leaving directory '/home/aiv/YongJun_ws/matlab/Livox_LiDAR/build/vision_msgs'
[0.047s] [  1%] Built target vision_msgs__cpp
[0.048s] /usr/bin/make -f CMakeFiles/vision_msgs__rosidl_typesupport_cpp.dir/build.make CMakeFiles/vision_msgs__rosidl_typesupport_cpp.dir/depend
[0.049s] /usr/bin/make -f CMakeFiles/vision_msgs__rosidl_typesupport_fastrtps_cpp.dir/build.make CMakeFiles/vision_msgs__rosidl_typesupport_fastrtps_cpp.dir/depend
[0.049s] /usr/bin/make -f CMakeFiles/vision_msgs__rosidl_typesupport_introspection_cpp.dir/build.make CMakeFiles/vision_msgs__rosidl_typesupport_introspection_cpp.dir/depend
[0.050s] make[2]: Entering directory '/home/aiv/YongJun_ws/matlab/Livox_LiDAR/build/vision_msgs'
[0.050s] cd /home/aiv/YongJun_ws/matlab/AutoL_LiDAR/build/vision_msgs && /usr/bin/cmake -E cmake_depends "Unix Makefiles" /home/aiv/YongJun_ws/matlab/AutoL_LiDAR/src/vision_msgs /home/aiv/YongJun_ws/matlab/AutoL_LiDAR/src/vision_msgs /home/aiv/YongJun_ws/matlab/AutoL_LiDAR/build/vision_msgs /home/aiv/YongJun_ws/matlab/AutoL_LiDAR/build/vision_msgs /home/aiv/YongJun_ws/matlab/AutoL_LiDAR/build/vision_msgs/CMakeFiles/vision_msgs__rosidl_typesupport_cpp.dir/DependInfo.cmake --color=
[0.050s] [ 12%] Built target vision_msgs__rosidl_generator_c
[0.051s] make[2]: Entering directory '/home/aiv/YongJun_ws/matlab/Livox_LiDAR/build/vision_msgs'
[0.051s] cd /home/aiv/YongJun_ws/matlab/AutoL_LiDAR/build/vision_msgs && /usr/bin/cmake -E cmake_depends "Unix Makefiles" /home/aiv/YongJun_ws/matlab/AutoL_LiDAR/src/vision_msgs /home/aiv/YongJun_ws/matlab/AutoL_LiDAR/src/vision_msgs /home/aiv/YongJun_ws/matlab/AutoL_LiDAR/build/vision_msgs /home/aiv/YongJun_ws/matlab/AutoL_LiDAR/build/vision_msgs /home/aiv/YongJun_ws/matlab/AutoL_LiDAR/build/vision_msgs/CMakeFiles/vision_msgs__rosidl_typesupport_fastrtps_cpp.dir/DependInfo.cmake --color=
[0.051s] /usr/bin/make -f CMakeFiles/vision_msgs__rosidl_typesupport_introspection_c.dir/build.make CMakeFiles/vision_msgs__rosidl_typesupport_introspection_c.dir/depend
[0.051s] make[2]: Entering directory '/home/aiv/YongJun_ws/matlab/Livox_LiDAR/build/vision_msgs'
[0.051s] cd /home/aiv/YongJun_ws/matlab/AutoL_LiDAR/build/vision_msgs && /usr/bin/cmake -E cmake_depends "Unix Makefiles" /home/aiv/YongJun_ws/matlab/AutoL_LiDAR/src/vision_msgs /home/aiv/YongJun_ws/matlab/AutoL_LiDAR/src/vision_msgs /home/aiv/YongJun_ws/matlab/AutoL_LiDAR/build/vision_msgs /home/aiv/YongJun_ws/matlab/AutoL_LiDAR/build/vision_msgs /home/aiv/YongJun_ws/matlab/AutoL_LiDAR/build/vision_msgs/CMakeFiles/vision_msgs__rosidl_typesupport_introspection_cpp.dir/DependInfo.cmake --color=
[0.051s] /usr/bin/make -f CMakeFiles/vision_msgs__rosidl_typesupport_c.dir/build.make CMakeFiles/vision_msgs__rosidl_typesupport_c.dir/depend
[0.053s] make[2]: Entering directory '/home/aiv/YongJun_ws/matlab/Livox_LiDAR/build/vision_msgs'
[0.053s] cd /home/aiv/YongJun_ws/matlab/AutoL_LiDAR/build/vision_msgs && /usr/bin/cmake -E cmake_depends "Unix Makefiles" /home/aiv/YongJun_ws/matlab/AutoL_LiDAR/src/vision_msgs /home/aiv/YongJun_ws/matlab/AutoL_LiDAR/src/vision_msgs /home/aiv/YongJun_ws/matlab/AutoL_LiDAR/build/vision_msgs /home/aiv/YongJun_ws/matlab/AutoL_LiDAR/build/vision_msgs /home/aiv/YongJun_ws/matlab/AutoL_LiDAR/build/vision_msgs/CMakeFiles/vision_msgs__rosidl_typesupport_c.dir/DependInfo.cmake --color=
[0.053s] make[2]: Entering directory '/home/aiv/YongJun_ws/matlab/Livox_LiDAR/build/vision_msgs'
[0.053s] cd /home/aiv/YongJun_ws/matlab/AutoL_LiDAR/build/vision_msgs && /usr/bin/cmake -E cmake_depends "Unix Makefiles" /home/aiv/YongJun_ws/matlab/AutoL_LiDAR/src/vision_msgs /home/aiv/YongJun_ws/matlab/AutoL_LiDAR/src/vision_msgs /home/aiv/YongJun_ws/matlab/AutoL_LiDAR/build/vision_msgs /home/aiv/YongJun_ws/matlab/AutoL_LiDAR/build/vision_msgs /home/aiv/YongJun_ws/matlab/AutoL_LiDAR/build/vision_msgs/CMakeFiles/vision_msgs__rosidl_typesupport_introspection_c.dir/DependInfo.cmake --color=
[0.057s] make[2]: Leaving directory '/home/aiv/YongJun_ws/matlab/Livox_LiDAR/build/vision_msgs'
[0.057s] /usr/bin/make -f CMakeFiles/vision_msgs__rosidl_typesupport_cpp.dir/build.make CMakeFiles/vision_msgs__rosidl_typesupport_cpp.dir/build
[0.057s] make[2]: Leaving directory '/home/aiv/YongJun_ws/matlab/Livox_LiDAR/build/vision_msgs'
[0.058s] make[2]: Leaving directory '/home/aiv/YongJun_ws/matlab/Livox_LiDAR/build/vision_msgs'
[0.058s] /usr/bin/make -f CMakeFiles/vision_msgs__rosidl_typesupport_fastrtps_cpp.dir/build.make CMakeFiles/vision_msgs__rosidl_typesupport_fastrtps_cpp.dir/build
[0.058s] /usr/bin/make -f CMakeFiles/vision_msgs__rosidl_typesupport_introspection_cpp.dir/build.make CMakeFiles/vision_msgs__rosidl_typesupport_introspection_cpp.dir/build
[0.059s] make[2]: Leaving directory '/home/aiv/YongJun_ws/matlab/Livox_LiDAR/build/vision_msgs'
[0.059s] /usr/bin/make -f CMakeFiles/vision_msgs__rosidl_typesupport_c.dir/build.make CMakeFiles/vision_msgs__rosidl_typesupport_c.dir/build
[0.059s] make[2]: Leaving directory '/home/aiv/YongJun_ws/matlab/Livox_LiDAR/build/vision_msgs'
[0.060s] make[2]: Entering directory '/home/aiv/YongJun_ws/matlab/Livox_LiDAR/build/vision_msgs'
[0.060s] make[2]: Nothing to be done for 'CMakeFiles/vision_msgs__rosidl_typesupport_cpp.dir/build'.
[0.060s] make[2]: Leaving directory '/home/aiv/YongJun_ws/matlab/Livox_LiDAR/build/vision_msgs'
[0.060s] /usr/bin/make -f CMakeFiles/vision_msgs__rosidl_typesupport_introspection_c.dir/build.make CMakeFiles/vision_msgs__rosidl_typesupport_introspection_c.dir/build
[0.060s] make[2]: Entering directory '/home/aiv/YongJun_ws/matlab/Livox_LiDAR/build/vision_msgs'
[0.061s] make[2]: Nothing to be done for 'CMakeFiles/vision_msgs__rosidl_typesupport_introspection_cpp.dir/build'.
[0.061s] make[2]: Leaving directory '/home/aiv/YongJun_ws/matlab/Livox_LiDAR/build/vision_msgs'
[0.061s] make[2]: Entering directory '/home/aiv/YongJun_ws/matlab/Livox_LiDAR/build/vision_msgs'
[0.062s] make[2]: Nothing to be done for 'CMakeFiles/vision_msgs__rosidl_typesupport_c.dir/build'.
[0.062s] make[2]: Leaving directory '/home/aiv/YongJun_ws/matlab/Livox_LiDAR/build/vision_msgs'
[0.062s] make[2]: Entering directory '/home/aiv/YongJun_ws/matlab/Livox_LiDAR/build/vision_msgs'
[0.062s] make[2]: Nothing to be done for 'CMakeFiles/vision_msgs__rosidl_typesupport_introspection_c.dir/build'.
[0.063s] make[2]: Leaving directory '/home/aiv/YongJun_ws/matlab/Livox_LiDAR/build/vision_msgs'
[0.063s] make[2]: Entering directory '/home/aiv/YongJun_ws/matlab/Livox_LiDAR/build/vision_msgs'
[0.063s] make[2]: Nothing to be done for 'CMakeFiles/vision_msgs__rosidl_typesupport_fastrtps_cpp.dir/build'.
[0.063s] make[2]: Leaving directory '/home/aiv/YongJun_ws/matlab/Livox_LiDAR/build/vision_msgs'
[0.064s] [ 23%] Built target vision_msgs__rosidl_typesupport_cpp
[0.065s] [ 34%] Built target vision_msgs__rosidl_typesupport_introspection_cpp
[0.066s] [ 46%] Built target vision_msgs__rosidl_typesupport_c
[0.067s] [ 57%] Built target vision_msgs__rosidl_typesupport_introspection_c
[0.067s] [ 68%] Built target vision_msgs__rosidl_typesupport_fastrtps_cpp
[0.068s] /usr/bin/make -f CMakeFiles/vision_msgs__rosidl_typesupport_fastrtps_c.dir/build.make CMakeFiles/vision_msgs__rosidl_typesupport_fastrtps_c.dir/depend
[0.069s] make[2]: Entering directory '/home/aiv/YongJun_ws/matlab/Livox_LiDAR/build/vision_msgs'
[0.070s] cd /home/aiv/YongJun_ws/matlab/AutoL_LiDAR/build/vision_msgs && /usr/bin/cmake -E cmake_depends "Unix Makefiles" /home/aiv/YongJun_ws/matlab/AutoL_LiDAR/src/vision_msgs /home/aiv/YongJun_ws/matlab/AutoL_LiDAR/src/vision_msgs /home/aiv/YongJun_ws/matlab/AutoL_LiDAR/build/vision_msgs /home/aiv/YongJun_ws/matlab/AutoL_LiDAR/build/vision_msgs /home/aiv/YongJun_ws/matlab/AutoL_LiDAR/build/vision_msgs/CMakeFiles/vision_msgs__rosidl_typesupport_fastrtps_c.dir/DependInfo.cmake --color=
[0.075s] make[2]: Leaving directory '/home/aiv/YongJun_ws/matlab/Livox_LiDAR/build/vision_msgs'
[0.075s] /usr/bin/make -f CMakeFiles/vision_msgs__rosidl_typesupport_fastrtps_c.dir/build.make CMakeFiles/vision_msgs__rosidl_typesupport_fastrtps_c.dir/build
[0.081s] make[2]: Entering directory '/home/aiv/YongJun_ws/matlab/Livox_LiDAR/build/vision_msgs'
[0.081s] make[2]: Nothing to be done for 'CMakeFiles/vision_msgs__rosidl_typesupport_fastrtps_c.dir/build'.
[0.081s] make[2]: Leaving directory '/home/aiv/YongJun_ws/matlab/Livox_LiDAR/build/vision_msgs'
[0.085s] [ 79%] Built target vision_msgs__rosidl_typesupport_fastrtps_c
[0.086s] /usr/bin/make -f CMakeFiles/vision_msgs.dir/build.make CMakeFiles/vision_msgs.dir/depend
[0.086s] make[2]: Entering directory '/home/aiv/YongJun_ws/matlab/Livox_LiDAR/build/vision_msgs'
[0.086s] cd /home/aiv/YongJun_ws/matlab/AutoL_LiDAR/build/vision_msgs && /usr/bin/cmake -E cmake_depends "Unix Makefiles" /home/aiv/YongJun_ws/matlab/AutoL_LiDAR/src/vision_msgs /home/aiv/YongJun_ws/matlab/AutoL_LiDAR/src/vision_msgs /home/aiv/YongJun_ws/matlab/AutoL_LiDAR/build/vision_msgs /home/aiv/YongJun_ws/matlab/AutoL_LiDAR/build/vision_msgs /home/aiv/YongJun_ws/matlab/AutoL_LiDAR/build/vision_msgs/CMakeFiles/vision_msgs.dir/DependInfo.cmake --color=
[0.092s] make[2]: Leaving directory '/home/aiv/YongJun_ws/matlab/Livox_LiDAR/build/vision_msgs'
[0.092s] /usr/bin/make -f CMakeFiles/vision_msgs.dir/build.make CMakeFiles/vision_msgs.dir/build
[0.093s] make[2]: Entering directory '/home/aiv/YongJun_ws/matlab/Livox_LiDAR/build/vision_msgs'
[0.093s] make[2]: Nothing to be done for 'CMakeFiles/vision_msgs.dir/build'.
[0.093s] make[2]: Leaving directory '/home/aiv/YongJun_ws/matlab/Livox_LiDAR/build/vision_msgs'
[0.097s] [ 79%] Built target vision_msgs
[0.098s] /usr/bin/make -f vision_msgs__py/CMakeFiles/vision_msgs__py.dir/build.make vision_msgs__py/CMakeFiles/vision_msgs__py.dir/depend
[0.098s] make[2]: Entering directory '/home/aiv/YongJun_ws/matlab/Livox_LiDAR/build/vision_msgs'
[0.099s] cd /home/aiv/YongJun_ws/matlab/AutoL_LiDAR/build/vision_msgs && /usr/bin/cmake -E cmake_depends "Unix Makefiles" /home/aiv/YongJun_ws/matlab/AutoL_LiDAR/src/vision_msgs /home/aiv/YongJun_ws/matlab/AutoL_LiDAR/build/vision_msgs/vision_msgs__py /home/aiv/YongJun_ws/matlab/AutoL_LiDAR/build/vision_msgs /home/aiv/YongJun_ws/matlab/AutoL_LiDAR/build/vision_msgs/vision_msgs__py /home/aiv/YongJun_ws/matlab/AutoL_LiDAR/build/vision_msgs/vision_msgs__py/CMakeFiles/vision_msgs__py.dir/DependInfo.cmake --color=
[0.104s] make[2]: Leaving directory '/home/aiv/YongJun_ws/matlab/Livox_LiDAR/build/vision_msgs'
[0.104s] /usr/bin/make -f vision_msgs__py/CMakeFiles/vision_msgs__py.dir/build.make vision_msgs__py/CMakeFiles/vision_msgs__py.dir/build
[0.106s] make[2]: Entering directory '/home/aiv/YongJun_ws/matlab/Livox_LiDAR/build/vision_msgs'
[0.106s] make[2]: Nothing to be done for 'vision_msgs__py/CMakeFiles/vision_msgs__py.dir/build'.
[0.106s] make[2]: Leaving directory '/home/aiv/YongJun_ws/matlab/Livox_LiDAR/build/vision_msgs'
[0.112s] [ 80%] Built target vision_msgs__py
[0.113s] /usr/bin/make -f CMakeFiles/vision_msgs__python.dir/build.make CMakeFiles/vision_msgs__python.dir/depend
[0.114s] make[2]: Entering directory '/home/aiv/YongJun_ws/matlab/Livox_LiDAR/build/vision_msgs'
[0.114s] cd /home/aiv/YongJun_ws/matlab/AutoL_LiDAR/build/vision_msgs && /usr/bin/cmake -E cmake_depends "Unix Makefiles" /home/aiv/YongJun_ws/matlab/AutoL_LiDAR/src/vision_msgs /home/aiv/YongJun_ws/matlab/AutoL_LiDAR/src/vision_msgs /home/aiv/YongJun_ws/matlab/AutoL_LiDAR/build/vision_msgs /home/aiv/YongJun_ws/matlab/AutoL_LiDAR/build/vision_msgs /home/aiv/YongJun_ws/matlab/AutoL_LiDAR/build/vision_msgs/CMakeFiles/vision_msgs__python.dir/DependInfo.cmake --color=
[0.120s] make[2]: Leaving directory '/home/aiv/YongJun_ws/matlab/Livox_LiDAR/build/vision_msgs'
[0.120s] /usr/bin/make -f CMakeFiles/vision_msgs__python.dir/build.make CMakeFiles/vision_msgs__python.dir/build
[0.128s] make[2]: Entering directory '/home/aiv/YongJun_ws/matlab/Livox_LiDAR/build/vision_msgs'
[0.128s] make[2]: Nothing to be done for 'CMakeFiles/vision_msgs__python.dir/build'.
[0.128s] make[2]: Leaving directory '/home/aiv/YongJun_ws/matlab/Livox_LiDAR/build/vision_msgs'
[0.136s] [ 90%] Built target vision_msgs__python
[0.136s] /usr/bin/make -f CMakeFiles/vision_msgs__rosidl_typesupport_c__pyext.dir/build.make CMakeFiles/vision_msgs__rosidl_typesupport_c__pyext.dir/depend
[0.136s] /usr/bin/make -f CMakeFiles/vision_msgs__rosidl_typesupport_fastrtps_c__pyext.dir/build.make CMakeFiles/vision_msgs__rosidl_typesupport_fastrtps_c__pyext.dir/depend
[0.137s] /usr/bin/make -f CMakeFiles/vision_msgs__rosidl_typesupport_introspection_c__pyext.dir/build.make CMakeFiles/vision_msgs__rosidl_typesupport_introspection_c__pyext.dir/depend
[0.137s] make[2]: Entering directory '/home/aiv/YongJun_ws/matlab/Livox_LiDAR/build/vision_msgs'
[0.137s] cd /home/aiv/YongJun_ws/matlab/AutoL_LiDAR/build/vision_msgs && /usr/bin/cmake -E cmake_depends "Unix Makefiles" /home/aiv/YongJun_ws/matlab/AutoL_LiDAR/src/vision_msgs /home/aiv/YongJun_ws/matlab/AutoL_LiDAR/src/vision_msgs /home/aiv/YongJun_ws/matlab/AutoL_LiDAR/build/vision_msgs /home/aiv/YongJun_ws/matlab/AutoL_LiDAR/build/vision_msgs /home/aiv/YongJun_ws/matlab/AutoL_LiDAR/build/vision_msgs/CMakeFiles/vision_msgs__rosidl_typesupport_c__pyext.dir/DependInfo.cmake --color=
[0.138s] make[2]: Entering directory '/home/aiv/YongJun_ws/matlab/Livox_LiDAR/build/vision_msgs'
[0.138s] cd /home/aiv/YongJun_ws/matlab/AutoL_LiDAR/build/vision_msgs && /usr/bin/cmake -E cmake_depends "Unix Makefiles" /home/aiv/YongJun_ws/matlab/AutoL_LiDAR/src/vision_msgs /home/aiv/YongJun_ws/matlab/AutoL_LiDAR/src/vision_msgs /home/aiv/YongJun_ws/matlab/AutoL_LiDAR/build/vision_msgs /home/aiv/YongJun_ws/matlab/AutoL_LiDAR/build/vision_msgs /home/aiv/YongJun_ws/matlab/AutoL_LiDAR/build/vision_msgs/CMakeFiles/vision_msgs__rosidl_typesupport_fastrtps_c__pyext.dir/DependInfo.cmake --color=
[0.138s] make[2]: Entering directory '/home/aiv/YongJun_ws/matlab/Livox_LiDAR/build/vision_msgs'
[0.138s] cd /home/aiv/YongJun_ws/matlab/AutoL_LiDAR/build/vision_msgs && /usr/bin/cmake -E cmake_depends "Unix Makefiles" /home/aiv/YongJun_ws/matlab/AutoL_LiDAR/src/vision_msgs /home/aiv/YongJun_ws/matlab/AutoL_LiDAR/src/vision_msgs /home/aiv/YongJun_ws/matlab/AutoL_LiDAR/build/vision_msgs /home/aiv/YongJun_ws/matlab/AutoL_LiDAR/build/vision_msgs /home/aiv/YongJun_ws/matlab/AutoL_LiDAR/build/vision_msgs/CMakeFiles/vision_msgs__rosidl_typesupport_introspection_c__pyext.dir/DependInfo.cmake --color=
[0.145s] make[2]: Leaving directory '/home/aiv/YongJun_ws/matlab/Livox_LiDAR/build/vision_msgs'
[0.145s] /usr/bin/make -f CMakeFiles/vision_msgs__rosidl_typesupport_c__pyext.dir/build.make CMakeFiles/vision_msgs__rosidl_typesupport_c__pyext.dir/build
[0.145s] make[2]: Leaving directory '/home/aiv/YongJun_ws/matlab/Livox_LiDAR/build/vision_msgs'
[0.145s] /usr/bin/make -f CMakeFiles/vision_msgs__rosidl_typesupport_fastrtps_c__pyext.dir/build.make CMakeFiles/vision_msgs__rosidl_typesupport_fastrtps_c__pyext.dir/build
[0.145s] make[2]: Leaving directory '/home/aiv/YongJun_ws/matlab/Livox_LiDAR/build/vision_msgs'
[0.146s] /usr/bin/make -f CMakeFiles/vision_msgs__rosidl_typesupport_introspection_c__pyext.dir/build.make CMakeFiles/vision_msgs__rosidl_typesupport_introspection_c__pyext.dir/build
[0.151s] make[2]: Entering directory '/home/aiv/YongJun_ws/matlab/Livox_LiDAR/build/vision_msgs'
[0.151s] make[2]: Nothing to be done for 'CMakeFiles/vision_msgs__rosidl_typesupport_c__pyext.dir/build'.
[0.151s] make[2]: Leaving directory '/home/aiv/YongJun_ws/matlab/Livox_LiDAR/build/vision_msgs'
[0.151s] make[2]: Entering directory '/home/aiv/YongJun_ws/matlab/Livox_LiDAR/build/vision_msgs'
[0.151s] make[2]: Nothing to be done for 'CMakeFiles/vision_msgs__rosidl_typesupport_fastrtps_c__pyext.dir/build'.
[0.151s] make[2]: Leaving directory '/home/aiv/YongJun_ws/matlab/Livox_LiDAR/build/vision_msgs'
[0.151s] make[2]: Entering directory '/home/aiv/YongJun_ws/matlab/Livox_LiDAR/build/vision_msgs'
[0.151s] make[2]: Nothing to be done for 'CMakeFiles/vision_msgs__rosidl_typesupport_introspection_c__pyext.dir/build'.
[0.151s] make[2]: Leaving directory '/home/aiv/YongJun_ws/matlab/Livox_LiDAR/build/vision_msgs'
[0.155s] [ 93%] Built target vision_msgs__rosidl_typesupport_c__pyext
[0.155s] [ 96%] Built target vision_msgs__rosidl_typesupport_fastrtps_c__pyext
[0.156s] [100%] Built target vision_msgs__rosidl_typesupport_introspection_c__pyext
[0.156s] make[1]: Leaving directory '/home/aiv/YongJun_ws/matlab/Livox_LiDAR/build/vision_msgs'
[0.156s] /usr/bin/cmake -E cmake_progress_start /home/aiv/YongJun_ws/matlab/AutoL_LiDAR/build/vision_msgs/CMakeFiles 0
[0.166s] Invoked command in '/home/aiv/YongJun_ws/matlab/Livox_LiDAR/build/vision_msgs' returned '0': CMAKE_PREFIX_PATH=${CMAKE_PREFIX_PATH}:/opt/ros/foxy /usr/bin/cmake --build /home/aiv/YongJun_ws/matlab/Livox_LiDAR/build/vision_msgs -- -j32 -l32
[0.231s] Invoking command in '/home/aiv/YongJun_ws/matlab/Livox_LiDAR/build/vision_msgs': CMAKE_PREFIX_PATH=${CMAKE_PREFIX_PATH}:/opt/ros/foxy /usr/bin/cmake --install /home/aiv/YongJun_ws/matlab/Livox_LiDAR/build/vision_msgs
[0.236s] -- Install configuration: "Release"
[0.236s] -- Execute custom install script
[0.237s] -- Up-to-date symlink: /home/aiv/YongJun_ws/matlab/AutoL_LiDAR/install/vision_msgs/share/ament_index/resource_index/rosidl_interfaces/vision_msgs
[0.237s] -- Up-to-date symlink: /home/aiv/YongJun_ws/matlab/AutoL_LiDAR/install/vision_msgs/include/vision_msgs/msg/bounding_box3_d.h
[0.237s] -- Up-to-date symlink: /home/aiv/YongJun_ws/matlab/AutoL_LiDAR/install/vision_msgs/include/vision_msgs/msg/detail/bounding_box3_d__functions.h
[0.237s] -- Up-to-date symlink: /home/aiv/YongJun_ws/matlab/AutoL_LiDAR/install/vision_msgs/include/vision_msgs/msg/detail/bounding_box3_d__struct.h
[0.237s] -- Up-to-date symlink: /home/aiv/YongJun_ws/matlab/AutoL_LiDAR/install/vision_msgs/include/vision_msgs/msg/detail/bounding_box3_d__type_support.h
[0.237s] -- Up-to-date symlink: /home/aiv/YongJun_ws/matlab/AutoL_LiDAR/install/vision_msgs/include/vision_msgs/msg/detail/detection3_d__functions.h
[0.237s] -- Up-to-date symlink: /home/aiv/YongJun_ws/matlab/AutoL_LiDAR/install/vision_msgs/include/vision_msgs/msg/detail/detection3_d__struct.h
[0.237s] -- Up-to-date symlink: /home/aiv/YongJun_ws/matlab/AutoL_LiDAR/install/vision_msgs/include/vision_msgs/msg/detail/detection3_d__type_support.h
[0.237s] -- Up-to-date symlink: /home/aiv/YongJun_ws/matlab/AutoL_LiDAR/install/vision_msgs/include/vision_msgs/msg/detail/detection3_d_array__functions.h
[0.238s] -- Up-to-date symlink: /home/aiv/YongJun_ws/matlab/AutoL_LiDAR/install/vision_msgs/include/vision_msgs/msg/detail/detection3_d_array__struct.h
[0.238s] -- Up-to-date symlink: /home/aiv/YongJun_ws/matlab/AutoL_LiDAR/install/vision_msgs/include/vision_msgs/msg/detail/detection3_d_array__type_support.h
[0.238s] -- Up-to-date symlink: /home/aiv/YongJun_ws/matlab/AutoL_LiDAR/install/vision_msgs/include/vision_msgs/msg/detail/object_hypothesis__functions.h
[0.238s] -- Up-to-date symlink: /home/aiv/YongJun_ws/matlab/AutoL_LiDAR/install/vision_msgs/include/vision_msgs/msg/detail/object_hypothesis__struct.h
[0.238s] -- Up-to-date symlink: /home/aiv/YongJun_ws/matlab/AutoL_LiDAR/install/vision_msgs/include/vision_msgs/msg/detail/object_hypothesis__type_support.h
[0.238s] -- Up-to-date symlink: /home/aiv/YongJun_ws/matlab/AutoL_LiDAR/install/vision_msgs/include/vision_msgs/msg/detail/object_hypothesis_with_pose__functions.h
[0.238s] -- Up-to-date symlink: /home/aiv/YongJun_ws/matlab/AutoL_LiDAR/install/vision_msgs/include/vision_msgs/msg/detail/object_hypothesis_with_pose__struct.h
[0.238s] -- Up-to-date symlink: /home/aiv/YongJun_ws/matlab/AutoL_LiDAR/install/vision_msgs/include/vision_msgs/msg/detail/object_hypothesis_with_pose__type_support.h
[0.238s] -- Up-to-date symlink: /home/aiv/YongJun_ws/matlab/AutoL_LiDAR/install/vision_msgs/include/vision_msgs/msg/detection3_d.h
[0.238s] -- Up-to-date symlink: /home/aiv/YongJun_ws/matlab/AutoL_LiDAR/install/vision_msgs/include/vision_msgs/msg/detection3_d_array.h
[0.238s] -- Up-to-date symlink: /home/aiv/YongJun_ws/matlab/AutoL_LiDAR/install/vision_msgs/include/vision_msgs/msg/object_hypothesis.h
[0.239s] -- Up-to-date symlink: /home/aiv/YongJun_ws/matlab/AutoL_LiDAR/install/vision_msgs/include/vision_msgs/msg/object_hypothesis_with_pose.h
[0.239s] -- Up-to-date symlink: /home/aiv/YongJun_ws/matlab/AutoL_LiDAR/install/vision_msgs/include/vision_msgs/msg/rosidl_generator_c__visibility_control.h
[0.239s] -- Up-to-date symlink: /home/aiv/YongJun_ws/matlab/AutoL_LiDAR/install/vision_msgs/share/vision_msgs/environment/library_path.sh
[0.239s] -- Up-to-date symlink: /home/aiv/YongJun_ws/matlab/AutoL_LiDAR/install/vision_msgs/share/vision_msgs/environment/library_path.dsv
[0.239s] -- Up-to-date symlink: /home/aiv/YongJun_ws/matlab/AutoL_LiDAR/install/vision_msgs/include/vision_msgs/msg/detail/bounding_box3_d__rosidl_typesupport_fastrtps_c.h
[0.239s] -- Up-to-date symlink: /home/aiv/YongJun_ws/matlab/AutoL_LiDAR/install/vision_msgs/include/vision_msgs/msg/detail/detection3_d__rosidl_typesupport_fastrtps_c.h
[0.239s] -- Up-to-date symlink: /home/aiv/YongJun_ws/matlab/AutoL_LiDAR/install/vision_msgs/include/vision_msgs/msg/detail/detection3_d_array__rosidl_typesupport_fastrtps_c.h
[0.240s] -- Up-to-date symlink: /home/aiv/YongJun_ws/matlab/AutoL_LiDAR/install/vision_msgs/include/vision_msgs/msg/detail/object_hypothesis__rosidl_typesupport_fastrtps_c.h
[0.240s] -- Up-to-date symlink: /home/aiv/YongJun_ws/matlab/AutoL_LiDAR/install/vision_msgs/include/vision_msgs/msg/detail/object_hypothesis_with_pose__rosidl_typesupport_fastrtps_c.h
[0.240s] -- Up-to-date symlink: /home/aiv/YongJun_ws/matlab/AutoL_LiDAR/install/vision_msgs/include/vision_msgs/msg/rosidl_typesupport_fastrtps_c__visibility_control.h
[0.240s] -- Up-to-date symlink: /home/aiv/YongJun_ws/matlab/AutoL_LiDAR/install/vision_msgs/lib/libvision_msgs__rosidl_typesupport_fastrtps_c.so
[0.241s] -- Up-to-date symlink: /home/aiv/YongJun_ws/matlab/AutoL_LiDAR/install/vision_msgs/include/vision_msgs/msg/detail/bounding_box3_d__rosidl_typesupport_fastrtps_cpp.hpp
[0.241s] -- Up-to-date symlink: /home/aiv/YongJun_ws/matlab/AutoL_LiDAR/install/vision_msgs/include/vision_msgs/msg/detail/detection3_d__rosidl_typesupport_fastrtps_cpp.hpp
[0.241s] -- Up-to-date symlink: /home/aiv/YongJun_ws/matlab/AutoL_LiDAR/install/vision_msgs/include/vision_msgs/msg/detail/detection3_d_array__rosidl_typesupport_fastrtps_cpp.hpp
[0.241s] -- Up-to-date symlink: /home/aiv/YongJun_ws/matlab/AutoL_LiDAR/install/vision_msgs/include/vision_msgs/msg/detail/object_hypothesis__rosidl_typesupport_fastrtps_cpp.hpp
[0.241s] -- Up-to-date symlink: /home/aiv/YongJun_ws/matlab/AutoL_LiDAR/install/vision_msgs/include/vision_msgs/msg/detail/object_hypothesis_with_pose__rosidl_typesupport_fastrtps_cpp.hpp
[0.241s] -- Up-to-date symlink: /home/aiv/YongJun_ws/matlab/AutoL_LiDAR/install/vision_msgs/include/vision_msgs/msg/rosidl_typesupport_fastrtps_cpp__visibility_control.h
[0.241s] -- Up-to-date symlink: /home/aiv/YongJun_ws/matlab/AutoL_LiDAR/install/vision_msgs/lib/libvision_msgs__rosidl_typesupport_fastrtps_cpp.so
[0.242s] -- Up-to-date symlink: /home/aiv/YongJun_ws/matlab/AutoL_LiDAR/install/vision_msgs/include/vision_msgs/msg/detail/bounding_box3_d__rosidl_typesupport_introspection_c.h
[0.242s] -- Up-to-date symlink: /home/aiv/YongJun_ws/matlab/AutoL_LiDAR/install/vision_msgs/include/vision_msgs/msg/detail/detection3_d__rosidl_typesupport_introspection_c.h
[0.242s] -- Up-to-date symlink: /home/aiv/YongJun_ws/matlab/AutoL_LiDAR/install/vision_msgs/include/vision_msgs/msg/detail/detection3_d_array__rosidl_typesupport_introspection_c.h
[0.242s] -- Up-to-date symlink: /home/aiv/YongJun_ws/matlab/AutoL_LiDAR/install/vision_msgs/include/vision_msgs/msg/detail/object_hypothesis__rosidl_typesupport_introspection_c.h
[0.242s] -- Up-to-date symlink: /home/aiv/YongJun_ws/matlab/AutoL_LiDAR/install/vision_msgs/include/vision_msgs/msg/detail/object_hypothesis_with_pose__rosidl_typesupport_introspection_c.h
[0.242s] -- Up-to-date symlink: /home/aiv/YongJun_ws/matlab/AutoL_LiDAR/install/vision_msgs/include/vision_msgs/msg/rosidl_typesupport_introspection_c__visibility_control.h
[0.242s] -- Up-to-date symlink: /home/aiv/YongJun_ws/matlab/AutoL_LiDAR/install/vision_msgs/include/vision_msgs/msg/bounding_box3_d.hpp
[0.242s] -- Up-to-date symlink: /home/aiv/YongJun_ws/matlab/AutoL_LiDAR/install/vision_msgs/include/vision_msgs/msg/detail/bounding_box3_d__builder.hpp
[0.243s] -- Up-to-date symlink: /home/aiv/YongJun_ws/matlab/AutoL_LiDAR/install/vision_msgs/include/vision_msgs/msg/detail/bounding_box3_d__struct.hpp
[0.243s] -- Up-to-date symlink: /home/aiv/YongJun_ws/matlab/AutoL_LiDAR/install/vision_msgs/include/vision_msgs/msg/detail/bounding_box3_d__traits.hpp
[0.243s] -- Up-to-date symlink: /home/aiv/YongJun_ws/matlab/AutoL_LiDAR/install/vision_msgs/include/vision_msgs/msg/detail/bounding_box3_d__type_support.hpp
[0.243s] -- Up-to-date symlink: /home/aiv/YongJun_ws/matlab/AutoL_LiDAR/install/vision_msgs/include/vision_msgs/msg/detail/detection3_d__builder.hpp
[0.243s] -- Up-to-date symlink: /home/aiv/YongJun_ws/matlab/AutoL_LiDAR/install/vision_msgs/include/vision_msgs/msg/detail/detection3_d__struct.hpp
[0.243s] -- Up-to-date symlink: /home/aiv/YongJun_ws/matlab/AutoL_LiDAR/install/vision_msgs/include/vision_msgs/msg/detail/detection3_d__traits.hpp
[0.243s] -- Up-to-date symlink: /home/aiv/YongJun_ws/matlab/AutoL_LiDAR/install/vision_msgs/include/vision_msgs/msg/detail/detection3_d__type_support.hpp
[0.243s] -- Up-to-date symlink: /home/aiv/YongJun_ws/matlab/AutoL_LiDAR/install/vision_msgs/include/vision_msgs/msg/detail/detection3_d_array__builder.hpp
[0.243s] -- Up-to-date symlink: /home/aiv/YongJun_ws/matlab/AutoL_LiDAR/install/vision_msgs/include/vision_msgs/msg/detail/detection3_d_array__struct.hpp
[0.243s] -- Up-to-date symlink: /home/aiv/YongJun_ws/matlab/AutoL_LiDAR/install/vision_msgs/include/vision_msgs/msg/detail/detection3_d_array__traits.hpp
[0.243s] -- Up-to-date symlink: /home/aiv/YongJun_ws/matlab/AutoL_LiDAR/install/vision_msgs/include/vision_msgs/msg/detail/detection3_d_array__type_support.hpp
[0.243s] -- Up-to-date symlink: /home/aiv/YongJun_ws/matlab/AutoL_LiDAR/install/vision_msgs/include/vision_msgs/msg/detail/object_hypothesis__builder.hpp
[0.244s] -- Up-to-date symlink: /home/aiv/YongJun_ws/matlab/AutoL_LiDAR/install/vision_msgs/include/vision_msgs/msg/detail/object_hypothesis__struct.hpp
[0.244s] -- Up-to-date symlink: /home/aiv/YongJun_ws/matlab/AutoL_LiDAR/install/vision_msgs/include/vision_msgs/msg/detail/object_hypothesis__traits.hpp
[0.244s] -- Up-to-date symlink: /home/aiv/YongJun_ws/matlab/AutoL_LiDAR/install/vision_msgs/include/vision_msgs/msg/detail/object_hypothesis__type_support.hpp
[0.244s] -- Up-to-date symlink: /home/aiv/YongJun_ws/matlab/AutoL_LiDAR/install/vision_msgs/include/vision_msgs/msg/detail/object_hypothesis_with_pose__builder.hpp
[0.244s] -- Up-to-date symlink: /home/aiv/YongJun_ws/matlab/AutoL_LiDAR/install/vision_msgs/include/vision_msgs/msg/detail/object_hypothesis_with_pose__struct.hpp
[0.244s] -- Up-to-date symlink: /home/aiv/YongJun_ws/matlab/AutoL_LiDAR/install/vision_msgs/include/vision_msgs/msg/detail/object_hypothesis_with_pose__traits.hpp
[0.244s] -- Up-to-date symlink: /home/aiv/YongJun_ws/matlab/AutoL_LiDAR/install/vision_msgs/include/vision_msgs/msg/detail/object_hypothesis_with_pose__type_support.hpp
[0.244s] -- Up-to-date symlink: /home/aiv/YongJun_ws/matlab/AutoL_LiDAR/install/vision_msgs/include/vision_msgs/msg/detection3_d.hpp
[0.244s] -- Up-to-date symlink: /home/aiv/YongJun_ws/matlab/AutoL_LiDAR/install/vision_msgs/include/vision_msgs/msg/detection3_d_array.hpp
[0.244s] -- Up-to-date symlink: /home/aiv/YongJun_ws/matlab/AutoL_LiDAR/install/vision_msgs/include/vision_msgs/msg/object_hypothesis.hpp
[0.244s] -- Up-to-date symlink: /home/aiv/YongJun_ws/matlab/AutoL_LiDAR/install/vision_msgs/include/vision_msgs/msg/object_hypothesis_with_pose.hpp
[0.244s] -- Up-to-date symlink: /home/aiv/YongJun_ws/matlab/AutoL_LiDAR/install/vision_msgs/include/vision_msgs/msg/rosidl_generator_cpp__visibility_control.hpp
[0.245s] -- Up-to-date symlink: /home/aiv/YongJun_ws/matlab/AutoL_LiDAR/install/vision_msgs/include/vision_msgs/msg/detail/bounding_box3_d__rosidl_typesupport_introspection_cpp.hpp
[0.245s] -- Up-to-date symlink: /home/aiv/YongJun_ws/matlab/AutoL_LiDAR/install/vision_msgs/include/vision_msgs/msg/detail/detection3_d__rosidl_typesupport_introspection_cpp.hpp
[0.245s] -- Up-to-date symlink: /home/aiv/YongJun_ws/matlab/AutoL_LiDAR/install/vision_msgs/include/vision_msgs/msg/detail/detection3_d_array__rosidl_typesupport_introspection_cpp.hpp
[0.245s] -- Up-to-date symlink: /home/aiv/YongJun_ws/matlab/AutoL_LiDAR/install/vision_msgs/include/vision_msgs/msg/detail/object_hypothesis__rosidl_typesupport_introspection_cpp.hpp
[0.245s] -- Up-to-date symlink: /home/aiv/YongJun_ws/matlab/AutoL_LiDAR/install/vision_msgs/include/vision_msgs/msg/detail/object_hypothesis_with_pose__rosidl_typesupport_introspection_cpp.hpp
[0.245s] -- Up-to-date symlink: /home/aiv/YongJun_ws/matlab/AutoL_LiDAR/install/vision_msgs/share/vision_msgs/environment/pythonpath.sh
[0.245s] -- Up-to-date symlink: /home/aiv/YongJun_ws/matlab/AutoL_LiDAR/install/vision_msgs/share/vision_msgs/environment/pythonpath.dsv
[0.245s] -- Up-to-date symlink: /home/aiv/YongJun_ws/matlab/AutoL_LiDAR/install/vision_msgs/lib/python3.8/site-packages/vision_msgs/__init__.py
[0.246s] -- Up-to-date symlink: /home/aiv/YongJun_ws/matlab/AutoL_LiDAR/install/vision_msgs/lib/python3.8/site-packages/vision_msgs/msg/__init__.py
[0.246s] -- Up-to-date symlink: /home/aiv/YongJun_ws/matlab/AutoL_LiDAR/install/vision_msgs/lib/python3.8/site-packages/vision_msgs/msg/_bounding_box3_d.py
[0.246s] -- Up-to-date symlink: /home/aiv/YongJun_ws/matlab/AutoL_LiDAR/install/vision_msgs/lib/python3.8/site-packages/vision_msgs/msg/_detection3_d.py
[0.246s] -- Up-to-date symlink: /home/aiv/YongJun_ws/matlab/AutoL_LiDAR/install/vision_msgs/lib/python3.8/site-packages/vision_msgs/msg/_detection3_d_array.py
[0.246s] -- Up-to-date symlink: /home/aiv/YongJun_ws/matlab/AutoL_LiDAR/install/vision_msgs/lib/python3.8/site-packages/vision_msgs/msg/_object_hypothesis.py
[0.246s] -- Up-to-date symlink: /home/aiv/YongJun_ws/matlab/AutoL_LiDAR/install/vision_msgs/lib/python3.8/site-packages/vision_msgs/msg/_object_hypothesis_with_pose.py
[0.246s] -- Up-to-date symlink: /home/aiv/YongJun_ws/matlab/AutoL_LiDAR/install/vision_msgs/lib/python3.8/site-packages/vision_msgs/vision_msgs_s__rosidl_typesupport_fastrtps_c.cpython-38-x86_64-linux-gnu.so
[0.246s] -- Up-to-date symlink: /home/aiv/YongJun_ws/matlab/AutoL_LiDAR/install/vision_msgs/lib/python3.8/site-packages/vision_msgs/vision_msgs_s__rosidl_typesupport_introspection_c.cpython-38-x86_64-linux-gnu.so
[0.247s] -- Up-to-date symlink: /home/aiv/YongJun_ws/matlab/AutoL_LiDAR/install/vision_msgs/lib/python3.8/site-packages/vision_msgs/vision_msgs_s__rosidl_typesupport_c.cpython-38-x86_64-linux-gnu.so
[0.247s] -- Up-to-date symlink: /home/aiv/YongJun_ws/matlab/AutoL_LiDAR/install/vision_msgs/lib/libvision_msgs__python.so
[0.247s] -- Up-to-date symlink: /home/aiv/YongJun_ws/matlab/AutoL_LiDAR/install/vision_msgs/share/vision_msgs/msg/BoundingBox3D.idl
[0.247s] -- Up-to-date symlink: /home/aiv/YongJun_ws/matlab/AutoL_LiDAR/install/vision_msgs/share/vision_msgs/msg/Detection3D.idl
[0.247s] -- Up-to-date symlink: /home/aiv/YongJun_ws/matlab/AutoL_LiDAR/install/vision_msgs/share/vision_msgs/msg/Detection3DArray.idl
[0.247s] -- Up-to-date symlink: /home/aiv/YongJun_ws/matlab/AutoL_LiDAR/install/vision_msgs/share/vision_msgs/msg/ObjectHypothesis.idl
[0.248s] -- Up-to-date symlink: /home/aiv/YongJun_ws/matlab/AutoL_LiDAR/install/vision_msgs/share/vision_msgs/msg/ObjectHypothesisWithPose.idl
[0.248s] -- Up-to-date symlink: /home/aiv/YongJun_ws/matlab/AutoL_LiDAR/install/vision_msgs/share/vision_msgs/msg/BoundingBox3D.msg
[0.248s] -- Up-to-date symlink: /home/aiv/YongJun_ws/matlab/AutoL_LiDAR/install/vision_msgs/share/vision_msgs/msg/Detection3D.msg
[0.248s] -- Up-to-date symlink: /home/aiv/YongJun_ws/matlab/AutoL_LiDAR/install/vision_msgs/share/vision_msgs/msg/Detection3DArray.msg
[0.248s] -- Up-to-date symlink: /home/aiv/YongJun_ws/matlab/AutoL_LiDAR/install/vision_msgs/share/vision_msgs/msg/ObjectHypothesis.msg
[0.248s] -- Up-to-date symlink: /home/aiv/YongJun_ws/matlab/AutoL_LiDAR/install/vision_msgs/share/vision_msgs/msg/ObjectHypothesisWithPose.msg
[0.248s] -- Up-to-date symlink: /home/aiv/YongJun_ws/matlab/AutoL_LiDAR/install/vision_msgs/share/ament_index/resource_index/package_run_dependencies/vision_msgs
[0.249s] -- Up-to-date symlink: /home/aiv/YongJun_ws/matlab/AutoL_LiDAR/install/vision_msgs/share/ament_index/resource_index/parent_prefix_path/vision_msgs
[0.249s] -- Up-to-date symlink: /home/aiv/YongJun_ws/matlab/AutoL_LiDAR/install/vision_msgs/share/vision_msgs/environment/ament_prefix_path.sh
[0.249s] -- Up-to-date symlink: /home/aiv/YongJun_ws/matlab/AutoL_LiDAR/install/vision_msgs/share/vision_msgs/environment/ament_prefix_path.dsv
[0.249s] -- Up-to-date symlink: /home/aiv/YongJun_ws/matlab/AutoL_LiDAR/install/vision_msgs/share/vision_msgs/environment/path.sh
[0.249s] -- Up-to-date symlink: /home/aiv/YongJun_ws/matlab/AutoL_LiDAR/install/vision_msgs/share/vision_msgs/environment/path.dsv
[0.249s] -- Up-to-date symlink: /home/aiv/YongJun_ws/matlab/AutoL_LiDAR/install/vision_msgs/share/vision_msgs/local_setup.bash
[0.249s] -- Up-to-date symlink: /home/aiv/YongJun_ws/matlab/AutoL_LiDAR/install/vision_msgs/share/vision_msgs/local_setup.sh
[0.249s] -- Up-to-date symlink: /home/aiv/YongJun_ws/matlab/AutoL_LiDAR/install/vision_msgs/share/vision_msgs/local_setup.zsh
[0.250s] -- Up-to-date symlink: /home/aiv/YongJun_ws/matlab/AutoL_LiDAR/install/vision_msgs/share/vision_msgs/local_setup.dsv
[0.250s] -- Symlinking: /home/aiv/YongJun_ws/matlab/AutoL_LiDAR/install/vision_msgs/share/vision_msgs/package.dsv
[0.255s] -- Up-to-date symlink: /home/aiv/YongJun_ws/matlab/AutoL_LiDAR/install/vision_msgs/share/ament_index/resource_index/packages/vision_msgs
[0.255s] -- Up-to-date symlink: /home/aiv/YongJun_ws/matlab/AutoL_LiDAR/install/vision_msgs/share/vision_msgs/cmake/rosidl_cmake-extras.cmake
[0.255s] -- Up-to-date symlink: /home/aiv/YongJun_ws/matlab/AutoL_LiDAR/install/vision_msgs/share/vision_msgs/cmake/ament_cmake_export_dependencies-extras.cmake
[0.255s] -- Up-to-date symlink: /home/aiv/YongJun_ws/matlab/AutoL_LiDAR/install/vision_msgs/share/vision_msgs/cmake/ament_cmake_export_libraries-extras.cmake
[0.255s] -- Up-to-date symlink: /home/aiv/YongJun_ws/matlab/AutoL_LiDAR/install/vision_msgs/share/vision_msgs/cmake/ament_cmake_export_targets-extras.cmake
[0.255s] -- Up-to-date symlink: /home/aiv/YongJun_ws/matlab/AutoL_LiDAR/install/vision_msgs/share/vision_msgs/cmake/ament_cmake_export_include_directories-extras.cmake
[0.256s] -- Up-to-date symlink: /home/aiv/YongJun_ws/matlab/AutoL_LiDAR/install/vision_msgs/share/vision_msgs/cmake/rosidl_cmake_export_typesupport_libraries-extras.cmake
[0.256s] -- Up-to-date symlink: /home/aiv/YongJun_ws/matlab/AutoL_LiDAR/install/vision_msgs/share/vision_msgs/cmake/rosidl_cmake_export_typesupport_targets-extras.cmake
[0.256s] -- Up-to-date symlink: /home/aiv/YongJun_ws/matlab/AutoL_LiDAR/install/vision_msgs/share/vision_msgs/cmake/vision_msgsConfig.cmake
[0.256s] -- Up-to-date symlink: /home/aiv/YongJun_ws/matlab/AutoL_LiDAR/install/vision_msgs/share/vision_msgs/cmake/vision_msgsConfig-version.cmake
[0.256s] -- Up-to-date symlink: /home/aiv/YongJun_ws/matlab/AutoL_LiDAR/install/vision_msgs/share/vision_msgs/package.xml
[0.256s] -- Up-to-date: /home/aiv/YongJun_ws/matlab/AutoL_LiDAR/install/vision_msgs/lib/libvision_msgs__rosidl_generator_c.so
[0.256s] -- Up-to-date: /home/aiv/YongJun_ws/matlab/AutoL_LiDAR/install/vision_msgs/lib/libvision_msgs__rosidl_typesupport_introspection_c.so
[0.256s] -- Up-to-date: /home/aiv/YongJun_ws/matlab/AutoL_LiDAR/install/vision_msgs/lib/libvision_msgs__rosidl_typesupport_c.so
[0.256s] -- Up-to-date: /home/aiv/YongJun_ws/matlab/AutoL_LiDAR/install/vision_msgs/lib/libvision_msgs__rosidl_typesupport_introspection_cpp.so
[0.256s] -- Up-to-date: /home/aiv/YongJun_ws/matlab/AutoL_LiDAR/install/vision_msgs/lib/libvision_msgs__rosidl_typesupport_cpp.so
[0.280s] -- Up-to-date: /home/aiv/YongJun_ws/matlab/AutoL_LiDAR/install/vision_msgs/share/vision_msgs/cmake/vision_msgs__rosidl_generator_cExport.cmake
[0.280s] -- Up-to-date: /home/aiv/YongJun_ws/matlab/AutoL_LiDAR/install/vision_msgs/share/vision_msgs/cmake/vision_msgs__rosidl_generator_cExport-release.cmake
[0.280s] -- Up-to-date: /home/aiv/YongJun_ws/matlab/AutoL_LiDAR/install/vision_msgs/share/vision_msgs/cmake/vision_msgs__rosidl_typesupport_introspection_cExport.cmake
[0.280s] -- Up-to-date: /home/aiv/YongJun_ws/matlab/AutoL_LiDAR/install/vision_msgs/share/vision_msgs/cmake/vision_msgs__rosidl_typesupport_introspection_cExport-release.cmake
[0.280s] -- Up-to-date: /home/aiv/YongJun_ws/matlab/AutoL_LiDAR/install/vision_msgs/share/vision_msgs/cmake/vision_msgs__rosidl_typesupport_cExport.cmake
[0.280s] -- Up-to-date: /home/aiv/YongJun_ws/matlab/AutoL_LiDAR/install/vision_msgs/share/vision_msgs/cmake/vision_msgs__rosidl_typesupport_cExport-release.cmake
[0.280s] -- Up-to-date: /home/aiv/YongJun_ws/matlab/AutoL_LiDAR/install/vision_msgs/share/vision_msgs/cmake/vision_msgs__rosidl_generator_cppExport.cmake
[0.280s] -- Up-to-date: /home/aiv/YongJun_ws/matlab/AutoL_LiDAR/install/vision_msgs/share/vision_msgs/cmake/vision_msgs__rosidl_typesupport_introspection_cppExport.cmake
[0.281s] -- Up-to-date: /home/aiv/YongJun_ws/matlab/AutoL_LiDAR/install/vision_msgs/share/vision_msgs/cmake/vision_msgs__rosidl_typesupport_introspection_cppExport-release.cmake
[0.281s] -- Up-to-date: /home/aiv/YongJun_ws/matlab/AutoL_LiDAR/install/vision_msgs/share/vision_msgs/cmake/vision_msgs__rosidl_typesupport_cppExport.cmake
[0.281s] -- Up-to-date: /home/aiv/YongJun_ws/matlab/AutoL_LiDAR/install/vision_msgs/share/vision_msgs/cmake/vision_msgs__rosidl_typesupport_cppExport-release.cmake
[0.282s] Invoked command in '/home/aiv/YongJun_ws/matlab/Livox_LiDAR/build/vision_msgs' returned '0': CMAKE_PREFIX_PATH=${CMAKE_PREFIX_PATH}:/opt/ros/foxy /usr/bin/cmake --install /home/aiv/YongJun_ws/matlab/Livox_LiDAR/build/vision_msgs
