[0.194s] Invoking command in '/home/yong/sensor/build/yolov8_msgs': CMAKE_PREFIX_PATH=${CMAKE_PREFIX_PATH}:/home/yong/sensor/install/yolov8_ros:/home/yong/sensor/install/yolov5_ros2:/home/yong/sensor/install/yolov5_ros:/opt/ros/foxy /usr/bin/cmake /home/yong/sensor/src/yolov8_ros/yolov8_msgs -DAMENT_CMAKE_SYMLINK_INSTALL=1 -DCMAKE_INSTALL_PREFIX=/home/yong/sensor/install/yolov8_msgs
[0.202s] -- Found ament_cmake: 0.9.12 (/opt/ros/foxy/share/ament_cmake/cmake)
[0.219s] -- Found PythonInterp: /usr/bin/python3 (found suitable version "3.8.10", minimum required is "3") 
[0.219s] -- Using PYTHON_EXECUTABLE: /usr/bin/python3
[0.368s] -- Override CMake install command with custom implementation using symlinks instead of copying resources
[0.373s] -- Found rosidl_default_generators: 1.0.1 (/opt/ros/foxy/share/rosidl_default_generators/cmake)
[0.376s] -- Using all available rosidl_typesupport_c: rosidl_typesupport_fastrtps_c;rosidl_typesupport_introspection_c
[0.378s] -- Found rosidl_adapter: 1.3.1 (/opt/ros/foxy/share/rosidl_adapter/cmake)
[0.474s] -- Using all available rosidl_typesupport_cpp: rosidl_typesupport_fastrtps_cpp;rosidl_typesupport_introspection_cpp
[0.491s] -- Found std_msgs: 2.0.5 (/opt/ros/foxy/share/std_msgs/cmake)
[0.515s] -- Found geometry_msgs: 2.0.5 (/opt/ros/foxy/share/geometry_msgs/cmake)
[0.557s] -- Found PythonInterp: /usr/bin/python3 (found version "3.8.10") 
[0.728s] -- Found ament_cmake_ros: 0.9.2 (/opt/ros/foxy/share/ament_cmake_ros/cmake)
[0.903s] -- Using all available rosidl_typesupport_c: rosidl_typesupport_fastrtps_c;rosidl_typesupport_introspection_c
[0.988s] -- Using all available rosidl_typesupport_cpp: rosidl_typesupport_fastrtps_cpp;rosidl_typesupport_introspection_cpp
[1.012s] -- Found PythonInterp: /usr/bin/python3 (found suitable version "3.8.10", minimum required is "3.5") 
[1.012s] -- Found python_cmake_module: 0.8.1 (/opt/ros/foxy/share/python_cmake_module/cmake)
[1.032s] -- Using PYTHON_EXECUTABLE: /usr/bin/python3
[1.032s] -- Using PYTHON_INCLUDE_DIRS: /usr/include/python3.8
[1.032s] -- Using PYTHON_LIBRARIES: /usr/lib/x86_64-linux-gnu/libpython3.8.so
[1.086s] -- Configuring done
[1.141s] -- Generating done
[1.143s] -- Build files have been written to: /home/yong/sensor/build/yolov8_msgs
[1.150s] Invoked command in '/home/yong/sensor/build/yolov8_msgs' returned '0': CMAKE_PREFIX_PATH=${CMAKE_PREFIX_PATH}:/home/yong/sensor/install/yolov8_ros:/home/yong/sensor/install/yolov5_ros2:/home/yong/sensor/install/yolov5_ros:/opt/ros/foxy /usr/bin/cmake /home/yong/sensor/src/yolov8_ros/yolov8_msgs -DAMENT_CMAKE_SYMLINK_INSTALL=1 -DCMAKE_INSTALL_PREFIX=/home/yong/sensor/install/yolov8_msgs
[1.151s] Invoking command in '/home/yong/sensor/build/yolov8_msgs': CMAKE_PREFIX_PATH=${CMAKE_PREFIX_PATH}:/home/yong/sensor/install/yolov8_ros:/home/yong/sensor/install/yolov5_ros2:/home/yong/sensor/install/yolov5_ros:/opt/ros/foxy /usr/bin/cmake --build /home/yong/sensor/build/yolov8_msgs -- -j8 -l8
[1.190s] [  0%] Built target yolov8_msgs__cpp
[1.193s] [ 12%] Built target yolov8_msgs__rosidl_generator_c
[1.220s] [ 13%] [32m[1mLinking CXX shared library libyolov8_msgs__rosidl_typesupport_fastrtps_cpp.so[0m
[1.220s] [ 25%] Built target yolov8_msgs__rosidl_typesupport_introspection_cpp
[1.226s] [ 37%] Built target yolov8_msgs__rosidl_typesupport_introspection_c
[1.227s] [ 54%] Built target yolov8_msgs__rosidl_typesupport_c
[1.227s] [ 61%] Built target yolov8_msgs__rosidl_typesupport_cpp
[1.298s] [ 71%] Built target yolov8_msgs__rosidl_typesupport_fastrtps_cpp
[1.320s] [ 72%] [32m[1mLinking CXX shared library libyolov8_msgs__rosidl_typesupport_fastrtps_c.so[0m
[1.392s] [ 83%] Built target yolov8_msgs__rosidl_typesupport_fastrtps_c
[1.407s] [ 83%] Built target yolov8_msgs
[1.425s] [ 84%] Built target yolov8_msgs__py
[1.451s] [ 85%] [32m[1mLinking C shared library rosidl_generator_py/yolov8_msgs/libyolov8_msgs__python.so[0m
[1.485s] [ 95%] Built target yolov8_msgs__python
[1.505s] [ 96%] [32m[1mLinking C shared library rosidl_generator_py/yolov8_msgs/yolov8_msgs_s__rosidl_typesupport_introspection_c.cpython-38-x86_64-linux-gnu.so[0m
[1.506s] [ 97%] [32m[1mLinking CXX shared library rosidl_generator_py/yolov8_msgs/yolov8_msgs_s__rosidl_typesupport_fastrtps_c.cpython-38-x86_64-linux-gnu.so[0m
[1.507s] [ 98%] [32m[1mLinking C shared library rosidl_generator_py/yolov8_msgs/yolov8_msgs_s__rosidl_typesupport_c.cpython-38-x86_64-linux-gnu.so[0m
[1.535s] [ 99%] Built target yolov8_msgs__rosidl_typesupport_introspection_c__pyext
[1.558s] [100%] Built target yolov8_msgs__rosidl_typesupport_c__pyext
[1.558s] [100%] Built target yolov8_msgs__rosidl_typesupport_fastrtps_c__pyext
[1.566s] Invoked command in '/home/yong/sensor/build/yolov8_msgs' returned '0': CMAKE_PREFIX_PATH=${CMAKE_PREFIX_PATH}:/home/yong/sensor/install/yolov8_ros:/home/yong/sensor/install/yolov5_ros2:/home/yong/sensor/install/yolov5_ros:/opt/ros/foxy /usr/bin/cmake --build /home/yong/sensor/build/yolov8_msgs -- -j8 -l8
[1.689s] Invoking command in '/home/yong/sensor/build/yolov8_msgs': CMAKE_PREFIX_PATH=${CMAKE_PREFIX_PATH}:/home/yong/sensor/install/yolov8_ros:/home/yong/sensor/install/yolov5_ros2:/home/yong/sensor/install/yolov5_ros:/opt/ros/foxy /usr/bin/cmake --install /home/yong/sensor/build/yolov8_msgs
[1.694s] -- Install configuration: ""
[1.695s] -- Execute custom install script
[1.696s] -- Symlinking: /home/yong/sensor/install/yolov8_msgs/share/ament_index/resource_index/rosidl_interfaces/yolov8_msgs
[1.703s] -- Symlinking: /home/yong/sensor/install/yolov8_msgs/include/yolov8_msgs/msg/bounding_box2_d.h
[1.709s] -- Symlinking: /home/yong/sensor/install/yolov8_msgs/include/yolov8_msgs/msg/bounding_box3_d.h
[1.715s] -- Symlinking: /home/yong/sensor/install/yolov8_msgs/include/yolov8_msgs/msg/detail/bounding_box2_d__functions.h
[1.722s] -- Symlinking: /home/yong/sensor/install/yolov8_msgs/include/yolov8_msgs/msg/detail/bounding_box2_d__struct.h
[1.729s] -- Symlinking: /home/yong/sensor/install/yolov8_msgs/include/yolov8_msgs/msg/detail/bounding_box2_d__type_support.h
[1.735s] -- Symlinking: /home/yong/sensor/install/yolov8_msgs/include/yolov8_msgs/msg/detail/bounding_box3_d__functions.h
[1.741s] -- Symlinking: /home/yong/sensor/install/yolov8_msgs/include/yolov8_msgs/msg/detail/bounding_box3_d__struct.h
[1.748s] -- Symlinking: /home/yong/sensor/install/yolov8_msgs/include/yolov8_msgs/msg/detail/bounding_box3_d__type_support.h
[1.754s] -- Symlinking: /home/yong/sensor/install/yolov8_msgs/include/yolov8_msgs/msg/detail/detection__functions.h
[1.761s] -- Symlinking: /home/yong/sensor/install/yolov8_msgs/include/yolov8_msgs/msg/detail/detection__struct.h
[1.767s] -- Symlinking: /home/yong/sensor/install/yolov8_msgs/include/yolov8_msgs/msg/detail/detection__type_support.h
[1.773s] -- Symlinking: /home/yong/sensor/install/yolov8_msgs/include/yolov8_msgs/msg/detail/detection_array__functions.h
[1.779s] -- Symlinking: /home/yong/sensor/install/yolov8_msgs/include/yolov8_msgs/msg/detail/detection_array__struct.h
[1.786s] -- Symlinking: /home/yong/sensor/install/yolov8_msgs/include/yolov8_msgs/msg/detail/detection_array__type_support.h
[1.792s] -- Symlinking: /home/yong/sensor/install/yolov8_msgs/include/yolov8_msgs/msg/detail/key_point2_d__functions.h
[1.798s] -- Symlinking: /home/yong/sensor/install/yolov8_msgs/include/yolov8_msgs/msg/detail/key_point2_d__struct.h
[1.805s] -- Symlinking: /home/yong/sensor/install/yolov8_msgs/include/yolov8_msgs/msg/detail/key_point2_d__type_support.h
[1.811s] -- Symlinking: /home/yong/sensor/install/yolov8_msgs/include/yolov8_msgs/msg/detail/key_point2_d_array__functions.h
[1.818s] -- Symlinking: /home/yong/sensor/install/yolov8_msgs/include/yolov8_msgs/msg/detail/key_point2_d_array__struct.h
[1.824s] -- Symlinking: /home/yong/sensor/install/yolov8_msgs/include/yolov8_msgs/msg/detail/key_point2_d_array__type_support.h
[1.830s] -- Symlinking: /home/yong/sensor/install/yolov8_msgs/include/yolov8_msgs/msg/detail/key_point3_d__functions.h
[1.837s] -- Symlinking: /home/yong/sensor/install/yolov8_msgs/include/yolov8_msgs/msg/detail/key_point3_d__struct.h
[1.844s] -- Symlinking: /home/yong/sensor/install/yolov8_msgs/include/yolov8_msgs/msg/detail/key_point3_d__type_support.h
[1.850s] -- Symlinking: /home/yong/sensor/install/yolov8_msgs/include/yolov8_msgs/msg/detail/key_point3_d_array__functions.h
[1.856s] -- Symlinking: /home/yong/sensor/install/yolov8_msgs/include/yolov8_msgs/msg/detail/key_point3_d_array__struct.h
[1.863s] -- Symlinking: /home/yong/sensor/install/yolov8_msgs/include/yolov8_msgs/msg/detail/key_point3_d_array__type_support.h
[1.869s] -- Symlinking: /home/yong/sensor/install/yolov8_msgs/include/yolov8_msgs/msg/detail/mask__functions.h
[1.876s] -- Symlinking: /home/yong/sensor/install/yolov8_msgs/include/yolov8_msgs/msg/detail/mask__struct.h
[1.882s] -- Symlinking: /home/yong/sensor/install/yolov8_msgs/include/yolov8_msgs/msg/detail/mask__type_support.h
[1.888s] -- Symlinking: /home/yong/sensor/install/yolov8_msgs/include/yolov8_msgs/msg/detail/point2_d__functions.h
[1.895s] -- Symlinking: /home/yong/sensor/install/yolov8_msgs/include/yolov8_msgs/msg/detail/point2_d__struct.h
[1.901s] -- Symlinking: /home/yong/sensor/install/yolov8_msgs/include/yolov8_msgs/msg/detail/point2_d__type_support.h
[1.908s] -- Symlinking: /home/yong/sensor/install/yolov8_msgs/include/yolov8_msgs/msg/detail/pose2_d__functions.h
[1.914s] -- Symlinking: /home/yong/sensor/install/yolov8_msgs/include/yolov8_msgs/msg/detail/pose2_d__struct.h
[1.921s] -- Symlinking: /home/yong/sensor/install/yolov8_msgs/include/yolov8_msgs/msg/detail/pose2_d__type_support.h
[1.927s] -- Symlinking: /home/yong/sensor/install/yolov8_msgs/include/yolov8_msgs/msg/detail/vector2__functions.h
[1.934s] -- Symlinking: /home/yong/sensor/install/yolov8_msgs/include/yolov8_msgs/msg/detail/vector2__struct.h
[1.941s] -- Symlinking: /home/yong/sensor/install/yolov8_msgs/include/yolov8_msgs/msg/detail/vector2__type_support.h
[1.947s] -- Symlinking: /home/yong/sensor/install/yolov8_msgs/include/yolov8_msgs/msg/detection.h
[1.954s] -- Symlinking: /home/yong/sensor/install/yolov8_msgs/include/yolov8_msgs/msg/detection_array.h
[1.961s] -- Symlinking: /home/yong/sensor/install/yolov8_msgs/include/yolov8_msgs/msg/key_point2_d.h
[1.967s] -- Symlinking: /home/yong/sensor/install/yolov8_msgs/include/yolov8_msgs/msg/key_point2_d_array.h
[1.974s] -- Symlinking: /home/yong/sensor/install/yolov8_msgs/include/yolov8_msgs/msg/key_point3_d.h
[1.980s] -- Symlinking: /home/yong/sensor/install/yolov8_msgs/include/yolov8_msgs/msg/key_point3_d_array.h
[1.987s] -- Symlinking: /home/yong/sensor/install/yolov8_msgs/include/yolov8_msgs/msg/mask.h
[1.994s] -- Symlinking: /home/yong/sensor/install/yolov8_msgs/include/yolov8_msgs/msg/point2_d.h
[2.000s] -- Symlinking: /home/yong/sensor/install/yolov8_msgs/include/yolov8_msgs/msg/pose2_d.h
[2.006s] -- Symlinking: /home/yong/sensor/install/yolov8_msgs/include/yolov8_msgs/msg/rosidl_generator_c__visibility_control.h
[2.013s] -- Symlinking: /home/yong/sensor/install/yolov8_msgs/include/yolov8_msgs/msg/vector2.h
[2.019s] -- Symlinking: /home/yong/sensor/install/yolov8_msgs/share/yolov8_msgs/environment/library_path.sh
[2.026s] -- Symlinking: /home/yong/sensor/install/yolov8_msgs/share/yolov8_msgs/environment/library_path.dsv
[2.033s] -- Symlinking: /home/yong/sensor/install/yolov8_msgs/include/yolov8_msgs/msg/detail/bounding_box2_d__rosidl_typesupport_fastrtps_c.h
[2.040s] -- Symlinking: /home/yong/sensor/install/yolov8_msgs/include/yolov8_msgs/msg/detail/bounding_box3_d__rosidl_typesupport_fastrtps_c.h
[2.046s] -- Symlinking: /home/yong/sensor/install/yolov8_msgs/include/yolov8_msgs/msg/detail/detection__rosidl_typesupport_fastrtps_c.h
[2.053s] -- Symlinking: /home/yong/sensor/install/yolov8_msgs/include/yolov8_msgs/msg/detail/detection_array__rosidl_typesupport_fastrtps_c.h
[2.060s] -- Symlinking: /home/yong/sensor/install/yolov8_msgs/include/yolov8_msgs/msg/detail/key_point2_d__rosidl_typesupport_fastrtps_c.h
[2.066s] -- Symlinking: /home/yong/sensor/install/yolov8_msgs/include/yolov8_msgs/msg/detail/key_point2_d_array__rosidl_typesupport_fastrtps_c.h
[2.073s] -- Symlinking: /home/yong/sensor/install/yolov8_msgs/include/yolov8_msgs/msg/detail/key_point3_d__rosidl_typesupport_fastrtps_c.h
[2.079s] -- Symlinking: /home/yong/sensor/install/yolov8_msgs/include/yolov8_msgs/msg/detail/key_point3_d_array__rosidl_typesupport_fastrtps_c.h
[2.085s] -- Symlinking: /home/yong/sensor/install/yolov8_msgs/include/yolov8_msgs/msg/detail/mask__rosidl_typesupport_fastrtps_c.h
[2.092s] -- Symlinking: /home/yong/sensor/install/yolov8_msgs/include/yolov8_msgs/msg/detail/point2_d__rosidl_typesupport_fastrtps_c.h
[2.098s] -- Symlinking: /home/yong/sensor/install/yolov8_msgs/include/yolov8_msgs/msg/detail/pose2_d__rosidl_typesupport_fastrtps_c.h
[2.105s] -- Symlinking: /home/yong/sensor/install/yolov8_msgs/include/yolov8_msgs/msg/detail/vector2__rosidl_typesupport_fastrtps_c.h
[2.111s] -- Symlinking: /home/yong/sensor/install/yolov8_msgs/include/yolov8_msgs/msg/rosidl_typesupport_fastrtps_c__visibility_control.h
[2.118s] -- Symlinking: /home/yong/sensor/install/yolov8_msgs/lib/libyolov8_msgs__rosidl_typesupport_fastrtps_c.so
[2.125s] -- Symlinking: /home/yong/sensor/install/yolov8_msgs/include/yolov8_msgs/msg/detail/bounding_box2_d__rosidl_typesupport_fastrtps_cpp.hpp
[2.131s] -- Symlinking: /home/yong/sensor/install/yolov8_msgs/include/yolov8_msgs/msg/detail/bounding_box3_d__rosidl_typesupport_fastrtps_cpp.hpp
[2.137s] -- Symlinking: /home/yong/sensor/install/yolov8_msgs/include/yolov8_msgs/msg/detail/detection__rosidl_typesupport_fastrtps_cpp.hpp
[2.144s] -- Symlinking: /home/yong/sensor/install/yolov8_msgs/include/yolov8_msgs/msg/detail/detection_array__rosidl_typesupport_fastrtps_cpp.hpp
[2.150s] -- Symlinking: /home/yong/sensor/install/yolov8_msgs/include/yolov8_msgs/msg/detail/key_point2_d__rosidl_typesupport_fastrtps_cpp.hpp
[2.157s] -- Symlinking: /home/yong/sensor/install/yolov8_msgs/include/yolov8_msgs/msg/detail/key_point2_d_array__rosidl_typesupport_fastrtps_cpp.hpp
[2.163s] -- Symlinking: /home/yong/sensor/install/yolov8_msgs/include/yolov8_msgs/msg/detail/key_point3_d__rosidl_typesupport_fastrtps_cpp.hpp
[2.170s] -- Symlinking: /home/yong/sensor/install/yolov8_msgs/include/yolov8_msgs/msg/detail/key_point3_d_array__rosidl_typesupport_fastrtps_cpp.hpp
[2.176s] -- Symlinking: /home/yong/sensor/install/yolov8_msgs/include/yolov8_msgs/msg/detail/mask__rosidl_typesupport_fastrtps_cpp.hpp
[2.183s] -- Symlinking: /home/yong/sensor/install/yolov8_msgs/include/yolov8_msgs/msg/detail/point2_d__rosidl_typesupport_fastrtps_cpp.hpp
[2.189s] -- Symlinking: /home/yong/sensor/install/yolov8_msgs/include/yolov8_msgs/msg/detail/pose2_d__rosidl_typesupport_fastrtps_cpp.hpp
[2.196s] -- Symlinking: /home/yong/sensor/install/yolov8_msgs/include/yolov8_msgs/msg/detail/vector2__rosidl_typesupport_fastrtps_cpp.hpp
[2.202s] -- Symlinking: /home/yong/sensor/install/yolov8_msgs/include/yolov8_msgs/msg/rosidl_typesupport_fastrtps_cpp__visibility_control.h
[2.209s] -- Symlinking: /home/yong/sensor/install/yolov8_msgs/lib/libyolov8_msgs__rosidl_typesupport_fastrtps_cpp.so
[2.216s] -- Symlinking: /home/yong/sensor/install/yolov8_msgs/include/yolov8_msgs/msg/detail/bounding_box2_d__rosidl_typesupport_introspection_c.h
[2.223s] -- Symlinking: /home/yong/sensor/install/yolov8_msgs/include/yolov8_msgs/msg/detail/bounding_box3_d__rosidl_typesupport_introspection_c.h
[2.229s] -- Symlinking: /home/yong/sensor/install/yolov8_msgs/include/yolov8_msgs/msg/detail/detection__rosidl_typesupport_introspection_c.h
[2.236s] -- Symlinking: /home/yong/sensor/install/yolov8_msgs/include/yolov8_msgs/msg/detail/detection_array__rosidl_typesupport_introspection_c.h
[2.243s] -- Symlinking: /home/yong/sensor/install/yolov8_msgs/include/yolov8_msgs/msg/detail/key_point2_d__rosidl_typesupport_introspection_c.h
[2.249s] -- Symlinking: /home/yong/sensor/install/yolov8_msgs/include/yolov8_msgs/msg/detail/key_point2_d_array__rosidl_typesupport_introspection_c.h
[2.256s] -- Symlinking: /home/yong/sensor/install/yolov8_msgs/include/yolov8_msgs/msg/detail/key_point3_d__rosidl_typesupport_introspection_c.h
[2.262s] -- Symlinking: /home/yong/sensor/install/yolov8_msgs/include/yolov8_msgs/msg/detail/key_point3_d_array__rosidl_typesupport_introspection_c.h
[2.269s] -- Symlinking: /home/yong/sensor/install/yolov8_msgs/include/yolov8_msgs/msg/detail/mask__rosidl_typesupport_introspection_c.h
[2.275s] -- Symlinking: /home/yong/sensor/install/yolov8_msgs/include/yolov8_msgs/msg/detail/point2_d__rosidl_typesupport_introspection_c.h
[2.282s] -- Symlinking: /home/yong/sensor/install/yolov8_msgs/include/yolov8_msgs/msg/detail/pose2_d__rosidl_typesupport_introspection_c.h
[2.288s] -- Symlinking: /home/yong/sensor/install/yolov8_msgs/include/yolov8_msgs/msg/detail/vector2__rosidl_typesupport_introspection_c.h
[2.294s] -- Symlinking: /home/yong/sensor/install/yolov8_msgs/include/yolov8_msgs/msg/rosidl_typesupport_introspection_c__visibility_control.h
[2.301s] -- Symlinking: /home/yong/sensor/install/yolov8_msgs/include/yolov8_msgs/msg/bounding_box2_d.hpp
[2.308s] -- Symlinking: /home/yong/sensor/install/yolov8_msgs/include/yolov8_msgs/msg/bounding_box3_d.hpp
[2.314s] -- Symlinking: /home/yong/sensor/install/yolov8_msgs/include/yolov8_msgs/msg/detail/bounding_box2_d__builder.hpp
[2.321s] -- Symlinking: /home/yong/sensor/install/yolov8_msgs/include/yolov8_msgs/msg/detail/bounding_box2_d__struct.hpp
[2.328s] -- Symlinking: /home/yong/sensor/install/yolov8_msgs/include/yolov8_msgs/msg/detail/bounding_box2_d__traits.hpp
[2.335s] -- Symlinking: /home/yong/sensor/install/yolov8_msgs/include/yolov8_msgs/msg/detail/bounding_box2_d__type_support.hpp
[2.341s] -- Symlinking: /home/yong/sensor/install/yolov8_msgs/include/yolov8_msgs/msg/detail/bounding_box3_d__builder.hpp
[2.348s] -- Symlinking: /home/yong/sensor/install/yolov8_msgs/include/yolov8_msgs/msg/detail/bounding_box3_d__struct.hpp
[2.355s] -- Symlinking: /home/yong/sensor/install/yolov8_msgs/include/yolov8_msgs/msg/detail/bounding_box3_d__traits.hpp
[2.361s] -- Symlinking: /home/yong/sensor/install/yolov8_msgs/include/yolov8_msgs/msg/detail/bounding_box3_d__type_support.hpp
[2.368s] -- Symlinking: /home/yong/sensor/install/yolov8_msgs/include/yolov8_msgs/msg/detail/detection__builder.hpp
[2.374s] -- Symlinking: /home/yong/sensor/install/yolov8_msgs/include/yolov8_msgs/msg/detail/detection__struct.hpp
[2.381s] -- Symlinking: /home/yong/sensor/install/yolov8_msgs/include/yolov8_msgs/msg/detail/detection__traits.hpp
[2.387s] -- Symlinking: /home/yong/sensor/install/yolov8_msgs/include/yolov8_msgs/msg/detail/detection__type_support.hpp
[2.394s] -- Symlinking: /home/yong/sensor/install/yolov8_msgs/include/yolov8_msgs/msg/detail/detection_array__builder.hpp
[2.400s] -- Symlinking: /home/yong/sensor/install/yolov8_msgs/include/yolov8_msgs/msg/detail/detection_array__struct.hpp
[2.406s] -- Symlinking: /home/yong/sensor/install/yolov8_msgs/include/yolov8_msgs/msg/detail/detection_array__traits.hpp
[2.413s] -- Symlinking: /home/yong/sensor/install/yolov8_msgs/include/yolov8_msgs/msg/detail/detection_array__type_support.hpp
[2.419s] -- Symlinking: /home/yong/sensor/install/yolov8_msgs/include/yolov8_msgs/msg/detail/key_point2_d__builder.hpp
[2.425s] -- Symlinking: /home/yong/sensor/install/yolov8_msgs/include/yolov8_msgs/msg/detail/key_point2_d__struct.hpp
[2.432s] -- Symlinking: /home/yong/sensor/install/yolov8_msgs/include/yolov8_msgs/msg/detail/key_point2_d__traits.hpp
[2.438s] -- Symlinking: /home/yong/sensor/install/yolov8_msgs/include/yolov8_msgs/msg/detail/key_point2_d__type_support.hpp
[2.444s] -- Symlinking: /home/yong/sensor/install/yolov8_msgs/include/yolov8_msgs/msg/detail/key_point2_d_array__builder.hpp
[2.450s] -- Symlinking: /home/yong/sensor/install/yolov8_msgs/include/yolov8_msgs/msg/detail/key_point2_d_array__struct.hpp
[2.456s] -- Symlinking: /home/yong/sensor/install/yolov8_msgs/include/yolov8_msgs/msg/detail/key_point2_d_array__traits.hpp
[2.462s] -- Symlinking: /home/yong/sensor/install/yolov8_msgs/include/yolov8_msgs/msg/detail/key_point2_d_array__type_support.hpp
[2.469s] -- Symlinking: /home/yong/sensor/install/yolov8_msgs/include/yolov8_msgs/msg/detail/key_point3_d__builder.hpp
[2.475s] -- Symlinking: /home/yong/sensor/install/yolov8_msgs/include/yolov8_msgs/msg/detail/key_point3_d__struct.hpp
[2.482s] -- Symlinking: /home/yong/sensor/install/yolov8_msgs/include/yolov8_msgs/msg/detail/key_point3_d__traits.hpp
[2.488s] -- Symlinking: /home/yong/sensor/install/yolov8_msgs/include/yolov8_msgs/msg/detail/key_point3_d__type_support.hpp
[2.494s] -- Symlinking: /home/yong/sensor/install/yolov8_msgs/include/yolov8_msgs/msg/detail/key_point3_d_array__builder.hpp
[2.501s] -- Symlinking: /home/yong/sensor/install/yolov8_msgs/include/yolov8_msgs/msg/detail/key_point3_d_array__struct.hpp
[2.507s] -- Symlinking: /home/yong/sensor/install/yolov8_msgs/include/yolov8_msgs/msg/detail/key_point3_d_array__traits.hpp
[2.513s] -- Symlinking: /home/yong/sensor/install/yolov8_msgs/include/yolov8_msgs/msg/detail/key_point3_d_array__type_support.hpp
[2.520s] -- Symlinking: /home/yong/sensor/install/yolov8_msgs/include/yolov8_msgs/msg/detail/mask__builder.hpp
[2.526s] -- Symlinking: /home/yong/sensor/install/yolov8_msgs/include/yolov8_msgs/msg/detail/mask__struct.hpp
[2.533s] -- Symlinking: /home/yong/sensor/install/yolov8_msgs/include/yolov8_msgs/msg/detail/mask__traits.hpp
[2.539s] -- Symlinking: /home/yong/sensor/install/yolov8_msgs/include/yolov8_msgs/msg/detail/mask__type_support.hpp
[2.545s] -- Symlinking: /home/yong/sensor/install/yolov8_msgs/include/yolov8_msgs/msg/detail/point2_d__builder.hpp
[2.551s] -- Symlinking: /home/yong/sensor/install/yolov8_msgs/include/yolov8_msgs/msg/detail/point2_d__struct.hpp
[2.558s] -- Symlinking: /home/yong/sensor/install/yolov8_msgs/include/yolov8_msgs/msg/detail/point2_d__traits.hpp
[2.564s] -- Symlinking: /home/yong/sensor/install/yolov8_msgs/include/yolov8_msgs/msg/detail/point2_d__type_support.hpp
[2.570s] -- Symlinking: /home/yong/sensor/install/yolov8_msgs/include/yolov8_msgs/msg/detail/pose2_d__builder.hpp
[2.576s] -- Symlinking: /home/yong/sensor/install/yolov8_msgs/include/yolov8_msgs/msg/detail/pose2_d__struct.hpp
[2.584s] -- Symlinking: /home/yong/sensor/install/yolov8_msgs/include/yolov8_msgs/msg/detail/pose2_d__traits.hpp
[2.590s] -- Symlinking: /home/yong/sensor/install/yolov8_msgs/include/yolov8_msgs/msg/detail/pose2_d__type_support.hpp
[2.596s] -- Symlinking: /home/yong/sensor/install/yolov8_msgs/include/yolov8_msgs/msg/detail/vector2__builder.hpp
[2.601s] -- Symlinking: /home/yong/sensor/install/yolov8_msgs/include/yolov8_msgs/msg/detail/vector2__struct.hpp
[2.608s] -- Symlinking: /home/yong/sensor/install/yolov8_msgs/include/yolov8_msgs/msg/detail/vector2__traits.hpp
[2.614s] -- Symlinking: /home/yong/sensor/install/yolov8_msgs/include/yolov8_msgs/msg/detail/vector2__type_support.hpp
[2.621s] -- Symlinking: /home/yong/sensor/install/yolov8_msgs/include/yolov8_msgs/msg/detection.hpp
[2.627s] -- Symlinking: /home/yong/sensor/install/yolov8_msgs/include/yolov8_msgs/msg/detection_array.hpp
[2.633s] -- Symlinking: /home/yong/sensor/install/yolov8_msgs/include/yolov8_msgs/msg/key_point2_d.hpp
[2.640s] -- Symlinking: /home/yong/sensor/install/yolov8_msgs/include/yolov8_msgs/msg/key_point2_d_array.hpp
[2.646s] -- Symlinking: /home/yong/sensor/install/yolov8_msgs/include/yolov8_msgs/msg/key_point3_d.hpp
[2.653s] -- Symlinking: /home/yong/sensor/install/yolov8_msgs/include/yolov8_msgs/msg/key_point3_d_array.hpp
[2.660s] -- Symlinking: /home/yong/sensor/install/yolov8_msgs/include/yolov8_msgs/msg/mask.hpp
[2.666s] -- Symlinking: /home/yong/sensor/install/yolov8_msgs/include/yolov8_msgs/msg/point2_d.hpp
[2.672s] -- Symlinking: /home/yong/sensor/install/yolov8_msgs/include/yolov8_msgs/msg/pose2_d.hpp
[2.678s] -- Symlinking: /home/yong/sensor/install/yolov8_msgs/include/yolov8_msgs/msg/rosidl_generator_cpp__visibility_control.hpp
[2.685s] -- Symlinking: /home/yong/sensor/install/yolov8_msgs/include/yolov8_msgs/msg/vector2.hpp
[2.692s] -- Symlinking: /home/yong/sensor/install/yolov8_msgs/include/yolov8_msgs/msg/detail/bounding_box2_d__rosidl_typesupport_introspection_cpp.hpp
[2.698s] -- Symlinking: /home/yong/sensor/install/yolov8_msgs/include/yolov8_msgs/msg/detail/bounding_box3_d__rosidl_typesupport_introspection_cpp.hpp
[2.704s] -- Symlinking: /home/yong/sensor/install/yolov8_msgs/include/yolov8_msgs/msg/detail/detection__rosidl_typesupport_introspection_cpp.hpp
[2.710s] -- Symlinking: /home/yong/sensor/install/yolov8_msgs/include/yolov8_msgs/msg/detail/detection_array__rosidl_typesupport_introspection_cpp.hpp
[2.716s] -- Symlinking: /home/yong/sensor/install/yolov8_msgs/include/yolov8_msgs/msg/detail/key_point2_d__rosidl_typesupport_introspection_cpp.hpp
[2.722s] -- Symlinking: /home/yong/sensor/install/yolov8_msgs/include/yolov8_msgs/msg/detail/key_point2_d_array__rosidl_typesupport_introspection_cpp.hpp
[2.728s] -- Symlinking: /home/yong/sensor/install/yolov8_msgs/include/yolov8_msgs/msg/detail/key_point3_d__rosidl_typesupport_introspection_cpp.hpp
[2.734s] -- Symlinking: /home/yong/sensor/install/yolov8_msgs/include/yolov8_msgs/msg/detail/key_point3_d_array__rosidl_typesupport_introspection_cpp.hpp
[2.740s] -- Symlinking: /home/yong/sensor/install/yolov8_msgs/include/yolov8_msgs/msg/detail/mask__rosidl_typesupport_introspection_cpp.hpp
[2.746s] -- Symlinking: /home/yong/sensor/install/yolov8_msgs/include/yolov8_msgs/msg/detail/point2_d__rosidl_typesupport_introspection_cpp.hpp
[2.752s] -- Symlinking: /home/yong/sensor/install/yolov8_msgs/include/yolov8_msgs/msg/detail/pose2_d__rosidl_typesupport_introspection_cpp.hpp
[2.759s] -- Symlinking: /home/yong/sensor/install/yolov8_msgs/include/yolov8_msgs/msg/detail/vector2__rosidl_typesupport_introspection_cpp.hpp
[2.765s] -- Symlinking: /home/yong/sensor/install/yolov8_msgs/share/yolov8_msgs/environment/pythonpath.sh
[2.772s] -- Symlinking: /home/yong/sensor/install/yolov8_msgs/share/yolov8_msgs/environment/pythonpath.dsv
[2.778s] -- Symlinking: /home/yong/sensor/install/yolov8_msgs/lib/python3.8/site-packages/yolov8_msgs/__init__.py
[2.785s] -- Symlinking: /home/yong/sensor/install/yolov8_msgs/lib/python3.8/site-packages/yolov8_msgs/msg/__init__.py
[2.791s] -- Symlinking: /home/yong/sensor/install/yolov8_msgs/lib/python3.8/site-packages/yolov8_msgs/msg/_bounding_box2_d.py
[2.798s] -- Symlinking: /home/yong/sensor/install/yolov8_msgs/lib/python3.8/site-packages/yolov8_msgs/msg/_bounding_box3_d.py
[2.804s] -- Symlinking: /home/yong/sensor/install/yolov8_msgs/lib/python3.8/site-packages/yolov8_msgs/msg/_detection.py
[2.811s] -- Symlinking: /home/yong/sensor/install/yolov8_msgs/lib/python3.8/site-packages/yolov8_msgs/msg/_detection_array.py
[2.816s] -- Symlinking: /home/yong/sensor/install/yolov8_msgs/lib/python3.8/site-packages/yolov8_msgs/msg/_key_point2_d.py
[2.822s] -- Symlinking: /home/yong/sensor/install/yolov8_msgs/lib/python3.8/site-packages/yolov8_msgs/msg/_key_point2_d_array.py
[2.828s] -- Symlinking: /home/yong/sensor/install/yolov8_msgs/lib/python3.8/site-packages/yolov8_msgs/msg/_key_point3_d.py
[2.834s] -- Symlinking: /home/yong/sensor/install/yolov8_msgs/lib/python3.8/site-packages/yolov8_msgs/msg/_key_point3_d_array.py
[2.840s] -- Symlinking: /home/yong/sensor/install/yolov8_msgs/lib/python3.8/site-packages/yolov8_msgs/msg/_mask.py
[2.846s] -- Symlinking: /home/yong/sensor/install/yolov8_msgs/lib/python3.8/site-packages/yolov8_msgs/msg/_point2_d.py
[2.851s] -- Symlinking: /home/yong/sensor/install/yolov8_msgs/lib/python3.8/site-packages/yolov8_msgs/msg/_pose2_d.py
[2.857s] -- Symlinking: /home/yong/sensor/install/yolov8_msgs/lib/python3.8/site-packages/yolov8_msgs/msg/_vector2.py
[2.863s] -- Symlinking: /home/yong/sensor/install/yolov8_msgs/lib/python3.8/site-packages/yolov8_msgs/yolov8_msgs_s__rosidl_typesupport_fastrtps_c.cpython-38-x86_64-linux-gnu.so
[2.870s] -- Symlinking: /home/yong/sensor/install/yolov8_msgs/lib/python3.8/site-packages/yolov8_msgs/yolov8_msgs_s__rosidl_typesupport_introspection_c.cpython-38-x86_64-linux-gnu.so
[2.876s] -- Symlinking: /home/yong/sensor/install/yolov8_msgs/lib/python3.8/site-packages/yolov8_msgs/yolov8_msgs_s__rosidl_typesupport_c.cpython-38-x86_64-linux-gnu.so
[2.881s] -- Symlinking: /home/yong/sensor/install/yolov8_msgs/lib/libyolov8_msgs__python.so
[2.887s] -- Symlinking: /home/yong/sensor/install/yolov8_msgs/share/yolov8_msgs/msg/Point2D.idl
[2.893s] -- Symlinking: /home/yong/sensor/install/yolov8_msgs/share/yolov8_msgs/msg/Vector2.idl
[2.899s] -- Symlinking: /home/yong/sensor/install/yolov8_msgs/share/yolov8_msgs/msg/Pose2D.idl
[2.905s] -- Symlinking: /home/yong/sensor/install/yolov8_msgs/share/yolov8_msgs/msg/BoundingBox2D.idl
[2.911s] -- Symlinking: /home/yong/sensor/install/yolov8_msgs/share/yolov8_msgs/msg/BoundingBox3D.idl
[2.917s] -- Symlinking: /home/yong/sensor/install/yolov8_msgs/share/yolov8_msgs/msg/Mask.idl
[2.923s] -- Symlinking: /home/yong/sensor/install/yolov8_msgs/share/yolov8_msgs/msg/KeyPoint2D.idl
[2.930s] -- Symlinking: /home/yong/sensor/install/yolov8_msgs/share/yolov8_msgs/msg/KeyPoint2DArray.idl
[2.936s] -- Symlinking: /home/yong/sensor/install/yolov8_msgs/share/yolov8_msgs/msg/KeyPoint3D.idl
[2.942s] -- Symlinking: /home/yong/sensor/install/yolov8_msgs/share/yolov8_msgs/msg/KeyPoint3DArray.idl
[2.948s] -- Symlinking: /home/yong/sensor/install/yolov8_msgs/share/yolov8_msgs/msg/Detection.idl
[2.953s] -- Symlinking: /home/yong/sensor/install/yolov8_msgs/share/yolov8_msgs/msg/DetectionArray.idl
[2.959s] -- Symlinking: /home/yong/sensor/install/yolov8_msgs/share/yolov8_msgs/msg/Point2D.msg
[2.965s] -- Symlinking: /home/yong/sensor/install/yolov8_msgs/share/yolov8_msgs/msg/Vector2.msg
[2.971s] -- Symlinking: /home/yong/sensor/install/yolov8_msgs/share/yolov8_msgs/msg/Pose2D.msg
[2.977s] -- Symlinking: /home/yong/sensor/install/yolov8_msgs/share/yolov8_msgs/msg/BoundingBox2D.msg
[2.983s] -- Symlinking: /home/yong/sensor/install/yolov8_msgs/share/yolov8_msgs/msg/BoundingBox3D.msg
[2.989s] -- Symlinking: /home/yong/sensor/install/yolov8_msgs/share/yolov8_msgs/msg/Mask.msg
[2.995s] -- Symlinking: /home/yong/sensor/install/yolov8_msgs/share/yolov8_msgs/msg/KeyPoint2D.msg
[3.001s] -- Symlinking: /home/yong/sensor/install/yolov8_msgs/share/yolov8_msgs/msg/KeyPoint2DArray.msg
[3.007s] -- Symlinking: /home/yong/sensor/install/yolov8_msgs/share/yolov8_msgs/msg/KeyPoint3D.msg
[3.013s] -- Symlinking: /home/yong/sensor/install/yolov8_msgs/share/yolov8_msgs/msg/KeyPoint3DArray.msg
[3.019s] -- Symlinking: /home/yong/sensor/install/yolov8_msgs/share/yolov8_msgs/msg/Detection.msg
[3.025s] -- Symlinking: /home/yong/sensor/install/yolov8_msgs/share/yolov8_msgs/msg/DetectionArray.msg
[3.031s] -- Symlinking: /home/yong/sensor/install/yolov8_msgs/share/ament_index/resource_index/package_run_dependencies/yolov8_msgs
[3.037s] -- Symlinking: /home/yong/sensor/install/yolov8_msgs/share/ament_index/resource_index/parent_prefix_path/yolov8_msgs
[3.043s] -- Symlinking: /home/yong/sensor/install/yolov8_msgs/share/yolov8_msgs/environment/ament_prefix_path.sh
[3.049s] -- Symlinking: /home/yong/sensor/install/yolov8_msgs/share/yolov8_msgs/environment/ament_prefix_path.dsv
[3.054s] -- Symlinking: /home/yong/sensor/install/yolov8_msgs/share/yolov8_msgs/environment/path.sh
[3.060s] -- Symlinking: /home/yong/sensor/install/yolov8_msgs/share/yolov8_msgs/environment/path.dsv
[3.066s] -- Symlinking: /home/yong/sensor/install/yolov8_msgs/share/yolov8_msgs/local_setup.bash
[3.072s] -- Symlinking: /home/yong/sensor/install/yolov8_msgs/share/yolov8_msgs/local_setup.sh
[3.078s] -- Symlinking: /home/yong/sensor/install/yolov8_msgs/share/yolov8_msgs/local_setup.zsh
[3.084s] -- Symlinking: /home/yong/sensor/install/yolov8_msgs/share/yolov8_msgs/local_setup.dsv
[3.090s] -- Symlinking: /home/yong/sensor/install/yolov8_msgs/share/yolov8_msgs/package.dsv
[3.095s] -- Symlinking: /home/yong/sensor/install/yolov8_msgs/share/ament_index/resource_index/packages/yolov8_msgs
[3.101s] -- Symlinking: /home/yong/sensor/install/yolov8_msgs/share/yolov8_msgs/cmake/rosidl_cmake-extras.cmake
[3.107s] -- Symlinking: /home/yong/sensor/install/yolov8_msgs/share/yolov8_msgs/cmake/ament_cmake_export_dependencies-extras.cmake
[3.113s] -- Symlinking: /home/yong/sensor/install/yolov8_msgs/share/yolov8_msgs/cmake/ament_cmake_export_libraries-extras.cmake
[3.119s] -- Symlinking: /home/yong/sensor/install/yolov8_msgs/share/yolov8_msgs/cmake/ament_cmake_export_targets-extras.cmake
[3.125s] -- Symlinking: /home/yong/sensor/install/yolov8_msgs/share/yolov8_msgs/cmake/ament_cmake_export_include_directories-extras.cmake
[3.131s] -- Symlinking: /home/yong/sensor/install/yolov8_msgs/share/yolov8_msgs/cmake/rosidl_cmake_export_typesupport_libraries-extras.cmake
[3.137s] -- Symlinking: /home/yong/sensor/install/yolov8_msgs/share/yolov8_msgs/cmake/rosidl_cmake_export_typesupport_targets-extras.cmake
[3.143s] -- Symlinking: /home/yong/sensor/install/yolov8_msgs/share/yolov8_msgs/cmake/yolov8_msgsConfig.cmake
[3.149s] -- Symlinking: /home/yong/sensor/install/yolov8_msgs/share/yolov8_msgs/cmake/yolov8_msgsConfig-version.cmake
[3.155s] -- Symlinking: /home/yong/sensor/install/yolov8_msgs/share/yolov8_msgs/package.xml
[3.161s] -- Up-to-date: /home/yong/sensor/install/yolov8_msgs/lib/libyolov8_msgs__rosidl_generator_c.so
[3.161s] -- Up-to-date: /home/yong/sensor/install/yolov8_msgs/lib/libyolov8_msgs__rosidl_typesupport_introspection_c.so
[3.161s] -- Up-to-date: /home/yong/sensor/install/yolov8_msgs/lib/libyolov8_msgs__rosidl_typesupport_c.so
[3.161s] -- Up-to-date: /home/yong/sensor/install/yolov8_msgs/lib/libyolov8_msgs__rosidl_typesupport_introspection_cpp.so
[3.161s] -- Up-to-date: /home/yong/sensor/install/yolov8_msgs/lib/libyolov8_msgs__rosidl_typesupport_cpp.so
[3.185s] Compiling '/home/yong/sensor/install/yolov8_msgs/lib/python3.8/site-packages/yolov8_msgs/__init__.py'...
[3.188s] -- Up-to-date: /home/yong/sensor/install/yolov8_msgs/share/yolov8_msgs/cmake/yolov8_msgs__rosidl_generator_cExport.cmake
[3.188s] -- Installing: /home/yong/sensor/install/yolov8_msgs/share/yolov8_msgs/cmake/yolov8_msgs__rosidl_generator_cExport-noconfig.cmake
[3.189s] -- Up-to-date: /home/yong/sensor/install/yolov8_msgs/share/yolov8_msgs/cmake/yolov8_msgs__rosidl_typesupport_introspection_cExport.cmake
[3.189s] -- Installing: /home/yong/sensor/install/yolov8_msgs/share/yolov8_msgs/cmake/yolov8_msgs__rosidl_typesupport_introspection_cExport-noconfig.cmake
[3.189s] -- Up-to-date: /home/yong/sensor/install/yolov8_msgs/share/yolov8_msgs/cmake/yolov8_msgs__rosidl_typesupport_cExport.cmake
[3.189s] -- Installing: /home/yong/sensor/install/yolov8_msgs/share/yolov8_msgs/cmake/yolov8_msgs__rosidl_typesupport_cExport-noconfig.cmake
[3.189s] -- Up-to-date: /home/yong/sensor/install/yolov8_msgs/share/yolov8_msgs/cmake/yolov8_msgs__rosidl_generator_cppExport.cmake
[3.189s] -- Up-to-date: /home/yong/sensor/install/yolov8_msgs/share/yolov8_msgs/cmake/yolov8_msgs__rosidl_typesupport_introspection_cppExport.cmake
[3.189s] -- Installing: /home/yong/sensor/install/yolov8_msgs/share/yolov8_msgs/cmake/yolov8_msgs__rosidl_typesupport_introspection_cppExport-noconfig.cmake
[3.189s] -- Up-to-date: /home/yong/sensor/install/yolov8_msgs/share/yolov8_msgs/cmake/yolov8_msgs__rosidl_typesupport_cppExport.cmake
[3.189s] -- Installing: /home/yong/sensor/install/yolov8_msgs/share/yolov8_msgs/cmake/yolov8_msgs__rosidl_typesupport_cppExport-noconfig.cmake
[3.191s] Invoked command in '/home/yong/sensor/build/yolov8_msgs' returned '0': CMAKE_PREFIX_PATH=${CMAKE_PREFIX_PATH}:/home/yong/sensor/install/yolov8_ros:/home/yong/sensor/install/yolov5_ros2:/home/yong/sensor/install/yolov5_ros:/opt/ros/foxy /usr/bin/cmake --install /home/yong/sensor/build/yolov8_msgs
