-- The C compiler identification is GNU 9.4.0
-- The CXX compiler identification is GNU 9.4.0
-- Detecting C compiler ABI info
-- Detecting C compiler ABI info - done
-- Check for working C compiler: /usr/bin/cc - skipped
-- Detecting C compile features
-- Detecting C compile features - done
-- Detecting CXX compiler ABI info
-- Detecting CXX compiler ABI info - done
-- Check for working CXX compiler: /usr/bin/c++ - skipped
-- Detecting CXX compile features
-- Detecting CXX compile features - done
-- Found ament_cmake: 0.9.12 (/opt/ros/foxy/share/ament_cmake/cmake)
-- Found PythonInterp: /usr/bin/python3 (found suitable version "3.8.10", minimum required is "3") 
-- Using PYTHON_EXECUTABLE: /usr/bin/python3
-- Found rosidl_default_generators: 1.0.1 (/opt/ros/foxy/share/rosidl_default_generators/cmake)
-- Using all available rosidl_typesupport_c: rosidl_typesupport_fastrtps_c;rosidl_typesupport_introspection_c
-- Found rosidl_adapter: 1.3.1 (/opt/ros/foxy/share/rosidl_adapter/cmake)
-- Found OpenSSL: /usr/lib/x86_64-linux-gnu/libcrypto.so (found version "1.1.1f")  
-- Found FastRTPS: /opt/ros/foxy/include  
-- Using all available rosidl_typesupport_cpp: rosidl_typesupport_fastrtps_cpp;rosidl_typesupport_introspection_cpp
-- Found std_msgs: 2.0.5 (/opt/ros/foxy/share/std_msgs/cmake)
-- Found geometry_msgs: 2.0.5 (/opt/ros/foxy/share/geometry_msgs/cmake)
-- Found PythonInterp: /usr/bin/python3 (found version "3.8.10") 
-- Found ament_cmake_ros: 0.9.2 (/opt/ros/foxy/share/ament_cmake_ros/cmake)
-- Using all available rosidl_typesupport_c: rosidl_typesupport_fastrtps_c;rosidl_typesupport_introspection_c
-- Using all available rosidl_typesupport_cpp: rosidl_typesupport_fastrtps_cpp;rosidl_typesupport_introspection_cpp
-- Found PythonInterp: /usr/bin/python3 (found suitable version "3.8.10", minimum required is "3.5") 
-- Found python_cmake_module: 0.8.1 (/opt/ros/foxy/share/python_cmake_module/cmake)
-- Found PythonLibs: /usr/lib/x86_64-linux-gnu/libpython3.8.so (found suitable version "3.8.10", minimum required is "3.5") 
-- Using PYTHON_EXECUTABLE: /usr/bin/python3
-- Using PYTHON_INCLUDE_DIRS: /usr/include/python3.8
-- Using PYTHON_LIBRARIES: /usr/lib/x86_64-linux-gnu/libpython3.8.so
-- Found PythonExtra: .so  
-- Configuring done
-- Generating done
-- Build files have been written to: /home/aiv/YongJun_ws/ros2_ws/build/yolov8_msgs
[  0%] Built target yolov8_msgs__cpp
[ 12%] Built target yolov8_msgs__rosidl_generator_c
[ 24%] Built target yolov8_msgs__rosidl_typesupport_c
[ 36%] Built target yolov8_msgs__rosidl_typesupport_cpp
[ 48%] Built target yolov8_msgs__rosidl_typesupport_introspection_c
[ 60%] Built target yolov8_msgs__rosidl_typesupport_introspection_cpp
[ 61%] [32m[1mLinking CXX shared library libyolov8_msgs__rosidl_typesupport_fastrtps_cpp.so[0m
[ 71%] Built target yolov8_msgs__rosidl_typesupport_fastrtps_cpp
[ 72%] [32m[1mLinking CXX shared library libyolov8_msgs__rosidl_typesupport_fastrtps_c.so[0m
[ 83%] Built target yolov8_msgs__rosidl_typesupport_fastrtps_c
[ 83%] Built target yolov8_msgs
[ 84%] Built target yolov8_msgs__py
[ 85%] [32m[1mLinking C shared library rosidl_generator_py/yolov8_msgs/libyolov8_msgs__python.so[0m
[ 95%] Built target yolov8_msgs__python
[ 96%] [32m[1mLinking CXX shared library rosidl_generator_py/yolov8_msgs/yolov8_msgs_s__rosidl_typesupport_fastrtps_c.cpython-38-x86_64-linux-gnu.so[0m
[ 97%] [32m[1mLinking C shared library rosidl_generator_py/yolov8_msgs/yolov8_msgs_s__rosidl_typesupport_introspection_c.cpython-38-x86_64-linux-gnu.so[0m
[ 98%] [32m[1mLinking C shared library rosidl_generator_py/yolov8_msgs/yolov8_msgs_s__rosidl_typesupport_c.cpython-38-x86_64-linux-gnu.so[0m
[ 98%] Built target yolov8_msgs__rosidl_typesupport_c__pyext
[ 99%] Built target yolov8_msgs__rosidl_typesupport_introspection_c__pyext
[100%] Built target yolov8_msgs__rosidl_typesupport_fastrtps_c__pyext
-- Install configuration: ""
-- Up-to-date: /home/aiv/YongJun_ws/ros2_ws/install/yolov8_msgs/include/yolov8_msgs
-- Up-to-date: /home/aiv/YongJun_ws/ros2_ws/install/yolov8_msgs/include/yolov8_msgs/msg
-- Up-to-date: /home/aiv/YongJun_ws/ros2_ws/install/yolov8_msgs/include/yolov8_msgs/msg/detail
-- Installing: /home/aiv/YongJun_ws/ros2_ws/install/yolov8_msgs/include/yolov8_msgs/msg/detail/detection_array__functions.c
-- Installing: /home/aiv/YongJun_ws/ros2_ws/install/yolov8_msgs/include/yolov8_msgs/msg/detail/detection__functions.c
-- Installing: /home/aiv/YongJun_ws/ros2_ws/install/yolov8_msgs/include/yolov8_msgs/msg/detail/key_point2_d__functions.c
-- Installing: /home/aiv/YongJun_ws/ros2_ws/install/yolov8_msgs/include/yolov8_msgs/msg/detail/bounding_box3_d__functions.c
-- Installing: /home/aiv/YongJun_ws/ros2_ws/install/yolov8_msgs/include/yolov8_msgs/msg/detail/key_point3_d_array__functions.c
-- Installing: /home/aiv/YongJun_ws/ros2_ws/install/yolov8_msgs/include/yolov8_msgs/msg/detail/pose2_d__functions.c
-- Installing: /home/aiv/YongJun_ws/ros2_ws/install/yolov8_msgs/include/yolov8_msgs/msg/detail/mask__functions.c
-- Installing: /home/aiv/YongJun_ws/ros2_ws/install/yolov8_msgs/include/yolov8_msgs/msg/detail/key_point3_d__functions.c
-- Installing: /home/aiv/YongJun_ws/ros2_ws/install/yolov8_msgs/include/yolov8_msgs/msg/detail/point2_d__functions.c
-- Installing: /home/aiv/YongJun_ws/ros2_ws/install/yolov8_msgs/include/yolov8_msgs/msg/detail/vector2__functions.c
-- Installing: /home/aiv/YongJun_ws/ros2_ws/install/yolov8_msgs/include/yolov8_msgs/msg/detail/key_point2_d_array__functions.c
-- Installing: /home/aiv/YongJun_ws/ros2_ws/install/yolov8_msgs/include/yolov8_msgs/msg/detail/bounding_box2_d__functions.c
-- Up-to-date: /home/aiv/YongJun_ws/ros2_ws/install/yolov8_msgs/lib/libyolov8_msgs__rosidl_generator_c.so
-- Up-to-date: /home/aiv/YongJun_ws/ros2_ws/install/yolov8_msgs/include/yolov8_msgs
-- Up-to-date: /home/aiv/YongJun_ws/ros2_ws/install/yolov8_msgs/include/yolov8_msgs/msg
-- Up-to-date: /home/aiv/YongJun_ws/ros2_ws/install/yolov8_msgs/include/yolov8_msgs/msg/detail
-- Up-to-date: /home/aiv/YongJun_ws/ros2_ws/install/yolov8_msgs/include/yolov8_msgs
-- Up-to-date: /home/aiv/YongJun_ws/ros2_ws/install/yolov8_msgs/include/yolov8_msgs/msg
-- Up-to-date: /home/aiv/YongJun_ws/ros2_ws/install/yolov8_msgs/include/yolov8_msgs/msg/detail
-- Installing: /home/aiv/YongJun_ws/ros2_ws/install/yolov8_msgs/include/yolov8_msgs/msg/detail/dds_fastrtps
-- Up-to-date: /home/aiv/YongJun_ws/ros2_ws/install/yolov8_msgs/include/yolov8_msgs
-- Up-to-date: /home/aiv/YongJun_ws/ros2_ws/install/yolov8_msgs/include/yolov8_msgs/msg
-- Up-to-date: /home/aiv/YongJun_ws/ros2_ws/install/yolov8_msgs/include/yolov8_msgs/msg/detail
-- Installing: /home/aiv/YongJun_ws/ros2_ws/install/yolov8_msgs/include/yolov8_msgs/msg/detail/bounding_box2_d__type_support.c
-- Installing: /home/aiv/YongJun_ws/ros2_ws/install/yolov8_msgs/include/yolov8_msgs/msg/detail/key_point2_d_array__type_support.c
-- Installing: /home/aiv/YongJun_ws/ros2_ws/install/yolov8_msgs/include/yolov8_msgs/msg/detail/detection__type_support.c
-- Installing: /home/aiv/YongJun_ws/ros2_ws/install/yolov8_msgs/include/yolov8_msgs/msg/detail/key_point3_d__type_support.c
-- Installing: /home/aiv/YongJun_ws/ros2_ws/install/yolov8_msgs/include/yolov8_msgs/msg/detail/point2_d__type_support.c
-- Installing: /home/aiv/YongJun_ws/ros2_ws/install/yolov8_msgs/include/yolov8_msgs/msg/detail/key_point3_d_array__type_support.c
-- Installing: /home/aiv/YongJun_ws/ros2_ws/install/yolov8_msgs/include/yolov8_msgs/msg/detail/detection_array__type_support.c
-- Installing: /home/aiv/YongJun_ws/ros2_ws/install/yolov8_msgs/include/yolov8_msgs/msg/detail/key_point2_d__type_support.c
-- Installing: /home/aiv/YongJun_ws/ros2_ws/install/yolov8_msgs/include/yolov8_msgs/msg/detail/bounding_box3_d__type_support.c
-- Installing: /home/aiv/YongJun_ws/ros2_ws/install/yolov8_msgs/include/yolov8_msgs/msg/detail/mask__type_support.c
-- Installing: /home/aiv/YongJun_ws/ros2_ws/install/yolov8_msgs/include/yolov8_msgs/msg/detail/pose2_d__type_support.c
-- Installing: /home/aiv/YongJun_ws/ros2_ws/install/yolov8_msgs/include/yolov8_msgs/msg/detail/vector2__type_support.c
-- Up-to-date: /home/aiv/YongJun_ws/ros2_ws/install/yolov8_msgs/lib/libyolov8_msgs__rosidl_typesupport_introspection_c.so
-- Up-to-date: /home/aiv/YongJun_ws/ros2_ws/install/yolov8_msgs/lib/libyolov8_msgs__rosidl_typesupport_c.so
-- Up-to-date: /home/aiv/YongJun_ws/ros2_ws/install/yolov8_msgs/include/yolov8_msgs
-- Up-to-date: /home/aiv/YongJun_ws/ros2_ws/install/yolov8_msgs/include/yolov8_msgs/msg
-- Up-to-date: /home/aiv/YongJun_ws/ros2_ws/install/yolov8_msgs/include/yolov8_msgs/msg/detail
-- Up-to-date: /home/aiv/YongJun_ws/ros2_ws/install/yolov8_msgs/include/yolov8_msgs
-- Up-to-date: /home/aiv/YongJun_ws/ros2_ws/install/yolov8_msgs/include/yolov8_msgs/msg
-- Up-to-date: /home/aiv/YongJun_ws/ros2_ws/install/yolov8_msgs/include/yolov8_msgs/msg/detail
-- Installing: /home/aiv/YongJun_ws/ros2_ws/install/yolov8_msgs/include/yolov8_msgs/msg/detail/detection_array__type_support.cpp
-- Installing: /home/aiv/YongJun_ws/ros2_ws/install/yolov8_msgs/include/yolov8_msgs/msg/detail/key_point2_d_array__type_support.cpp
-- Installing: /home/aiv/YongJun_ws/ros2_ws/install/yolov8_msgs/include/yolov8_msgs/msg/detail/point2_d__type_support.cpp
-- Installing: /home/aiv/YongJun_ws/ros2_ws/install/yolov8_msgs/include/yolov8_msgs/msg/detail/mask__type_support.cpp
-- Installing: /home/aiv/YongJun_ws/ros2_ws/install/yolov8_msgs/include/yolov8_msgs/msg/detail/pose2_d__type_support.cpp
-- Installing: /home/aiv/YongJun_ws/ros2_ws/install/yolov8_msgs/include/yolov8_msgs/msg/detail/key_point2_d__type_support.cpp
-- Installing: /home/aiv/YongJun_ws/ros2_ws/install/yolov8_msgs/include/yolov8_msgs/msg/detail/bounding_box2_d__type_support.cpp
-- Installing: /home/aiv/YongJun_ws/ros2_ws/install/yolov8_msgs/include/yolov8_msgs/msg/detail/detection__type_support.cpp
-- Installing: /home/aiv/YongJun_ws/ros2_ws/install/yolov8_msgs/include/yolov8_msgs/msg/detail/key_point3_d_array__type_support.cpp
-- Installing: /home/aiv/YongJun_ws/ros2_ws/install/yolov8_msgs/include/yolov8_msgs/msg/detail/vector2__type_support.cpp
-- Installing: /home/aiv/YongJun_ws/ros2_ws/install/yolov8_msgs/include/yolov8_msgs/msg/detail/bounding_box3_d__type_support.cpp
-- Installing: /home/aiv/YongJun_ws/ros2_ws/install/yolov8_msgs/include/yolov8_msgs/msg/detail/key_point3_d__type_support.cpp
-- Up-to-date: /home/aiv/YongJun_ws/ros2_ws/install/yolov8_msgs/lib/libyolov8_msgs__rosidl_typesupport_introspection_cpp.so
-- Up-to-date: /home/aiv/YongJun_ws/ros2_ws/install/yolov8_msgs/lib/libyolov8_msgs__rosidl_typesupport_cpp.so
Compiling '/home/aiv/YongJun_ws/ros2_ws/install/yolov8_msgs/lib/python3.8/site-packages/yolov8_msgs/__init__.py'...
-- Up-to-date: /home/aiv/YongJun_ws/ros2_ws/install/yolov8_msgs/lib/python3.8/site-packages/yolov8_msgs/msg
-- Installing: /home/aiv/YongJun_ws/ros2_ws/install/yolov8_msgs/lib/python3.8/site-packages/yolov8_msgs/msg/_key_point2_d_array_s.c
-- Installing: /home/aiv/YongJun_ws/ros2_ws/install/yolov8_msgs/lib/python3.8/site-packages/yolov8_msgs/msg/_bounding_box3_d_s.c
-- Installing: /home/aiv/YongJun_ws/ros2_ws/install/yolov8_msgs/lib/python3.8/site-packages/yolov8_msgs/msg/_key_point3_d_s.c
-- Installing: /home/aiv/YongJun_ws/ros2_ws/install/yolov8_msgs/lib/python3.8/site-packages/yolov8_msgs/msg/_key_point3_d_array_s.c
-- Installing: /home/aiv/YongJun_ws/ros2_ws/install/yolov8_msgs/lib/python3.8/site-packages/yolov8_msgs/msg/_vector2_s.c
-- Installing: /home/aiv/YongJun_ws/ros2_ws/install/yolov8_msgs/lib/python3.8/site-packages/yolov8_msgs/msg/_pose2_d_s.c
-- Installing: /home/aiv/YongJun_ws/ros2_ws/install/yolov8_msgs/lib/python3.8/site-packages/yolov8_msgs/msg/_detection_array_s.c
-- Installing: /home/aiv/YongJun_ws/ros2_ws/install/yolov8_msgs/lib/python3.8/site-packages/yolov8_msgs/msg/_detection_s.c
-- Installing: /home/aiv/YongJun_ws/ros2_ws/install/yolov8_msgs/lib/python3.8/site-packages/yolov8_msgs/msg/_point2_d_s.c
-- Installing: /home/aiv/YongJun_ws/ros2_ws/install/yolov8_msgs/lib/python3.8/site-packages/yolov8_msgs/msg/_bounding_box2_d_s.c
-- Installing: /home/aiv/YongJun_ws/ros2_ws/install/yolov8_msgs/lib/python3.8/site-packages/yolov8_msgs/msg/_mask_s.c
-- Installing: /home/aiv/YongJun_ws/ros2_ws/install/yolov8_msgs/lib/python3.8/site-packages/yolov8_msgs/msg/_key_point2_d_s.c
-- Installing: /home/aiv/YongJun_ws/ros2_ws/install/yolov8_msgs/share/yolov8_msgs/package.dsv
-- Up-to-date: /home/aiv/YongJun_ws/ros2_ws/install/yolov8_msgs/share/yolov8_msgs/cmake/yolov8_msgs__rosidl_generator_cExport.cmake
-- Up-to-date: /home/aiv/YongJun_ws/ros2_ws/install/yolov8_msgs/share/yolov8_msgs/cmake/yolov8_msgs__rosidl_generator_cExport-noconfig.cmake
-- Up-to-date: /home/aiv/YongJun_ws/ros2_ws/install/yolov8_msgs/share/yolov8_msgs/cmake/yolov8_msgs__rosidl_typesupport_introspection_cExport.cmake
-- Up-to-date: /home/aiv/YongJun_ws/ros2_ws/install/yolov8_msgs/share/yolov8_msgs/cmake/yolov8_msgs__rosidl_typesupport_introspection_cExport-noconfig.cmake
-- Up-to-date: /home/aiv/YongJun_ws/ros2_ws/install/yolov8_msgs/share/yolov8_msgs/cmake/yolov8_msgs__rosidl_typesupport_cExport.cmake
-- Up-to-date: /home/aiv/YongJun_ws/ros2_ws/install/yolov8_msgs/share/yolov8_msgs/cmake/yolov8_msgs__rosidl_typesupport_cExport-noconfig.cmake
-- Up-to-date: /home/aiv/YongJun_ws/ros2_ws/install/yolov8_msgs/share/yolov8_msgs/cmake/yolov8_msgs__rosidl_generator_cppExport.cmake
-- Up-to-date: /home/aiv/YongJun_ws/ros2_ws/install/yolov8_msgs/share/yolov8_msgs/cmake/yolov8_msgs__rosidl_typesupport_introspection_cppExport.cmake
-- Up-to-date: /home/aiv/YongJun_ws/ros2_ws/install/yolov8_msgs/share/yolov8_msgs/cmake/yolov8_msgs__rosidl_typesupport_introspection_cppExport-noconfig.cmake
-- Up-to-date: /home/aiv/YongJun_ws/ros2_ws/install/yolov8_msgs/share/yolov8_msgs/cmake/yolov8_msgs__rosidl_typesupport_cppExport.cmake
-- Up-to-date: /home/aiv/YongJun_ws/ros2_ws/install/yolov8_msgs/share/yolov8_msgs/cmake/yolov8_msgs__rosidl_typesupport_cppExport-noconfig.cmake
