[0.006s] Invoking command in '/home/aiv/YongJun_ws/ros2_ws/build/scout_msgs': CMAKE_PREFIX_PATH=/opt/ros/foxy /home/aiv/.local/bin/cmake --build /home/aiv/YongJun_ws/ros2_ws/build/scout_msgs -- -j32 -l32
[0.042s] [  1%] Built target scout_msgs__cpp
[0.044s] [ 12%] Built target scout_msgs__rosidl_generator_c
[0.054s] [ 23%] Built target scout_msgs__rosidl_typesupport_cpp
[0.054s] [ 34%] Built target scout_msgs__rosidl_typesupport_c
[0.054s] [ 46%] Built target scout_msgs__rosidl_typesupport_introspection_c
[0.056s] [ 57%] Built target scout_msgs__rosidl_typesupport_introspection_cpp
[0.056s] [ 68%] Built target scout_msgs__rosidl_typesupport_fastrtps_cpp
[0.069s] [ 79%] Built target scout_msgs__rosidl_typesupport_fastrtps_c
[0.075s] [ 79%] Built target scout_msgs
[0.083s] [ 80%] Built target scout_msgs__py
[0.097s] [ 90%] Built target scout_msgs__python
[0.106s] [ 93%] Built target scout_msgs__rosidl_typesupport_fastrtps_c__pyext
[0.106s] [ 96%] Built target scout_msgs__rosidl_typesupport_introspection_c__pyext
[0.106s] [100%] Built target scout_msgs__rosidl_typesupport_c__pyext
[0.114s] Invoked command in '/home/aiv/YongJun_ws/ros2_ws/build/scout_msgs' returned '0': CMAKE_PREFIX_PATH=/opt/ros/foxy /home/aiv/.local/bin/cmake --build /home/aiv/YongJun_ws/ros2_ws/build/scout_msgs -- -j32 -l32
[0.268s] Invoking command in '/home/aiv/YongJun_ws/ros2_ws/build/scout_msgs': CMAKE_PREFIX_PATH=/opt/ros/foxy /home/aiv/.local/bin/cmake --install /home/aiv/YongJun_ws/ros2_ws/build/scout_msgs
[0.289s] -- Install configuration: ""
[0.290s] -- Execute custom install script
[0.290s] -- Up-to-date symlink: /home/aiv/YongJun_ws/ros2_ws/install/scout_msgs/share/ament_index/resource_index/rosidl_interfaces/scout_msgs
[0.290s] -- Up-to-date symlink: /home/aiv/YongJun_ws/ros2_ws/install/scout_msgs/include/scout_msgs/msg/detail/scout_actuator_state__functions.h
[0.290s] -- Up-to-date symlink: /home/aiv/YongJun_ws/ros2_ws/install/scout_msgs/include/scout_msgs/msg/detail/scout_actuator_state__struct.h
[0.290s] -- Up-to-date symlink: /home/aiv/YongJun_ws/ros2_ws/install/scout_msgs/include/scout_msgs/msg/detail/scout_actuator_state__type_support.h
[0.290s] -- Up-to-date symlink: /home/aiv/YongJun_ws/ros2_ws/install/scout_msgs/include/scout_msgs/msg/detail/scout_light_cmd__functions.h
[0.291s] -- Up-to-date symlink: /home/aiv/YongJun_ws/ros2_ws/install/scout_msgs/include/scout_msgs/msg/detail/scout_light_cmd__struct.h
[0.291s] -- Up-to-date symlink: /home/aiv/YongJun_ws/ros2_ws/install/scout_msgs/include/scout_msgs/msg/detail/scout_light_cmd__type_support.h
[0.291s] -- Up-to-date symlink: /home/aiv/YongJun_ws/ros2_ws/install/scout_msgs/include/scout_msgs/msg/detail/scout_light_state__functions.h
[0.291s] -- Up-to-date symlink: /home/aiv/YongJun_ws/ros2_ws/install/scout_msgs/include/scout_msgs/msg/detail/scout_light_state__struct.h
[0.291s] -- Up-to-date symlink: /home/aiv/YongJun_ws/ros2_ws/install/scout_msgs/include/scout_msgs/msg/detail/scout_light_state__type_support.h
[0.291s] -- Up-to-date symlink: /home/aiv/YongJun_ws/ros2_ws/install/scout_msgs/include/scout_msgs/msg/detail/scout_rc_state__functions.h
[0.291s] -- Up-to-date symlink: /home/aiv/YongJun_ws/ros2_ws/install/scout_msgs/include/scout_msgs/msg/detail/scout_rc_state__struct.h
[0.291s] -- Up-to-date symlink: /home/aiv/YongJun_ws/ros2_ws/install/scout_msgs/include/scout_msgs/msg/detail/scout_rc_state__type_support.h
[0.291s] -- Up-to-date symlink: /home/aiv/YongJun_ws/ros2_ws/install/scout_msgs/include/scout_msgs/msg/detail/scout_status__functions.h
[0.291s] -- Up-to-date symlink: /home/aiv/YongJun_ws/ros2_ws/install/scout_msgs/include/scout_msgs/msg/detail/scout_status__struct.h
[0.291s] -- Up-to-date symlink: /home/aiv/YongJun_ws/ros2_ws/install/scout_msgs/include/scout_msgs/msg/detail/scout_status__type_support.h
[0.291s] -- Up-to-date symlink: /home/aiv/YongJun_ws/ros2_ws/install/scout_msgs/include/scout_msgs/msg/rosidl_generator_c__visibility_control.h
[0.291s] -- Up-to-date symlink: /home/aiv/YongJun_ws/ros2_ws/install/scout_msgs/include/scout_msgs/msg/scout_actuator_state.h
[0.291s] -- Up-to-date symlink: /home/aiv/YongJun_ws/ros2_ws/install/scout_msgs/include/scout_msgs/msg/scout_light_cmd.h
[0.291s] -- Up-to-date symlink: /home/aiv/YongJun_ws/ros2_ws/install/scout_msgs/include/scout_msgs/msg/scout_light_state.h
[0.291s] -- Up-to-date symlink: /home/aiv/YongJun_ws/ros2_ws/install/scout_msgs/include/scout_msgs/msg/scout_rc_state.h
[0.291s] -- Up-to-date symlink: /home/aiv/YongJun_ws/ros2_ws/install/scout_msgs/include/scout_msgs/msg/scout_status.h
[0.291s] -- Up-to-date symlink: /home/aiv/YongJun_ws/ros2_ws/install/scout_msgs/share/scout_msgs/environment/library_path.sh
[0.292s] -- Up-to-date symlink: /home/aiv/YongJun_ws/ros2_ws/install/scout_msgs/share/scout_msgs/environment/library_path.dsv
[0.292s] -- Up-to-date symlink: /home/aiv/YongJun_ws/ros2_ws/install/scout_msgs/include/scout_msgs/msg/detail/scout_actuator_state__rosidl_typesupport_fastrtps_c.h
[0.292s] -- Up-to-date symlink: /home/aiv/YongJun_ws/ros2_ws/install/scout_msgs/include/scout_msgs/msg/detail/scout_light_cmd__rosidl_typesupport_fastrtps_c.h
[0.292s] -- Up-to-date symlink: /home/aiv/YongJun_ws/ros2_ws/install/scout_msgs/include/scout_msgs/msg/detail/scout_light_state__rosidl_typesupport_fastrtps_c.h
[0.292s] -- Up-to-date symlink: /home/aiv/YongJun_ws/ros2_ws/install/scout_msgs/include/scout_msgs/msg/detail/scout_rc_state__rosidl_typesupport_fastrtps_c.h
[0.292s] -- Up-to-date symlink: /home/aiv/YongJun_ws/ros2_ws/install/scout_msgs/include/scout_msgs/msg/detail/scout_status__rosidl_typesupport_fastrtps_c.h
[0.292s] -- Up-to-date symlink: /home/aiv/YongJun_ws/ros2_ws/install/scout_msgs/include/scout_msgs/msg/rosidl_typesupport_fastrtps_c__visibility_control.h
[0.292s] -- Up-to-date symlink: /home/aiv/YongJun_ws/ros2_ws/install/scout_msgs/lib/libscout_msgs__rosidl_typesupport_fastrtps_c.so
[0.292s] -- Up-to-date symlink: /home/aiv/YongJun_ws/ros2_ws/install/scout_msgs/include/scout_msgs/msg/detail/scout_actuator_state__rosidl_typesupport_fastrtps_cpp.hpp
[0.292s] -- Up-to-date symlink: /home/aiv/YongJun_ws/ros2_ws/install/scout_msgs/include/scout_msgs/msg/detail/scout_light_cmd__rosidl_typesupport_fastrtps_cpp.hpp
[0.292s] -- Up-to-date symlink: /home/aiv/YongJun_ws/ros2_ws/install/scout_msgs/include/scout_msgs/msg/detail/scout_light_state__rosidl_typesupport_fastrtps_cpp.hpp
[0.292s] -- Up-to-date symlink: /home/aiv/YongJun_ws/ros2_ws/install/scout_msgs/include/scout_msgs/msg/detail/scout_rc_state__rosidl_typesupport_fastrtps_cpp.hpp
[0.292s] -- Up-to-date symlink: /home/aiv/YongJun_ws/ros2_ws/install/scout_msgs/include/scout_msgs/msg/detail/scout_status__rosidl_typesupport_fastrtps_cpp.hpp
[0.293s] -- Up-to-date symlink: /home/aiv/YongJun_ws/ros2_ws/install/scout_msgs/include/scout_msgs/msg/rosidl_typesupport_fastrtps_cpp__visibility_control.h
[0.293s] -- Up-to-date symlink: /home/aiv/YongJun_ws/ros2_ws/install/scout_msgs/lib/libscout_msgs__rosidl_typesupport_fastrtps_cpp.so
[0.293s] -- Up-to-date symlink: /home/aiv/YongJun_ws/ros2_ws/install/scout_msgs/include/scout_msgs/msg/detail/scout_actuator_state__rosidl_typesupport_introspection_c.h
[0.293s] -- Up-to-date symlink: /home/aiv/YongJun_ws/ros2_ws/install/scout_msgs/include/scout_msgs/msg/detail/scout_light_cmd__rosidl_typesupport_introspection_c.h
[0.293s] -- Up-to-date symlink: /home/aiv/YongJun_ws/ros2_ws/install/scout_msgs/include/scout_msgs/msg/detail/scout_light_state__rosidl_typesupport_introspection_c.h
[0.293s] -- Up-to-date symlink: /home/aiv/YongJun_ws/ros2_ws/install/scout_msgs/include/scout_msgs/msg/detail/scout_rc_state__rosidl_typesupport_introspection_c.h
[0.293s] -- Up-to-date symlink: /home/aiv/YongJun_ws/ros2_ws/install/scout_msgs/include/scout_msgs/msg/detail/scout_status__rosidl_typesupport_introspection_c.h
[0.293s] -- Up-to-date symlink: /home/aiv/YongJun_ws/ros2_ws/install/scout_msgs/include/scout_msgs/msg/rosidl_typesupport_introspection_c__visibility_control.h
[0.293s] -- Up-to-date symlink: /home/aiv/YongJun_ws/ros2_ws/install/scout_msgs/include/scout_msgs/msg/detail/scout_actuator_state__builder.hpp
[0.294s] -- Up-to-date symlink: /home/aiv/YongJun_ws/ros2_ws/install/scout_msgs/include/scout_msgs/msg/detail/scout_actuator_state__struct.hpp
[0.294s] -- Up-to-date symlink: /home/aiv/YongJun_ws/ros2_ws/install/scout_msgs/include/scout_msgs/msg/detail/scout_actuator_state__traits.hpp
[0.294s] -- Up-to-date symlink: /home/aiv/YongJun_ws/ros2_ws/install/scout_msgs/include/scout_msgs/msg/detail/scout_actuator_state__type_support.hpp
[0.294s] -- Up-to-date symlink: /home/aiv/YongJun_ws/ros2_ws/install/scout_msgs/include/scout_msgs/msg/detail/scout_light_cmd__builder.hpp
[0.294s] -- Up-to-date symlink: /home/aiv/YongJun_ws/ros2_ws/install/scout_msgs/include/scout_msgs/msg/detail/scout_light_cmd__struct.hpp
[0.294s] -- Up-to-date symlink: /home/aiv/YongJun_ws/ros2_ws/install/scout_msgs/include/scout_msgs/msg/detail/scout_light_cmd__traits.hpp
[0.294s] -- Up-to-date symlink: /home/aiv/YongJun_ws/ros2_ws/install/scout_msgs/include/scout_msgs/msg/detail/scout_light_cmd__type_support.hpp
[0.294s] -- Up-to-date symlink: /home/aiv/YongJun_ws/ros2_ws/install/scout_msgs/include/scout_msgs/msg/detail/scout_light_state__builder.hpp
[0.294s] -- Up-to-date symlink: /home/aiv/YongJun_ws/ros2_ws/install/scout_msgs/include/scout_msgs/msg/detail/scout_light_state__struct.hpp
[0.294s] -- Up-to-date symlink: /home/aiv/YongJun_ws/ros2_ws/install/scout_msgs/include/scout_msgs/msg/detail/scout_light_state__traits.hpp
[0.294s] -- Up-to-date symlink: /home/aiv/YongJun_ws/ros2_ws/install/scout_msgs/include/scout_msgs/msg/detail/scout_light_state__type_support.hpp
[0.294s] -- Up-to-date symlink: /home/aiv/YongJun_ws/ros2_ws/install/scout_msgs/include/scout_msgs/msg/detail/scout_rc_state__builder.hpp
[0.294s] -- Up-to-date symlink: /home/aiv/YongJun_ws/ros2_ws/install/scout_msgs/include/scout_msgs/msg/detail/scout_rc_state__struct.hpp
[0.294s] -- Up-to-date symlink: /home/aiv/YongJun_ws/ros2_ws/install/scout_msgs/include/scout_msgs/msg/detail/scout_rc_state__traits.hpp
[0.294s] -- Up-to-date symlink: /home/aiv/YongJun_ws/ros2_ws/install/scout_msgs/include/scout_msgs/msg/detail/scout_rc_state__type_support.hpp
[0.294s] -- Up-to-date symlink: /home/aiv/YongJun_ws/ros2_ws/install/scout_msgs/include/scout_msgs/msg/detail/scout_status__builder.hpp
[0.294s] -- Up-to-date symlink: /home/aiv/YongJun_ws/ros2_ws/install/scout_msgs/include/scout_msgs/msg/detail/scout_status__struct.hpp
[0.294s] -- Up-to-date symlink: /home/aiv/YongJun_ws/ros2_ws/install/scout_msgs/include/scout_msgs/msg/detail/scout_status__traits.hpp
[0.294s] -- Up-to-date symlink: /home/aiv/YongJun_ws/ros2_ws/install/scout_msgs/include/scout_msgs/msg/detail/scout_status__type_support.hpp
[0.294s] -- Up-to-date symlink: /home/aiv/YongJun_ws/ros2_ws/install/scout_msgs/include/scout_msgs/msg/rosidl_generator_cpp__visibility_control.hpp
[0.295s] -- Up-to-date symlink: /home/aiv/YongJun_ws/ros2_ws/install/scout_msgs/include/scout_msgs/msg/scout_actuator_state.hpp
[0.295s] -- Up-to-date symlink: /home/aiv/YongJun_ws/ros2_ws/install/scout_msgs/include/scout_msgs/msg/scout_light_cmd.hpp
[0.295s] -- Up-to-date symlink: /home/aiv/YongJun_ws/ros2_ws/install/scout_msgs/include/scout_msgs/msg/scout_light_state.hpp
[0.295s] -- Up-to-date symlink: /home/aiv/YongJun_ws/ros2_ws/install/scout_msgs/include/scout_msgs/msg/scout_rc_state.hpp
[0.295s] -- Up-to-date symlink: /home/aiv/YongJun_ws/ros2_ws/install/scout_msgs/include/scout_msgs/msg/scout_status.hpp
[0.295s] -- Up-to-date symlink: /home/aiv/YongJun_ws/ros2_ws/install/scout_msgs/include/scout_msgs/msg/detail/scout_actuator_state__rosidl_typesupport_introspection_cpp.hpp
[0.295s] -- Up-to-date symlink: /home/aiv/YongJun_ws/ros2_ws/install/scout_msgs/include/scout_msgs/msg/detail/scout_light_cmd__rosidl_typesupport_introspection_cpp.hpp
[0.295s] -- Up-to-date symlink: /home/aiv/YongJun_ws/ros2_ws/install/scout_msgs/include/scout_msgs/msg/detail/scout_light_state__rosidl_typesupport_introspection_cpp.hpp
[0.295s] -- Up-to-date symlink: /home/aiv/YongJun_ws/ros2_ws/install/scout_msgs/include/scout_msgs/msg/detail/scout_rc_state__rosidl_typesupport_introspection_cpp.hpp
[0.295s] -- Up-to-date symlink: /home/aiv/YongJun_ws/ros2_ws/install/scout_msgs/include/scout_msgs/msg/detail/scout_status__rosidl_typesupport_introspection_cpp.hpp
[0.295s] -- Up-to-date symlink: /home/aiv/YongJun_ws/ros2_ws/install/scout_msgs/share/scout_msgs/environment/pythonpath.sh
[0.295s] -- Up-to-date symlink: /home/aiv/YongJun_ws/ros2_ws/install/scout_msgs/share/scout_msgs/environment/pythonpath.dsv
[0.295s] -- Up-to-date symlink: /home/aiv/YongJun_ws/ros2_ws/install/scout_msgs/lib/python3.8/site-packages/scout_msgs/__init__.py
[0.296s] -- Up-to-date symlink: /home/aiv/YongJun_ws/ros2_ws/install/scout_msgs/lib/python3.8/site-packages/scout_msgs/msg/__init__.py
[0.296s] -- Up-to-date symlink: /home/aiv/YongJun_ws/ros2_ws/install/scout_msgs/lib/python3.8/site-packages/scout_msgs/msg/_scout_actuator_state.py
[0.296s] -- Up-to-date symlink: /home/aiv/YongJun_ws/ros2_ws/install/scout_msgs/lib/python3.8/site-packages/scout_msgs/msg/_scout_light_cmd.py
[0.296s] -- Up-to-date symlink: /home/aiv/YongJun_ws/ros2_ws/install/scout_msgs/lib/python3.8/site-packages/scout_msgs/msg/_scout_light_state.py
[0.296s] -- Up-to-date symlink: /home/aiv/YongJun_ws/ros2_ws/install/scout_msgs/lib/python3.8/site-packages/scout_msgs/msg/_scout_rc_state.py
[0.296s] -- Up-to-date symlink: /home/aiv/YongJun_ws/ros2_ws/install/scout_msgs/lib/python3.8/site-packages/scout_msgs/msg/_scout_status.py
[0.296s] -- Up-to-date symlink: /home/aiv/YongJun_ws/ros2_ws/install/scout_msgs/lib/python3.8/site-packages/scout_msgs/scout_msgs_s__rosidl_typesupport_fastrtps_c.cpython-38-x86_64-linux-gnu.so
[0.296s] -- Up-to-date symlink: /home/aiv/YongJun_ws/ros2_ws/install/scout_msgs/lib/python3.8/site-packages/scout_msgs/scout_msgs_s__rosidl_typesupport_introspection_c.cpython-38-x86_64-linux-gnu.so
[0.296s] -- Up-to-date symlink: /home/aiv/YongJun_ws/ros2_ws/install/scout_msgs/lib/python3.8/site-packages/scout_msgs/scout_msgs_s__rosidl_typesupport_c.cpython-38-x86_64-linux-gnu.so
[0.297s] -- Up-to-date symlink: /home/aiv/YongJun_ws/ros2_ws/install/scout_msgs/lib/libscout_msgs__python.so
[0.297s] -- Up-to-date symlink: /home/aiv/YongJun_ws/ros2_ws/install/scout_msgs/share/scout_msgs/msg/ScoutActuatorState.idl
[0.297s] -- Up-to-date symlink: /home/aiv/YongJun_ws/ros2_ws/install/scout_msgs/share/scout_msgs/msg/ScoutLightCmd.idl
[0.297s] -- Up-to-date symlink: /home/aiv/YongJun_ws/ros2_ws/install/scout_msgs/share/scout_msgs/msg/ScoutLightState.idl
[0.297s] -- Up-to-date symlink: /home/aiv/YongJun_ws/ros2_ws/install/scout_msgs/share/scout_msgs/msg/ScoutRCState.idl
[0.297s] -- Up-to-date symlink: /home/aiv/YongJun_ws/ros2_ws/install/scout_msgs/share/scout_msgs/msg/ScoutStatus.idl
[0.297s] -- Up-to-date symlink: /home/aiv/YongJun_ws/ros2_ws/install/scout_msgs/share/scout_msgs/msg/ScoutActuatorState.msg
[0.297s] -- Up-to-date symlink: /home/aiv/YongJun_ws/ros2_ws/install/scout_msgs/share/scout_msgs/msg/ScoutLightCmd.msg
[0.297s] -- Up-to-date symlink: /home/aiv/YongJun_ws/ros2_ws/install/scout_msgs/share/scout_msgs/msg/ScoutLightState.msg
[0.297s] -- Up-to-date symlink: /home/aiv/YongJun_ws/ros2_ws/install/scout_msgs/share/scout_msgs/msg/ScoutRCState.msg
[0.297s] -- Up-to-date symlink: /home/aiv/YongJun_ws/ros2_ws/install/scout_msgs/share/scout_msgs/msg/ScoutStatus.msg
[0.297s] -- Up-to-date symlink: /home/aiv/YongJun_ws/ros2_ws/install/scout_msgs/share/ament_index/resource_index/package_run_dependencies/scout_msgs
[0.297s] -- Up-to-date symlink: /home/aiv/YongJun_ws/ros2_ws/install/scout_msgs/share/ament_index/resource_index/parent_prefix_path/scout_msgs
[0.298s] -- Up-to-date symlink: /home/aiv/YongJun_ws/ros2_ws/install/scout_msgs/share/scout_msgs/environment/ament_prefix_path.sh
[0.298s] -- Up-to-date symlink: /home/aiv/YongJun_ws/ros2_ws/install/scout_msgs/share/scout_msgs/environment/ament_prefix_path.dsv
[0.298s] -- Up-to-date symlink: /home/aiv/YongJun_ws/ros2_ws/install/scout_msgs/share/scout_msgs/environment/path.sh
[0.298s] -- Up-to-date symlink: /home/aiv/YongJun_ws/ros2_ws/install/scout_msgs/share/scout_msgs/environment/path.dsv
[0.298s] -- Up-to-date symlink: /home/aiv/YongJun_ws/ros2_ws/install/scout_msgs/share/scout_msgs/local_setup.bash
[0.298s] -- Up-to-date symlink: /home/aiv/YongJun_ws/ros2_ws/install/scout_msgs/share/scout_msgs/local_setup.sh
[0.298s] -- Up-to-date symlink: /home/aiv/YongJun_ws/ros2_ws/install/scout_msgs/share/scout_msgs/local_setup.zsh
[0.298s] -- Up-to-date symlink: /home/aiv/YongJun_ws/ros2_ws/install/scout_msgs/share/scout_msgs/local_setup.dsv
[0.298s] -- Symlinking: /home/aiv/YongJun_ws/ros2_ws/install/scout_msgs/share/scout_msgs/package.dsv
[0.300s] -- Up-to-date symlink: /home/aiv/YongJun_ws/ros2_ws/install/scout_msgs/share/ament_index/resource_index/packages/scout_msgs
[0.300s] -- Up-to-date symlink: /home/aiv/YongJun_ws/ros2_ws/install/scout_msgs/share/scout_msgs/cmake/rosidl_cmake-extras.cmake
[0.300s] -- Up-to-date symlink: /home/aiv/YongJun_ws/ros2_ws/install/scout_msgs/share/scout_msgs/cmake/ament_cmake_export_dependencies-extras.cmake
[0.300s] -- Up-to-date symlink: /home/aiv/YongJun_ws/ros2_ws/install/scout_msgs/share/scout_msgs/cmake/ament_cmake_export_libraries-extras.cmake
[0.300s] -- Up-to-date symlink: /home/aiv/YongJun_ws/ros2_ws/install/scout_msgs/share/scout_msgs/cmake/ament_cmake_export_targets-extras.cmake
[0.300s] -- Up-to-date symlink: /home/aiv/YongJun_ws/ros2_ws/install/scout_msgs/share/scout_msgs/cmake/ament_cmake_export_include_directories-extras.cmake
[0.300s] -- Up-to-date symlink: /home/aiv/YongJun_ws/ros2_ws/install/scout_msgs/share/scout_msgs/cmake/rosidl_cmake_export_typesupport_libraries-extras.cmake
[0.300s] -- Up-to-date symlink: /home/aiv/YongJun_ws/ros2_ws/install/scout_msgs/share/scout_msgs/cmake/rosidl_cmake_export_typesupport_targets-extras.cmake
[0.301s] -- Up-to-date symlink: /home/aiv/YongJun_ws/ros2_ws/install/scout_msgs/share/scout_msgs/cmake/scout_msgsConfig.cmake
[0.301s] -- Up-to-date symlink: /home/aiv/YongJun_ws/ros2_ws/install/scout_msgs/share/scout_msgs/cmake/scout_msgsConfig-version.cmake
[0.301s] -- Up-to-date symlink: /home/aiv/YongJun_ws/ros2_ws/install/scout_msgs/share/scout_msgs/package.xml
[0.301s] -- Up-to-date: /home/aiv/YongJun_ws/ros2_ws/install/scout_msgs/lib/libscout_msgs__rosidl_generator_c.so
[0.301s] -- Up-to-date: /home/aiv/YongJun_ws/ros2_ws/install/scout_msgs/lib/libscout_msgs__rosidl_typesupport_introspection_c.so
[0.301s] -- Up-to-date: /home/aiv/YongJun_ws/ros2_ws/install/scout_msgs/lib/libscout_msgs__rosidl_typesupport_c.so
[0.301s] -- Up-to-date: /home/aiv/YongJun_ws/ros2_ws/install/scout_msgs/lib/libscout_msgs__rosidl_typesupport_introspection_cpp.so
[0.301s] -- Up-to-date: /home/aiv/YongJun_ws/ros2_ws/install/scout_msgs/lib/libscout_msgs__rosidl_typesupport_cpp.so
[0.324s] -- Up-to-date: /home/aiv/YongJun_ws/ros2_ws/install/scout_msgs/share/scout_msgs/cmake/scout_msgs__rosidl_generator_cExport.cmake
[0.324s] -- Up-to-date: /home/aiv/YongJun_ws/ros2_ws/install/scout_msgs/share/scout_msgs/cmake/scout_msgs__rosidl_generator_cExport-noconfig.cmake
[0.325s] -- Up-to-date: /home/aiv/YongJun_ws/ros2_ws/install/scout_msgs/share/scout_msgs/cmake/scout_msgs__rosidl_typesupport_introspection_cExport.cmake
[0.325s] -- Up-to-date: /home/aiv/YongJun_ws/ros2_ws/install/scout_msgs/share/scout_msgs/cmake/scout_msgs__rosidl_typesupport_introspection_cExport-noconfig.cmake
[0.325s] -- Up-to-date: /home/aiv/YongJun_ws/ros2_ws/install/scout_msgs/share/scout_msgs/cmake/scout_msgs__rosidl_typesupport_cExport.cmake
[0.325s] -- Up-to-date: /home/aiv/YongJun_ws/ros2_ws/install/scout_msgs/share/scout_msgs/cmake/scout_msgs__rosidl_typesupport_cExport-noconfig.cmake
[0.325s] -- Up-to-date: /home/aiv/YongJun_ws/ros2_ws/install/scout_msgs/share/scout_msgs/cmake/scout_msgs__rosidl_generator_cppExport.cmake
[0.325s] -- Up-to-date: /home/aiv/YongJun_ws/ros2_ws/install/scout_msgs/share/scout_msgs/cmake/scout_msgs__rosidl_typesupport_introspection_cppExport.cmake
[0.325s] -- Up-to-date: /home/aiv/YongJun_ws/ros2_ws/install/scout_msgs/share/scout_msgs/cmake/scout_msgs__rosidl_typesupport_introspection_cppExport-noconfig.cmake
[0.325s] -- Up-to-date: /home/aiv/YongJun_ws/ros2_ws/install/scout_msgs/share/scout_msgs/cmake/scout_msgs__rosidl_typesupport_cppExport.cmake
[0.325s] -- Up-to-date: /home/aiv/YongJun_ws/ros2_ws/install/scout_msgs/share/scout_msgs/cmake/scout_msgs__rosidl_typesupport_cppExport-noconfig.cmake
[0.328s] Invoked command in '/home/aiv/YongJun_ws/ros2_ws/build/scout_msgs' returned '0': CMAKE_PREFIX_PATH=/opt/ros/foxy /home/aiv/.local/bin/cmake --install /home/aiv/YongJun_ws/ros2_ws/build/scout_msgs
