-- Found CUDA: /usr/local/cuda-12.2 (found suitable version "12.2", minimum required is "12") 
-- Found CUDA: /usr/local/cuda-12.2 (found version "12.2") 
-- Found ament_cmake_auto: 0.9.12 (/opt/ros/foxy/share/ament_cmake_auto/cmake)
-- Using PYTHON_EXECUTABLE: /usr/bin/python3
-- Override CMake install command with custom implementation using symlinks instead of copying resources
-- Using all available rosidl_typesupport_c: rosidl_typesupport_fastrtps_c;rosidl_typesupport_introspection_c
-- Found rosidl_adapter: 1.3.1 (/opt/ros/foxy/share/rosidl_adapter/cmake)
-- Using all available rosidl_typesupport_cpp: rosidl_typesupport_fastrtps_cpp;rosidl_typesupport_introspection_cpp
-- Found rmw_implementation_cmake: 1.0.4 (/opt/ros/foxy/share/rmw_implementation_cmake/cmake)
-- Using RMW implementation 'rmw_fastrtps_cpp' as default
-- Found eigen3_cmake_module: 0.1.1 (/opt/ros/foxy/share/eigen3_cmake_module/cmake)
-- Found ament_lint_auto: 0.9.8 (/opt/ros/foxy/share/ament_lint_auto/cmake)
-- Added test 'copyright' to check source files copyright and LICENSE
-- Added test 'cppcheck' to perform static code analysis on C / C++ code
-- Configured cppcheck include dirs: /home/aiv/YongJun_ws/ros2_ws/src/zed-ros2-examples/tutorials/zed_rgb_convert/src/include;/home/aiv/YongJun_ws/ros2_ws/src/zed-ros2-examples/tutorials/zed_rgb_convert/src/component/include
-- Configured cppcheck exclude dirs and/or files: 
-- Added test 'cpplint' to check C / C++ code against the Google style
-- Configured cpplint exclude dirs and/or files: 
-- Added test 'flake8' to check Python code syntax and style conventions
-- Added test 'lint_cmake' to check CMake code style
-- Added test 'pep257' to check Python code against some of the style conventions in PEP 257
-- Added test 'uncrustify' to check C / C++ code style
-- Configured uncrustify additional arguments: 
-- Added test 'xmllint' to check XML markup files
-- Configuring done
-- Generating done
-- Build files have been written to: /home/aiv/YongJun_ws/ros2_ws/build/zed_rgb_convert
[ 50%] Built target zed_rgb_convert_component
[100%] Built target zed_rgb_convert
-- Install configuration: "Release"
-- Execute custom install script
-- Up-to-date symlink: /home/aiv/YongJun_ws/ros2_ws/install/zed_rgb_convert/lib/zed_rgb_convert/zed_rgb_convert
-- Up-to-date symlink: /home/aiv/YongJun_ws/ros2_ws/install/zed_rgb_convert/lib/libzed_rgb_convert_component.so
-- Up-to-date symlink: /home/aiv/YongJun_ws/ros2_ws/install/zed_rgb_convert/include/zed_rgb_convert//cvt_visibility_control.hpp
-- Up-to-date symlink: /home/aiv/YongJun_ws/ros2_ws/install/zed_rgb_convert/share/zed_rgb_convert/launch/zed_rgb_convert.launch.py
-- Up-to-date symlink: /home/aiv/YongJun_ws/ros2_ws/install/zed_rgb_convert/share/zed_rgb_convert/environment/library_path.sh
-- Up-to-date symlink: /home/aiv/YongJun_ws/ros2_ws/install/zed_rgb_convert/share/zed_rgb_convert/environment/library_path.dsv
-- Up-to-date symlink: /home/aiv/YongJun_ws/ros2_ws/install/zed_rgb_convert/share/ament_index/resource_index/package_run_dependencies/zed_rgb_convert
-- Up-to-date symlink: /home/aiv/YongJun_ws/ros2_ws/install/zed_rgb_convert/share/ament_index/resource_index/parent_prefix_path/zed_rgb_convert
-- Up-to-date symlink: /home/aiv/YongJun_ws/ros2_ws/install/zed_rgb_convert/share/zed_rgb_convert/environment/ament_prefix_path.sh
-- Up-to-date symlink: /home/aiv/YongJun_ws/ros2_ws/install/zed_rgb_convert/share/zed_rgb_convert/environment/ament_prefix_path.dsv
-- Up-to-date symlink: /home/aiv/YongJun_ws/ros2_ws/install/zed_rgb_convert/share/zed_rgb_convert/environment/path.sh
-- Up-to-date symlink: /home/aiv/YongJun_ws/ros2_ws/install/zed_rgb_convert/share/zed_rgb_convert/environment/path.dsv
-- Up-to-date symlink: /home/aiv/YongJun_ws/ros2_ws/install/zed_rgb_convert/share/zed_rgb_convert/local_setup.bash
-- Up-to-date symlink: /home/aiv/YongJun_ws/ros2_ws/install/zed_rgb_convert/share/zed_rgb_convert/local_setup.sh
-- Up-to-date symlink: /home/aiv/YongJun_ws/ros2_ws/install/zed_rgb_convert/share/zed_rgb_convert/local_setup.zsh
-- Up-to-date symlink: /home/aiv/YongJun_ws/ros2_ws/install/zed_rgb_convert/share/zed_rgb_convert/local_setup.dsv
-- Symlinking: /home/aiv/YongJun_ws/ros2_ws/install/zed_rgb_convert/share/zed_rgb_convert/package.dsv
-- Up-to-date symlink: /home/aiv/YongJun_ws/ros2_ws/install/zed_rgb_convert/share/ament_index/resource_index/packages/zed_rgb_convert
-- Up-to-date symlink: /home/aiv/YongJun_ws/ros2_ws/install/zed_rgb_convert/share/ament_index/resource_index/rclcpp_components/zed_rgb_convert
-- Up-to-date symlink: /home/aiv/YongJun_ws/ros2_ws/install/zed_rgb_convert/share/zed_rgb_convert/cmake/ament_cmake_export_include_directories-extras.cmake
-- Up-to-date symlink: /home/aiv/YongJun_ws/ros2_ws/install/zed_rgb_convert/share/zed_rgb_convert/cmake/ament_cmake_export_libraries-extras.cmake
-- Up-to-date symlink: /home/aiv/YongJun_ws/ros2_ws/install/zed_rgb_convert/share/zed_rgb_convert/cmake/ament_cmake_export_dependencies-extras.cmake
-- Up-to-date symlink: /home/aiv/YongJun_ws/ros2_ws/install/zed_rgb_convert/share/zed_rgb_convert/cmake/zed_rgb_convertConfig.cmake
-- Up-to-date symlink: /home/aiv/YongJun_ws/ros2_ws/install/zed_rgb_convert/share/zed_rgb_convert/cmake/zed_rgb_convertConfig-version.cmake
-- Up-to-date symlink: /home/aiv/YongJun_ws/ros2_ws/install/zed_rgb_convert/share/zed_rgb_convert/package.xml
