[0.007s] Invoking command in '/home/aiv/YongJun_ws/build/yolov8_bringup': CMAKE_PREFIX_PATH=${CMAKE_PREFIX_PATH}:/home/aiv/YongJun_ws/install/yolov8_ros:/opt/ros/foxy PYTHONPATH=/home/aiv/YongJun_ws/build/yolov8_ros:/home/aiv/YongJun_ws/install/yolov8_ros/lib/python3.8/site-packages:/home/yong/YongJun_ws/build/yolov8_ros:/home/aiv/YongJun_ws/install/yolov8_msgs/lib/python3.8/site-packages:/home/aiv/YongJun_ws/install/vision_msgs/lib/python3.8/site-packages:/opt/ros/foxy/lib/python3.8/site-packages /usr/bin/cmake /home/aiv/YongJun_ws/src/YOLO/Yolov8/yolov8_bringup -DAMENT_CMAKE_SYMLINK_INSTALL=1 -DCMAKE_INSTALL_PREFIX=/home/aiv/YongJun_ws/install/yolov8_bringup
[0.040s] -- The C compiler identification is GNU 9.4.0
[0.073s] -- The CXX compiler identification is GNU 9.4.0
[0.076s] -- Check for working C compiler: /usr/bin/cc
[0.117s] -- Check for working C compiler: /usr/bin/cc -- works
[0.118s] -- Detecting C compiler ABI info
[0.157s] -- Detecting C compiler ABI info - done
[0.164s] -- Detecting C compile features
[0.165s] -- Detecting C compile features - done
[0.166s] -- Check for working CXX compiler: /usr/bin/c++
[0.213s] -- Check for working CXX compiler: /usr/bin/c++ -- works
[0.214s] -- Detecting CXX compiler ABI info
[0.261s] -- Detecting CXX compiler ABI info - done
[0.269s] -- Detecting CXX compile features
[0.269s] -- Detecting CXX compile features - done
[0.270s] -- Found ament_cmake: 0.9.12 (/opt/ros/foxy/share/ament_cmake/cmake)
[0.290s] -- Found PythonInterp: /usr/bin/python3 (found suitable version "3.8.10", minimum required is "3") 
[0.290s] -- Using PYTHON_EXECUTABLE: /usr/bin/python3
[0.396s] -- Override CMake install command with custom implementation using symlinks instead of copying resources
[0.447s] -- Configuring done
[0.448s] -- Generating done
[0.448s] -- Build files have been written to: /home/aiv/YongJun_ws/build/yolov8_bringup
[0.452s] Invoked command in '/home/aiv/YongJun_ws/build/yolov8_bringup' returned '0': CMAKE_PREFIX_PATH=${CMAKE_PREFIX_PATH}:/home/aiv/YongJun_ws/install/yolov8_ros:/opt/ros/foxy PYTHONPATH=/home/aiv/YongJun_ws/build/yolov8_ros:/home/aiv/YongJun_ws/install/yolov8_ros/lib/python3.8/site-packages:/home/yong/YongJun_ws/build/yolov8_ros:/home/aiv/YongJun_ws/install/yolov8_msgs/lib/python3.8/site-packages:/home/aiv/YongJun_ws/install/vision_msgs/lib/python3.8/site-packages:/opt/ros/foxy/lib/python3.8/site-packages /usr/bin/cmake /home/aiv/YongJun_ws/src/YOLO/Yolov8/yolov8_bringup -DAMENT_CMAKE_SYMLINK_INSTALL=1 -DCMAKE_INSTALL_PREFIX=/home/aiv/YongJun_ws/install/yolov8_bringup
[0.452s] Invoking command in '/home/aiv/YongJun_ws/build/yolov8_bringup': CMAKE_PREFIX_PATH=${CMAKE_PREFIX_PATH}:/home/aiv/YongJun_ws/install/yolov8_ros:/opt/ros/foxy PYTHONPATH=/home/aiv/YongJun_ws/build/yolov8_ros:/home/aiv/YongJun_ws/install/yolov8_ros/lib/python3.8/site-packages:/home/yong/YongJun_ws/build/yolov8_ros:/home/aiv/YongJun_ws/install/yolov8_msgs/lib/python3.8/site-packages:/home/aiv/YongJun_ws/install/vision_msgs/lib/python3.8/site-packages:/opt/ros/foxy/lib/python3.8/site-packages /usr/bin/cmake --build /home/aiv/YongJun_ws/build/yolov8_bringup -- -j32 -l32
[0.475s] Invoked command in '/home/aiv/YongJun_ws/build/yolov8_bringup' returned '0': CMAKE_PREFIX_PATH=${CMAKE_PREFIX_PATH}:/home/aiv/YongJun_ws/install/yolov8_ros:/opt/ros/foxy PYTHONPATH=/home/aiv/YongJun_ws/build/yolov8_ros:/home/aiv/YongJun_ws/install/yolov8_ros/lib/python3.8/site-packages:/home/yong/YongJun_ws/build/yolov8_ros:/home/aiv/YongJun_ws/install/yolov8_msgs/lib/python3.8/site-packages:/home/aiv/YongJun_ws/install/vision_msgs/lib/python3.8/site-packages:/opt/ros/foxy/lib/python3.8/site-packages /usr/bin/cmake --build /home/aiv/YongJun_ws/build/yolov8_bringup -- -j32 -l32
[0.493s] Invoking command in '/home/aiv/YongJun_ws/build/yolov8_bringup': CMAKE_PREFIX_PATH=${CMAKE_PREFIX_PATH}:/home/aiv/YongJun_ws/install/yolov8_ros:/opt/ros/foxy PYTHONPATH=/home/aiv/YongJun_ws/build/yolov8_ros:/home/aiv/YongJun_ws/install/yolov8_ros/lib/python3.8/site-packages:/home/yong/YongJun_ws/build/yolov8_ros:/home/aiv/YongJun_ws/install/yolov8_msgs/lib/python3.8/site-packages:/home/aiv/YongJun_ws/install/vision_msgs/lib/python3.8/site-packages:/opt/ros/foxy/lib/python3.8/site-packages /usr/bin/cmake --install /home/aiv/YongJun_ws/build/yolov8_bringup
[0.498s] -- Install configuration: ""
[0.498s] -- Execute custom install script
[0.498s] -- Symlinking: /home/aiv/YongJun_ws/install/yolov8_bringup/share/yolov8_bringup//launch/yolov8.launch.py
[0.503s] -- Symlinking: /home/aiv/YongJun_ws/install/yolov8_bringup/share/yolov8_bringup//launch/yolov8_3d.launch.py
[0.508s] -- Symlinking: /home/aiv/YongJun_ws/install/yolov8_bringup/share/yolov8_bringup//launch/yolov9.launch.py
[0.512s] -- Symlinking: /home/aiv/YongJun_ws/install/yolov8_bringup/share/ament_index/resource_index/package_run_dependencies/yolov8_bringup
[0.517s] -- Symlinking: /home/aiv/YongJun_ws/install/yolov8_bringup/share/ament_index/resource_index/parent_prefix_path/yolov8_bringup
[0.522s] -- Symlinking: /home/aiv/YongJun_ws/install/yolov8_bringup/share/yolov8_bringup/environment/ament_prefix_path.sh
[0.527s] -- Symlinking: /home/aiv/YongJun_ws/install/yolov8_bringup/share/yolov8_bringup/environment/ament_prefix_path.dsv
[0.532s] -- Symlinking: /home/aiv/YongJun_ws/install/yolov8_bringup/share/yolov8_bringup/environment/path.sh
[0.536s] -- Symlinking: /home/aiv/YongJun_ws/install/yolov8_bringup/share/yolov8_bringup/environment/path.dsv
[0.541s] -- Symlinking: /home/aiv/YongJun_ws/install/yolov8_bringup/share/yolov8_bringup/local_setup.bash
[0.546s] -- Symlinking: /home/aiv/YongJun_ws/install/yolov8_bringup/share/yolov8_bringup/local_setup.sh
[0.551s] -- Symlinking: /home/aiv/YongJun_ws/install/yolov8_bringup/share/yolov8_bringup/local_setup.zsh
[0.556s] -- Symlinking: /home/aiv/YongJun_ws/install/yolov8_bringup/share/yolov8_bringup/local_setup.dsv
[0.561s] -- Symlinking: /home/aiv/YongJun_ws/install/yolov8_bringup/share/yolov8_bringup/package.dsv
[0.565s] -- Symlinking: /home/aiv/YongJun_ws/install/yolov8_bringup/share/ament_index/resource_index/packages/yolov8_bringup
[0.570s] -- Symlinking: /home/aiv/YongJun_ws/install/yolov8_bringup/share/yolov8_bringup/cmake/yolov8_bringupConfig.cmake
[0.575s] -- Symlinking: /home/aiv/YongJun_ws/install/yolov8_bringup/share/yolov8_bringup/cmake/yolov8_bringupConfig-version.cmake
[0.580s] -- Symlinking: /home/aiv/YongJun_ws/install/yolov8_bringup/share/yolov8_bringup/package.xml
[0.586s] Invoked command in '/home/aiv/YongJun_ws/build/yolov8_bringup' returned '0': CMAKE_PREFIX_PATH=${CMAKE_PREFIX_PATH}:/home/aiv/YongJun_ws/install/yolov8_ros:/opt/ros/foxy PYTHONPATH=/home/aiv/YongJun_ws/build/yolov8_ros:/home/aiv/YongJun_ws/install/yolov8_ros/lib/python3.8/site-packages:/home/yong/YongJun_ws/build/yolov8_ros:/home/aiv/YongJun_ws/install/yolov8_msgs/lib/python3.8/site-packages:/home/aiv/YongJun_ws/install/vision_msgs/lib/python3.8/site-packages:/opt/ros/foxy/lib/python3.8/site-packages /usr/bin/cmake --install /home/aiv/YongJun_ws/build/yolov8_bringup
