-- The C compiler identification is GNU 9.4.0
-- The CXX compiler identification is GNU 9.4.0
-- Detecting C compiler ABI info
-- Detecting C compiler ABI info - done
-- Check for working C compiler: /usr/bin/gcc - skipped
-- Detecting C compile features
-- Detecting C compile features - done
-- Detecting CXX compiler ABI info
-- Detecting CXX compiler ABI info - done
-- Check for working CXX compiler: /usr/bin/g++ - skipped
-- Detecting CXX compile features
-- Detecting CXX compile features - done
-- Found ament_cmake: 1.3.3 (/usr/local/MATLAB/R2024a/sys/ros2/glnxa64/ros2/share/ament_cmake/cmake)
-- Found Python3: /usr/anaconda3/bin/python3.11 (found version "3.11.7") found components: Interpreter 
-- Found ament_cmake_ros: 0.10.0 (/usr/local/MATLAB/R2024a/sys/ros2/glnxa64/ros2/share/ament_cmake_ros/cmake)
-- Found rosidl_typesupport_c: 2.0.0 (/usr/local/MATLAB/R2024a/sys/ros2/glnxa64/ros2/share/rosidl_typesupport_c/cmake)
-- Using all available rosidl_typesupport_c: rosidl_typesupport_fastrtps_c;rosidl_typesupport_introspection_c
-- Found rosidl_adapter: 3.1.4 (/usr/local/MATLAB/R2024a/sys/ros2/glnxa64/ros2/share/rosidl_adapter/cmake)
-- Found rosidl_typesupport_cpp: 2.0.0 (/usr/local/MATLAB/R2024a/sys/ros2/glnxa64/ros2/share/rosidl_typesupport_cpp/cmake)
-- Using all available rosidl_typesupport_cpp: rosidl_typesupport_fastrtps_cpp;rosidl_typesupport_introspection_cpp
-- Found rosidl_default_generators: 1.2.0 (/usr/local/MATLAB/R2024a/sys/ros2/glnxa64/ros2/share/rosidl_default_generators/cmake)
-- Found class_loader: 2.2.0 (/usr/local/MATLAB/R2024a/sys/ros2/glnxa64/ros2/share/class_loader/cmake)
-- Found geometry_msgs: 4.2.3 (/usr/local/MATLAB/R2024a/sys/ros2/glnxa64/ros2/share/geometry_msgs/cmake)
-- Found rclcpp: 16.0.5 (/usr/local/MATLAB/R2024a/sys/ros2/glnxa64/ros2/share/rclcpp/cmake)
-- Found rmw_implementation_cmake: 6.1.1 (/usr/local/MATLAB/R2024a/sys/ros2/glnxa64/ros2/share/rmw_implementation_cmake/cmake)
-- Found rmw_fastrtps_cpp: 6.2.2 (/usr/local/MATLAB/R2024a/sys/ros2/glnxa64/ros2/share/rmw_fastrtps_cpp/cmake)
-- Found FastRTPS: /usr/local/MATLAB/R2024a/sys/ros2/glnxa64/ros2/include  
-- Using RMW implementation 'rmw_fastrtps_cpp' as default
-- Performing Test CMAKE_HAVE_LIBC_PTHREAD
-- Performing Test CMAKE_HAVE_LIBC_PTHREAD - Failed
-- Looking for pthread_create in pthreads
-- Looking for pthread_create in pthreads - not found
-- Looking for pthread_create in pthread
-- Looking for pthread_create in pthread - found
-- Found Threads: TRUE  
-- Using all available rosidl_typesupport_c: rosidl_typesupport_fastrtps_c;rosidl_typesupport_introspection_c
-- Using all available rosidl_typesupport_cpp: rosidl_typesupport_fastrtps_cpp;rosidl_typesupport_introspection_cpp
-- Configuring done
-- Generating done
-- Build files have been written to: /home/user/ros2_ws/src/YongJun_ws/matlab/AutoL_LiDAR_ROS/custom/matlab_msg_gen/glnxa64/build/vision_msgs
[1/144] Generating C++ code for ROS interfaces
[2/144] Generating C code for ROS interfaces
[3/144] Building C object CMakeFiles/vision_msgs__rosidl_generator_c.dir/rosidl_generator_c/vision_msgs/msg/detail/bounding_box3_d__functions.c.o
[4/144] Building C object CMakeFiles/vision_msgs__rosidl_generator_c.dir/rosidl_generator_c/vision_msgs/msg/detail/bounding_box2_d_array__functions.c.o
[5/144] Building C object CMakeFiles/vision_msgs__rosidl_generator_c.dir/rosidl_generator_c/vision_msgs/msg/detail/bounding_box3_d_array__functions.c.o
[6/144] Building C object CMakeFiles/vision_msgs__rosidl_generator_c.dir/rosidl_generator_c/vision_msgs/msg/detail/vision_info__functions.c.o
[7/144] Building C object CMakeFiles/vision_msgs__rosidl_generator_c.dir/rosidl_generator_c/vision_msgs/msg/detail/point2_d__functions.c.o
[8/144] Building C object CMakeFiles/vision_msgs__rosidl_generator_c.dir/rosidl_generator_c/vision_msgs/msg/detail/vision_class__functions.c.o
[9/144] Building C object CMakeFiles/vision_msgs__rosidl_generator_c.dir/rosidl_generator_c/vision_msgs/msg/detail/label_info__functions.c.o
[10/144] Building C object CMakeFiles/vision_msgs__rosidl_generator_c.dir/rosidl_generator_c/vision_msgs/msg/detail/pose2_d__functions.c.o
[11/144] Building C object CMakeFiles/vision_msgs__rosidl_generator_c.dir/rosidl_generator_c/vision_msgs/msg/detail/object_hypothesis_with_pose__functions.c.o
[12/144] Building C object CMakeFiles/vision_msgs__rosidl_generator_c.dir/rosidl_generator_c/vision_msgs/msg/detail/classification__functions.c.o
[13/144] Building C object CMakeFiles/vision_msgs__rosidl_generator_c.dir/rosidl_generator_c/vision_msgs/msg/detail/detection2_d__functions.c.o
[14/144] Building C object CMakeFiles/vision_msgs__rosidl_generator_c.dir/rosidl_generator_c/vision_msgs/msg/detail/detection3_d__functions.c.o
[15/144] Building C object CMakeFiles/vision_msgs__rosidl_generator_c.dir/rosidl_generator_c/vision_msgs/msg/detail/bounding_box2_d__functions.c.o
[16/144] Building C object CMakeFiles/vision_msgs__rosidl_generator_c.dir/rosidl_generator_c/vision_msgs/msg/detail/detection3_d_array__functions.c.o
[17/144] Building C object CMakeFiles/vision_msgs__rosidl_generator_c.dir/rosidl_generator_c/vision_msgs/msg/detail/object_hypothesis__functions.c.o
[18/144] Building C object CMakeFiles/vision_msgs__rosidl_generator_c.dir/rosidl_generator_c/vision_msgs/msg/detail/detection2_d_array__functions.c.o
[19/144] Linking C shared library libvision_msgs__rosidl_generator_c.so
[20/144] Generating C++ type support dispatch for ROS interfaces
[21/144] Generating C++ introspection for ROS interfaces
[22/144] Generating C type support dispatch for ROS interfaces
[23/144] Building CXX object CMakeFiles/vision_msgs__rosidl_typesupport_cpp.dir/rosidl_typesupport_cpp/vision_msgs/msg/bounding_box3_d_array__type_support.cpp.o
[24/144] Generating C++ type support for eProsima Fast-RTPS
[25/144] Building CXX object CMakeFiles/vision_msgs__rosidl_typesupport_c.dir/rosidl_typesupport_c/vision_msgs/msg/bounding_box2_d__type_support.cpp.o
[26/144] Building CXX object CMakeFiles/vision_msgs__rosidl_typesupport_cpp.dir/rosidl_typesupport_cpp/vision_msgs/msg/vision_info__type_support.cpp.o
[27/144] Building CXX object CMakeFiles/vision_msgs__rosidl_typesupport_cpp.dir/rosidl_typesupport_cpp/vision_msgs/msg/bounding_box2_d__type_support.cpp.o
[28/144] Building CXX object CMakeFiles/vision_msgs__rosidl_typesupport_c.dir/rosidl_typesupport_c/vision_msgs/msg/bounding_box2_d_array__type_support.cpp.o
[29/144] Building CXX object CMakeFiles/vision_msgs__rosidl_typesupport_cpp.dir/rosidl_typesupport_cpp/vision_msgs/msg/object_hypothesis_with_pose__type_support.cpp.o
[30/144] Building CXX object CMakeFiles/vision_msgs__rosidl_typesupport_cpp.dir/rosidl_typesupport_cpp/vision_msgs/msg/vision_class__type_support.cpp.o
[31/144] Building CXX object CMakeFiles/vision_msgs__rosidl_typesupport_cpp.dir/rosidl_typesupport_cpp/vision_msgs/msg/detection3_d_array__type_support.cpp.o
[32/144] Building CXX object CMakeFiles/vision_msgs__rosidl_typesupport_cpp.dir/rosidl_typesupport_cpp/vision_msgs/msg/object_hypothesis__type_support.cpp.o
[33/144] Building CXX object CMakeFiles/vision_msgs__rosidl_typesupport_cpp.dir/rosidl_typesupport_cpp/vision_msgs/msg/bounding_box2_d_array__type_support.cpp.o
[34/144] Building CXX object CMakeFiles/vision_msgs__rosidl_typesupport_cpp.dir/rosidl_typesupport_cpp/vision_msgs/msg/detection2_d__type_support.cpp.o
[35/144] Building CXX object CMakeFiles/vision_msgs__rosidl_typesupport_cpp.dir/rosidl_typesupport_cpp/vision_msgs/msg/detection2_d_array__type_support.cpp.o
[36/144] Building CXX object CMakeFiles/vision_msgs__rosidl_typesupport_c.dir/rosidl_typesupport_c/vision_msgs/msg/bounding_box3_d__type_support.cpp.o
[37/144] Building CXX object CMakeFiles/vision_msgs__rosidl_typesupport_c.dir/rosidl_typesupport_c/vision_msgs/msg/bounding_box3_d_array__type_support.cpp.o
[38/144] Building CXX object CMakeFiles/vision_msgs__rosidl_typesupport_cpp.dir/rosidl_typesupport_cpp/vision_msgs/msg/label_info__type_support.cpp.o
[39/144] Building CXX object CMakeFiles/vision_msgs__rosidl_typesupport_cpp.dir/rosidl_typesupport_cpp/vision_msgs/msg/bounding_box3_d__type_support.cpp.o
[40/144] Building CXX object CMakeFiles/vision_msgs__rosidl_typesupport_c.dir/rosidl_typesupport_c/vision_msgs/msg/detection2_d__type_support.cpp.o
[41/144] Building CXX object CMakeFiles/vision_msgs__rosidl_typesupport_c.dir/rosidl_typesupport_c/vision_msgs/msg/detection3_d_array__type_support.cpp.o
[42/144] Building CXX object CMakeFiles/vision_msgs__rosidl_typesupport_c.dir/rosidl_typesupport_c/vision_msgs/msg/detection2_d_array__type_support.cpp.o
[43/144] Building CXX object CMakeFiles/vision_msgs__rosidl_typesupport_c.dir/rosidl_typesupport_c/vision_msgs/msg/classification__type_support.cpp.o
[44/144] Building CXX object CMakeFiles/vision_msgs__rosidl_typesupport_c.dir/rosidl_typesupport_c/vision_msgs/msg/detection3_d__type_support.cpp.o
[45/144] Building CXX object CMakeFiles/vision_msgs__rosidl_typesupport_cpp.dir/rosidl_typesupport_cpp/vision_msgs/msg/pose2_d__type_support.cpp.o
[46/144] Building CXX object CMakeFiles/vision_msgs__rosidl_typesupport_c.dir/rosidl_typesupport_c/vision_msgs/msg/label_info__type_support.cpp.o
[47/144] Building CXX object CMakeFiles/vision_msgs__rosidl_typesupport_c.dir/rosidl_typesupport_c/vision_msgs/msg/point2_d__type_support.cpp.o
[48/144] Building CXX object CMakeFiles/vision_msgs__rosidl_typesupport_c.dir/rosidl_typesupport_c/vision_msgs/msg/pose2_d__type_support.cpp.o
[49/144] Building CXX object CMakeFiles/vision_msgs__rosidl_typesupport_c.dir/rosidl_typesupport_c/vision_msgs/msg/object_hypothesis_with_pose__type_support.cpp.o
[50/144] Building CXX object CMakeFiles/vision_msgs__rosidl_typesupport_cpp.dir/rosidl_typesupport_cpp/vision_msgs/msg/point2_d__type_support.cpp.o
[51/144] Building CXX object CMakeFiles/vision_msgs__rosidl_typesupport_c.dir/rosidl_typesupport_c/vision_msgs/msg/vision_info__type_support.cpp.o
[52/144] Building CXX object CMakeFiles/vision_msgs__rosidl_typesupport_c.dir/rosidl_typesupport_c/vision_msgs/msg/vision_class__type_support.cpp.o
[53/144] Building CXX object CMakeFiles/vision_msgs__rosidl_typesupport_c.dir/rosidl_typesupport_c/vision_msgs/msg/object_hypothesis__type_support.cpp.o
[54/144] Generating C type support for eProsima Fast-RTPS
[55/144] Generating C introspection for ROS interfaces
[56/144] Building CXX object CMakeFiles/vision_msgs__rosidl_typesupport_cpp.dir/rosidl_typesupport_cpp/vision_msgs/msg/detection3_d__type_support.cpp.o
[57/144] Building CXX object CMakeFiles/vision_msgs__rosidl_typesupport_cpp.dir/rosidl_typesupport_cpp/vision_msgs/msg/classification__type_support.cpp.o
[58/144] Linking CXX shared library libvision_msgs__rosidl_typesupport_c.so
[59/144] Building C object CMakeFiles/vision_msgs__rosidl_typesupport_introspection_c.dir/rosidl_typesupport_introspection_c/vision_msgs/msg/detail/object_hypothesis_with_pose__type_support.c.o
[60/144] Building CXX object CMakeFiles/vision_msgs__rosidl_typesupport_introspection_cpp.dir/rosidl_typesupport_introspection_cpp/vision_msgs/msg/detail/bounding_box2_d__type_support.cpp.o
[61/144] Building CXX object CMakeFiles/vision_msgs__rosidl_typesupport_fastrtps_cpp.dir/rosidl_typesupport_fastrtps_cpp/vision_msgs/msg/detail/dds_fastrtps/object_hypothesis_with_pose__type_support.cpp.o
[62/144] Building CXX object CMakeFiles/vision_msgs__rosidl_typesupport_fastrtps_cpp.dir/rosidl_typesupport_fastrtps_cpp/vision_msgs/msg/detail/dds_fastrtps/bounding_box3_d__type_support.cpp.o
[63/144] Building CXX object CMakeFiles/vision_msgs__rosidl_typesupport_fastrtps_cpp.dir/rosidl_typesupport_fastrtps_cpp/vision_msgs/msg/detail/dds_fastrtps/bounding_box2_d__type_support.cpp.o
[64/144] Building CXX object CMakeFiles/vision_msgs__rosidl_typesupport_fastrtps_cpp.dir/rosidl_typesupport_fastrtps_cpp/vision_msgs/msg/detail/dds_fastrtps/vision_class__type_support.cpp.o
[65/144] Building CXX object CMakeFiles/vision_msgs__rosidl_typesupport_fastrtps_c.dir/rosidl_typesupport_fastrtps_c/vision_msgs/msg/detail/bounding_box2_d_array__type_support_c.cpp.o
[66/144] Building CXX object CMakeFiles/vision_msgs__rosidl_typesupport_fastrtps_cpp.dir/rosidl_typesupport_fastrtps_cpp/vision_msgs/msg/detail/dds_fastrtps/bounding_box3_d_array__type_support.cpp.o
[67/144] Building CXX object CMakeFiles/vision_msgs__rosidl_typesupport_fastrtps_cpp.dir/rosidl_typesupport_fastrtps_cpp/vision_msgs/msg/detail/dds_fastrtps/bounding_box2_d_array__type_support.cpp.o
[68/144] Building CXX object CMakeFiles/vision_msgs__rosidl_typesupport_fastrtps_cpp.dir/rosidl_typesupport_fastrtps_cpp/vision_msgs/msg/detail/dds_fastrtps/pose2_d__type_support.cpp.o
[69/144] Building CXX object CMakeFiles/vision_msgs__rosidl_typesupport_fastrtps_cpp.dir/rosidl_typesupport_fastrtps_cpp/vision_msgs/msg/detail/dds_fastrtps/object_hypothesis__type_support.cpp.o
[70/144] Building CXX object CMakeFiles/vision_msgs__rosidl_typesupport_fastrtps_cpp.dir/rosidl_typesupport_fastrtps_cpp/vision_msgs/msg/detail/dds_fastrtps/point2_d__type_support.cpp.o
[71/144] Building CXX object CMakeFiles/vision_msgs__rosidl_typesupport_fastrtps_cpp.dir/rosidl_typesupport_fastrtps_cpp/vision_msgs/msg/detail/dds_fastrtps/classification__type_support.cpp.o
[72/144] Building CXX object CMakeFiles/vision_msgs__rosidl_typesupport_fastrtps_c.dir/rosidl_typesupport_fastrtps_c/vision_msgs/msg/detail/bounding_box2_d__type_support_c.cpp.o
[73/144] Building CXX object CMakeFiles/vision_msgs__rosidl_typesupport_fastrtps_cpp.dir/rosidl_typesupport_fastrtps_cpp/vision_msgs/msg/detail/dds_fastrtps/detection2_d__type_support.cpp.o
[74/144] Building CXX object CMakeFiles/vision_msgs__rosidl_typesupport_fastrtps_cpp.dir/rosidl_typesupport_fastrtps_cpp/vision_msgs/msg/detail/dds_fastrtps/detection3_d__type_support.cpp.o
[75/144] Building CXX object CMakeFiles/vision_msgs__rosidl_typesupport_fastrtps_c.dir/rosidl_typesupport_fastrtps_c/vision_msgs/msg/detail/bounding_box3_d__type_support_c.cpp.o
[76/144] Building CXX object CMakeFiles/vision_msgs__rosidl_typesupport_fastrtps_c.dir/rosidl_typesupport_fastrtps_c/vision_msgs/msg/detail/bounding_box3_d_array__type_support_c.cpp.o
[77/144] Building CXX object CMakeFiles/vision_msgs__rosidl_typesupport_fastrtps_cpp.dir/rosidl_typesupport_fastrtps_cpp/vision_msgs/msg/detail/dds_fastrtps/label_info__type_support.cpp.o
[78/144] Building C object CMakeFiles/vision_msgs__rosidl_typesupport_introspection_c.dir/rosidl_typesupport_introspection_c/vision_msgs/msg/detail/bounding_box2_d_array__type_support.c.o
[79/144] Building C object CMakeFiles/vision_msgs__rosidl_typesupport_introspection_c.dir/rosidl_typesupport_introspection_c/vision_msgs/msg/detail/bounding_box3_d__type_support.c.o
[80/144] Building C object CMakeFiles/vision_msgs__rosidl_typesupport_introspection_c.dir/rosidl_typesupport_introspection_c/vision_msgs/msg/detail/bounding_box3_d_array__type_support.c.o
[81/144] Building CXX object CMakeFiles/vision_msgs__rosidl_typesupport_fastrtps_cpp.dir/rosidl_typesupport_fastrtps_cpp/vision_msgs/msg/detail/dds_fastrtps/detection3_d_array__type_support.cpp.o
[82/144] Building C object CMakeFiles/vision_msgs__rosidl_typesupport_introspection_c.dir/rosidl_typesupport_introspection_c/vision_msgs/msg/detail/bounding_box2_d__type_support.c.o
[83/144] Building C object CMakeFiles/vision_msgs__rosidl_typesupport_introspection_c.dir/rosidl_typesupport_introspection_c/vision_msgs/msg/detail/classification__type_support.c.o
[84/144] Building CXX object CMakeFiles/vision_msgs__rosidl_typesupport_fastrtps_cpp.dir/rosidl_typesupport_fastrtps_cpp/vision_msgs/msg/detail/dds_fastrtps/detection2_d_array__type_support.cpp.o
[85/144] Building CXX object CMakeFiles/vision_msgs__rosidl_typesupport_fastrtps_c.dir/rosidl_typesupport_fastrtps_c/vision_msgs/msg/detail/classification__type_support_c.cpp.o
[86/144] Building C object CMakeFiles/vision_msgs__rosidl_typesupport_introspection_c.dir/rosidl_typesupport_introspection_c/vision_msgs/msg/detail/detection2_d_array__type_support.c.o
[87/144] Building C object CMakeFiles/vision_msgs__rosidl_typesupport_introspection_c.dir/rosidl_typesupport_introspection_c/vision_msgs/msg/detail/detection3_d_array__type_support.c.o
[88/144] Building C object CMakeFiles/vision_msgs__rosidl_typesupport_introspection_c.dir/rosidl_typesupport_introspection_c/vision_msgs/msg/detail/detection2_d__type_support.c.o
[89/144] Building C object CMakeFiles/vision_msgs__rosidl_typesupport_introspection_c.dir/rosidl_typesupport_introspection_c/vision_msgs/msg/detail/detection3_d__type_support.c.o
[90/144] Building C object CMakeFiles/vision_msgs__rosidl_typesupport_introspection_c.dir/rosidl_typesupport_introspection_c/vision_msgs/msg/detail/object_hypothesis__type_support.c.o
[91/144] Building C object CMakeFiles/vision_msgs__rosidl_typesupport_introspection_c.dir/rosidl_typesupport_introspection_c/vision_msgs/msg/detail/label_info__type_support.c.o
[92/144] Building C object CMakeFiles/vision_msgs__rosidl_typesupport_introspection_c.dir/rosidl_typesupport_introspection_c/vision_msgs/msg/detail/vision_info__type_support.c.o
[93/144] Building C object CMakeFiles/vision_msgs__rosidl_typesupport_introspection_c.dir/rosidl_typesupport_introspection_c/vision_msgs/msg/detail/vision_class__type_support.c.o
[94/144] Building C object CMakeFiles/vision_msgs__rosidl_typesupport_introspection_c.dir/rosidl_typesupport_introspection_c/vision_msgs/msg/detail/pose2_d__type_support.c.o
[95/144] Building C object CMakeFiles/vision_msgs__rosidl_typesupport_introspection_c.dir/rosidl_typesupport_introspection_c/vision_msgs/msg/detail/point2_d__type_support.c.o
[96/144] Building CXX object CMakeFiles/vision_msgs__rosidl_typesupport_fastrtps_c.dir/rosidl_typesupport_fastrtps_c/vision_msgs/msg/detail/detection2_d__type_support_c.cpp.o
[97/144] Linking C shared library libvision_msgs__rosidl_typesupport_introspection_c.so
[98/144] Building CXX object CMakeFiles/vision_msgs__rosidl_typesupport_fastrtps_c.dir/rosidl_typesupport_fastrtps_c/vision_msgs/msg/detail/detection2_d_array__type_support_c.cpp.o
[99/144] Building CXX object CMakeFiles/vision_msgs__rosidl_typesupport_fastrtps_c.dir/rosidl_typesupport_fastrtps_c/vision_msgs/msg/detail/point2_d__type_support_c.cpp.o
[100/144] Building CXX object CMakeFiles/vision_msgs__rosidl_typesupport_fastrtps_c.dir/rosidl_typesupport_fastrtps_c/vision_msgs/msg/detail/label_info__type_support_c.cpp.o
[101/144] Building CXX object CMakeFiles/vision_msgs__rosidl_typesupport_fastrtps_c.dir/rosidl_typesupport_fastrtps_c/vision_msgs/msg/detail/detection3_d__type_support_c.cpp.o
[102/144] Building CXX object CMakeFiles/vision_msgs__rosidl_typesupport_fastrtps_c.dir/rosidl_typesupport_fastrtps_c/vision_msgs/msg/detail/object_hypothesis_with_pose__type_support_c.cpp.o
[103/144] Building CXX object CMakeFiles/vision_msgs__rosidl_typesupport_fastrtps_c.dir/rosidl_typesupport_fastrtps_c/vision_msgs/msg/detail/object_hypothesis__type_support_c.cpp.o
[104/144] Building CXX object CMakeFiles/vision_msgs__rosidl_typesupport_fastrtps_c.dir/rosidl_typesupport_fastrtps_c/vision_msgs/msg/detail/detection3_d_array__type_support_c.cpp.o
[105/144] Building CXX object CMakeFiles/vision_msgs__rosidl_typesupport_fastrtps_c.dir/rosidl_typesupport_fastrtps_c/vision_msgs/msg/detail/vision_class__type_support_c.cpp.o
[106/144] Building CXX object CMakeFiles/vision_msgs__rosidl_typesupport_fastrtps_c.dir/rosidl_typesupport_fastrtps_c/vision_msgs/msg/detail/pose2_d__type_support_c.cpp.o
[107/144] Building CXX object CMakeFiles/vision_msgs__rosidl_typesupport_fastrtps_c.dir/rosidl_typesupport_fastrtps_c/vision_msgs/msg/detail/vision_info__type_support_c.cpp.o
[108/144] Linking CXX shared library libvision_msgs__rosidl_typesupport_cpp.so
[109/144] Linking CXX shared library libvision_msgs__rosidl_typesupport_fastrtps_c.so
[110/144] Building CXX object CMakeFiles/vision_msgs__rosidl_typesupport_fastrtps_cpp.dir/rosidl_typesupport_fastrtps_cpp/vision_msgs/msg/detail/dds_fastrtps/vision_info__type_support.cpp.o
[111/144] Building CXX object CMakeFiles/vision_msgs__rosidl_typesupport_introspection_cpp.dir/rosidl_typesupport_introspection_cpp/vision_msgs/msg/detail/bounding_box3_d__type_support.cpp.o
[112/144] Building CXX object CMakeFiles/vision_msgs__rosidl_typesupport_introspection_cpp.dir/rosidl_typesupport_introspection_cpp/vision_msgs/msg/detail/bounding_box3_d_array__type_support.cpp.o
[113/144] Building CXX object CMakeFiles/vision_msgs__rosidl_typesupport_introspection_cpp.dir/rosidl_typesupport_introspection_cpp/vision_msgs/msg/detail/object_hypothesis__type_support.cpp.o
[114/144] Building CXX object CMakeFiles/vision_msgs__rosidl_typesupport_introspection_cpp.dir/rosidl_typesupport_introspection_cpp/vision_msgs/msg/detail/bounding_box2_d_array__type_support.cpp.o
[115/144] Building CXX object CMakeFiles/vision_msgs__rosidl_typesupport_introspection_cpp.dir/rosidl_typesupport_introspection_cpp/vision_msgs/msg/detail/detection2_d__type_support.cpp.o
[116/144] Building CXX object CMakeFiles/vision_msgs__rosidl_typesupport_introspection_cpp.dir/rosidl_typesupport_introspection_cpp/vision_msgs/msg/detail/classification__type_support.cpp.o
[117/144] Building CXX object CMakeFiles/vision_msgs__rosidl_typesupport_introspection_cpp.dir/rosidl_typesupport_introspection_cpp/vision_msgs/msg/detail/detection3_d__type_support.cpp.o
[118/144] Linking CXX shared library libvision_msgs__rosidl_typesupport_fastrtps_cpp.so
[119/144] Building CXX object CMakeFiles/vision_msgs__rosidl_typesupport_introspection_cpp.dir/rosidl_typesupport_introspection_cpp/vision_msgs/msg/detail/detection2_d_array__type_support.cpp.o
[120/144] Building CXX object CMakeFiles/vision_msgs__rosidl_typesupport_introspection_cpp.dir/rosidl_typesupport_introspection_cpp/vision_msgs/msg/detail/detection3_d_array__type_support.cpp.o
[121/144] Building CXX object CMakeFiles/vision_msgs__rosidl_typesupport_introspection_cpp.dir/rosidl_typesupport_introspection_cpp/vision_msgs/msg/detail/label_info__type_support.cpp.o
[122/144] Building CXX object CMakeFiles/vision_msgs__rosidl_typesupport_introspection_cpp.dir/rosidl_typesupport_introspection_cpp/vision_msgs/msg/detail/point2_d__type_support.cpp.o
[123/144] Building CXX object CMakeFiles/vision_msgs__rosidl_typesupport_introspection_cpp.dir/rosidl_typesupport_introspection_cpp/vision_msgs/msg/detail/object_hypothesis_with_pose__type_support.cpp.o
[124/144] Building CXX object CMakeFiles/vision_msgs__rosidl_typesupport_introspection_cpp.dir/rosidl_typesupport_introspection_cpp/vision_msgs/msg/detail/vision_class__type_support.cpp.o
[125/144] Building CXX object CMakeFiles/vision_msgs__rosidl_typesupport_introspection_cpp.dir/rosidl_typesupport_introspection_cpp/vision_msgs/msg/detail/pose2_d__type_support.cpp.o
[126/144] Building CXX object CMakeFiles/vision_msgs__rosidl_typesupport_introspection_cpp.dir/rosidl_typesupport_introspection_cpp/vision_msgs/msg/detail/vision_info__type_support.cpp.o
[127/144] Linking CXX shared library libvision_msgs__rosidl_typesupport_introspection_cpp.so
[128/144] Building CXX object CMakeFiles/vision_msgs_matlab.dir/src/vision_msgs_BoundingBox2D_message.cpp.o
[129/144] Building CXX object CMakeFiles/vision_msgs_matlab.dir/src/vision_msgs_BoundingBox3DArray_message.cpp.o
[130/144] Building CXX object CMakeFiles/vision_msgs_matlab.dir/src/vision_msgs_Classification_message.cpp.o
[131/144] Building CXX object CMakeFiles/vision_msgs_matlab.dir/src/vision_msgs_ObjectHypothesis_message.cpp.o
[132/144] Building CXX object CMakeFiles/vision_msgs_matlab.dir/src/vision_msgs_Point2D_message.cpp.o
[133/144] Building CXX object CMakeFiles/vision_msgs_matlab.dir/src/vision_msgs_BoundingBox2DArray_message.cpp.o
[134/144] Building CXX object CMakeFiles/vision_msgs_matlab.dir/src/vision_msgs_VisionClass_message.cpp.o
[135/144] Building CXX object CMakeFiles/vision_msgs_matlab.dir/src/vision_msgs_Detection3DArray_message.cpp.o
[136/144] Building CXX object CMakeFiles/vision_msgs_matlab.dir/src/vision_msgs_Detection2DArray_message.cpp.o
[137/144] Building CXX object CMakeFiles/vision_msgs_matlab.dir/src/vision_msgs_BoundingBox3D_message.cpp.o
[138/144] Building CXX object CMakeFiles/vision_msgs_matlab.dir/src/vision_msgs_VisionInfo_message.cpp.o
[139/144] Building CXX object CMakeFiles/vision_msgs_matlab.dir/src/vision_msgs_LabelInfo_message.cpp.o
[140/144] Building CXX object CMakeFiles/vision_msgs_matlab.dir/src/vision_msgs_Detection2D_message.cpp.o
[141/144] Building CXX object CMakeFiles/vision_msgs_matlab.dir/src/vision_msgs_Pose2D_message.cpp.o
[142/144] Building CXX object CMakeFiles/vision_msgs_matlab.dir/src/vision_msgs_ObjectHypothesisWithPose_message.cpp.o
[143/144] Building CXX object CMakeFiles/vision_msgs_matlab.dir/src/vision_msgs_Detection3D_message.cpp.o
[144/144] Linking CXX shared library libvision_msgs_matlab.so
-- Install configuration: "Release"
-- Installing: /home/user/ros2_ws/src/YongJun_ws/matlab/AutoL_LiDAR_ROS/custom/matlab_msg_gen/glnxa64/install/share/ament_index/resource_index/rosidl_interfaces/vision_msgs
-- Installing: /home/user/ros2_ws/src/YongJun_ws/matlab/AutoL_LiDAR_ROS/custom/matlab_msg_gen/glnxa64/install/include/vision_msgs/vision_msgs
-- Installing: /home/user/ros2_ws/src/YongJun_ws/matlab/AutoL_LiDAR_ROS/custom/matlab_msg_gen/glnxa64/install/include/vision_msgs/vision_msgs/msg
-- Installing: /home/user/ros2_ws/src/YongJun_ws/matlab/AutoL_LiDAR_ROS/custom/matlab_msg_gen/glnxa64/install/include/vision_msgs/vision_msgs/msg/pose2_d.h
-- Installing: /home/user/ros2_ws/src/YongJun_ws/matlab/AutoL_LiDAR_ROS/custom/matlab_msg_gen/glnxa64/install/include/vision_msgs/vision_msgs/msg/rosidl_generator_c__visibility_control.h
-- Installing: /home/user/ros2_ws/src/YongJun_ws/matlab/AutoL_LiDAR_ROS/custom/matlab_msg_gen/glnxa64/install/include/vision_msgs/vision_msgs/msg/object_hypothesis_with_pose.h
-- Installing: /home/user/ros2_ws/src/YongJun_ws/matlab/AutoL_LiDAR_ROS/custom/matlab_msg_gen/glnxa64/install/include/vision_msgs/vision_msgs/msg/bounding_box2_d.h
-- Installing: /home/user/ros2_ws/src/YongJun_ws/matlab/AutoL_LiDAR_ROS/custom/matlab_msg_gen/glnxa64/install/include/vision_msgs/vision_msgs/msg/detection2_d_array.h
-- Installing: /home/user/ros2_ws/src/YongJun_ws/matlab/AutoL_LiDAR_ROS/custom/matlab_msg_gen/glnxa64/install/include/vision_msgs/vision_msgs/msg/object_hypothesis.h
-- Installing: /home/user/ros2_ws/src/YongJun_ws/matlab/AutoL_LiDAR_ROS/custom/matlab_msg_gen/glnxa64/install/include/vision_msgs/vision_msgs/msg/bounding_box3_d.h
-- Installing: /home/user/ros2_ws/src/YongJun_ws/matlab/AutoL_LiDAR_ROS/custom/matlab_msg_gen/glnxa64/install/include/vision_msgs/vision_msgs/msg/detection3_d.h
-- Installing: /home/user/ros2_ws/src/YongJun_ws/matlab/AutoL_LiDAR_ROS/custom/matlab_msg_gen/glnxa64/install/include/vision_msgs/vision_msgs/msg/bounding_box3_d_array.h
-- Installing: /home/user/ros2_ws/src/YongJun_ws/matlab/AutoL_LiDAR_ROS/custom/matlab_msg_gen/glnxa64/install/include/vision_msgs/vision_msgs/msg/label_info.h
-- Installing: /home/user/ros2_ws/src/YongJun_ws/matlab/AutoL_LiDAR_ROS/custom/matlab_msg_gen/glnxa64/install/include/vision_msgs/vision_msgs/msg/vision_info.h
-- Installing: /home/user/ros2_ws/src/YongJun_ws/matlab/AutoL_LiDAR_ROS/custom/matlab_msg_gen/glnxa64/install/include/vision_msgs/vision_msgs/msg/classification.h
-- Installing: /home/user/ros2_ws/src/YongJun_ws/matlab/AutoL_LiDAR_ROS/custom/matlab_msg_gen/glnxa64/install/include/vision_msgs/vision_msgs/msg/detection2_d.h
-- Installing: /home/user/ros2_ws/src/YongJun_ws/matlab/AutoL_LiDAR_ROS/custom/matlab_msg_gen/glnxa64/install/include/vision_msgs/vision_msgs/msg/detail
-- Installing: /home/user/ros2_ws/src/YongJun_ws/matlab/AutoL_LiDAR_ROS/custom/matlab_msg_gen/glnxa64/install/include/vision_msgs/vision_msgs/msg/detail/bounding_box3_d_array__struct.h
-- Installing: /home/user/ros2_ws/src/YongJun_ws/matlab/AutoL_LiDAR_ROS/custom/matlab_msg_gen/glnxa64/install/include/vision_msgs/vision_msgs/msg/detail/bounding_box2_d_array__type_support.h
-- Installing: /home/user/ros2_ws/src/YongJun_ws/matlab/AutoL_LiDAR_ROS/custom/matlab_msg_gen/glnxa64/install/include/vision_msgs/vision_msgs/msg/detail/object_hypothesis_with_pose__functions.h
-- Installing: /home/user/ros2_ws/src/YongJun_ws/matlab/AutoL_LiDAR_ROS/custom/matlab_msg_gen/glnxa64/install/include/vision_msgs/vision_msgs/msg/detail/detection2_d__functions.h
-- Installing: /home/user/ros2_ws/src/YongJun_ws/matlab/AutoL_LiDAR_ROS/custom/matlab_msg_gen/glnxa64/install/include/vision_msgs/vision_msgs/msg/detail/bounding_box3_d__functions.h
-- Installing: /home/user/ros2_ws/src/YongJun_ws/matlab/AutoL_LiDAR_ROS/custom/matlab_msg_gen/glnxa64/install/include/vision_msgs/vision_msgs/msg/detail/vision_class__type_support.h
-- Installing: /home/user/ros2_ws/src/YongJun_ws/matlab/AutoL_LiDAR_ROS/custom/matlab_msg_gen/glnxa64/install/include/vision_msgs/vision_msgs/msg/detail/point2_d__functions.h
-- Installing: /home/user/ros2_ws/src/YongJun_ws/matlab/AutoL_LiDAR_ROS/custom/matlab_msg_gen/glnxa64/install/include/vision_msgs/vision_msgs/msg/detail/pose2_d__type_support.h
-- Installing: /home/user/ros2_ws/src/YongJun_ws/matlab/AutoL_LiDAR_ROS/custom/matlab_msg_gen/glnxa64/install/include/vision_msgs/vision_msgs/msg/detail/label_info__struct.h
-- Installing: /home/user/ros2_ws/src/YongJun_ws/matlab/AutoL_LiDAR_ROS/custom/matlab_msg_gen/glnxa64/install/include/vision_msgs/vision_msgs/msg/detail/detection2_d__type_support.h
-- Installing: /home/user/ros2_ws/src/YongJun_ws/matlab/AutoL_LiDAR_ROS/custom/matlab_msg_gen/glnxa64/install/include/vision_msgs/vision_msgs/msg/detail/bounding_box3_d__functions.c
-- Installing: /home/user/ros2_ws/src/YongJun_ws/matlab/AutoL_LiDAR_ROS/custom/matlab_msg_gen/glnxa64/install/include/vision_msgs/vision_msgs/msg/detail/bounding_box3_d__type_support.h
-- Installing: /home/user/ros2_ws/src/YongJun_ws/matlab/AutoL_LiDAR_ROS/custom/matlab_msg_gen/glnxa64/install/include/vision_msgs/vision_msgs/msg/detail/classification__functions.h
-- Installing: /home/user/ros2_ws/src/YongJun_ws/matlab/AutoL_LiDAR_ROS/custom/matlab_msg_gen/glnxa64/install/include/vision_msgs/vision_msgs/msg/detail/label_info__type_support.h
-- Installing: /home/user/ros2_ws/src/YongJun_ws/matlab/AutoL_LiDAR_ROS/custom/matlab_msg_gen/glnxa64/install/include/vision_msgs/vision_msgs/msg/detail/label_info__functions.h
-- Installing: /home/user/ros2_ws/src/YongJun_ws/matlab/AutoL_LiDAR_ROS/custom/matlab_msg_gen/glnxa64/install/include/vision_msgs/vision_msgs/msg/detail/bounding_box3_d_array__functions.h
-- Installing: /home/user/ros2_ws/src/YongJun_ws/matlab/AutoL_LiDAR_ROS/custom/matlab_msg_gen/glnxa64/install/include/vision_msgs/vision_msgs/msg/detail/bounding_box2_d_array__functions.h
-- Installing: /home/user/ros2_ws/src/YongJun_ws/matlab/AutoL_LiDAR_ROS/custom/matlab_msg_gen/glnxa64/install/include/vision_msgs/vision_msgs/msg/detail/object_hypothesis__functions.h
-- Installing: /home/user/ros2_ws/src/YongJun_ws/matlab/AutoL_LiDAR_ROS/custom/matlab_msg_gen/glnxa64/install/include/vision_msgs/vision_msgs/msg/detail/classification__functions.c
-- Installing: /home/user/ros2_ws/src/YongJun_ws/matlab/AutoL_LiDAR_ROS/custom/matlab_msg_gen/glnxa64/install/include/vision_msgs/vision_msgs/msg/detail/detection3_d_array__type_support.h
-- Installing: /home/user/ros2_ws/src/YongJun_ws/matlab/AutoL_LiDAR_ROS/custom/matlab_msg_gen/glnxa64/install/include/vision_msgs/vision_msgs/msg/detail/classification__type_support.h
-- Installing: /home/user/ros2_ws/src/YongJun_ws/matlab/AutoL_LiDAR_ROS/custom/matlab_msg_gen/glnxa64/install/include/vision_msgs/vision_msgs/msg/detail/object_hypothesis__type_support.h
-- Installing: /home/user/ros2_ws/src/YongJun_ws/matlab/AutoL_LiDAR_ROS/custom/matlab_msg_gen/glnxa64/install/include/vision_msgs/vision_msgs/msg/detail/pose2_d__functions.h
-- Installing: /home/user/ros2_ws/src/YongJun_ws/matlab/AutoL_LiDAR_ROS/custom/matlab_msg_gen/glnxa64/install/include/vision_msgs/vision_msgs/msg/detail/vision_info__functions.c
-- Installing: /home/user/ros2_ws/src/YongJun_ws/matlab/AutoL_LiDAR_ROS/custom/matlab_msg_gen/glnxa64/install/include/vision_msgs/vision_msgs/msg/detail/detection3_d_array__struct.h
-- Installing: /home/user/ros2_ws/src/YongJun_ws/matlab/AutoL_LiDAR_ROS/custom/matlab_msg_gen/glnxa64/install/include/vision_msgs/vision_msgs/msg/detail/vision_class__functions.c
-- Installing: /home/user/ros2_ws/src/YongJun_ws/matlab/AutoL_LiDAR_ROS/custom/matlab_msg_gen/glnxa64/install/include/vision_msgs/vision_msgs/msg/detail/bounding_box3_d_array__type_support.h
-- Installing: /home/user/ros2_ws/src/YongJun_ws/matlab/AutoL_LiDAR_ROS/custom/matlab_msg_gen/glnxa64/install/include/vision_msgs/vision_msgs/msg/detail/pose2_d__struct.h
-- Installing: /home/user/ros2_ws/src/YongJun_ws/matlab/AutoL_LiDAR_ROS/custom/matlab_msg_gen/glnxa64/install/include/vision_msgs/vision_msgs/msg/detail/point2_d__type_support.h
-- Installing: /home/user/ros2_ws/src/YongJun_ws/matlab/AutoL_LiDAR_ROS/custom/matlab_msg_gen/glnxa64/install/include/vision_msgs/vision_msgs/msg/detail/object_hypothesis_with_pose__functions.c
-- Installing: /home/user/ros2_ws/src/YongJun_ws/matlab/AutoL_LiDAR_ROS/custom/matlab_msg_gen/glnxa64/install/include/vision_msgs/vision_msgs/msg/detail/detection2_d__struct.h
-- Installing: /home/user/ros2_ws/src/YongJun_ws/matlab/AutoL_LiDAR_ROS/custom/matlab_msg_gen/glnxa64/install/include/vision_msgs/vision_msgs/msg/detail/label_info__functions.c
-- Installing: /home/user/ros2_ws/src/YongJun_ws/matlab/AutoL_LiDAR_ROS/custom/matlab_msg_gen/glnxa64/install/include/vision_msgs/vision_msgs/msg/detail/object_hypothesis__struct.h
-- Installing: /home/user/ros2_ws/src/YongJun_ws/matlab/AutoL_LiDAR_ROS/custom/matlab_msg_gen/glnxa64/install/include/vision_msgs/vision_msgs/msg/detail/object_hypothesis__functions.c
-- Installing: /home/user/ros2_ws/src/YongJun_ws/matlab/AutoL_LiDAR_ROS/custom/matlab_msg_gen/glnxa64/install/include/vision_msgs/vision_msgs/msg/detail/bounding_box3_d__struct.h
-- Installing: /home/user/ros2_ws/src/YongJun_ws/matlab/AutoL_LiDAR_ROS/custom/matlab_msg_gen/glnxa64/install/include/vision_msgs/vision_msgs/msg/detail/vision_class__struct.h
-- Installing: /home/user/ros2_ws/src/YongJun_ws/matlab/AutoL_LiDAR_ROS/custom/matlab_msg_gen/glnxa64/install/include/vision_msgs/vision_msgs/msg/detail/detection2_d_array__struct.h
-- Installing: /home/user/ros2_ws/src/YongJun_ws/matlab/AutoL_LiDAR_ROS/custom/matlab_msg_gen/glnxa64/install/include/vision_msgs/vision_msgs/msg/detail/vision_info__struct.h
-- Installing: /home/user/ros2_ws/src/YongJun_ws/matlab/AutoL_LiDAR_ROS/custom/matlab_msg_gen/glnxa64/install/include/vision_msgs/vision_msgs/msg/detail/detection2_d_array__functions.c
-- Installing: /home/user/ros2_ws/src/YongJun_ws/matlab/AutoL_LiDAR_ROS/custom/matlab_msg_gen/glnxa64/install/include/vision_msgs/vision_msgs/msg/detail/bounding_box2_d_array__functions.c
-- Installing: /home/user/ros2_ws/src/YongJun_ws/matlab/AutoL_LiDAR_ROS/custom/matlab_msg_gen/glnxa64/install/include/vision_msgs/vision_msgs/msg/detail/bounding_box2_d__struct.h
-- Installing: /home/user/ros2_ws/src/YongJun_ws/matlab/AutoL_LiDAR_ROS/custom/matlab_msg_gen/glnxa64/install/include/vision_msgs/vision_msgs/msg/detail/bounding_box3_d_array__functions.c
-- Installing: /home/user/ros2_ws/src/YongJun_ws/matlab/AutoL_LiDAR_ROS/custom/matlab_msg_gen/glnxa64/install/include/vision_msgs/vision_msgs/msg/detail/vision_info__type_support.h
-- Installing: /home/user/ros2_ws/src/YongJun_ws/matlab/AutoL_LiDAR_ROS/custom/matlab_msg_gen/glnxa64/install/include/vision_msgs/vision_msgs/msg/detail/pose2_d__functions.c
-- Installing: /home/user/ros2_ws/src/YongJun_ws/matlab/AutoL_LiDAR_ROS/custom/matlab_msg_gen/glnxa64/install/include/vision_msgs/vision_msgs/msg/detail/detection3_d__type_support.h
-- Installing: /home/user/ros2_ws/src/YongJun_ws/matlab/AutoL_LiDAR_ROS/custom/matlab_msg_gen/glnxa64/install/include/vision_msgs/vision_msgs/msg/detail/bounding_box2_d__type_support.h
-- Installing: /home/user/ros2_ws/src/YongJun_ws/matlab/AutoL_LiDAR_ROS/custom/matlab_msg_gen/glnxa64/install/include/vision_msgs/vision_msgs/msg/detail/vision_class__functions.h
-- Installing: /home/user/ros2_ws/src/YongJun_ws/matlab/AutoL_LiDAR_ROS/custom/matlab_msg_gen/glnxa64/install/include/vision_msgs/vision_msgs/msg/detail/detection3_d__functions.c
-- Installing: /home/user/ros2_ws/src/YongJun_ws/matlab/AutoL_LiDAR_ROS/custom/matlab_msg_gen/glnxa64/install/include/vision_msgs/vision_msgs/msg/detail/detection3_d_array__functions.h
-- Installing: /home/user/ros2_ws/src/YongJun_ws/matlab/AutoL_LiDAR_ROS/custom/matlab_msg_gen/glnxa64/install/include/vision_msgs/vision_msgs/msg/detail/point2_d__functions.c
-- Installing: /home/user/ros2_ws/src/YongJun_ws/matlab/AutoL_LiDAR_ROS/custom/matlab_msg_gen/glnxa64/install/include/vision_msgs/vision_msgs/msg/detail/object_hypothesis_with_pose__struct.h
-- Installing: /home/user/ros2_ws/src/YongJun_ws/matlab/AutoL_LiDAR_ROS/custom/matlab_msg_gen/glnxa64/install/include/vision_msgs/vision_msgs/msg/detail/bounding_box2_d_array__struct.h
-- Installing: /home/user/ros2_ws/src/YongJun_ws/matlab/AutoL_LiDAR_ROS/custom/matlab_msg_gen/glnxa64/install/include/vision_msgs/vision_msgs/msg/detail/detection2_d_array__functions.h
-- Installing: /home/user/ros2_ws/src/YongJun_ws/matlab/AutoL_LiDAR_ROS/custom/matlab_msg_gen/glnxa64/install/include/vision_msgs/vision_msgs/msg/detail/detection2_d_array__type_support.h
-- Installing: /home/user/ros2_ws/src/YongJun_ws/matlab/AutoL_LiDAR_ROS/custom/matlab_msg_gen/glnxa64/install/include/vision_msgs/vision_msgs/msg/detail/detection3_d__struct.h
-- Installing: /home/user/ros2_ws/src/YongJun_ws/matlab/AutoL_LiDAR_ROS/custom/matlab_msg_gen/glnxa64/install/include/vision_msgs/vision_msgs/msg/detail/bounding_box2_d__functions.h
-- Installing: /home/user/ros2_ws/src/YongJun_ws/matlab/AutoL_LiDAR_ROS/custom/matlab_msg_gen/glnxa64/install/include/vision_msgs/vision_msgs/msg/detail/classification__struct.h
-- Installing: /home/user/ros2_ws/src/YongJun_ws/matlab/AutoL_LiDAR_ROS/custom/matlab_msg_gen/glnxa64/install/include/vision_msgs/vision_msgs/msg/detail/bounding_box2_d__functions.c
-- Installing: /home/user/ros2_ws/src/YongJun_ws/matlab/AutoL_LiDAR_ROS/custom/matlab_msg_gen/glnxa64/install/include/vision_msgs/vision_msgs/msg/detail/detection3_d_array__functions.c
-- Installing: /home/user/ros2_ws/src/YongJun_ws/matlab/AutoL_LiDAR_ROS/custom/matlab_msg_gen/glnxa64/install/include/vision_msgs/vision_msgs/msg/detail/vision_info__functions.h
-- Installing: /home/user/ros2_ws/src/YongJun_ws/matlab/AutoL_LiDAR_ROS/custom/matlab_msg_gen/glnxa64/install/include/vision_msgs/vision_msgs/msg/detail/object_hypothesis_with_pose__type_support.h
-- Installing: /home/user/ros2_ws/src/YongJun_ws/matlab/AutoL_LiDAR_ROS/custom/matlab_msg_gen/glnxa64/install/include/vision_msgs/vision_msgs/msg/detail/detection2_d__functions.c
-- Installing: /home/user/ros2_ws/src/YongJun_ws/matlab/AutoL_LiDAR_ROS/custom/matlab_msg_gen/glnxa64/install/include/vision_msgs/vision_msgs/msg/detail/detection3_d__functions.h
-- Installing: /home/user/ros2_ws/src/YongJun_ws/matlab/AutoL_LiDAR_ROS/custom/matlab_msg_gen/glnxa64/install/include/vision_msgs/vision_msgs/msg/detail/point2_d__struct.h
-- Installing: /home/user/ros2_ws/src/YongJun_ws/matlab/AutoL_LiDAR_ROS/custom/matlab_msg_gen/glnxa64/install/include/vision_msgs/vision_msgs/msg/detection3_d_array.h
-- Installing: /home/user/ros2_ws/src/YongJun_ws/matlab/AutoL_LiDAR_ROS/custom/matlab_msg_gen/glnxa64/install/include/vision_msgs/vision_msgs/msg/point2_d.h
-- Installing: /home/user/ros2_ws/src/YongJun_ws/matlab/AutoL_LiDAR_ROS/custom/matlab_msg_gen/glnxa64/install/include/vision_msgs/vision_msgs/msg/vision_class.h
-- Installing: /home/user/ros2_ws/src/YongJun_ws/matlab/AutoL_LiDAR_ROS/custom/matlab_msg_gen/glnxa64/install/include/vision_msgs/vision_msgs/msg/bounding_box2_d_array.h
-- Installing: /home/user/ros2_ws/src/YongJun_ws/matlab/AutoL_LiDAR_ROS/custom/matlab_msg_gen/glnxa64/install/share/vision_msgs/environment/library_path.sh
-- Installing: /home/user/ros2_ws/src/YongJun_ws/matlab/AutoL_LiDAR_ROS/custom/matlab_msg_gen/glnxa64/install/share/vision_msgs/environment/library_path.dsv
-- Installing: /home/user/ros2_ws/src/YongJun_ws/matlab/AutoL_LiDAR_ROS/custom/matlab_msg_gen/glnxa64/install/lib/libvision_msgs__rosidl_generator_c.so
-- Up-to-date: /home/user/ros2_ws/src/YongJun_ws/matlab/AutoL_LiDAR_ROS/custom/matlab_msg_gen/glnxa64/install/include/vision_msgs/vision_msgs
-- Up-to-date: /home/user/ros2_ws/src/YongJun_ws/matlab/AutoL_LiDAR_ROS/custom/matlab_msg_gen/glnxa64/install/include/vision_msgs/vision_msgs/msg
-- Installing: /home/user/ros2_ws/src/YongJun_ws/matlab/AutoL_LiDAR_ROS/custom/matlab_msg_gen/glnxa64/install/include/vision_msgs/vision_msgs/msg/rosidl_typesupport_fastrtps_c__visibility_control.h
-- Up-to-date: /home/user/ros2_ws/src/YongJun_ws/matlab/AutoL_LiDAR_ROS/custom/matlab_msg_gen/glnxa64/install/include/vision_msgs/vision_msgs/msg/detail
-- Installing: /home/user/ros2_ws/src/YongJun_ws/matlab/AutoL_LiDAR_ROS/custom/matlab_msg_gen/glnxa64/install/include/vision_msgs/vision_msgs/msg/detail/detection2_d_array__rosidl_typesupport_fastrtps_c.h
-- Installing: /home/user/ros2_ws/src/YongJun_ws/matlab/AutoL_LiDAR_ROS/custom/matlab_msg_gen/glnxa64/install/include/vision_msgs/vision_msgs/msg/detail/bounding_box3_d_array__rosidl_typesupport_fastrtps_c.h
-- Installing: /home/user/ros2_ws/src/YongJun_ws/matlab/AutoL_LiDAR_ROS/custom/matlab_msg_gen/glnxa64/install/include/vision_msgs/vision_msgs/msg/detail/bounding_box2_d_array__rosidl_typesupport_fastrtps_c.h
-- Installing: /home/user/ros2_ws/src/YongJun_ws/matlab/AutoL_LiDAR_ROS/custom/matlab_msg_gen/glnxa64/install/include/vision_msgs/vision_msgs/msg/detail/detection3_d__rosidl_typesupport_fastrtps_c.h
-- Installing: /home/user/ros2_ws/src/YongJun_ws/matlab/AutoL_LiDAR_ROS/custom/matlab_msg_gen/glnxa64/install/include/vision_msgs/vision_msgs/msg/detail/point2_d__rosidl_typesupport_fastrtps_c.h
-- Installing: /home/user/ros2_ws/src/YongJun_ws/matlab/AutoL_LiDAR_ROS/custom/matlab_msg_gen/glnxa64/install/include/vision_msgs/vision_msgs/msg/detail/label_info__rosidl_typesupport_fastrtps_c.h
-- Installing: /home/user/ros2_ws/src/YongJun_ws/matlab/AutoL_LiDAR_ROS/custom/matlab_msg_gen/glnxa64/install/include/vision_msgs/vision_msgs/msg/detail/detection3_d_array__rosidl_typesupport_fastrtps_c.h
-- Installing: /home/user/ros2_ws/src/YongJun_ws/matlab/AutoL_LiDAR_ROS/custom/matlab_msg_gen/glnxa64/install/include/vision_msgs/vision_msgs/msg/detail/vision_class__rosidl_typesupport_fastrtps_c.h
-- Installing: /home/user/ros2_ws/src/YongJun_ws/matlab/AutoL_LiDAR_ROS/custom/matlab_msg_gen/glnxa64/install/include/vision_msgs/vision_msgs/msg/detail/pose2_d__rosidl_typesupport_fastrtps_c.h
-- Installing: /home/user/ros2_ws/src/YongJun_ws/matlab/AutoL_LiDAR_ROS/custom/matlab_msg_gen/glnxa64/install/include/vision_msgs/vision_msgs/msg/detail/vision_info__rosidl_typesupport_fastrtps_c.h
-- Installing: /home/user/ros2_ws/src/YongJun_ws/matlab/AutoL_LiDAR_ROS/custom/matlab_msg_gen/glnxa64/install/include/vision_msgs/vision_msgs/msg/detail/object_hypothesis_with_pose__rosidl_typesupport_fastrtps_c.h
-- Installing: /home/user/ros2_ws/src/YongJun_ws/matlab/AutoL_LiDAR_ROS/custom/matlab_msg_gen/glnxa64/install/include/vision_msgs/vision_msgs/msg/detail/detection2_d__rosidl_typesupport_fastrtps_c.h
-- Installing: /home/user/ros2_ws/src/YongJun_ws/matlab/AutoL_LiDAR_ROS/custom/matlab_msg_gen/glnxa64/install/include/vision_msgs/vision_msgs/msg/detail/bounding_box2_d__rosidl_typesupport_fastrtps_c.h
-- Installing: /home/user/ros2_ws/src/YongJun_ws/matlab/AutoL_LiDAR_ROS/custom/matlab_msg_gen/glnxa64/install/include/vision_msgs/vision_msgs/msg/detail/bounding_box3_d__rosidl_typesupport_fastrtps_c.h
-- Installing: /home/user/ros2_ws/src/YongJun_ws/matlab/AutoL_LiDAR_ROS/custom/matlab_msg_gen/glnxa64/install/include/vision_msgs/vision_msgs/msg/detail/object_hypothesis__rosidl_typesupport_fastrtps_c.h
-- Installing: /home/user/ros2_ws/src/YongJun_ws/matlab/AutoL_LiDAR_ROS/custom/matlab_msg_gen/glnxa64/install/include/vision_msgs/vision_msgs/msg/detail/classification__rosidl_typesupport_fastrtps_c.h
-- Installing: /home/user/ros2_ws/src/YongJun_ws/matlab/AutoL_LiDAR_ROS/custom/matlab_msg_gen/glnxa64/install/lib/libvision_msgs__rosidl_typesupport_fastrtps_c.so
-- Up-to-date: /home/user/ros2_ws/src/YongJun_ws/matlab/AutoL_LiDAR_ROS/custom/matlab_msg_gen/glnxa64/install/include/vision_msgs/vision_msgs
-- Up-to-date: /home/user/ros2_ws/src/YongJun_ws/matlab/AutoL_LiDAR_ROS/custom/matlab_msg_gen/glnxa64/install/include/vision_msgs/vision_msgs/msg
-- Up-to-date: /home/user/ros2_ws/src/YongJun_ws/matlab/AutoL_LiDAR_ROS/custom/matlab_msg_gen/glnxa64/install/include/vision_msgs/vision_msgs/msg/detail
-- Installing: /home/user/ros2_ws/src/YongJun_ws/matlab/AutoL_LiDAR_ROS/custom/matlab_msg_gen/glnxa64/install/include/vision_msgs/vision_msgs/msg/detail/vision_info__rosidl_typesupport_introspection_c.h
-- Installing: /home/user/ros2_ws/src/YongJun_ws/matlab/AutoL_LiDAR_ROS/custom/matlab_msg_gen/glnxa64/install/include/vision_msgs/vision_msgs/msg/detail/detection2_d__type_support.c
-- Installing: /home/user/ros2_ws/src/YongJun_ws/matlab/AutoL_LiDAR_ROS/custom/matlab_msg_gen/glnxa64/install/include/vision_msgs/vision_msgs/msg/detail/pose2_d__type_support.c
-- Installing: /home/user/ros2_ws/src/YongJun_ws/matlab/AutoL_LiDAR_ROS/custom/matlab_msg_gen/glnxa64/install/include/vision_msgs/vision_msgs/msg/detail/detection2_d_array__type_support.c
-- Installing: /home/user/ros2_ws/src/YongJun_ws/matlab/AutoL_LiDAR_ROS/custom/matlab_msg_gen/glnxa64/install/include/vision_msgs/vision_msgs/msg/detail/classification__type_support.c
-- Installing: /home/user/ros2_ws/src/YongJun_ws/matlab/AutoL_LiDAR_ROS/custom/matlab_msg_gen/glnxa64/install/include/vision_msgs/vision_msgs/msg/detail/label_info__rosidl_typesupport_introspection_c.h
-- Installing: /home/user/ros2_ws/src/YongJun_ws/matlab/AutoL_LiDAR_ROS/custom/matlab_msg_gen/glnxa64/install/include/vision_msgs/vision_msgs/msg/detail/label_info__type_support.c
-- Installing: /home/user/ros2_ws/src/YongJun_ws/matlab/AutoL_LiDAR_ROS/custom/matlab_msg_gen/glnxa64/install/include/vision_msgs/vision_msgs/msg/detail/bounding_box3_d__rosidl_typesupport_introspection_c.h
-- Installing: /home/user/ros2_ws/src/YongJun_ws/matlab/AutoL_LiDAR_ROS/custom/matlab_msg_gen/glnxa64/install/include/vision_msgs/vision_msgs/msg/detail/object_hypothesis_with_pose__rosidl_typesupport_introspection_c.h
-- Installing: /home/user/ros2_ws/src/YongJun_ws/matlab/AutoL_LiDAR_ROS/custom/matlab_msg_gen/glnxa64/install/include/vision_msgs/vision_msgs/msg/detail/bounding_box2_d_array__type_support.c
-- Installing: /home/user/ros2_ws/src/YongJun_ws/matlab/AutoL_LiDAR_ROS/custom/matlab_msg_gen/glnxa64/install/include/vision_msgs/vision_msgs/msg/detail/vision_class__rosidl_typesupport_introspection_c.h
-- Installing: /home/user/ros2_ws/src/YongJun_ws/matlab/AutoL_LiDAR_ROS/custom/matlab_msg_gen/glnxa64/install/include/vision_msgs/vision_msgs/msg/detail/bounding_box2_d__rosidl_typesupport_introspection_c.h
-- Installing: /home/user/ros2_ws/src/YongJun_ws/matlab/AutoL_LiDAR_ROS/custom/matlab_msg_gen/glnxa64/install/include/vision_msgs/vision_msgs/msg/detail/detection3_d_array__rosidl_typesupport_introspection_c.h
-- Installing: /home/user/ros2_ws/src/YongJun_ws/matlab/AutoL_LiDAR_ROS/custom/matlab_msg_gen/glnxa64/install/include/vision_msgs/vision_msgs/msg/detail/detection2_d__rosidl_typesupport_introspection_c.h
-- Installing: /home/user/ros2_ws/src/YongJun_ws/matlab/AutoL_LiDAR_ROS/custom/matlab_msg_gen/glnxa64/install/include/vision_msgs/vision_msgs/msg/detail/point2_d__rosidl_typesupport_introspection_c.h
-- Installing: /home/user/ros2_ws/src/YongJun_ws/matlab/AutoL_LiDAR_ROS/custom/matlab_msg_gen/glnxa64/install/include/vision_msgs/vision_msgs/msg/detail/vision_class__type_support.c
-- Installing: /home/user/ros2_ws/src/YongJun_ws/matlab/AutoL_LiDAR_ROS/custom/matlab_msg_gen/glnxa64/install/include/vision_msgs/vision_msgs/msg/detail/object_hypothesis__rosidl_typesupport_introspection_c.h
-- Installing: /home/user/ros2_ws/src/YongJun_ws/matlab/AutoL_LiDAR_ROS/custom/matlab_msg_gen/glnxa64/install/include/vision_msgs/vision_msgs/msg/detail/object_hypothesis_with_pose__type_support.c
-- Installing: /home/user/ros2_ws/src/YongJun_ws/matlab/AutoL_LiDAR_ROS/custom/matlab_msg_gen/glnxa64/install/include/vision_msgs/vision_msgs/msg/detail/detection3_d__type_support.c
-- Installing: /home/user/ros2_ws/src/YongJun_ws/matlab/AutoL_LiDAR_ROS/custom/matlab_msg_gen/glnxa64/install/include/vision_msgs/vision_msgs/msg/detail/detection3_d__rosidl_typesupport_introspection_c.h
-- Installing: /home/user/ros2_ws/src/YongJun_ws/matlab/AutoL_LiDAR_ROS/custom/matlab_msg_gen/glnxa64/install/include/vision_msgs/vision_msgs/msg/detail/bounding_box3_d_array__rosidl_typesupport_introspection_c.h
-- Installing: /home/user/ros2_ws/src/YongJun_ws/matlab/AutoL_LiDAR_ROS/custom/matlab_msg_gen/glnxa64/install/include/vision_msgs/vision_msgs/msg/detail/bounding_box2_d__type_support.c
-- Installing: /home/user/ros2_ws/src/YongJun_ws/matlab/AutoL_LiDAR_ROS/custom/matlab_msg_gen/glnxa64/install/include/vision_msgs/vision_msgs/msg/detail/detection2_d_array__rosidl_typesupport_introspection_c.h
-- Installing: /home/user/ros2_ws/src/YongJun_ws/matlab/AutoL_LiDAR_ROS/custom/matlab_msg_gen/glnxa64/install/include/vision_msgs/vision_msgs/msg/detail/vision_info__type_support.c
-- Installing: /home/user/ros2_ws/src/YongJun_ws/matlab/AutoL_LiDAR_ROS/custom/matlab_msg_gen/glnxa64/install/include/vision_msgs/vision_msgs/msg/detail/classification__rosidl_typesupport_introspection_c.h
-- Installing: /home/user/ros2_ws/src/YongJun_ws/matlab/AutoL_LiDAR_ROS/custom/matlab_msg_gen/glnxa64/install/include/vision_msgs/vision_msgs/msg/detail/pose2_d__rosidl_typesupport_introspection_c.h
-- Installing: /home/user/ros2_ws/src/YongJun_ws/matlab/AutoL_LiDAR_ROS/custom/matlab_msg_gen/glnxa64/install/include/vision_msgs/vision_msgs/msg/detail/bounding_box3_d_array__type_support.c
-- Installing: /home/user/ros2_ws/src/YongJun_ws/matlab/AutoL_LiDAR_ROS/custom/matlab_msg_gen/glnxa64/install/include/vision_msgs/vision_msgs/msg/detail/point2_d__type_support.c
-- Installing: /home/user/ros2_ws/src/YongJun_ws/matlab/AutoL_LiDAR_ROS/custom/matlab_msg_gen/glnxa64/install/include/vision_msgs/vision_msgs/msg/detail/detection3_d_array__type_support.c
-- Installing: /home/user/ros2_ws/src/YongJun_ws/matlab/AutoL_LiDAR_ROS/custom/matlab_msg_gen/glnxa64/install/include/vision_msgs/vision_msgs/msg/detail/bounding_box2_d_array__rosidl_typesupport_introspection_c.h
-- Installing: /home/user/ros2_ws/src/YongJun_ws/matlab/AutoL_LiDAR_ROS/custom/matlab_msg_gen/glnxa64/install/include/vision_msgs/vision_msgs/msg/detail/bounding_box3_d__type_support.c
-- Installing: /home/user/ros2_ws/src/YongJun_ws/matlab/AutoL_LiDAR_ROS/custom/matlab_msg_gen/glnxa64/install/include/vision_msgs/vision_msgs/msg/detail/object_hypothesis__type_support.c
-- Installing: /home/user/ros2_ws/src/YongJun_ws/matlab/AutoL_LiDAR_ROS/custom/matlab_msg_gen/glnxa64/install/include/vision_msgs/vision_msgs/msg/rosidl_typesupport_introspection_c__visibility_control.h
-- Installing: /home/user/ros2_ws/src/YongJun_ws/matlab/AutoL_LiDAR_ROS/custom/matlab_msg_gen/glnxa64/install/lib/libvision_msgs__rosidl_typesupport_introspection_c.so
-- Installing: /home/user/ros2_ws/src/YongJun_ws/matlab/AutoL_LiDAR_ROS/custom/matlab_msg_gen/glnxa64/install/lib/libvision_msgs__rosidl_typesupport_c.so
-- Up-to-date: /home/user/ros2_ws/src/YongJun_ws/matlab/AutoL_LiDAR_ROS/custom/matlab_msg_gen/glnxa64/install/include/vision_msgs/vision_msgs
-- Up-to-date: /home/user/ros2_ws/src/YongJun_ws/matlab/AutoL_LiDAR_ROS/custom/matlab_msg_gen/glnxa64/install/include/vision_msgs/vision_msgs/msg
-- Installing: /home/user/ros2_ws/src/YongJun_ws/matlab/AutoL_LiDAR_ROS/custom/matlab_msg_gen/glnxa64/install/include/vision_msgs/vision_msgs/msg/object_hypothesis.hpp
-- Installing: /home/user/ros2_ws/src/YongJun_ws/matlab/AutoL_LiDAR_ROS/custom/matlab_msg_gen/glnxa64/install/include/vision_msgs/vision_msgs/msg/detection3_d.hpp
-- Installing: /home/user/ros2_ws/src/YongJun_ws/matlab/AutoL_LiDAR_ROS/custom/matlab_msg_gen/glnxa64/install/include/vision_msgs/vision_msgs/msg/bounding_box3_d_array.hpp
-- Installing: /home/user/ros2_ws/src/YongJun_ws/matlab/AutoL_LiDAR_ROS/custom/matlab_msg_gen/glnxa64/install/include/vision_msgs/vision_msgs/msg/object_hypothesis_with_pose.hpp
-- Installing: /home/user/ros2_ws/src/YongJun_ws/matlab/AutoL_LiDAR_ROS/custom/matlab_msg_gen/glnxa64/install/include/vision_msgs/vision_msgs/msg/detection2_d_array.hpp
-- Installing: /home/user/ros2_ws/src/YongJun_ws/matlab/AutoL_LiDAR_ROS/custom/matlab_msg_gen/glnxa64/install/include/vision_msgs/vision_msgs/msg/bounding_box2_d_array.hpp
-- Installing: /home/user/ros2_ws/src/YongJun_ws/matlab/AutoL_LiDAR_ROS/custom/matlab_msg_gen/glnxa64/install/include/vision_msgs/vision_msgs/msg/bounding_box3_d.hpp
-- Installing: /home/user/ros2_ws/src/YongJun_ws/matlab/AutoL_LiDAR_ROS/custom/matlab_msg_gen/glnxa64/install/include/vision_msgs/vision_msgs/msg/bounding_box2_d.hpp
-- Installing: /home/user/ros2_ws/src/YongJun_ws/matlab/AutoL_LiDAR_ROS/custom/matlab_msg_gen/glnxa64/install/include/vision_msgs/vision_msgs/msg/detection2_d.hpp
-- Installing: /home/user/ros2_ws/src/YongJun_ws/matlab/AutoL_LiDAR_ROS/custom/matlab_msg_gen/glnxa64/install/include/vision_msgs/vision_msgs/msg/vision_class.hpp
-- Installing: /home/user/ros2_ws/src/YongJun_ws/matlab/AutoL_LiDAR_ROS/custom/matlab_msg_gen/glnxa64/install/include/vision_msgs/vision_msgs/msg/vision_info.hpp
-- Installing: /home/user/ros2_ws/src/YongJun_ws/matlab/AutoL_LiDAR_ROS/custom/matlab_msg_gen/glnxa64/install/include/vision_msgs/vision_msgs/msg/detection3_d_array.hpp
-- Installing: /home/user/ros2_ws/src/YongJun_ws/matlab/AutoL_LiDAR_ROS/custom/matlab_msg_gen/glnxa64/install/include/vision_msgs/vision_msgs/msg/classification.hpp
-- Up-to-date: /home/user/ros2_ws/src/YongJun_ws/matlab/AutoL_LiDAR_ROS/custom/matlab_msg_gen/glnxa64/install/include/vision_msgs/vision_msgs/msg/detail
-- Installing: /home/user/ros2_ws/src/YongJun_ws/matlab/AutoL_LiDAR_ROS/custom/matlab_msg_gen/glnxa64/install/include/vision_msgs/vision_msgs/msg/detail/vision_class__builder.hpp
-- Installing: /home/user/ros2_ws/src/YongJun_ws/matlab/AutoL_LiDAR_ROS/custom/matlab_msg_gen/glnxa64/install/include/vision_msgs/vision_msgs/msg/detail/detection3_d__struct.hpp
-- Installing: /home/user/ros2_ws/src/YongJun_ws/matlab/AutoL_LiDAR_ROS/custom/matlab_msg_gen/glnxa64/install/include/vision_msgs/vision_msgs/msg/detail/bounding_box3_d_array__traits.hpp
-- Installing: /home/user/ros2_ws/src/YongJun_ws/matlab/AutoL_LiDAR_ROS/custom/matlab_msg_gen/glnxa64/install/include/vision_msgs/vision_msgs/msg/detail/point2_d__traits.hpp
-- Installing: /home/user/ros2_ws/src/YongJun_ws/matlab/AutoL_LiDAR_ROS/custom/matlab_msg_gen/glnxa64/install/include/vision_msgs/vision_msgs/msg/detail/detection2_d_array__traits.hpp
-- Installing: /home/user/ros2_ws/src/YongJun_ws/matlab/AutoL_LiDAR_ROS/custom/matlab_msg_gen/glnxa64/install/include/vision_msgs/vision_msgs/msg/detail/point2_d__builder.hpp
-- Installing: /home/user/ros2_ws/src/YongJun_ws/matlab/AutoL_LiDAR_ROS/custom/matlab_msg_gen/glnxa64/install/include/vision_msgs/vision_msgs/msg/detail/object_hypothesis_with_pose__traits.hpp
-- Installing: /home/user/ros2_ws/src/YongJun_ws/matlab/AutoL_LiDAR_ROS/custom/matlab_msg_gen/glnxa64/install/include/vision_msgs/vision_msgs/msg/detail/detection3_d_array__struct.hpp
-- Installing: /home/user/ros2_ws/src/YongJun_ws/matlab/AutoL_LiDAR_ROS/custom/matlab_msg_gen/glnxa64/install/include/vision_msgs/vision_msgs/msg/detail/detection2_d__struct.hpp
-- Installing: /home/user/ros2_ws/src/YongJun_ws/matlab/AutoL_LiDAR_ROS/custom/matlab_msg_gen/glnxa64/install/include/vision_msgs/vision_msgs/msg/detail/bounding_box2_d__traits.hpp
-- Installing: /home/user/ros2_ws/src/YongJun_ws/matlab/AutoL_LiDAR_ROS/custom/matlab_msg_gen/glnxa64/install/include/vision_msgs/vision_msgs/msg/detail/detection2_d_array__struct.hpp
-- Installing: /home/user/ros2_ws/src/YongJun_ws/matlab/AutoL_LiDAR_ROS/custom/matlab_msg_gen/glnxa64/install/include/vision_msgs/vision_msgs/msg/detail/label_info__builder.hpp
-- Installing: /home/user/ros2_ws/src/YongJun_ws/matlab/AutoL_LiDAR_ROS/custom/matlab_msg_gen/glnxa64/install/include/vision_msgs/vision_msgs/msg/detail/vision_class__struct.hpp
-- Installing: /home/user/ros2_ws/src/YongJun_ws/matlab/AutoL_LiDAR_ROS/custom/matlab_msg_gen/glnxa64/install/include/vision_msgs/vision_msgs/msg/detail/pose2_d__struct.hpp
-- Installing: /home/user/ros2_ws/src/YongJun_ws/matlab/AutoL_LiDAR_ROS/custom/matlab_msg_gen/glnxa64/install/include/vision_msgs/vision_msgs/msg/detail/detection3_d__traits.hpp
-- Installing: /home/user/ros2_ws/src/YongJun_ws/matlab/AutoL_LiDAR_ROS/custom/matlab_msg_gen/glnxa64/install/include/vision_msgs/vision_msgs/msg/detail/detection2_d_array__builder.hpp
-- Installing: /home/user/ros2_ws/src/YongJun_ws/matlab/AutoL_LiDAR_ROS/custom/matlab_msg_gen/glnxa64/install/include/vision_msgs/vision_msgs/msg/detail/bounding_box3_d__traits.hpp
-- Installing: /home/user/ros2_ws/src/YongJun_ws/matlab/AutoL_LiDAR_ROS/custom/matlab_msg_gen/glnxa64/install/include/vision_msgs/vision_msgs/msg/detail/bounding_box3_d__struct.hpp
-- Installing: /home/user/ros2_ws/src/YongJun_ws/matlab/AutoL_LiDAR_ROS/custom/matlab_msg_gen/glnxa64/install/include/vision_msgs/vision_msgs/msg/detail/bounding_box2_d_array__builder.hpp
-- Installing: /home/user/ros2_ws/src/YongJun_ws/matlab/AutoL_LiDAR_ROS/custom/matlab_msg_gen/glnxa64/install/include/vision_msgs/vision_msgs/msg/detail/bounding_box2_d__builder.hpp
-- Installing: /home/user/ros2_ws/src/YongJun_ws/matlab/AutoL_LiDAR_ROS/custom/matlab_msg_gen/glnxa64/install/include/vision_msgs/vision_msgs/msg/detail/object_hypothesis_with_pose__struct.hpp
-- Installing: /home/user/ros2_ws/src/YongJun_ws/matlab/AutoL_LiDAR_ROS/custom/matlab_msg_gen/glnxa64/install/include/vision_msgs/vision_msgs/msg/detail/object_hypothesis__builder.hpp
-- Installing: /home/user/ros2_ws/src/YongJun_ws/matlab/AutoL_LiDAR_ROS/custom/matlab_msg_gen/glnxa64/install/include/vision_msgs/vision_msgs/msg/detail/point2_d__struct.hpp
-- Installing: /home/user/ros2_ws/src/YongJun_ws/matlab/AutoL_LiDAR_ROS/custom/matlab_msg_gen/glnxa64/install/include/vision_msgs/vision_msgs/msg/detail/detection2_d__builder.hpp
-- Installing: /home/user/ros2_ws/src/YongJun_ws/matlab/AutoL_LiDAR_ROS/custom/matlab_msg_gen/glnxa64/install/include/vision_msgs/vision_msgs/msg/detail/object_hypothesis__struct.hpp
-- Installing: /home/user/ros2_ws/src/YongJun_ws/matlab/AutoL_LiDAR_ROS/custom/matlab_msg_gen/glnxa64/install/include/vision_msgs/vision_msgs/msg/detail/vision_class__traits.hpp
-- Installing: /home/user/ros2_ws/src/YongJun_ws/matlab/AutoL_LiDAR_ROS/custom/matlab_msg_gen/glnxa64/install/include/vision_msgs/vision_msgs/msg/detail/bounding_box3_d__builder.hpp
-- Installing: /home/user/ros2_ws/src/YongJun_ws/matlab/AutoL_LiDAR_ROS/custom/matlab_msg_gen/glnxa64/install/include/vision_msgs/vision_msgs/msg/detail/label_info__traits.hpp
-- Installing: /home/user/ros2_ws/src/YongJun_ws/matlab/AutoL_LiDAR_ROS/custom/matlab_msg_gen/glnxa64/install/include/vision_msgs/vision_msgs/msg/detail/bounding_box3_d_array__struct.hpp
-- Installing: /home/user/ros2_ws/src/YongJun_ws/matlab/AutoL_LiDAR_ROS/custom/matlab_msg_gen/glnxa64/install/include/vision_msgs/vision_msgs/msg/detail/classification__builder.hpp
-- Installing: /home/user/ros2_ws/src/YongJun_ws/matlab/AutoL_LiDAR_ROS/custom/matlab_msg_gen/glnxa64/install/include/vision_msgs/vision_msgs/msg/detail/pose2_d__builder.hpp
-- Installing: /home/user/ros2_ws/src/YongJun_ws/matlab/AutoL_LiDAR_ROS/custom/matlab_msg_gen/glnxa64/install/include/vision_msgs/vision_msgs/msg/detail/detection2_d__traits.hpp
-- Installing: /home/user/ros2_ws/src/YongJun_ws/matlab/AutoL_LiDAR_ROS/custom/matlab_msg_gen/glnxa64/install/include/vision_msgs/vision_msgs/msg/detail/bounding_box3_d_array__builder.hpp
-- Installing: /home/user/ros2_ws/src/YongJun_ws/matlab/AutoL_LiDAR_ROS/custom/matlab_msg_gen/glnxa64/install/include/vision_msgs/vision_msgs/msg/detail/bounding_box2_d_array__struct.hpp
-- Installing: /home/user/ros2_ws/src/YongJun_ws/matlab/AutoL_LiDAR_ROS/custom/matlab_msg_gen/glnxa64/install/include/vision_msgs/vision_msgs/msg/detail/classification__traits.hpp
-- Installing: /home/user/ros2_ws/src/YongJun_ws/matlab/AutoL_LiDAR_ROS/custom/matlab_msg_gen/glnxa64/install/include/vision_msgs/vision_msgs/msg/detail/label_info__struct.hpp
-- Installing: /home/user/ros2_ws/src/YongJun_ws/matlab/AutoL_LiDAR_ROS/custom/matlab_msg_gen/glnxa64/install/include/vision_msgs/vision_msgs/msg/detail/bounding_box2_d_array__traits.hpp
-- Installing: /home/user/ros2_ws/src/YongJun_ws/matlab/AutoL_LiDAR_ROS/custom/matlab_msg_gen/glnxa64/install/include/vision_msgs/vision_msgs/msg/detail/detection3_d_array__traits.hpp
-- Installing: /home/user/ros2_ws/src/YongJun_ws/matlab/AutoL_LiDAR_ROS/custom/matlab_msg_gen/glnxa64/install/include/vision_msgs/vision_msgs/msg/detail/object_hypothesis_with_pose__builder.hpp
-- Installing: /home/user/ros2_ws/src/YongJun_ws/matlab/AutoL_LiDAR_ROS/custom/matlab_msg_gen/glnxa64/install/include/vision_msgs/vision_msgs/msg/detail/vision_info__traits.hpp
-- Installing: /home/user/ros2_ws/src/YongJun_ws/matlab/AutoL_LiDAR_ROS/custom/matlab_msg_gen/glnxa64/install/include/vision_msgs/vision_msgs/msg/detail/object_hypothesis__traits.hpp
-- Installing: /home/user/ros2_ws/src/YongJun_ws/matlab/AutoL_LiDAR_ROS/custom/matlab_msg_gen/glnxa64/install/include/vision_msgs/vision_msgs/msg/detail/detection3_d__builder.hpp
-- Installing: /home/user/ros2_ws/src/YongJun_ws/matlab/AutoL_LiDAR_ROS/custom/matlab_msg_gen/glnxa64/install/include/vision_msgs/vision_msgs/msg/detail/classification__struct.hpp
-- Installing: /home/user/ros2_ws/src/YongJun_ws/matlab/AutoL_LiDAR_ROS/custom/matlab_msg_gen/glnxa64/install/include/vision_msgs/vision_msgs/msg/detail/detection3_d_array__builder.hpp
-- Installing: /home/user/ros2_ws/src/YongJun_ws/matlab/AutoL_LiDAR_ROS/custom/matlab_msg_gen/glnxa64/install/include/vision_msgs/vision_msgs/msg/detail/vision_info__builder.hpp
-- Installing: /home/user/ros2_ws/src/YongJun_ws/matlab/AutoL_LiDAR_ROS/custom/matlab_msg_gen/glnxa64/install/include/vision_msgs/vision_msgs/msg/detail/vision_info__struct.hpp
-- Installing: /home/user/ros2_ws/src/YongJun_ws/matlab/AutoL_LiDAR_ROS/custom/matlab_msg_gen/glnxa64/install/include/vision_msgs/vision_msgs/msg/detail/pose2_d__traits.hpp
-- Installing: /home/user/ros2_ws/src/YongJun_ws/matlab/AutoL_LiDAR_ROS/custom/matlab_msg_gen/glnxa64/install/include/vision_msgs/vision_msgs/msg/detail/bounding_box2_d__struct.hpp
-- Installing: /home/user/ros2_ws/src/YongJun_ws/matlab/AutoL_LiDAR_ROS/custom/matlab_msg_gen/glnxa64/install/include/vision_msgs/vision_msgs/msg/pose2_d.hpp
-- Installing: /home/user/ros2_ws/src/YongJun_ws/matlab/AutoL_LiDAR_ROS/custom/matlab_msg_gen/glnxa64/install/include/vision_msgs/vision_msgs/msg/label_info.hpp
-- Installing: /home/user/ros2_ws/src/YongJun_ws/matlab/AutoL_LiDAR_ROS/custom/matlab_msg_gen/glnxa64/install/include/vision_msgs/vision_msgs/msg/point2_d.hpp
-- Up-to-date: /home/user/ros2_ws/src/YongJun_ws/matlab/AutoL_LiDAR_ROS/custom/matlab_msg_gen/glnxa64/install/include/vision_msgs/vision_msgs
-- Up-to-date: /home/user/ros2_ws/src/YongJun_ws/matlab/AutoL_LiDAR_ROS/custom/matlab_msg_gen/glnxa64/install/include/vision_msgs/vision_msgs/msg
-- Installing: /home/user/ros2_ws/src/YongJun_ws/matlab/AutoL_LiDAR_ROS/custom/matlab_msg_gen/glnxa64/install/include/vision_msgs/vision_msgs/msg/rosidl_typesupport_fastrtps_cpp__visibility_control.h
-- Up-to-date: /home/user/ros2_ws/src/YongJun_ws/matlab/AutoL_LiDAR_ROS/custom/matlab_msg_gen/glnxa64/install/include/vision_msgs/vision_msgs/msg/detail
-- Installing: /home/user/ros2_ws/src/YongJun_ws/matlab/AutoL_LiDAR_ROS/custom/matlab_msg_gen/glnxa64/install/include/vision_msgs/vision_msgs/msg/detail/vision_info__rosidl_typesupport_fastrtps_cpp.hpp
-- Installing: /home/user/ros2_ws/src/YongJun_ws/matlab/AutoL_LiDAR_ROS/custom/matlab_msg_gen/glnxa64/install/include/vision_msgs/vision_msgs/msg/detail/bounding_box3_d_array__rosidl_typesupport_fastrtps_cpp.hpp
-- Installing: /home/user/ros2_ws/src/YongJun_ws/matlab/AutoL_LiDAR_ROS/custom/matlab_msg_gen/glnxa64/install/include/vision_msgs/vision_msgs/msg/detail/dds_fastrtps
-- Installing: /home/user/ros2_ws/src/YongJun_ws/matlab/AutoL_LiDAR_ROS/custom/matlab_msg_gen/glnxa64/install/include/vision_msgs/vision_msgs/msg/detail/detection2_d_array__rosidl_typesupport_fastrtps_cpp.hpp
-- Installing: /home/user/ros2_ws/src/YongJun_ws/matlab/AutoL_LiDAR_ROS/custom/matlab_msg_gen/glnxa64/install/include/vision_msgs/vision_msgs/msg/detail/label_info__rosidl_typesupport_fastrtps_cpp.hpp
-- Installing: /home/user/ros2_ws/src/YongJun_ws/matlab/AutoL_LiDAR_ROS/custom/matlab_msg_gen/glnxa64/install/include/vision_msgs/vision_msgs/msg/detail/object_hypothesis_with_pose__rosidl_typesupport_fastrtps_cpp.hpp
-- Installing: /home/user/ros2_ws/src/YongJun_ws/matlab/AutoL_LiDAR_ROS/custom/matlab_msg_gen/glnxa64/install/include/vision_msgs/vision_msgs/msg/detail/pose2_d__rosidl_typesupport_fastrtps_cpp.hpp
-- Installing: /home/user/ros2_ws/src/YongJun_ws/matlab/AutoL_LiDAR_ROS/custom/matlab_msg_gen/glnxa64/install/include/vision_msgs/vision_msgs/msg/detail/bounding_box3_d__rosidl_typesupport_fastrtps_cpp.hpp
-- Installing: /home/user/ros2_ws/src/YongJun_ws/matlab/AutoL_LiDAR_ROS/custom/matlab_msg_gen/glnxa64/install/include/vision_msgs/vision_msgs/msg/detail/detection2_d__rosidl_typesupport_fastrtps_cpp.hpp
-- Installing: /home/user/ros2_ws/src/YongJun_ws/matlab/AutoL_LiDAR_ROS/custom/matlab_msg_gen/glnxa64/install/include/vision_msgs/vision_msgs/msg/detail/bounding_box2_d__rosidl_typesupport_fastrtps_cpp.hpp
-- Installing: /home/user/ros2_ws/src/YongJun_ws/matlab/AutoL_LiDAR_ROS/custom/matlab_msg_gen/glnxa64/install/include/vision_msgs/vision_msgs/msg/detail/detection3_d__rosidl_typesupport_fastrtps_cpp.hpp
-- Installing: /home/user/ros2_ws/src/YongJun_ws/matlab/AutoL_LiDAR_ROS/custom/matlab_msg_gen/glnxa64/install/include/vision_msgs/vision_msgs/msg/detail/vision_class__rosidl_typesupport_fastrtps_cpp.hpp
-- Installing: /home/user/ros2_ws/src/YongJun_ws/matlab/AutoL_LiDAR_ROS/custom/matlab_msg_gen/glnxa64/install/include/vision_msgs/vision_msgs/msg/detail/bounding_box2_d_array__rosidl_typesupport_fastrtps_cpp.hpp
-- Installing: /home/user/ros2_ws/src/YongJun_ws/matlab/AutoL_LiDAR_ROS/custom/matlab_msg_gen/glnxa64/install/include/vision_msgs/vision_msgs/msg/detail/detection3_d_array__rosidl_typesupport_fastrtps_cpp.hpp
-- Installing: /home/user/ros2_ws/src/YongJun_ws/matlab/AutoL_LiDAR_ROS/custom/matlab_msg_gen/glnxa64/install/include/vision_msgs/vision_msgs/msg/detail/point2_d__rosidl_typesupport_fastrtps_cpp.hpp
-- Installing: /home/user/ros2_ws/src/YongJun_ws/matlab/AutoL_LiDAR_ROS/custom/matlab_msg_gen/glnxa64/install/include/vision_msgs/vision_msgs/msg/detail/object_hypothesis__rosidl_typesupport_fastrtps_cpp.hpp
-- Installing: /home/user/ros2_ws/src/YongJun_ws/matlab/AutoL_LiDAR_ROS/custom/matlab_msg_gen/glnxa64/install/include/vision_msgs/vision_msgs/msg/detail/classification__rosidl_typesupport_fastrtps_cpp.hpp
-- Installing: /home/user/ros2_ws/src/YongJun_ws/matlab/AutoL_LiDAR_ROS/custom/matlab_msg_gen/glnxa64/install/lib/libvision_msgs__rosidl_typesupport_fastrtps_cpp.so
-- Up-to-date: /home/user/ros2_ws/src/YongJun_ws/matlab/AutoL_LiDAR_ROS/custom/matlab_msg_gen/glnxa64/install/include/vision_msgs/vision_msgs
-- Up-to-date: /home/user/ros2_ws/src/YongJun_ws/matlab/AutoL_LiDAR_ROS/custom/matlab_msg_gen/glnxa64/install/include/vision_msgs/vision_msgs/msg
-- Up-to-date: /home/user/ros2_ws/src/YongJun_ws/matlab/AutoL_LiDAR_ROS/custom/matlab_msg_gen/glnxa64/install/include/vision_msgs/vision_msgs/msg/detail
-- Installing: /home/user/ros2_ws/src/YongJun_ws/matlab/AutoL_LiDAR_ROS/custom/matlab_msg_gen/glnxa64/install/include/vision_msgs/vision_msgs/msg/detail/vision_class__rosidl_typesupport_introspection_cpp.hpp
-- Installing: /home/user/ros2_ws/src/YongJun_ws/matlab/AutoL_LiDAR_ROS/custom/matlab_msg_gen/glnxa64/install/include/vision_msgs/vision_msgs/msg/detail/bounding_box3_d__rosidl_typesupport_introspection_cpp.hpp
-- Installing: /home/user/ros2_ws/src/YongJun_ws/matlab/AutoL_LiDAR_ROS/custom/matlab_msg_gen/glnxa64/install/include/vision_msgs/vision_msgs/msg/detail/classification__type_support.cpp
-- Installing: /home/user/ros2_ws/src/YongJun_ws/matlab/AutoL_LiDAR_ROS/custom/matlab_msg_gen/glnxa64/install/include/vision_msgs/vision_msgs/msg/detail/vision_info__type_support.cpp
-- Installing: /home/user/ros2_ws/src/YongJun_ws/matlab/AutoL_LiDAR_ROS/custom/matlab_msg_gen/glnxa64/install/include/vision_msgs/vision_msgs/msg/detail/bounding_box2_d__rosidl_typesupport_introspection_cpp.hpp
-- Installing: /home/user/ros2_ws/src/YongJun_ws/matlab/AutoL_LiDAR_ROS/custom/matlab_msg_gen/glnxa64/install/include/vision_msgs/vision_msgs/msg/detail/detection2_d_array__type_support.cpp
-- Installing: /home/user/ros2_ws/src/YongJun_ws/matlab/AutoL_LiDAR_ROS/custom/matlab_msg_gen/glnxa64/install/include/vision_msgs/vision_msgs/msg/detail/object_hypothesis_with_pose__type_support.cpp
-- Installing: /home/user/ros2_ws/src/YongJun_ws/matlab/AutoL_LiDAR_ROS/custom/matlab_msg_gen/glnxa64/install/include/vision_msgs/vision_msgs/msg/detail/point2_d__rosidl_typesupport_introspection_cpp.hpp
-- Installing: /home/user/ros2_ws/src/YongJun_ws/matlab/AutoL_LiDAR_ROS/custom/matlab_msg_gen/glnxa64/install/include/vision_msgs/vision_msgs/msg/detail/object_hypothesis_with_pose__rosidl_typesupport_introspection_cpp.hpp
-- Installing: /home/user/ros2_ws/src/YongJun_ws/matlab/AutoL_LiDAR_ROS/custom/matlab_msg_gen/glnxa64/install/include/vision_msgs/vision_msgs/msg/detail/pose2_d__rosidl_typesupport_introspection_cpp.hpp
-- Installing: /home/user/ros2_ws/src/YongJun_ws/matlab/AutoL_LiDAR_ROS/custom/matlab_msg_gen/glnxa64/install/include/vision_msgs/vision_msgs/msg/detail/label_info__rosidl_typesupport_introspection_cpp.hpp
-- Installing: /home/user/ros2_ws/src/YongJun_ws/matlab/AutoL_LiDAR_ROS/custom/matlab_msg_gen/glnxa64/install/include/vision_msgs/vision_msgs/msg/detail/bounding_box2_d_array__rosidl_typesupport_introspection_cpp.hpp
-- Installing: /home/user/ros2_ws/src/YongJun_ws/matlab/AutoL_LiDAR_ROS/custom/matlab_msg_gen/glnxa64/install/include/vision_msgs/vision_msgs/msg/detail/detection3_d__type_support.cpp
-- Installing: /home/user/ros2_ws/src/YongJun_ws/matlab/AutoL_LiDAR_ROS/custom/matlab_msg_gen/glnxa64/install/include/vision_msgs/vision_msgs/msg/detail/bounding_box3_d_array__rosidl_typesupport_introspection_cpp.hpp
-- Installing: /home/user/ros2_ws/src/YongJun_ws/matlab/AutoL_LiDAR_ROS/custom/matlab_msg_gen/glnxa64/install/include/vision_msgs/vision_msgs/msg/detail/object_hypothesis__type_support.cpp
-- Installing: /home/user/ros2_ws/src/YongJun_ws/matlab/AutoL_LiDAR_ROS/custom/matlab_msg_gen/glnxa64/install/include/vision_msgs/vision_msgs/msg/detail/bounding_box3_d__type_support.cpp
-- Installing: /home/user/ros2_ws/src/YongJun_ws/matlab/AutoL_LiDAR_ROS/custom/matlab_msg_gen/glnxa64/install/include/vision_msgs/vision_msgs/msg/detail/point2_d__type_support.cpp
-- Installing: /home/user/ros2_ws/src/YongJun_ws/matlab/AutoL_LiDAR_ROS/custom/matlab_msg_gen/glnxa64/install/include/vision_msgs/vision_msgs/msg/detail/detection2_d__rosidl_typesupport_introspection_cpp.hpp
-- Installing: /home/user/ros2_ws/src/YongJun_ws/matlab/AutoL_LiDAR_ROS/custom/matlab_msg_gen/glnxa64/install/include/vision_msgs/vision_msgs/msg/detail/detection3_d_array__rosidl_typesupport_introspection_cpp.hpp
-- Installing: /home/user/ros2_ws/src/YongJun_ws/matlab/AutoL_LiDAR_ROS/custom/matlab_msg_gen/glnxa64/install/include/vision_msgs/vision_msgs/msg/detail/bounding_box2_d__type_support.cpp
-- Installing: /home/user/ros2_ws/src/YongJun_ws/matlab/AutoL_LiDAR_ROS/custom/matlab_msg_gen/glnxa64/install/include/vision_msgs/vision_msgs/msg/detail/object_hypothesis__rosidl_typesupport_introspection_cpp.hpp
-- Installing: /home/user/ros2_ws/src/YongJun_ws/matlab/AutoL_LiDAR_ROS/custom/matlab_msg_gen/glnxa64/install/include/vision_msgs/vision_msgs/msg/detail/bounding_box3_d_array__type_support.cpp
-- Installing: /home/user/ros2_ws/src/YongJun_ws/matlab/AutoL_LiDAR_ROS/custom/matlab_msg_gen/glnxa64/install/include/vision_msgs/vision_msgs/msg/detail/bounding_box2_d_array__type_support.cpp
-- Installing: /home/user/ros2_ws/src/YongJun_ws/matlab/AutoL_LiDAR_ROS/custom/matlab_msg_gen/glnxa64/install/include/vision_msgs/vision_msgs/msg/detail/pose2_d__type_support.cpp
-- Installing: /home/user/ros2_ws/src/YongJun_ws/matlab/AutoL_LiDAR_ROS/custom/matlab_msg_gen/glnxa64/install/include/vision_msgs/vision_msgs/msg/detail/vision_class__type_support.cpp
-- Installing: /home/user/ros2_ws/src/YongJun_ws/matlab/AutoL_LiDAR_ROS/custom/matlab_msg_gen/glnxa64/install/include/vision_msgs/vision_msgs/msg/detail/vision_info__rosidl_typesupport_introspection_cpp.hpp
-- Installing: /home/user/ros2_ws/src/YongJun_ws/matlab/AutoL_LiDAR_ROS/custom/matlab_msg_gen/glnxa64/install/include/vision_msgs/vision_msgs/msg/detail/classification__rosidl_typesupport_introspection_cpp.hpp
-- Installing: /home/user/ros2_ws/src/YongJun_ws/matlab/AutoL_LiDAR_ROS/custom/matlab_msg_gen/glnxa64/install/include/vision_msgs/vision_msgs/msg/detail/label_info__type_support.cpp
-- Installing: /home/user/ros2_ws/src/YongJun_ws/matlab/AutoL_LiDAR_ROS/custom/matlab_msg_gen/glnxa64/install/include/vision_msgs/vision_msgs/msg/detail/detection3_d_array__type_support.cpp
-- Installing: /home/user/ros2_ws/src/YongJun_ws/matlab/AutoL_LiDAR_ROS/custom/matlab_msg_gen/glnxa64/install/include/vision_msgs/vision_msgs/msg/detail/detection2_d_array__rosidl_typesupport_introspection_cpp.hpp
-- Installing: /home/user/ros2_ws/src/YongJun_ws/matlab/AutoL_LiDAR_ROS/custom/matlab_msg_gen/glnxa64/install/include/vision_msgs/vision_msgs/msg/detail/detection2_d__type_support.cpp
-- Installing: /home/user/ros2_ws/src/YongJun_ws/matlab/AutoL_LiDAR_ROS/custom/matlab_msg_gen/glnxa64/install/include/vision_msgs/vision_msgs/msg/detail/detection3_d__rosidl_typesupport_introspection_cpp.hpp
-- Installing: /home/user/ros2_ws/src/YongJun_ws/matlab/AutoL_LiDAR_ROS/custom/matlab_msg_gen/glnxa64/install/lib/libvision_msgs__rosidl_typesupport_introspection_cpp.so
-- Installing: /home/user/ros2_ws/src/YongJun_ws/matlab/AutoL_LiDAR_ROS/custom/matlab_msg_gen/glnxa64/install/lib/libvision_msgs__rosidl_typesupport_cpp.so
-- Installing: /home/user/ros2_ws/src/YongJun_ws/matlab/AutoL_LiDAR_ROS/custom/matlab_msg_gen/glnxa64/install/share/vision_msgs/msg/BoundingBox2D.idl
-- Installing: /home/user/ros2_ws/src/YongJun_ws/matlab/AutoL_LiDAR_ROS/custom/matlab_msg_gen/glnxa64/install/share/vision_msgs/msg/BoundingBox2DArray.idl
-- Installing: /home/user/ros2_ws/src/YongJun_ws/matlab/AutoL_LiDAR_ROS/custom/matlab_msg_gen/glnxa64/install/share/vision_msgs/msg/BoundingBox3D.idl
-- Installing: /home/user/ros2_ws/src/YongJun_ws/matlab/AutoL_LiDAR_ROS/custom/matlab_msg_gen/glnxa64/install/share/vision_msgs/msg/BoundingBox3DArray.idl
-- Installing: /home/user/ros2_ws/src/YongJun_ws/matlab/AutoL_LiDAR_ROS/custom/matlab_msg_gen/glnxa64/install/share/vision_msgs/msg/Classification.idl
-- Installing: /home/user/ros2_ws/src/YongJun_ws/matlab/AutoL_LiDAR_ROS/custom/matlab_msg_gen/glnxa64/install/share/vision_msgs/msg/Detection2D.idl
-- Installing: /home/user/ros2_ws/src/YongJun_ws/matlab/AutoL_LiDAR_ROS/custom/matlab_msg_gen/glnxa64/install/share/vision_msgs/msg/Detection2DArray.idl
-- Installing: /home/user/ros2_ws/src/YongJun_ws/matlab/AutoL_LiDAR_ROS/custom/matlab_msg_gen/glnxa64/install/share/vision_msgs/msg/Detection3D.idl
-- Installing: /home/user/ros2_ws/src/YongJun_ws/matlab/AutoL_LiDAR_ROS/custom/matlab_msg_gen/glnxa64/install/share/vision_msgs/msg/Detection3DArray.idl
-- Installing: /home/user/ros2_ws/src/YongJun_ws/matlab/AutoL_LiDAR_ROS/custom/matlab_msg_gen/glnxa64/install/share/vision_msgs/msg/LabelInfo.idl
-- Installing: /home/user/ros2_ws/src/YongJun_ws/matlab/AutoL_LiDAR_ROS/custom/matlab_msg_gen/glnxa64/install/share/vision_msgs/msg/ObjectHypothesis.idl
-- Installing: /home/user/ros2_ws/src/YongJun_ws/matlab/AutoL_LiDAR_ROS/custom/matlab_msg_gen/glnxa64/install/share/vision_msgs/msg/ObjectHypothesisWithPose.idl
-- Installing: /home/user/ros2_ws/src/YongJun_ws/matlab/AutoL_LiDAR_ROS/custom/matlab_msg_gen/glnxa64/install/share/vision_msgs/msg/Point2D.idl
-- Installing: /home/user/ros2_ws/src/YongJun_ws/matlab/AutoL_LiDAR_ROS/custom/matlab_msg_gen/glnxa64/install/share/vision_msgs/msg/Pose2D.idl
-- Installing: /home/user/ros2_ws/src/YongJun_ws/matlab/AutoL_LiDAR_ROS/custom/matlab_msg_gen/glnxa64/install/share/vision_msgs/msg/VisionClass.idl
-- Installing: /home/user/ros2_ws/src/YongJun_ws/matlab/AutoL_LiDAR_ROS/custom/matlab_msg_gen/glnxa64/install/share/vision_msgs/msg/VisionInfo.idl
-- Installing: /home/user/ros2_ws/src/YongJun_ws/matlab/AutoL_LiDAR_ROS/custom/matlab_msg_gen/glnxa64/install/share/vision_msgs/msg/BoundingBox2D.msg
-- Installing: /home/user/ros2_ws/src/YongJun_ws/matlab/AutoL_LiDAR_ROS/custom/matlab_msg_gen/glnxa64/install/share/vision_msgs/msg/BoundingBox2DArray.msg
-- Installing: /home/user/ros2_ws/src/YongJun_ws/matlab/AutoL_LiDAR_ROS/custom/matlab_msg_gen/glnxa64/install/share/vision_msgs/msg/BoundingBox3D.msg
-- Installing: /home/user/ros2_ws/src/YongJun_ws/matlab/AutoL_LiDAR_ROS/custom/matlab_msg_gen/glnxa64/install/share/vision_msgs/msg/BoundingBox3DArray.msg
-- Installing: /home/user/ros2_ws/src/YongJun_ws/matlab/AutoL_LiDAR_ROS/custom/matlab_msg_gen/glnxa64/install/share/vision_msgs/msg/Classification.msg
-- Installing: /home/user/ros2_ws/src/YongJun_ws/matlab/AutoL_LiDAR_ROS/custom/matlab_msg_gen/glnxa64/install/share/vision_msgs/msg/Detection2D.msg
-- Installing: /home/user/ros2_ws/src/YongJun_ws/matlab/AutoL_LiDAR_ROS/custom/matlab_msg_gen/glnxa64/install/share/vision_msgs/msg/Detection2DArray.msg
-- Installing: /home/user/ros2_ws/src/YongJun_ws/matlab/AutoL_LiDAR_ROS/custom/matlab_msg_gen/glnxa64/install/share/vision_msgs/msg/Detection3D.msg
-- Installing: /home/user/ros2_ws/src/YongJun_ws/matlab/AutoL_LiDAR_ROS/custom/matlab_msg_gen/glnxa64/install/share/vision_msgs/msg/Detection3DArray.msg
-- Installing: /home/user/ros2_ws/src/YongJun_ws/matlab/AutoL_LiDAR_ROS/custom/matlab_msg_gen/glnxa64/install/share/vision_msgs/msg/LabelInfo.msg
-- Installing: /home/user/ros2_ws/src/YongJun_ws/matlab/AutoL_LiDAR_ROS/custom/matlab_msg_gen/glnxa64/install/share/vision_msgs/msg/ObjectHypothesis.msg
-- Installing: /home/user/ros2_ws/src/YongJun_ws/matlab/AutoL_LiDAR_ROS/custom/matlab_msg_gen/glnxa64/install/share/vision_msgs/msg/ObjectHypothesisWithPose.msg
-- Installing: /home/user/ros2_ws/src/YongJun_ws/matlab/AutoL_LiDAR_ROS/custom/matlab_msg_gen/glnxa64/install/share/vision_msgs/msg/Point2D.msg
-- Installing: /home/user/ros2_ws/src/YongJun_ws/matlab/AutoL_LiDAR_ROS/custom/matlab_msg_gen/glnxa64/install/share/vision_msgs/msg/Pose2D.msg
-- Installing: /home/user/ros2_ws/src/YongJun_ws/matlab/AutoL_LiDAR_ROS/custom/matlab_msg_gen/glnxa64/install/share/vision_msgs/msg/VisionClass.msg
-- Installing: /home/user/ros2_ws/src/YongJun_ws/matlab/AutoL_LiDAR_ROS/custom/matlab_msg_gen/glnxa64/install/share/vision_msgs/msg/VisionInfo.msg
-- Up-to-date: /home/user/ros2_ws/src/YongJun_ws/matlab/AutoL_LiDAR_ROS/custom/matlab_msg_gen/glnxa64/install/include
-- Up-to-date: /home/user/ros2_ws/src/YongJun_ws/matlab/AutoL_LiDAR_ROS/custom/matlab_msg_gen/glnxa64/install/include/vision_msgs
-- Installing: /home/user/ros2_ws/src/YongJun_ws/matlab/AutoL_LiDAR_ROS/custom/matlab_msg_gen/glnxa64/install/include/vision_msgs/visibility_control.h
-- Installing: /home/user/ros2_ws/src/YongJun_ws/matlab/AutoL_LiDAR_ROS/custom/matlab_msg_gen/glnxa64/install/lib/libvision_msgs_matlab.so
-- Installing: /home/user/ros2_ws/src/YongJun_ws/matlab/AutoL_LiDAR_ROS/custom/matlab_msg_gen/glnxa64/install/m/
-- Installing: /home/user/ros2_ws/src/YongJun_ws/matlab/AutoL_LiDAR_ROS/custom/matlab_msg_gen/glnxa64/install/m//+ros
-- Installing: /home/user/ros2_ws/src/YongJun_ws/matlab/AutoL_LiDAR_ROS/custom/matlab_msg_gen/glnxa64/install/m//+ros/+internal
-- Installing: /home/user/ros2_ws/src/YongJun_ws/matlab/AutoL_LiDAR_ROS/custom/matlab_msg_gen/glnxa64/install/m//+ros/+internal/+ros2
-- Installing: /home/user/ros2_ws/src/YongJun_ws/matlab/AutoL_LiDAR_ROS/custom/matlab_msg_gen/glnxa64/install/m//+ros/+internal/+ros2/+custommessages
-- Installing: /home/user/ros2_ws/src/YongJun_ws/matlab/AutoL_LiDAR_ROS/custom/matlab_msg_gen/glnxa64/install/m//+ros/+internal/+ros2/+custommessages/+vision_msgs
-- Installing: /home/user/ros2_ws/src/YongJun_ws/matlab/AutoL_LiDAR_ROS/custom/matlab_msg_gen/glnxa64/install/m//+ros/+internal/+ros2/+custommessages/+vision_msgs/detection2D.m
-- Installing: /home/user/ros2_ws/src/YongJun_ws/matlab/AutoL_LiDAR_ROS/custom/matlab_msg_gen/glnxa64/install/m//+ros/+internal/+ros2/+custommessages/+vision_msgs/objectHypothesisWithPose.m
-- Installing: /home/user/ros2_ws/src/YongJun_ws/matlab/AutoL_LiDAR_ROS/custom/matlab_msg_gen/glnxa64/install/m//+ros/+internal/+ros2/+custommessages/+vision_msgs/detection2DArray.m
-- Installing: /home/user/ros2_ws/src/YongJun_ws/matlab/AutoL_LiDAR_ROS/custom/matlab_msg_gen/glnxa64/install/m//+ros/+internal/+ros2/+custommessages/+vision_msgs/objectHypothesis.m
-- Installing: /home/user/ros2_ws/src/YongJun_ws/matlab/AutoL_LiDAR_ROS/custom/matlab_msg_gen/glnxa64/install/m//+ros/+internal/+ros2/+custommessages/+vision_msgs/visionClass.m
-- Installing: /home/user/ros2_ws/src/YongJun_ws/matlab/AutoL_LiDAR_ROS/custom/matlab_msg_gen/glnxa64/install/m//+ros/+internal/+ros2/+custommessages/+vision_msgs/boundingBox2DArray.m
-- Installing: /home/user/ros2_ws/src/YongJun_ws/matlab/AutoL_LiDAR_ROS/custom/matlab_msg_gen/glnxa64/install/m//+ros/+internal/+ros2/+custommessages/+vision_msgs/labelInfo.m
-- Installing: /home/user/ros2_ws/src/YongJun_ws/matlab/AutoL_LiDAR_ROS/custom/matlab_msg_gen/glnxa64/install/m//+ros/+internal/+ros2/+custommessages/+vision_msgs/visionInfo.m
-- Installing: /home/user/ros2_ws/src/YongJun_ws/matlab/AutoL_LiDAR_ROS/custom/matlab_msg_gen/glnxa64/install/m//+ros/+internal/+ros2/+custommessages/+vision_msgs/detection3DArray.m
-- Installing: /home/user/ros2_ws/src/YongJun_ws/matlab/AutoL_LiDAR_ROS/custom/matlab_msg_gen/glnxa64/install/m//+ros/+internal/+ros2/+custommessages/+vision_msgs/boundingBox3D.m
-- Installing: /home/user/ros2_ws/src/YongJun_ws/matlab/AutoL_LiDAR_ROS/custom/matlab_msg_gen/glnxa64/install/m//+ros/+internal/+ros2/+custommessages/+vision_msgs/classification.m
-- Installing: /home/user/ros2_ws/src/YongJun_ws/matlab/AutoL_LiDAR_ROS/custom/matlab_msg_gen/glnxa64/install/m//+ros/+internal/+ros2/+custommessages/+vision_msgs/point2D.m
-- Installing: /home/user/ros2_ws/src/YongJun_ws/matlab/AutoL_LiDAR_ROS/custom/matlab_msg_gen/glnxa64/install/m//+ros/+internal/+ros2/+custommessages/+vision_msgs/boundingBox3DArray.m
-- Installing: /home/user/ros2_ws/src/YongJun_ws/matlab/AutoL_LiDAR_ROS/custom/matlab_msg_gen/glnxa64/install/m//+ros/+internal/+ros2/+custommessages/+vision_msgs/boundingBox2D.m
-- Installing: /home/user/ros2_ws/src/YongJun_ws/matlab/AutoL_LiDAR_ROS/custom/matlab_msg_gen/glnxa64/install/m//+ros/+internal/+ros2/+custommessages/+vision_msgs/pose2D.m
-- Installing: /home/user/ros2_ws/src/YongJun_ws/matlab/AutoL_LiDAR_ROS/custom/matlab_msg_gen/glnxa64/install/m//+ros/+internal/+ros2/+custommessages/+vision_msgs/detection3D.m
-- Installing: /home/user/ros2_ws/src/YongJun_ws/matlab/AutoL_LiDAR_ROS/custom/matlab_msg_gen/glnxa64/install/share/ament_index/resource_index/package_run_dependencies/vision_msgs
-- Installing: /home/user/ros2_ws/src/YongJun_ws/matlab/AutoL_LiDAR_ROS/custom/matlab_msg_gen/glnxa64/install/share/ament_index/resource_index/parent_prefix_path/vision_msgs
-- Installing: /home/user/ros2_ws/src/YongJun_ws/matlab/AutoL_LiDAR_ROS/custom/matlab_msg_gen/glnxa64/install/share/vision_msgs/environment/ament_prefix_path.sh
-- Installing: /home/user/ros2_ws/src/YongJun_ws/matlab/AutoL_LiDAR_ROS/custom/matlab_msg_gen/glnxa64/install/share/vision_msgs/environment/ament_prefix_path.dsv
-- Installing: /home/user/ros2_ws/src/YongJun_ws/matlab/AutoL_LiDAR_ROS/custom/matlab_msg_gen/glnxa64/install/share/vision_msgs/environment/path.sh
-- Installing: /home/user/ros2_ws/src/YongJun_ws/matlab/AutoL_LiDAR_ROS/custom/matlab_msg_gen/glnxa64/install/share/vision_msgs/environment/path.dsv
-- Installing: /home/user/ros2_ws/src/YongJun_ws/matlab/AutoL_LiDAR_ROS/custom/matlab_msg_gen/glnxa64/install/share/vision_msgs/local_setup.bash
-- Installing: /home/user/ros2_ws/src/YongJun_ws/matlab/AutoL_LiDAR_ROS/custom/matlab_msg_gen/glnxa64/install/share/vision_msgs/local_setup.sh
-- Installing: /home/user/ros2_ws/src/YongJun_ws/matlab/AutoL_LiDAR_ROS/custom/matlab_msg_gen/glnxa64/install/share/vision_msgs/local_setup.zsh
-- Installing: /home/user/ros2_ws/src/YongJun_ws/matlab/AutoL_LiDAR_ROS/custom/matlab_msg_gen/glnxa64/install/share/vision_msgs/local_setup.dsv
-- Installing: /home/user/ros2_ws/src/YongJun_ws/matlab/AutoL_LiDAR_ROS/custom/matlab_msg_gen/glnxa64/install/share/vision_msgs/package.dsv
-- Installing: /home/user/ros2_ws/src/YongJun_ws/matlab/AutoL_LiDAR_ROS/custom/matlab_msg_gen/glnxa64/install/share/ament_index/resource_index/packages/vision_msgs
-- Installing: /home/user/ros2_ws/src/YongJun_ws/matlab/AutoL_LiDAR_ROS/custom/matlab_msg_gen/glnxa64/install/share/vision_msgs/cmake/export_vision_msgs__rosidl_generator_cExport.cmake
-- Installing: /home/user/ros2_ws/src/YongJun_ws/matlab/AutoL_LiDAR_ROS/custom/matlab_msg_gen/glnxa64/install/share/vision_msgs/cmake/export_vision_msgs__rosidl_generator_cExport-release.cmake
-- Installing: /home/user/ros2_ws/src/YongJun_ws/matlab/AutoL_LiDAR_ROS/custom/matlab_msg_gen/glnxa64/install/share/vision_msgs/cmake/export_vision_msgs__rosidl_typesupport_fastrtps_cExport.cmake
-- Installing: /home/user/ros2_ws/src/YongJun_ws/matlab/AutoL_LiDAR_ROS/custom/matlab_msg_gen/glnxa64/install/share/vision_msgs/cmake/export_vision_msgs__rosidl_typesupport_fastrtps_cExport-release.cmake
-- Installing: /home/user/ros2_ws/src/YongJun_ws/matlab/AutoL_LiDAR_ROS/custom/matlab_msg_gen/glnxa64/install/share/vision_msgs/cmake/vision_msgs__rosidl_typesupport_introspection_cExport.cmake
-- Installing: /home/user/ros2_ws/src/YongJun_ws/matlab/AutoL_LiDAR_ROS/custom/matlab_msg_gen/glnxa64/install/share/vision_msgs/cmake/vision_msgs__rosidl_typesupport_introspection_cExport-release.cmake
-- Installing: /home/user/ros2_ws/src/YongJun_ws/matlab/AutoL_LiDAR_ROS/custom/matlab_msg_gen/glnxa64/install/share/vision_msgs/cmake/vision_msgs__rosidl_typesupport_cExport.cmake
-- Installing: /home/user/ros2_ws/src/YongJun_ws/matlab/AutoL_LiDAR_ROS/custom/matlab_msg_gen/glnxa64/install/share/vision_msgs/cmake/vision_msgs__rosidl_typesupport_cExport-release.cmake
-- Installing: /home/user/ros2_ws/src/YongJun_ws/matlab/AutoL_LiDAR_ROS/custom/matlab_msg_gen/glnxa64/install/share/vision_msgs/cmake/export_vision_msgs__rosidl_generator_cppExport.cmake
-- Installing: /home/user/ros2_ws/src/YongJun_ws/matlab/AutoL_LiDAR_ROS/custom/matlab_msg_gen/glnxa64/install/share/vision_msgs/cmake/export_vision_msgs__rosidl_typesupport_fastrtps_cppExport.cmake
-- Installing: /home/user/ros2_ws/src/YongJun_ws/matlab/AutoL_LiDAR_ROS/custom/matlab_msg_gen/glnxa64/install/share/vision_msgs/cmake/export_vision_msgs__rosidl_typesupport_fastrtps_cppExport-release.cmake
-- Installing: /home/user/ros2_ws/src/YongJun_ws/matlab/AutoL_LiDAR_ROS/custom/matlab_msg_gen/glnxa64/install/share/vision_msgs/cmake/vision_msgs__rosidl_typesupport_introspection_cppExport.cmake
-- Installing: /home/user/ros2_ws/src/YongJun_ws/matlab/AutoL_LiDAR_ROS/custom/matlab_msg_gen/glnxa64/install/share/vision_msgs/cmake/vision_msgs__rosidl_typesupport_introspection_cppExport-release.cmake
-- Installing: /home/user/ros2_ws/src/YongJun_ws/matlab/AutoL_LiDAR_ROS/custom/matlab_msg_gen/glnxa64/install/share/vision_msgs/cmake/vision_msgs__rosidl_typesupport_cppExport.cmake
-- Installing: /home/user/ros2_ws/src/YongJun_ws/matlab/AutoL_LiDAR_ROS/custom/matlab_msg_gen/glnxa64/install/share/vision_msgs/cmake/vision_msgs__rosidl_typesupport_cppExport-release.cmake
-- Installing: /home/user/ros2_ws/src/YongJun_ws/matlab/AutoL_LiDAR_ROS/custom/matlab_msg_gen/glnxa64/install/share/vision_msgs/cmake/rosidl_cmake-extras.cmake
-- Installing: /home/user/ros2_ws/src/YongJun_ws/matlab/AutoL_LiDAR_ROS/custom/matlab_msg_gen/glnxa64/install/share/vision_msgs/cmake/ament_cmake_export_dependencies-extras.cmake
-- Installing: /home/user/ros2_ws/src/YongJun_ws/matlab/AutoL_LiDAR_ROS/custom/matlab_msg_gen/glnxa64/install/share/vision_msgs/cmake/ament_cmake_export_include_directories-extras.cmake
-- Installing: /home/user/ros2_ws/src/YongJun_ws/matlab/AutoL_LiDAR_ROS/custom/matlab_msg_gen/glnxa64/install/share/vision_msgs/cmake/ament_cmake_export_libraries-extras.cmake
-- Installing: /home/user/ros2_ws/src/YongJun_ws/matlab/AutoL_LiDAR_ROS/custom/matlab_msg_gen/glnxa64/install/share/vision_msgs/cmake/ament_cmake_export_targets-extras.cmake
-- Installing: /home/user/ros2_ws/src/YongJun_ws/matlab/AutoL_LiDAR_ROS/custom/matlab_msg_gen/glnxa64/install/share/vision_msgs/cmake/rosidl_cmake_export_typesupport_targets-extras.cmake
-- Installing: /home/user/ros2_ws/src/YongJun_ws/matlab/AutoL_LiDAR_ROS/custom/matlab_msg_gen/glnxa64/install/share/vision_msgs/cmake/rosidl_cmake_export_typesupport_libraries-extras.cmake
-- Installing: /home/user/ros2_ws/src/YongJun_ws/matlab/AutoL_LiDAR_ROS/custom/matlab_msg_gen/glnxa64/install/share/vision_msgs/cmake/vision_msgsConfig.cmake
-- Installing: /home/user/ros2_ws/src/YongJun_ws/matlab/AutoL_LiDAR_ROS/custom/matlab_msg_gen/glnxa64/install/share/vision_msgs/cmake/vision_msgsConfig-version.cmake
-- Installing: /home/user/ros2_ws/src/YongJun_ws/matlab/AutoL_LiDAR_ROS/custom/matlab_msg_gen/glnxa64/install/share/vision_msgs/package.xml
