[0.018s] Invoking command in '/home/user/ros2_ws/src/YongJun_ws/matlab/AutoL_LiDAR_ROS/custom/matlab_msg_gen/glnxa64/build/vision_msgs': CONDA_PROMPT_MODIFIER=(base) PS1=(venv) /usr/local/MATLAB/R2024a/bin/glnxa64/cmake/bin/cmake /home/user/ros2_ws/src/YongJun_ws/matlab/AutoL_LiDAR_ROS/custom/matlab_msg_gen/glnxa64/src/vision_msgs -DCMAKE_BUILD_TYPE=Release -DCMAKE_SHARED_LINKER_FLAGS=-Wl,-no-as-needed -DBUILD_TESTING=OFF -DALIAS_ROS2_TF2=1 -DCMAKE_CXX_FLAGS_RELEASE=-O0 -G Ninja -DCMAKE_C_COMPILER=/usr/bin/gcc -DCMAKE_CXX_COMPILER=/usr/bin/g++ -DCMAKE_INSTALL_PREFIX=/home/user/ros2_ws/src/YongJun_ws/matlab/AutoL_LiDAR_ROS/custom/matlab_msg_gen/glnxa64/install
[0.057s] -- The C compiler identification is GNU 9.4.0
[0.099s] -- The CXX compiler identification is GNU 9.4.0
[0.105s] -- Detecting C compiler ABI info
[0.144s] -- Detecting C compiler ABI info - done
[0.156s] -- Check for working C compiler: /usr/bin/gcc - skipped
[0.156s] -- Detecting C compile features
[0.157s] -- Detecting C compile features - done
[0.159s] -- Detecting CXX compiler ABI info
[0.198s] -- Detecting CXX compiler ABI info - done
[0.204s] -- Check for working CXX compiler: /usr/bin/g++ - skipped
[0.204s] -- Detecting CXX compile features
[0.204s] -- Detecting CXX compile features - done
[0.205s] -- Found ament_cmake: 1.3.3 (/usr/local/MATLAB/R2024a/sys/ros2/glnxa64/ros2/share/ament_cmake/cmake)
[0.713s] -- Found Python3: /usr/anaconda3/bin/python3.11 (found version "3.11.7") found components: Interpreter 
[0.766s] -- Found ament_cmake_ros: 0.10.0 (/usr/local/MATLAB/R2024a/sys/ros2/glnxa64/ros2/share/ament_cmake_ros/cmake)
[0.770s] -- Found rosidl_typesupport_c: 2.0.0 (/usr/local/MATLAB/R2024a/sys/ros2/glnxa64/ros2/share/rosidl_typesupport_c/cmake)
[0.770s] -- Using all available rosidl_typesupport_c: rosidl_typesupport_fastrtps_c;rosidl_typesupport_introspection_c
[0.774s] -- Found rosidl_adapter: 3.1.4 (/usr/local/MATLAB/R2024a/sys/ros2/glnxa64/ros2/share/rosidl_adapter/cmake)
[0.803s] -- Found rosidl_typesupport_cpp: 2.0.0 (/usr/local/MATLAB/R2024a/sys/ros2/glnxa64/ros2/share/rosidl_typesupport_cpp/cmake)
[0.803s] -- Using all available rosidl_typesupport_cpp: rosidl_typesupport_fastrtps_cpp;rosidl_typesupport_introspection_cpp
[0.825s] -- Found rosidl_default_generators: 1.2.0 (/usr/local/MATLAB/R2024a/sys/ros2/glnxa64/ros2/share/rosidl_default_generators/cmake)
[0.828s] -- Found class_loader: 2.2.0 (/usr/local/MATLAB/R2024a/sys/ros2/glnxa64/ros2/share/class_loader/cmake)
[0.830s] -- Found geometry_msgs: 4.2.3 (/usr/local/MATLAB/R2024a/sys/ros2/glnxa64/ros2/share/geometry_msgs/cmake)
[0.915s] -- Found rclcpp: 16.0.5 (/usr/local/MATLAB/R2024a/sys/ros2/glnxa64/ros2/share/rclcpp/cmake)
[0.954s] -- Found rmw_implementation_cmake: 6.1.1 (/usr/local/MATLAB/R2024a/sys/ros2/glnxa64/ros2/share/rmw_implementation_cmake/cmake)
[0.955s] -- Found rmw_fastrtps_cpp: 6.2.2 (/usr/local/MATLAB/R2024a/sys/ros2/glnxa64/ros2/share/rmw_fastrtps_cpp/cmake)
[1.005s] -- Found FastRTPS: /usr/local/MATLAB/R2024a/sys/ros2/glnxa64/ros2/include  
[1.031s] -- Using RMW implementation 'rmw_fastrtps_cpp' as default
[1.036s] -- Performing Test CMAKE_HAVE_LIBC_PTHREAD
[1.073s] -- Performing Test CMAKE_HAVE_LIBC_PTHREAD - Failed
[1.073s] -- Looking for pthread_create in pthreads
[1.116s] -- Looking for pthread_create in pthreads - not found
[1.116s] -- Looking for pthread_create in pthread
[1.181s] -- Looking for pthread_create in pthread - found
[1.182s] -- Found Threads: TRUE  
[1.629s] -- Using all available rosidl_typesupport_c: rosidl_typesupport_fastrtps_c;rosidl_typesupport_introspection_c
[1.816s] -- Using all available rosidl_typesupport_cpp: rosidl_typesupport_fastrtps_cpp;rosidl_typesupport_introspection_cpp
[1.821s] -- Configuring done
[1.848s] -- Generating done
[1.856s] -- Build files have been written to: /home/user/ros2_ws/src/YongJun_ws/matlab/AutoL_LiDAR_ROS/custom/matlab_msg_gen/glnxa64/build/vision_msgs
[1.865s] Invoked command in '/home/user/ros2_ws/src/YongJun_ws/matlab/AutoL_LiDAR_ROS/custom/matlab_msg_gen/glnxa64/build/vision_msgs' returned '0': CONDA_PROMPT_MODIFIER=(base) PS1=(venv) /usr/local/MATLAB/R2024a/bin/glnxa64/cmake/bin/cmake /home/user/ros2_ws/src/YongJun_ws/matlab/AutoL_LiDAR_ROS/custom/matlab_msg_gen/glnxa64/src/vision_msgs -DCMAKE_BUILD_TYPE=Release -DCMAKE_SHARED_LINKER_FLAGS=-Wl,-no-as-needed -DBUILD_TESTING=OFF -DALIAS_ROS2_TF2=1 -DCMAKE_CXX_FLAGS_RELEASE=-O0 -G Ninja -DCMAKE_C_COMPILER=/usr/bin/gcc -DCMAKE_CXX_COMPILER=/usr/bin/g++ -DCMAKE_INSTALL_PREFIX=/home/user/ros2_ws/src/YongJun_ws/matlab/AutoL_LiDAR_ROS/custom/matlab_msg_gen/glnxa64/install
[1.865s] Invoking command in '/home/user/ros2_ws/src/YongJun_ws/matlab/AutoL_LiDAR_ROS/custom/matlab_msg_gen/glnxa64/build/vision_msgs': CONDA_PROMPT_MODIFIER=(base) PS1=(venv) /usr/local/MATLAB/R2024a/bin/glnxa64/cmake/bin/cmake --build /home/user/ros2_ws/src/YongJun_ws/matlab/AutoL_LiDAR_ROS/custom/matlab_msg_gen/glnxa64/build/vision_msgs -- -j24 -l24
[2.386s] [1/144] Generating C++ code for ROS interfaces
[2.420s] [2/144] Generating C code for ROS interfaces
[2.476s] [3/144] Building C object CMakeFiles/vision_msgs__rosidl_generator_c.dir/rosidl_generator_c/vision_msgs/msg/detail/bounding_box3_d__functions.c.o
[2.476s] [4/144] Building C object CMakeFiles/vision_msgs__rosidl_generator_c.dir/rosidl_generator_c/vision_msgs/msg/detail/bounding_box2_d_array__functions.c.o
[2.476s] [5/144] Building C object CMakeFiles/vision_msgs__rosidl_generator_c.dir/rosidl_generator_c/vision_msgs/msg/detail/bounding_box3_d_array__functions.c.o
[2.480s] [6/144] Building C object CMakeFiles/vision_msgs__rosidl_generator_c.dir/rosidl_generator_c/vision_msgs/msg/detail/vision_info__functions.c.o
[2.483s] [7/144] Building C object CMakeFiles/vision_msgs__rosidl_generator_c.dir/rosidl_generator_c/vision_msgs/msg/detail/point2_d__functions.c.o
[2.487s] [8/144] Building C object CMakeFiles/vision_msgs__rosidl_generator_c.dir/rosidl_generator_c/vision_msgs/msg/detail/vision_class__functions.c.o
[2.487s] [9/144] Building C object CMakeFiles/vision_msgs__rosidl_generator_c.dir/rosidl_generator_c/vision_msgs/msg/detail/label_info__functions.c.o
[2.488s] [10/144] Building C object CMakeFiles/vision_msgs__rosidl_generator_c.dir/rosidl_generator_c/vision_msgs/msg/detail/pose2_d__functions.c.o
[2.488s] [11/144] Building C object CMakeFiles/vision_msgs__rosidl_generator_c.dir/rosidl_generator_c/vision_msgs/msg/detail/object_hypothesis_with_pose__functions.c.o
[2.489s] [12/144] Building C object CMakeFiles/vision_msgs__rosidl_generator_c.dir/rosidl_generator_c/vision_msgs/msg/detail/classification__functions.c.o
[2.491s] [13/144] Building C object CMakeFiles/vision_msgs__rosidl_generator_c.dir/rosidl_generator_c/vision_msgs/msg/detail/detection2_d__functions.c.o
[2.491s] [14/144] Building C object CMakeFiles/vision_msgs__rosidl_generator_c.dir/rosidl_generator_c/vision_msgs/msg/detail/detection3_d__functions.c.o
[2.492s] [15/144] Building C object CMakeFiles/vision_msgs__rosidl_generator_c.dir/rosidl_generator_c/vision_msgs/msg/detail/bounding_box2_d__functions.c.o
[2.493s] [16/144] Building C object CMakeFiles/vision_msgs__rosidl_generator_c.dir/rosidl_generator_c/vision_msgs/msg/detail/detection3_d_array__functions.c.o
[2.494s] [17/144] Building C object CMakeFiles/vision_msgs__rosidl_generator_c.dir/rosidl_generator_c/vision_msgs/msg/detail/object_hypothesis__functions.c.o
[2.499s] [18/144] Building C object CMakeFiles/vision_msgs__rosidl_generator_c.dir/rosidl_generator_c/vision_msgs/msg/detail/detection2_d_array__functions.c.o
[2.512s] [19/144] Linking C shared library libvision_msgs__rosidl_generator_c.so
[2.781s] [20/144] Generating C++ type support dispatch for ROS interfaces
[2.892s] [21/144] Generating C++ introspection for ROS interfaces
[2.996s] [22/144] Generating C type support dispatch for ROS interfaces
[3.003s] [23/144] Building CXX object CMakeFiles/vision_msgs__rosidl_typesupport_cpp.dir/rosidl_typesupport_cpp/vision_msgs/msg/bounding_box3_d_array__type_support.cpp.o
[3.011s] [24/144] Generating C++ type support for eProsima Fast-RTPS
[3.020s] [25/144] Building CXX object CMakeFiles/vision_msgs__rosidl_typesupport_c.dir/rosidl_typesupport_c/vision_msgs/msg/bounding_box2_d__type_support.cpp.o
[3.022s] [26/144] Building CXX object CMakeFiles/vision_msgs__rosidl_typesupport_cpp.dir/rosidl_typesupport_cpp/vision_msgs/msg/vision_info__type_support.cpp.o
[3.023s] [27/144] Building CXX object CMakeFiles/vision_msgs__rosidl_typesupport_cpp.dir/rosidl_typesupport_cpp/vision_msgs/msg/bounding_box2_d__type_support.cpp.o
[3.024s] [28/144] Building CXX object CMakeFiles/vision_msgs__rosidl_typesupport_c.dir/rosidl_typesupport_c/vision_msgs/msg/bounding_box2_d_array__type_support.cpp.o
[3.025s] [29/144] Building CXX object CMakeFiles/vision_msgs__rosidl_typesupport_cpp.dir/rosidl_typesupport_cpp/vision_msgs/msg/object_hypothesis_with_pose__type_support.cpp.o
[3.026s] [30/144] Building CXX object CMakeFiles/vision_msgs__rosidl_typesupport_cpp.dir/rosidl_typesupport_cpp/vision_msgs/msg/vision_class__type_support.cpp.o
[3.027s] [31/144] Building CXX object CMakeFiles/vision_msgs__rosidl_typesupport_cpp.dir/rosidl_typesupport_cpp/vision_msgs/msg/detection3_d_array__type_support.cpp.o
[3.028s] [32/144] Building CXX object CMakeFiles/vision_msgs__rosidl_typesupport_cpp.dir/rosidl_typesupport_cpp/vision_msgs/msg/object_hypothesis__type_support.cpp.o
[3.038s] [33/144] Building CXX object CMakeFiles/vision_msgs__rosidl_typesupport_cpp.dir/rosidl_typesupport_cpp/vision_msgs/msg/bounding_box2_d_array__type_support.cpp.o
[3.039s] [34/144] Building CXX object CMakeFiles/vision_msgs__rosidl_typesupport_cpp.dir/rosidl_typesupport_cpp/vision_msgs/msg/detection2_d__type_support.cpp.o
[3.039s] [35/144] Building CXX object CMakeFiles/vision_msgs__rosidl_typesupport_cpp.dir/rosidl_typesupport_cpp/vision_msgs/msg/detection2_d_array__type_support.cpp.o
[3.039s] [36/144] Building CXX object CMakeFiles/vision_msgs__rosidl_typesupport_c.dir/rosidl_typesupport_c/vision_msgs/msg/bounding_box3_d__type_support.cpp.o
[3.043s] [37/144] Building CXX object CMakeFiles/vision_msgs__rosidl_typesupport_c.dir/rosidl_typesupport_c/vision_msgs/msg/bounding_box3_d_array__type_support.cpp.o
[3.043s] [38/144] Building CXX object CMakeFiles/vision_msgs__rosidl_typesupport_cpp.dir/rosidl_typesupport_cpp/vision_msgs/msg/label_info__type_support.cpp.o
[3.045s] [39/144] Building CXX object CMakeFiles/vision_msgs__rosidl_typesupport_cpp.dir/rosidl_typesupport_cpp/vision_msgs/msg/bounding_box3_d__type_support.cpp.o
[3.046s] [40/144] Building CXX object CMakeFiles/vision_msgs__rosidl_typesupport_c.dir/rosidl_typesupport_c/vision_msgs/msg/detection2_d__type_support.cpp.o
[3.046s] [41/144] Building CXX object CMakeFiles/vision_msgs__rosidl_typesupport_c.dir/rosidl_typesupport_c/vision_msgs/msg/detection3_d_array__type_support.cpp.o
[3.046s] [42/144] Building CXX object CMakeFiles/vision_msgs__rosidl_typesupport_c.dir/rosidl_typesupport_c/vision_msgs/msg/detection2_d_array__type_support.cpp.o
[3.047s] [43/144] Building CXX object CMakeFiles/vision_msgs__rosidl_typesupport_c.dir/rosidl_typesupport_c/vision_msgs/msg/classification__type_support.cpp.o
[3.048s] [44/144] Building CXX object CMakeFiles/vision_msgs__rosidl_typesupport_c.dir/rosidl_typesupport_c/vision_msgs/msg/detection3_d__type_support.cpp.o
[3.049s] [45/144] Building CXX object CMakeFiles/vision_msgs__rosidl_typesupport_cpp.dir/rosidl_typesupport_cpp/vision_msgs/msg/pose2_d__type_support.cpp.o
[3.050s] [46/144] Building CXX object CMakeFiles/vision_msgs__rosidl_typesupport_c.dir/rosidl_typesupport_c/vision_msgs/msg/label_info__type_support.cpp.o
[3.059s] [47/144] Building CXX object CMakeFiles/vision_msgs__rosidl_typesupport_c.dir/rosidl_typesupport_c/vision_msgs/msg/point2_d__type_support.cpp.o
[3.060s] [48/144] Building CXX object CMakeFiles/vision_msgs__rosidl_typesupport_c.dir/rosidl_typesupport_c/vision_msgs/msg/pose2_d__type_support.cpp.o
[3.060s] [49/144] Building CXX object CMakeFiles/vision_msgs__rosidl_typesupport_c.dir/rosidl_typesupport_c/vision_msgs/msg/object_hypothesis_with_pose__type_support.cpp.o
[3.061s] [50/144] Building CXX object CMakeFiles/vision_msgs__rosidl_typesupport_cpp.dir/rosidl_typesupport_cpp/vision_msgs/msg/point2_d__type_support.cpp.o
[3.066s] [51/144] Building CXX object CMakeFiles/vision_msgs__rosidl_typesupport_c.dir/rosidl_typesupport_c/vision_msgs/msg/vision_info__type_support.cpp.o
[3.066s] [52/144] Building CXX object CMakeFiles/vision_msgs__rosidl_typesupport_c.dir/rosidl_typesupport_c/vision_msgs/msg/vision_class__type_support.cpp.o
[3.079s] [53/144] Building CXX object CMakeFiles/vision_msgs__rosidl_typesupport_c.dir/rosidl_typesupport_c/vision_msgs/msg/object_hypothesis__type_support.cpp.o
[3.094s] [54/144] Generating C type support for eProsima Fast-RTPS
[3.119s] [55/144] Generating C introspection for ROS interfaces
[3.124s] [56/144] Building CXX object CMakeFiles/vision_msgs__rosidl_typesupport_cpp.dir/rosidl_typesupport_cpp/vision_msgs/msg/detection3_d__type_support.cpp.o
[3.132s] [57/144] Building CXX object CMakeFiles/vision_msgs__rosidl_typesupport_cpp.dir/rosidl_typesupport_cpp/vision_msgs/msg/classification__type_support.cpp.o
[3.166s] [58/144] Linking CXX shared library libvision_msgs__rosidl_typesupport_c.so
[3.170s] [59/144] Building C object CMakeFiles/vision_msgs__rosidl_typesupport_introspection_c.dir/rosidl_typesupport_introspection_c/vision_msgs/msg/detail/object_hypothesis_with_pose__type_support.c.o
[3.263s] [60/144] Building CXX object CMakeFiles/vision_msgs__rosidl_typesupport_introspection_cpp.dir/rosidl_typesupport_introspection_cpp/vision_msgs/msg/detail/bounding_box2_d__type_support.cpp.o
[3.415s] [61/144] Building CXX object CMakeFiles/vision_msgs__rosidl_typesupport_fastrtps_cpp.dir/rosidl_typesupport_fastrtps_cpp/vision_msgs/msg/detail/dds_fastrtps/object_hypothesis_with_pose__type_support.cpp.o
[3.421s] [62/144] Building CXX object CMakeFiles/vision_msgs__rosidl_typesupport_fastrtps_cpp.dir/rosidl_typesupport_fastrtps_cpp/vision_msgs/msg/detail/dds_fastrtps/bounding_box3_d__type_support.cpp.o
[3.423s] [63/144] Building CXX object CMakeFiles/vision_msgs__rosidl_typesupport_fastrtps_cpp.dir/rosidl_typesupport_fastrtps_cpp/vision_msgs/msg/detail/dds_fastrtps/bounding_box2_d__type_support.cpp.o
[3.431s] [64/144] Building CXX object CMakeFiles/vision_msgs__rosidl_typesupport_fastrtps_cpp.dir/rosidl_typesupport_fastrtps_cpp/vision_msgs/msg/detail/dds_fastrtps/vision_class__type_support.cpp.o
[3.431s] [65/144] Building CXX object CMakeFiles/vision_msgs__rosidl_typesupport_fastrtps_c.dir/rosidl_typesupport_fastrtps_c/vision_msgs/msg/detail/bounding_box2_d_array__type_support_c.cpp.o
[3.436s] [66/144] Building CXX object CMakeFiles/vision_msgs__rosidl_typesupport_fastrtps_cpp.dir/rosidl_typesupport_fastrtps_cpp/vision_msgs/msg/detail/dds_fastrtps/bounding_box3_d_array__type_support.cpp.o
[3.438s] [67/144] Building CXX object CMakeFiles/vision_msgs__rosidl_typesupport_fastrtps_cpp.dir/rosidl_typesupport_fastrtps_cpp/vision_msgs/msg/detail/dds_fastrtps/bounding_box2_d_array__type_support.cpp.o
[3.442s] [68/144] Building CXX object CMakeFiles/vision_msgs__rosidl_typesupport_fastrtps_cpp.dir/rosidl_typesupport_fastrtps_cpp/vision_msgs/msg/detail/dds_fastrtps/pose2_d__type_support.cpp.o
[3.444s] [69/144] Building CXX object CMakeFiles/vision_msgs__rosidl_typesupport_fastrtps_cpp.dir/rosidl_typesupport_fastrtps_cpp/vision_msgs/msg/detail/dds_fastrtps/object_hypothesis__type_support.cpp.o
[3.451s] [70/144] Building CXX object CMakeFiles/vision_msgs__rosidl_typesupport_fastrtps_cpp.dir/rosidl_typesupport_fastrtps_cpp/vision_msgs/msg/detail/dds_fastrtps/point2_d__type_support.cpp.o
[3.455s] [71/144] Building CXX object CMakeFiles/vision_msgs__rosidl_typesupport_fastrtps_cpp.dir/rosidl_typesupport_fastrtps_cpp/vision_msgs/msg/detail/dds_fastrtps/classification__type_support.cpp.o
[3.461s] [72/144] Building CXX object CMakeFiles/vision_msgs__rosidl_typesupport_fastrtps_c.dir/rosidl_typesupport_fastrtps_c/vision_msgs/msg/detail/bounding_box2_d__type_support_c.cpp.o
[3.471s] [73/144] Building CXX object CMakeFiles/vision_msgs__rosidl_typesupport_fastrtps_cpp.dir/rosidl_typesupport_fastrtps_cpp/vision_msgs/msg/detail/dds_fastrtps/detection2_d__type_support.cpp.o
[3.474s] [74/144] Building CXX object CMakeFiles/vision_msgs__rosidl_typesupport_fastrtps_cpp.dir/rosidl_typesupport_fastrtps_cpp/vision_msgs/msg/detail/dds_fastrtps/detection3_d__type_support.cpp.o
[3.480s] [75/144] Building CXX object CMakeFiles/vision_msgs__rosidl_typesupport_fastrtps_c.dir/rosidl_typesupport_fastrtps_c/vision_msgs/msg/detail/bounding_box3_d__type_support_c.cpp.o
[3.486s] [76/144] Building CXX object CMakeFiles/vision_msgs__rosidl_typesupport_fastrtps_c.dir/rosidl_typesupport_fastrtps_c/vision_msgs/msg/detail/bounding_box3_d_array__type_support_c.cpp.o
[3.502s] [77/144] Building CXX object CMakeFiles/vision_msgs__rosidl_typesupport_fastrtps_cpp.dir/rosidl_typesupport_fastrtps_cpp/vision_msgs/msg/detail/dds_fastrtps/label_info__type_support.cpp.o
[3.504s] [78/144] Building C object CMakeFiles/vision_msgs__rosidl_typesupport_introspection_c.dir/rosidl_typesupport_introspection_c/vision_msgs/msg/detail/bounding_box2_d_array__type_support.c.o
[3.505s] [79/144] Building C object CMakeFiles/vision_msgs__rosidl_typesupport_introspection_c.dir/rosidl_typesupport_introspection_c/vision_msgs/msg/detail/bounding_box3_d__type_support.c.o
[3.511s] [80/144] Building C object CMakeFiles/vision_msgs__rosidl_typesupport_introspection_c.dir/rosidl_typesupport_introspection_c/vision_msgs/msg/detail/bounding_box3_d_array__type_support.c.o
[3.526s] [81/144] Building CXX object CMakeFiles/vision_msgs__rosidl_typesupport_fastrtps_cpp.dir/rosidl_typesupport_fastrtps_cpp/vision_msgs/msg/detail/dds_fastrtps/detection3_d_array__type_support.cpp.o
[3.526s] [82/144] Building C object CMakeFiles/vision_msgs__rosidl_typesupport_introspection_c.dir/rosidl_typesupport_introspection_c/vision_msgs/msg/detail/bounding_box2_d__type_support.c.o
[3.533s] [83/144] Building C object CMakeFiles/vision_msgs__rosidl_typesupport_introspection_c.dir/rosidl_typesupport_introspection_c/vision_msgs/msg/detail/classification__type_support.c.o
[3.536s] [84/144] Building CXX object CMakeFiles/vision_msgs__rosidl_typesupport_fastrtps_cpp.dir/rosidl_typesupport_fastrtps_cpp/vision_msgs/msg/detail/dds_fastrtps/detection2_d_array__type_support.cpp.o
[3.538s] [85/144] Building CXX object CMakeFiles/vision_msgs__rosidl_typesupport_fastrtps_c.dir/rosidl_typesupport_fastrtps_c/vision_msgs/msg/detail/classification__type_support_c.cpp.o
[3.542s] [86/144] Building C object CMakeFiles/vision_msgs__rosidl_typesupport_introspection_c.dir/rosidl_typesupport_introspection_c/vision_msgs/msg/detail/detection2_d_array__type_support.c.o
[3.547s] [87/144] Building C object CMakeFiles/vision_msgs__rosidl_typesupport_introspection_c.dir/rosidl_typesupport_introspection_c/vision_msgs/msg/detail/detection3_d_array__type_support.c.o
[3.547s] [88/144] Building C object CMakeFiles/vision_msgs__rosidl_typesupport_introspection_c.dir/rosidl_typesupport_introspection_c/vision_msgs/msg/detail/detection2_d__type_support.c.o
[3.558s] [89/144] Building C object CMakeFiles/vision_msgs__rosidl_typesupport_introspection_c.dir/rosidl_typesupport_introspection_c/vision_msgs/msg/detail/detection3_d__type_support.c.o
[3.559s] [90/144] Building C object CMakeFiles/vision_msgs__rosidl_typesupport_introspection_c.dir/rosidl_typesupport_introspection_c/vision_msgs/msg/detail/object_hypothesis__type_support.c.o
[3.566s] [91/144] Building C object CMakeFiles/vision_msgs__rosidl_typesupport_introspection_c.dir/rosidl_typesupport_introspection_c/vision_msgs/msg/detail/label_info__type_support.c.o
[3.569s] [92/144] Building C object CMakeFiles/vision_msgs__rosidl_typesupport_introspection_c.dir/rosidl_typesupport_introspection_c/vision_msgs/msg/detail/vision_info__type_support.c.o
[3.570s] [93/144] Building C object CMakeFiles/vision_msgs__rosidl_typesupport_introspection_c.dir/rosidl_typesupport_introspection_c/vision_msgs/msg/detail/vision_class__type_support.c.o
[3.573s] [94/144] Building C object CMakeFiles/vision_msgs__rosidl_typesupport_introspection_c.dir/rosidl_typesupport_introspection_c/vision_msgs/msg/detail/pose2_d__type_support.c.o
[3.586s] [95/144] Building C object CMakeFiles/vision_msgs__rosidl_typesupport_introspection_c.dir/rosidl_typesupport_introspection_c/vision_msgs/msg/detail/point2_d__type_support.c.o
[3.587s] [96/144] Building CXX object CMakeFiles/vision_msgs__rosidl_typesupport_fastrtps_c.dir/rosidl_typesupport_fastrtps_c/vision_msgs/msg/detail/detection2_d__type_support_c.cpp.o
[3.607s] [97/144] Linking C shared library libvision_msgs__rosidl_typesupport_introspection_c.so
[3.723s] [98/144] Building CXX object CMakeFiles/vision_msgs__rosidl_typesupport_fastrtps_c.dir/rosidl_typesupport_fastrtps_c/vision_msgs/msg/detail/detection2_d_array__type_support_c.cpp.o
[3.740s] [99/144] Building CXX object CMakeFiles/vision_msgs__rosidl_typesupport_fastrtps_c.dir/rosidl_typesupport_fastrtps_c/vision_msgs/msg/detail/point2_d__type_support_c.cpp.o
[3.755s] [100/144] Building CXX object CMakeFiles/vision_msgs__rosidl_typesupport_fastrtps_c.dir/rosidl_typesupport_fastrtps_c/vision_msgs/msg/detail/label_info__type_support_c.cpp.o
[3.756s] [101/144] Building CXX object CMakeFiles/vision_msgs__rosidl_typesupport_fastrtps_c.dir/rosidl_typesupport_fastrtps_c/vision_msgs/msg/detail/detection3_d__type_support_c.cpp.o
[3.761s] [102/144] Building CXX object CMakeFiles/vision_msgs__rosidl_typesupport_fastrtps_c.dir/rosidl_typesupport_fastrtps_c/vision_msgs/msg/detail/object_hypothesis_with_pose__type_support_c.cpp.o
[3.763s] [103/144] Building CXX object CMakeFiles/vision_msgs__rosidl_typesupport_fastrtps_c.dir/rosidl_typesupport_fastrtps_c/vision_msgs/msg/detail/object_hypothesis__type_support_c.cpp.o
[3.764s] [104/144] Building CXX object CMakeFiles/vision_msgs__rosidl_typesupport_fastrtps_c.dir/rosidl_typesupport_fastrtps_c/vision_msgs/msg/detail/detection3_d_array__type_support_c.cpp.o
[3.764s] [105/144] Building CXX object CMakeFiles/vision_msgs__rosidl_typesupport_fastrtps_c.dir/rosidl_typesupport_fastrtps_c/vision_msgs/msg/detail/vision_class__type_support_c.cpp.o
[3.769s] [106/144] Building CXX object CMakeFiles/vision_msgs__rosidl_typesupport_fastrtps_c.dir/rosidl_typesupport_fastrtps_c/vision_msgs/msg/detail/pose2_d__type_support_c.cpp.o
[3.771s] [107/144] Building CXX object CMakeFiles/vision_msgs__rosidl_typesupport_fastrtps_c.dir/rosidl_typesupport_fastrtps_c/vision_msgs/msg/detail/vision_info__type_support_c.cpp.o
[3.820s] [108/144] Linking CXX shared library libvision_msgs__rosidl_typesupport_cpp.so
[3.832s] [109/144] Linking CXX shared library libvision_msgs__rosidl_typesupport_fastrtps_c.so
[3.929s] [110/144] Building CXX object CMakeFiles/vision_msgs__rosidl_typesupport_fastrtps_cpp.dir/rosidl_typesupport_fastrtps_cpp/vision_msgs/msg/detail/dds_fastrtps/vision_info__type_support.cpp.o
[3.946s] [111/144] Building CXX object CMakeFiles/vision_msgs__rosidl_typesupport_introspection_cpp.dir/rosidl_typesupport_introspection_cpp/vision_msgs/msg/detail/bounding_box3_d__type_support.cpp.o
[3.955s] [112/144] Building CXX object CMakeFiles/vision_msgs__rosidl_typesupport_introspection_cpp.dir/rosidl_typesupport_introspection_cpp/vision_msgs/msg/detail/bounding_box3_d_array__type_support.cpp.o
[3.974s] [113/144] Building CXX object CMakeFiles/vision_msgs__rosidl_typesupport_introspection_cpp.dir/rosidl_typesupport_introspection_cpp/vision_msgs/msg/detail/object_hypothesis__type_support.cpp.o
[3.977s] [114/144] Building CXX object CMakeFiles/vision_msgs__rosidl_typesupport_introspection_cpp.dir/rosidl_typesupport_introspection_cpp/vision_msgs/msg/detail/bounding_box2_d_array__type_support.cpp.o
[3.988s] [115/144] Building CXX object CMakeFiles/vision_msgs__rosidl_typesupport_introspection_cpp.dir/rosidl_typesupport_introspection_cpp/vision_msgs/msg/detail/detection2_d__type_support.cpp.o
[3.999s] [116/144] Building CXX object CMakeFiles/vision_msgs__rosidl_typesupport_introspection_cpp.dir/rosidl_typesupport_introspection_cpp/vision_msgs/msg/detail/classification__type_support.cpp.o
[4.010s] [117/144] Building CXX object CMakeFiles/vision_msgs__rosidl_typesupport_introspection_cpp.dir/rosidl_typesupport_introspection_cpp/vision_msgs/msg/detail/detection3_d__type_support.cpp.o
[4.022s] [118/144] Linking CXX shared library libvision_msgs__rosidl_typesupport_fastrtps_cpp.so
[4.033s] [119/144] Building CXX object CMakeFiles/vision_msgs__rosidl_typesupport_introspection_cpp.dir/rosidl_typesupport_introspection_cpp/vision_msgs/msg/detail/detection2_d_array__type_support.cpp.o
[4.055s] [120/144] Building CXX object CMakeFiles/vision_msgs__rosidl_typesupport_introspection_cpp.dir/rosidl_typesupport_introspection_cpp/vision_msgs/msg/detail/detection3_d_array__type_support.cpp.o
[4.059s] [121/144] Building CXX object CMakeFiles/vision_msgs__rosidl_typesupport_introspection_cpp.dir/rosidl_typesupport_introspection_cpp/vision_msgs/msg/detail/label_info__type_support.cpp.o
[4.097s] [122/144] Building CXX object CMakeFiles/vision_msgs__rosidl_typesupport_introspection_cpp.dir/rosidl_typesupport_introspection_cpp/vision_msgs/msg/detail/point2_d__type_support.cpp.o
[4.104s] [123/144] Building CXX object CMakeFiles/vision_msgs__rosidl_typesupport_introspection_cpp.dir/rosidl_typesupport_introspection_cpp/vision_msgs/msg/detail/object_hypothesis_with_pose__type_support.cpp.o
[4.110s] [124/144] Building CXX object CMakeFiles/vision_msgs__rosidl_typesupport_introspection_cpp.dir/rosidl_typesupport_introspection_cpp/vision_msgs/msg/detail/vision_class__type_support.cpp.o
[4.112s] [125/144] Building CXX object CMakeFiles/vision_msgs__rosidl_typesupport_introspection_cpp.dir/rosidl_typesupport_introspection_cpp/vision_msgs/msg/detail/pose2_d__type_support.cpp.o
[4.130s] [126/144] Building CXX object CMakeFiles/vision_msgs__rosidl_typesupport_introspection_cpp.dir/rosidl_typesupport_introspection_cpp/vision_msgs/msg/detail/vision_info__type_support.cpp.o
[4.190s] [127/144] Linking CXX shared library libvision_msgs__rosidl_typesupport_introspection_cpp.so
[10.169s] [128/144] Building CXX object CMakeFiles/vision_msgs_matlab.dir/src/vision_msgs_BoundingBox2D_message.cpp.o
[10.315s] [129/144] Building CXX object CMakeFiles/vision_msgs_matlab.dir/src/vision_msgs_BoundingBox3DArray_message.cpp.o
[10.571s] [130/144] Building CXX object CMakeFiles/vision_msgs_matlab.dir/src/vision_msgs_Classification_message.cpp.o
[10.796s] [131/144] Building CXX object CMakeFiles/vision_msgs_matlab.dir/src/vision_msgs_ObjectHypothesis_message.cpp.o
[10.843s] [132/144] Building CXX object CMakeFiles/vision_msgs_matlab.dir/src/vision_msgs_Point2D_message.cpp.o
[10.877s] [133/144] Building CXX object CMakeFiles/vision_msgs_matlab.dir/src/vision_msgs_BoundingBox2DArray_message.cpp.o
[10.998s] [134/144] Building CXX object CMakeFiles/vision_msgs_matlab.dir/src/vision_msgs_VisionClass_message.cpp.o
[11.415s] [135/144] Building CXX object CMakeFiles/vision_msgs_matlab.dir/src/vision_msgs_Detection3DArray_message.cpp.o
[11.795s] [136/144] Building CXX object CMakeFiles/vision_msgs_matlab.dir/src/vision_msgs_Detection2DArray_message.cpp.o
[12.780s] [137/144] Building CXX object CMakeFiles/vision_msgs_matlab.dir/src/vision_msgs_BoundingBox3D_message.cpp.o
[12.927s] [138/144] Building CXX object CMakeFiles/vision_msgs_matlab.dir/src/vision_msgs_VisionInfo_message.cpp.o
[13.012s] [139/144] Building CXX object CMakeFiles/vision_msgs_matlab.dir/src/vision_msgs_LabelInfo_message.cpp.o
[13.032s] [140/144] Building CXX object CMakeFiles/vision_msgs_matlab.dir/src/vision_msgs_Detection2D_message.cpp.o
[13.042s] [141/144] Building CXX object CMakeFiles/vision_msgs_matlab.dir/src/vision_msgs_Pose2D_message.cpp.o
[13.057s] [142/144] Building CXX object CMakeFiles/vision_msgs_matlab.dir/src/vision_msgs_ObjectHypothesisWithPose_message.cpp.o
[13.224s] [143/144] Building CXX object CMakeFiles/vision_msgs_matlab.dir/src/vision_msgs_Detection3D_message.cpp.o
[16.005s] [144/144] Linking CXX shared library libvision_msgs_matlab.so
[16.006s] Invoked command in '/home/user/ros2_ws/src/YongJun_ws/matlab/AutoL_LiDAR_ROS/custom/matlab_msg_gen/glnxa64/build/vision_msgs' returned '0': CONDA_PROMPT_MODIFIER=(base) PS1=(venv) /usr/local/MATLAB/R2024a/bin/glnxa64/cmake/bin/cmake --build /home/user/ros2_ws/src/YongJun_ws/matlab/AutoL_LiDAR_ROS/custom/matlab_msg_gen/glnxa64/build/vision_msgs -- -j24 -l24
[16.023s] Invoking command in '/home/user/ros2_ws/src/YongJun_ws/matlab/AutoL_LiDAR_ROS/custom/matlab_msg_gen/glnxa64/build/vision_msgs': CONDA_PROMPT_MODIFIER=(base) PS1=(venv) /usr/local/MATLAB/R2024a/bin/glnxa64/cmake/bin/cmake --install /home/user/ros2_ws/src/YongJun_ws/matlab/AutoL_LiDAR_ROS/custom/matlab_msg_gen/glnxa64/build/vision_msgs
[16.026s] -- Install configuration: "Release"
[16.026s] -- Installing: /home/user/ros2_ws/src/YongJun_ws/matlab/AutoL_LiDAR_ROS/custom/matlab_msg_gen/glnxa64/install/share/ament_index/resource_index/rosidl_interfaces/vision_msgs
[16.026s] -- Installing: /home/user/ros2_ws/src/YongJun_ws/matlab/AutoL_LiDAR_ROS/custom/matlab_msg_gen/glnxa64/install/include/vision_msgs/vision_msgs
[16.026s] -- Installing: /home/user/ros2_ws/src/YongJun_ws/matlab/AutoL_LiDAR_ROS/custom/matlab_msg_gen/glnxa64/install/include/vision_msgs/vision_msgs/msg
[16.026s] -- Installing: /home/user/ros2_ws/src/YongJun_ws/matlab/AutoL_LiDAR_ROS/custom/matlab_msg_gen/glnxa64/install/include/vision_msgs/vision_msgs/msg/pose2_d.h
[16.026s] -- Installing: /home/user/ros2_ws/src/YongJun_ws/matlab/AutoL_LiDAR_ROS/custom/matlab_msg_gen/glnxa64/install/include/vision_msgs/vision_msgs/msg/rosidl_generator_c__visibility_control.h
[16.026s] -- Installing: /home/user/ros2_ws/src/YongJun_ws/matlab/AutoL_LiDAR_ROS/custom/matlab_msg_gen/glnxa64/install/include/vision_msgs/vision_msgs/msg/object_hypothesis_with_pose.h
[16.026s] -- Installing: /home/user/ros2_ws/src/YongJun_ws/matlab/AutoL_LiDAR_ROS/custom/matlab_msg_gen/glnxa64/install/include/vision_msgs/vision_msgs/msg/bounding_box2_d.h
[16.026s] -- Installing: /home/user/ros2_ws/src/YongJun_ws/matlab/AutoL_LiDAR_ROS/custom/matlab_msg_gen/glnxa64/install/include/vision_msgs/vision_msgs/msg/detection2_d_array.h
[16.026s] -- Installing: /home/user/ros2_ws/src/YongJun_ws/matlab/AutoL_LiDAR_ROS/custom/matlab_msg_gen/glnxa64/install/include/vision_msgs/vision_msgs/msg/object_hypothesis.h
[16.026s] -- Installing: /home/user/ros2_ws/src/YongJun_ws/matlab/AutoL_LiDAR_ROS/custom/matlab_msg_gen/glnxa64/install/include/vision_msgs/vision_msgs/msg/bounding_box3_d.h
[16.026s] -- Installing: /home/user/ros2_ws/src/YongJun_ws/matlab/AutoL_LiDAR_ROS/custom/matlab_msg_gen/glnxa64/install/include/vision_msgs/vision_msgs/msg/detection3_d.h
[16.026s] -- Installing: /home/user/ros2_ws/src/YongJun_ws/matlab/AutoL_LiDAR_ROS/custom/matlab_msg_gen/glnxa64/install/include/vision_msgs/vision_msgs/msg/bounding_box3_d_array.h
[16.026s] -- Installing: /home/user/ros2_ws/src/YongJun_ws/matlab/AutoL_LiDAR_ROS/custom/matlab_msg_gen/glnxa64/install/include/vision_msgs/vision_msgs/msg/label_info.h
[16.026s] -- Installing: /home/user/ros2_ws/src/YongJun_ws/matlab/AutoL_LiDAR_ROS/custom/matlab_msg_gen/glnxa64/install/include/vision_msgs/vision_msgs/msg/vision_info.h
[16.026s] -- Installing: /home/user/ros2_ws/src/YongJun_ws/matlab/AutoL_LiDAR_ROS/custom/matlab_msg_gen/glnxa64/install/include/vision_msgs/vision_msgs/msg/classification.h
[16.026s] -- Installing: /home/user/ros2_ws/src/YongJun_ws/matlab/AutoL_LiDAR_ROS/custom/matlab_msg_gen/glnxa64/install/include/vision_msgs/vision_msgs/msg/detection2_d.h
[16.026s] -- Installing: /home/user/ros2_ws/src/YongJun_ws/matlab/AutoL_LiDAR_ROS/custom/matlab_msg_gen/glnxa64/install/include/vision_msgs/vision_msgs/msg/detail
[16.026s] -- Installing: /home/user/ros2_ws/src/YongJun_ws/matlab/AutoL_LiDAR_ROS/custom/matlab_msg_gen/glnxa64/install/include/vision_msgs/vision_msgs/msg/detail/bounding_box3_d_array__struct.h
[16.026s] -- Installing: /home/user/ros2_ws/src/YongJun_ws/matlab/AutoL_LiDAR_ROS/custom/matlab_msg_gen/glnxa64/install/include/vision_msgs/vision_msgs/msg/detail/bounding_box2_d_array__type_support.h
[16.026s] -- Installing: /home/user/ros2_ws/src/YongJun_ws/matlab/AutoL_LiDAR_ROS/custom/matlab_msg_gen/glnxa64/install/include/vision_msgs/vision_msgs/msg/detail/object_hypothesis_with_pose__functions.h
[16.026s] -- Installing: /home/user/ros2_ws/src/YongJun_ws/matlab/AutoL_LiDAR_ROS/custom/matlab_msg_gen/glnxa64/install/include/vision_msgs/vision_msgs/msg/detail/detection2_d__functions.h
[16.027s] -- Installing: /home/user/ros2_ws/src/YongJun_ws/matlab/AutoL_LiDAR_ROS/custom/matlab_msg_gen/glnxa64/install/include/vision_msgs/vision_msgs/msg/detail/bounding_box3_d__functions.h
[16.027s] -- Installing: /home/user/ros2_ws/src/YongJun_ws/matlab/AutoL_LiDAR_ROS/custom/matlab_msg_gen/glnxa64/install/include/vision_msgs/vision_msgs/msg/detail/vision_class__type_support.h
[16.027s] -- Installing: /home/user/ros2_ws/src/YongJun_ws/matlab/AutoL_LiDAR_ROS/custom/matlab_msg_gen/glnxa64/install/include/vision_msgs/vision_msgs/msg/detail/point2_d__functions.h
[16.027s] -- Installing: /home/user/ros2_ws/src/YongJun_ws/matlab/AutoL_LiDAR_ROS/custom/matlab_msg_gen/glnxa64/install/include/vision_msgs/vision_msgs/msg/detail/pose2_d__type_support.h
[16.027s] -- Installing: /home/user/ros2_ws/src/YongJun_ws/matlab/AutoL_LiDAR_ROS/custom/matlab_msg_gen/glnxa64/install/include/vision_msgs/vision_msgs/msg/detail/label_info__struct.h
[16.027s] -- Installing: /home/user/ros2_ws/src/YongJun_ws/matlab/AutoL_LiDAR_ROS/custom/matlab_msg_gen/glnxa64/install/include/vision_msgs/vision_msgs/msg/detail/detection2_d__type_support.h
[16.027s] -- Installing: /home/user/ros2_ws/src/YongJun_ws/matlab/AutoL_LiDAR_ROS/custom/matlab_msg_gen/glnxa64/install/include/vision_msgs/vision_msgs/msg/detail/bounding_box3_d__functions.c
[16.027s] -- Installing: /home/user/ros2_ws/src/YongJun_ws/matlab/AutoL_LiDAR_ROS/custom/matlab_msg_gen/glnxa64/install/include/vision_msgs/vision_msgs/msg/detail/bounding_box3_d__type_support.h
[16.027s] -- Installing: /home/user/ros2_ws/src/YongJun_ws/matlab/AutoL_LiDAR_ROS/custom/matlab_msg_gen/glnxa64/install/include/vision_msgs/vision_msgs/msg/detail/classification__functions.h
[16.027s] -- Installing: /home/user/ros2_ws/src/YongJun_ws/matlab/AutoL_LiDAR_ROS/custom/matlab_msg_gen/glnxa64/install/include/vision_msgs/vision_msgs/msg/detail/label_info__type_support.h
[16.027s] -- Installing: /home/user/ros2_ws/src/YongJun_ws/matlab/AutoL_LiDAR_ROS/custom/matlab_msg_gen/glnxa64/install/include/vision_msgs/vision_msgs/msg/detail/label_info__functions.h
[16.027s] -- Installing: /home/user/ros2_ws/src/YongJun_ws/matlab/AutoL_LiDAR_ROS/custom/matlab_msg_gen/glnxa64/install/include/vision_msgs/vision_msgs/msg/detail/bounding_box3_d_array__functions.h
[16.027s] -- Installing: /home/user/ros2_ws/src/YongJun_ws/matlab/AutoL_LiDAR_ROS/custom/matlab_msg_gen/glnxa64/install/include/vision_msgs/vision_msgs/msg/detail/bounding_box2_d_array__functions.h
[16.027s] -- Installing: /home/user/ros2_ws/src/YongJun_ws/matlab/AutoL_LiDAR_ROS/custom/matlab_msg_gen/glnxa64/install/include/vision_msgs/vision_msgs/msg/detail/object_hypothesis__functions.h
[16.027s] -- Installing: /home/user/ros2_ws/src/YongJun_ws/matlab/AutoL_LiDAR_ROS/custom/matlab_msg_gen/glnxa64/install/include/vision_msgs/vision_msgs/msg/detail/classification__functions.c
[16.027s] -- Installing: /home/user/ros2_ws/src/YongJun_ws/matlab/AutoL_LiDAR_ROS/custom/matlab_msg_gen/glnxa64/install/include/vision_msgs/vision_msgs/msg/detail/detection3_d_array__type_support.h
[16.027s] -- Installing: /home/user/ros2_ws/src/YongJun_ws/matlab/AutoL_LiDAR_ROS/custom/matlab_msg_gen/glnxa64/install/include/vision_msgs/vision_msgs/msg/detail/classification__type_support.h
[16.027s] -- Installing: /home/user/ros2_ws/src/YongJun_ws/matlab/AutoL_LiDAR_ROS/custom/matlab_msg_gen/glnxa64/install/include/vision_msgs/vision_msgs/msg/detail/object_hypothesis__type_support.h
[16.027s] -- Installing: /home/user/ros2_ws/src/YongJun_ws/matlab/AutoL_LiDAR_ROS/custom/matlab_msg_gen/glnxa64/install/include/vision_msgs/vision_msgs/msg/detail/pose2_d__functions.h
[16.027s] -- Installing: /home/user/ros2_ws/src/YongJun_ws/matlab/AutoL_LiDAR_ROS/custom/matlab_msg_gen/glnxa64/install/include/vision_msgs/vision_msgs/msg/detail/vision_info__functions.c
[16.027s] -- Installing: /home/user/ros2_ws/src/YongJun_ws/matlab/AutoL_LiDAR_ROS/custom/matlab_msg_gen/glnxa64/install/include/vision_msgs/vision_msgs/msg/detail/detection3_d_array__struct.h
[16.027s] -- Installing: /home/user/ros2_ws/src/YongJun_ws/matlab/AutoL_LiDAR_ROS/custom/matlab_msg_gen/glnxa64/install/include/vision_msgs/vision_msgs/msg/detail/vision_class__functions.c
[16.027s] -- Installing: /home/user/ros2_ws/src/YongJun_ws/matlab/AutoL_LiDAR_ROS/custom/matlab_msg_gen/glnxa64/install/include/vision_msgs/vision_msgs/msg/detail/bounding_box3_d_array__type_support.h
[16.027s] -- Installing: /home/user/ros2_ws/src/YongJun_ws/matlab/AutoL_LiDAR_ROS/custom/matlab_msg_gen/glnxa64/install/include/vision_msgs/vision_msgs/msg/detail/pose2_d__struct.h
[16.027s] -- Installing: /home/user/ros2_ws/src/YongJun_ws/matlab/AutoL_LiDAR_ROS/custom/matlab_msg_gen/glnxa64/install/include/vision_msgs/vision_msgs/msg/detail/point2_d__type_support.h
[16.027s] -- Installing: /home/user/ros2_ws/src/YongJun_ws/matlab/AutoL_LiDAR_ROS/custom/matlab_msg_gen/glnxa64/install/include/vision_msgs/vision_msgs/msg/detail/object_hypothesis_with_pose__functions.c
[16.027s] -- Installing: /home/user/ros2_ws/src/YongJun_ws/matlab/AutoL_LiDAR_ROS/custom/matlab_msg_gen/glnxa64/install/include/vision_msgs/vision_msgs/msg/detail/detection2_d__struct.h
[16.027s] -- Installing: /home/user/ros2_ws/src/YongJun_ws/matlab/AutoL_LiDAR_ROS/custom/matlab_msg_gen/glnxa64/install/include/vision_msgs/vision_msgs/msg/detail/label_info__functions.c
[16.028s] -- Installing: /home/user/ros2_ws/src/YongJun_ws/matlab/AutoL_LiDAR_ROS/custom/matlab_msg_gen/glnxa64/install/include/vision_msgs/vision_msgs/msg/detail/object_hypothesis__struct.h
[16.028s] -- Installing: /home/user/ros2_ws/src/YongJun_ws/matlab/AutoL_LiDAR_ROS/custom/matlab_msg_gen/glnxa64/install/include/vision_msgs/vision_msgs/msg/detail/object_hypothesis__functions.c
[16.028s] -- Installing: /home/user/ros2_ws/src/YongJun_ws/matlab/AutoL_LiDAR_ROS/custom/matlab_msg_gen/glnxa64/install/include/vision_msgs/vision_msgs/msg/detail/bounding_box3_d__struct.h
[16.028s] -- Installing: /home/user/ros2_ws/src/YongJun_ws/matlab/AutoL_LiDAR_ROS/custom/matlab_msg_gen/glnxa64/install/include/vision_msgs/vision_msgs/msg/detail/vision_class__struct.h
[16.028s] -- Installing: /home/user/ros2_ws/src/YongJun_ws/matlab/AutoL_LiDAR_ROS/custom/matlab_msg_gen/glnxa64/install/include/vision_msgs/vision_msgs/msg/detail/detection2_d_array__struct.h
[16.028s] -- Installing: /home/user/ros2_ws/src/YongJun_ws/matlab/AutoL_LiDAR_ROS/custom/matlab_msg_gen/glnxa64/install/include/vision_msgs/vision_msgs/msg/detail/vision_info__struct.h
[16.028s] -- Installing: /home/user/ros2_ws/src/YongJun_ws/matlab/AutoL_LiDAR_ROS/custom/matlab_msg_gen/glnxa64/install/include/vision_msgs/vision_msgs/msg/detail/detection2_d_array__functions.c
[16.028s] -- Installing: /home/user/ros2_ws/src/YongJun_ws/matlab/AutoL_LiDAR_ROS/custom/matlab_msg_gen/glnxa64/install/include/vision_msgs/vision_msgs/msg/detail/bounding_box2_d_array__functions.c
[16.028s] -- Installing: /home/user/ros2_ws/src/YongJun_ws/matlab/AutoL_LiDAR_ROS/custom/matlab_msg_gen/glnxa64/install/include/vision_msgs/vision_msgs/msg/detail/bounding_box2_d__struct.h
[16.028s] -- Installing: /home/user/ros2_ws/src/YongJun_ws/matlab/AutoL_LiDAR_ROS/custom/matlab_msg_gen/glnxa64/install/include/vision_msgs/vision_msgs/msg/detail/bounding_box3_d_array__functions.c
[16.028s] -- Installing: /home/user/ros2_ws/src/YongJun_ws/matlab/AutoL_LiDAR_ROS/custom/matlab_msg_gen/glnxa64/install/include/vision_msgs/vision_msgs/msg/detail/vision_info__type_support.h
[16.028s] -- Installing: /home/user/ros2_ws/src/YongJun_ws/matlab/AutoL_LiDAR_ROS/custom/matlab_msg_gen/glnxa64/install/include/vision_msgs/vision_msgs/msg/detail/pose2_d__functions.c
[16.028s] -- Installing: /home/user/ros2_ws/src/YongJun_ws/matlab/AutoL_LiDAR_ROS/custom/matlab_msg_gen/glnxa64/install/include/vision_msgs/vision_msgs/msg/detail/detection3_d__type_support.h
[16.028s] -- Installing: /home/user/ros2_ws/src/YongJun_ws/matlab/AutoL_LiDAR_ROS/custom/matlab_msg_gen/glnxa64/install/include/vision_msgs/vision_msgs/msg/detail/bounding_box2_d__type_support.h
[16.028s] -- Installing: /home/user/ros2_ws/src/YongJun_ws/matlab/AutoL_LiDAR_ROS/custom/matlab_msg_gen/glnxa64/install/include/vision_msgs/vision_msgs/msg/detail/vision_class__functions.h
[16.028s] -- Installing: /home/user/ros2_ws/src/YongJun_ws/matlab/AutoL_LiDAR_ROS/custom/matlab_msg_gen/glnxa64/install/include/vision_msgs/vision_msgs/msg/detail/detection3_d__functions.c
[16.028s] -- Installing: /home/user/ros2_ws/src/YongJun_ws/matlab/AutoL_LiDAR_ROS/custom/matlab_msg_gen/glnxa64/install/include/vision_msgs/vision_msgs/msg/detail/detection3_d_array__functions.h
[16.028s] -- Installing: /home/user/ros2_ws/src/YongJun_ws/matlab/AutoL_LiDAR_ROS/custom/matlab_msg_gen/glnxa64/install/include/vision_msgs/vision_msgs/msg/detail/point2_d__functions.c
[16.028s] -- Installing: /home/user/ros2_ws/src/YongJun_ws/matlab/AutoL_LiDAR_ROS/custom/matlab_msg_gen/glnxa64/install/include/vision_msgs/vision_msgs/msg/detail/object_hypothesis_with_pose__struct.h
[16.028s] -- Installing: /home/user/ros2_ws/src/YongJun_ws/matlab/AutoL_LiDAR_ROS/custom/matlab_msg_gen/glnxa64/install/include/vision_msgs/vision_msgs/msg/detail/bounding_box2_d_array__struct.h
[16.028s] -- Installing: /home/user/ros2_ws/src/YongJun_ws/matlab/AutoL_LiDAR_ROS/custom/matlab_msg_gen/glnxa64/install/include/vision_msgs/vision_msgs/msg/detail/detection2_d_array__functions.h
[16.028s] -- Installing: /home/user/ros2_ws/src/YongJun_ws/matlab/AutoL_LiDAR_ROS/custom/matlab_msg_gen/glnxa64/install/include/vision_msgs/vision_msgs/msg/detail/detection2_d_array__type_support.h
[16.028s] -- Installing: /home/user/ros2_ws/src/YongJun_ws/matlab/AutoL_LiDAR_ROS/custom/matlab_msg_gen/glnxa64/install/include/vision_msgs/vision_msgs/msg/detail/detection3_d__struct.h
[16.028s] -- Installing: /home/user/ros2_ws/src/YongJun_ws/matlab/AutoL_LiDAR_ROS/custom/matlab_msg_gen/glnxa64/install/include/vision_msgs/vision_msgs/msg/detail/bounding_box2_d__functions.h
[16.028s] -- Installing: /home/user/ros2_ws/src/YongJun_ws/matlab/AutoL_LiDAR_ROS/custom/matlab_msg_gen/glnxa64/install/include/vision_msgs/vision_msgs/msg/detail/classification__struct.h
[16.028s] -- Installing: /home/user/ros2_ws/src/YongJun_ws/matlab/AutoL_LiDAR_ROS/custom/matlab_msg_gen/glnxa64/install/include/vision_msgs/vision_msgs/msg/detail/bounding_box2_d__functions.c
[16.028s] -- Installing: /home/user/ros2_ws/src/YongJun_ws/matlab/AutoL_LiDAR_ROS/custom/matlab_msg_gen/glnxa64/install/include/vision_msgs/vision_msgs/msg/detail/detection3_d_array__functions.c
[16.028s] -- Installing: /home/user/ros2_ws/src/YongJun_ws/matlab/AutoL_LiDAR_ROS/custom/matlab_msg_gen/glnxa64/install/include/vision_msgs/vision_msgs/msg/detail/vision_info__functions.h
[16.028s] -- Installing: /home/user/ros2_ws/src/YongJun_ws/matlab/AutoL_LiDAR_ROS/custom/matlab_msg_gen/glnxa64/install/include/vision_msgs/vision_msgs/msg/detail/object_hypothesis_with_pose__type_support.h
[16.028s] -- Installing: /home/user/ros2_ws/src/YongJun_ws/matlab/AutoL_LiDAR_ROS/custom/matlab_msg_gen/glnxa64/install/include/vision_msgs/vision_msgs/msg/detail/detection2_d__functions.c
[16.029s] -- Installing: /home/user/ros2_ws/src/YongJun_ws/matlab/AutoL_LiDAR_ROS/custom/matlab_msg_gen/glnxa64/install/include/vision_msgs/vision_msgs/msg/detail/detection3_d__functions.h
[16.029s] -- Installing: /home/user/ros2_ws/src/YongJun_ws/matlab/AutoL_LiDAR_ROS/custom/matlab_msg_gen/glnxa64/install/include/vision_msgs/vision_msgs/msg/detail/point2_d__struct.h
[16.029s] -- Installing: /home/user/ros2_ws/src/YongJun_ws/matlab/AutoL_LiDAR_ROS/custom/matlab_msg_gen/glnxa64/install/include/vision_msgs/vision_msgs/msg/detection3_d_array.h
[16.029s] -- Installing: /home/user/ros2_ws/src/YongJun_ws/matlab/AutoL_LiDAR_ROS/custom/matlab_msg_gen/glnxa64/install/include/vision_msgs/vision_msgs/msg/point2_d.h
[16.029s] -- Installing: /home/user/ros2_ws/src/YongJun_ws/matlab/AutoL_LiDAR_ROS/custom/matlab_msg_gen/glnxa64/install/include/vision_msgs/vision_msgs/msg/vision_class.h
[16.029s] -- Installing: /home/user/ros2_ws/src/YongJun_ws/matlab/AutoL_LiDAR_ROS/custom/matlab_msg_gen/glnxa64/install/include/vision_msgs/vision_msgs/msg/bounding_box2_d_array.h
[16.029s] -- Installing: /home/user/ros2_ws/src/YongJun_ws/matlab/AutoL_LiDAR_ROS/custom/matlab_msg_gen/glnxa64/install/share/vision_msgs/environment/library_path.sh
[16.029s] -- Installing: /home/user/ros2_ws/src/YongJun_ws/matlab/AutoL_LiDAR_ROS/custom/matlab_msg_gen/glnxa64/install/share/vision_msgs/environment/library_path.dsv
[16.029s] -- Installing: /home/user/ros2_ws/src/YongJun_ws/matlab/AutoL_LiDAR_ROS/custom/matlab_msg_gen/glnxa64/install/lib/libvision_msgs__rosidl_generator_c.so
[16.029s] -- Up-to-date: /home/user/ros2_ws/src/YongJun_ws/matlab/AutoL_LiDAR_ROS/custom/matlab_msg_gen/glnxa64/install/include/vision_msgs/vision_msgs
[16.029s] -- Up-to-date: /home/user/ros2_ws/src/YongJun_ws/matlab/AutoL_LiDAR_ROS/custom/matlab_msg_gen/glnxa64/install/include/vision_msgs/vision_msgs/msg
[16.029s] -- Installing: /home/user/ros2_ws/src/YongJun_ws/matlab/AutoL_LiDAR_ROS/custom/matlab_msg_gen/glnxa64/install/include/vision_msgs/vision_msgs/msg/rosidl_typesupport_fastrtps_c__visibility_control.h
[16.029s] -- Up-to-date: /home/user/ros2_ws/src/YongJun_ws/matlab/AutoL_LiDAR_ROS/custom/matlab_msg_gen/glnxa64/install/include/vision_msgs/vision_msgs/msg/detail
[16.029s] -- Installing: /home/user/ros2_ws/src/YongJun_ws/matlab/AutoL_LiDAR_ROS/custom/matlab_msg_gen/glnxa64/install/include/vision_msgs/vision_msgs/msg/detail/detection2_d_array__rosidl_typesupport_fastrtps_c.h
[16.029s] -- Installing: /home/user/ros2_ws/src/YongJun_ws/matlab/AutoL_LiDAR_ROS/custom/matlab_msg_gen/glnxa64/install/include/vision_msgs/vision_msgs/msg/detail/bounding_box3_d_array__rosidl_typesupport_fastrtps_c.h
[16.029s] -- Installing: /home/user/ros2_ws/src/YongJun_ws/matlab/AutoL_LiDAR_ROS/custom/matlab_msg_gen/glnxa64/install/include/vision_msgs/vision_msgs/msg/detail/bounding_box2_d_array__rosidl_typesupport_fastrtps_c.h
[16.029s] -- Installing: /home/user/ros2_ws/src/YongJun_ws/matlab/AutoL_LiDAR_ROS/custom/matlab_msg_gen/glnxa64/install/include/vision_msgs/vision_msgs/msg/detail/detection3_d__rosidl_typesupport_fastrtps_c.h
[16.029s] -- Installing: /home/user/ros2_ws/src/YongJun_ws/matlab/AutoL_LiDAR_ROS/custom/matlab_msg_gen/glnxa64/install/include/vision_msgs/vision_msgs/msg/detail/point2_d__rosidl_typesupport_fastrtps_c.h
[16.029s] -- Installing: /home/user/ros2_ws/src/YongJun_ws/matlab/AutoL_LiDAR_ROS/custom/matlab_msg_gen/glnxa64/install/include/vision_msgs/vision_msgs/msg/detail/label_info__rosidl_typesupport_fastrtps_c.h
[16.029s] -- Installing: /home/user/ros2_ws/src/YongJun_ws/matlab/AutoL_LiDAR_ROS/custom/matlab_msg_gen/glnxa64/install/include/vision_msgs/vision_msgs/msg/detail/detection3_d_array__rosidl_typesupport_fastrtps_c.h
[16.029s] -- Installing: /home/user/ros2_ws/src/YongJun_ws/matlab/AutoL_LiDAR_ROS/custom/matlab_msg_gen/glnxa64/install/include/vision_msgs/vision_msgs/msg/detail/vision_class__rosidl_typesupport_fastrtps_c.h
[16.029s] -- Installing: /home/user/ros2_ws/src/YongJun_ws/matlab/AutoL_LiDAR_ROS/custom/matlab_msg_gen/glnxa64/install/include/vision_msgs/vision_msgs/msg/detail/pose2_d__rosidl_typesupport_fastrtps_c.h
[16.029s] -- Installing: /home/user/ros2_ws/src/YongJun_ws/matlab/AutoL_LiDAR_ROS/custom/matlab_msg_gen/glnxa64/install/include/vision_msgs/vision_msgs/msg/detail/vision_info__rosidl_typesupport_fastrtps_c.h
[16.029s] -- Installing: /home/user/ros2_ws/src/YongJun_ws/matlab/AutoL_LiDAR_ROS/custom/matlab_msg_gen/glnxa64/install/include/vision_msgs/vision_msgs/msg/detail/object_hypothesis_with_pose__rosidl_typesupport_fastrtps_c.h
[16.029s] -- Installing: /home/user/ros2_ws/src/YongJun_ws/matlab/AutoL_LiDAR_ROS/custom/matlab_msg_gen/glnxa64/install/include/vision_msgs/vision_msgs/msg/detail/detection2_d__rosidl_typesupport_fastrtps_c.h
[16.029s] -- Installing: /home/user/ros2_ws/src/YongJun_ws/matlab/AutoL_LiDAR_ROS/custom/matlab_msg_gen/glnxa64/install/include/vision_msgs/vision_msgs/msg/detail/bounding_box2_d__rosidl_typesupport_fastrtps_c.h
[16.029s] -- Installing: /home/user/ros2_ws/src/YongJun_ws/matlab/AutoL_LiDAR_ROS/custom/matlab_msg_gen/glnxa64/install/include/vision_msgs/vision_msgs/msg/detail/bounding_box3_d__rosidl_typesupport_fastrtps_c.h
[16.029s] -- Installing: /home/user/ros2_ws/src/YongJun_ws/matlab/AutoL_LiDAR_ROS/custom/matlab_msg_gen/glnxa64/install/include/vision_msgs/vision_msgs/msg/detail/object_hypothesis__rosidl_typesupport_fastrtps_c.h
[16.029s] -- Installing: /home/user/ros2_ws/src/YongJun_ws/matlab/AutoL_LiDAR_ROS/custom/matlab_msg_gen/glnxa64/install/include/vision_msgs/vision_msgs/msg/detail/classification__rosidl_typesupport_fastrtps_c.h
[16.029s] -- Installing: /home/user/ros2_ws/src/YongJun_ws/matlab/AutoL_LiDAR_ROS/custom/matlab_msg_gen/glnxa64/install/lib/libvision_msgs__rosidl_typesupport_fastrtps_c.so
[16.029s] -- Up-to-date: /home/user/ros2_ws/src/YongJun_ws/matlab/AutoL_LiDAR_ROS/custom/matlab_msg_gen/glnxa64/install/include/vision_msgs/vision_msgs
[16.030s] -- Up-to-date: /home/user/ros2_ws/src/YongJun_ws/matlab/AutoL_LiDAR_ROS/custom/matlab_msg_gen/glnxa64/install/include/vision_msgs/vision_msgs/msg
[16.030s] -- Up-to-date: /home/user/ros2_ws/src/YongJun_ws/matlab/AutoL_LiDAR_ROS/custom/matlab_msg_gen/glnxa64/install/include/vision_msgs/vision_msgs/msg/detail
[16.030s] -- Installing: /home/user/ros2_ws/src/YongJun_ws/matlab/AutoL_LiDAR_ROS/custom/matlab_msg_gen/glnxa64/install/include/vision_msgs/vision_msgs/msg/detail/vision_info__rosidl_typesupport_introspection_c.h
[16.030s] -- Installing: /home/user/ros2_ws/src/YongJun_ws/matlab/AutoL_LiDAR_ROS/custom/matlab_msg_gen/glnxa64/install/include/vision_msgs/vision_msgs/msg/detail/detection2_d__type_support.c
[16.030s] -- Installing: /home/user/ros2_ws/src/YongJun_ws/matlab/AutoL_LiDAR_ROS/custom/matlab_msg_gen/glnxa64/install/include/vision_msgs/vision_msgs/msg/detail/pose2_d__type_support.c
[16.030s] -- Installing: /home/user/ros2_ws/src/YongJun_ws/matlab/AutoL_LiDAR_ROS/custom/matlab_msg_gen/glnxa64/install/include/vision_msgs/vision_msgs/msg/detail/detection2_d_array__type_support.c
[16.030s] -- Installing: /home/user/ros2_ws/src/YongJun_ws/matlab/AutoL_LiDAR_ROS/custom/matlab_msg_gen/glnxa64/install/include/vision_msgs/vision_msgs/msg/detail/classification__type_support.c
[16.030s] -- Installing: /home/user/ros2_ws/src/YongJun_ws/matlab/AutoL_LiDAR_ROS/custom/matlab_msg_gen/glnxa64/install/include/vision_msgs/vision_msgs/msg/detail/label_info__rosidl_typesupport_introspection_c.h
[16.030s] -- Installing: /home/user/ros2_ws/src/YongJun_ws/matlab/AutoL_LiDAR_ROS/custom/matlab_msg_gen/glnxa64/install/include/vision_msgs/vision_msgs/msg/detail/label_info__type_support.c
[16.030s] -- Installing: /home/user/ros2_ws/src/YongJun_ws/matlab/AutoL_LiDAR_ROS/custom/matlab_msg_gen/glnxa64/install/include/vision_msgs/vision_msgs/msg/detail/bounding_box3_d__rosidl_typesupport_introspection_c.h
[16.030s] -- Installing: /home/user/ros2_ws/src/YongJun_ws/matlab/AutoL_LiDAR_ROS/custom/matlab_msg_gen/glnxa64/install/include/vision_msgs/vision_msgs/msg/detail/object_hypothesis_with_pose__rosidl_typesupport_introspection_c.h
[16.030s] -- Installing: /home/user/ros2_ws/src/YongJun_ws/matlab/AutoL_LiDAR_ROS/custom/matlab_msg_gen/glnxa64/install/include/vision_msgs/vision_msgs/msg/detail/bounding_box2_d_array__type_support.c
[16.030s] -- Installing: /home/user/ros2_ws/src/YongJun_ws/matlab/AutoL_LiDAR_ROS/custom/matlab_msg_gen/glnxa64/install/include/vision_msgs/vision_msgs/msg/detail/vision_class__rosidl_typesupport_introspection_c.h
[16.030s] -- Installing: /home/user/ros2_ws/src/YongJun_ws/matlab/AutoL_LiDAR_ROS/custom/matlab_msg_gen/glnxa64/install/include/vision_msgs/vision_msgs/msg/detail/bounding_box2_d__rosidl_typesupport_introspection_c.h
[16.030s] -- Installing: /home/user/ros2_ws/src/YongJun_ws/matlab/AutoL_LiDAR_ROS/custom/matlab_msg_gen/glnxa64/install/include/vision_msgs/vision_msgs/msg/detail/detection3_d_array__rosidl_typesupport_introspection_c.h
[16.030s] -- Installing: /home/user/ros2_ws/src/YongJun_ws/matlab/AutoL_LiDAR_ROS/custom/matlab_msg_gen/glnxa64/install/include/vision_msgs/vision_msgs/msg/detail/detection2_d__rosidl_typesupport_introspection_c.h
[16.030s] -- Installing: /home/user/ros2_ws/src/YongJun_ws/matlab/AutoL_LiDAR_ROS/custom/matlab_msg_gen/glnxa64/install/include/vision_msgs/vision_msgs/msg/detail/point2_d__rosidl_typesupport_introspection_c.h
[16.030s] -- Installing: /home/user/ros2_ws/src/YongJun_ws/matlab/AutoL_LiDAR_ROS/custom/matlab_msg_gen/glnxa64/install/include/vision_msgs/vision_msgs/msg/detail/vision_class__type_support.c
[16.030s] -- Installing: /home/user/ros2_ws/src/YongJun_ws/matlab/AutoL_LiDAR_ROS/custom/matlab_msg_gen/glnxa64/install/include/vision_msgs/vision_msgs/msg/detail/object_hypothesis__rosidl_typesupport_introspection_c.h
[16.030s] -- Installing: /home/user/ros2_ws/src/YongJun_ws/matlab/AutoL_LiDAR_ROS/custom/matlab_msg_gen/glnxa64/install/include/vision_msgs/vision_msgs/msg/detail/object_hypothesis_with_pose__type_support.c
[16.030s] -- Installing: /home/user/ros2_ws/src/YongJun_ws/matlab/AutoL_LiDAR_ROS/custom/matlab_msg_gen/glnxa64/install/include/vision_msgs/vision_msgs/msg/detail/detection3_d__type_support.c
[16.030s] -- Installing: /home/user/ros2_ws/src/YongJun_ws/matlab/AutoL_LiDAR_ROS/custom/matlab_msg_gen/glnxa64/install/include/vision_msgs/vision_msgs/msg/detail/detection3_d__rosidl_typesupport_introspection_c.h
[16.030s] -- Installing: /home/user/ros2_ws/src/YongJun_ws/matlab/AutoL_LiDAR_ROS/custom/matlab_msg_gen/glnxa64/install/include/vision_msgs/vision_msgs/msg/detail/bounding_box3_d_array__rosidl_typesupport_introspection_c.h
[16.030s] -- Installing: /home/user/ros2_ws/src/YongJun_ws/matlab/AutoL_LiDAR_ROS/custom/matlab_msg_gen/glnxa64/install/include/vision_msgs/vision_msgs/msg/detail/bounding_box2_d__type_support.c
[16.030s] -- Installing: /home/user/ros2_ws/src/YongJun_ws/matlab/AutoL_LiDAR_ROS/custom/matlab_msg_gen/glnxa64/install/include/vision_msgs/vision_msgs/msg/detail/detection2_d_array__rosidl_typesupport_introspection_c.h
[16.030s] -- Installing: /home/user/ros2_ws/src/YongJun_ws/matlab/AutoL_LiDAR_ROS/custom/matlab_msg_gen/glnxa64/install/include/vision_msgs/vision_msgs/msg/detail/vision_info__type_support.c
[16.030s] -- Installing: /home/user/ros2_ws/src/YongJun_ws/matlab/AutoL_LiDAR_ROS/custom/matlab_msg_gen/glnxa64/install/include/vision_msgs/vision_msgs/msg/detail/classification__rosidl_typesupport_introspection_c.h
[16.030s] -- Installing: /home/user/ros2_ws/src/YongJun_ws/matlab/AutoL_LiDAR_ROS/custom/matlab_msg_gen/glnxa64/install/include/vision_msgs/vision_msgs/msg/detail/pose2_d__rosidl_typesupport_introspection_c.h
[16.030s] -- Installing: /home/user/ros2_ws/src/YongJun_ws/matlab/AutoL_LiDAR_ROS/custom/matlab_msg_gen/glnxa64/install/include/vision_msgs/vision_msgs/msg/detail/bounding_box3_d_array__type_support.c
[16.030s] -- Installing: /home/user/ros2_ws/src/YongJun_ws/matlab/AutoL_LiDAR_ROS/custom/matlab_msg_gen/glnxa64/install/include/vision_msgs/vision_msgs/msg/detail/point2_d__type_support.c
[16.031s] -- Installing: /home/user/ros2_ws/src/YongJun_ws/matlab/AutoL_LiDAR_ROS/custom/matlab_msg_gen/glnxa64/install/include/vision_msgs/vision_msgs/msg/detail/detection3_d_array__type_support.c
[16.031s] -- Installing: /home/user/ros2_ws/src/YongJun_ws/matlab/AutoL_LiDAR_ROS/custom/matlab_msg_gen/glnxa64/install/include/vision_msgs/vision_msgs/msg/detail/bounding_box2_d_array__rosidl_typesupport_introspection_c.h
[16.031s] -- Installing: /home/user/ros2_ws/src/YongJun_ws/matlab/AutoL_LiDAR_ROS/custom/matlab_msg_gen/glnxa64/install/include/vision_msgs/vision_msgs/msg/detail/bounding_box3_d__type_support.c
[16.031s] -- Installing: /home/user/ros2_ws/src/YongJun_ws/matlab/AutoL_LiDAR_ROS/custom/matlab_msg_gen/glnxa64/install/include/vision_msgs/vision_msgs/msg/detail/object_hypothesis__type_support.c
[16.031s] -- Installing: /home/user/ros2_ws/src/YongJun_ws/matlab/AutoL_LiDAR_ROS/custom/matlab_msg_gen/glnxa64/install/include/vision_msgs/vision_msgs/msg/rosidl_typesupport_introspection_c__visibility_control.h
[16.031s] -- Installing: /home/user/ros2_ws/src/YongJun_ws/matlab/AutoL_LiDAR_ROS/custom/matlab_msg_gen/glnxa64/install/lib/libvision_msgs__rosidl_typesupport_introspection_c.so
[16.031s] -- Installing: /home/user/ros2_ws/src/YongJun_ws/matlab/AutoL_LiDAR_ROS/custom/matlab_msg_gen/glnxa64/install/lib/libvision_msgs__rosidl_typesupport_c.so
[16.031s] -- Up-to-date: /home/user/ros2_ws/src/YongJun_ws/matlab/AutoL_LiDAR_ROS/custom/matlab_msg_gen/glnxa64/install/include/vision_msgs/vision_msgs
[16.031s] -- Up-to-date: /home/user/ros2_ws/src/YongJun_ws/matlab/AutoL_LiDAR_ROS/custom/matlab_msg_gen/glnxa64/install/include/vision_msgs/vision_msgs/msg
[16.031s] -- Installing: /home/user/ros2_ws/src/YongJun_ws/matlab/AutoL_LiDAR_ROS/custom/matlab_msg_gen/glnxa64/install/include/vision_msgs/vision_msgs/msg/object_hypothesis.hpp
[16.031s] -- Installing: /home/user/ros2_ws/src/YongJun_ws/matlab/AutoL_LiDAR_ROS/custom/matlab_msg_gen/glnxa64/install/include/vision_msgs/vision_msgs/msg/detection3_d.hpp
[16.031s] -- Installing: /home/user/ros2_ws/src/YongJun_ws/matlab/AutoL_LiDAR_ROS/custom/matlab_msg_gen/glnxa64/install/include/vision_msgs/vision_msgs/msg/bounding_box3_d_array.hpp
[16.031s] -- Installing: /home/user/ros2_ws/src/YongJun_ws/matlab/AutoL_LiDAR_ROS/custom/matlab_msg_gen/glnxa64/install/include/vision_msgs/vision_msgs/msg/object_hypothesis_with_pose.hpp
[16.031s] -- Installing: /home/user/ros2_ws/src/YongJun_ws/matlab/AutoL_LiDAR_ROS/custom/matlab_msg_gen/glnxa64/install/include/vision_msgs/vision_msgs/msg/detection2_d_array.hpp
[16.031s] -- Installing: /home/user/ros2_ws/src/YongJun_ws/matlab/AutoL_LiDAR_ROS/custom/matlab_msg_gen/glnxa64/install/include/vision_msgs/vision_msgs/msg/bounding_box2_d_array.hpp
[16.031s] -- Installing: /home/user/ros2_ws/src/YongJun_ws/matlab/AutoL_LiDAR_ROS/custom/matlab_msg_gen/glnxa64/install/include/vision_msgs/vision_msgs/msg/bounding_box3_d.hpp
[16.031s] -- Installing: /home/user/ros2_ws/src/YongJun_ws/matlab/AutoL_LiDAR_ROS/custom/matlab_msg_gen/glnxa64/install/include/vision_msgs/vision_msgs/msg/bounding_box2_d.hpp
[16.031s] -- Installing: /home/user/ros2_ws/src/YongJun_ws/matlab/AutoL_LiDAR_ROS/custom/matlab_msg_gen/glnxa64/install/include/vision_msgs/vision_msgs/msg/detection2_d.hpp
[16.031s] -- Installing: /home/user/ros2_ws/src/YongJun_ws/matlab/AutoL_LiDAR_ROS/custom/matlab_msg_gen/glnxa64/install/include/vision_msgs/vision_msgs/msg/vision_class.hpp
[16.031s] -- Installing: /home/user/ros2_ws/src/YongJun_ws/matlab/AutoL_LiDAR_ROS/custom/matlab_msg_gen/glnxa64/install/include/vision_msgs/vision_msgs/msg/vision_info.hpp
[16.031s] -- Installing: /home/user/ros2_ws/src/YongJun_ws/matlab/AutoL_LiDAR_ROS/custom/matlab_msg_gen/glnxa64/install/include/vision_msgs/vision_msgs/msg/detection3_d_array.hpp
[16.031s] -- Installing: /home/user/ros2_ws/src/YongJun_ws/matlab/AutoL_LiDAR_ROS/custom/matlab_msg_gen/glnxa64/install/include/vision_msgs/vision_msgs/msg/classification.hpp
[16.031s] -- Up-to-date: /home/user/ros2_ws/src/YongJun_ws/matlab/AutoL_LiDAR_ROS/custom/matlab_msg_gen/glnxa64/install/include/vision_msgs/vision_msgs/msg/detail
[16.031s] -- Installing: /home/user/ros2_ws/src/YongJun_ws/matlab/AutoL_LiDAR_ROS/custom/matlab_msg_gen/glnxa64/install/include/vision_msgs/vision_msgs/msg/detail/vision_class__builder.hpp
[16.031s] -- Installing: /home/user/ros2_ws/src/YongJun_ws/matlab/AutoL_LiDAR_ROS/custom/matlab_msg_gen/glnxa64/install/include/vision_msgs/vision_msgs/msg/detail/detection3_d__struct.hpp
[16.031s] -- Installing: /home/user/ros2_ws/src/YongJun_ws/matlab/AutoL_LiDAR_ROS/custom/matlab_msg_gen/glnxa64/install/include/vision_msgs/vision_msgs/msg/detail/bounding_box3_d_array__traits.hpp
[16.031s] -- Installing: /home/user/ros2_ws/src/YongJun_ws/matlab/AutoL_LiDAR_ROS/custom/matlab_msg_gen/glnxa64/install/include/vision_msgs/vision_msgs/msg/detail/point2_d__traits.hpp
[16.031s] -- Installing: /home/user/ros2_ws/src/YongJun_ws/matlab/AutoL_LiDAR_ROS/custom/matlab_msg_gen/glnxa64/install/include/vision_msgs/vision_msgs/msg/detail/detection2_d_array__traits.hpp
[16.031s] -- Installing: /home/user/ros2_ws/src/YongJun_ws/matlab/AutoL_LiDAR_ROS/custom/matlab_msg_gen/glnxa64/install/include/vision_msgs/vision_msgs/msg/detail/point2_d__builder.hpp
[16.031s] -- Installing: /home/user/ros2_ws/src/YongJun_ws/matlab/AutoL_LiDAR_ROS/custom/matlab_msg_gen/glnxa64/install/include/vision_msgs/vision_msgs/msg/detail/object_hypothesis_with_pose__traits.hpp
[16.032s] -- Installing: /home/user/ros2_ws/src/YongJun_ws/matlab/AutoL_LiDAR_ROS/custom/matlab_msg_gen/glnxa64/install/include/vision_msgs/vision_msgs/msg/detail/detection3_d_array__struct.hpp
[16.032s] -- Installing: /home/user/ros2_ws/src/YongJun_ws/matlab/AutoL_LiDAR_ROS/custom/matlab_msg_gen/glnxa64/install/include/vision_msgs/vision_msgs/msg/detail/detection2_d__struct.hpp
[16.032s] -- Installing: /home/user/ros2_ws/src/YongJun_ws/matlab/AutoL_LiDAR_ROS/custom/matlab_msg_gen/glnxa64/install/include/vision_msgs/vision_msgs/msg/detail/bounding_box2_d__traits.hpp
[16.032s] -- Installing: /home/user/ros2_ws/src/YongJun_ws/matlab/AutoL_LiDAR_ROS/custom/matlab_msg_gen/glnxa64/install/include/vision_msgs/vision_msgs/msg/detail/detection2_d_array__struct.hpp
[16.032s] -- Installing: /home/user/ros2_ws/src/YongJun_ws/matlab/AutoL_LiDAR_ROS/custom/matlab_msg_gen/glnxa64/install/include/vision_msgs/vision_msgs/msg/detail/label_info__builder.hpp
[16.032s] -- Installing: /home/user/ros2_ws/src/YongJun_ws/matlab/AutoL_LiDAR_ROS/custom/matlab_msg_gen/glnxa64/install/include/vision_msgs/vision_msgs/msg/detail/vision_class__struct.hpp
[16.032s] -- Installing: /home/user/ros2_ws/src/YongJun_ws/matlab/AutoL_LiDAR_ROS/custom/matlab_msg_gen/glnxa64/install/include/vision_msgs/vision_msgs/msg/detail/pose2_d__struct.hpp
[16.032s] -- Installing: /home/user/ros2_ws/src/YongJun_ws/matlab/AutoL_LiDAR_ROS/custom/matlab_msg_gen/glnxa64/install/include/vision_msgs/vision_msgs/msg/detail/detection3_d__traits.hpp
[16.032s] -- Installing: /home/user/ros2_ws/src/YongJun_ws/matlab/AutoL_LiDAR_ROS/custom/matlab_msg_gen/glnxa64/install/include/vision_msgs/vision_msgs/msg/detail/detection2_d_array__builder.hpp
[16.032s] -- Installing: /home/user/ros2_ws/src/YongJun_ws/matlab/AutoL_LiDAR_ROS/custom/matlab_msg_gen/glnxa64/install/include/vision_msgs/vision_msgs/msg/detail/bounding_box3_d__traits.hpp
[16.032s] -- Installing: /home/user/ros2_ws/src/YongJun_ws/matlab/AutoL_LiDAR_ROS/custom/matlab_msg_gen/glnxa64/install/include/vision_msgs/vision_msgs/msg/detail/bounding_box3_d__struct.hpp
[16.032s] -- Installing: /home/user/ros2_ws/src/YongJun_ws/matlab/AutoL_LiDAR_ROS/custom/matlab_msg_gen/glnxa64/install/include/vision_msgs/vision_msgs/msg/detail/bounding_box2_d_array__builder.hpp
[16.032s] -- Installing: /home/user/ros2_ws/src/YongJun_ws/matlab/AutoL_LiDAR_ROS/custom/matlab_msg_gen/glnxa64/install/include/vision_msgs/vision_msgs/msg/detail/bounding_box2_d__builder.hpp
[16.032s] -- Installing: /home/user/ros2_ws/src/YongJun_ws/matlab/AutoL_LiDAR_ROS/custom/matlab_msg_gen/glnxa64/install/include/vision_msgs/vision_msgs/msg/detail/object_hypothesis_with_pose__struct.hpp
[16.032s] -- Installing: /home/user/ros2_ws/src/YongJun_ws/matlab/AutoL_LiDAR_ROS/custom/matlab_msg_gen/glnxa64/install/include/vision_msgs/vision_msgs/msg/detail/object_hypothesis__builder.hpp
[16.032s] -- Installing: /home/user/ros2_ws/src/YongJun_ws/matlab/AutoL_LiDAR_ROS/custom/matlab_msg_gen/glnxa64/install/include/vision_msgs/vision_msgs/msg/detail/point2_d__struct.hpp
[16.032s] -- Installing: /home/user/ros2_ws/src/YongJun_ws/matlab/AutoL_LiDAR_ROS/custom/matlab_msg_gen/glnxa64/install/include/vision_msgs/vision_msgs/msg/detail/detection2_d__builder.hpp
[16.032s] -- Installing: /home/user/ros2_ws/src/YongJun_ws/matlab/AutoL_LiDAR_ROS/custom/matlab_msg_gen/glnxa64/install/include/vision_msgs/vision_msgs/msg/detail/object_hypothesis__struct.hpp
[16.032s] -- Installing: /home/user/ros2_ws/src/YongJun_ws/matlab/AutoL_LiDAR_ROS/custom/matlab_msg_gen/glnxa64/install/include/vision_msgs/vision_msgs/msg/detail/vision_class__traits.hpp
[16.032s] -- Installing: /home/user/ros2_ws/src/YongJun_ws/matlab/AutoL_LiDAR_ROS/custom/matlab_msg_gen/glnxa64/install/include/vision_msgs/vision_msgs/msg/detail/bounding_box3_d__builder.hpp
[16.032s] -- Installing: /home/user/ros2_ws/src/YongJun_ws/matlab/AutoL_LiDAR_ROS/custom/matlab_msg_gen/glnxa64/install/include/vision_msgs/vision_msgs/msg/detail/label_info__traits.hpp
[16.032s] -- Installing: /home/user/ros2_ws/src/YongJun_ws/matlab/AutoL_LiDAR_ROS/custom/matlab_msg_gen/glnxa64/install/include/vision_msgs/vision_msgs/msg/detail/bounding_box3_d_array__struct.hpp
[16.032s] -- Installing: /home/user/ros2_ws/src/YongJun_ws/matlab/AutoL_LiDAR_ROS/custom/matlab_msg_gen/glnxa64/install/include/vision_msgs/vision_msgs/msg/detail/classification__builder.hpp
[16.032s] -- Installing: /home/user/ros2_ws/src/YongJun_ws/matlab/AutoL_LiDAR_ROS/custom/matlab_msg_gen/glnxa64/install/include/vision_msgs/vision_msgs/msg/detail/pose2_d__builder.hpp
[16.032s] -- Installing: /home/user/ros2_ws/src/YongJun_ws/matlab/AutoL_LiDAR_ROS/custom/matlab_msg_gen/glnxa64/install/include/vision_msgs/vision_msgs/msg/detail/detection2_d__traits.hpp
[16.032s] -- Installing: /home/user/ros2_ws/src/YongJun_ws/matlab/AutoL_LiDAR_ROS/custom/matlab_msg_gen/glnxa64/install/include/vision_msgs/vision_msgs/msg/detail/bounding_box3_d_array__builder.hpp
[16.032s] -- Installing: /home/user/ros2_ws/src/YongJun_ws/matlab/AutoL_LiDAR_ROS/custom/matlab_msg_gen/glnxa64/install/include/vision_msgs/vision_msgs/msg/detail/bounding_box2_d_array__struct.hpp
[16.032s] -- Installing: /home/user/ros2_ws/src/YongJun_ws/matlab/AutoL_LiDAR_ROS/custom/matlab_msg_gen/glnxa64/install/include/vision_msgs/vision_msgs/msg/detail/classification__traits.hpp
[16.032s] -- Installing: /home/user/ros2_ws/src/YongJun_ws/matlab/AutoL_LiDAR_ROS/custom/matlab_msg_gen/glnxa64/install/include/vision_msgs/vision_msgs/msg/detail/label_info__struct.hpp
[16.032s] -- Installing: /home/user/ros2_ws/src/YongJun_ws/matlab/AutoL_LiDAR_ROS/custom/matlab_msg_gen/glnxa64/install/include/vision_msgs/vision_msgs/msg/detail/bounding_box2_d_array__traits.hpp
[16.032s] -- Installing: /home/user/ros2_ws/src/YongJun_ws/matlab/AutoL_LiDAR_ROS/custom/matlab_msg_gen/glnxa64/install/include/vision_msgs/vision_msgs/msg/detail/detection3_d_array__traits.hpp
[16.032s] -- Installing: /home/user/ros2_ws/src/YongJun_ws/matlab/AutoL_LiDAR_ROS/custom/matlab_msg_gen/glnxa64/install/include/vision_msgs/vision_msgs/msg/detail/object_hypothesis_with_pose__builder.hpp
[16.033s] -- Installing: /home/user/ros2_ws/src/YongJun_ws/matlab/AutoL_LiDAR_ROS/custom/matlab_msg_gen/glnxa64/install/include/vision_msgs/vision_msgs/msg/detail/vision_info__traits.hpp
[16.033s] -- Installing: /home/user/ros2_ws/src/YongJun_ws/matlab/AutoL_LiDAR_ROS/custom/matlab_msg_gen/glnxa64/install/include/vision_msgs/vision_msgs/msg/detail/object_hypothesis__traits.hpp
[16.033s] -- Installing: /home/user/ros2_ws/src/YongJun_ws/matlab/AutoL_LiDAR_ROS/custom/matlab_msg_gen/glnxa64/install/include/vision_msgs/vision_msgs/msg/detail/detection3_d__builder.hpp
[16.033s] -- Installing: /home/user/ros2_ws/src/YongJun_ws/matlab/AutoL_LiDAR_ROS/custom/matlab_msg_gen/glnxa64/install/include/vision_msgs/vision_msgs/msg/detail/classification__struct.hpp
[16.033s] -- Installing: /home/user/ros2_ws/src/YongJun_ws/matlab/AutoL_LiDAR_ROS/custom/matlab_msg_gen/glnxa64/install/include/vision_msgs/vision_msgs/msg/detail/detection3_d_array__builder.hpp
[16.033s] -- Installing: /home/user/ros2_ws/src/YongJun_ws/matlab/AutoL_LiDAR_ROS/custom/matlab_msg_gen/glnxa64/install/include/vision_msgs/vision_msgs/msg/detail/vision_info__builder.hpp
[16.033s] -- Installing: /home/user/ros2_ws/src/YongJun_ws/matlab/AutoL_LiDAR_ROS/custom/matlab_msg_gen/glnxa64/install/include/vision_msgs/vision_msgs/msg/detail/vision_info__struct.hpp
[16.033s] -- Installing: /home/user/ros2_ws/src/YongJun_ws/matlab/AutoL_LiDAR_ROS/custom/matlab_msg_gen/glnxa64/install/include/vision_msgs/vision_msgs/msg/detail/pose2_d__traits.hpp
[16.033s] -- Installing: /home/user/ros2_ws/src/YongJun_ws/matlab/AutoL_LiDAR_ROS/custom/matlab_msg_gen/glnxa64/install/include/vision_msgs/vision_msgs/msg/detail/bounding_box2_d__struct.hpp
[16.033s] -- Installing: /home/user/ros2_ws/src/YongJun_ws/matlab/AutoL_LiDAR_ROS/custom/matlab_msg_gen/glnxa64/install/include/vision_msgs/vision_msgs/msg/pose2_d.hpp
[16.033s] -- Installing: /home/user/ros2_ws/src/YongJun_ws/matlab/AutoL_LiDAR_ROS/custom/matlab_msg_gen/glnxa64/install/include/vision_msgs/vision_msgs/msg/label_info.hpp
[16.033s] -- Installing: /home/user/ros2_ws/src/YongJun_ws/matlab/AutoL_LiDAR_ROS/custom/matlab_msg_gen/glnxa64/install/include/vision_msgs/vision_msgs/msg/point2_d.hpp
[16.033s] -- Up-to-date: /home/user/ros2_ws/src/YongJun_ws/matlab/AutoL_LiDAR_ROS/custom/matlab_msg_gen/glnxa64/install/include/vision_msgs/vision_msgs
[16.033s] -- Up-to-date: /home/user/ros2_ws/src/YongJun_ws/matlab/AutoL_LiDAR_ROS/custom/matlab_msg_gen/glnxa64/install/include/vision_msgs/vision_msgs/msg
[16.033s] -- Installing: /home/user/ros2_ws/src/YongJun_ws/matlab/AutoL_LiDAR_ROS/custom/matlab_msg_gen/glnxa64/install/include/vision_msgs/vision_msgs/msg/rosidl_typesupport_fastrtps_cpp__visibility_control.h
[16.033s] -- Up-to-date: /home/user/ros2_ws/src/YongJun_ws/matlab/AutoL_LiDAR_ROS/custom/matlab_msg_gen/glnxa64/install/include/vision_msgs/vision_msgs/msg/detail
[16.033s] -- Installing: /home/user/ros2_ws/src/YongJun_ws/matlab/AutoL_LiDAR_ROS/custom/matlab_msg_gen/glnxa64/install/include/vision_msgs/vision_msgs/msg/detail/vision_info__rosidl_typesupport_fastrtps_cpp.hpp
[16.033s] -- Installing: /home/user/ros2_ws/src/YongJun_ws/matlab/AutoL_LiDAR_ROS/custom/matlab_msg_gen/glnxa64/install/include/vision_msgs/vision_msgs/msg/detail/bounding_box3_d_array__rosidl_typesupport_fastrtps_cpp.hpp
[16.033s] -- Installing: /home/user/ros2_ws/src/YongJun_ws/matlab/AutoL_LiDAR_ROS/custom/matlab_msg_gen/glnxa64/install/include/vision_msgs/vision_msgs/msg/detail/dds_fastrtps
[16.033s] -- Installing: /home/user/ros2_ws/src/YongJun_ws/matlab/AutoL_LiDAR_ROS/custom/matlab_msg_gen/glnxa64/install/include/vision_msgs/vision_msgs/msg/detail/detection2_d_array__rosidl_typesupport_fastrtps_cpp.hpp
[16.033s] -- Installing: /home/user/ros2_ws/src/YongJun_ws/matlab/AutoL_LiDAR_ROS/custom/matlab_msg_gen/glnxa64/install/include/vision_msgs/vision_msgs/msg/detail/label_info__rosidl_typesupport_fastrtps_cpp.hpp
[16.033s] -- Installing: /home/user/ros2_ws/src/YongJun_ws/matlab/AutoL_LiDAR_ROS/custom/matlab_msg_gen/glnxa64/install/include/vision_msgs/vision_msgs/msg/detail/object_hypothesis_with_pose__rosidl_typesupport_fastrtps_cpp.hpp
[16.033s] -- Installing: /home/user/ros2_ws/src/YongJun_ws/matlab/AutoL_LiDAR_ROS/custom/matlab_msg_gen/glnxa64/install/include/vision_msgs/vision_msgs/msg/detail/pose2_d__rosidl_typesupport_fastrtps_cpp.hpp
[16.033s] -- Installing: /home/user/ros2_ws/src/YongJun_ws/matlab/AutoL_LiDAR_ROS/custom/matlab_msg_gen/glnxa64/install/include/vision_msgs/vision_msgs/msg/detail/bounding_box3_d__rosidl_typesupport_fastrtps_cpp.hpp
[16.033s] -- Installing: /home/user/ros2_ws/src/YongJun_ws/matlab/AutoL_LiDAR_ROS/custom/matlab_msg_gen/glnxa64/install/include/vision_msgs/vision_msgs/msg/detail/detection2_d__rosidl_typesupport_fastrtps_cpp.hpp
[16.033s] -- Installing: /home/user/ros2_ws/src/YongJun_ws/matlab/AutoL_LiDAR_ROS/custom/matlab_msg_gen/glnxa64/install/include/vision_msgs/vision_msgs/msg/detail/bounding_box2_d__rosidl_typesupport_fastrtps_cpp.hpp
[16.033s] -- Installing: /home/user/ros2_ws/src/YongJun_ws/matlab/AutoL_LiDAR_ROS/custom/matlab_msg_gen/glnxa64/install/include/vision_msgs/vision_msgs/msg/detail/detection3_d__rosidl_typesupport_fastrtps_cpp.hpp
[16.033s] -- Installing: /home/user/ros2_ws/src/YongJun_ws/matlab/AutoL_LiDAR_ROS/custom/matlab_msg_gen/glnxa64/install/include/vision_msgs/vision_msgs/msg/detail/vision_class__rosidl_typesupport_fastrtps_cpp.hpp
[16.033s] -- Installing: /home/user/ros2_ws/src/YongJun_ws/matlab/AutoL_LiDAR_ROS/custom/matlab_msg_gen/glnxa64/install/include/vision_msgs/vision_msgs/msg/detail/bounding_box2_d_array__rosidl_typesupport_fastrtps_cpp.hpp
[16.033s] -- Installing: /home/user/ros2_ws/src/YongJun_ws/matlab/AutoL_LiDAR_ROS/custom/matlab_msg_gen/glnxa64/install/include/vision_msgs/vision_msgs/msg/detail/detection3_d_array__rosidl_typesupport_fastrtps_cpp.hpp
[16.034s] -- Installing: /home/user/ros2_ws/src/YongJun_ws/matlab/AutoL_LiDAR_ROS/custom/matlab_msg_gen/glnxa64/install/include/vision_msgs/vision_msgs/msg/detail/point2_d__rosidl_typesupport_fastrtps_cpp.hpp
[16.034s] -- Installing: /home/user/ros2_ws/src/YongJun_ws/matlab/AutoL_LiDAR_ROS/custom/matlab_msg_gen/glnxa64/install/include/vision_msgs/vision_msgs/msg/detail/object_hypothesis__rosidl_typesupport_fastrtps_cpp.hpp
[16.034s] -- Installing: /home/user/ros2_ws/src/YongJun_ws/matlab/AutoL_LiDAR_ROS/custom/matlab_msg_gen/glnxa64/install/include/vision_msgs/vision_msgs/msg/detail/classification__rosidl_typesupport_fastrtps_cpp.hpp
[16.034s] -- Installing: /home/user/ros2_ws/src/YongJun_ws/matlab/AutoL_LiDAR_ROS/custom/matlab_msg_gen/glnxa64/install/lib/libvision_msgs__rosidl_typesupport_fastrtps_cpp.so
[16.034s] -- Up-to-date: /home/user/ros2_ws/src/YongJun_ws/matlab/AutoL_LiDAR_ROS/custom/matlab_msg_gen/glnxa64/install/include/vision_msgs/vision_msgs
[16.034s] -- Up-to-date: /home/user/ros2_ws/src/YongJun_ws/matlab/AutoL_LiDAR_ROS/custom/matlab_msg_gen/glnxa64/install/include/vision_msgs/vision_msgs/msg
[16.034s] -- Up-to-date: /home/user/ros2_ws/src/YongJun_ws/matlab/AutoL_LiDAR_ROS/custom/matlab_msg_gen/glnxa64/install/include/vision_msgs/vision_msgs/msg/detail
[16.034s] -- Installing: /home/user/ros2_ws/src/YongJun_ws/matlab/AutoL_LiDAR_ROS/custom/matlab_msg_gen/glnxa64/install/include/vision_msgs/vision_msgs/msg/detail/vision_class__rosidl_typesupport_introspection_cpp.hpp
[16.034s] -- Installing: /home/user/ros2_ws/src/YongJun_ws/matlab/AutoL_LiDAR_ROS/custom/matlab_msg_gen/glnxa64/install/include/vision_msgs/vision_msgs/msg/detail/bounding_box3_d__rosidl_typesupport_introspection_cpp.hpp
[16.034s] -- Installing: /home/user/ros2_ws/src/YongJun_ws/matlab/AutoL_LiDAR_ROS/custom/matlab_msg_gen/glnxa64/install/include/vision_msgs/vision_msgs/msg/detail/classification__type_support.cpp
[16.034s] -- Installing: /home/user/ros2_ws/src/YongJun_ws/matlab/AutoL_LiDAR_ROS/custom/matlab_msg_gen/glnxa64/install/include/vision_msgs/vision_msgs/msg/detail/vision_info__type_support.cpp
[16.034s] -- Installing: /home/user/ros2_ws/src/YongJun_ws/matlab/AutoL_LiDAR_ROS/custom/matlab_msg_gen/glnxa64/install/include/vision_msgs/vision_msgs/msg/detail/bounding_box2_d__rosidl_typesupport_introspection_cpp.hpp
[16.034s] -- Installing: /home/user/ros2_ws/src/YongJun_ws/matlab/AutoL_LiDAR_ROS/custom/matlab_msg_gen/glnxa64/install/include/vision_msgs/vision_msgs/msg/detail/detection2_d_array__type_support.cpp
[16.034s] -- Installing: /home/user/ros2_ws/src/YongJun_ws/matlab/AutoL_LiDAR_ROS/custom/matlab_msg_gen/glnxa64/install/include/vision_msgs/vision_msgs/msg/detail/object_hypothesis_with_pose__type_support.cpp
[16.034s] -- Installing: /home/user/ros2_ws/src/YongJun_ws/matlab/AutoL_LiDAR_ROS/custom/matlab_msg_gen/glnxa64/install/include/vision_msgs/vision_msgs/msg/detail/point2_d__rosidl_typesupport_introspection_cpp.hpp
[16.034s] -- Installing: /home/user/ros2_ws/src/YongJun_ws/matlab/AutoL_LiDAR_ROS/custom/matlab_msg_gen/glnxa64/install/include/vision_msgs/vision_msgs/msg/detail/object_hypothesis_with_pose__rosidl_typesupport_introspection_cpp.hpp
[16.034s] -- Installing: /home/user/ros2_ws/src/YongJun_ws/matlab/AutoL_LiDAR_ROS/custom/matlab_msg_gen/glnxa64/install/include/vision_msgs/vision_msgs/msg/detail/pose2_d__rosidl_typesupport_introspection_cpp.hpp
[16.034s] -- Installing: /home/user/ros2_ws/src/YongJun_ws/matlab/AutoL_LiDAR_ROS/custom/matlab_msg_gen/glnxa64/install/include/vision_msgs/vision_msgs/msg/detail/label_info__rosidl_typesupport_introspection_cpp.hpp
[16.034s] -- Installing: /home/user/ros2_ws/src/YongJun_ws/matlab/AutoL_LiDAR_ROS/custom/matlab_msg_gen/glnxa64/install/include/vision_msgs/vision_msgs/msg/detail/bounding_box2_d_array__rosidl_typesupport_introspection_cpp.hpp
[16.034s] -- Installing: /home/user/ros2_ws/src/YongJun_ws/matlab/AutoL_LiDAR_ROS/custom/matlab_msg_gen/glnxa64/install/include/vision_msgs/vision_msgs/msg/detail/detection3_d__type_support.cpp
[16.034s] -- Installing: /home/user/ros2_ws/src/YongJun_ws/matlab/AutoL_LiDAR_ROS/custom/matlab_msg_gen/glnxa64/install/include/vision_msgs/vision_msgs/msg/detail/bounding_box3_d_array__rosidl_typesupport_introspection_cpp.hpp
[16.034s] -- Installing: /home/user/ros2_ws/src/YongJun_ws/matlab/AutoL_LiDAR_ROS/custom/matlab_msg_gen/glnxa64/install/include/vision_msgs/vision_msgs/msg/detail/object_hypothesis__type_support.cpp
[16.034s] -- Installing: /home/user/ros2_ws/src/YongJun_ws/matlab/AutoL_LiDAR_ROS/custom/matlab_msg_gen/glnxa64/install/include/vision_msgs/vision_msgs/msg/detail/bounding_box3_d__type_support.cpp
[16.034s] -- Installing: /home/user/ros2_ws/src/YongJun_ws/matlab/AutoL_LiDAR_ROS/custom/matlab_msg_gen/glnxa64/install/include/vision_msgs/vision_msgs/msg/detail/point2_d__type_support.cpp
[16.034s] -- Installing: /home/user/ros2_ws/src/YongJun_ws/matlab/AutoL_LiDAR_ROS/custom/matlab_msg_gen/glnxa64/install/include/vision_msgs/vision_msgs/msg/detail/detection2_d__rosidl_typesupport_introspection_cpp.hpp
[16.034s] -- Installing: /home/user/ros2_ws/src/YongJun_ws/matlab/AutoL_LiDAR_ROS/custom/matlab_msg_gen/glnxa64/install/include/vision_msgs/vision_msgs/msg/detail/detection3_d_array__rosidl_typesupport_introspection_cpp.hpp
[16.034s] -- Installing: /home/user/ros2_ws/src/YongJun_ws/matlab/AutoL_LiDAR_ROS/custom/matlab_msg_gen/glnxa64/install/include/vision_msgs/vision_msgs/msg/detail/bounding_box2_d__type_support.cpp
[16.034s] -- Installing: /home/user/ros2_ws/src/YongJun_ws/matlab/AutoL_LiDAR_ROS/custom/matlab_msg_gen/glnxa64/install/include/vision_msgs/vision_msgs/msg/detail/object_hypothesis__rosidl_typesupport_introspection_cpp.hpp
[16.034s] -- Installing: /home/user/ros2_ws/src/YongJun_ws/matlab/AutoL_LiDAR_ROS/custom/matlab_msg_gen/glnxa64/install/include/vision_msgs/vision_msgs/msg/detail/bounding_box3_d_array__type_support.cpp
[16.035s] -- Installing: /home/user/ros2_ws/src/YongJun_ws/matlab/AutoL_LiDAR_ROS/custom/matlab_msg_gen/glnxa64/install/include/vision_msgs/vision_msgs/msg/detail/bounding_box2_d_array__type_support.cpp
[16.035s] -- Installing: /home/user/ros2_ws/src/YongJun_ws/matlab/AutoL_LiDAR_ROS/custom/matlab_msg_gen/glnxa64/install/include/vision_msgs/vision_msgs/msg/detail/pose2_d__type_support.cpp
[16.035s] -- Installing: /home/user/ros2_ws/src/YongJun_ws/matlab/AutoL_LiDAR_ROS/custom/matlab_msg_gen/glnxa64/install/include/vision_msgs/vision_msgs/msg/detail/vision_class__type_support.cpp
[16.035s] -- Installing: /home/user/ros2_ws/src/YongJun_ws/matlab/AutoL_LiDAR_ROS/custom/matlab_msg_gen/glnxa64/install/include/vision_msgs/vision_msgs/msg/detail/vision_info__rosidl_typesupport_introspection_cpp.hpp
[16.035s] -- Installing: /home/user/ros2_ws/src/YongJun_ws/matlab/AutoL_LiDAR_ROS/custom/matlab_msg_gen/glnxa64/install/include/vision_msgs/vision_msgs/msg/detail/classification__rosidl_typesupport_introspection_cpp.hpp
[16.035s] -- Installing: /home/user/ros2_ws/src/YongJun_ws/matlab/AutoL_LiDAR_ROS/custom/matlab_msg_gen/glnxa64/install/include/vision_msgs/vision_msgs/msg/detail/label_info__type_support.cpp
[16.035s] -- Installing: /home/user/ros2_ws/src/YongJun_ws/matlab/AutoL_LiDAR_ROS/custom/matlab_msg_gen/glnxa64/install/include/vision_msgs/vision_msgs/msg/detail/detection3_d_array__type_support.cpp
[16.035s] -- Installing: /home/user/ros2_ws/src/YongJun_ws/matlab/AutoL_LiDAR_ROS/custom/matlab_msg_gen/glnxa64/install/include/vision_msgs/vision_msgs/msg/detail/detection2_d_array__rosidl_typesupport_introspection_cpp.hpp
[16.035s] -- Installing: /home/user/ros2_ws/src/YongJun_ws/matlab/AutoL_LiDAR_ROS/custom/matlab_msg_gen/glnxa64/install/include/vision_msgs/vision_msgs/msg/detail/detection2_d__type_support.cpp
[16.035s] -- Installing: /home/user/ros2_ws/src/YongJun_ws/matlab/AutoL_LiDAR_ROS/custom/matlab_msg_gen/glnxa64/install/include/vision_msgs/vision_msgs/msg/detail/detection3_d__rosidl_typesupport_introspection_cpp.hpp
[16.035s] -- Installing: /home/user/ros2_ws/src/YongJun_ws/matlab/AutoL_LiDAR_ROS/custom/matlab_msg_gen/glnxa64/install/lib/libvision_msgs__rosidl_typesupport_introspection_cpp.so
[16.035s] -- Installing: /home/user/ros2_ws/src/YongJun_ws/matlab/AutoL_LiDAR_ROS/custom/matlab_msg_gen/glnxa64/install/lib/libvision_msgs__rosidl_typesupport_cpp.so
[16.035s] -- Installing: /home/user/ros2_ws/src/YongJun_ws/matlab/AutoL_LiDAR_ROS/custom/matlab_msg_gen/glnxa64/install/share/vision_msgs/msg/BoundingBox2D.idl
[16.035s] -- Installing: /home/user/ros2_ws/src/YongJun_ws/matlab/AutoL_LiDAR_ROS/custom/matlab_msg_gen/glnxa64/install/share/vision_msgs/msg/BoundingBox2DArray.idl
[16.035s] -- Installing: /home/user/ros2_ws/src/YongJun_ws/matlab/AutoL_LiDAR_ROS/custom/matlab_msg_gen/glnxa64/install/share/vision_msgs/msg/BoundingBox3D.idl
[16.035s] -- Installing: /home/user/ros2_ws/src/YongJun_ws/matlab/AutoL_LiDAR_ROS/custom/matlab_msg_gen/glnxa64/install/share/vision_msgs/msg/BoundingBox3DArray.idl
[16.035s] -- Installing: /home/user/ros2_ws/src/YongJun_ws/matlab/AutoL_LiDAR_ROS/custom/matlab_msg_gen/glnxa64/install/share/vision_msgs/msg/Classification.idl
[16.035s] -- Installing: /home/user/ros2_ws/src/YongJun_ws/matlab/AutoL_LiDAR_ROS/custom/matlab_msg_gen/glnxa64/install/share/vision_msgs/msg/Detection2D.idl
[16.035s] -- Installing: /home/user/ros2_ws/src/YongJun_ws/matlab/AutoL_LiDAR_ROS/custom/matlab_msg_gen/glnxa64/install/share/vision_msgs/msg/Detection2DArray.idl
[16.035s] -- Installing: /home/user/ros2_ws/src/YongJun_ws/matlab/AutoL_LiDAR_ROS/custom/matlab_msg_gen/glnxa64/install/share/vision_msgs/msg/Detection3D.idl
[16.035s] -- Installing: /home/user/ros2_ws/src/YongJun_ws/matlab/AutoL_LiDAR_ROS/custom/matlab_msg_gen/glnxa64/install/share/vision_msgs/msg/Detection3DArray.idl
[16.035s] -- Installing: /home/user/ros2_ws/src/YongJun_ws/matlab/AutoL_LiDAR_ROS/custom/matlab_msg_gen/glnxa64/install/share/vision_msgs/msg/LabelInfo.idl
[16.035s] -- Installing: /home/user/ros2_ws/src/YongJun_ws/matlab/AutoL_LiDAR_ROS/custom/matlab_msg_gen/glnxa64/install/share/vision_msgs/msg/ObjectHypothesis.idl
[16.035s] -- Installing: /home/user/ros2_ws/src/YongJun_ws/matlab/AutoL_LiDAR_ROS/custom/matlab_msg_gen/glnxa64/install/share/vision_msgs/msg/ObjectHypothesisWithPose.idl
[16.035s] -- Installing: /home/user/ros2_ws/src/YongJun_ws/matlab/AutoL_LiDAR_ROS/custom/matlab_msg_gen/glnxa64/install/share/vision_msgs/msg/Point2D.idl
[16.035s] -- Installing: /home/user/ros2_ws/src/YongJun_ws/matlab/AutoL_LiDAR_ROS/custom/matlab_msg_gen/glnxa64/install/share/vision_msgs/msg/Pose2D.idl
[16.035s] -- Installing: /home/user/ros2_ws/src/YongJun_ws/matlab/AutoL_LiDAR_ROS/custom/matlab_msg_gen/glnxa64/install/share/vision_msgs/msg/VisionClass.idl
[16.035s] -- Installing: /home/user/ros2_ws/src/YongJun_ws/matlab/AutoL_LiDAR_ROS/custom/matlab_msg_gen/glnxa64/install/share/vision_msgs/msg/VisionInfo.idl
[16.035s] -- Installing: /home/user/ros2_ws/src/YongJun_ws/matlab/AutoL_LiDAR_ROS/custom/matlab_msg_gen/glnxa64/install/share/vision_msgs/msg/BoundingBox2D.msg
[16.036s] -- Installing: /home/user/ros2_ws/src/YongJun_ws/matlab/AutoL_LiDAR_ROS/custom/matlab_msg_gen/glnxa64/install/share/vision_msgs/msg/BoundingBox2DArray.msg
[16.036s] -- Installing: /home/user/ros2_ws/src/YongJun_ws/matlab/AutoL_LiDAR_ROS/custom/matlab_msg_gen/glnxa64/install/share/vision_msgs/msg/BoundingBox3D.msg
[16.036s] -- Installing: /home/user/ros2_ws/src/YongJun_ws/matlab/AutoL_LiDAR_ROS/custom/matlab_msg_gen/glnxa64/install/share/vision_msgs/msg/BoundingBox3DArray.msg
[16.036s] -- Installing: /home/user/ros2_ws/src/YongJun_ws/matlab/AutoL_LiDAR_ROS/custom/matlab_msg_gen/glnxa64/install/share/vision_msgs/msg/Classification.msg
[16.036s] -- Installing: /home/user/ros2_ws/src/YongJun_ws/matlab/AutoL_LiDAR_ROS/custom/matlab_msg_gen/glnxa64/install/share/vision_msgs/msg/Detection2D.msg
[16.036s] -- Installing: /home/user/ros2_ws/src/YongJun_ws/matlab/AutoL_LiDAR_ROS/custom/matlab_msg_gen/glnxa64/install/share/vision_msgs/msg/Detection2DArray.msg
[16.036s] -- Installing: /home/user/ros2_ws/src/YongJun_ws/matlab/AutoL_LiDAR_ROS/custom/matlab_msg_gen/glnxa64/install/share/vision_msgs/msg/Detection3D.msg
[16.036s] -- Installing: /home/user/ros2_ws/src/YongJun_ws/matlab/AutoL_LiDAR_ROS/custom/matlab_msg_gen/glnxa64/install/share/vision_msgs/msg/Detection3DArray.msg
[16.036s] -- Installing: /home/user/ros2_ws/src/YongJun_ws/matlab/AutoL_LiDAR_ROS/custom/matlab_msg_gen/glnxa64/install/share/vision_msgs/msg/LabelInfo.msg
[16.036s] -- Installing: /home/user/ros2_ws/src/YongJun_ws/matlab/AutoL_LiDAR_ROS/custom/matlab_msg_gen/glnxa64/install/share/vision_msgs/msg/ObjectHypothesis.msg
[16.036s] -- Installing: /home/user/ros2_ws/src/YongJun_ws/matlab/AutoL_LiDAR_ROS/custom/matlab_msg_gen/glnxa64/install/share/vision_msgs/msg/ObjectHypothesisWithPose.msg
[16.036s] -- Installing: /home/user/ros2_ws/src/YongJun_ws/matlab/AutoL_LiDAR_ROS/custom/matlab_msg_gen/glnxa64/install/share/vision_msgs/msg/Point2D.msg
[16.036s] -- Installing: /home/user/ros2_ws/src/YongJun_ws/matlab/AutoL_LiDAR_ROS/custom/matlab_msg_gen/glnxa64/install/share/vision_msgs/msg/Pose2D.msg
[16.036s] -- Installing: /home/user/ros2_ws/src/YongJun_ws/matlab/AutoL_LiDAR_ROS/custom/matlab_msg_gen/glnxa64/install/share/vision_msgs/msg/VisionClass.msg
[16.036s] -- Installing: /home/user/ros2_ws/src/YongJun_ws/matlab/AutoL_LiDAR_ROS/custom/matlab_msg_gen/glnxa64/install/share/vision_msgs/msg/VisionInfo.msg
[16.036s] -- Up-to-date: /home/user/ros2_ws/src/YongJun_ws/matlab/AutoL_LiDAR_ROS/custom/matlab_msg_gen/glnxa64/install/include
[16.036s] -- Up-to-date: /home/user/ros2_ws/src/YongJun_ws/matlab/AutoL_LiDAR_ROS/custom/matlab_msg_gen/glnxa64/install/include/vision_msgs
[16.036s] -- Installing: /home/user/ros2_ws/src/YongJun_ws/matlab/AutoL_LiDAR_ROS/custom/matlab_msg_gen/glnxa64/install/include/vision_msgs/visibility_control.h
[16.036s] -- Installing: /home/user/ros2_ws/src/YongJun_ws/matlab/AutoL_LiDAR_ROS/custom/matlab_msg_gen/glnxa64/install/lib/libvision_msgs_matlab.so
[16.070s] -- Installing: /home/user/ros2_ws/src/YongJun_ws/matlab/AutoL_LiDAR_ROS/custom/matlab_msg_gen/glnxa64/install/m/
[16.070s] -- Installing: /home/user/ros2_ws/src/YongJun_ws/matlab/AutoL_LiDAR_ROS/custom/matlab_msg_gen/glnxa64/install/m//+ros
[16.070s] -- Installing: /home/user/ros2_ws/src/YongJun_ws/matlab/AutoL_LiDAR_ROS/custom/matlab_msg_gen/glnxa64/install/m//+ros/+internal
[16.070s] -- Installing: /home/user/ros2_ws/src/YongJun_ws/matlab/AutoL_LiDAR_ROS/custom/matlab_msg_gen/glnxa64/install/m//+ros/+internal/+ros2
[16.070s] -- Installing: /home/user/ros2_ws/src/YongJun_ws/matlab/AutoL_LiDAR_ROS/custom/matlab_msg_gen/glnxa64/install/m//+ros/+internal/+ros2/+custommessages
[16.070s] -- Installing: /home/user/ros2_ws/src/YongJun_ws/matlab/AutoL_LiDAR_ROS/custom/matlab_msg_gen/glnxa64/install/m//+ros/+internal/+ros2/+custommessages/+vision_msgs
[16.070s] -- Installing: /home/user/ros2_ws/src/YongJun_ws/matlab/AutoL_LiDAR_ROS/custom/matlab_msg_gen/glnxa64/install/m//+ros/+internal/+ros2/+custommessages/+vision_msgs/detection2D.m
[16.070s] -- Installing: /home/user/ros2_ws/src/YongJun_ws/matlab/AutoL_LiDAR_ROS/custom/matlab_msg_gen/glnxa64/install/m//+ros/+internal/+ros2/+custommessages/+vision_msgs/objectHypothesisWithPose.m
[16.070s] -- Installing: /home/user/ros2_ws/src/YongJun_ws/matlab/AutoL_LiDAR_ROS/custom/matlab_msg_gen/glnxa64/install/m//+ros/+internal/+ros2/+custommessages/+vision_msgs/detection2DArray.m
[16.070s] -- Installing: /home/user/ros2_ws/src/YongJun_ws/matlab/AutoL_LiDAR_ROS/custom/matlab_msg_gen/glnxa64/install/m//+ros/+internal/+ros2/+custommessages/+vision_msgs/objectHypothesis.m
[16.070s] -- Installing: /home/user/ros2_ws/src/YongJun_ws/matlab/AutoL_LiDAR_ROS/custom/matlab_msg_gen/glnxa64/install/m//+ros/+internal/+ros2/+custommessages/+vision_msgs/visionClass.m
[16.071s] -- Installing: /home/user/ros2_ws/src/YongJun_ws/matlab/AutoL_LiDAR_ROS/custom/matlab_msg_gen/glnxa64/install/m//+ros/+internal/+ros2/+custommessages/+vision_msgs/boundingBox2DArray.m
[16.071s] -- Installing: /home/user/ros2_ws/src/YongJun_ws/matlab/AutoL_LiDAR_ROS/custom/matlab_msg_gen/glnxa64/install/m//+ros/+internal/+ros2/+custommessages/+vision_msgs/labelInfo.m
[16.071s] -- Installing: /home/user/ros2_ws/src/YongJun_ws/matlab/AutoL_LiDAR_ROS/custom/matlab_msg_gen/glnxa64/install/m//+ros/+internal/+ros2/+custommessages/+vision_msgs/visionInfo.m
[16.071s] -- Installing: /home/user/ros2_ws/src/YongJun_ws/matlab/AutoL_LiDAR_ROS/custom/matlab_msg_gen/glnxa64/install/m//+ros/+internal/+ros2/+custommessages/+vision_msgs/detection3DArray.m
[16.071s] -- Installing: /home/user/ros2_ws/src/YongJun_ws/matlab/AutoL_LiDAR_ROS/custom/matlab_msg_gen/glnxa64/install/m//+ros/+internal/+ros2/+custommessages/+vision_msgs/boundingBox3D.m
[16.071s] -- Installing: /home/user/ros2_ws/src/YongJun_ws/matlab/AutoL_LiDAR_ROS/custom/matlab_msg_gen/glnxa64/install/m//+ros/+internal/+ros2/+custommessages/+vision_msgs/classification.m
[16.071s] -- Installing: /home/user/ros2_ws/src/YongJun_ws/matlab/AutoL_LiDAR_ROS/custom/matlab_msg_gen/glnxa64/install/m//+ros/+internal/+ros2/+custommessages/+vision_msgs/point2D.m
[16.071s] -- Installing: /home/user/ros2_ws/src/YongJun_ws/matlab/AutoL_LiDAR_ROS/custom/matlab_msg_gen/glnxa64/install/m//+ros/+internal/+ros2/+custommessages/+vision_msgs/boundingBox3DArray.m
[16.071s] -- Installing: /home/user/ros2_ws/src/YongJun_ws/matlab/AutoL_LiDAR_ROS/custom/matlab_msg_gen/glnxa64/install/m//+ros/+internal/+ros2/+custommessages/+vision_msgs/boundingBox2D.m
[16.071s] -- Installing: /home/user/ros2_ws/src/YongJun_ws/matlab/AutoL_LiDAR_ROS/custom/matlab_msg_gen/glnxa64/install/m//+ros/+internal/+ros2/+custommessages/+vision_msgs/pose2D.m
[16.071s] -- Installing: /home/user/ros2_ws/src/YongJun_ws/matlab/AutoL_LiDAR_ROS/custom/matlab_msg_gen/glnxa64/install/m//+ros/+internal/+ros2/+custommessages/+vision_msgs/detection3D.m
[16.071s] -- Installing: /home/user/ros2_ws/src/YongJun_ws/matlab/AutoL_LiDAR_ROS/custom/matlab_msg_gen/glnxa64/install/share/ament_index/resource_index/package_run_dependencies/vision_msgs
[16.071s] -- Installing: /home/user/ros2_ws/src/YongJun_ws/matlab/AutoL_LiDAR_ROS/custom/matlab_msg_gen/glnxa64/install/share/ament_index/resource_index/parent_prefix_path/vision_msgs
[16.071s] -- Installing: /home/user/ros2_ws/src/YongJun_ws/matlab/AutoL_LiDAR_ROS/custom/matlab_msg_gen/glnxa64/install/share/vision_msgs/environment/ament_prefix_path.sh
[16.071s] -- Installing: /home/user/ros2_ws/src/YongJun_ws/matlab/AutoL_LiDAR_ROS/custom/matlab_msg_gen/glnxa64/install/share/vision_msgs/environment/ament_prefix_path.dsv
[16.071s] -- Installing: /home/user/ros2_ws/src/YongJun_ws/matlab/AutoL_LiDAR_ROS/custom/matlab_msg_gen/glnxa64/install/share/vision_msgs/environment/path.sh
[16.071s] -- Installing: /home/user/ros2_ws/src/YongJun_ws/matlab/AutoL_LiDAR_ROS/custom/matlab_msg_gen/glnxa64/install/share/vision_msgs/environment/path.dsv
[16.071s] -- Installing: /home/user/ros2_ws/src/YongJun_ws/matlab/AutoL_LiDAR_ROS/custom/matlab_msg_gen/glnxa64/install/share/vision_msgs/local_setup.bash
[16.071s] -- Installing: /home/user/ros2_ws/src/YongJun_ws/matlab/AutoL_LiDAR_ROS/custom/matlab_msg_gen/glnxa64/install/share/vision_msgs/local_setup.sh
[16.071s] -- Installing: /home/user/ros2_ws/src/YongJun_ws/matlab/AutoL_LiDAR_ROS/custom/matlab_msg_gen/glnxa64/install/share/vision_msgs/local_setup.zsh
[16.071s] -- Installing: /home/user/ros2_ws/src/YongJun_ws/matlab/AutoL_LiDAR_ROS/custom/matlab_msg_gen/glnxa64/install/share/vision_msgs/local_setup.dsv
[16.071s] -- Installing: /home/user/ros2_ws/src/YongJun_ws/matlab/AutoL_LiDAR_ROS/custom/matlab_msg_gen/glnxa64/install/share/vision_msgs/package.dsv
[16.071s] -- Installing: /home/user/ros2_ws/src/YongJun_ws/matlab/AutoL_LiDAR_ROS/custom/matlab_msg_gen/glnxa64/install/share/ament_index/resource_index/packages/vision_msgs
[16.071s] -- Installing: /home/user/ros2_ws/src/YongJun_ws/matlab/AutoL_LiDAR_ROS/custom/matlab_msg_gen/glnxa64/install/share/vision_msgs/cmake/export_vision_msgs__rosidl_generator_cExport.cmake
[16.071s] -- Installing: /home/user/ros2_ws/src/YongJun_ws/matlab/AutoL_LiDAR_ROS/custom/matlab_msg_gen/glnxa64/install/share/vision_msgs/cmake/export_vision_msgs__rosidl_generator_cExport-release.cmake
[16.071s] -- Installing: /home/user/ros2_ws/src/YongJun_ws/matlab/AutoL_LiDAR_ROS/custom/matlab_msg_gen/glnxa64/install/share/vision_msgs/cmake/export_vision_msgs__rosidl_typesupport_fastrtps_cExport.cmake
[16.071s] -- Installing: /home/user/ros2_ws/src/YongJun_ws/matlab/AutoL_LiDAR_ROS/custom/matlab_msg_gen/glnxa64/install/share/vision_msgs/cmake/export_vision_msgs__rosidl_typesupport_fastrtps_cExport-release.cmake
[16.072s] -- Installing: /home/user/ros2_ws/src/YongJun_ws/matlab/AutoL_LiDAR_ROS/custom/matlab_msg_gen/glnxa64/install/share/vision_msgs/cmake/vision_msgs__rosidl_typesupport_introspection_cExport.cmake
[16.072s] -- Installing: /home/user/ros2_ws/src/YongJun_ws/matlab/AutoL_LiDAR_ROS/custom/matlab_msg_gen/glnxa64/install/share/vision_msgs/cmake/vision_msgs__rosidl_typesupport_introspection_cExport-release.cmake
[16.072s] -- Installing: /home/user/ros2_ws/src/YongJun_ws/matlab/AutoL_LiDAR_ROS/custom/matlab_msg_gen/glnxa64/install/share/vision_msgs/cmake/vision_msgs__rosidl_typesupport_cExport.cmake
[16.072s] -- Installing: /home/user/ros2_ws/src/YongJun_ws/matlab/AutoL_LiDAR_ROS/custom/matlab_msg_gen/glnxa64/install/share/vision_msgs/cmake/vision_msgs__rosidl_typesupport_cExport-release.cmake
[16.072s] -- Installing: /home/user/ros2_ws/src/YongJun_ws/matlab/AutoL_LiDAR_ROS/custom/matlab_msg_gen/glnxa64/install/share/vision_msgs/cmake/export_vision_msgs__rosidl_generator_cppExport.cmake
[16.072s] -- Installing: /home/user/ros2_ws/src/YongJun_ws/matlab/AutoL_LiDAR_ROS/custom/matlab_msg_gen/glnxa64/install/share/vision_msgs/cmake/export_vision_msgs__rosidl_typesupport_fastrtps_cppExport.cmake
[16.072s] -- Installing: /home/user/ros2_ws/src/YongJun_ws/matlab/AutoL_LiDAR_ROS/custom/matlab_msg_gen/glnxa64/install/share/vision_msgs/cmake/export_vision_msgs__rosidl_typesupport_fastrtps_cppExport-release.cmake
[16.072s] -- Installing: /home/user/ros2_ws/src/YongJun_ws/matlab/AutoL_LiDAR_ROS/custom/matlab_msg_gen/glnxa64/install/share/vision_msgs/cmake/vision_msgs__rosidl_typesupport_introspection_cppExport.cmake
[16.072s] -- Installing: /home/user/ros2_ws/src/YongJun_ws/matlab/AutoL_LiDAR_ROS/custom/matlab_msg_gen/glnxa64/install/share/vision_msgs/cmake/vision_msgs__rosidl_typesupport_introspection_cppExport-release.cmake
[16.072s] -- Installing: /home/user/ros2_ws/src/YongJun_ws/matlab/AutoL_LiDAR_ROS/custom/matlab_msg_gen/glnxa64/install/share/vision_msgs/cmake/vision_msgs__rosidl_typesupport_cppExport.cmake
[16.072s] -- Installing: /home/user/ros2_ws/src/YongJun_ws/matlab/AutoL_LiDAR_ROS/custom/matlab_msg_gen/glnxa64/install/share/vision_msgs/cmake/vision_msgs__rosidl_typesupport_cppExport-release.cmake
[16.072s] -- Installing: /home/user/ros2_ws/src/YongJun_ws/matlab/AutoL_LiDAR_ROS/custom/matlab_msg_gen/glnxa64/install/share/vision_msgs/cmake/rosidl_cmake-extras.cmake
[16.072s] -- Installing: /home/user/ros2_ws/src/YongJun_ws/matlab/AutoL_LiDAR_ROS/custom/matlab_msg_gen/glnxa64/install/share/vision_msgs/cmake/ament_cmake_export_dependencies-extras.cmake
[16.072s] -- Installing: /home/user/ros2_ws/src/YongJun_ws/matlab/AutoL_LiDAR_ROS/custom/matlab_msg_gen/glnxa64/install/share/vision_msgs/cmake/ament_cmake_export_include_directories-extras.cmake
[16.072s] -- Installing: /home/user/ros2_ws/src/YongJun_ws/matlab/AutoL_LiDAR_ROS/custom/matlab_msg_gen/glnxa64/install/share/vision_msgs/cmake/ament_cmake_export_libraries-extras.cmake
[16.072s] -- Installing: /home/user/ros2_ws/src/YongJun_ws/matlab/AutoL_LiDAR_ROS/custom/matlab_msg_gen/glnxa64/install/share/vision_msgs/cmake/ament_cmake_export_targets-extras.cmake
[16.072s] -- Installing: /home/user/ros2_ws/src/YongJun_ws/matlab/AutoL_LiDAR_ROS/custom/matlab_msg_gen/glnxa64/install/share/vision_msgs/cmake/rosidl_cmake_export_typesupport_targets-extras.cmake
[16.072s] -- Installing: /home/user/ros2_ws/src/YongJun_ws/matlab/AutoL_LiDAR_ROS/custom/matlab_msg_gen/glnxa64/install/share/vision_msgs/cmake/rosidl_cmake_export_typesupport_libraries-extras.cmake
[16.072s] -- Installing: /home/user/ros2_ws/src/YongJun_ws/matlab/AutoL_LiDAR_ROS/custom/matlab_msg_gen/glnxa64/install/share/vision_msgs/cmake/vision_msgsConfig.cmake
[16.073s] -- Installing: /home/user/ros2_ws/src/YongJun_ws/matlab/AutoL_LiDAR_ROS/custom/matlab_msg_gen/glnxa64/install/share/vision_msgs/cmake/vision_msgsConfig-version.cmake
[16.073s] -- Installing: /home/user/ros2_ws/src/YongJun_ws/matlab/AutoL_LiDAR_ROS/custom/matlab_msg_gen/glnxa64/install/share/vision_msgs/package.xml
[16.074s] Invoked command in '/home/user/ros2_ws/src/YongJun_ws/matlab/AutoL_LiDAR_ROS/custom/matlab_msg_gen/glnxa64/build/vision_msgs' returned '0': CONDA_PROMPT_MODIFIER=(base) PS1=(venv) /usr/local/MATLAB/R2024a/bin/glnxa64/cmake/bin/cmake --install /home/user/ros2_ws/src/YongJun_ws/matlab/AutoL_LiDAR_ROS/custom/matlab_msg_gen/glnxa64/build/vision_msgs
