[0.028s] Invoking command in '/home/aiv/YongJun_ws/ros2_ws/build/usb_cam': CMAKE_PREFIX_PATH=/opt/ros/foxy /usr/bin/cmake /home/aiv/YongJun_ws/ros2_ws/src/sensor/usb_cam -DCMAKE_INSTALL_PREFIX=/home/aiv/YongJun_ws/ros2_ws/install/usb_cam
[0.067s] -- The C compiler identification is GNU 9.4.0
[0.106s] -- The CXX compiler identification is GNU 9.4.0
[0.109s] -- Check for working C compiler: /usr/bin/cc
[0.157s] -- Check for working C compiler: /usr/bin/cc -- works
[0.158s] -- Detecting C compiler ABI info
[0.209s] -- Detecting C compiler ABI info - done
[0.219s] -- Detecting C compile features
[0.220s] -- Detecting C compile features - done
[0.221s] -- Check for working CXX compiler: /usr/bin/c++
[0.275s] -- Check for working CXX compiler: /usr/bin/c++ -- works
[0.276s] -- Detecting CXX compiler ABI info
[0.333s] -- Detecting CXX compiler ABI info - done
[0.344s] -- Detecting CXX compile features
[0.344s] -- Detecting CXX compile features - done
[0.345s] -- Found ament_cmake_auto: 0.9.12 (/opt/ros/foxy/share/ament_cmake_auto/cmake)
[0.366s] -- Found PythonInterp: /usr/bin/python3 (found suitable version "3.8.10", minimum required is "3") 
[0.366s] -- Using PYTHON_EXECUTABLE: /usr/bin/python3
[0.608s] -- Using all available rosidl_typesupport_c: rosidl_typesupport_fastrtps_c;rosidl_typesupport_introspection_c
[0.613s] -- Found rosidl_adapter: 1.3.1 (/opt/ros/foxy/share/rosidl_adapter/cmake)
[0.670s] -- Found OpenSSL: /usr/lib/x86_64-linux-gnu/libcrypto.so (found version "1.1.1f")  
[0.691s] -- Found FastRTPS: /opt/ros/foxy/include  
[0.745s] -- Using all available rosidl_typesupport_cpp: rosidl_typesupport_fastrtps_cpp;rosidl_typesupport_introspection_cpp
[0.785s] -- Found rmw_implementation_cmake: 1.0.4 (/opt/ros/foxy/share/rmw_implementation_cmake/cmake)
[0.786s] -- Using RMW implementation 'rmw_fastrtps_cpp' as default
[0.786s] -- Looking for pthread.h
[0.837s] -- Looking for pthread.h - found
[0.837s] -- Performing Test CMAKE_HAVE_LIBC_PTHREAD
[0.891s] -- Performing Test CMAKE_HAVE_LIBC_PTHREAD - Failed
[0.892s] -- Looking for pthread_create in pthreads
[0.936s] -- Looking for pthread_create in pthreads - not found
[0.936s] -- Looking for pthread_create in pthread
[0.985s] -- Looking for pthread_create in pthread - found
[0.986s] -- Found Threads: TRUE  
[1.280s] -- Setting yaml-cpp_DIR to: '/opt/ros/foxy/share/yaml_cpp_vendor/cmake/../../../opt/yaml_cpp_vendor/lib/cmake/yaml-cpp'
[1.375s] -- Found OpenCV: /usr (found version "4.2.0") 
[1.377s] -- Found PkgConfig: /usr/bin/pkg-config (found version "0.29.1") 
[1.378s] -- Checking for module 'libavcodec'
[1.390s] --   Found libavcodec, version 58.54.100
[1.421s] -- Checking for module 'libavutil'
[1.434s] --   Found libavutil, version 56.31.100
[1.465s] -- Checking for module 'libswscale'
[1.475s] --   Found libswscale, version 5.5.100
[1.561s] -- Found ament_lint_auto: 0.9.8 (/opt/ros/foxy/share/ament_lint_auto/cmake)
[1.574s] -- Found gtest sources under '/opt/ros/foxy/src/gtest_vendor': C++ tests using 'Google Test' will be built
[1.577s] -- Check if compiler accepts -pthread
[1.631s] -- Check if compiler accepts -pthread - yes
[1.640s] -- Added test 'copyright' to check source files copyright and LICENSE
[1.644s] -- Added test 'cppcheck' to perform static code analysis on C / C++ code
[1.644s] -- Configured cppcheck include dirs: /home/aiv/YongJun_ws/ros2_ws/src/sensor/usb_cam/include
[1.644s] -- Configured cppcheck exclude dirs and/or files: 
[1.647s] -- Added test 'cpplint' to check C / C++ code against the Google style
[1.647s] -- Configured cpplint exclude dirs and/or files: 
[1.647s] -- Added test 'flake8' to check Python code syntax and style conventions
[1.648s] -- Added test 'lint_cmake' to check CMake code style
[1.649s] -- Added test 'pep257' to check Python code against some of the style conventions in PEP 257
[1.651s] -- Added test 'uncrustify' to check C / C++ code style
[1.651s] -- Configured uncrustify additional arguments: 
[1.652s] -- Added test 'xmllint' to check XML markup files
[1.657s] -- Configuring done
[1.710s] -- Generating done
[1.712s] -- Build files have been written to: /home/aiv/YongJun_ws/ros2_ws/build/usb_cam
[1.726s] Invoked command in '/home/aiv/YongJun_ws/ros2_ws/build/usb_cam' returned '0': CMAKE_PREFIX_PATH=/opt/ros/foxy /usr/bin/cmake /home/aiv/YongJun_ws/ros2_ws/src/sensor/usb_cam -DCMAKE_INSTALL_PREFIX=/home/aiv/YongJun_ws/ros2_ws/install/usb_cam
[1.728s] Invoking command in '/home/aiv/YongJun_ws/ros2_ws/build/usb_cam': CMAKE_PREFIX_PATH=/opt/ros/foxy /usr/bin/cmake --build /home/aiv/YongJun_ws/ros2_ws/build/usb_cam -- -j32 -l32
[1.773s] [35m[1mScanning dependencies of target usb_cam_node_exe[0m
[1.773s] [35m[1mScanning dependencies of target usb_cam[0m
[1.773s] [35m[1mScanning dependencies of target gtest_main[0m
[1.774s] [35m[1mScanning dependencies of target gtest[0m
[1.791s] [  7%] [32mBuilding CXX object gtest/CMakeFiles/gtest_main.dir/src/gtest_main.cc.o[0m
[1.795s] [ 14%] [32mBuilding CXX object gtest/CMakeFiles/gtest.dir/src/gtest-all.cc.o[0m
[1.814s] [ 21%] [32mBuilding CXX object CMakeFiles/usb_cam_node_exe.dir/rclcpp_components/node_main_usb_cam_node_exe.cpp.o[0m
[1.822s] [ 28%] [32mBuilding CXX object CMakeFiles/usb_cam.dir/src/usb_cam.cpp.o[0m
[3.232s] [ 35%] [32m[1mLinking CXX static library libgtest_main.a[0m
[3.275s] [ 35%] Built target gtest_main
[4.015s] [ 42%] [32m[1mLinking CXX shared library libusb_cam.so[0m
[4.290s] [ 42%] Built target usb_cam
[4.307s] [35m[1mScanning dependencies of target usb_cam_node[0m
[4.392s] [ 50%] [32mBuilding CXX object CMakeFiles/usb_cam_node.dir/src/ros2/usb_cam_node.cpp.o[0m
[4.959s] [ 57%] [32m[1mLinking CXX executable usb_cam_node_exe[0m
[5.112s] [ 57%] Built target usb_cam_node_exe
[6.163s] [ 64%] [32m[1mLinking CXX static library libgtest.a[0m
[6.230s] [ 64%] Built target gtest
[6.243s] [35m[1mScanning dependencies of target test_usb_cam_utils[0m
[6.243s] [35m[1mScanning dependencies of target test_pixel_formats[0m
[6.264s] [ 71%] [32mBuilding CXX object CMakeFiles/test_usb_cam_utils.dir/test/test_usb_cam_utils.cpp.o[0m
[6.314s] [ 78%] [32mBuilding CXX object CMakeFiles/test_pixel_formats.dir/test/test_pixel_formats.cpp.o[0m
[7.914s] [ 85%] [32m[1mLinking CXX executable test_usb_cam_utils[0m
[8.026s] [ 85%] Built target test_usb_cam_utils
[8.510s] [ 92%] [32m[1mLinking CXX executable test_pixel_formats[0m
[8.605s] [ 92%] Built target test_pixel_formats
[9.884s] [100%] [32m[1mLinking CXX shared library libusb_cam_node.so[0m
[10.116s] [100%] Built target usb_cam_node
[10.129s] Invoked command in '/home/aiv/YongJun_ws/ros2_ws/build/usb_cam' returned '0': CMAKE_PREFIX_PATH=/opt/ros/foxy /usr/bin/cmake --build /home/aiv/YongJun_ws/ros2_ws/build/usb_cam -- -j32 -l32
[10.171s] Invoking command in '/home/aiv/YongJun_ws/ros2_ws/build/usb_cam': CMAKE_PREFIX_PATH=/opt/ros/foxy /usr/bin/cmake --install /home/aiv/YongJun_ws/ros2_ws/build/usb_cam
[10.184s] -- Install configuration: ""
[10.184s] -- Installing: /home/aiv/YongJun_ws/ros2_ws/install/usb_cam/share/usb_cam/environment/library_path.sh
[10.185s] -- Installing: /home/aiv/YongJun_ws/ros2_ws/install/usb_cam/share/usb_cam/environment/library_path.dsv
[10.185s] -- Installing: /home/aiv/YongJun_ws/ros2_ws/install/usb_cam/lib/usb_cam/usb_cam_node_exe
[10.185s] -- Set runtime path of "/home/aiv/YongJun_ws/ros2_ws/install/usb_cam/lib/usb_cam/usb_cam_node_exe" to ""
[10.185s] -- Installing: /home/aiv/YongJun_ws/ros2_ws/install/usb_cam/lib/usb_cam/show_image.py
[10.185s] -- Installing: /home/aiv/YongJun_ws/ros2_ws/install/usb_cam/lib/libusb_cam.so
[10.186s] -- Installing: /home/aiv/YongJun_ws/ros2_ws/install/usb_cam/lib/libusb_cam_node.so
[10.189s] -- Set runtime path of "/home/aiv/YongJun_ws/ros2_ws/install/usb_cam/lib/libusb_cam_node.so" to ""
[10.189s] -- Installing: /home/aiv/YongJun_ws/ros2_ws/install/usb_cam/include
[10.190s] -- Installing: /home/aiv/YongJun_ws/ros2_ws/install/usb_cam/include/usb_cam
[10.190s] -- Installing: /home/aiv/YongJun_ws/ros2_ws/install/usb_cam/include/usb_cam/formats
[10.190s] -- Installing: /home/aiv/YongJun_ws/ros2_ws/install/usb_cam/include/usb_cam/formats/utils.hpp
[10.190s] -- Installing: /home/aiv/YongJun_ws/ros2_ws/install/usb_cam/include/usb_cam/formats/av_pixel_format_helper.hpp
[10.190s] -- Installing: /home/aiv/YongJun_ws/ros2_ws/install/usb_cam/include/usb_cam/formats/yuyv.hpp
[10.190s] -- Installing: /home/aiv/YongJun_ws/ros2_ws/install/usb_cam/include/usb_cam/formats/mono.hpp
[10.191s] -- Installing: /home/aiv/YongJun_ws/ros2_ws/install/usb_cam/include/usb_cam/formats/m420.hpp
[10.191s] -- Installing: /home/aiv/YongJun_ws/ros2_ws/install/usb_cam/include/usb_cam/formats/pixel_format_base.hpp
[10.191s] -- Installing: /home/aiv/YongJun_ws/ros2_ws/install/usb_cam/include/usb_cam/formats/uyvy.hpp
[10.191s] -- Installing: /home/aiv/YongJun_ws/ros2_ws/install/usb_cam/include/usb_cam/formats/rgb.hpp
[10.191s] -- Installing: /home/aiv/YongJun_ws/ros2_ws/install/usb_cam/include/usb_cam/formats/mjpeg.hpp
[10.191s] -- Installing: /home/aiv/YongJun_ws/ros2_ws/install/usb_cam/include/usb_cam/utils.hpp
[10.192s] -- Installing: /home/aiv/YongJun_ws/ros2_ws/install/usb_cam/include/usb_cam/conversions.hpp
[10.192s] -- Installing: /home/aiv/YongJun_ws/ros2_ws/install/usb_cam/include/usb_cam/constants.hpp
[10.192s] -- Installing: /home/aiv/YongJun_ws/ros2_ws/install/usb_cam/include/usb_cam/usb_cam_node.hpp
[10.192s] -- Installing: /home/aiv/YongJun_ws/ros2_ws/install/usb_cam/include/usb_cam/usb_cam.hpp
[10.193s] -- Up-to-date: /home/aiv/YongJun_ws/ros2_ws/install/usb_cam/lib/libusb_cam_node.so
[10.193s] -- Installing: /home/aiv/YongJun_ws/ros2_ws/install/usb_cam/share/usb_cam/launch
[10.193s] -- Installing: /home/aiv/YongJun_ws/ros2_ws/install/usb_cam/share/usb_cam/launch/__pycache__
[10.193s] -- Installing: /home/aiv/YongJun_ws/ros2_ws/install/usb_cam/share/usb_cam/launch/__pycache__/camera_config.cpython-38.pyc
[10.193s] -- Installing: /home/aiv/YongJun_ws/ros2_ws/install/usb_cam/share/usb_cam/launch/camera_config.py
[10.194s] -- Installing: /home/aiv/YongJun_ws/ros2_ws/install/usb_cam/share/usb_cam/launch/__init__.py
[10.194s] -- Installing: /home/aiv/YongJun_ws/ros2_ws/install/usb_cam/share/usb_cam/launch/camera.launch.py
[10.194s] -- Installing: /home/aiv/YongJun_ws/ros2_ws/install/usb_cam/share/usb_cam/config
[10.195s] -- Installing: /home/aiv/YongJun_ws/ros2_ws/install/usb_cam/share/usb_cam/config/params_2.yaml
[10.195s] -- Installing: /home/aiv/YongJun_ws/ros2_ws/install/usb_cam/share/usb_cam/config/params_1.yaml
[10.195s] -- Installing: /home/aiv/YongJun_ws/ros2_ws/install/usb_cam/share/usb_cam/config/camera_info.yaml
[10.196s] -- Installing: /home/aiv/YongJun_ws/ros2_ws/install/usb_cam/share/ament_index/resource_index/package_run_dependencies/usb_cam
[10.196s] -- Installing: /home/aiv/YongJun_ws/ros2_ws/install/usb_cam/share/ament_index/resource_index/parent_prefix_path/usb_cam
[10.196s] -- Installing: /home/aiv/YongJun_ws/ros2_ws/install/usb_cam/share/usb_cam/environment/ament_prefix_path.sh
[10.196s] -- Installing: /home/aiv/YongJun_ws/ros2_ws/install/usb_cam/share/usb_cam/environment/ament_prefix_path.dsv
[10.197s] -- Installing: /home/aiv/YongJun_ws/ros2_ws/install/usb_cam/share/usb_cam/environment/path.sh
[10.197s] -- Installing: /home/aiv/YongJun_ws/ros2_ws/install/usb_cam/share/usb_cam/environment/path.dsv
[10.197s] -- Installing: /home/aiv/YongJun_ws/ros2_ws/install/usb_cam/share/usb_cam/local_setup.bash
[10.197s] -- Installing: /home/aiv/YongJun_ws/ros2_ws/install/usb_cam/share/usb_cam/local_setup.sh
[10.198s] -- Installing: /home/aiv/YongJun_ws/ros2_ws/install/usb_cam/share/usb_cam/local_setup.zsh
[10.198s] -- Installing: /home/aiv/YongJun_ws/ros2_ws/install/usb_cam/share/usb_cam/local_setup.dsv
[10.198s] -- Installing: /home/aiv/YongJun_ws/ros2_ws/install/usb_cam/share/usb_cam/package.dsv
[10.198s] -- Installing: /home/aiv/YongJun_ws/ros2_ws/install/usb_cam/share/ament_index/resource_index/packages/usb_cam
[10.199s] -- Installing: /home/aiv/YongJun_ws/ros2_ws/install/usb_cam/share/ament_index/resource_index/rclcpp_components/usb_cam
[10.199s] -- Installing: /home/aiv/YongJun_ws/ros2_ws/install/usb_cam/share/usb_cam/cmake/ament_cmake_export_libraries-extras.cmake
[10.199s] -- Installing: /home/aiv/YongJun_ws/ros2_ws/install/usb_cam/share/usb_cam/cmake/ament_cmake_export_dependencies-extras.cmake
[10.199s] -- Installing: /home/aiv/YongJun_ws/ros2_ws/install/usb_cam/share/usb_cam/cmake/ament_cmake_export_include_directories-extras.cmake
[10.200s] -- Installing: /home/aiv/YongJun_ws/ros2_ws/install/usb_cam/share/usb_cam/cmake/usb_camConfig.cmake
[10.200s] -- Installing: /home/aiv/YongJun_ws/ros2_ws/install/usb_cam/share/usb_cam/cmake/usb_camConfig-version.cmake
[10.200s] -- Installing: /home/aiv/YongJun_ws/ros2_ws/install/usb_cam/share/usb_cam/package.xml
[10.208s] Invoked command in '/home/aiv/YongJun_ws/ros2_ws/build/usb_cam' returned '0': CMAKE_PREFIX_PATH=/opt/ros/foxy /usr/bin/cmake --install /home/aiv/YongJun_ws/ros2_ws/build/usb_cam
