[0.031s] Invoking command in '/home/aiv/YongJun_ws/ros2_ws/build/zed_tutorial_depth': CMAKE_PREFIX_PATH=${CMAKE_PREFIX_PATH}:/home/aiv/YongJun_ws/ros2_ws/install/yolov8_ros:/opt/ros/foxy /usr/bin/cmake --build /home/aiv/YongJun_ws/ros2_ws/build/zed_tutorial_depth -- -j32 -l32
[0.081s] [100%] Built target zed_tutorial_depth
[0.104s] Invoked command in '/home/aiv/YongJun_ws/ros2_ws/build/zed_tutorial_depth' returned '0': CMAKE_PREFIX_PATH=${CMAKE_PREFIX_PATH}:/home/aiv/YongJun_ws/ros2_ws/install/yolov8_ros:/opt/ros/foxy /usr/bin/cmake --build /home/aiv/YongJun_ws/ros2_ws/build/zed_tutorial_depth -- -j32 -l32
[0.136s] Invoking command in '/home/aiv/YongJun_ws/ros2_ws/build/zed_tutorial_depth': CMAKE_PREFIX_PATH=${CMAKE_PREFIX_PATH}:/home/aiv/YongJun_ws/ros2_ws/install/yolov8_ros:/opt/ros/foxy /usr/bin/cmake --install /home/aiv/YongJun_ws/ros2_ws/build/zed_tutorial_depth
[0.142s] -- Install configuration: "Release"
[0.146s] -- Up-to-date: /home/aiv/YongJun_ws/ros2_ws/install/zed_tutorial_depth/lib/zed_tutorial_depth/zed_tutorial_depth
[0.146s] -- Up-to-date: /home/aiv/YongJun_ws/ros2_ws/install/zed_tutorial_depth/share/ament_index/resource_index/package_run_dependencies/zed_tutorial_depth
[0.146s] -- Up-to-date: /home/aiv/YongJun_ws/ros2_ws/install/zed_tutorial_depth/share/ament_index/resource_index/parent_prefix_path/zed_tutorial_depth
[0.147s] -- Up-to-date: /home/aiv/YongJun_ws/ros2_ws/install/zed_tutorial_depth/share/zed_tutorial_depth/environment/ament_prefix_path.sh
[0.147s] -- Up-to-date: /home/aiv/YongJun_ws/ros2_ws/install/zed_tutorial_depth/share/zed_tutorial_depth/environment/ament_prefix_path.dsv
[0.149s] -- Up-to-date: /home/aiv/YongJun_ws/ros2_ws/install/zed_tutorial_depth/share/zed_tutorial_depth/environment/path.sh
[0.149s] -- Up-to-date: /home/aiv/YongJun_ws/ros2_ws/install/zed_tutorial_depth/share/zed_tutorial_depth/environment/path.dsv
[0.150s] -- Up-to-date: /home/aiv/YongJun_ws/ros2_ws/install/zed_tutorial_depth/share/zed_tutorial_depth/local_setup.bash
[0.150s] -- Up-to-date: /home/aiv/YongJun_ws/ros2_ws/install/zed_tutorial_depth/share/zed_tutorial_depth/local_setup.sh
[0.150s] -- Up-to-date: /home/aiv/YongJun_ws/ros2_ws/install/zed_tutorial_depth/share/zed_tutorial_depth/local_setup.zsh
[0.151s] -- Up-to-date: /home/aiv/YongJun_ws/ros2_ws/install/zed_tutorial_depth/share/zed_tutorial_depth/local_setup.dsv
[0.151s] -- Installing: /home/aiv/YongJun_ws/ros2_ws/install/zed_tutorial_depth/share/zed_tutorial_depth/package.dsv
[0.152s] -- Up-to-date: /home/aiv/YongJun_ws/ros2_ws/install/zed_tutorial_depth/share/ament_index/resource_index/packages/zed_tutorial_depth
[0.152s] -- Up-to-date: /home/aiv/YongJun_ws/ros2_ws/install/zed_tutorial_depth/share/zed_tutorial_depth/cmake/zed_tutorial_depthConfig.cmake
[0.152s] -- Up-to-date: /home/aiv/YongJun_ws/ros2_ws/install/zed_tutorial_depth/share/zed_tutorial_depth/cmake/zed_tutorial_depthConfig-version.cmake
[0.153s] -- Up-to-date: /home/aiv/YongJun_ws/ros2_ws/install/zed_tutorial_depth/share/zed_tutorial_depth/package.xml
[0.166s] Invoked command in '/home/aiv/YongJun_ws/ros2_ws/build/zed_tutorial_depth' returned '0': CMAKE_PREFIX_PATH=${CMAKE_PREFIX_PATH}:/home/aiv/YongJun_ws/ros2_ws/install/yolov8_ros:/opt/ros/foxy /usr/bin/cmake --install /home/aiv/YongJun_ws/ros2_ws/build/zed_tutorial_depth
