-- The C compiler identification is GNU 9.4.0
-- The CXX compiler identification is GNU 9.4.0
-- Check for working C compiler: /usr/bin/cc
-- Check for working C compiler: /usr/bin/cc -- works
-- Detecting C compiler ABI info
-- Detecting C compiler ABI info - done
-- Detecting C compile features
-- Detecting C compile features - done
-- Check for working CXX compiler: /usr/bin/c++
-- Check for working CXX compiler: /usr/bin/c++ -- works
-- Detecting CXX compiler ABI info
-- Detecting CXX compiler ABI info - done
-- Detecting CXX compile features
-- Detecting CXX compile features - done
-- Found ament_cmake_auto: 0.9.12 (/opt/ros/foxy/share/ament_cmake_auto/cmake)
-- Found PythonInterp: /usr/bin/python3 (found suitable version "3.8.10", minimum required is "3") 
-- Using PYTHON_EXECUTABLE: /usr/bin/python3
-- Using all available rosidl_typesupport_c: rosidl_typesupport_fastrtps_c;rosidl_typesupport_introspection_c
-- Found rosidl_adapter: 1.3.1 (/opt/ros/foxy/share/rosidl_adapter/cmake)
-- Found OpenSSL: /usr/lib/x86_64-linux-gnu/libcrypto.so (found version "1.1.1f")  
-- Found FastRTPS: /opt/ros/foxy/include  
-- Using all available rosidl_typesupport_cpp: rosidl_typesupport_fastrtps_cpp;rosidl_typesupport_introspection_cpp
-- Found ament_lint_auto: 0.9.8 (/opt/ros/foxy/share/ament_lint_auto/cmake)
-- Found PythonInterp: /usr/bin/python3 (found version "3.8.10") 
-- Found ament_cmake_ros: 0.9.2 (/opt/ros/foxy/share/ament_cmake_ros/cmake)
-- Using all available rosidl_typesupport_c: rosidl_typesupport_fastrtps_c;rosidl_typesupport_introspection_c
-- Using all available rosidl_typesupport_cpp: rosidl_typesupport_fastrtps_cpp;rosidl_typesupport_introspection_cpp
-- Found PythonInterp: /usr/bin/python3 (found suitable version "3.8.10", minimum required is "3.5") 
-- Found python_cmake_module: 0.8.1 (/opt/ros/foxy/share/python_cmake_module/cmake)
-- Found PythonLibs: /usr/lib/x86_64-linux-gnu/libpython3.8.so (found suitable version "3.8.10", minimum required is "3.5") 
-- Using PYTHON_EXECUTABLE: /usr/bin/python3
-- Using PYTHON_INCLUDE_DIRS: /usr/include/python3.8
-- Using PYTHON_LIBRARIES: /usr/lib/x86_64-linux-gnu/libpython3.8.so
-- Found PythonExtra: .so  
-- Added test 'copyright' to check source files copyright and LICENSE
-- Added test 'lint_cmake' to check CMake code style
-- Added test 'xmllint' to check XML markup files
-- Configuring done
-- Generating done
-- Build files have been written to: /home/aiv/YongJun_ws/ros2_ws/build/zed_interfaces
[  1%] [34m[1mGenerating C code for ROS interfaces[0m
[35m[1mScanning dependencies of target zed_interfaces__cpp[0m
[  1%] [34m[1mGenerating C++ code for ROS interfaces[0m
[35m[1mScanning dependencies of target zed_interfaces__rosidl_generator_c[0m
[  1%] [32mBuilding C object CMakeFiles/zed_interfaces__rosidl_generator_c.dir/rosidl_generator_c/zed_interfaces/msg/detail/object__functions.c.o[0m
[  2%] [32mBuilding C object CMakeFiles/zed_interfaces__rosidl_generator_c.dir/rosidl_generator_c/zed_interfaces/msg/detail/keypoint2_di__functions.c.o[0m
[  2%] [32mBuilding C object CMakeFiles/zed_interfaces__rosidl_generator_c.dir/rosidl_generator_c/zed_interfaces/msg/detail/objects_stamped__functions.c.o[0m
[  3%] [32mBuilding C object CMakeFiles/zed_interfaces__rosidl_generator_c.dir/rosidl_generator_c/zed_interfaces/msg/detail/keypoint2_df__functions.c.o[0m
[  4%] [32mBuilding C object CMakeFiles/zed_interfaces__rosidl_generator_c.dir/rosidl_generator_c/zed_interfaces/msg/detail/keypoint3_d__functions.c.o[0m
[  5%] [32mBuilding C object CMakeFiles/zed_interfaces__rosidl_generator_c.dir/rosidl_generator_c/zed_interfaces/msg/detail/bounding_box2_di__functions.c.o[0m
[  5%] [32mBuilding C object CMakeFiles/zed_interfaces__rosidl_generator_c.dir/rosidl_generator_c/zed_interfaces/msg/detail/bounding_box2_df__functions.c.o[0m
[  5%] [32mBuilding C object CMakeFiles/zed_interfaces__rosidl_generator_c.dir/rosidl_generator_c/zed_interfaces/msg/detail/skeleton3_d__functions.c.o[0m
[  5%] [32mBuilding C object CMakeFiles/zed_interfaces__rosidl_generator_c.dir/rosidl_generator_c/zed_interfaces/msg/detail/bounding_box3_d__functions.c.o[0m
[  7%] [32mBuilding C object CMakeFiles/zed_interfaces__rosidl_generator_c.dir/rosidl_generator_c/zed_interfaces/msg/detail/depth_info_stamped__functions.c.o[0m
[  6%] [32mBuilding C object CMakeFiles/zed_interfaces__rosidl_generator_c.dir/rosidl_generator_c/zed_interfaces/msg/detail/skeleton2_d__functions.c.o[0m
[  8%] [32mBuilding C object CMakeFiles/zed_interfaces__rosidl_generator_c.dir/rosidl_generator_c/zed_interfaces/msg/detail/gnss_fusion_status__functions.c.o[0m
[  8%] [32mBuilding C object CMakeFiles/zed_interfaces__rosidl_generator_c.dir/rosidl_generator_c/zed_interfaces/msg/detail/pos_track_status__functions.c.o[0m
[  9%] [32mBuilding C object CMakeFiles/zed_interfaces__rosidl_generator_c.dir/rosidl_generator_c/zed_interfaces/msg/detail/plane_stamped__functions.c.o[0m
[ 10%] [32mBuilding C object CMakeFiles/zed_interfaces__rosidl_generator_c.dir/rosidl_generator_c/zed_interfaces/msg/detail/mag_heading_status__functions.c.o[0m
[ 10%] [32mBuilding C object CMakeFiles/zed_interfaces__rosidl_generator_c.dir/rosidl_generator_c/zed_interfaces/msg/detail/heartbeat__functions.c.o[0m
[ 10%] [32mBuilding C object CMakeFiles/zed_interfaces__rosidl_generator_c.dir/rosidl_generator_c/zed_interfaces/srv/detail/set_pose__functions.c.o[0m
[ 11%] [32mBuilding C object CMakeFiles/zed_interfaces__rosidl_generator_c.dir/rosidl_generator_c/zed_interfaces/srv/detail/start_svo_rec__functions.c.o[0m
[ 12%] [32mBuilding C object CMakeFiles/zed_interfaces__rosidl_generator_c.dir/rosidl_generator_c/zed_interfaces/srv/detail/set_roi__functions.c.o[0m
[ 12%] [32m[1mLinking C shared library libzed_interfaces__rosidl_generator_c.so[0m
[ 12%] Built target zed_interfaces__cpp
[ 12%] Built target zed_interfaces__rosidl_generator_c
[ 13%] [34m[1mGenerating C++ type support dispatch for ROS interfaces[0m
[ 14%] [34m[1mGenerating C++ type support for eProsima Fast-RTPS[0m
[ 14%] [34m[1mGenerating C++ introspection for ROS interfaces[0m
[ 15%] [34m[1mGenerating C type support dispatch for ROS interfaces[0m
[ 16%] [34m[1mGenerating C introspection for ROS interfaces[0m
[35m[1mScanning dependencies of target zed_interfaces__rosidl_typesupport_cpp[0m
[ 17%] [32mBuilding CXX object CMakeFiles/zed_interfaces__rosidl_typesupport_cpp.dir/rosidl_typesupport_cpp/zed_interfaces/msg/objects_stamped__type_support.cpp.o[0m
[ 17%] [32mBuilding CXX object CMakeFiles/zed_interfaces__rosidl_typesupport_cpp.dir/rosidl_typesupport_cpp/zed_interfaces/msg/object__type_support.cpp.o[0m
[ 18%] [32mBuilding CXX object CMakeFiles/zed_interfaces__rosidl_typesupport_cpp.dir/rosidl_typesupport_cpp/zed_interfaces/msg/keypoint2_di__type_support.cpp.o[0m
[ 19%] [32mBuilding CXX object CMakeFiles/zed_interfaces__rosidl_typesupport_cpp.dir/rosidl_typesupport_cpp/zed_interfaces/msg/keypoint2_df__type_support.cpp.o[0m
[ 19%] [32mBuilding CXX object CMakeFiles/zed_interfaces__rosidl_typesupport_cpp.dir/rosidl_typesupport_cpp/zed_interfaces/msg/bounding_box2_di__type_support.cpp.o[0m
[ 19%] [32mBuilding CXX object CMakeFiles/zed_interfaces__rosidl_typesupport_cpp.dir/rosidl_typesupport_cpp/zed_interfaces/msg/keypoint3_d__type_support.cpp.o[0m
[ 20%] [32mBuilding CXX object CMakeFiles/zed_interfaces__rosidl_typesupport_cpp.dir/rosidl_typesupport_cpp/zed_interfaces/msg/bounding_box2_df__type_support.cpp.o[0m
[ 20%] [32mBuilding CXX object CMakeFiles/zed_interfaces__rosidl_typesupport_cpp.dir/rosidl_typesupport_cpp/zed_interfaces/msg/bounding_box3_d__type_support.cpp.o[0m
[ 21%] [32mBuilding CXX object CMakeFiles/zed_interfaces__rosidl_typesupport_cpp.dir/rosidl_typesupport_cpp/zed_interfaces/msg/skeleton2_d__type_support.cpp.o[0m
[ 22%] [32mBuilding CXX object CMakeFiles/zed_interfaces__rosidl_typesupport_cpp.dir/rosidl_typesupport_cpp/zed_interfaces/msg/skeleton3_d__type_support.cpp.o[0m
[ 22%] [32mBuilding CXX object CMakeFiles/zed_interfaces__rosidl_typesupport_cpp.dir/rosidl_typesupport_cpp/zed_interfaces/msg/depth_info_stamped__type_support.cpp.o[0m
[ 23%] [32mBuilding CXX object CMakeFiles/zed_interfaces__rosidl_typesupport_cpp.dir/rosidl_typesupport_cpp/zed_interfaces/msg/mag_heading_status__type_support.cpp.o[0m
[ 24%] [32mBuilding CXX object CMakeFiles/zed_interfaces__rosidl_typesupport_cpp.dir/rosidl_typesupport_cpp/zed_interfaces/msg/plane_stamped__type_support.cpp.o[0m
[ 24%] [32mBuilding CXX object CMakeFiles/zed_interfaces__rosidl_typesupport_cpp.dir/rosidl_typesupport_cpp/zed_interfaces/msg/heartbeat__type_support.cpp.o[0m
[ 24%] [32mBuilding CXX object CMakeFiles/zed_interfaces__rosidl_typesupport_cpp.dir/rosidl_typesupport_cpp/zed_interfaces/msg/pos_track_status__type_support.cpp.o[0m
[ 25%] [32mBuilding CXX object CMakeFiles/zed_interfaces__rosidl_typesupport_cpp.dir/rosidl_typesupport_cpp/zed_interfaces/msg/gnss_fusion_status__type_support.cpp.o[0m
[ 26%] [32mBuilding CXX object CMakeFiles/zed_interfaces__rosidl_typesupport_cpp.dir/rosidl_typesupport_cpp/zed_interfaces/srv/set_roi__type_support.cpp.o[0m
[ 27%] [32mBuilding CXX object CMakeFiles/zed_interfaces__rosidl_typesupport_cpp.dir/rosidl_typesupport_cpp/zed_interfaces/srv/set_pose__type_support.cpp.o[0m
[ 27%] [32mBuilding CXX object CMakeFiles/zed_interfaces__rosidl_typesupport_cpp.dir/rosidl_typesupport_cpp/zed_interfaces/srv/start_svo_rec__type_support.cpp.o[0m
[ 27%] [32m[1mLinking CXX shared library libzed_interfaces__rosidl_typesupport_cpp.so[0m
[ 27%] Built target zed_interfaces__rosidl_typesupport_cpp
[35m[1mScanning dependencies of target zed_interfaces__rosidl_typesupport_introspection_c[0m
[ 27%] [32mBuilding C object CMakeFiles/zed_interfaces__rosidl_typesupport_introspection_c.dir/rosidl_typesupport_introspection_c/zed_interfaces/msg/detail/keypoint2_df__type_support.c.o[0m
[ 28%] [32mBuilding C object CMakeFiles/zed_interfaces__rosidl_typesupport_introspection_c.dir/rosidl_typesupport_introspection_c/zed_interfaces/msg/detail/object__type_support.c.o[0m
[ 28%] [32mBuilding C object CMakeFiles/zed_interfaces__rosidl_typesupport_introspection_c.dir/rosidl_typesupport_introspection_c/zed_interfaces/msg/detail/objects_stamped__type_support.c.o[0m
[ 29%] [32mBuilding C object CMakeFiles/zed_interfaces__rosidl_typesupport_introspection_c.dir/rosidl_typesupport_introspection_c/zed_interfaces/msg/detail/keypoint2_di__type_support.c.o[0m
[ 30%] [32mBuilding C object CMakeFiles/zed_interfaces__rosidl_typesupport_introspection_c.dir/rosidl_typesupport_introspection_c/zed_interfaces/msg/detail/keypoint3_d__type_support.c.o[0m
[ 30%] [32mBuilding C object CMakeFiles/zed_interfaces__rosidl_typesupport_introspection_c.dir/rosidl_typesupport_introspection_c/zed_interfaces/msg/detail/bounding_box2_di__type_support.c.o[0m
[ 31%] [32mBuilding C object CMakeFiles/zed_interfaces__rosidl_typesupport_introspection_c.dir/rosidl_typesupport_introspection_c/zed_interfaces/msg/detail/bounding_box2_df__type_support.c.o[0m
[ 32%] [32mBuilding C object CMakeFiles/zed_interfaces__rosidl_typesupport_introspection_c.dir/rosidl_typesupport_introspection_c/zed_interfaces/msg/detail/bounding_box3_d__type_support.c.o[0m
[ 32%] [32mBuilding C object CMakeFiles/zed_interfaces__rosidl_typesupport_introspection_c.dir/rosidl_typesupport_introspection_c/zed_interfaces/msg/detail/skeleton2_d__type_support.c.o[0m
[ 33%] [32mBuilding C object CMakeFiles/zed_interfaces__rosidl_typesupport_introspection_c.dir/rosidl_typesupport_introspection_c/zed_interfaces/msg/detail/skeleton3_d__type_support.c.o[0m
[ 33%] [32mBuilding C object CMakeFiles/zed_interfaces__rosidl_typesupport_introspection_c.dir/rosidl_typesupport_introspection_c/zed_interfaces/msg/detail/depth_info_stamped__type_support.c.o[0m
[ 34%] [32mBuilding C object CMakeFiles/zed_interfaces__rosidl_typesupport_introspection_c.dir/rosidl_typesupport_introspection_c/zed_interfaces/msg/detail/plane_stamped__type_support.c.o[0m
[ 35%] [32mBuilding C object CMakeFiles/zed_interfaces__rosidl_typesupport_introspection_c.dir/rosidl_typesupport_introspection_c/zed_interfaces/msg/detail/pos_track_status__type_support.c.o[0m
[ 35%] [32mBuilding C object CMakeFiles/zed_interfaces__rosidl_typesupport_introspection_c.dir/rosidl_typesupport_introspection_c/zed_interfaces/msg/detail/heartbeat__type_support.c.o[0m
[ 35%] [32mBuilding C object CMakeFiles/zed_interfaces__rosidl_typesupport_introspection_c.dir/rosidl_typesupport_introspection_c/zed_interfaces/msg/detail/mag_heading_status__type_support.c.o[0m
[ 36%] [32mBuilding C object CMakeFiles/zed_interfaces__rosidl_typesupport_introspection_c.dir/rosidl_typesupport_introspection_c/zed_interfaces/msg/detail/gnss_fusion_status__type_support.c.o[0m
[ 37%] [32mBuilding C object CMakeFiles/zed_interfaces__rosidl_typesupport_introspection_c.dir/rosidl_typesupport_introspection_c/zed_interfaces/srv/detail/set_pose__type_support.c.o[0m
[ 37%] [32mBuilding C object CMakeFiles/zed_interfaces__rosidl_typesupport_introspection_c.dir/rosidl_typesupport_introspection_c/zed_interfaces/srv/detail/start_svo_rec__type_support.c.o[0m
[ 38%] [32mBuilding C object CMakeFiles/zed_interfaces__rosidl_typesupport_introspection_c.dir/rosidl_typesupport_introspection_c/zed_interfaces/srv/detail/set_roi__type_support.c.o[0m
[ 38%] [32m[1mLinking C shared library libzed_interfaces__rosidl_typesupport_introspection_c.so[0m
[35m[1mScanning dependencies of target zed_interfaces__rosidl_typesupport_introspection_cpp[0m
[ 39%] [32mBuilding CXX object CMakeFiles/zed_interfaces__rosidl_typesupport_introspection_cpp.dir/rosidl_typesupport_introspection_cpp/zed_interfaces/msg/detail/object__type_support.cpp.o[0m
[ 39%] [32mBuilding CXX object CMakeFiles/zed_interfaces__rosidl_typesupport_introspection_cpp.dir/rosidl_typesupport_introspection_cpp/zed_interfaces/msg/detail/objects_stamped__type_support.cpp.o[0m
[ 40%] [32mBuilding CXX object CMakeFiles/zed_interfaces__rosidl_typesupport_introspection_cpp.dir/rosidl_typesupport_introspection_cpp/zed_interfaces/msg/detail/keypoint2_di__type_support.cpp.o[0m
[ 41%] Built target zed_interfaces__rosidl_typesupport_introspection_c
[ 41%] [32mBuilding CXX object CMakeFiles/zed_interfaces__rosidl_typesupport_introspection_cpp.dir/rosidl_typesupport_introspection_cpp/zed_interfaces/msg/detail/keypoint3_d__type_support.cpp.o[0m
[ 41%] [32mBuilding CXX object CMakeFiles/zed_interfaces__rosidl_typesupport_introspection_cpp.dir/rosidl_typesupport_introspection_cpp/zed_interfaces/msg/detail/keypoint2_df__type_support.cpp.o[0m
[ 42%] [32mBuilding CXX object CMakeFiles/zed_interfaces__rosidl_typesupport_introspection_cpp.dir/rosidl_typesupport_introspection_cpp/zed_interfaces/msg/detail/bounding_box2_di__type_support.cpp.o[0m
[ 42%] [32mBuilding CXX object CMakeFiles/zed_interfaces__rosidl_typesupport_introspection_cpp.dir/rosidl_typesupport_introspection_cpp/zed_interfaces/msg/detail/bounding_box2_df__type_support.cpp.o[0m
[ 43%] [32mBuilding CXX object CMakeFiles/zed_interfaces__rosidl_typesupport_introspection_cpp.dir/rosidl_typesupport_introspection_cpp/zed_interfaces/msg/detail/bounding_box3_d__type_support.cpp.o[0m
[ 43%] [32mBuilding CXX object CMakeFiles/zed_interfaces__rosidl_typesupport_introspection_cpp.dir/rosidl_typesupport_introspection_cpp/zed_interfaces/msg/detail/skeleton2_d__type_support.cpp.o[0m
[ 44%] [32mBuilding CXX object CMakeFiles/zed_interfaces__rosidl_typesupport_introspection_cpp.dir/rosidl_typesupport_introspection_cpp/zed_interfaces/msg/detail/skeleton3_d__type_support.cpp.o[0m
[ 45%] [32mBuilding CXX object CMakeFiles/zed_interfaces__rosidl_typesupport_introspection_cpp.dir/rosidl_typesupport_introspection_cpp/zed_interfaces/msg/detail/heartbeat__type_support.cpp.o[0m
[ 45%] [32mBuilding CXX object CMakeFiles/zed_interfaces__rosidl_typesupport_introspection_cpp.dir/rosidl_typesupport_introspection_cpp/zed_interfaces/msg/detail/depth_info_stamped__type_support.cpp.o[0m
[ 45%] [32mBuilding CXX object CMakeFiles/zed_interfaces__rosidl_typesupport_introspection_cpp.dir/rosidl_typesupport_introspection_cpp/zed_interfaces/msg/detail/mag_heading_status__type_support.cpp.o[0m
[ 46%] [32mBuilding CXX object CMakeFiles/zed_interfaces__rosidl_typesupport_introspection_cpp.dir/rosidl_typesupport_introspection_cpp/zed_interfaces/msg/detail/plane_stamped__type_support.cpp.o[0m
[ 47%] [32mBuilding CXX object CMakeFiles/zed_interfaces__rosidl_typesupport_introspection_cpp.dir/rosidl_typesupport_introspection_cpp/zed_interfaces/msg/detail/pos_track_status__type_support.cpp.o[0m
[ 47%] [32mBuilding CXX object CMakeFiles/zed_interfaces__rosidl_typesupport_introspection_cpp.dir/rosidl_typesupport_introspection_cpp/zed_interfaces/msg/detail/gnss_fusion_status__type_support.cpp.o[0m
[ 48%] [32mBuilding CXX object CMakeFiles/zed_interfaces__rosidl_typesupport_introspection_cpp.dir/rosidl_typesupport_introspection_cpp/zed_interfaces/srv/detail/set_roi__type_support.cpp.o[0m
[ 49%] [32mBuilding CXX object CMakeFiles/zed_interfaces__rosidl_typesupport_introspection_cpp.dir/rosidl_typesupport_introspection_cpp/zed_interfaces/srv/detail/set_pose__type_support.cpp.o[0m
[ 49%] [32mBuilding CXX object CMakeFiles/zed_interfaces__rosidl_typesupport_introspection_cpp.dir/rosidl_typesupport_introspection_cpp/zed_interfaces/srv/detail/start_svo_rec__type_support.cpp.o[0m
[35m[1mScanning dependencies of target zed_interfaces__rosidl_typesupport_fastrtps_cpp[0m
[ 50%] [32mBuilding CXX object CMakeFiles/zed_interfaces__rosidl_typesupport_fastrtps_cpp.dir/rosidl_typesupport_fastrtps_cpp/zed_interfaces/msg/detail/dds_fastrtps/object__type_support.cpp.o[0m
[ 50%] [32mBuilding CXX object CMakeFiles/zed_interfaces__rosidl_typesupport_fastrtps_cpp.dir/rosidl_typesupport_fastrtps_cpp/zed_interfaces/msg/detail/dds_fastrtps/objects_stamped__type_support.cpp.o[0m
[ 51%] [32mBuilding CXX object CMakeFiles/zed_interfaces__rosidl_typesupport_fastrtps_cpp.dir/rosidl_typesupport_fastrtps_cpp/zed_interfaces/msg/detail/dds_fastrtps/keypoint2_di__type_support.cpp.o[0m
[ 51%] [32mBuilding CXX object CMakeFiles/zed_interfaces__rosidl_typesupport_fastrtps_cpp.dir/rosidl_typesupport_fastrtps_cpp/zed_interfaces/msg/detail/dds_fastrtps/keypoint2_df__type_support.cpp.o[0m
[35m[1mScanning dependencies of target zed_interfaces__rosidl_typesupport_c[0m
[ 52%] [32mBuilding CXX object CMakeFiles/zed_interfaces__rosidl_typesupport_fastrtps_cpp.dir/rosidl_typesupport_fastrtps_cpp/zed_interfaces/msg/detail/dds_fastrtps/keypoint3_d__type_support.cpp.o[0m
[ 52%] [32mBuilding CXX object CMakeFiles/zed_interfaces__rosidl_typesupport_fastrtps_cpp.dir/rosidl_typesupport_fastrtps_cpp/zed_interfaces/msg/detail/dds_fastrtps/bounding_box2_di__type_support.cpp.o[0m
[ 53%] [32mBuilding CXX object CMakeFiles/zed_interfaces__rosidl_typesupport_fastrtps_cpp.dir/rosidl_typesupport_fastrtps_cpp/zed_interfaces/msg/detail/dds_fastrtps/bounding_box2_df__type_support.cpp.o[0m
[ 54%] [32mBuilding CXX object CMakeFiles/zed_interfaces__rosidl_typesupport_fastrtps_cpp.dir/rosidl_typesupport_fastrtps_cpp/zed_interfaces/msg/detail/dds_fastrtps/bounding_box3_d__type_support.cpp.o[0m
[ 54%] [32mBuilding CXX object CMakeFiles/zed_interfaces__rosidl_typesupport_c.dir/rosidl_typesupport_c/zed_interfaces/msg/object__type_support.cpp.o[0m
[ 54%] [32mBuilding CXX object CMakeFiles/zed_interfaces__rosidl_typesupport_fastrtps_cpp.dir/rosidl_typesupport_fastrtps_cpp/zed_interfaces/msg/detail/dds_fastrtps/skeleton2_d__type_support.cpp.o[0m
[ 55%] [32mBuilding CXX object CMakeFiles/zed_interfaces__rosidl_typesupport_c.dir/rosidl_typesupport_c/zed_interfaces/msg/keypoint2_df__type_support.cpp.o[0m
[ 56%] [32mBuilding CXX object CMakeFiles/zed_interfaces__rosidl_typesupport_c.dir/rosidl_typesupport_c/zed_interfaces/msg/objects_stamped__type_support.cpp.o[0m
[ 57%] [32mBuilding CXX object CMakeFiles/zed_interfaces__rosidl_typesupport_fastrtps_cpp.dir/rosidl_typesupport_fastrtps_cpp/zed_interfaces/msg/detail/dds_fastrtps/skeleton3_d__type_support.cpp.o[0m
[ 58%] [32mBuilding CXX object CMakeFiles/zed_interfaces__rosidl_typesupport_c.dir/rosidl_typesupport_c/zed_interfaces/msg/keypoint3_d__type_support.cpp.o[0m
[ 58%] [32mBuilding CXX object CMakeFiles/zed_interfaces__rosidl_typesupport_c.dir/rosidl_typesupport_c/zed_interfaces/msg/keypoint2_di__type_support.cpp.o[0m
[ 58%] [32mBuilding CXX object CMakeFiles/zed_interfaces__rosidl_typesupport_fastrtps_cpp.dir/rosidl_typesupport_fastrtps_cpp/zed_interfaces/msg/detail/dds_fastrtps/depth_info_stamped__type_support.cpp.o[0m
[ 59%] [32mBuilding CXX object CMakeFiles/zed_interfaces__rosidl_typesupport_fastrtps_cpp.dir/rosidl_typesupport_fastrtps_cpp/zed_interfaces/msg/detail/dds_fastrtps/plane_stamped__type_support.cpp.o[0m
[ 59%] [32mBuilding CXX object CMakeFiles/zed_interfaces__rosidl_typesupport_fastrtps_cpp.dir/rosidl_typesupport_fastrtps_cpp/zed_interfaces/msg/detail/dds_fastrtps/pos_track_status__type_support.cpp.o[0m
[ 60%] [32mBuilding CXX object CMakeFiles/zed_interfaces__rosidl_typesupport_fastrtps_cpp.dir/rosidl_typesupport_fastrtps_cpp/zed_interfaces/msg/detail/dds_fastrtps/gnss_fusion_status__type_support.cpp.o[0m
[ 61%] [32mBuilding CXX object CMakeFiles/zed_interfaces__rosidl_typesupport_fastrtps_cpp.dir/rosidl_typesupport_fastrtps_cpp/zed_interfaces/msg/detail/dds_fastrtps/heartbeat__type_support.cpp.o[0m
[ 61%] [32mBuilding CXX object CMakeFiles/zed_interfaces__rosidl_typesupport_c.dir/rosidl_typesupport_c/zed_interfaces/msg/bounding_box2_di__type_support.cpp.o[0m
[ 62%] [32mBuilding CXX object CMakeFiles/zed_interfaces__rosidl_typesupport_fastrtps_cpp.dir/rosidl_typesupport_fastrtps_cpp/zed_interfaces/srv/detail/dds_fastrtps/set_pose__type_support.cpp.o[0m
[ 62%] [32mBuilding CXX object CMakeFiles/zed_interfaces__rosidl_typesupport_fastrtps_cpp.dir/rosidl_typesupport_fastrtps_cpp/zed_interfaces/msg/detail/dds_fastrtps/mag_heading_status__type_support.cpp.o[0m
[ 62%] [32mBuilding CXX object CMakeFiles/zed_interfaces__rosidl_typesupport_fastrtps_cpp.dir/rosidl_typesupport_fastrtps_cpp/zed_interfaces/srv/detail/dds_fastrtps/start_svo_rec__type_support.cpp.o[0m
[ 62%] [32mBuilding CXX object CMakeFiles/zed_interfaces__rosidl_typesupport_c.dir/rosidl_typesupport_c/zed_interfaces/msg/bounding_box3_d__type_support.cpp.o[0m
[ 63%] [32mBuilding CXX object CMakeFiles/zed_interfaces__rosidl_typesupport_c.dir/rosidl_typesupport_c/zed_interfaces/msg/bounding_box2_df__type_support.cpp.o[0m
[ 64%] [32mBuilding CXX object CMakeFiles/zed_interfaces__rosidl_typesupport_c.dir/rosidl_typesupport_c/zed_interfaces/msg/skeleton2_d__type_support.cpp.o[0m
[ 64%] [32mBuilding CXX object CMakeFiles/zed_interfaces__rosidl_typesupport_c.dir/rosidl_typesupport_c/zed_interfaces/msg/skeleton3_d__type_support.cpp.o[0m
[ 65%] [32mBuilding CXX object CMakeFiles/zed_interfaces__rosidl_typesupport_fastrtps_cpp.dir/rosidl_typesupport_fastrtps_cpp/zed_interfaces/srv/detail/dds_fastrtps/set_roi__type_support.cpp.o[0m
[ 66%] [32mBuilding CXX object CMakeFiles/zed_interfaces__rosidl_typesupport_c.dir/rosidl_typesupport_c/zed_interfaces/msg/depth_info_stamped__type_support.cpp.o[0m
[ 67%] [32mBuilding CXX object CMakeFiles/zed_interfaces__rosidl_typesupport_c.dir/rosidl_typesupport_c/zed_interfaces/msg/plane_stamped__type_support.cpp.o[0m
[ 67%] [32mBuilding CXX object CMakeFiles/zed_interfaces__rosidl_typesupport_c.dir/rosidl_typesupport_c/zed_interfaces/msg/pos_track_status__type_support.cpp.o[0m
[ 68%] [32mBuilding CXX object CMakeFiles/zed_interfaces__rosidl_typesupport_c.dir/rosidl_typesupport_c/zed_interfaces/msg/gnss_fusion_status__type_support.cpp.o[0m
[ 68%] [32mBuilding CXX object CMakeFiles/zed_interfaces__rosidl_typesupport_c.dir/rosidl_typesupport_c/zed_interfaces/msg/heartbeat__type_support.cpp.o[0m
[ 69%] [32mBuilding CXX object CMakeFiles/zed_interfaces__rosidl_typesupport_c.dir/rosidl_typesupport_c/zed_interfaces/msg/mag_heading_status__type_support.cpp.o[0m
[ 70%] [32mBuilding CXX object CMakeFiles/zed_interfaces__rosidl_typesupport_c.dir/rosidl_typesupport_c/zed_interfaces/srv/start_svo_rec__type_support.cpp.o[0m
[ 70%] [32mBuilding CXX object CMakeFiles/zed_interfaces__rosidl_typesupport_c.dir/rosidl_typesupport_c/zed_interfaces/srv/set_pose__type_support.cpp.o[0m
[ 71%] [32mBuilding CXX object CMakeFiles/zed_interfaces__rosidl_typesupport_c.dir/rosidl_typesupport_c/zed_interfaces/srv/set_roi__type_support.cpp.o[0m
[ 72%] [32m[1mLinking CXX shared library libzed_interfaces__rosidl_typesupport_introspection_cpp.so[0m
[ 72%] [32m[1mLinking CXX shared library libzed_interfaces__rosidl_typesupport_c.so[0m
[ 72%] Built target zed_interfaces__rosidl_typesupport_c
[ 72%] Built target zed_interfaces__rosidl_typesupport_introspection_cpp
[ 72%] [32m[1mLinking CXX shared library libzed_interfaces__rosidl_typesupport_fastrtps_cpp.so[0m
[ 72%] Built target zed_interfaces__rosidl_typesupport_fastrtps_cpp
[ 73%] [34m[1mGenerating C type support for eProsima Fast-RTPS[0m
[35m[1mScanning dependencies of target zed_interfaces__rosidl_typesupport_fastrtps_c[0m
[ 73%] [32mBuilding CXX object CMakeFiles/zed_interfaces__rosidl_typesupport_fastrtps_c.dir/rosidl_typesupport_fastrtps_c/zed_interfaces/msg/detail/object__type_support_c.cpp.o[0m
[ 74%] [32mBuilding CXX object CMakeFiles/zed_interfaces__rosidl_typesupport_fastrtps_c.dir/rosidl_typesupport_fastrtps_c/zed_interfaces/msg/detail/objects_stamped__type_support_c.cpp.o[0m
[ 75%] [32mBuilding CXX object CMakeFiles/zed_interfaces__rosidl_typesupport_fastrtps_c.dir/rosidl_typesupport_fastrtps_c/zed_interfaces/msg/detail/keypoint2_di__type_support_c.cpp.o[0m
[ 75%] [32mBuilding CXX object CMakeFiles/zed_interfaces__rosidl_typesupport_fastrtps_c.dir/rosidl_typesupport_fastrtps_c/zed_interfaces/msg/detail/keypoint2_df__type_support_c.cpp.o[0m
[ 76%] [32mBuilding CXX object CMakeFiles/zed_interfaces__rosidl_typesupport_fastrtps_c.dir/rosidl_typesupport_fastrtps_c/zed_interfaces/msg/detail/keypoint3_d__type_support_c.cpp.o[0m
[ 77%] [32mBuilding CXX object CMakeFiles/zed_interfaces__rosidl_typesupport_fastrtps_c.dir/rosidl_typesupport_fastrtps_c/zed_interfaces/msg/detail/skeleton3_d__type_support_c.cpp.o[0m
[ 77%] [32mBuilding CXX object CMakeFiles/zed_interfaces__rosidl_typesupport_fastrtps_c.dir/rosidl_typesupport_fastrtps_c/zed_interfaces/msg/detail/bounding_box2_di__type_support_c.cpp.o[0m
[ 77%] [32mBuilding CXX object CMakeFiles/zed_interfaces__rosidl_typesupport_fastrtps_c.dir/rosidl_typesupport_fastrtps_c/zed_interfaces/msg/detail/bounding_box3_d__type_support_c.cpp.o[0m
[ 78%] [32mBuilding CXX object CMakeFiles/zed_interfaces__rosidl_typesupport_fastrtps_c.dir/rosidl_typesupport_fastrtps_c/zed_interfaces/msg/detail/skeleton2_d__type_support_c.cpp.o[0m
[ 79%] [32mBuilding CXX object CMakeFiles/zed_interfaces__rosidl_typesupport_fastrtps_c.dir/rosidl_typesupport_fastrtps_c/zed_interfaces/msg/detail/bounding_box2_df__type_support_c.cpp.o[0m
[ 80%] [32mBuilding CXX object CMakeFiles/zed_interfaces__rosidl_typesupport_fastrtps_c.dir/rosidl_typesupport_fastrtps_c/zed_interfaces/srv/detail/set_pose__type_support_c.cpp.o[0m
[ 80%] [32mBuilding CXX object CMakeFiles/zed_interfaces__rosidl_typesupport_fastrtps_c.dir/rosidl_typesupport_fastrtps_c/zed_interfaces/msg/detail/depth_info_stamped__type_support_c.cpp.o[0m
[ 80%] [32mBuilding CXX object CMakeFiles/zed_interfaces__rosidl_typesupport_fastrtps_c.dir/rosidl_typesupport_fastrtps_c/zed_interfaces/srv/detail/start_svo_rec__type_support_c.cpp.o[0m
[ 81%] [32mBuilding CXX object CMakeFiles/zed_interfaces__rosidl_typesupport_fastrtps_c.dir/rosidl_typesupport_fastrtps_c/zed_interfaces/msg/detail/plane_stamped__type_support_c.cpp.o[0m
[ 81%] [32mBuilding CXX object CMakeFiles/zed_interfaces__rosidl_typesupport_fastrtps_c.dir/rosidl_typesupport_fastrtps_c/zed_interfaces/msg/detail/pos_track_status__type_support_c.cpp.o[0m
[ 82%] [32mBuilding CXX object CMakeFiles/zed_interfaces__rosidl_typesupport_fastrtps_c.dir/rosidl_typesupport_fastrtps_c/zed_interfaces/msg/detail/gnss_fusion_status__type_support_c.cpp.o[0m
[ 82%] [32mBuilding CXX object CMakeFiles/zed_interfaces__rosidl_typesupport_fastrtps_c.dir/rosidl_typesupport_fastrtps_c/zed_interfaces/msg/detail/heartbeat__type_support_c.cpp.o[0m
[ 83%] [32mBuilding CXX object CMakeFiles/zed_interfaces__rosidl_typesupport_fastrtps_c.dir/rosidl_typesupport_fastrtps_c/zed_interfaces/msg/detail/mag_heading_status__type_support_c.cpp.o[0m
[ 84%] [32mBuilding CXX object CMakeFiles/zed_interfaces__rosidl_typesupport_fastrtps_c.dir/rosidl_typesupport_fastrtps_c/zed_interfaces/srv/detail/set_roi__type_support_c.cpp.o[0m
[ 84%] [32m[1mLinking CXX shared library libzed_interfaces__rosidl_typesupport_fastrtps_c.so[0m
[ 84%] Built target zed_interfaces__rosidl_typesupport_fastrtps_c
[35m[1mScanning dependencies of target zed_interfaces[0m
[ 84%] Built target zed_interfaces
[35m[1mScanning dependencies of target zed_interfaces__py[0m
[ 85%] [34m[1mGenerating Python code for ROS interfaces[0m
[ 85%] Built target zed_interfaces__py
[35m[1mScanning dependencies of target zed_interfaces__python[0m
[ 85%] [32mBuilding C object CMakeFiles/zed_interfaces__python.dir/rosidl_generator_py/zed_interfaces/msg/_object_s.c.o[0m
[ 86%] [32mBuilding C object CMakeFiles/zed_interfaces__python.dir/rosidl_generator_py/zed_interfaces/msg/_objects_stamped_s.c.o[0m
[ 86%] [32mBuilding C object CMakeFiles/zed_interfaces__python.dir/rosidl_generator_py/zed_interfaces/msg/_keypoint2_di_s.c.o[0m
[ 87%] [32mBuilding C object CMakeFiles/zed_interfaces__python.dir/rosidl_generator_py/zed_interfaces/msg/_keypoint2_df_s.c.o[0m
[ 88%] [32mBuilding C object CMakeFiles/zed_interfaces__python.dir/rosidl_generator_py/zed_interfaces/msg/_keypoint3_d_s.c.o[0m
[ 88%] [32mBuilding C object CMakeFiles/zed_interfaces__python.dir/rosidl_generator_py/zed_interfaces/msg/_bounding_box2_di_s.c.o[0m
[ 89%] [32mBuilding C object CMakeFiles/zed_interfaces__python.dir/rosidl_generator_py/zed_interfaces/msg/_bounding_box2_df_s.c.o[0m
[ 89%] [32mBuilding C object CMakeFiles/zed_interfaces__python.dir/rosidl_generator_py/zed_interfaces/msg/_bounding_box3_d_s.c.o[0m
[ 89%] [32mBuilding C object CMakeFiles/zed_interfaces__python.dir/rosidl_generator_py/zed_interfaces/msg/_skeleton3_d_s.c.o[0m
[ 90%] [32mBuilding C object CMakeFiles/zed_interfaces__python.dir/rosidl_generator_py/zed_interfaces/msg/_skeleton2_d_s.c.o[0m
[ 91%] [32mBuilding C object CMakeFiles/zed_interfaces__python.dir/rosidl_generator_py/zed_interfaces/msg/_mag_heading_status_s.c.o[0m
[ 91%] [32mBuilding C object CMakeFiles/zed_interfaces__python.dir/rosidl_generator_py/zed_interfaces/msg/_heartbeat_s.c.o[0m
[ 91%] [32mBuilding C object CMakeFiles/zed_interfaces__python.dir/rosidl_generator_py/zed_interfaces/srv/_set_pose_s.c.o[0m
[ 93%] [32mBuilding C object CMakeFiles/zed_interfaces__python.dir/rosidl_generator_py/zed_interfaces/srv/_start_svo_rec_s.c.o[0m
[ 93%] [32mBuilding C object CMakeFiles/zed_interfaces__python.dir/rosidl_generator_py/zed_interfaces/msg/_depth_info_stamped_s.c.o[0m
[ 94%] [32mBuilding C object CMakeFiles/zed_interfaces__python.dir/rosidl_generator_py/zed_interfaces/srv/_set_roi_s.c.o[0m
[ 95%] [32mBuilding C object CMakeFiles/zed_interfaces__python.dir/rosidl_generator_py/zed_interfaces/msg/_plane_stamped_s.c.o[0m
[ 95%] [32mBuilding C object CMakeFiles/zed_interfaces__python.dir/rosidl_generator_py/zed_interfaces/msg/_pos_track_status_s.c.o[0m
[ 96%] [32mBuilding C object CMakeFiles/zed_interfaces__python.dir/rosidl_generator_py/zed_interfaces/msg/_gnss_fusion_status_s.c.o[0m
[ 96%] [32m[1mLinking C shared library rosidl_generator_py/zed_interfaces/libzed_interfaces__python.so[0m
[ 96%] Built target zed_interfaces__python
[35m[1mScanning dependencies of target zed_interfaces__rosidl_typesupport_introspection_c__pyext[0m
[35m[1mScanning dependencies of target zed_interfaces__rosidl_typesupport_fastrtps_c__pyext[0m
[35m[1mScanning dependencies of target zed_interfaces__rosidl_typesupport_c__pyext[0m
[ 97%] [32mBuilding C object CMakeFiles/zed_interfaces__rosidl_typesupport_introspection_c__pyext.dir/rosidl_generator_py/zed_interfaces/_zed_interfaces_s.ep.rosidl_typesupport_introspection_c.c.o[0m
[ 98%] [32mBuilding C object CMakeFiles/zed_interfaces__rosidl_typesupport_c__pyext.dir/rosidl_generator_py/zed_interfaces/_zed_interfaces_s.ep.rosidl_typesupport_c.c.o[0m
[ 99%] [32mBuilding C object CMakeFiles/zed_interfaces__rosidl_typesupport_fastrtps_c__pyext.dir/rosidl_generator_py/zed_interfaces/_zed_interfaces_s.ep.rosidl_typesupport_fastrtps_c.c.o[0m
[100%] [32m[1mLinking C shared library rosidl_generator_py/zed_interfaces/zed_interfaces_s__rosidl_typesupport_c.cpython-38-x86_64-linux-gnu.so[0m
[100%] [32m[1mLinking C shared library rosidl_generator_py/zed_interfaces/zed_interfaces_s__rosidl_typesupport_introspection_c.cpython-38-x86_64-linux-gnu.so[0m
[100%] [32m[1mLinking CXX shared library rosidl_generator_py/zed_interfaces/zed_interfaces_s__rosidl_typesupport_fastrtps_c.cpython-38-x86_64-linux-gnu.so[0m
[100%] Built target zed_interfaces__rosidl_typesupport_introspection_c__pyext
[100%] Built target zed_interfaces__rosidl_typesupport_c__pyext
[100%] Built target zed_interfaces__rosidl_typesupport_fastrtps_c__pyext
-- Install configuration: ""
-- Installing: /home/aiv/YongJun_ws/ros2_ws/install/zed_interfaces/share/ament_index/resource_index/rosidl_interfaces/zed_interfaces
-- Installing: /home/aiv/YongJun_ws/ros2_ws/install/zed_interfaces/include/zed_interfaces
-- Installing: /home/aiv/YongJun_ws/ros2_ws/install/zed_interfaces/include/zed_interfaces/srv
-- Installing: /home/aiv/YongJun_ws/ros2_ws/install/zed_interfaces/include/zed_interfaces/srv/start_svo_rec.h
-- Installing: /home/aiv/YongJun_ws/ros2_ws/install/zed_interfaces/include/zed_interfaces/srv/set_pose.h
-- Installing: /home/aiv/YongJun_ws/ros2_ws/install/zed_interfaces/include/zed_interfaces/srv/detail
-- Installing: /home/aiv/YongJun_ws/ros2_ws/install/zed_interfaces/include/zed_interfaces/srv/detail/set_pose__type_support.h
-- Installing: /home/aiv/YongJun_ws/ros2_ws/install/zed_interfaces/include/zed_interfaces/srv/detail/set_roi__type_support.h
-- Installing: /home/aiv/YongJun_ws/ros2_ws/install/zed_interfaces/include/zed_interfaces/srv/detail/start_svo_rec__functions.c
-- Installing: /home/aiv/YongJun_ws/ros2_ws/install/zed_interfaces/include/zed_interfaces/srv/detail/set_pose__functions.h
-- Installing: /home/aiv/YongJun_ws/ros2_ws/install/zed_interfaces/include/zed_interfaces/srv/detail/set_roi__struct.h
-- Installing: /home/aiv/YongJun_ws/ros2_ws/install/zed_interfaces/include/zed_interfaces/srv/detail/set_roi__functions.h
-- Installing: /home/aiv/YongJun_ws/ros2_ws/install/zed_interfaces/include/zed_interfaces/srv/detail/set_pose__functions.c
-- Installing: /home/aiv/YongJun_ws/ros2_ws/install/zed_interfaces/include/zed_interfaces/srv/detail/set_pose__struct.h
-- Installing: /home/aiv/YongJun_ws/ros2_ws/install/zed_interfaces/include/zed_interfaces/srv/detail/start_svo_rec__type_support.h
-- Installing: /home/aiv/YongJun_ws/ros2_ws/install/zed_interfaces/include/zed_interfaces/srv/detail/start_svo_rec__functions.h
-- Installing: /home/aiv/YongJun_ws/ros2_ws/install/zed_interfaces/include/zed_interfaces/srv/detail/start_svo_rec__struct.h
-- Installing: /home/aiv/YongJun_ws/ros2_ws/install/zed_interfaces/include/zed_interfaces/srv/detail/set_roi__functions.c
-- Installing: /home/aiv/YongJun_ws/ros2_ws/install/zed_interfaces/include/zed_interfaces/srv/set_roi.h
-- Installing: /home/aiv/YongJun_ws/ros2_ws/install/zed_interfaces/include/zed_interfaces/msg
-- Installing: /home/aiv/YongJun_ws/ros2_ws/install/zed_interfaces/include/zed_interfaces/msg/pos_track_status.h
-- Installing: /home/aiv/YongJun_ws/ros2_ws/install/zed_interfaces/include/zed_interfaces/msg/keypoint2_df.h
-- Installing: /home/aiv/YongJun_ws/ros2_ws/install/zed_interfaces/include/zed_interfaces/msg/bounding_box2_di.h
-- Installing: /home/aiv/YongJun_ws/ros2_ws/install/zed_interfaces/include/zed_interfaces/msg/object.h
-- Installing: /home/aiv/YongJun_ws/ros2_ws/install/zed_interfaces/include/zed_interfaces/msg/skeleton2_d.h
-- Installing: /home/aiv/YongJun_ws/ros2_ws/install/zed_interfaces/include/zed_interfaces/msg/keypoint2_di.h
-- Installing: /home/aiv/YongJun_ws/ros2_ws/install/zed_interfaces/include/zed_interfaces/msg/mag_heading_status.h
-- Installing: /home/aiv/YongJun_ws/ros2_ws/install/zed_interfaces/include/zed_interfaces/msg/objects_stamped.h
-- Installing: /home/aiv/YongJun_ws/ros2_ws/install/zed_interfaces/include/zed_interfaces/msg/heartbeat.h
-- Installing: /home/aiv/YongJun_ws/ros2_ws/install/zed_interfaces/include/zed_interfaces/msg/gnss_fusion_status.h
-- Installing: /home/aiv/YongJun_ws/ros2_ws/install/zed_interfaces/include/zed_interfaces/msg/skeleton3_d.h
-- Installing: /home/aiv/YongJun_ws/ros2_ws/install/zed_interfaces/include/zed_interfaces/msg/bounding_box2_df.h
-- Installing: /home/aiv/YongJun_ws/ros2_ws/install/zed_interfaces/include/zed_interfaces/msg/rosidl_generator_c__visibility_control.h
-- Installing: /home/aiv/YongJun_ws/ros2_ws/install/zed_interfaces/include/zed_interfaces/msg/depth_info_stamped.h
-- Installing: /home/aiv/YongJun_ws/ros2_ws/install/zed_interfaces/include/zed_interfaces/msg/detail
-- Installing: /home/aiv/YongJun_ws/ros2_ws/install/zed_interfaces/include/zed_interfaces/msg/detail/skeleton2_d__functions.h
-- Installing: /home/aiv/YongJun_ws/ros2_ws/install/zed_interfaces/include/zed_interfaces/msg/detail/gnss_fusion_status__functions.c
-- Installing: /home/aiv/YongJun_ws/ros2_ws/install/zed_interfaces/include/zed_interfaces/msg/detail/mag_heading_status__functions.c
-- Installing: /home/aiv/YongJun_ws/ros2_ws/install/zed_interfaces/include/zed_interfaces/msg/detail/gnss_fusion_status__type_support.h
-- Installing: /home/aiv/YongJun_ws/ros2_ws/install/zed_interfaces/include/zed_interfaces/msg/detail/objects_stamped__functions.c
-- Installing: /home/aiv/YongJun_ws/ros2_ws/install/zed_interfaces/include/zed_interfaces/msg/detail/bounding_box2_df__functions.c
-- Installing: /home/aiv/YongJun_ws/ros2_ws/install/zed_interfaces/include/zed_interfaces/msg/detail/bounding_box2_df__struct.h
-- Installing: /home/aiv/YongJun_ws/ros2_ws/install/zed_interfaces/include/zed_interfaces/msg/detail/skeleton3_d__struct.h
-- Installing: /home/aiv/YongJun_ws/ros2_ws/install/zed_interfaces/include/zed_interfaces/msg/detail/mag_heading_status__type_support.h
-- Installing: /home/aiv/YongJun_ws/ros2_ws/install/zed_interfaces/include/zed_interfaces/msg/detail/bounding_box2_di__functions.c
-- Installing: /home/aiv/YongJun_ws/ros2_ws/install/zed_interfaces/include/zed_interfaces/msg/detail/heartbeat__functions.c
-- Installing: /home/aiv/YongJun_ws/ros2_ws/install/zed_interfaces/include/zed_interfaces/msg/detail/keypoint2_df__functions.c
-- Installing: /home/aiv/YongJun_ws/ros2_ws/install/zed_interfaces/include/zed_interfaces/msg/detail/keypoint2_di__type_support.h
-- Installing: /home/aiv/YongJun_ws/ros2_ws/install/zed_interfaces/include/zed_interfaces/msg/detail/skeleton2_d__struct.h
-- Installing: /home/aiv/YongJun_ws/ros2_ws/install/zed_interfaces/include/zed_interfaces/msg/detail/pos_track_status__type_support.h
-- Installing: /home/aiv/YongJun_ws/ros2_ws/install/zed_interfaces/include/zed_interfaces/msg/detail/keypoint2_di__functions.c
-- Installing: /home/aiv/YongJun_ws/ros2_ws/install/zed_interfaces/include/zed_interfaces/msg/detail/skeleton3_d__functions.c
-- Installing: /home/aiv/YongJun_ws/ros2_ws/install/zed_interfaces/include/zed_interfaces/msg/detail/objects_stamped__functions.h
-- Installing: /home/aiv/YongJun_ws/ros2_ws/install/zed_interfaces/include/zed_interfaces/msg/detail/bounding_box3_d__struct.h
-- Installing: /home/aiv/YongJun_ws/ros2_ws/install/zed_interfaces/include/zed_interfaces/msg/detail/bounding_box2_df__type_support.h
-- Installing: /home/aiv/YongJun_ws/ros2_ws/install/zed_interfaces/include/zed_interfaces/msg/detail/keypoint3_d__type_support.h
-- Installing: /home/aiv/YongJun_ws/ros2_ws/install/zed_interfaces/include/zed_interfaces/msg/detail/plane_stamped__struct.h
-- Installing: /home/aiv/YongJun_ws/ros2_ws/install/zed_interfaces/include/zed_interfaces/msg/detail/bounding_box3_d__functions.c
-- Installing: /home/aiv/YongJun_ws/ros2_ws/install/zed_interfaces/include/zed_interfaces/msg/detail/depth_info_stamped__type_support.h
-- Installing: /home/aiv/YongJun_ws/ros2_ws/install/zed_interfaces/include/zed_interfaces/msg/detail/plane_stamped__type_support.h
-- Installing: /home/aiv/YongJun_ws/ros2_ws/install/zed_interfaces/include/zed_interfaces/msg/detail/gnss_fusion_status__functions.h
-- Installing: /home/aiv/YongJun_ws/ros2_ws/install/zed_interfaces/include/zed_interfaces/msg/detail/heartbeat__struct.h
-- Installing: /home/aiv/YongJun_ws/ros2_ws/install/zed_interfaces/include/zed_interfaces/msg/detail/object__functions.c
-- Installing: /home/aiv/YongJun_ws/ros2_ws/install/zed_interfaces/include/zed_interfaces/msg/detail/bounding_box2_di__type_support.h
-- Installing: /home/aiv/YongJun_ws/ros2_ws/install/zed_interfaces/include/zed_interfaces/msg/detail/mag_heading_status__struct.h
-- Installing: /home/aiv/YongJun_ws/ros2_ws/install/zed_interfaces/include/zed_interfaces/msg/detail/skeleton3_d__type_support.h
-- Installing: /home/aiv/YongJun_ws/ros2_ws/install/zed_interfaces/include/zed_interfaces/msg/detail/keypoint2_df__functions.h
-- Installing: /home/aiv/YongJun_ws/ros2_ws/install/zed_interfaces/include/zed_interfaces/msg/detail/bounding_box3_d__type_support.h
-- Installing: /home/aiv/YongJun_ws/ros2_ws/install/zed_interfaces/include/zed_interfaces/msg/detail/bounding_box2_df__functions.h
-- Installing: /home/aiv/YongJun_ws/ros2_ws/install/zed_interfaces/include/zed_interfaces/msg/detail/depth_info_stamped__struct.h
-- Installing: /home/aiv/YongJun_ws/ros2_ws/install/zed_interfaces/include/zed_interfaces/msg/detail/pos_track_status__functions.c
-- Installing: /home/aiv/YongJun_ws/ros2_ws/install/zed_interfaces/include/zed_interfaces/msg/detail/bounding_box2_di__functions.h
-- Installing: /home/aiv/YongJun_ws/ros2_ws/install/zed_interfaces/include/zed_interfaces/msg/detail/depth_info_stamped__functions.h
-- Installing: /home/aiv/YongJun_ws/ros2_ws/install/zed_interfaces/include/zed_interfaces/msg/detail/heartbeat__type_support.h
-- Installing: /home/aiv/YongJun_ws/ros2_ws/install/zed_interfaces/include/zed_interfaces/msg/detail/keypoint3_d__functions.h
-- Installing: /home/aiv/YongJun_ws/ros2_ws/install/zed_interfaces/include/zed_interfaces/msg/detail/pos_track_status__functions.h
-- Installing: /home/aiv/YongJun_ws/ros2_ws/install/zed_interfaces/include/zed_interfaces/msg/detail/objects_stamped__struct.h
-- Installing: /home/aiv/YongJun_ws/ros2_ws/install/zed_interfaces/include/zed_interfaces/msg/detail/pos_track_status__struct.h
-- Installing: /home/aiv/YongJun_ws/ros2_ws/install/zed_interfaces/include/zed_interfaces/msg/detail/skeleton2_d__functions.c
-- Installing: /home/aiv/YongJun_ws/ros2_ws/install/zed_interfaces/include/zed_interfaces/msg/detail/gnss_fusion_status__struct.h
-- Installing: /home/aiv/YongJun_ws/ros2_ws/install/zed_interfaces/include/zed_interfaces/msg/detail/object__type_support.h
-- Installing: /home/aiv/YongJun_ws/ros2_ws/install/zed_interfaces/include/zed_interfaces/msg/detail/keypoint2_df__struct.h
-- Installing: /home/aiv/YongJun_ws/ros2_ws/install/zed_interfaces/include/zed_interfaces/msg/detail/keypoint2_df__type_support.h
-- Installing: /home/aiv/YongJun_ws/ros2_ws/install/zed_interfaces/include/zed_interfaces/msg/detail/objects_stamped__type_support.h
-- Installing: /home/aiv/YongJun_ws/ros2_ws/install/zed_interfaces/include/zed_interfaces/msg/detail/keypoint3_d__functions.c
-- Installing: /home/aiv/YongJun_ws/ros2_ws/install/zed_interfaces/include/zed_interfaces/msg/detail/keypoint2_di__functions.h
-- Installing: /home/aiv/YongJun_ws/ros2_ws/install/zed_interfaces/include/zed_interfaces/msg/detail/plane_stamped__functions.c
-- Installing: /home/aiv/YongJun_ws/ros2_ws/install/zed_interfaces/include/zed_interfaces/msg/detail/object__functions.h
-- Installing: /home/aiv/YongJun_ws/ros2_ws/install/zed_interfaces/include/zed_interfaces/msg/detail/keypoint3_d__struct.h
-- Installing: /home/aiv/YongJun_ws/ros2_ws/install/zed_interfaces/include/zed_interfaces/msg/detail/heartbeat__functions.h
-- Installing: /home/aiv/YongJun_ws/ros2_ws/install/zed_interfaces/include/zed_interfaces/msg/detail/plane_stamped__functions.h
-- Installing: /home/aiv/YongJun_ws/ros2_ws/install/zed_interfaces/include/zed_interfaces/msg/detail/depth_info_stamped__functions.c
-- Installing: /home/aiv/YongJun_ws/ros2_ws/install/zed_interfaces/include/zed_interfaces/msg/detail/keypoint2_di__struct.h
-- Installing: /home/aiv/YongJun_ws/ros2_ws/install/zed_interfaces/include/zed_interfaces/msg/detail/object__struct.h
-- Installing: /home/aiv/YongJun_ws/ros2_ws/install/zed_interfaces/include/zed_interfaces/msg/detail/skeleton2_d__type_support.h
-- Installing: /home/aiv/YongJun_ws/ros2_ws/install/zed_interfaces/include/zed_interfaces/msg/detail/bounding_box3_d__functions.h
-- Installing: /home/aiv/YongJun_ws/ros2_ws/install/zed_interfaces/include/zed_interfaces/msg/detail/mag_heading_status__functions.h
-- Installing: /home/aiv/YongJun_ws/ros2_ws/install/zed_interfaces/include/zed_interfaces/msg/detail/skeleton3_d__functions.h
-- Installing: /home/aiv/YongJun_ws/ros2_ws/install/zed_interfaces/include/zed_interfaces/msg/detail/bounding_box2_di__struct.h
-- Installing: /home/aiv/YongJun_ws/ros2_ws/install/zed_interfaces/include/zed_interfaces/msg/keypoint3_d.h
-- Installing: /home/aiv/YongJun_ws/ros2_ws/install/zed_interfaces/include/zed_interfaces/msg/plane_stamped.h
-- Installing: /home/aiv/YongJun_ws/ros2_ws/install/zed_interfaces/include/zed_interfaces/msg/bounding_box3_d.h
-- Installing: /home/aiv/YongJun_ws/ros2_ws/install/zed_interfaces/share/zed_interfaces/environment/library_path.sh
-- Installing: /home/aiv/YongJun_ws/ros2_ws/install/zed_interfaces/share/zed_interfaces/environment/library_path.dsv
-- Installing: /home/aiv/YongJun_ws/ros2_ws/install/zed_interfaces/lib/libzed_interfaces__rosidl_generator_c.so
-- Set runtime path of "/home/aiv/YongJun_ws/ros2_ws/install/zed_interfaces/lib/libzed_interfaces__rosidl_generator_c.so" to ""
-- Up-to-date: /home/aiv/YongJun_ws/ros2_ws/install/zed_interfaces/include/zed_interfaces
-- Up-to-date: /home/aiv/YongJun_ws/ros2_ws/install/zed_interfaces/include/zed_interfaces/srv
-- Up-to-date: /home/aiv/YongJun_ws/ros2_ws/install/zed_interfaces/include/zed_interfaces/srv/detail
-- Installing: /home/aiv/YongJun_ws/ros2_ws/install/zed_interfaces/include/zed_interfaces/srv/detail/set_roi__rosidl_typesupport_fastrtps_c.h
-- Installing: /home/aiv/YongJun_ws/ros2_ws/install/zed_interfaces/include/zed_interfaces/srv/detail/set_pose__rosidl_typesupport_fastrtps_c.h
-- Installing: /home/aiv/YongJun_ws/ros2_ws/install/zed_interfaces/include/zed_interfaces/srv/detail/start_svo_rec__rosidl_typesupport_fastrtps_c.h
-- Up-to-date: /home/aiv/YongJun_ws/ros2_ws/install/zed_interfaces/include/zed_interfaces/msg
-- Installing: /home/aiv/YongJun_ws/ros2_ws/install/zed_interfaces/include/zed_interfaces/msg/rosidl_typesupport_fastrtps_c__visibility_control.h
-- Up-to-date: /home/aiv/YongJun_ws/ros2_ws/install/zed_interfaces/include/zed_interfaces/msg/detail
-- Installing: /home/aiv/YongJun_ws/ros2_ws/install/zed_interfaces/include/zed_interfaces/msg/detail/mag_heading_status__rosidl_typesupport_fastrtps_c.h
-- Installing: /home/aiv/YongJun_ws/ros2_ws/install/zed_interfaces/include/zed_interfaces/msg/detail/bounding_box2_df__rosidl_typesupport_fastrtps_c.h
-- Installing: /home/aiv/YongJun_ws/ros2_ws/install/zed_interfaces/include/zed_interfaces/msg/detail/object__rosidl_typesupport_fastrtps_c.h
-- Installing: /home/aiv/YongJun_ws/ros2_ws/install/zed_interfaces/include/zed_interfaces/msg/detail/gnss_fusion_status__rosidl_typesupport_fastrtps_c.h
-- Installing: /home/aiv/YongJun_ws/ros2_ws/install/zed_interfaces/include/zed_interfaces/msg/detail/keypoint2_di__rosidl_typesupport_fastrtps_c.h
-- Installing: /home/aiv/YongJun_ws/ros2_ws/install/zed_interfaces/include/zed_interfaces/msg/detail/objects_stamped__rosidl_typesupport_fastrtps_c.h
-- Installing: /home/aiv/YongJun_ws/ros2_ws/install/zed_interfaces/include/zed_interfaces/msg/detail/bounding_box3_d__rosidl_typesupport_fastrtps_c.h
-- Installing: /home/aiv/YongJun_ws/ros2_ws/install/zed_interfaces/include/zed_interfaces/msg/detail/depth_info_stamped__rosidl_typesupport_fastrtps_c.h
-- Installing: /home/aiv/YongJun_ws/ros2_ws/install/zed_interfaces/include/zed_interfaces/msg/detail/plane_stamped__rosidl_typesupport_fastrtps_c.h
-- Installing: /home/aiv/YongJun_ws/ros2_ws/install/zed_interfaces/include/zed_interfaces/msg/detail/pos_track_status__rosidl_typesupport_fastrtps_c.h
-- Installing: /home/aiv/YongJun_ws/ros2_ws/install/zed_interfaces/include/zed_interfaces/msg/detail/skeleton3_d__rosidl_typesupport_fastrtps_c.h
-- Installing: /home/aiv/YongJun_ws/ros2_ws/install/zed_interfaces/include/zed_interfaces/msg/detail/keypoint3_d__rosidl_typesupport_fastrtps_c.h
-- Installing: /home/aiv/YongJun_ws/ros2_ws/install/zed_interfaces/include/zed_interfaces/msg/detail/keypoint2_df__rosidl_typesupport_fastrtps_c.h
-- Installing: /home/aiv/YongJun_ws/ros2_ws/install/zed_interfaces/include/zed_interfaces/msg/detail/skeleton2_d__rosidl_typesupport_fastrtps_c.h
-- Installing: /home/aiv/YongJun_ws/ros2_ws/install/zed_interfaces/include/zed_interfaces/msg/detail/heartbeat__rosidl_typesupport_fastrtps_c.h
-- Installing: /home/aiv/YongJun_ws/ros2_ws/install/zed_interfaces/include/zed_interfaces/msg/detail/bounding_box2_di__rosidl_typesupport_fastrtps_c.h
-- Installing: /home/aiv/YongJun_ws/ros2_ws/install/zed_interfaces/lib/libzed_interfaces__rosidl_typesupport_fastrtps_c.so
-- Set runtime path of "/home/aiv/YongJun_ws/ros2_ws/install/zed_interfaces/lib/libzed_interfaces__rosidl_typesupport_fastrtps_c.so" to ""
-- Up-to-date: /home/aiv/YongJun_ws/ros2_ws/install/zed_interfaces/include/zed_interfaces
-- Up-to-date: /home/aiv/YongJun_ws/ros2_ws/install/zed_interfaces/include/zed_interfaces/srv
-- Up-to-date: /home/aiv/YongJun_ws/ros2_ws/install/zed_interfaces/include/zed_interfaces/srv/detail
-- Installing: /home/aiv/YongJun_ws/ros2_ws/install/zed_interfaces/include/zed_interfaces/srv/detail/start_svo_rec__rosidl_typesupport_fastrtps_cpp.hpp
-- Installing: /home/aiv/YongJun_ws/ros2_ws/install/zed_interfaces/include/zed_interfaces/srv/detail/set_pose__rosidl_typesupport_fastrtps_cpp.hpp
-- Installing: /home/aiv/YongJun_ws/ros2_ws/install/zed_interfaces/include/zed_interfaces/srv/detail/dds_fastrtps
-- Installing: /home/aiv/YongJun_ws/ros2_ws/install/zed_interfaces/include/zed_interfaces/srv/detail/set_roi__rosidl_typesupport_fastrtps_cpp.hpp
-- Up-to-date: /home/aiv/YongJun_ws/ros2_ws/install/zed_interfaces/include/zed_interfaces/msg
-- Installing: /home/aiv/YongJun_ws/ros2_ws/install/zed_interfaces/include/zed_interfaces/msg/rosidl_typesupport_fastrtps_cpp__visibility_control.h
-- Up-to-date: /home/aiv/YongJun_ws/ros2_ws/install/zed_interfaces/include/zed_interfaces/msg/detail
-- Installing: /home/aiv/YongJun_ws/ros2_ws/install/zed_interfaces/include/zed_interfaces/msg/detail/bounding_box3_d__rosidl_typesupport_fastrtps_cpp.hpp
-- Installing: /home/aiv/YongJun_ws/ros2_ws/install/zed_interfaces/include/zed_interfaces/msg/detail/dds_fastrtps
-- Installing: /home/aiv/YongJun_ws/ros2_ws/install/zed_interfaces/include/zed_interfaces/msg/detail/objects_stamped__rosidl_typesupport_fastrtps_cpp.hpp
-- Installing: /home/aiv/YongJun_ws/ros2_ws/install/zed_interfaces/include/zed_interfaces/msg/detail/keypoint2_df__rosidl_typesupport_fastrtps_cpp.hpp
-- Installing: /home/aiv/YongJun_ws/ros2_ws/install/zed_interfaces/include/zed_interfaces/msg/detail/skeleton3_d__rosidl_typesupport_fastrtps_cpp.hpp
-- Installing: /home/aiv/YongJun_ws/ros2_ws/install/zed_interfaces/include/zed_interfaces/msg/detail/pos_track_status__rosidl_typesupport_fastrtps_cpp.hpp
-- Installing: /home/aiv/YongJun_ws/ros2_ws/install/zed_interfaces/include/zed_interfaces/msg/detail/object__rosidl_typesupport_fastrtps_cpp.hpp
-- Installing: /home/aiv/YongJun_ws/ros2_ws/install/zed_interfaces/include/zed_interfaces/msg/detail/bounding_box2_di__rosidl_typesupport_fastrtps_cpp.hpp
-- Installing: /home/aiv/YongJun_ws/ros2_ws/install/zed_interfaces/include/zed_interfaces/msg/detail/bounding_box2_df__rosidl_typesupport_fastrtps_cpp.hpp
-- Installing: /home/aiv/YongJun_ws/ros2_ws/install/zed_interfaces/include/zed_interfaces/msg/detail/plane_stamped__rosidl_typesupport_fastrtps_cpp.hpp
-- Installing: /home/aiv/YongJun_ws/ros2_ws/install/zed_interfaces/include/zed_interfaces/msg/detail/keypoint2_di__rosidl_typesupport_fastrtps_cpp.hpp
-- Installing: /home/aiv/YongJun_ws/ros2_ws/install/zed_interfaces/include/zed_interfaces/msg/detail/mag_heading_status__rosidl_typesupport_fastrtps_cpp.hpp
-- Installing: /home/aiv/YongJun_ws/ros2_ws/install/zed_interfaces/include/zed_interfaces/msg/detail/heartbeat__rosidl_typesupport_fastrtps_cpp.hpp
-- Installing: /home/aiv/YongJun_ws/ros2_ws/install/zed_interfaces/include/zed_interfaces/msg/detail/skeleton2_d__rosidl_typesupport_fastrtps_cpp.hpp
-- Installing: /home/aiv/YongJun_ws/ros2_ws/install/zed_interfaces/include/zed_interfaces/msg/detail/gnss_fusion_status__rosidl_typesupport_fastrtps_cpp.hpp
-- Installing: /home/aiv/YongJun_ws/ros2_ws/install/zed_interfaces/include/zed_interfaces/msg/detail/keypoint3_d__rosidl_typesupport_fastrtps_cpp.hpp
-- Installing: /home/aiv/YongJun_ws/ros2_ws/install/zed_interfaces/include/zed_interfaces/msg/detail/depth_info_stamped__rosidl_typesupport_fastrtps_cpp.hpp
-- Installing: /home/aiv/YongJun_ws/ros2_ws/install/zed_interfaces/lib/libzed_interfaces__rosidl_typesupport_fastrtps_cpp.so
-- Set runtime path of "/home/aiv/YongJun_ws/ros2_ws/install/zed_interfaces/lib/libzed_interfaces__rosidl_typesupport_fastrtps_cpp.so" to ""
-- Up-to-date: /home/aiv/YongJun_ws/ros2_ws/install/zed_interfaces/include/zed_interfaces
-- Up-to-date: /home/aiv/YongJun_ws/ros2_ws/install/zed_interfaces/include/zed_interfaces/srv
-- Up-to-date: /home/aiv/YongJun_ws/ros2_ws/install/zed_interfaces/include/zed_interfaces/srv/detail
-- Installing: /home/aiv/YongJun_ws/ros2_ws/install/zed_interfaces/include/zed_interfaces/srv/detail/set_roi__rosidl_typesupport_introspection_c.h
-- Installing: /home/aiv/YongJun_ws/ros2_ws/install/zed_interfaces/include/zed_interfaces/srv/detail/set_roi__type_support.c
-- Installing: /home/aiv/YongJun_ws/ros2_ws/install/zed_interfaces/include/zed_interfaces/srv/detail/start_svo_rec__type_support.c
-- Installing: /home/aiv/YongJun_ws/ros2_ws/install/zed_interfaces/include/zed_interfaces/srv/detail/start_svo_rec__rosidl_typesupport_introspection_c.h
-- Installing: /home/aiv/YongJun_ws/ros2_ws/install/zed_interfaces/include/zed_interfaces/srv/detail/set_pose__rosidl_typesupport_introspection_c.h
-- Installing: /home/aiv/YongJun_ws/ros2_ws/install/zed_interfaces/include/zed_interfaces/srv/detail/set_pose__type_support.c
-- Up-to-date: /home/aiv/YongJun_ws/ros2_ws/install/zed_interfaces/include/zed_interfaces/msg
-- Installing: /home/aiv/YongJun_ws/ros2_ws/install/zed_interfaces/include/zed_interfaces/msg/rosidl_typesupport_introspection_c__visibility_control.h
-- Up-to-date: /home/aiv/YongJun_ws/ros2_ws/install/zed_interfaces/include/zed_interfaces/msg/detail
-- Installing: /home/aiv/YongJun_ws/ros2_ws/install/zed_interfaces/include/zed_interfaces/msg/detail/objects_stamped__type_support.c
-- Installing: /home/aiv/YongJun_ws/ros2_ws/install/zed_interfaces/include/zed_interfaces/msg/detail/keypoint2_df__type_support.c
-- Installing: /home/aiv/YongJun_ws/ros2_ws/install/zed_interfaces/include/zed_interfaces/msg/detail/objects_stamped__rosidl_typesupport_introspection_c.h
-- Installing: /home/aiv/YongJun_ws/ros2_ws/install/zed_interfaces/include/zed_interfaces/msg/detail/plane_stamped__rosidl_typesupport_introspection_c.h
-- Installing: /home/aiv/YongJun_ws/ros2_ws/install/zed_interfaces/include/zed_interfaces/msg/detail/keypoint2_di__type_support.c
-- Installing: /home/aiv/YongJun_ws/ros2_ws/install/zed_interfaces/include/zed_interfaces/msg/detail/pos_track_status__type_support.c
-- Installing: /home/aiv/YongJun_ws/ros2_ws/install/zed_interfaces/include/zed_interfaces/msg/detail/skeleton2_d__type_support.c
-- Installing: /home/aiv/YongJun_ws/ros2_ws/install/zed_interfaces/include/zed_interfaces/msg/detail/plane_stamped__type_support.c
-- Installing: /home/aiv/YongJun_ws/ros2_ws/install/zed_interfaces/include/zed_interfaces/msg/detail/keypoint2_df__rosidl_typesupport_introspection_c.h
-- Installing: /home/aiv/YongJun_ws/ros2_ws/install/zed_interfaces/include/zed_interfaces/msg/detail/keypoint3_d__type_support.c
-- Installing: /home/aiv/YongJun_ws/ros2_ws/install/zed_interfaces/include/zed_interfaces/msg/detail/gnss_fusion_status__rosidl_typesupport_introspection_c.h
-- Installing: /home/aiv/YongJun_ws/ros2_ws/install/zed_interfaces/include/zed_interfaces/msg/detail/skeleton2_d__rosidl_typesupport_introspection_c.h
-- Installing: /home/aiv/YongJun_ws/ros2_ws/install/zed_interfaces/include/zed_interfaces/msg/detail/skeleton3_d__type_support.c
-- Installing: /home/aiv/YongJun_ws/ros2_ws/install/zed_interfaces/include/zed_interfaces/msg/detail/depth_info_stamped__rosidl_typesupport_introspection_c.h
-- Installing: /home/aiv/YongJun_ws/ros2_ws/install/zed_interfaces/include/zed_interfaces/msg/detail/bounding_box2_di__type_support.c
-- Installing: /home/aiv/YongJun_ws/ros2_ws/install/zed_interfaces/include/zed_interfaces/msg/detail/object__rosidl_typesupport_introspection_c.h
-- Installing: /home/aiv/YongJun_ws/ros2_ws/install/zed_interfaces/include/zed_interfaces/msg/detail/heartbeat__rosidl_typesupport_introspection_c.h
-- Installing: /home/aiv/YongJun_ws/ros2_ws/install/zed_interfaces/include/zed_interfaces/msg/detail/gnss_fusion_status__type_support.c
-- Installing: /home/aiv/YongJun_ws/ros2_ws/install/zed_interfaces/include/zed_interfaces/msg/detail/depth_info_stamped__type_support.c
-- Installing: /home/aiv/YongJun_ws/ros2_ws/install/zed_interfaces/include/zed_interfaces/msg/detail/bounding_box2_df__rosidl_typesupport_introspection_c.h
-- Installing: /home/aiv/YongJun_ws/ros2_ws/install/zed_interfaces/include/zed_interfaces/msg/detail/bounding_box2_df__type_support.c
-- Installing: /home/aiv/YongJun_ws/ros2_ws/install/zed_interfaces/include/zed_interfaces/msg/detail/object__type_support.c
-- Installing: /home/aiv/YongJun_ws/ros2_ws/install/zed_interfaces/include/zed_interfaces/msg/detail/bounding_box3_d__type_support.c
-- Installing: /home/aiv/YongJun_ws/ros2_ws/install/zed_interfaces/include/zed_interfaces/msg/detail/pos_track_status__rosidl_typesupport_introspection_c.h
-- Installing: /home/aiv/YongJun_ws/ros2_ws/install/zed_interfaces/include/zed_interfaces/msg/detail/heartbeat__type_support.c
-- Installing: /home/aiv/YongJun_ws/ros2_ws/install/zed_interfaces/include/zed_interfaces/msg/detail/skeleton3_d__rosidl_typesupport_introspection_c.h
-- Installing: /home/aiv/YongJun_ws/ros2_ws/install/zed_interfaces/include/zed_interfaces/msg/detail/mag_heading_status__rosidl_typesupport_introspection_c.h
-- Installing: /home/aiv/YongJun_ws/ros2_ws/install/zed_interfaces/include/zed_interfaces/msg/detail/bounding_box2_di__rosidl_typesupport_introspection_c.h
-- Installing: /home/aiv/YongJun_ws/ros2_ws/install/zed_interfaces/include/zed_interfaces/msg/detail/keypoint3_d__rosidl_typesupport_introspection_c.h
-- Installing: /home/aiv/YongJun_ws/ros2_ws/install/zed_interfaces/include/zed_interfaces/msg/detail/bounding_box3_d__rosidl_typesupport_introspection_c.h
-- Installing: /home/aiv/YongJun_ws/ros2_ws/install/zed_interfaces/include/zed_interfaces/msg/detail/keypoint2_di__rosidl_typesupport_introspection_c.h
-- Installing: /home/aiv/YongJun_ws/ros2_ws/install/zed_interfaces/include/zed_interfaces/msg/detail/mag_heading_status__type_support.c
-- Installing: /home/aiv/YongJun_ws/ros2_ws/install/zed_interfaces/lib/libzed_interfaces__rosidl_typesupport_introspection_c.so
-- Set runtime path of "/home/aiv/YongJun_ws/ros2_ws/install/zed_interfaces/lib/libzed_interfaces__rosidl_typesupport_introspection_c.so" to ""
-- Installing: /home/aiv/YongJun_ws/ros2_ws/install/zed_interfaces/lib/libzed_interfaces__rosidl_typesupport_c.so
-- Set runtime path of "/home/aiv/YongJun_ws/ros2_ws/install/zed_interfaces/lib/libzed_interfaces__rosidl_typesupport_c.so" to ""
-- Up-to-date: /home/aiv/YongJun_ws/ros2_ws/install/zed_interfaces/include/zed_interfaces
-- Up-to-date: /home/aiv/YongJun_ws/ros2_ws/install/zed_interfaces/include/zed_interfaces/srv
-- Installing: /home/aiv/YongJun_ws/ros2_ws/install/zed_interfaces/include/zed_interfaces/srv/set_pose.hpp
-- Installing: /home/aiv/YongJun_ws/ros2_ws/install/zed_interfaces/include/zed_interfaces/srv/set_roi.hpp
-- Up-to-date: /home/aiv/YongJun_ws/ros2_ws/install/zed_interfaces/include/zed_interfaces/srv/detail
-- Installing: /home/aiv/YongJun_ws/ros2_ws/install/zed_interfaces/include/zed_interfaces/srv/detail/set_roi__type_support.hpp
-- Installing: /home/aiv/YongJun_ws/ros2_ws/install/zed_interfaces/include/zed_interfaces/srv/detail/set_roi__builder.hpp
-- Installing: /home/aiv/YongJun_ws/ros2_ws/install/zed_interfaces/include/zed_interfaces/srv/detail/set_roi__traits.hpp
-- Installing: /home/aiv/YongJun_ws/ros2_ws/install/zed_interfaces/include/zed_interfaces/srv/detail/start_svo_rec__struct.hpp
-- Installing: /home/aiv/YongJun_ws/ros2_ws/install/zed_interfaces/include/zed_interfaces/srv/detail/set_roi__struct.hpp
-- Installing: /home/aiv/YongJun_ws/ros2_ws/install/zed_interfaces/include/zed_interfaces/srv/detail/start_svo_rec__traits.hpp
-- Installing: /home/aiv/YongJun_ws/ros2_ws/install/zed_interfaces/include/zed_interfaces/srv/detail/set_pose__builder.hpp
-- Installing: /home/aiv/YongJun_ws/ros2_ws/install/zed_interfaces/include/zed_interfaces/srv/detail/set_pose__struct.hpp
-- Installing: /home/aiv/YongJun_ws/ros2_ws/install/zed_interfaces/include/zed_interfaces/srv/detail/start_svo_rec__builder.hpp
-- Installing: /home/aiv/YongJun_ws/ros2_ws/install/zed_interfaces/include/zed_interfaces/srv/detail/start_svo_rec__type_support.hpp
-- Installing: /home/aiv/YongJun_ws/ros2_ws/install/zed_interfaces/include/zed_interfaces/srv/detail/set_pose__type_support.hpp
-- Installing: /home/aiv/YongJun_ws/ros2_ws/install/zed_interfaces/include/zed_interfaces/srv/detail/set_pose__traits.hpp
-- Installing: /home/aiv/YongJun_ws/ros2_ws/install/zed_interfaces/include/zed_interfaces/srv/start_svo_rec.hpp
-- Up-to-date: /home/aiv/YongJun_ws/ros2_ws/install/zed_interfaces/include/zed_interfaces/msg
-- Installing: /home/aiv/YongJun_ws/ros2_ws/install/zed_interfaces/include/zed_interfaces/msg/plane_stamped.hpp
-- Installing: /home/aiv/YongJun_ws/ros2_ws/install/zed_interfaces/include/zed_interfaces/msg/bounding_box2_di.hpp
-- Installing: /home/aiv/YongJun_ws/ros2_ws/install/zed_interfaces/include/zed_interfaces/msg/objects_stamped.hpp
-- Installing: /home/aiv/YongJun_ws/ros2_ws/install/zed_interfaces/include/zed_interfaces/msg/keypoint2_df.hpp
-- Installing: /home/aiv/YongJun_ws/ros2_ws/install/zed_interfaces/include/zed_interfaces/msg/mag_heading_status.hpp
-- Installing: /home/aiv/YongJun_ws/ros2_ws/install/zed_interfaces/include/zed_interfaces/msg/depth_info_stamped.hpp
-- Installing: /home/aiv/YongJun_ws/ros2_ws/install/zed_interfaces/include/zed_interfaces/msg/skeleton3_d.hpp
-- Installing: /home/aiv/YongJun_ws/ros2_ws/install/zed_interfaces/include/zed_interfaces/msg/rosidl_generator_cpp__visibility_control.hpp
-- Installing: /home/aiv/YongJun_ws/ros2_ws/install/zed_interfaces/include/zed_interfaces/msg/keypoint2_di.hpp
-- Up-to-date: /home/aiv/YongJun_ws/ros2_ws/install/zed_interfaces/include/zed_interfaces/msg/detail
-- Installing: /home/aiv/YongJun_ws/ros2_ws/install/zed_interfaces/include/zed_interfaces/msg/detail/bounding_box3_d__type_support.hpp
-- Installing: /home/aiv/YongJun_ws/ros2_ws/install/zed_interfaces/include/zed_interfaces/msg/detail/keypoint3_d__traits.hpp
-- Installing: /home/aiv/YongJun_ws/ros2_ws/install/zed_interfaces/include/zed_interfaces/msg/detail/mag_heading_status__builder.hpp
-- Installing: /home/aiv/YongJun_ws/ros2_ws/install/zed_interfaces/include/zed_interfaces/msg/detail/bounding_box2_df__type_support.hpp
-- Installing: /home/aiv/YongJun_ws/ros2_ws/install/zed_interfaces/include/zed_interfaces/msg/detail/bounding_box2_di__struct.hpp
-- Installing: /home/aiv/YongJun_ws/ros2_ws/install/zed_interfaces/include/zed_interfaces/msg/detail/skeleton3_d__type_support.hpp
-- Installing: /home/aiv/YongJun_ws/ros2_ws/install/zed_interfaces/include/zed_interfaces/msg/detail/bounding_box2_df__builder.hpp
-- Installing: /home/aiv/YongJun_ws/ros2_ws/install/zed_interfaces/include/zed_interfaces/msg/detail/bounding_box3_d__builder.hpp
-- Installing: /home/aiv/YongJun_ws/ros2_ws/install/zed_interfaces/include/zed_interfaces/msg/detail/object__struct.hpp
-- Installing: /home/aiv/YongJun_ws/ros2_ws/install/zed_interfaces/include/zed_interfaces/msg/detail/keypoint3_d__type_support.hpp
-- Installing: /home/aiv/YongJun_ws/ros2_ws/install/zed_interfaces/include/zed_interfaces/msg/detail/plane_stamped__type_support.hpp
-- Installing: /home/aiv/YongJun_ws/ros2_ws/install/zed_interfaces/include/zed_interfaces/msg/detail/skeleton2_d__builder.hpp
-- Installing: /home/aiv/YongJun_ws/ros2_ws/install/zed_interfaces/include/zed_interfaces/msg/detail/object__type_support.hpp
-- Installing: /home/aiv/YongJun_ws/ros2_ws/install/zed_interfaces/include/zed_interfaces/msg/detail/pos_track_status__traits.hpp
-- Installing: /home/aiv/YongJun_ws/ros2_ws/install/zed_interfaces/include/zed_interfaces/msg/detail/objects_stamped__struct.hpp
-- Installing: /home/aiv/YongJun_ws/ros2_ws/install/zed_interfaces/include/zed_interfaces/msg/detail/gnss_fusion_status__struct.hpp
-- Installing: /home/aiv/YongJun_ws/ros2_ws/install/zed_interfaces/include/zed_interfaces/msg/detail/gnss_fusion_status__type_support.hpp
-- Installing: /home/aiv/YongJun_ws/ros2_ws/install/zed_interfaces/include/zed_interfaces/msg/detail/depth_info_stamped__type_support.hpp
-- Installing: /home/aiv/YongJun_ws/ros2_ws/install/zed_interfaces/include/zed_interfaces/msg/detail/object__traits.hpp
-- Installing: /home/aiv/YongJun_ws/ros2_ws/install/zed_interfaces/include/zed_interfaces/msg/detail/keypoint2_di__builder.hpp
-- Installing: /home/aiv/YongJun_ws/ros2_ws/install/zed_interfaces/include/zed_interfaces/msg/detail/keypoint3_d__builder.hpp
-- Installing: /home/aiv/YongJun_ws/ros2_ws/install/zed_interfaces/include/zed_interfaces/msg/detail/plane_stamped__struct.hpp
-- Installing: /home/aiv/YongJun_ws/ros2_ws/install/zed_interfaces/include/zed_interfaces/msg/detail/skeleton2_d__struct.hpp
-- Installing: /home/aiv/YongJun_ws/ros2_ws/install/zed_interfaces/include/zed_interfaces/msg/detail/keypoint2_df__struct.hpp
-- Installing: /home/aiv/YongJun_ws/ros2_ws/install/zed_interfaces/include/zed_interfaces/msg/detail/skeleton2_d__traits.hpp
-- Installing: /home/aiv/YongJun_ws/ros2_ws/install/zed_interfaces/include/zed_interfaces/msg/detail/plane_stamped__traits.hpp
-- Installing: /home/aiv/YongJun_ws/ros2_ws/install/zed_interfaces/include/zed_interfaces/msg/detail/plane_stamped__builder.hpp
-- Installing: /home/aiv/YongJun_ws/ros2_ws/install/zed_interfaces/include/zed_interfaces/msg/detail/bounding_box2_df__traits.hpp
-- Installing: /home/aiv/YongJun_ws/ros2_ws/install/zed_interfaces/include/zed_interfaces/msg/detail/gnss_fusion_status__traits.hpp
-- Installing: /home/aiv/YongJun_ws/ros2_ws/install/zed_interfaces/include/zed_interfaces/msg/detail/depth_info_stamped__traits.hpp
-- Installing: /home/aiv/YongJun_ws/ros2_ws/install/zed_interfaces/include/zed_interfaces/msg/detail/skeleton3_d__traits.hpp
-- Installing: /home/aiv/YongJun_ws/ros2_ws/install/zed_interfaces/include/zed_interfaces/msg/detail/depth_info_stamped__struct.hpp
-- Installing: /home/aiv/YongJun_ws/ros2_ws/install/zed_interfaces/include/zed_interfaces/msg/detail/heartbeat__traits.hpp
-- Installing: /home/aiv/YongJun_ws/ros2_ws/install/zed_interfaces/include/zed_interfaces/msg/detail/skeleton2_d__type_support.hpp
-- Installing: /home/aiv/YongJun_ws/ros2_ws/install/zed_interfaces/include/zed_interfaces/msg/detail/skeleton3_d__struct.hpp
-- Installing: /home/aiv/YongJun_ws/ros2_ws/install/zed_interfaces/include/zed_interfaces/msg/detail/keypoint2_df__builder.hpp
-- Installing: /home/aiv/YongJun_ws/ros2_ws/install/zed_interfaces/include/zed_interfaces/msg/detail/bounding_box2_df__struct.hpp
-- Installing: /home/aiv/YongJun_ws/ros2_ws/install/zed_interfaces/include/zed_interfaces/msg/detail/object__builder.hpp
-- Installing: /home/aiv/YongJun_ws/ros2_ws/install/zed_interfaces/include/zed_interfaces/msg/detail/heartbeat__builder.hpp
-- Installing: /home/aiv/YongJun_ws/ros2_ws/install/zed_interfaces/include/zed_interfaces/msg/detail/keypoint2_df__traits.hpp
-- Installing: /home/aiv/YongJun_ws/ros2_ws/install/zed_interfaces/include/zed_interfaces/msg/detail/bounding_box2_di__builder.hpp
-- Installing: /home/aiv/YongJun_ws/ros2_ws/install/zed_interfaces/include/zed_interfaces/msg/detail/pos_track_status__struct.hpp
-- Installing: /home/aiv/YongJun_ws/ros2_ws/install/zed_interfaces/include/zed_interfaces/msg/detail/objects_stamped__traits.hpp
-- Installing: /home/aiv/YongJun_ws/ros2_ws/install/zed_interfaces/include/zed_interfaces/msg/detail/pos_track_status__type_support.hpp
-- Installing: /home/aiv/YongJun_ws/ros2_ws/install/zed_interfaces/include/zed_interfaces/msg/detail/keypoint2_df__type_support.hpp
-- Installing: /home/aiv/YongJun_ws/ros2_ws/install/zed_interfaces/include/zed_interfaces/msg/detail/bounding_box3_d__traits.hpp
-- Installing: /home/aiv/YongJun_ws/ros2_ws/install/zed_interfaces/include/zed_interfaces/msg/detail/keypoint2_di__struct.hpp
-- Installing: /home/aiv/YongJun_ws/ros2_ws/install/zed_interfaces/include/zed_interfaces/msg/detail/objects_stamped__builder.hpp
-- Installing: /home/aiv/YongJun_ws/ros2_ws/install/zed_interfaces/include/zed_interfaces/msg/detail/bounding_box3_d__struct.hpp
-- Installing: /home/aiv/YongJun_ws/ros2_ws/install/zed_interfaces/include/zed_interfaces/msg/detail/pos_track_status__builder.hpp
-- Installing: /home/aiv/YongJun_ws/ros2_ws/install/zed_interfaces/include/zed_interfaces/msg/detail/heartbeat__type_support.hpp
-- Installing: /home/aiv/YongJun_ws/ros2_ws/install/zed_interfaces/include/zed_interfaces/msg/detail/keypoint2_di__traits.hpp
-- Installing: /home/aiv/YongJun_ws/ros2_ws/install/zed_interfaces/include/zed_interfaces/msg/detail/keypoint2_di__type_support.hpp
-- Installing: /home/aiv/YongJun_ws/ros2_ws/install/zed_interfaces/include/zed_interfaces/msg/detail/keypoint3_d__struct.hpp
-- Installing: /home/aiv/YongJun_ws/ros2_ws/install/zed_interfaces/include/zed_interfaces/msg/detail/mag_heading_status__traits.hpp
-- Installing: /home/aiv/YongJun_ws/ros2_ws/install/zed_interfaces/include/zed_interfaces/msg/detail/heartbeat__struct.hpp
-- Installing: /home/aiv/YongJun_ws/ros2_ws/install/zed_interfaces/include/zed_interfaces/msg/detail/bounding_box2_di__traits.hpp
-- Installing: /home/aiv/YongJun_ws/ros2_ws/install/zed_interfaces/include/zed_interfaces/msg/detail/gnss_fusion_status__builder.hpp
-- Installing: /home/aiv/YongJun_ws/ros2_ws/install/zed_interfaces/include/zed_interfaces/msg/detail/objects_stamped__type_support.hpp
-- Installing: /home/aiv/YongJun_ws/ros2_ws/install/zed_interfaces/include/zed_interfaces/msg/detail/skeleton3_d__builder.hpp
-- Installing: /home/aiv/YongJun_ws/ros2_ws/install/zed_interfaces/include/zed_interfaces/msg/detail/mag_heading_status__type_support.hpp
-- Installing: /home/aiv/YongJun_ws/ros2_ws/install/zed_interfaces/include/zed_interfaces/msg/detail/mag_heading_status__struct.hpp
-- Installing: /home/aiv/YongJun_ws/ros2_ws/install/zed_interfaces/include/zed_interfaces/msg/detail/depth_info_stamped__builder.hpp
-- Installing: /home/aiv/YongJun_ws/ros2_ws/install/zed_interfaces/include/zed_interfaces/msg/detail/bounding_box2_di__type_support.hpp
-- Installing: /home/aiv/YongJun_ws/ros2_ws/install/zed_interfaces/include/zed_interfaces/msg/gnss_fusion_status.hpp
-- Installing: /home/aiv/YongJun_ws/ros2_ws/install/zed_interfaces/include/zed_interfaces/msg/bounding_box2_df.hpp
-- Installing: /home/aiv/YongJun_ws/ros2_ws/install/zed_interfaces/include/zed_interfaces/msg/pos_track_status.hpp
-- Installing: /home/aiv/YongJun_ws/ros2_ws/install/zed_interfaces/include/zed_interfaces/msg/bounding_box3_d.hpp
-- Installing: /home/aiv/YongJun_ws/ros2_ws/install/zed_interfaces/include/zed_interfaces/msg/object.hpp
-- Installing: /home/aiv/YongJun_ws/ros2_ws/install/zed_interfaces/include/zed_interfaces/msg/heartbeat.hpp
-- Installing: /home/aiv/YongJun_ws/ros2_ws/install/zed_interfaces/include/zed_interfaces/msg/keypoint3_d.hpp
-- Installing: /home/aiv/YongJun_ws/ros2_ws/install/zed_interfaces/include/zed_interfaces/msg/skeleton2_d.hpp
-- Up-to-date: /home/aiv/YongJun_ws/ros2_ws/install/zed_interfaces/include/zed_interfaces
-- Up-to-date: /home/aiv/YongJun_ws/ros2_ws/install/zed_interfaces/include/zed_interfaces/srv
-- Up-to-date: /home/aiv/YongJun_ws/ros2_ws/install/zed_interfaces/include/zed_interfaces/srv/detail
-- Installing: /home/aiv/YongJun_ws/ros2_ws/install/zed_interfaces/include/zed_interfaces/srv/detail/set_roi__rosidl_typesupport_introspection_cpp.hpp
-- Installing: /home/aiv/YongJun_ws/ros2_ws/install/zed_interfaces/include/zed_interfaces/srv/detail/set_pose__type_support.cpp
-- Installing: /home/aiv/YongJun_ws/ros2_ws/install/zed_interfaces/include/zed_interfaces/srv/detail/set_roi__type_support.cpp
-- Installing: /home/aiv/YongJun_ws/ros2_ws/install/zed_interfaces/include/zed_interfaces/srv/detail/start_svo_rec__type_support.cpp
-- Installing: /home/aiv/YongJun_ws/ros2_ws/install/zed_interfaces/include/zed_interfaces/srv/detail/set_pose__rosidl_typesupport_introspection_cpp.hpp
-- Installing: /home/aiv/YongJun_ws/ros2_ws/install/zed_interfaces/include/zed_interfaces/srv/detail/start_svo_rec__rosidl_typesupport_introspection_cpp.hpp
-- Up-to-date: /home/aiv/YongJun_ws/ros2_ws/install/zed_interfaces/include/zed_interfaces/msg
-- Up-to-date: /home/aiv/YongJun_ws/ros2_ws/install/zed_interfaces/include/zed_interfaces/msg/detail
-- Installing: /home/aiv/YongJun_ws/ros2_ws/install/zed_interfaces/include/zed_interfaces/msg/detail/pos_track_status__rosidl_typesupport_introspection_cpp.hpp
-- Installing: /home/aiv/YongJun_ws/ros2_ws/install/zed_interfaces/include/zed_interfaces/msg/detail/keypoint2_di__type_support.cpp
-- Installing: /home/aiv/YongJun_ws/ros2_ws/install/zed_interfaces/include/zed_interfaces/msg/detail/mag_heading_status__rosidl_typesupport_introspection_cpp.hpp
-- Installing: /home/aiv/YongJun_ws/ros2_ws/install/zed_interfaces/include/zed_interfaces/msg/detail/heartbeat__rosidl_typesupport_introspection_cpp.hpp
-- Installing: /home/aiv/YongJun_ws/ros2_ws/install/zed_interfaces/include/zed_interfaces/msg/detail/plane_stamped__rosidl_typesupport_introspection_cpp.hpp
-- Installing: /home/aiv/YongJun_ws/ros2_ws/install/zed_interfaces/include/zed_interfaces/msg/detail/objects_stamped__rosidl_typesupport_introspection_cpp.hpp
-- Installing: /home/aiv/YongJun_ws/ros2_ws/install/zed_interfaces/include/zed_interfaces/msg/detail/depth_info_stamped__rosidl_typesupport_introspection_cpp.hpp
-- Installing: /home/aiv/YongJun_ws/ros2_ws/install/zed_interfaces/include/zed_interfaces/msg/detail/bounding_box2_df__rosidl_typesupport_introspection_cpp.hpp
-- Installing: /home/aiv/YongJun_ws/ros2_ws/install/zed_interfaces/include/zed_interfaces/msg/detail/keypoint3_d__type_support.cpp
-- Installing: /home/aiv/YongJun_ws/ros2_ws/install/zed_interfaces/include/zed_interfaces/msg/detail/bounding_box3_d__rosidl_typesupport_introspection_cpp.hpp
-- Installing: /home/aiv/YongJun_ws/ros2_ws/install/zed_interfaces/include/zed_interfaces/msg/detail/object__rosidl_typesupport_introspection_cpp.hpp
-- Installing: /home/aiv/YongJun_ws/ros2_ws/install/zed_interfaces/include/zed_interfaces/msg/detail/pos_track_status__type_support.cpp
-- Installing: /home/aiv/YongJun_ws/ros2_ws/install/zed_interfaces/include/zed_interfaces/msg/detail/keypoint3_d__rosidl_typesupport_introspection_cpp.hpp
-- Installing: /home/aiv/YongJun_ws/ros2_ws/install/zed_interfaces/include/zed_interfaces/msg/detail/objects_stamped__type_support.cpp
-- Installing: /home/aiv/YongJun_ws/ros2_ws/install/zed_interfaces/include/zed_interfaces/msg/detail/mag_heading_status__type_support.cpp
-- Installing: /home/aiv/YongJun_ws/ros2_ws/install/zed_interfaces/include/zed_interfaces/msg/detail/keypoint2_di__rosidl_typesupport_introspection_cpp.hpp
-- Installing: /home/aiv/YongJun_ws/ros2_ws/install/zed_interfaces/include/zed_interfaces/msg/detail/heartbeat__type_support.cpp
-- Installing: /home/aiv/YongJun_ws/ros2_ws/install/zed_interfaces/include/zed_interfaces/msg/detail/keypoint2_df__type_support.cpp
-- Installing: /home/aiv/YongJun_ws/ros2_ws/install/zed_interfaces/include/zed_interfaces/msg/detail/skeleton2_d__rosidl_typesupport_introspection_cpp.hpp
-- Installing: /home/aiv/YongJun_ws/ros2_ws/install/zed_interfaces/include/zed_interfaces/msg/detail/keypoint2_df__rosidl_typesupport_introspection_cpp.hpp
-- Installing: /home/aiv/YongJun_ws/ros2_ws/install/zed_interfaces/include/zed_interfaces/msg/detail/skeleton2_d__type_support.cpp
-- Installing: /home/aiv/YongJun_ws/ros2_ws/install/zed_interfaces/include/zed_interfaces/msg/detail/plane_stamped__type_support.cpp
-- Installing: /home/aiv/YongJun_ws/ros2_ws/install/zed_interfaces/include/zed_interfaces/msg/detail/depth_info_stamped__type_support.cpp
-- Installing: /home/aiv/YongJun_ws/ros2_ws/install/zed_interfaces/include/zed_interfaces/msg/detail/bounding_box2_di__type_support.cpp
-- Installing: /home/aiv/YongJun_ws/ros2_ws/install/zed_interfaces/include/zed_interfaces/msg/detail/skeleton3_d__type_support.cpp
-- Installing: /home/aiv/YongJun_ws/ros2_ws/install/zed_interfaces/include/zed_interfaces/msg/detail/object__type_support.cpp
-- Installing: /home/aiv/YongJun_ws/ros2_ws/install/zed_interfaces/include/zed_interfaces/msg/detail/gnss_fusion_status__rosidl_typesupport_introspection_cpp.hpp
-- Installing: /home/aiv/YongJun_ws/ros2_ws/install/zed_interfaces/include/zed_interfaces/msg/detail/bounding_box2_di__rosidl_typesupport_introspection_cpp.hpp
-- Installing: /home/aiv/YongJun_ws/ros2_ws/install/zed_interfaces/include/zed_interfaces/msg/detail/gnss_fusion_status__type_support.cpp
-- Installing: /home/aiv/YongJun_ws/ros2_ws/install/zed_interfaces/include/zed_interfaces/msg/detail/bounding_box2_df__type_support.cpp
-- Installing: /home/aiv/YongJun_ws/ros2_ws/install/zed_interfaces/include/zed_interfaces/msg/detail/bounding_box3_d__type_support.cpp
-- Installing: /home/aiv/YongJun_ws/ros2_ws/install/zed_interfaces/include/zed_interfaces/msg/detail/skeleton3_d__rosidl_typesupport_introspection_cpp.hpp
-- Installing: /home/aiv/YongJun_ws/ros2_ws/install/zed_interfaces/lib/libzed_interfaces__rosidl_typesupport_introspection_cpp.so
-- Set runtime path of "/home/aiv/YongJun_ws/ros2_ws/install/zed_interfaces/lib/libzed_interfaces__rosidl_typesupport_introspection_cpp.so" to ""
-- Installing: /home/aiv/YongJun_ws/ros2_ws/install/zed_interfaces/lib/libzed_interfaces__rosidl_typesupport_cpp.so
-- Set runtime path of "/home/aiv/YongJun_ws/ros2_ws/install/zed_interfaces/lib/libzed_interfaces__rosidl_typesupport_cpp.so" to ""
-- Installing: /home/aiv/YongJun_ws/ros2_ws/install/zed_interfaces/share/zed_interfaces/environment/pythonpath.sh
-- Installing: /home/aiv/YongJun_ws/ros2_ws/install/zed_interfaces/share/zed_interfaces/environment/pythonpath.dsv
-- Installing: /home/aiv/YongJun_ws/ros2_ws/install/zed_interfaces/lib/python3.8/site-packages/zed_interfaces/__init__.py
Compiling '/home/aiv/YongJun_ws/ros2_ws/install/zed_interfaces/lib/python3.8/site-packages/zed_interfaces/__init__.py'...
-- Installing: /home/aiv/YongJun_ws/ros2_ws/install/zed_interfaces/lib/python3.8/site-packages/zed_interfaces/msg
-- Installing: /home/aiv/YongJun_ws/ros2_ws/install/zed_interfaces/lib/python3.8/site-packages/zed_interfaces/msg/_objects_stamped_s.c
-- Installing: /home/aiv/YongJun_ws/ros2_ws/install/zed_interfaces/lib/python3.8/site-packages/zed_interfaces/msg/_skeleton2_d.py
-- Installing: /home/aiv/YongJun_ws/ros2_ws/install/zed_interfaces/lib/python3.8/site-packages/zed_interfaces/msg/_bounding_box2_di_s.c
-- Installing: /home/aiv/YongJun_ws/ros2_ws/install/zed_interfaces/lib/python3.8/site-packages/zed_interfaces/msg/_bounding_box2_di.py
-- Installing: /home/aiv/YongJun_ws/ros2_ws/install/zed_interfaces/lib/python3.8/site-packages/zed_interfaces/msg/_plane_stamped_s.c
-- Installing: /home/aiv/YongJun_ws/ros2_ws/install/zed_interfaces/lib/python3.8/site-packages/zed_interfaces/msg/_bounding_box3_d_s.c
-- Installing: /home/aiv/YongJun_ws/ros2_ws/install/zed_interfaces/lib/python3.8/site-packages/zed_interfaces/msg/_skeleton3_d_s.c
-- Installing: /home/aiv/YongJun_ws/ros2_ws/install/zed_interfaces/lib/python3.8/site-packages/zed_interfaces/msg/_keypoint3_d_s.c
-- Installing: /home/aiv/YongJun_ws/ros2_ws/install/zed_interfaces/lib/python3.8/site-packages/zed_interfaces/msg/_object_s.c
-- Installing: /home/aiv/YongJun_ws/ros2_ws/install/zed_interfaces/lib/python3.8/site-packages/zed_interfaces/msg/_depth_info_stamped_s.c
-- Installing: /home/aiv/YongJun_ws/ros2_ws/install/zed_interfaces/lib/python3.8/site-packages/zed_interfaces/msg/_keypoint2_di.py
-- Installing: /home/aiv/YongJun_ws/ros2_ws/install/zed_interfaces/lib/python3.8/site-packages/zed_interfaces/msg/_objects_stamped.py
-- Installing: /home/aiv/YongJun_ws/ros2_ws/install/zed_interfaces/lib/python3.8/site-packages/zed_interfaces/msg/_bounding_box2_df_s.c
-- Installing: /home/aiv/YongJun_ws/ros2_ws/install/zed_interfaces/lib/python3.8/site-packages/zed_interfaces/msg/_gnss_fusion_status_s.c
-- Installing: /home/aiv/YongJun_ws/ros2_ws/install/zed_interfaces/lib/python3.8/site-packages/zed_interfaces/msg/_bounding_box2_df.py
-- Installing: /home/aiv/YongJun_ws/ros2_ws/install/zed_interfaces/lib/python3.8/site-packages/zed_interfaces/msg/_mag_heading_status.py
-- Installing: /home/aiv/YongJun_ws/ros2_ws/install/zed_interfaces/lib/python3.8/site-packages/zed_interfaces/msg/_keypoint3_d.py
-- Installing: /home/aiv/YongJun_ws/ros2_ws/install/zed_interfaces/lib/python3.8/site-packages/zed_interfaces/msg/_keypoint2_di_s.c
-- Installing: /home/aiv/YongJun_ws/ros2_ws/install/zed_interfaces/lib/python3.8/site-packages/zed_interfaces/msg/_heartbeat_s.c
-- Installing: /home/aiv/YongJun_ws/ros2_ws/install/zed_interfaces/lib/python3.8/site-packages/zed_interfaces/msg/_mag_heading_status_s.c
-- Installing: /home/aiv/YongJun_ws/ros2_ws/install/zed_interfaces/lib/python3.8/site-packages/zed_interfaces/msg/_keypoint2_df_s.c
-- Installing: /home/aiv/YongJun_ws/ros2_ws/install/zed_interfaces/lib/python3.8/site-packages/zed_interfaces/msg/_pos_track_status.py
-- Installing: /home/aiv/YongJun_ws/ros2_ws/install/zed_interfaces/lib/python3.8/site-packages/zed_interfaces/msg/_object.py
-- Installing: /home/aiv/YongJun_ws/ros2_ws/install/zed_interfaces/lib/python3.8/site-packages/zed_interfaces/msg/_depth_info_stamped.py
-- Installing: /home/aiv/YongJun_ws/ros2_ws/install/zed_interfaces/lib/python3.8/site-packages/zed_interfaces/msg/_keypoint2_df.py
-- Installing: /home/aiv/YongJun_ws/ros2_ws/install/zed_interfaces/lib/python3.8/site-packages/zed_interfaces/msg/_pos_track_status_s.c
-- Installing: /home/aiv/YongJun_ws/ros2_ws/install/zed_interfaces/lib/python3.8/site-packages/zed_interfaces/msg/__init__.py
-- Installing: /home/aiv/YongJun_ws/ros2_ws/install/zed_interfaces/lib/python3.8/site-packages/zed_interfaces/msg/_skeleton3_d.py
-- Installing: /home/aiv/YongJun_ws/ros2_ws/install/zed_interfaces/lib/python3.8/site-packages/zed_interfaces/msg/_gnss_fusion_status.py
-- Installing: /home/aiv/YongJun_ws/ros2_ws/install/zed_interfaces/lib/python3.8/site-packages/zed_interfaces/msg/_heartbeat.py
-- Installing: /home/aiv/YongJun_ws/ros2_ws/install/zed_interfaces/lib/python3.8/site-packages/zed_interfaces/msg/_skeleton2_d_s.c
-- Installing: /home/aiv/YongJun_ws/ros2_ws/install/zed_interfaces/lib/python3.8/site-packages/zed_interfaces/msg/_bounding_box3_d.py
-- Installing: /home/aiv/YongJun_ws/ros2_ws/install/zed_interfaces/lib/python3.8/site-packages/zed_interfaces/msg/_plane_stamped.py
-- Installing: /home/aiv/YongJun_ws/ros2_ws/install/zed_interfaces/lib/python3.8/site-packages/zed_interfaces/srv
-- Installing: /home/aiv/YongJun_ws/ros2_ws/install/zed_interfaces/lib/python3.8/site-packages/zed_interfaces/srv/_set_pose.py
-- Installing: /home/aiv/YongJun_ws/ros2_ws/install/zed_interfaces/lib/python3.8/site-packages/zed_interfaces/srv/_start_svo_rec_s.c
-- Installing: /home/aiv/YongJun_ws/ros2_ws/install/zed_interfaces/lib/python3.8/site-packages/zed_interfaces/srv/_set_roi.py
-- Installing: /home/aiv/YongJun_ws/ros2_ws/install/zed_interfaces/lib/python3.8/site-packages/zed_interfaces/srv/_start_svo_rec.py
-- Installing: /home/aiv/YongJun_ws/ros2_ws/install/zed_interfaces/lib/python3.8/site-packages/zed_interfaces/srv/_set_pose_s.c
-- Installing: /home/aiv/YongJun_ws/ros2_ws/install/zed_interfaces/lib/python3.8/site-packages/zed_interfaces/srv/__init__.py
-- Installing: /home/aiv/YongJun_ws/ros2_ws/install/zed_interfaces/lib/python3.8/site-packages/zed_interfaces/srv/_set_roi_s.c
-- Installing: /home/aiv/YongJun_ws/ros2_ws/install/zed_interfaces/lib/python3.8/site-packages/zed_interfaces/zed_interfaces_s__rosidl_typesupport_fastrtps_c.cpython-38-x86_64-linux-gnu.so
-- Set runtime path of "/home/aiv/YongJun_ws/ros2_ws/install/zed_interfaces/lib/python3.8/site-packages/zed_interfaces/zed_interfaces_s__rosidl_typesupport_fastrtps_c.cpython-38-x86_64-linux-gnu.so" to ""
-- Installing: /home/aiv/YongJun_ws/ros2_ws/install/zed_interfaces/lib/python3.8/site-packages/zed_interfaces/zed_interfaces_s__rosidl_typesupport_introspection_c.cpython-38-x86_64-linux-gnu.so
-- Set runtime path of "/home/aiv/YongJun_ws/ros2_ws/install/zed_interfaces/lib/python3.8/site-packages/zed_interfaces/zed_interfaces_s__rosidl_typesupport_introspection_c.cpython-38-x86_64-linux-gnu.so" to ""
-- Installing: /home/aiv/YongJun_ws/ros2_ws/install/zed_interfaces/lib/python3.8/site-packages/zed_interfaces/zed_interfaces_s__rosidl_typesupport_c.cpython-38-x86_64-linux-gnu.so
-- Set runtime path of "/home/aiv/YongJun_ws/ros2_ws/install/zed_interfaces/lib/python3.8/site-packages/zed_interfaces/zed_interfaces_s__rosidl_typesupport_c.cpython-38-x86_64-linux-gnu.so" to ""
-- Installing: /home/aiv/YongJun_ws/ros2_ws/install/zed_interfaces/lib/libzed_interfaces__python.so
-- Set runtime path of "/home/aiv/YongJun_ws/ros2_ws/install/zed_interfaces/lib/libzed_interfaces__python.so" to ""
-- Installing: /home/aiv/YongJun_ws/ros2_ws/install/zed_interfaces/share/zed_interfaces/msg/Object.idl
-- Installing: /home/aiv/YongJun_ws/ros2_ws/install/zed_interfaces/share/zed_interfaces/msg/ObjectsStamped.idl
-- Installing: /home/aiv/YongJun_ws/ros2_ws/install/zed_interfaces/share/zed_interfaces/msg/Keypoint2Di.idl
-- Installing: /home/aiv/YongJun_ws/ros2_ws/install/zed_interfaces/share/zed_interfaces/msg/Keypoint2Df.idl
-- Installing: /home/aiv/YongJun_ws/ros2_ws/install/zed_interfaces/share/zed_interfaces/msg/Keypoint3D.idl
-- Installing: /home/aiv/YongJun_ws/ros2_ws/install/zed_interfaces/share/zed_interfaces/msg/BoundingBox2Di.idl
-- Installing: /home/aiv/YongJun_ws/ros2_ws/install/zed_interfaces/share/zed_interfaces/msg/BoundingBox2Df.idl
-- Installing: /home/aiv/YongJun_ws/ros2_ws/install/zed_interfaces/share/zed_interfaces/msg/BoundingBox3D.idl
-- Installing: /home/aiv/YongJun_ws/ros2_ws/install/zed_interfaces/share/zed_interfaces/msg/Skeleton2D.idl
-- Installing: /home/aiv/YongJun_ws/ros2_ws/install/zed_interfaces/share/zed_interfaces/msg/Skeleton3D.idl
-- Installing: /home/aiv/YongJun_ws/ros2_ws/install/zed_interfaces/share/zed_interfaces/msg/DepthInfoStamped.idl
-- Installing: /home/aiv/YongJun_ws/ros2_ws/install/zed_interfaces/share/zed_interfaces/msg/PlaneStamped.idl
-- Installing: /home/aiv/YongJun_ws/ros2_ws/install/zed_interfaces/share/zed_interfaces/msg/PosTrackStatus.idl
-- Installing: /home/aiv/YongJun_ws/ros2_ws/install/zed_interfaces/share/zed_interfaces/msg/GnssFusionStatus.idl
-- Installing: /home/aiv/YongJun_ws/ros2_ws/install/zed_interfaces/share/zed_interfaces/msg/Heartbeat.idl
-- Installing: /home/aiv/YongJun_ws/ros2_ws/install/zed_interfaces/share/zed_interfaces/msg/MagHeadingStatus.idl
-- Installing: /home/aiv/YongJun_ws/ros2_ws/install/zed_interfaces/share/zed_interfaces/srv/SetPose.idl
-- Installing: /home/aiv/YongJun_ws/ros2_ws/install/zed_interfaces/share/zed_interfaces/srv/StartSvoRec.idl
-- Installing: /home/aiv/YongJun_ws/ros2_ws/install/zed_interfaces/share/zed_interfaces/srv/SetROI.idl
-- Installing: /home/aiv/YongJun_ws/ros2_ws/install/zed_interfaces/share/zed_interfaces/msg/Object.msg
-- Installing: /home/aiv/YongJun_ws/ros2_ws/install/zed_interfaces/share/zed_interfaces/msg/ObjectsStamped.msg
-- Installing: /home/aiv/YongJun_ws/ros2_ws/install/zed_interfaces/share/zed_interfaces/msg/Keypoint2Di.msg
-- Installing: /home/aiv/YongJun_ws/ros2_ws/install/zed_interfaces/share/zed_interfaces/msg/Keypoint2Df.msg
-- Installing: /home/aiv/YongJun_ws/ros2_ws/install/zed_interfaces/share/zed_interfaces/msg/Keypoint3D.msg
-- Installing: /home/aiv/YongJun_ws/ros2_ws/install/zed_interfaces/share/zed_interfaces/msg/BoundingBox2Di.msg
-- Installing: /home/aiv/YongJun_ws/ros2_ws/install/zed_interfaces/share/zed_interfaces/msg/BoundingBox2Df.msg
-- Installing: /home/aiv/YongJun_ws/ros2_ws/install/zed_interfaces/share/zed_interfaces/msg/BoundingBox3D.msg
-- Installing: /home/aiv/YongJun_ws/ros2_ws/install/zed_interfaces/share/zed_interfaces/msg/Skeleton2D.msg
-- Installing: /home/aiv/YongJun_ws/ros2_ws/install/zed_interfaces/share/zed_interfaces/msg/Skeleton3D.msg
-- Installing: /home/aiv/YongJun_ws/ros2_ws/install/zed_interfaces/share/zed_interfaces/msg/DepthInfoStamped.msg
-- Installing: /home/aiv/YongJun_ws/ros2_ws/install/zed_interfaces/share/zed_interfaces/msg/PlaneStamped.msg
-- Installing: /home/aiv/YongJun_ws/ros2_ws/install/zed_interfaces/share/zed_interfaces/msg/PosTrackStatus.msg
-- Installing: /home/aiv/YongJun_ws/ros2_ws/install/zed_interfaces/share/zed_interfaces/msg/GnssFusionStatus.msg
-- Installing: /home/aiv/YongJun_ws/ros2_ws/install/zed_interfaces/share/zed_interfaces/msg/Heartbeat.msg
-- Installing: /home/aiv/YongJun_ws/ros2_ws/install/zed_interfaces/share/zed_interfaces/msg/MagHeadingStatus.msg
-- Installing: /home/aiv/YongJun_ws/ros2_ws/install/zed_interfaces/share/zed_interfaces/srv/SetPose.srv
-- Installing: /home/aiv/YongJun_ws/ros2_ws/install/zed_interfaces/share/zed_interfaces/srv/SetPose_Request.msg
-- Installing: /home/aiv/YongJun_ws/ros2_ws/install/zed_interfaces/share/zed_interfaces/srv/SetPose_Response.msg
-- Installing: /home/aiv/YongJun_ws/ros2_ws/install/zed_interfaces/share/zed_interfaces/srv/StartSvoRec.srv
-- Installing: /home/aiv/YongJun_ws/ros2_ws/install/zed_interfaces/share/zed_interfaces/srv/StartSvoRec_Request.msg
-- Installing: /home/aiv/YongJun_ws/ros2_ws/install/zed_interfaces/share/zed_interfaces/srv/StartSvoRec_Response.msg
-- Installing: /home/aiv/YongJun_ws/ros2_ws/install/zed_interfaces/share/zed_interfaces/srv/SetROI.srv
-- Installing: /home/aiv/YongJun_ws/ros2_ws/install/zed_interfaces/share/zed_interfaces/srv/SetROI_Request.msg
-- Installing: /home/aiv/YongJun_ws/ros2_ws/install/zed_interfaces/share/zed_interfaces/srv/SetROI_Response.msg
-- Installing: /home/aiv/YongJun_ws/ros2_ws/install/zed_interfaces/share/zed_interfaces/meshes
-- Installing: /home/aiv/YongJun_ws/ros2_ws/install/zed_interfaces/share/zed_interfaces/meshes/virtual.stl
-- Installing: /home/aiv/YongJun_ws/ros2_ws/install/zed_interfaces/share/zed_interfaces/meshes/zedx.stl
-- Installing: /home/aiv/YongJun_ws/ros2_ws/install/zed_interfaces/share/zed_interfaces/meshes/zed2i.stl
-- Installing: /home/aiv/YongJun_ws/ros2_ws/install/zed_interfaces/share/zed_interfaces/meshes/zed.stl
-- Installing: /home/aiv/YongJun_ws/ros2_ws/install/zed_interfaces/share/zed_interfaces/meshes/zed2.stl
-- Installing: /home/aiv/YongJun_ws/ros2_ws/install/zed_interfaces/share/zed_interfaces/meshes/zedxm.stl
-- Installing: /home/aiv/YongJun_ws/ros2_ws/install/zed_interfaces/share/zed_interfaces/meshes/zedm.stl
-- Installing: /home/aiv/YongJun_ws/ros2_ws/install/zed_interfaces/share/ament_index/resource_index/package_run_dependencies/zed_interfaces
-- Installing: /home/aiv/YongJun_ws/ros2_ws/install/zed_interfaces/share/ament_index/resource_index/parent_prefix_path/zed_interfaces
-- Installing: /home/aiv/YongJun_ws/ros2_ws/install/zed_interfaces/share/zed_interfaces/environment/ament_prefix_path.sh
-- Installing: /home/aiv/YongJun_ws/ros2_ws/install/zed_interfaces/share/zed_interfaces/environment/ament_prefix_path.dsv
-- Installing: /home/aiv/YongJun_ws/ros2_ws/install/zed_interfaces/share/zed_interfaces/environment/path.sh
-- Installing: /home/aiv/YongJun_ws/ros2_ws/install/zed_interfaces/share/zed_interfaces/environment/path.dsv
-- Installing: /home/aiv/YongJun_ws/ros2_ws/install/zed_interfaces/share/zed_interfaces/local_setup.bash
-- Installing: /home/aiv/YongJun_ws/ros2_ws/install/zed_interfaces/share/zed_interfaces/local_setup.sh
-- Installing: /home/aiv/YongJun_ws/ros2_ws/install/zed_interfaces/share/zed_interfaces/local_setup.zsh
-- Installing: /home/aiv/YongJun_ws/ros2_ws/install/zed_interfaces/share/zed_interfaces/local_setup.dsv
-- Installing: /home/aiv/YongJun_ws/ros2_ws/install/zed_interfaces/share/zed_interfaces/package.dsv
-- Installing: /home/aiv/YongJun_ws/ros2_ws/install/zed_interfaces/share/ament_index/resource_index/packages/zed_interfaces
-- Installing: /home/aiv/YongJun_ws/ros2_ws/install/zed_interfaces/share/zed_interfaces/cmake/zed_interfaces__rosidl_generator_cExport.cmake
-- Installing: /home/aiv/YongJun_ws/ros2_ws/install/zed_interfaces/share/zed_interfaces/cmake/zed_interfaces__rosidl_generator_cExport-noconfig.cmake
-- Installing: /home/aiv/YongJun_ws/ros2_ws/install/zed_interfaces/share/zed_interfaces/cmake/zed_interfaces__rosidl_typesupport_introspection_cExport.cmake
-- Installing: /home/aiv/YongJun_ws/ros2_ws/install/zed_interfaces/share/zed_interfaces/cmake/zed_interfaces__rosidl_typesupport_introspection_cExport-noconfig.cmake
-- Installing: /home/aiv/YongJun_ws/ros2_ws/install/zed_interfaces/share/zed_interfaces/cmake/zed_interfaces__rosidl_typesupport_cExport.cmake
-- Installing: /home/aiv/YongJun_ws/ros2_ws/install/zed_interfaces/share/zed_interfaces/cmake/zed_interfaces__rosidl_typesupport_cExport-noconfig.cmake
-- Installing: /home/aiv/YongJun_ws/ros2_ws/install/zed_interfaces/share/zed_interfaces/cmake/zed_interfaces__rosidl_generator_cppExport.cmake
-- Installing: /home/aiv/YongJun_ws/ros2_ws/install/zed_interfaces/share/zed_interfaces/cmake/zed_interfaces__rosidl_typesupport_introspection_cppExport.cmake
-- Installing: /home/aiv/YongJun_ws/ros2_ws/install/zed_interfaces/share/zed_interfaces/cmake/zed_interfaces__rosidl_typesupport_introspection_cppExport-noconfig.cmake
-- Installing: /home/aiv/YongJun_ws/ros2_ws/install/zed_interfaces/share/zed_interfaces/cmake/zed_interfaces__rosidl_typesupport_cppExport.cmake
-- Installing: /home/aiv/YongJun_ws/ros2_ws/install/zed_interfaces/share/zed_interfaces/cmake/zed_interfaces__rosidl_typesupport_cppExport-noconfig.cmake
-- Installing: /home/aiv/YongJun_ws/ros2_ws/install/zed_interfaces/share/zed_interfaces/cmake/rosidl_cmake-extras.cmake
-- Installing: /home/aiv/YongJun_ws/ros2_ws/install/zed_interfaces/share/zed_interfaces/cmake/ament_cmake_export_dependencies-extras.cmake
-- Installing: /home/aiv/YongJun_ws/ros2_ws/install/zed_interfaces/share/zed_interfaces/cmake/ament_cmake_export_libraries-extras.cmake
-- Installing: /home/aiv/YongJun_ws/ros2_ws/install/zed_interfaces/share/zed_interfaces/cmake/ament_cmake_export_targets-extras.cmake
-- Installing: /home/aiv/YongJun_ws/ros2_ws/install/zed_interfaces/share/zed_interfaces/cmake/ament_cmake_export_include_directories-extras.cmake
-- Installing: /home/aiv/YongJun_ws/ros2_ws/install/zed_interfaces/share/zed_interfaces/cmake/rosidl_cmake_export_typesupport_libraries-extras.cmake
-- Installing: /home/aiv/YongJun_ws/ros2_ws/install/zed_interfaces/share/zed_interfaces/cmake/rosidl_cmake_export_typesupport_targets-extras.cmake
-- Installing: /home/aiv/YongJun_ws/ros2_ws/install/zed_interfaces/share/zed_interfaces/cmake/zed_interfacesConfig.cmake
-- Installing: /home/aiv/YongJun_ws/ros2_ws/install/zed_interfaces/share/zed_interfaces/cmake/zed_interfacesConfig-version.cmake
-- Installing: /home/aiv/YongJun_ws/ros2_ws/install/zed_interfaces/share/zed_interfaces/package.xml
