[0.202s] Invoking command in '/home/yong/YongJun/build/yolov8_msgs': CMAKE_PREFIX_PATH=/opt/ros/foxy /usr/bin/cmake /home/yong/YongJun/src/yolov8_ros/src/yolov8_ros/yolov8_msgs -DAMENT_CMAKE_SYMLINK_INSTALL=1 -DCMAKE_INSTALL_PREFIX=/home/yong/YongJun/install/yolov8_msgs
[0.235s] -- The C compiler identification is GNU 9.4.0
[0.269s] -- The CXX compiler identification is GNU 9.4.0
[0.272s] -- Check for working C compiler: /usr/bin/cc
[0.316s] -- Check for working C compiler: /usr/bin/cc -- works
[0.316s] -- Detecting C compiler ABI info
[0.360s] -- Detecting C compiler ABI info - done
[0.368s] -- Detecting C compile features
[0.368s] -- Detecting C compile features - done
[0.370s] -- Check for working CXX compiler: /usr/bin/c++
[0.421s] -- Check for working CXX compiler: /usr/bin/c++ -- works
[0.422s] -- Detecting CXX compiler ABI info
[0.474s] -- Detecting CXX compiler ABI info - done
[0.483s] -- Detecting CXX compile features
[0.483s] -- Detecting CXX compile features - done
[0.485s] -- Found ament_cmake: 0.9.12 (/opt/ros/foxy/share/ament_cmake/cmake)
[0.501s] -- Found PythonInterp: /usr/bin/python3 (found suitable version "3.8.10", minimum required is "3") 
[0.501s] -- Using PYTHON_EXECUTABLE: /usr/bin/python3
[0.656s] -- Override CMake install command with custom implementation using symlinks instead of copying resources
[0.669s] -- Found rosidl_default_generators: 1.0.1 (/opt/ros/foxy/share/rosidl_default_generators/cmake)
[0.671s] -- Using all available rosidl_typesupport_c: rosidl_typesupport_fastrtps_c;rosidl_typesupport_introspection_c
[0.675s] -- Found rosidl_adapter: 1.3.1 (/opt/ros/foxy/share/rosidl_adapter/cmake)
[0.735s] -- Found OpenSSL: /usr/lib/x86_64-linux-gnu/libcrypto.so (found version "1.1.1f")  
[0.755s] -- Found FastRTPS: /opt/ros/foxy/include  
[0.810s] -- Using all available rosidl_typesupport_cpp: rosidl_typesupport_fastrtps_cpp;rosidl_typesupport_introspection_cpp
[0.829s] -- Found std_msgs: 2.0.5 (/opt/ros/foxy/share/std_msgs/cmake)
[0.854s] -- Found geometry_msgs: 2.0.5 (/opt/ros/foxy/share/geometry_msgs/cmake)
[0.895s] -- Found PythonInterp: /usr/bin/python3 (found version "3.8.10") 
[1.068s] -- Found ament_cmake_ros: 0.9.2 (/opt/ros/foxy/share/ament_cmake_ros/cmake)
[1.246s] -- Using all available rosidl_typesupport_c: rosidl_typesupport_fastrtps_c;rosidl_typesupport_introspection_c
[1.329s] -- Using all available rosidl_typesupport_cpp: rosidl_typesupport_fastrtps_cpp;rosidl_typesupport_introspection_cpp
[1.347s] -- Found PythonInterp: /usr/bin/python3 (found suitable version "3.8.10", minimum required is "3.5") 
[1.348s] -- Found python_cmake_module: 0.8.1 (/opt/ros/foxy/share/python_cmake_module/cmake)
[1.367s] -- Found PythonLibs: /usr/lib/x86_64-linux-gnu/libpython3.8.so (found suitable version "3.8.10", minimum required is "3.5") 
[1.367s] -- Using PYTHON_EXECUTABLE: /usr/bin/python3
[1.367s] -- Using PYTHON_INCLUDE_DIRS: /usr/include/python3.8
[1.367s] -- Using PYTHON_LIBRARIES: /usr/lib/x86_64-linux-gnu/libpython3.8.so
[1.382s] -- Found PythonExtra: .so  
[1.450s] -- Configuring done
[1.502s] -- Generating done
[1.504s] -- Build files have been written to: /home/yong/YongJun/build/yolov8_msgs
[1.510s] Invoked command in '/home/yong/YongJun/build/yolov8_msgs' returned '0': CMAKE_PREFIX_PATH=/opt/ros/foxy /usr/bin/cmake /home/yong/YongJun/src/yolov8_ros/src/yolov8_ros/yolov8_msgs -DAMENT_CMAKE_SYMLINK_INSTALL=1 -DCMAKE_INSTALL_PREFIX=/home/yong/YongJun/install/yolov8_msgs
[1.512s] Invoking command in '/home/yong/YongJun/build/yolov8_msgs': CMAKE_PREFIX_PATH=/opt/ros/foxy /usr/bin/cmake --build /home/yong/YongJun/build/yolov8_msgs -- -j8 -l8
[1.543s] [  1%] [34m[1mGenerating C code for ROS interfaces[0m
[1.543s] [35m[1mScanning dependencies of target yolov8_msgs__cpp[0m
[1.550s] [  1%] [34m[1mGenerating C++ code for ROS interfaces[0m
[2.369s] [  1%] Built target yolov8_msgs__cpp
[2.380s] [  2%] [34m[1mGenerating C++ introspection for ROS interfaces[0m
[2.380s] [  2%] [34m[1mGenerating C++ type support for eProsima Fast-RTPS[0m
[2.382s] [  3%] [34m[1mGenerating C++ type support dispatch for ROS interfaces[0m
[2.568s] [35m[1mScanning dependencies of target yolov8_msgs__rosidl_generator_c[0m
[2.581s] [  4%] [32mBuilding C object CMakeFiles/yolov8_msgs__rosidl_generator_c.dir/rosidl_generator_c/yolov8_msgs/msg/detail/point2_d__functions.c.o[0m
[2.587s] [  5%] [32mBuilding C object CMakeFiles/yolov8_msgs__rosidl_generator_c.dir/rosidl_generator_c/yolov8_msgs/msg/detail/vector2__functions.c.o[0m
[2.594s] [  5%] [32mBuilding C object CMakeFiles/yolov8_msgs__rosidl_generator_c.dir/rosidl_generator_c/yolov8_msgs/msg/detail/pose2_d__functions.c.o[0m
[2.631s] [  6%] [32mBuilding C object CMakeFiles/yolov8_msgs__rosidl_generator_c.dir/rosidl_generator_c/yolov8_msgs/msg/detail/mask__functions.c.o[0m
[2.637s] [  7%] [32mBuilding C object CMakeFiles/yolov8_msgs__rosidl_generator_c.dir/rosidl_generator_c/yolov8_msgs/msg/detail/bounding_box2_d__functions.c.o[0m
[2.646s] [  8%] [32mBuilding C object CMakeFiles/yolov8_msgs__rosidl_generator_c.dir/rosidl_generator_c/yolov8_msgs/msg/detail/bounding_box3_d__functions.c.o[0m
[2.688s] [  9%] [32mBuilding C object CMakeFiles/yolov8_msgs__rosidl_generator_c.dir/rosidl_generator_c/yolov8_msgs/msg/detail/key_point2_d_array__functions.c.o[0m
[2.694s] [ 10%] [32mBuilding C object CMakeFiles/yolov8_msgs__rosidl_generator_c.dir/rosidl_generator_c/yolov8_msgs/msg/detail/key_point2_d__functions.c.o[0m
[2.699s] [ 11%] [32mBuilding C object CMakeFiles/yolov8_msgs__rosidl_generator_c.dir/rosidl_generator_c/yolov8_msgs/msg/detail/key_point3_d__functions.c.o[0m
[2.707s] [ 11%] [32mBuilding C object CMakeFiles/yolov8_msgs__rosidl_generator_c.dir/rosidl_generator_c/yolov8_msgs/msg/detail/key_point3_d_array__functions.c.o[0m
[2.738s] [ 12%] [32mBuilding C object CMakeFiles/yolov8_msgs__rosidl_generator_c.dir/rosidl_generator_c/yolov8_msgs/msg/detail/detection__functions.c.o[0m
[2.746s] [ 13%] [32mBuilding C object CMakeFiles/yolov8_msgs__rosidl_generator_c.dir/rosidl_generator_c/yolov8_msgs/msg/detail/detection_array__functions.c.o[0m
[2.788s] [ 14%] [32m[1mLinking C shared library libyolov8_msgs__rosidl_generator_c.so[0m
[2.816s] [ 14%] Built target yolov8_msgs__rosidl_generator_c
[2.824s] [ 16%] [34m[1mGenerating C introspection for ROS interfaces[0m
[2.824s] [ 16%] [34m[1mGenerating C type support dispatch for ROS interfaces[0m
[2.951s] [35m[1mScanning dependencies of target yolov8_msgs__rosidl_typesupport_cpp[0m
[2.964s] [ 17%] [32mBuilding CXX object CMakeFiles/yolov8_msgs__rosidl_typesupport_cpp.dir/rosidl_typesupport_cpp/yolov8_msgs/msg/vector2__type_support.cpp.o[0m
[2.969s] [ 18%] [32mBuilding CXX object CMakeFiles/yolov8_msgs__rosidl_typesupport_cpp.dir/rosidl_typesupport_cpp/yolov8_msgs/msg/pose2_d__type_support.cpp.o[0m
[2.975s] [ 19%] [32mBuilding CXX object CMakeFiles/yolov8_msgs__rosidl_typesupport_cpp.dir/rosidl_typesupport_cpp/yolov8_msgs/msg/bounding_box2_d__type_support.cpp.o[0m
[2.976s] [ 20%] [32mBuilding CXX object CMakeFiles/yolov8_msgs__rosidl_typesupport_cpp.dir/rosidl_typesupport_cpp/yolov8_msgs/msg/point2_d__type_support.cpp.o[0m
[3.240s] [ 20%] [32mBuilding CXX object CMakeFiles/yolov8_msgs__rosidl_typesupport_cpp.dir/rosidl_typesupport_cpp/yolov8_msgs/msg/bounding_box3_d__type_support.cpp.o[0m
[3.286s] [ 21%] [32mBuilding CXX object CMakeFiles/yolov8_msgs__rosidl_typesupport_cpp.dir/rosidl_typesupport_cpp/yolov8_msgs/msg/mask__type_support.cpp.o[0m
[3.347s] [35m[1mScanning dependencies of target yolov8_msgs__rosidl_typesupport_introspection_cpp[0m
[3.370s] [ 22%] [32mBuilding CXX object CMakeFiles/yolov8_msgs__rosidl_typesupport_cpp.dir/rosidl_typesupport_cpp/yolov8_msgs/msg/key_point2_d_array__type_support.cpp.o[0m
[3.372s] [ 23%] [32mBuilding CXX object CMakeFiles/yolov8_msgs__rosidl_typesupport_cpp.dir/rosidl_typesupport_cpp/yolov8_msgs/msg/key_point2_d__type_support.cpp.o[0m
[3.375s] [ 23%] [32mBuilding CXX object CMakeFiles/yolov8_msgs__rosidl_typesupport_introspection_cpp.dir/rosidl_typesupport_introspection_cpp/yolov8_msgs/msg/detail/point2_d__type_support.cpp.o[0m
[3.418s] [35m[1mScanning dependencies of target yolov8_msgs__rosidl_typesupport_fastrtps_cpp[0m
[3.462s] [ 24%] [32mBuilding CXX object CMakeFiles/yolov8_msgs__rosidl_typesupport_fastrtps_cpp.dir/rosidl_typesupport_fastrtps_cpp/yolov8_msgs/msg/detail/dds_fastrtps/point2_d__type_support.cpp.o[0m
[3.500s] [ 25%] [32mBuilding CXX object CMakeFiles/yolov8_msgs__rosidl_typesupport_cpp.dir/rosidl_typesupport_cpp/yolov8_msgs/msg/key_point3_d__type_support.cpp.o[0m
[3.503s] [ 26%] [32mBuilding CXX object CMakeFiles/yolov8_msgs__rosidl_typesupport_cpp.dir/rosidl_typesupport_cpp/yolov8_msgs/msg/key_point3_d_array__type_support.cpp.o[0m
[3.510s] [35m[1mScanning dependencies of target yolov8_msgs__rosidl_typesupport_c[0m
[3.528s] [ 27%] [32mBuilding CXX object CMakeFiles/yolov8_msgs__rosidl_typesupport_c.dir/rosidl_typesupport_c/yolov8_msgs/msg/point2_d__type_support.cpp.o[0m
[3.583s] [ 27%] [32mBuilding CXX object CMakeFiles/yolov8_msgs__rosidl_typesupport_cpp.dir/rosidl_typesupport_cpp/yolov8_msgs/msg/detection__type_support.cpp.o[0m
[3.592s] [ 27%] [32mBuilding CXX object CMakeFiles/yolov8_msgs__rosidl_typesupport_c.dir/rosidl_typesupport_c/yolov8_msgs/msg/vector2__type_support.cpp.o[0m
[3.654s] [ 28%] [32mBuilding CXX object CMakeFiles/yolov8_msgs__rosidl_typesupport_cpp.dir/rosidl_typesupport_cpp/yolov8_msgs/msg/detection_array__type_support.cpp.o[0m
[3.655s] [ 29%] [32mBuilding CXX object CMakeFiles/yolov8_msgs__rosidl_typesupport_c.dir/rosidl_typesupport_c/yolov8_msgs/msg/pose2_d__type_support.cpp.o[0m
[3.688s] [ 30%] [32mBuilding CXX object CMakeFiles/yolov8_msgs__rosidl_typesupport_introspection_cpp.dir/rosidl_typesupport_introspection_cpp/yolov8_msgs/msg/detail/vector2__type_support.cpp.o[0m
[3.714s] [ 31%] [32mBuilding CXX object CMakeFiles/yolov8_msgs__rosidl_typesupport_c.dir/rosidl_typesupport_c/yolov8_msgs/msg/bounding_box2_d__type_support.cpp.o[0m
[3.748s] [ 32%] [32mBuilding CXX object CMakeFiles/yolov8_msgs__rosidl_typesupport_c.dir/rosidl_typesupport_c/yolov8_msgs/msg/bounding_box3_d__type_support.cpp.o[0m
[3.774s] [ 33%] [32mBuilding CXX object CMakeFiles/yolov8_msgs__rosidl_typesupport_c.dir/rosidl_typesupport_c/yolov8_msgs/msg/mask__type_support.cpp.o[0m
[3.782s] [ 34%] [32mBuilding CXX object CMakeFiles/yolov8_msgs__rosidl_typesupport_fastrtps_cpp.dir/rosidl_typesupport_fastrtps_cpp/yolov8_msgs/msg/detail/dds_fastrtps/vector2__type_support.cpp.o[0m
[3.782s] [35m[1mScanning dependencies of target yolov8_msgs__rosidl_typesupport_introspection_c[0m
[3.804s] [ 35%] [32mBuilding C object CMakeFiles/yolov8_msgs__rosidl_typesupport_introspection_c.dir/rosidl_typesupport_introspection_c/yolov8_msgs/msg/detail/vector2__type_support.c.o[0m
[3.818s] [ 36%] [32mBuilding C object CMakeFiles/yolov8_msgs__rosidl_typesupport_introspection_c.dir/rosidl_typesupport_introspection_c/yolov8_msgs/msg/detail/point2_d__type_support.c.o[0m
[3.821s] [ 37%] [32mBuilding CXX object CMakeFiles/yolov8_msgs__rosidl_typesupport_c.dir/rosidl_typesupport_c/yolov8_msgs/msg/key_point2_d__type_support.cpp.o[0m
[3.834s] [ 38%] [32mBuilding CXX object CMakeFiles/yolov8_msgs__rosidl_typesupport_introspection_cpp.dir/rosidl_typesupport_introspection_cpp/yolov8_msgs/msg/detail/pose2_d__type_support.cpp.o[0m
[3.841s] [ 38%] [32mBuilding CXX object CMakeFiles/yolov8_msgs__rosidl_typesupport_c.dir/rosidl_typesupport_c/yolov8_msgs/msg/key_point2_d_array__type_support.cpp.o[0m
[3.853s] [ 39%] [32mBuilding C object CMakeFiles/yolov8_msgs__rosidl_typesupport_introspection_c.dir/rosidl_typesupport_introspection_c/yolov8_msgs/msg/detail/pose2_d__type_support.c.o[0m
[3.874s] [ 40%] [32mBuilding CXX object CMakeFiles/yolov8_msgs__rosidl_typesupport_c.dir/rosidl_typesupport_c/yolov8_msgs/msg/key_point3_d__type_support.cpp.o[0m
[3.895s] [ 41%] [32mBuilding C object CMakeFiles/yolov8_msgs__rosidl_typesupport_introspection_c.dir/rosidl_typesupport_introspection_c/yolov8_msgs/msg/detail/bounding_box2_d__type_support.c.o[0m
[3.895s] [ 41%] [32mBuilding C object CMakeFiles/yolov8_msgs__rosidl_typesupport_introspection_c.dir/rosidl_typesupport_introspection_c/yolov8_msgs/msg/detail/bounding_box3_d__type_support.c.o[0m
[3.895s] [ 42%] [32mBuilding CXX object CMakeFiles/yolov8_msgs__rosidl_typesupport_c.dir/rosidl_typesupport_c/yolov8_msgs/msg/key_point3_d_array__type_support.cpp.o[0m
[3.902s] [ 43%] [32mBuilding CXX object CMakeFiles/yolov8_msgs__rosidl_typesupport_fastrtps_cpp.dir/rosidl_typesupport_fastrtps_cpp/yolov8_msgs/msg/detail/dds_fastrtps/pose2_d__type_support.cpp.o[0m
[3.909s] [ 44%] [32m[1mLinking CXX shared library libyolov8_msgs__rosidl_typesupport_cpp.so[0m
[3.921s] [ 45%] [32mBuilding CXX object CMakeFiles/yolov8_msgs__rosidl_typesupport_fastrtps_cpp.dir/rosidl_typesupport_fastrtps_cpp/yolov8_msgs/msg/detail/dds_fastrtps/bounding_box2_d__type_support.cpp.o[0m
[3.941s] [ 46%] [32mBuilding CXX object CMakeFiles/yolov8_msgs__rosidl_typesupport_introspection_cpp.dir/rosidl_typesupport_introspection_cpp/yolov8_msgs/msg/detail/bounding_box2_d__type_support.cpp.o[0m
[3.948s] [ 47%] [32mBuilding CXX object CMakeFiles/yolov8_msgs__rosidl_typesupport_c.dir/rosidl_typesupport_c/yolov8_msgs/msg/detection__type_support.cpp.o[0m
[3.960s] [ 48%] [32mBuilding C object CMakeFiles/yolov8_msgs__rosidl_typesupport_introspection_c.dir/rosidl_typesupport_introspection_c/yolov8_msgs/msg/detail/mask__type_support.c.o[0m
[3.968s] [ 48%] Built target yolov8_msgs__rosidl_typesupport_cpp
[3.975s] [ 49%] [32mBuilding CXX object CMakeFiles/yolov8_msgs__rosidl_typesupport_introspection_cpp.dir/rosidl_typesupport_introspection_cpp/yolov8_msgs/msg/detail/bounding_box3_d__type_support.cpp.o[0m
[4.008s] [ 50%] [32mBuilding CXX object CMakeFiles/yolov8_msgs__rosidl_typesupport_c.dir/rosidl_typesupport_c/yolov8_msgs/msg/detection_array__type_support.cpp.o[0m
[4.062s] [ 51%] [32mBuilding C object CMakeFiles/yolov8_msgs__rosidl_typesupport_introspection_c.dir/rosidl_typesupport_introspection_c/yolov8_msgs/msg/detail/key_point2_d__type_support.c.o[0m
[4.069s] [ 52%] [32mBuilding C object CMakeFiles/yolov8_msgs__rosidl_typesupport_introspection_c.dir/rosidl_typesupport_introspection_c/yolov8_msgs/msg/detail/key_point2_d_array__type_support.c.o[0m
[4.095s] [ 53%] [32m[1mLinking CXX shared library libyolov8_msgs__rosidl_typesupport_c.so[0m
[4.108s] [ 54%] [32mBuilding CXX object CMakeFiles/yolov8_msgs__rosidl_typesupport_fastrtps_cpp.dir/rosidl_typesupport_fastrtps_cpp/yolov8_msgs/msg/detail/dds_fastrtps/bounding_box3_d__type_support.cpp.o[0m
[4.146s] [ 54%] [32mBuilding CXX object CMakeFiles/yolov8_msgs__rosidl_typesupport_fastrtps_cpp.dir/rosidl_typesupport_fastrtps_cpp/yolov8_msgs/msg/detail/dds_fastrtps/mask__type_support.cpp.o[0m
[4.147s] [ 55%] [32mBuilding C object CMakeFiles/yolov8_msgs__rosidl_typesupport_introspection_c.dir/rosidl_typesupport_introspection_c/yolov8_msgs/msg/detail/key_point3_d__type_support.c.o[0m
[4.154s] [ 55%] Built target yolov8_msgs__rosidl_typesupport_c
[4.161s] [ 56%] [32mBuilding CXX object CMakeFiles/yolov8_msgs__rosidl_typesupport_fastrtps_cpp.dir/rosidl_typesupport_fastrtps_cpp/yolov8_msgs/msg/detail/dds_fastrtps/key_point2_d__type_support.cpp.o[0m
[4.177s] [ 57%] [32mBuilding C object CMakeFiles/yolov8_msgs__rosidl_typesupport_introspection_c.dir/rosidl_typesupport_introspection_c/yolov8_msgs/msg/detail/key_point3_d_array__type_support.c.o[0m
[4.212s] [ 57%] [32mBuilding C object CMakeFiles/yolov8_msgs__rosidl_typesupport_introspection_c.dir/rosidl_typesupport_introspection_c/yolov8_msgs/msg/detail/detection__type_support.c.o[0m
[4.218s] [ 59%] [32mBuilding CXX object CMakeFiles/yolov8_msgs__rosidl_typesupport_fastrtps_cpp.dir/rosidl_typesupport_fastrtps_cpp/yolov8_msgs/msg/detail/dds_fastrtps/key_point2_d_array__type_support.cpp.o[0m
[4.218s] [ 59%] [32mBuilding CXX object CMakeFiles/yolov8_msgs__rosidl_typesupport_introspection_cpp.dir/rosidl_typesupport_introspection_cpp/yolov8_msgs/msg/detail/mask__type_support.cpp.o[0m
[4.237s] [ 60%] [32mBuilding C object CMakeFiles/yolov8_msgs__rosidl_typesupport_introspection_c.dir/rosidl_typesupport_introspection_c/yolov8_msgs/msg/detail/detection_array__type_support.c.o[0m
[4.261s] [ 61%] [32mBuilding CXX object CMakeFiles/yolov8_msgs__rosidl_typesupport_fastrtps_cpp.dir/rosidl_typesupport_fastrtps_cpp/yolov8_msgs/msg/detail/dds_fastrtps/key_point3_d__type_support.cpp.o[0m
[4.261s] [ 61%] [32mBuilding CXX object CMakeFiles/yolov8_msgs__rosidl_typesupport_introspection_cpp.dir/rosidl_typesupport_introspection_cpp/yolov8_msgs/msg/detail/key_point2_d__type_support.cpp.o[0m
[4.296s] [ 62%] [32m[1mLinking C shared library libyolov8_msgs__rosidl_typesupport_introspection_c.so[0m
[4.397s] [ 62%] Built target yolov8_msgs__rosidl_typesupport_introspection_c
[4.440s] [ 63%] [32mBuilding CXX object CMakeFiles/yolov8_msgs__rosidl_typesupport_fastrtps_cpp.dir/rosidl_typesupport_fastrtps_cpp/yolov8_msgs/msg/detail/dds_fastrtps/key_point3_d_array__type_support.cpp.o[0m
[4.485s] [ 64%] [32mBuilding CXX object CMakeFiles/yolov8_msgs__rosidl_typesupport_introspection_cpp.dir/rosidl_typesupport_introspection_cpp/yolov8_msgs/msg/detail/key_point2_d_array__type_support.cpp.o[0m
[4.489s] [ 65%] [32mBuilding CXX object CMakeFiles/yolov8_msgs__rosidl_typesupport_fastrtps_cpp.dir/rosidl_typesupport_fastrtps_cpp/yolov8_msgs/msg/detail/dds_fastrtps/detection__type_support.cpp.o[0m
[4.512s] [ 66%] [32mBuilding CXX object CMakeFiles/yolov8_msgs__rosidl_typesupport_introspection_cpp.dir/rosidl_typesupport_introspection_cpp/yolov8_msgs/msg/detail/key_point3_d__type_support.cpp.o[0m
[4.541s] [ 66%] [32mBuilding CXX object CMakeFiles/yolov8_msgs__rosidl_typesupport_fastrtps_cpp.dir/rosidl_typesupport_fastrtps_cpp/yolov8_msgs/msg/detail/dds_fastrtps/detection_array__type_support.cpp.o[0m
[4.629s] [ 67%] [32mBuilding CXX object CMakeFiles/yolov8_msgs__rosidl_typesupport_introspection_cpp.dir/rosidl_typesupport_introspection_cpp/yolov8_msgs/msg/detail/detection__type_support.cpp.o[0m
[4.636s] [ 68%] [32mBuilding CXX object CMakeFiles/yolov8_msgs__rosidl_typesupport_introspection_cpp.dir/rosidl_typesupport_introspection_cpp/yolov8_msgs/msg/detail/key_point3_d_array__type_support.cpp.o[0m
[4.704s] [ 69%] [32mBuilding CXX object CMakeFiles/yolov8_msgs__rosidl_typesupport_introspection_cpp.dir/rosidl_typesupport_introspection_cpp/yolov8_msgs/msg/detail/detection_array__type_support.cpp.o[0m
[4.962s] [ 70%] [32m[1mLinking CXX shared library libyolov8_msgs__rosidl_typesupport_fastrtps_cpp.so[0m
[5.037s] [ 70%] Built target yolov8_msgs__rosidl_typesupport_fastrtps_cpp
[5.045s] [ 71%] [34m[1mGenerating C type support for eProsima Fast-RTPS[0m
[5.059s] [ 72%] [32m[1mLinking CXX shared library libyolov8_msgs__rosidl_typesupport_introspection_cpp.so[0m
[5.122s] [ 72%] Built target yolov8_msgs__rosidl_typesupport_introspection_cpp
[5.691s] [35m[1mScanning dependencies of target yolov8_msgs__rosidl_typesupport_fastrtps_c[0m
[5.709s] [ 75%] [32mBuilding CXX object CMakeFiles/yolov8_msgs__rosidl_typesupport_fastrtps_c.dir/rosidl_typesupport_fastrtps_c/yolov8_msgs/msg/detail/point2_d__type_support_c.cpp.o[0m
[5.709s] [ 75%] [32mBuilding CXX object CMakeFiles/yolov8_msgs__rosidl_typesupport_fastrtps_c.dir/rosidl_typesupport_fastrtps_c/yolov8_msgs/msg/detail/pose2_d__type_support_c.cpp.o[0m
[5.709s] [ 75%] [32mBuilding CXX object CMakeFiles/yolov8_msgs__rosidl_typesupport_fastrtps_c.dir/rosidl_typesupport_fastrtps_c/yolov8_msgs/msg/detail/bounding_box2_d__type_support_c.cpp.o[0m
[5.710s] [ 75%] [32mBuilding CXX object CMakeFiles/yolov8_msgs__rosidl_typesupport_fastrtps_c.dir/rosidl_typesupport_fastrtps_c/yolov8_msgs/msg/detail/vector2__type_support_c.cpp.o[0m
[5.711s] [ 76%] [32mBuilding CXX object CMakeFiles/yolov8_msgs__rosidl_typesupport_fastrtps_c.dir/rosidl_typesupport_fastrtps_c/yolov8_msgs/msg/detail/mask__type_support_c.cpp.o[0m
[5.715s] [ 79%] [32mBuilding CXX object CMakeFiles/yolov8_msgs__rosidl_typesupport_fastrtps_c.dir/rosidl_typesupport_fastrtps_c/yolov8_msgs/msg/detail/key_point2_d__type_support_c.cpp.o[0m
[5.715s] [ 79%] [32mBuilding CXX object CMakeFiles/yolov8_msgs__rosidl_typesupport_fastrtps_c.dir/rosidl_typesupport_fastrtps_c/yolov8_msgs/msg/detail/bounding_box3_d__type_support_c.cpp.o[0m
[5.715s] [ 79%] [32mBuilding CXX object CMakeFiles/yolov8_msgs__rosidl_typesupport_fastrtps_c.dir/rosidl_typesupport_fastrtps_c/yolov8_msgs/msg/detail/key_point2_d_array__type_support_c.cpp.o[0m
[5.975s] [ 79%] [32mBuilding CXX object CMakeFiles/yolov8_msgs__rosidl_typesupport_fastrtps_c.dir/rosidl_typesupport_fastrtps_c/yolov8_msgs/msg/detail/key_point3_d__type_support_c.cpp.o[0m
[5.983s] [ 80%] [32mBuilding CXX object CMakeFiles/yolov8_msgs__rosidl_typesupport_fastrtps_c.dir/rosidl_typesupport_fastrtps_c/yolov8_msgs/msg/detail/key_point3_d_array__type_support_c.cpp.o[0m
[6.032s] [ 81%] [32mBuilding CXX object CMakeFiles/yolov8_msgs__rosidl_typesupport_fastrtps_c.dir/rosidl_typesupport_fastrtps_c/yolov8_msgs/msg/detail/detection__type_support_c.cpp.o[0m
[6.126s] [ 82%] [32mBuilding CXX object CMakeFiles/yolov8_msgs__rosidl_typesupport_fastrtps_c.dir/rosidl_typesupport_fastrtps_c/yolov8_msgs/msg/detail/detection_array__type_support_c.cpp.o[0m
[6.383s] [ 83%] [32m[1mLinking CXX shared library libyolov8_msgs__rosidl_typesupport_fastrtps_c.so[0m
[6.447s] [ 83%] Built target yolov8_msgs__rosidl_typesupport_fastrtps_c
[6.453s] [35m[1mScanning dependencies of target yolov8_msgs[0m
[6.461s] [ 83%] Built target yolov8_msgs
[6.468s] [35m[1mScanning dependencies of target yolov8_msgs__py[0m
[6.475s] [ 84%] [34m[1mGenerating Python code for ROS interfaces[0m
[7.752s] [ 84%] Built target yolov8_msgs__py
[7.759s] [35m[1mScanning dependencies of target yolov8_msgs__python[0m
[7.783s] [ 88%] [32mBuilding C object CMakeFiles/yolov8_msgs__python.dir/rosidl_generator_py/yolov8_msgs/msg/_pose2_d_s.c.o[0m
[7.784s] [ 88%] [32mBuilding C object CMakeFiles/yolov8_msgs__python.dir/rosidl_generator_py/yolov8_msgs/msg/_point2_d_s.c.o[0m
[7.784s] [ 88%] [32mBuilding C object CMakeFiles/yolov8_msgs__python.dir/rosidl_generator_py/yolov8_msgs/msg/_vector2_s.c.o[0m
[7.784s] [ 88%] [32mBuilding C object CMakeFiles/yolov8_msgs__python.dir/rosidl_generator_py/yolov8_msgs/msg/_bounding_box3_d_s.c.o[0m
[7.784s] [ 89%] [32mBuilding C object CMakeFiles/yolov8_msgs__python.dir/rosidl_generator_py/yolov8_msgs/msg/_mask_s.c.o[0m
[7.784s] [ 88%] [32mBuilding C object CMakeFiles/yolov8_msgs__python.dir/rosidl_generator_py/yolov8_msgs/msg/_bounding_box2_d_s.c.o[0m
[7.788s] [ 90%] [32mBuilding C object CMakeFiles/yolov8_msgs__python.dir/rosidl_generator_py/yolov8_msgs/msg/_key_point2_d_array_s.c.o[0m
[7.788s] [ 91%] [32mBuilding C object CMakeFiles/yolov8_msgs__python.dir/rosidl_generator_py/yolov8_msgs/msg/_key_point2_d_s.c.o[0m
[7.851s] [ 92%] [32mBuilding C object CMakeFiles/yolov8_msgs__python.dir/rosidl_generator_py/yolov8_msgs/msg/_key_point3_d_s.c.o[0m
[7.858s] [ 93%] [32mBuilding C object CMakeFiles/yolov8_msgs__python.dir/rosidl_generator_py/yolov8_msgs/msg/_key_point3_d_array_s.c.o[0m
[7.862s] [ 93%] [32mBuilding C object CMakeFiles/yolov8_msgs__python.dir/rosidl_generator_py/yolov8_msgs/msg/_detection_s.c.o[0m
[7.866s] [ 94%] [32mBuilding C object CMakeFiles/yolov8_msgs__python.dir/rosidl_generator_py/yolov8_msgs/msg/_detection_array_s.c.o[0m
[7.933s] [ 95%] [32m[1mLinking C shared library rosidl_generator_py/yolov8_msgs/libyolov8_msgs__python.so[0m
[7.964s] [ 95%] Built target yolov8_msgs__python
[7.971s] [35m[1mScanning dependencies of target yolov8_msgs__rosidl_typesupport_c__pyext[0m
[7.971s] [35m[1mScanning dependencies of target yolov8_msgs__rosidl_typesupport_introspection_c__pyext[0m
[7.971s] [35m[1mScanning dependencies of target yolov8_msgs__rosidl_typesupport_fastrtps_c__pyext[0m
[7.985s] [ 96%] [32mBuilding C object CMakeFiles/yolov8_msgs__rosidl_typesupport_introspection_c__pyext.dir/rosidl_generator_py/yolov8_msgs/_yolov8_msgs_s.ep.rosidl_typesupport_introspection_c.c.o[0m
[7.985s] [ 96%] [32mBuilding C object CMakeFiles/yolov8_msgs__rosidl_typesupport_c__pyext.dir/rosidl_generator_py/yolov8_msgs/_yolov8_msgs_s.ep.rosidl_typesupport_c.c.o[0m
[7.985s] [ 97%] [32mBuilding C object CMakeFiles/yolov8_msgs__rosidl_typesupport_fastrtps_c__pyext.dir/rosidl_generator_py/yolov8_msgs/_yolov8_msgs_s.ep.rosidl_typesupport_fastrtps_c.c.o[0m
[8.063s] [ 99%] [32m[1mLinking C shared library rosidl_generator_py/yolov8_msgs/yolov8_msgs_s__rosidl_typesupport_introspection_c.cpython-38-x86_64-linux-gnu.so[0m
[8.063s] [ 99%] [32m[1mLinking C shared library rosidl_generator_py/yolov8_msgs/yolov8_msgs_s__rosidl_typesupport_c.cpython-38-x86_64-linux-gnu.so[0m
[8.063s] [100%] [32m[1mLinking CXX shared library rosidl_generator_py/yolov8_msgs/yolov8_msgs_s__rosidl_typesupport_fastrtps_c.cpython-38-x86_64-linux-gnu.so[0m
[8.090s] [100%] Built target yolov8_msgs__rosidl_typesupport_c__pyext
[8.091s] [100%] Built target yolov8_msgs__rosidl_typesupport_introspection_c__pyext
[8.112s] [100%] Built target yolov8_msgs__rosidl_typesupport_fastrtps_c__pyext
[8.121s] Invoked command in '/home/yong/YongJun/build/yolov8_msgs' returned '0': CMAKE_PREFIX_PATH=/opt/ros/foxy /usr/bin/cmake --build /home/yong/YongJun/build/yolov8_msgs -- -j8 -l8
[8.222s] Invoking command in '/home/yong/YongJun/build/yolov8_msgs': CMAKE_PREFIX_PATH=/opt/ros/foxy /usr/bin/cmake --install /home/yong/YongJun/build/yolov8_msgs
[8.228s] -- Install configuration: ""
[8.228s] -- Execute custom install script
[8.228s] -- Symlinking: /home/yong/YongJun/install/yolov8_msgs/share/ament_index/resource_index/rosidl_interfaces/yolov8_msgs
[8.235s] -- Symlinking: /home/yong/YongJun/install/yolov8_msgs/include/yolov8_msgs/msg/bounding_box2_d.h
[8.241s] -- Symlinking: /home/yong/YongJun/install/yolov8_msgs/include/yolov8_msgs/msg/bounding_box3_d.h
[8.246s] -- Symlinking: /home/yong/YongJun/install/yolov8_msgs/include/yolov8_msgs/msg/detail/bounding_box2_d__functions.h
[8.252s] -- Symlinking: /home/yong/YongJun/install/yolov8_msgs/include/yolov8_msgs/msg/detail/bounding_box2_d__struct.h
[8.257s] -- Symlinking: /home/yong/YongJun/install/yolov8_msgs/include/yolov8_msgs/msg/detail/bounding_box2_d__type_support.h
[8.263s] -- Symlinking: /home/yong/YongJun/install/yolov8_msgs/include/yolov8_msgs/msg/detail/bounding_box3_d__functions.h
[8.269s] -- Symlinking: /home/yong/YongJun/install/yolov8_msgs/include/yolov8_msgs/msg/detail/bounding_box3_d__struct.h
[8.274s] -- Symlinking: /home/yong/YongJun/install/yolov8_msgs/include/yolov8_msgs/msg/detail/bounding_box3_d__type_support.h
[8.280s] -- Symlinking: /home/yong/YongJun/install/yolov8_msgs/include/yolov8_msgs/msg/detail/detection__functions.h
[8.285s] -- Symlinking: /home/yong/YongJun/install/yolov8_msgs/include/yolov8_msgs/msg/detail/detection__struct.h
[8.291s] -- Symlinking: /home/yong/YongJun/install/yolov8_msgs/include/yolov8_msgs/msg/detail/detection__type_support.h
[8.297s] -- Symlinking: /home/yong/YongJun/install/yolov8_msgs/include/yolov8_msgs/msg/detail/detection_array__functions.h
[8.302s] -- Symlinking: /home/yong/YongJun/install/yolov8_msgs/include/yolov8_msgs/msg/detail/detection_array__struct.h
[8.308s] -- Symlinking: /home/yong/YongJun/install/yolov8_msgs/include/yolov8_msgs/msg/detail/detection_array__type_support.h
[8.314s] -- Symlinking: /home/yong/YongJun/install/yolov8_msgs/include/yolov8_msgs/msg/detail/key_point2_d__functions.h
[8.320s] -- Symlinking: /home/yong/YongJun/install/yolov8_msgs/include/yolov8_msgs/msg/detail/key_point2_d__struct.h
[8.325s] -- Symlinking: /home/yong/YongJun/install/yolov8_msgs/include/yolov8_msgs/msg/detail/key_point2_d__type_support.h
[8.332s] -- Symlinking: /home/yong/YongJun/install/yolov8_msgs/include/yolov8_msgs/msg/detail/key_point2_d_array__functions.h
[8.338s] -- Symlinking: /home/yong/YongJun/install/yolov8_msgs/include/yolov8_msgs/msg/detail/key_point2_d_array__struct.h
[8.343s] -- Symlinking: /home/yong/YongJun/install/yolov8_msgs/include/yolov8_msgs/msg/detail/key_point2_d_array__type_support.h
[8.349s] -- Symlinking: /home/yong/YongJun/install/yolov8_msgs/include/yolov8_msgs/msg/detail/key_point3_d__functions.h
[8.354s] -- Symlinking: /home/yong/YongJun/install/yolov8_msgs/include/yolov8_msgs/msg/detail/key_point3_d__struct.h
[8.360s] -- Symlinking: /home/yong/YongJun/install/yolov8_msgs/include/yolov8_msgs/msg/detail/key_point3_d__type_support.h
[8.365s] -- Symlinking: /home/yong/YongJun/install/yolov8_msgs/include/yolov8_msgs/msg/detail/key_point3_d_array__functions.h
[8.371s] -- Symlinking: /home/yong/YongJun/install/yolov8_msgs/include/yolov8_msgs/msg/detail/key_point3_d_array__struct.h
[8.377s] -- Symlinking: /home/yong/YongJun/install/yolov8_msgs/include/yolov8_msgs/msg/detail/key_point3_d_array__type_support.h
[8.382s] -- Symlinking: /home/yong/YongJun/install/yolov8_msgs/include/yolov8_msgs/msg/detail/mask__functions.h
[8.388s] -- Symlinking: /home/yong/YongJun/install/yolov8_msgs/include/yolov8_msgs/msg/detail/mask__struct.h
[8.393s] -- Symlinking: /home/yong/YongJun/install/yolov8_msgs/include/yolov8_msgs/msg/detail/mask__type_support.h
[8.399s] -- Symlinking: /home/yong/YongJun/install/yolov8_msgs/include/yolov8_msgs/msg/detail/point2_d__functions.h
[8.404s] -- Symlinking: /home/yong/YongJun/install/yolov8_msgs/include/yolov8_msgs/msg/detail/point2_d__struct.h
[8.410s] -- Symlinking: /home/yong/YongJun/install/yolov8_msgs/include/yolov8_msgs/msg/detail/point2_d__type_support.h
[8.415s] -- Symlinking: /home/yong/YongJun/install/yolov8_msgs/include/yolov8_msgs/msg/detail/pose2_d__functions.h
[8.420s] -- Symlinking: /home/yong/YongJun/install/yolov8_msgs/include/yolov8_msgs/msg/detail/pose2_d__struct.h
[8.426s] -- Symlinking: /home/yong/YongJun/install/yolov8_msgs/include/yolov8_msgs/msg/detail/pose2_d__type_support.h
[8.431s] -- Symlinking: /home/yong/YongJun/install/yolov8_msgs/include/yolov8_msgs/msg/detail/vector2__functions.h
[8.437s] -- Symlinking: /home/yong/YongJun/install/yolov8_msgs/include/yolov8_msgs/msg/detail/vector2__struct.h
[8.443s] -- Symlinking: /home/yong/YongJun/install/yolov8_msgs/include/yolov8_msgs/msg/detail/vector2__type_support.h
[8.448s] -- Symlinking: /home/yong/YongJun/install/yolov8_msgs/include/yolov8_msgs/msg/detection.h
[8.453s] -- Symlinking: /home/yong/YongJun/install/yolov8_msgs/include/yolov8_msgs/msg/detection_array.h
[8.459s] -- Symlinking: /home/yong/YongJun/install/yolov8_msgs/include/yolov8_msgs/msg/key_point2_d.h
[8.465s] -- Symlinking: /home/yong/YongJun/install/yolov8_msgs/include/yolov8_msgs/msg/key_point2_d_array.h
[8.471s] -- Symlinking: /home/yong/YongJun/install/yolov8_msgs/include/yolov8_msgs/msg/key_point3_d.h
[8.477s] -- Symlinking: /home/yong/YongJun/install/yolov8_msgs/include/yolov8_msgs/msg/key_point3_d_array.h
[8.484s] -- Symlinking: /home/yong/YongJun/install/yolov8_msgs/include/yolov8_msgs/msg/mask.h
[8.489s] -- Symlinking: /home/yong/YongJun/install/yolov8_msgs/include/yolov8_msgs/msg/point2_d.h
[8.495s] -- Symlinking: /home/yong/YongJun/install/yolov8_msgs/include/yolov8_msgs/msg/pose2_d.h
[8.500s] -- Symlinking: /home/yong/YongJun/install/yolov8_msgs/include/yolov8_msgs/msg/rosidl_generator_c__visibility_control.h
[8.506s] -- Symlinking: /home/yong/YongJun/install/yolov8_msgs/include/yolov8_msgs/msg/vector2.h
[8.512s] -- Symlinking: /home/yong/YongJun/install/yolov8_msgs/share/yolov8_msgs/environment/library_path.sh
[8.518s] -- Symlinking: /home/yong/YongJun/install/yolov8_msgs/share/yolov8_msgs/environment/library_path.dsv
[8.524s] -- Symlinking: /home/yong/YongJun/install/yolov8_msgs/include/yolov8_msgs/msg/detail/bounding_box2_d__rosidl_typesupport_fastrtps_c.h
[8.531s] -- Symlinking: /home/yong/YongJun/install/yolov8_msgs/include/yolov8_msgs/msg/detail/bounding_box3_d__rosidl_typesupport_fastrtps_c.h
[8.536s] -- Symlinking: /home/yong/YongJun/install/yolov8_msgs/include/yolov8_msgs/msg/detail/detection__rosidl_typesupport_fastrtps_c.h
[8.542s] -- Symlinking: /home/yong/YongJun/install/yolov8_msgs/include/yolov8_msgs/msg/detail/detection_array__rosidl_typesupport_fastrtps_c.h
[8.548s] -- Symlinking: /home/yong/YongJun/install/yolov8_msgs/include/yolov8_msgs/msg/detail/key_point2_d__rosidl_typesupport_fastrtps_c.h
[8.554s] -- Symlinking: /home/yong/YongJun/install/yolov8_msgs/include/yolov8_msgs/msg/detail/key_point2_d_array__rosidl_typesupport_fastrtps_c.h
[8.559s] -- Symlinking: /home/yong/YongJun/install/yolov8_msgs/include/yolov8_msgs/msg/detail/key_point3_d__rosidl_typesupport_fastrtps_c.h
[8.565s] -- Symlinking: /home/yong/YongJun/install/yolov8_msgs/include/yolov8_msgs/msg/detail/key_point3_d_array__rosidl_typesupport_fastrtps_c.h
[8.571s] -- Symlinking: /home/yong/YongJun/install/yolov8_msgs/include/yolov8_msgs/msg/detail/mask__rosidl_typesupport_fastrtps_c.h
[8.577s] -- Symlinking: /home/yong/YongJun/install/yolov8_msgs/include/yolov8_msgs/msg/detail/point2_d__rosidl_typesupport_fastrtps_c.h
[8.584s] -- Symlinking: /home/yong/YongJun/install/yolov8_msgs/include/yolov8_msgs/msg/detail/pose2_d__rosidl_typesupport_fastrtps_c.h
[8.589s] -- Symlinking: /home/yong/YongJun/install/yolov8_msgs/include/yolov8_msgs/msg/detail/vector2__rosidl_typesupport_fastrtps_c.h
[8.596s] -- Symlinking: /home/yong/YongJun/install/yolov8_msgs/include/yolov8_msgs/msg/rosidl_typesupport_fastrtps_c__visibility_control.h
[8.602s] -- Symlinking: /home/yong/YongJun/install/yolov8_msgs/lib/libyolov8_msgs__rosidl_typesupport_fastrtps_c.so
[8.609s] -- Symlinking: /home/yong/YongJun/install/yolov8_msgs/include/yolov8_msgs/msg/detail/bounding_box2_d__rosidl_typesupport_fastrtps_cpp.hpp
[8.616s] -- Symlinking: /home/yong/YongJun/install/yolov8_msgs/include/yolov8_msgs/msg/detail/bounding_box3_d__rosidl_typesupport_fastrtps_cpp.hpp
[8.622s] -- Symlinking: /home/yong/YongJun/install/yolov8_msgs/include/yolov8_msgs/msg/detail/detection__rosidl_typesupport_fastrtps_cpp.hpp
[8.628s] -- Symlinking: /home/yong/YongJun/install/yolov8_msgs/include/yolov8_msgs/msg/detail/detection_array__rosidl_typesupport_fastrtps_cpp.hpp
[8.634s] -- Symlinking: /home/yong/YongJun/install/yolov8_msgs/include/yolov8_msgs/msg/detail/key_point2_d__rosidl_typesupport_fastrtps_cpp.hpp
[8.640s] -- Symlinking: /home/yong/YongJun/install/yolov8_msgs/include/yolov8_msgs/msg/detail/key_point2_d_array__rosidl_typesupport_fastrtps_cpp.hpp
[8.647s] -- Symlinking: /home/yong/YongJun/install/yolov8_msgs/include/yolov8_msgs/msg/detail/key_point3_d__rosidl_typesupport_fastrtps_cpp.hpp
[8.653s] -- Symlinking: /home/yong/YongJun/install/yolov8_msgs/include/yolov8_msgs/msg/detail/key_point3_d_array__rosidl_typesupport_fastrtps_cpp.hpp
[8.659s] -- Symlinking: /home/yong/YongJun/install/yolov8_msgs/include/yolov8_msgs/msg/detail/mask__rosidl_typesupport_fastrtps_cpp.hpp
[8.666s] -- Symlinking: /home/yong/YongJun/install/yolov8_msgs/include/yolov8_msgs/msg/detail/point2_d__rosidl_typesupport_fastrtps_cpp.hpp
[8.672s] -- Symlinking: /home/yong/YongJun/install/yolov8_msgs/include/yolov8_msgs/msg/detail/pose2_d__rosidl_typesupport_fastrtps_cpp.hpp
[8.678s] -- Symlinking: /home/yong/YongJun/install/yolov8_msgs/include/yolov8_msgs/msg/detail/vector2__rosidl_typesupport_fastrtps_cpp.hpp
[8.684s] -- Symlinking: /home/yong/YongJun/install/yolov8_msgs/include/yolov8_msgs/msg/rosidl_typesupport_fastrtps_cpp__visibility_control.h
[8.690s] -- Symlinking: /home/yong/YongJun/install/yolov8_msgs/lib/libyolov8_msgs__rosidl_typesupport_fastrtps_cpp.so
[8.696s] -- Symlinking: /home/yong/YongJun/install/yolov8_msgs/include/yolov8_msgs/msg/detail/bounding_box2_d__rosidl_typesupport_introspection_c.h
[8.703s] -- Symlinking: /home/yong/YongJun/install/yolov8_msgs/include/yolov8_msgs/msg/detail/bounding_box3_d__rosidl_typesupport_introspection_c.h
[8.709s] -- Symlinking: /home/yong/YongJun/install/yolov8_msgs/include/yolov8_msgs/msg/detail/detection__rosidl_typesupport_introspection_c.h
[8.715s] -- Symlinking: /home/yong/YongJun/install/yolov8_msgs/include/yolov8_msgs/msg/detail/detection_array__rosidl_typesupport_introspection_c.h
[8.722s] -- Symlinking: /home/yong/YongJun/install/yolov8_msgs/include/yolov8_msgs/msg/detail/key_point2_d__rosidl_typesupport_introspection_c.h
[8.728s] -- Symlinking: /home/yong/YongJun/install/yolov8_msgs/include/yolov8_msgs/msg/detail/key_point2_d_array__rosidl_typesupport_introspection_c.h
[8.734s] -- Symlinking: /home/yong/YongJun/install/yolov8_msgs/include/yolov8_msgs/msg/detail/key_point3_d__rosidl_typesupport_introspection_c.h
[8.739s] -- Symlinking: /home/yong/YongJun/install/yolov8_msgs/include/yolov8_msgs/msg/detail/key_point3_d_array__rosidl_typesupport_introspection_c.h
[8.745s] -- Symlinking: /home/yong/YongJun/install/yolov8_msgs/include/yolov8_msgs/msg/detail/mask__rosidl_typesupport_introspection_c.h
[8.751s] -- Symlinking: /home/yong/YongJun/install/yolov8_msgs/include/yolov8_msgs/msg/detail/point2_d__rosidl_typesupport_introspection_c.h
[8.757s] -- Symlinking: /home/yong/YongJun/install/yolov8_msgs/include/yolov8_msgs/msg/detail/pose2_d__rosidl_typesupport_introspection_c.h
[8.763s] -- Symlinking: /home/yong/YongJun/install/yolov8_msgs/include/yolov8_msgs/msg/detail/vector2__rosidl_typesupport_introspection_c.h
[8.770s] -- Symlinking: /home/yong/YongJun/install/yolov8_msgs/include/yolov8_msgs/msg/rosidl_typesupport_introspection_c__visibility_control.h
[8.777s] -- Symlinking: /home/yong/YongJun/install/yolov8_msgs/include/yolov8_msgs/msg/bounding_box2_d.hpp
[8.783s] -- Symlinking: /home/yong/YongJun/install/yolov8_msgs/include/yolov8_msgs/msg/bounding_box3_d.hpp
[8.789s] -- Symlinking: /home/yong/YongJun/install/yolov8_msgs/include/yolov8_msgs/msg/detail/bounding_box2_d__builder.hpp
[8.796s] -- Symlinking: /home/yong/YongJun/install/yolov8_msgs/include/yolov8_msgs/msg/detail/bounding_box2_d__struct.hpp
[8.801s] -- Symlinking: /home/yong/YongJun/install/yolov8_msgs/include/yolov8_msgs/msg/detail/bounding_box2_d__traits.hpp
[8.807s] -- Symlinking: /home/yong/YongJun/install/yolov8_msgs/include/yolov8_msgs/msg/detail/bounding_box2_d__type_support.hpp
[8.812s] -- Symlinking: /home/yong/YongJun/install/yolov8_msgs/include/yolov8_msgs/msg/detail/bounding_box3_d__builder.hpp
[8.819s] -- Symlinking: /home/yong/YongJun/install/yolov8_msgs/include/yolov8_msgs/msg/detail/bounding_box3_d__struct.hpp
[8.824s] -- Symlinking: /home/yong/YongJun/install/yolov8_msgs/include/yolov8_msgs/msg/detail/bounding_box3_d__traits.hpp
[8.829s] -- Symlinking: /home/yong/YongJun/install/yolov8_msgs/include/yolov8_msgs/msg/detail/bounding_box3_d__type_support.hpp
[8.835s] -- Symlinking: /home/yong/YongJun/install/yolov8_msgs/include/yolov8_msgs/msg/detail/detection__builder.hpp
[8.841s] -- Symlinking: /home/yong/YongJun/install/yolov8_msgs/include/yolov8_msgs/msg/detail/detection__struct.hpp
[8.846s] -- Symlinking: /home/yong/YongJun/install/yolov8_msgs/include/yolov8_msgs/msg/detail/detection__traits.hpp
[8.851s] -- Symlinking: /home/yong/YongJun/install/yolov8_msgs/include/yolov8_msgs/msg/detail/detection__type_support.hpp
[8.857s] -- Symlinking: /home/yong/YongJun/install/yolov8_msgs/include/yolov8_msgs/msg/detail/detection_array__builder.hpp
[8.862s] -- Symlinking: /home/yong/YongJun/install/yolov8_msgs/include/yolov8_msgs/msg/detail/detection_array__struct.hpp
[8.868s] -- Symlinking: /home/yong/YongJun/install/yolov8_msgs/include/yolov8_msgs/msg/detail/detection_array__traits.hpp
[8.874s] -- Symlinking: /home/yong/YongJun/install/yolov8_msgs/include/yolov8_msgs/msg/detail/detection_array__type_support.hpp
[8.879s] -- Symlinking: /home/yong/YongJun/install/yolov8_msgs/include/yolov8_msgs/msg/detail/key_point2_d__builder.hpp
[8.885s] -- Symlinking: /home/yong/YongJun/install/yolov8_msgs/include/yolov8_msgs/msg/detail/key_point2_d__struct.hpp
[8.890s] -- Symlinking: /home/yong/YongJun/install/yolov8_msgs/include/yolov8_msgs/msg/detail/key_point2_d__traits.hpp
[8.896s] -- Symlinking: /home/yong/YongJun/install/yolov8_msgs/include/yolov8_msgs/msg/detail/key_point2_d__type_support.hpp
[8.902s] -- Symlinking: /home/yong/YongJun/install/yolov8_msgs/include/yolov8_msgs/msg/detail/key_point2_d_array__builder.hpp
[8.907s] -- Symlinking: /home/yong/YongJun/install/yolov8_msgs/include/yolov8_msgs/msg/detail/key_point2_d_array__struct.hpp
[8.913s] -- Symlinking: /home/yong/YongJun/install/yolov8_msgs/include/yolov8_msgs/msg/detail/key_point2_d_array__traits.hpp
[8.918s] -- Symlinking: /home/yong/YongJun/install/yolov8_msgs/include/yolov8_msgs/msg/detail/key_point2_d_array__type_support.hpp
[8.924s] -- Symlinking: /home/yong/YongJun/install/yolov8_msgs/include/yolov8_msgs/msg/detail/key_point3_d__builder.hpp
[8.930s] -- Symlinking: /home/yong/YongJun/install/yolov8_msgs/include/yolov8_msgs/msg/detail/key_point3_d__struct.hpp
[8.935s] -- Symlinking: /home/yong/YongJun/install/yolov8_msgs/include/yolov8_msgs/msg/detail/key_point3_d__traits.hpp
[8.941s] -- Symlinking: /home/yong/YongJun/install/yolov8_msgs/include/yolov8_msgs/msg/detail/key_point3_d__type_support.hpp
[8.947s] -- Symlinking: /home/yong/YongJun/install/yolov8_msgs/include/yolov8_msgs/msg/detail/key_point3_d_array__builder.hpp
[8.952s] -- Symlinking: /home/yong/YongJun/install/yolov8_msgs/include/yolov8_msgs/msg/detail/key_point3_d_array__struct.hpp
[8.958s] -- Symlinking: /home/yong/YongJun/install/yolov8_msgs/include/yolov8_msgs/msg/detail/key_point3_d_array__traits.hpp
[8.963s] -- Symlinking: /home/yong/YongJun/install/yolov8_msgs/include/yolov8_msgs/msg/detail/key_point3_d_array__type_support.hpp
[8.969s] -- Symlinking: /home/yong/YongJun/install/yolov8_msgs/include/yolov8_msgs/msg/detail/mask__builder.hpp
[8.975s] -- Symlinking: /home/yong/YongJun/install/yolov8_msgs/include/yolov8_msgs/msg/detail/mask__struct.hpp
[8.980s] -- Symlinking: /home/yong/YongJun/install/yolov8_msgs/include/yolov8_msgs/msg/detail/mask__traits.hpp
[8.985s] -- Symlinking: /home/yong/YongJun/install/yolov8_msgs/include/yolov8_msgs/msg/detail/mask__type_support.hpp
[8.991s] -- Symlinking: /home/yong/YongJun/install/yolov8_msgs/include/yolov8_msgs/msg/detail/point2_d__builder.hpp
[8.997s] -- Symlinking: /home/yong/YongJun/install/yolov8_msgs/include/yolov8_msgs/msg/detail/point2_d__struct.hpp
[9.002s] -- Symlinking: /home/yong/YongJun/install/yolov8_msgs/include/yolov8_msgs/msg/detail/point2_d__traits.hpp
[9.008s] -- Symlinking: /home/yong/YongJun/install/yolov8_msgs/include/yolov8_msgs/msg/detail/point2_d__type_support.hpp
[9.013s] -- Symlinking: /home/yong/YongJun/install/yolov8_msgs/include/yolov8_msgs/msg/detail/pose2_d__builder.hpp
[9.019s] -- Symlinking: /home/yong/YongJun/install/yolov8_msgs/include/yolov8_msgs/msg/detail/pose2_d__struct.hpp
[9.025s] -- Symlinking: /home/yong/YongJun/install/yolov8_msgs/include/yolov8_msgs/msg/detail/pose2_d__traits.hpp
[9.030s] -- Symlinking: /home/yong/YongJun/install/yolov8_msgs/include/yolov8_msgs/msg/detail/pose2_d__type_support.hpp
[9.036s] -- Symlinking: /home/yong/YongJun/install/yolov8_msgs/include/yolov8_msgs/msg/detail/vector2__builder.hpp
[9.042s] -- Symlinking: /home/yong/YongJun/install/yolov8_msgs/include/yolov8_msgs/msg/detail/vector2__struct.hpp
[9.047s] -- Symlinking: /home/yong/YongJun/install/yolov8_msgs/include/yolov8_msgs/msg/detail/vector2__traits.hpp
[9.053s] -- Symlinking: /home/yong/YongJun/install/yolov8_msgs/include/yolov8_msgs/msg/detail/vector2__type_support.hpp
[9.058s] -- Symlinking: /home/yong/YongJun/install/yolov8_msgs/include/yolov8_msgs/msg/detection.hpp
[9.064s] -- Symlinking: /home/yong/YongJun/install/yolov8_msgs/include/yolov8_msgs/msg/detection_array.hpp
[9.069s] -- Symlinking: /home/yong/YongJun/install/yolov8_msgs/include/yolov8_msgs/msg/key_point2_d.hpp
[9.075s] -- Symlinking: /home/yong/YongJun/install/yolov8_msgs/include/yolov8_msgs/msg/key_point2_d_array.hpp
[9.080s] -- Symlinking: /home/yong/YongJun/install/yolov8_msgs/include/yolov8_msgs/msg/key_point3_d.hpp
[9.086s] -- Symlinking: /home/yong/YongJun/install/yolov8_msgs/include/yolov8_msgs/msg/key_point3_d_array.hpp
[9.091s] -- Symlinking: /home/yong/YongJun/install/yolov8_msgs/include/yolov8_msgs/msg/mask.hpp
[9.097s] -- Symlinking: /home/yong/YongJun/install/yolov8_msgs/include/yolov8_msgs/msg/point2_d.hpp
[9.102s] -- Symlinking: /home/yong/YongJun/install/yolov8_msgs/include/yolov8_msgs/msg/pose2_d.hpp
[9.108s] -- Symlinking: /home/yong/YongJun/install/yolov8_msgs/include/yolov8_msgs/msg/rosidl_generator_cpp__visibility_control.hpp
[9.113s] -- Symlinking: /home/yong/YongJun/install/yolov8_msgs/include/yolov8_msgs/msg/vector2.hpp
[9.119s] -- Symlinking: /home/yong/YongJun/install/yolov8_msgs/include/yolov8_msgs/msg/detail/bounding_box2_d__rosidl_typesupport_introspection_cpp.hpp
[9.125s] -- Symlinking: /home/yong/YongJun/install/yolov8_msgs/include/yolov8_msgs/msg/detail/bounding_box3_d__rosidl_typesupport_introspection_cpp.hpp
[9.130s] -- Symlinking: /home/yong/YongJun/install/yolov8_msgs/include/yolov8_msgs/msg/detail/detection__rosidl_typesupport_introspection_cpp.hpp
[9.136s] -- Symlinking: /home/yong/YongJun/install/yolov8_msgs/include/yolov8_msgs/msg/detail/detection_array__rosidl_typesupport_introspection_cpp.hpp
[9.141s] -- Symlinking: /home/yong/YongJun/install/yolov8_msgs/include/yolov8_msgs/msg/detail/key_point2_d__rosidl_typesupport_introspection_cpp.hpp
[9.146s] -- Symlinking: /home/yong/YongJun/install/yolov8_msgs/include/yolov8_msgs/msg/detail/key_point2_d_array__rosidl_typesupport_introspection_cpp.hpp
[9.152s] -- Symlinking: /home/yong/YongJun/install/yolov8_msgs/include/yolov8_msgs/msg/detail/key_point3_d__rosidl_typesupport_introspection_cpp.hpp
[9.157s] -- Symlinking: /home/yong/YongJun/install/yolov8_msgs/include/yolov8_msgs/msg/detail/key_point3_d_array__rosidl_typesupport_introspection_cpp.hpp
[9.162s] -- Symlinking: /home/yong/YongJun/install/yolov8_msgs/include/yolov8_msgs/msg/detail/mask__rosidl_typesupport_introspection_cpp.hpp
[9.168s] -- Symlinking: /home/yong/YongJun/install/yolov8_msgs/include/yolov8_msgs/msg/detail/point2_d__rosidl_typesupport_introspection_cpp.hpp
[9.173s] -- Symlinking: /home/yong/YongJun/install/yolov8_msgs/include/yolov8_msgs/msg/detail/pose2_d__rosidl_typesupport_introspection_cpp.hpp
[9.179s] -- Symlinking: /home/yong/YongJun/install/yolov8_msgs/include/yolov8_msgs/msg/detail/vector2__rosidl_typesupport_introspection_cpp.hpp
[9.184s] -- Symlinking: /home/yong/YongJun/install/yolov8_msgs/share/yolov8_msgs/environment/pythonpath.sh
[9.189s] -- Symlinking: /home/yong/YongJun/install/yolov8_msgs/share/yolov8_msgs/environment/pythonpath.dsv
[9.195s] -- Symlinking: /home/yong/YongJun/install/yolov8_msgs/lib/python3.8/site-packages/yolov8_msgs/__init__.py
[9.200s] -- Symlinking: /home/yong/YongJun/install/yolov8_msgs/lib/python3.8/site-packages/yolov8_msgs/msg/__init__.py
[9.205s] -- Symlinking: /home/yong/YongJun/install/yolov8_msgs/lib/python3.8/site-packages/yolov8_msgs/msg/_bounding_box2_d.py
[9.211s] -- Symlinking: /home/yong/YongJun/install/yolov8_msgs/lib/python3.8/site-packages/yolov8_msgs/msg/_bounding_box3_d.py
[9.216s] -- Symlinking: /home/yong/YongJun/install/yolov8_msgs/lib/python3.8/site-packages/yolov8_msgs/msg/_detection.py
[9.222s] -- Symlinking: /home/yong/YongJun/install/yolov8_msgs/lib/python3.8/site-packages/yolov8_msgs/msg/_detection_array.py
[9.227s] -- Symlinking: /home/yong/YongJun/install/yolov8_msgs/lib/python3.8/site-packages/yolov8_msgs/msg/_key_point2_d.py
[9.233s] -- Symlinking: /home/yong/YongJun/install/yolov8_msgs/lib/python3.8/site-packages/yolov8_msgs/msg/_key_point2_d_array.py
[9.239s] -- Symlinking: /home/yong/YongJun/install/yolov8_msgs/lib/python3.8/site-packages/yolov8_msgs/msg/_key_point3_d.py
[9.244s] -- Symlinking: /home/yong/YongJun/install/yolov8_msgs/lib/python3.8/site-packages/yolov8_msgs/msg/_key_point3_d_array.py
[9.250s] -- Symlinking: /home/yong/YongJun/install/yolov8_msgs/lib/python3.8/site-packages/yolov8_msgs/msg/_mask.py
[9.255s] -- Symlinking: /home/yong/YongJun/install/yolov8_msgs/lib/python3.8/site-packages/yolov8_msgs/msg/_point2_d.py
[9.260s] -- Symlinking: /home/yong/YongJun/install/yolov8_msgs/lib/python3.8/site-packages/yolov8_msgs/msg/_pose2_d.py
[9.265s] -- Symlinking: /home/yong/YongJun/install/yolov8_msgs/lib/python3.8/site-packages/yolov8_msgs/msg/_vector2.py
[9.270s] -- Symlinking: /home/yong/YongJun/install/yolov8_msgs/lib/python3.8/site-packages/yolov8_msgs/yolov8_msgs_s__rosidl_typesupport_fastrtps_c.cpython-38-x86_64-linux-gnu.so
[9.276s] -- Symlinking: /home/yong/YongJun/install/yolov8_msgs/lib/python3.8/site-packages/yolov8_msgs/yolov8_msgs_s__rosidl_typesupport_introspection_c.cpython-38-x86_64-linux-gnu.so
[9.281s] -- Symlinking: /home/yong/YongJun/install/yolov8_msgs/lib/python3.8/site-packages/yolov8_msgs/yolov8_msgs_s__rosidl_typesupport_c.cpython-38-x86_64-linux-gnu.so
[9.287s] -- Symlinking: /home/yong/YongJun/install/yolov8_msgs/lib/libyolov8_msgs__python.so
[9.292s] -- Symlinking: /home/yong/YongJun/install/yolov8_msgs/share/yolov8_msgs/msg/Point2D.idl
[9.297s] -- Symlinking: /home/yong/YongJun/install/yolov8_msgs/share/yolov8_msgs/msg/Vector2.idl
[9.303s] -- Symlinking: /home/yong/YongJun/install/yolov8_msgs/share/yolov8_msgs/msg/Pose2D.idl
[9.308s] -- Symlinking: /home/yong/YongJun/install/yolov8_msgs/share/yolov8_msgs/msg/BoundingBox2D.idl
[9.313s] -- Symlinking: /home/yong/YongJun/install/yolov8_msgs/share/yolov8_msgs/msg/BoundingBox3D.idl
[9.318s] -- Symlinking: /home/yong/YongJun/install/yolov8_msgs/share/yolov8_msgs/msg/Mask.idl
[9.324s] -- Symlinking: /home/yong/YongJun/install/yolov8_msgs/share/yolov8_msgs/msg/KeyPoint2D.idl
[9.329s] -- Symlinking: /home/yong/YongJun/install/yolov8_msgs/share/yolov8_msgs/msg/KeyPoint2DArray.idl
[9.335s] -- Symlinking: /home/yong/YongJun/install/yolov8_msgs/share/yolov8_msgs/msg/KeyPoint3D.idl
[9.340s] -- Symlinking: /home/yong/YongJun/install/yolov8_msgs/share/yolov8_msgs/msg/KeyPoint3DArray.idl
[9.345s] -- Symlinking: /home/yong/YongJun/install/yolov8_msgs/share/yolov8_msgs/msg/Detection.idl
[9.351s] -- Symlinking: /home/yong/YongJun/install/yolov8_msgs/share/yolov8_msgs/msg/DetectionArray.idl
[9.357s] -- Symlinking: /home/yong/YongJun/install/yolov8_msgs/share/yolov8_msgs/msg/Point2D.msg
[9.362s] -- Symlinking: /home/yong/YongJun/install/yolov8_msgs/share/yolov8_msgs/msg/Vector2.msg
[9.368s] -- Symlinking: /home/yong/YongJun/install/yolov8_msgs/share/yolov8_msgs/msg/Pose2D.msg
[9.374s] -- Symlinking: /home/yong/YongJun/install/yolov8_msgs/share/yolov8_msgs/msg/BoundingBox2D.msg
[9.379s] -- Symlinking: /home/yong/YongJun/install/yolov8_msgs/share/yolov8_msgs/msg/BoundingBox3D.msg
[9.385s] -- Symlinking: /home/yong/YongJun/install/yolov8_msgs/share/yolov8_msgs/msg/Mask.msg
[9.390s] -- Symlinking: /home/yong/YongJun/install/yolov8_msgs/share/yolov8_msgs/msg/KeyPoint2D.msg
[9.396s] -- Symlinking: /home/yong/YongJun/install/yolov8_msgs/share/yolov8_msgs/msg/KeyPoint2DArray.msg
[9.401s] -- Symlinking: /home/yong/YongJun/install/yolov8_msgs/share/yolov8_msgs/msg/KeyPoint3D.msg
[9.406s] -- Symlinking: /home/yong/YongJun/install/yolov8_msgs/share/yolov8_msgs/msg/KeyPoint3DArray.msg
[9.411s] -- Symlinking: /home/yong/YongJun/install/yolov8_msgs/share/yolov8_msgs/msg/Detection.msg
[9.417s] -- Symlinking: /home/yong/YongJun/install/yolov8_msgs/share/yolov8_msgs/msg/DetectionArray.msg
[9.423s] -- Symlinking: /home/yong/YongJun/install/yolov8_msgs/share/ament_index/resource_index/package_run_dependencies/yolov8_msgs
[9.429s] -- Symlinking: /home/yong/YongJun/install/yolov8_msgs/share/ament_index/resource_index/parent_prefix_path/yolov8_msgs
[9.435s] -- Symlinking: /home/yong/YongJun/install/yolov8_msgs/share/yolov8_msgs/environment/ament_prefix_path.sh
[9.440s] -- Symlinking: /home/yong/YongJun/install/yolov8_msgs/share/yolov8_msgs/environment/ament_prefix_path.dsv
[9.446s] -- Symlinking: /home/yong/YongJun/install/yolov8_msgs/share/yolov8_msgs/environment/path.sh
[9.452s] -- Symlinking: /home/yong/YongJun/install/yolov8_msgs/share/yolov8_msgs/environment/path.dsv
[9.457s] -- Symlinking: /home/yong/YongJun/install/yolov8_msgs/share/yolov8_msgs/local_setup.bash
[9.463s] -- Symlinking: /home/yong/YongJun/install/yolov8_msgs/share/yolov8_msgs/local_setup.sh
[9.469s] -- Symlinking: /home/yong/YongJun/install/yolov8_msgs/share/yolov8_msgs/local_setup.zsh
[9.474s] -- Symlinking: /home/yong/YongJun/install/yolov8_msgs/share/yolov8_msgs/local_setup.dsv
[9.479s] -- Symlinking: /home/yong/YongJun/install/yolov8_msgs/share/yolov8_msgs/package.dsv
[9.485s] -- Symlinking: /home/yong/YongJun/install/yolov8_msgs/share/ament_index/resource_index/packages/yolov8_msgs
[9.490s] -- Symlinking: /home/yong/YongJun/install/yolov8_msgs/share/yolov8_msgs/cmake/rosidl_cmake-extras.cmake
[9.495s] -- Symlinking: /home/yong/YongJun/install/yolov8_msgs/share/yolov8_msgs/cmake/ament_cmake_export_dependencies-extras.cmake
[9.501s] -- Symlinking: /home/yong/YongJun/install/yolov8_msgs/share/yolov8_msgs/cmake/ament_cmake_export_libraries-extras.cmake
[9.507s] -- Symlinking: /home/yong/YongJun/install/yolov8_msgs/share/yolov8_msgs/cmake/ament_cmake_export_targets-extras.cmake
[9.512s] -- Symlinking: /home/yong/YongJun/install/yolov8_msgs/share/yolov8_msgs/cmake/ament_cmake_export_include_directories-extras.cmake
[9.518s] -- Symlinking: /home/yong/YongJun/install/yolov8_msgs/share/yolov8_msgs/cmake/rosidl_cmake_export_typesupport_libraries-extras.cmake
[9.524s] -- Symlinking: /home/yong/YongJun/install/yolov8_msgs/share/yolov8_msgs/cmake/rosidl_cmake_export_typesupport_targets-extras.cmake
[9.529s] -- Symlinking: /home/yong/YongJun/install/yolov8_msgs/share/yolov8_msgs/cmake/yolov8_msgsConfig.cmake
[9.535s] -- Symlinking: /home/yong/YongJun/install/yolov8_msgs/share/yolov8_msgs/cmake/yolov8_msgsConfig-version.cmake
[9.540s] -- Symlinking: /home/yong/YongJun/install/yolov8_msgs/share/yolov8_msgs/package.xml
[9.546s] -- Installing: /home/yong/YongJun/install/yolov8_msgs/lib/libyolov8_msgs__rosidl_generator_c.so
[9.546s] -- Set runtime path of "/home/yong/YongJun/install/yolov8_msgs/lib/libyolov8_msgs__rosidl_generator_c.so" to ""
[9.546s] -- Installing: /home/yong/YongJun/install/yolov8_msgs/lib/libyolov8_msgs__rosidl_typesupport_introspection_c.so
[9.546s] -- Set runtime path of "/home/yong/YongJun/install/yolov8_msgs/lib/libyolov8_msgs__rosidl_typesupport_introspection_c.so" to ""
[9.546s] -- Installing: /home/yong/YongJun/install/yolov8_msgs/lib/libyolov8_msgs__rosidl_typesupport_c.so
[9.546s] -- Set runtime path of "/home/yong/YongJun/install/yolov8_msgs/lib/libyolov8_msgs__rosidl_typesupport_c.so" to ""
[9.546s] -- Installing: /home/yong/YongJun/install/yolov8_msgs/lib/libyolov8_msgs__rosidl_typesupport_introspection_cpp.so
[9.547s] -- Set runtime path of "/home/yong/YongJun/install/yolov8_msgs/lib/libyolov8_msgs__rosidl_typesupport_introspection_cpp.so" to ""
[9.547s] -- Installing: /home/yong/YongJun/install/yolov8_msgs/lib/libyolov8_msgs__rosidl_typesupport_cpp.so
[9.547s] -- Set runtime path of "/home/yong/YongJun/install/yolov8_msgs/lib/libyolov8_msgs__rosidl_typesupport_cpp.so" to ""
[9.568s] Compiling '/home/yong/YongJun/install/yolov8_msgs/lib/python3.8/site-packages/yolov8_msgs/__init__.py'...
[9.571s] -- Installing: /home/yong/YongJun/install/yolov8_msgs/share/yolov8_msgs/cmake/yolov8_msgs__rosidl_generator_cExport.cmake
[9.571s] -- Installing: /home/yong/YongJun/install/yolov8_msgs/share/yolov8_msgs/cmake/yolov8_msgs__rosidl_generator_cExport-noconfig.cmake
[9.571s] -- Installing: /home/yong/YongJun/install/yolov8_msgs/share/yolov8_msgs/cmake/yolov8_msgs__rosidl_typesupport_introspection_cExport.cmake
[9.571s] -- Installing: /home/yong/YongJun/install/yolov8_msgs/share/yolov8_msgs/cmake/yolov8_msgs__rosidl_typesupport_introspection_cExport-noconfig.cmake
[9.571s] -- Installing: /home/yong/YongJun/install/yolov8_msgs/share/yolov8_msgs/cmake/yolov8_msgs__rosidl_typesupport_cExport.cmake
[9.571s] -- Installing: /home/yong/YongJun/install/yolov8_msgs/share/yolov8_msgs/cmake/yolov8_msgs__rosidl_typesupport_cExport-noconfig.cmake
[9.571s] -- Installing: /home/yong/YongJun/install/yolov8_msgs/share/yolov8_msgs/cmake/yolov8_msgs__rosidl_generator_cppExport.cmake
[9.571s] -- Installing: /home/yong/YongJun/install/yolov8_msgs/share/yolov8_msgs/cmake/yolov8_msgs__rosidl_typesupport_introspection_cppExport.cmake
[9.572s] -- Installing: /home/yong/YongJun/install/yolov8_msgs/share/yolov8_msgs/cmake/yolov8_msgs__rosidl_typesupport_introspection_cppExport-noconfig.cmake
[9.572s] -- Installing: /home/yong/YongJun/install/yolov8_msgs/share/yolov8_msgs/cmake/yolov8_msgs__rosidl_typesupport_cppExport.cmake
[9.572s] -- Installing: /home/yong/YongJun/install/yolov8_msgs/share/yolov8_msgs/cmake/yolov8_msgs__rosidl_typesupport_cppExport-noconfig.cmake
[9.573s] Invoked command in '/home/yong/YongJun/build/yolov8_msgs' returned '0': CMAKE_PREFIX_PATH=/opt/ros/foxy /usr/bin/cmake --install /home/yong/YongJun/build/yolov8_msgs
