[0.006s] Invoking command in '/home/user/YongJun_ws/ros2_ws/build/yolov8_bringup': AMENT_PREFIX_PATH=/home/user/YongJun_ws/ros2_ws/install/yolov8_ros:/home/user/YongJun_ws/ros2_ws/install/yolov8_bringup:/home/user/YongJun_ws/ros2_ws/install/yolov8_msgs:/home/user/YongJun_ws/ros2_ws/install/vision_msgs:/home/user/YongJun_ws/ros2_ws/install/usb_cam:/opt/ros/foxy CMAKE_PREFIX_PATH=${CMAKE_PREFIX_PATH}:/home/user/YongJun_ws/ros2_ws/install/yolov8_ros:/opt/ros/foxy CONDA_PROMPT_MODIFIER=(openmmlab) PYTHONPATH=/home/user/YongJun_ws/ros2_ws/install/yolov8_ros/lib/python3.8/site-packages:/opt/ros/foxy/lib/python3.8/site-packages:/home/user/anaconda3/envs/openmmlab/bin /home/user/.local/bin/cmake /home/user/YongJun_ws/ros2_ws/src/yolov8_ros/yolov8_bringup -DCMAKE_INSTALL_PREFIX=/home/user/YongJun_ws/ros2_ws/install/yolov8_bringup
[0.051s] -- The C compiler identification is GNU 9.4.0
[0.084s] -- The CXX compiler identification is GNU 9.4.0
[0.090s] -- Detecting C compiler ABI info
[0.122s] -- Detecting C compiler ABI info - done
[0.129s] -- Check for working C compiler: /usr/bin/cc - skipped
[0.129s] -- Detecting C compile features
[0.129s] -- Detecting C compile features - done
[0.131s] -- Detecting CXX compiler ABI info
[0.169s] -- Detecting CXX compiler ABI info - done
[0.175s] -- Check for working CXX compiler: /usr/bin/c++ - skipped
[0.175s] -- Detecting CXX compile features
[0.176s] -- Detecting CXX compile features - done
[0.177s] -- Found ament_cmake: 0.9.12 (/opt/ros/foxy/share/ament_cmake/cmake)
[0.194s] -- Found PythonInterp: /home/user/anaconda3/envs/openmmlab/bin/python3 (found suitable version "3.8.19", minimum required is "3") 
[0.194s] -- Using PYTHON_EXECUTABLE: /home/user/anaconda3/envs/openmmlab/bin/python3
[0.345s] -- Configuring done
[0.346s] -- Generating done
[0.347s] -- Build files have been written to: /home/user/YongJun_ws/ros2_ws/build/yolov8_bringup
[0.353s] Invoked command in '/home/user/YongJun_ws/ros2_ws/build/yolov8_bringup' returned '0': AMENT_PREFIX_PATH=/home/user/YongJun_ws/ros2_ws/install/yolov8_ros:/home/user/YongJun_ws/ros2_ws/install/yolov8_bringup:/home/user/YongJun_ws/ros2_ws/install/yolov8_msgs:/home/user/YongJun_ws/ros2_ws/install/vision_msgs:/home/user/YongJun_ws/ros2_ws/install/usb_cam:/opt/ros/foxy CMAKE_PREFIX_PATH=${CMAKE_PREFIX_PATH}:/home/user/YongJun_ws/ros2_ws/install/yolov8_ros:/opt/ros/foxy CONDA_PROMPT_MODIFIER=(openmmlab) PYTHONPATH=/home/user/YongJun_ws/ros2_ws/install/yolov8_ros/lib/python3.8/site-packages:/opt/ros/foxy/lib/python3.8/site-packages:/home/user/anaconda3/envs/openmmlab/bin /home/user/.local/bin/cmake /home/user/YongJun_ws/ros2_ws/src/yolov8_ros/yolov8_bringup -DCMAKE_INSTALL_PREFIX=/home/user/YongJun_ws/ros2_ws/install/yolov8_bringup
[0.354s] Invoking command in '/home/user/YongJun_ws/ros2_ws/build/yolov8_bringup': AMENT_PREFIX_PATH=/home/user/YongJun_ws/ros2_ws/install/yolov8_ros:/home/user/YongJun_ws/ros2_ws/install/yolov8_bringup:/home/user/YongJun_ws/ros2_ws/install/yolov8_msgs:/home/user/YongJun_ws/ros2_ws/install/vision_msgs:/home/user/YongJun_ws/ros2_ws/install/usb_cam:/opt/ros/foxy CMAKE_PREFIX_PATH=${CMAKE_PREFIX_PATH}:/home/user/YongJun_ws/ros2_ws/install/yolov8_ros:/opt/ros/foxy CONDA_PROMPT_MODIFIER=(openmmlab) PYTHONPATH=/home/user/YongJun_ws/ros2_ws/install/yolov8_ros/lib/python3.8/site-packages:/opt/ros/foxy/lib/python3.8/site-packages:/home/user/anaconda3/envs/openmmlab/bin /home/user/.local/bin/cmake --build /home/user/YongJun_ws/ros2_ws/build/yolov8_bringup -- -j24 -l24
[0.381s] Invoked command in '/home/user/YongJun_ws/ros2_ws/build/yolov8_bringup' returned '0': AMENT_PREFIX_PATH=/home/user/YongJun_ws/ros2_ws/install/yolov8_ros:/home/user/YongJun_ws/ros2_ws/install/yolov8_bringup:/home/user/YongJun_ws/ros2_ws/install/yolov8_msgs:/home/user/YongJun_ws/ros2_ws/install/vision_msgs:/home/user/YongJun_ws/ros2_ws/install/usb_cam:/opt/ros/foxy CMAKE_PREFIX_PATH=${CMAKE_PREFIX_PATH}:/home/user/YongJun_ws/ros2_ws/install/yolov8_ros:/opt/ros/foxy CONDA_PROMPT_MODIFIER=(openmmlab) PYTHONPATH=/home/user/YongJun_ws/ros2_ws/install/yolov8_ros/lib/python3.8/site-packages:/opt/ros/foxy/lib/python3.8/site-packages:/home/user/anaconda3/envs/openmmlab/bin /home/user/.local/bin/cmake --build /home/user/YongJun_ws/ros2_ws/build/yolov8_bringup -- -j24 -l24
[0.427s] Invoking command in '/home/user/YongJun_ws/ros2_ws/build/yolov8_bringup': AMENT_PREFIX_PATH=/home/user/YongJun_ws/ros2_ws/install/yolov8_ros:/home/user/YongJun_ws/ros2_ws/install/yolov8_bringup:/home/user/YongJun_ws/ros2_ws/install/yolov8_msgs:/home/user/YongJun_ws/ros2_ws/install/vision_msgs:/home/user/YongJun_ws/ros2_ws/install/usb_cam:/opt/ros/foxy CMAKE_PREFIX_PATH=${CMAKE_PREFIX_PATH}:/home/user/YongJun_ws/ros2_ws/install/yolov8_ros:/opt/ros/foxy CONDA_PROMPT_MODIFIER=(openmmlab) PYTHONPATH=/home/user/YongJun_ws/ros2_ws/install/yolov8_ros/lib/python3.8/site-packages:/opt/ros/foxy/lib/python3.8/site-packages:/home/user/anaconda3/envs/openmmlab/bin /home/user/.local/bin/cmake --install /home/user/YongJun_ws/ros2_ws/build/yolov8_bringup
[0.443s] -- Install configuration: ""
[0.443s] -- Installing: /home/user/YongJun_ws/ros2_ws/install/yolov8_bringup/share/yolov8_bringup//launch
[0.443s] -- Installing: /home/user/YongJun_ws/ros2_ws/install/yolov8_bringup/share/yolov8_bringup//launch/yolov9.launch.py
[0.443s] -- Installing: /home/user/YongJun_ws/ros2_ws/install/yolov8_bringup/share/yolov8_bringup//launch/yolov8.launch.py
[0.443s] -- Installing: /home/user/YongJun_ws/ros2_ws/install/yolov8_bringup/share/yolov8_bringup//launch/yolov8_3d.launch.py
[0.444s] -- Installing: /home/user/YongJun_ws/ros2_ws/install/yolov8_bringup/share/ament_index/resource_index/package_run_dependencies/yolov8_bringup
[0.444s] -- Installing: /home/user/YongJun_ws/ros2_ws/install/yolov8_bringup/share/ament_index/resource_index/parent_prefix_path/yolov8_bringup
[0.444s] -- Installing: /home/user/YongJun_ws/ros2_ws/install/yolov8_bringup/share/yolov8_bringup/environment/ament_prefix_path.sh
[0.444s] -- Installing: /home/user/YongJun_ws/ros2_ws/install/yolov8_bringup/share/yolov8_bringup/environment/ament_prefix_path.dsv
[0.444s] -- Installing: /home/user/YongJun_ws/ros2_ws/install/yolov8_bringup/share/yolov8_bringup/environment/path.sh
[0.444s] -- Installing: /home/user/YongJun_ws/ros2_ws/install/yolov8_bringup/share/yolov8_bringup/environment/path.dsv
[0.444s] -- Installing: /home/user/YongJun_ws/ros2_ws/install/yolov8_bringup/share/yolov8_bringup/local_setup.bash
[0.444s] -- Installing: /home/user/YongJun_ws/ros2_ws/install/yolov8_bringup/share/yolov8_bringup/local_setup.sh
[0.444s] -- Installing: /home/user/YongJun_ws/ros2_ws/install/yolov8_bringup/share/yolov8_bringup/local_setup.zsh
[0.444s] -- Installing: /home/user/YongJun_ws/ros2_ws/install/yolov8_bringup/share/yolov8_bringup/local_setup.dsv
[0.444s] -- Installing: /home/user/YongJun_ws/ros2_ws/install/yolov8_bringup/share/yolov8_bringup/package.dsv
[0.444s] -- Installing: /home/user/YongJun_ws/ros2_ws/install/yolov8_bringup/share/ament_index/resource_index/packages/yolov8_bringup
[0.444s] -- Installing: /home/user/YongJun_ws/ros2_ws/install/yolov8_bringup/share/yolov8_bringup/cmake/yolov8_bringupConfig.cmake
[0.444s] -- Installing: /home/user/YongJun_ws/ros2_ws/install/yolov8_bringup/share/yolov8_bringup/cmake/yolov8_bringupConfig-version.cmake
[0.444s] -- Installing: /home/user/YongJun_ws/ros2_ws/install/yolov8_bringup/share/yolov8_bringup/package.xml
[0.447s] Invoked command in '/home/user/YongJun_ws/ros2_ws/build/yolov8_bringup' returned '0': AMENT_PREFIX_PATH=/home/user/YongJun_ws/ros2_ws/install/yolov8_ros:/home/user/YongJun_ws/ros2_ws/install/yolov8_bringup:/home/user/YongJun_ws/ros2_ws/install/yolov8_msgs:/home/user/YongJun_ws/ros2_ws/install/vision_msgs:/home/user/YongJun_ws/ros2_ws/install/usb_cam:/opt/ros/foxy CMAKE_PREFIX_PATH=${CMAKE_PREFIX_PATH}:/home/user/YongJun_ws/ros2_ws/install/yolov8_ros:/opt/ros/foxy CONDA_PROMPT_MODIFIER=(openmmlab) PYTHONPATH=/home/user/YongJun_ws/ros2_ws/install/yolov8_ros/lib/python3.8/site-packages:/opt/ros/foxy/lib/python3.8/site-packages:/home/user/anaconda3/envs/openmmlab/bin /home/user/.local/bin/cmake --install /home/user/YongJun_ws/ros2_ws/build/yolov8_bringup
