/usr/bin/cmake -S/home/aiv/YongJun_ws/matlab/AutoL_LiDAR/src/deployedpointpillarmodel -B/home/aiv/YongJun_ws/matlab/AutoL_LiDAR/build/deployedpointpillarmodel --check-build-system CMakeFiles/Makefile.cmake 0
/usr/bin/cmake -E cmake_progress_start /home/aiv/YongJun_ws/matlab/AutoL_LiDAR/build/deployedpointpillarmodel/CMakeFiles /home/aiv/YongJun_ws/matlab/AutoL_LiDAR/build/deployedpointpillarmodel/CMakeFiles/progress.marks
/usr/bin/make -f CMakeFiles/Makefile2 all
make[1]: Entering directory '/home/aiv/YongJun_ws/matlab/Livox_LiDAR/build/deployedpointpillarmodel'
/usr/bin/make -f CMakeFiles/deployedPointPillarModel.dir/build.make CMakeFiles/deployedPointPillarModel.dir/depend
make[2]: Entering directory '/home/aiv/YongJun_ws/matlab/Livox_LiDAR/build/deployedpointpillarmodel'
cd /home/aiv/YongJun_ws/matlab/AutoL_LiDAR/build/deployedpointpillarmodel && /usr/bin/cmake -E cmake_depends "Unix Makefiles" /home/aiv/YongJun_ws/matlab/AutoL_LiDAR/src/deployedpointpillarmodel /home/aiv/YongJun_ws/matlab/AutoL_LiDAR/src/deployedpointpillarmodel /home/aiv/YongJun_ws/matlab/AutoL_LiDAR/build/deployedpointpillarmodel /home/aiv/YongJun_ws/matlab/AutoL_LiDAR/build/deployedpointpillarmodel /home/aiv/YongJun_ws/matlab/AutoL_LiDAR/build/deployedpointpillarmodel/CMakeFiles/deployedPointPillarModel.dir/DependInfo.cmake --color=
make[2]: Leaving directory '/home/aiv/YongJun_ws/matlab/Livox_LiDAR/build/deployedpointpillarmodel'
/usr/bin/make -f CMakeFiles/deployedPointPillarModel.dir/build.make CMakeFiles/deployedPointPillarModel.dir/build
make[2]: Entering directory '/home/aiv/YongJun_ws/matlab/Livox_LiDAR/build/deployedpointpillarmodel'
make[2]: Nothing to be done for 'CMakeFiles/deployedPointPillarModel.dir/build'.
make[2]: Leaving directory '/home/aiv/YongJun_ws/matlab/Livox_LiDAR/build/deployedpointpillarmodel'
[100%] Built target deployedPointPillarModel
make[1]: Leaving directory '/home/aiv/YongJun_ws/matlab/Livox_LiDAR/build/deployedpointpillarmodel'
/usr/bin/cmake -E cmake_progress_start /home/aiv/YongJun_ws/matlab/AutoL_LiDAR/build/deployedpointpillarmodel/CMakeFiles 0
-- Install configuration: "Release"
-- Execute custom install script
-- Up-to-date symlink: /home/aiv/YongJun_ws/matlab/AutoL_LiDAR/install/deployedpointpillarmodel/share/ament_index/resource_index/package_run_dependencies/deployedpointpillarmodel
-- Up-to-date symlink: /home/aiv/YongJun_ws/matlab/AutoL_LiDAR/install/deployedpointpillarmodel/share/ament_index/resource_index/parent_prefix_path/deployedpointpillarmodel
-- Up-to-date symlink: /home/aiv/YongJun_ws/matlab/AutoL_LiDAR/install/deployedpointpillarmodel/share/deployedpointpillarmodel/environment/ament_prefix_path.sh
-- Up-to-date symlink: /home/aiv/YongJun_ws/matlab/AutoL_LiDAR/install/deployedpointpillarmodel/share/deployedpointpillarmodel/environment/ament_prefix_path.dsv
-- Up-to-date symlink: /home/aiv/YongJun_ws/matlab/AutoL_LiDAR/install/deployedpointpillarmodel/share/deployedpointpillarmodel/environment/path.sh
-- Up-to-date symlink: /home/aiv/YongJun_ws/matlab/AutoL_LiDAR/install/deployedpointpillarmodel/share/deployedpointpillarmodel/environment/path.dsv
-- Up-to-date symlink: /home/aiv/YongJun_ws/matlab/AutoL_LiDAR/install/deployedpointpillarmodel/share/deployedpointpillarmodel/local_setup.bash
-- Up-to-date symlink: /home/aiv/YongJun_ws/matlab/AutoL_LiDAR/install/deployedpointpillarmodel/share/deployedpointpillarmodel/local_setup.sh
-- Up-to-date symlink: /home/aiv/YongJun_ws/matlab/AutoL_LiDAR/install/deployedpointpillarmodel/share/deployedpointpillarmodel/local_setup.zsh
-- Up-to-date symlink: /home/aiv/YongJun_ws/matlab/AutoL_LiDAR/install/deployedpointpillarmodel/share/deployedpointpillarmodel/local_setup.dsv
-- Symlinking: /home/aiv/YongJun_ws/matlab/AutoL_LiDAR/install/deployedpointpillarmodel/share/deployedpointpillarmodel/package.dsv
-- Up-to-date symlink: /home/aiv/YongJun_ws/matlab/AutoL_LiDAR/install/deployedpointpillarmodel/share/ament_index/resource_index/packages/deployedpointpillarmodel
-- Up-to-date symlink: /home/aiv/YongJun_ws/matlab/AutoL_LiDAR/install/deployedpointpillarmodel/share/deployedpointpillarmodel/cmake/ament_cmake_export_include_directories-extras.cmake
-- Up-to-date symlink: /home/aiv/YongJun_ws/matlab/AutoL_LiDAR/install/deployedpointpillarmodel/share/deployedpointpillarmodel/cmake/deployedpointpillarmodelConfig.cmake
-- Up-to-date symlink: /home/aiv/YongJun_ws/matlab/AutoL_LiDAR/install/deployedpointpillarmodel/share/deployedpointpillarmodel/cmake/deployedpointpillarmodelConfig-version.cmake
-- Up-to-date symlink: /home/aiv/YongJun_ws/matlab/AutoL_LiDAR/install/deployedpointpillarmodel/share/deployedpointpillarmodel/package.xml
-- Up-to-date: /home/aiv/YongJun_ws/matlab/AutoL_LiDAR/install/deployedpointpillarmodel/lib/deployedpointpillarmodel/deployedPointPillarModel
