[0.008s] Invoking command in '/home/aiv/YongJun_ws/build/deployedpointpillarmodel': AMENT_PREFIX_PATH=/home/aiv/YongJun_ws/install/vision_msgs:${AMENT_PREFIX_PATH} CMAKE_PREFIX_PATH=/home/aiv/YongJun_ws/install/vision_msgs:/home/aiv/YongJun_ws/install/yolov8_bringup:/home/aiv/YongJun_ws/install/yolov8_msgs:/home/aiv/YongJun_ws/install/deployedpointpillarmodel:/home/aiv/YongJun_ws/install/usb_cam:/home/aiv/YongJun_ws/install/yolov8_ros:/opt/ros/foxy LD_LIBRARY_PATH=/home/aiv/YongJun_ws/install/vision_msgs/lib:/home/aiv/YongJun_ws/install/yolov8_msgs/lib:/home/aiv/YongJun_ws/install/usb_cam/lib:/opt/ros/foxy/opt/yaml_cpp_vendor/lib:/opt/ros/foxy/opt/rviz_ogre_vendor/lib:/opt/ros/foxy/lib/x86_64-linux-gnu:/opt/ros/foxy/lib PYTHONPATH=/home/aiv/YongJun_ws/install/vision_msgs/lib/python3.8/site-packages:/home/yong/YongJun_ws/build/yolov8_ros:/home/aiv/YongJun_ws/install/yolov8_ros/lib/python3.8/site-packages:/home/aiv/YongJun_ws/install/yolov8_msgs/lib/python3.8/site-packages:/opt/ros/foxy/lib/python3.8/site-packages /usr/bin/cmake /home/aiv/YongJun_ws/src/deployedpointpillarmodel -DAMENT_CMAKE_SYMLINK_INSTALL=1 -DCMAKE_INSTALL_PREFIX=/home/aiv/YongJun_ws/install/deployedpointpillarmodel
[0.043s] -- The C compiler identification is GNU 9.4.0
[0.078s] -- The CXX compiler identification is GNU 9.4.0
[0.081s] -- Check for working C compiler: /usr/bin/cc
[0.126s] -- Check for working C compiler: /usr/bin/cc -- works
[0.126s] -- Detecting C compiler ABI info
[0.171s] -- Detecting C compiler ABI info - done
[0.179s] -- Detecting C compile features
[0.179s] -- Detecting C compile features - done
[0.181s] -- Check for working CXX compiler: /usr/bin/c++
[0.229s] -- Check for working CXX compiler: /usr/bin/c++ -- works
[0.229s] -- Detecting CXX compiler ABI info
[0.276s] -- Detecting CXX compiler ABI info - done
[0.284s] -- Detecting CXX compile features
[0.284s] -- Detecting CXX compile features - done
[0.285s] -- Found ament_cmake: 0.9.12 (/opt/ros/foxy/share/ament_cmake/cmake)
[0.304s] -- Found PythonInterp: /usr/bin/python3 (found suitable version "3.8.10", minimum required is "3") 
[0.304s] -- Using PYTHON_EXECUTABLE: /usr/bin/python3
[0.411s] -- Override CMake install command with custom implementation using symlinks instead of copying resources
[0.425s] -- Found ament_cmake_ros: 0.9.2 (/opt/ros/foxy/share/ament_cmake_ros/cmake)
[0.429s] -- Found builtin_interfaces: 1.0.0 (/opt/ros/foxy/share/builtin_interfaces/cmake)
[0.446s] -- Using all available rosidl_typesupport_c: rosidl_typesupport_fastrtps_c;rosidl_typesupport_introspection_c
[0.450s] -- Found rosidl_adapter: 1.3.1 (/opt/ros/foxy/share/rosidl_adapter/cmake)
[0.498s] -- Found OpenSSL: /usr/lib/x86_64-linux-gnu/libcrypto.so (found version "1.1.1f")  
[0.518s] -- Found FastRTPS: /opt/ros/foxy/include  
[0.567s] -- Using all available rosidl_typesupport_cpp: rosidl_typesupport_fastrtps_cpp;rosidl_typesupport_introspection_cpp
[0.585s] -- Found geometry_msgs: 2.0.5 (/opt/ros/foxy/share/geometry_msgs/cmake)
[0.623s] -- Found rclcpp: 2.4.3 (/opt/ros/foxy/share/rclcpp/cmake)
[0.651s] -- Found rmw_implementation_cmake: 1.0.4 (/opt/ros/foxy/share/rmw_implementation_cmake/cmake)
[0.652s] -- Using RMW implementation 'rmw_fastrtps_cpp' as default
[0.653s] -- Looking for pthread.h
[0.696s] -- Looking for pthread.h - found
[0.696s] -- Performing Test CMAKE_HAVE_LIBC_PTHREAD
[0.740s] -- Performing Test CMAKE_HAVE_LIBC_PTHREAD - Failed
[0.740s] -- Looking for pthread_create in pthreads
[0.775s] -- Looking for pthread_create in pthreads - not found
[0.775s] -- Looking for pthread_create in pthread
[0.819s] -- Looking for pthread_create in pthread - found
[0.820s] -- Found Threads: TRUE  
[0.913s] -- Found sensor_msgs: 2.0.5 (/opt/ros/foxy/share/sensor_msgs/cmake)
[0.961s] -- Found vision_msgs: 0.0.0 (/home/aiv/YongJun_ws/install/vision_msgs/share/vision_msgs/cmake)
[1.027s] -- The CUDA compiler identification is unknown
[1.028s] CMake Error at CMakeLists.txt:279 (enable_language):
[1.028s]   No CMAKE_CUDA_COMPILER could be found.
[1.028s] 
[1.028s]   Tell CMake where to find the compiler by setting either the environment
[1.028s]   variable "CUDACXX" or the CMake cache entry CMAKE_CUDA_COMPILER to the full
[1.028s]   path to the compiler, or to the compiler name if it is in the PATH.
[1.028s] 
[1.029s] 
[1.030s] -- Configuring incomplete, errors occurred!
[1.030s] See also "/home/aiv/YongJun_ws/build/deployedpointpillarmodel/CMakeFiles/CMakeOutput.log".
[1.030s] See also "/home/aiv/YongJun_ws/build/deployedpointpillarmodel/CMakeFiles/CMakeError.log".
[1.037s] Invoked command in '/home/aiv/YongJun_ws/build/deployedpointpillarmodel' returned '1': AMENT_PREFIX_PATH=/home/aiv/YongJun_ws/install/vision_msgs:${AMENT_PREFIX_PATH} CMAKE_PREFIX_PATH=/home/aiv/YongJun_ws/install/vision_msgs:/home/aiv/YongJun_ws/install/yolov8_bringup:/home/aiv/YongJun_ws/install/yolov8_msgs:/home/aiv/YongJun_ws/install/deployedpointpillarmodel:/home/aiv/YongJun_ws/install/usb_cam:/home/aiv/YongJun_ws/install/yolov8_ros:/opt/ros/foxy LD_LIBRARY_PATH=/home/aiv/YongJun_ws/install/vision_msgs/lib:/home/aiv/YongJun_ws/install/yolov8_msgs/lib:/home/aiv/YongJun_ws/install/usb_cam/lib:/opt/ros/foxy/opt/yaml_cpp_vendor/lib:/opt/ros/foxy/opt/rviz_ogre_vendor/lib:/opt/ros/foxy/lib/x86_64-linux-gnu:/opt/ros/foxy/lib PYTHONPATH=/home/aiv/YongJun_ws/install/vision_msgs/lib/python3.8/site-packages:/home/yong/YongJun_ws/build/yolov8_ros:/home/aiv/YongJun_ws/install/yolov8_ros/lib/python3.8/site-packages:/home/aiv/YongJun_ws/install/yolov8_msgs/lib/python3.8/site-packages:/opt/ros/foxy/lib/python3.8/site-packages /usr/bin/cmake /home/aiv/YongJun_ws/src/deployedpointpillarmodel -DAMENT_CMAKE_SYMLINK_INSTALL=1 -DCMAKE_INSTALL_PREFIX=/home/aiv/YongJun_ws/install/deployedpointpillarmodel
