[0.394s] Invoking command in '/home/aiv/YongJun_ws/build/yolov8_ros': PYTHONPATH=/home/aiv/YongJun_ws/build/yolov8_ros/prefix_override:/home/aiv/YongJun_ws/install/yolov8_ros/lib/python3.8/site-packages:${PYTHONPATH} /usr/bin/python3 -W ignore:setup.py install is deprecated setup.py develop --editable --build-directory /home/aiv/YongJun_ws/build/yolov8_ros/build --no-deps symlink_data
[0.536s] running develop
[0.613s] running egg_info
[0.613s] creating yolov8_ros.egg-info
[0.613s] writing yolov8_ros.egg-info/PKG-INFO
[0.613s] writing dependency_links to yolov8_ros.egg-info/dependency_links.txt
[0.613s] writing entry points to yolov8_ros.egg-info/entry_points.txt
[0.613s] writing requirements to yolov8_ros.egg-info/requires.txt
[0.613s] writing top-level names to yolov8_ros.egg-info/top_level.txt
[0.614s] writing manifest file 'yolov8_ros.egg-info/SOURCES.txt'
[0.633s] reading manifest file 'yolov8_ros.egg-info/SOURCES.txt'
[0.633s] writing manifest file 'yolov8_ros.egg-info/SOURCES.txt'
[0.653s] running build_ext
[0.653s] Creating /home/aiv/YongJun_ws/install/yolov8_ros/lib/python3.8/site-packages/site.py
[0.654s] Creating /home/aiv/YongJun_ws/install/yolov8_ros/lib/python3.8/site-packages/yolov8-ros.egg-link (link to .)
[0.654s] Installing debug_node script to /home/aiv/YongJun_ws/install/yolov8_ros/lib/yolov8_ros
[0.655s] Installing detect_3d_node script to /home/aiv/YongJun_ws/install/yolov8_ros/lib/yolov8_ros
[0.655s] Installing tracking_node script to /home/aiv/YongJun_ws/install/yolov8_ros/lib/yolov8_ros
[0.655s] Installing yolov8_node script to /home/aiv/YongJun_ws/install/yolov8_ros/lib/yolov8_ros
[0.655s] 
[0.655s] Installed /home/aiv/YongJun_ws/build/yolov8_ros
[0.655s] running symlink_data
[0.655s] creating /home/aiv/YongJun_ws/install/yolov8_ros/share/ament_index
[0.655s] creating /home/aiv/YongJun_ws/install/yolov8_ros/share/ament_index/resource_index
[0.655s] creating /home/aiv/YongJun_ws/install/yolov8_ros/share/ament_index/resource_index/packages
[0.655s] symbolically linking /home/aiv/YongJun_ws/build/yolov8_ros/resource/yolov8_ros -> /home/aiv/YongJun_ws/install/yolov8_ros/share/ament_index/resource_index/packages
[0.655s] symbolically linking /home/aiv/YongJun_ws/build/yolov8_ros/package.xml -> /home/aiv/YongJun_ws/install/yolov8_ros/share/yolov8_ros
[0.670s] Invoked command in '/home/aiv/YongJun_ws/build/yolov8_ros' returned '0': PYTHONPATH=/home/aiv/YongJun_ws/build/yolov8_ros/prefix_override:/home/aiv/YongJun_ws/install/yolov8_ros/lib/python3.8/site-packages:${PYTHONPATH} /usr/bin/python3 -W ignore:setup.py install is deprecated setup.py develop --editable --build-directory /home/aiv/YongJun_ws/build/yolov8_ros/build --no-deps symlink_data
