[0.007s] Invoking command in '/home/yong/sensor/build/yolov8_bringup': AMENT_PREFIX_PATH=/home/yong/sensor/install/yolov8_ros:/home/yong/sensor/install/yolov8_bringup:/home/yong/sensor/install/yolov8_msgs:/home/yong/sensor/install/yolov5_ros2:/home/yong/sensor/install/yolov5_ros:/home/yong/sensor/install/usb_cam:/home/yong/sensor/install/boundingboxes:/home/yong/sensor/install/bboxes_ex_msgs:/opt/ros/foxy CMAKE_PREFIX_PATH=${CMAKE_PREFIX_PATH}:/home/yong/sensor/install/yolov8_ros:/home/yong/sensor/install/yolov5_ros2:/home/yong/sensor/install/yolov5_ros:/opt/ros/foxy /usr/bin/cmake /home/yong/sensor/src/yolov8_ros/yolov8_bringup -DCMAKE_INSTALL_PREFIX=/home/yong/sensor/install/yolov8_bringup
[0.041s] -- The C compiler identification is GNU 9.4.0
[0.077s] -- The CXX compiler identification is GNU 9.4.0
[0.080s] -- Check for working C compiler: /usr/bin/cc
[0.124s] -- Check for working C compiler: /usr/bin/cc -- works
[0.125s] -- Detecting C compiler ABI info
[0.168s] -- Detecting C compiler ABI info - done
[0.176s] -- Detecting C compile features
[0.176s] -- Detecting C compile features - done
[0.178s] -- Check for working CXX compiler: /usr/bin/c++
[0.229s] -- Check for working CXX compiler: /usr/bin/c++ -- works
[0.230s] -- Detecting CXX compiler ABI info
[0.280s] -- Detecting CXX compiler ABI info - done
[0.288s] -- Detecting CXX compile features
[0.289s] -- Detecting CXX compile features - done
[0.290s] -- Found ament_cmake: 0.9.12 (/opt/ros/foxy/share/ament_cmake/cmake)
[0.307s] -- Found PythonInterp: /usr/bin/python3 (found suitable version "3.8.10", minimum required is "3") 
[0.307s] -- Using PYTHON_EXECUTABLE: /usr/bin/python3
[0.502s] -- Configuring done
[0.503s] -- Generating done
[0.503s] -- Build files have been written to: /home/yong/sensor/build/yolov8_bringup
[0.507s] Invoked command in '/home/yong/sensor/build/yolov8_bringup' returned '0': AMENT_PREFIX_PATH=/home/yong/sensor/install/yolov8_ros:/home/yong/sensor/install/yolov8_bringup:/home/yong/sensor/install/yolov8_msgs:/home/yong/sensor/install/yolov5_ros2:/home/yong/sensor/install/yolov5_ros:/home/yong/sensor/install/usb_cam:/home/yong/sensor/install/boundingboxes:/home/yong/sensor/install/bboxes_ex_msgs:/opt/ros/foxy CMAKE_PREFIX_PATH=${CMAKE_PREFIX_PATH}:/home/yong/sensor/install/yolov8_ros:/home/yong/sensor/install/yolov5_ros2:/home/yong/sensor/install/yolov5_ros:/opt/ros/foxy /usr/bin/cmake /home/yong/sensor/src/yolov8_ros/yolov8_bringup -DCMAKE_INSTALL_PREFIX=/home/yong/sensor/install/yolov8_bringup
[0.507s] Invoking command in '/home/yong/sensor/build/yolov8_bringup': AMENT_PREFIX_PATH=/home/yong/sensor/install/yolov8_ros:/home/yong/sensor/install/yolov8_bringup:/home/yong/sensor/install/yolov8_msgs:/home/yong/sensor/install/yolov5_ros2:/home/yong/sensor/install/yolov5_ros:/home/yong/sensor/install/usb_cam:/home/yong/sensor/install/boundingboxes:/home/yong/sensor/install/bboxes_ex_msgs:/opt/ros/foxy CMAKE_PREFIX_PATH=${CMAKE_PREFIX_PATH}:/home/yong/sensor/install/yolov8_ros:/home/yong/sensor/install/yolov5_ros2:/home/yong/sensor/install/yolov5_ros:/opt/ros/foxy /usr/bin/cmake --build /home/yong/sensor/build/yolov8_bringup -- -j8 -l8
[0.532s] Invoked command in '/home/yong/sensor/build/yolov8_bringup' returned '0': AMENT_PREFIX_PATH=/home/yong/sensor/install/yolov8_ros:/home/yong/sensor/install/yolov8_bringup:/home/yong/sensor/install/yolov8_msgs:/home/yong/sensor/install/yolov5_ros2:/home/yong/sensor/install/yolov5_ros:/home/yong/sensor/install/usb_cam:/home/yong/sensor/install/boundingboxes:/home/yong/sensor/install/bboxes_ex_msgs:/opt/ros/foxy CMAKE_PREFIX_PATH=${CMAKE_PREFIX_PATH}:/home/yong/sensor/install/yolov8_ros:/home/yong/sensor/install/yolov5_ros2:/home/yong/sensor/install/yolov5_ros:/opt/ros/foxy /usr/bin/cmake --build /home/yong/sensor/build/yolov8_bringup -- -j8 -l8
[0.547s] Invoking command in '/home/yong/sensor/build/yolov8_bringup': AMENT_PREFIX_PATH=/home/yong/sensor/install/yolov8_ros:/home/yong/sensor/install/yolov8_bringup:/home/yong/sensor/install/yolov8_msgs:/home/yong/sensor/install/yolov5_ros2:/home/yong/sensor/install/yolov5_ros:/home/yong/sensor/install/usb_cam:/home/yong/sensor/install/boundingboxes:/home/yong/sensor/install/bboxes_ex_msgs:/opt/ros/foxy CMAKE_PREFIX_PATH=${CMAKE_PREFIX_PATH}:/home/yong/sensor/install/yolov8_ros:/home/yong/sensor/install/yolov5_ros2:/home/yong/sensor/install/yolov5_ros:/opt/ros/foxy /usr/bin/cmake --install /home/yong/sensor/build/yolov8_bringup
[0.552s] -- Install configuration: ""
[0.552s] -- Installing: /home/yong/sensor/install/yolov8_bringup/share/yolov8_bringup//launch
[0.552s] -- Installing: /home/yong/sensor/install/yolov8_bringup/share/yolov8_bringup//launch/yolov9.launch.py
[0.552s] -- Installing: /home/yong/sensor/install/yolov8_bringup/share/yolov8_bringup//launch/yolov8_3d.launch.py
[0.552s] -- Installing: /home/yong/sensor/install/yolov8_bringup/share/yolov8_bringup//launch/yolov8.launch.py
[0.552s] -- Installing: /home/yong/sensor/install/yolov8_bringup/share/ament_index/resource_index/package_run_dependencies/yolov8_bringup
[0.553s] -- Installing: /home/yong/sensor/install/yolov8_bringup/share/ament_index/resource_index/parent_prefix_path/yolov8_bringup
[0.553s] -- Installing: /home/yong/sensor/install/yolov8_bringup/share/yolov8_bringup/environment/ament_prefix_path.sh
[0.553s] -- Installing: /home/yong/sensor/install/yolov8_bringup/share/yolov8_bringup/environment/ament_prefix_path.dsv
[0.553s] -- Installing: /home/yong/sensor/install/yolov8_bringup/share/yolov8_bringup/environment/path.sh
[0.553s] -- Installing: /home/yong/sensor/install/yolov8_bringup/share/yolov8_bringup/environment/path.dsv
[0.553s] -- Installing: /home/yong/sensor/install/yolov8_bringup/share/yolov8_bringup/local_setup.bash
[0.553s] -- Installing: /home/yong/sensor/install/yolov8_bringup/share/yolov8_bringup/local_setup.sh
[0.553s] -- Installing: /home/yong/sensor/install/yolov8_bringup/share/yolov8_bringup/local_setup.zsh
[0.553s] -- Installing: /home/yong/sensor/install/yolov8_bringup/share/yolov8_bringup/local_setup.dsv
[0.553s] -- Installing: /home/yong/sensor/install/yolov8_bringup/share/yolov8_bringup/package.dsv
[0.553s] -- Installing: /home/yong/sensor/install/yolov8_bringup/share/ament_index/resource_index/packages/yolov8_bringup
[0.553s] -- Installing: /home/yong/sensor/install/yolov8_bringup/share/yolov8_bringup/cmake/yolov8_bringupConfig.cmake
[0.553s] -- Installing: /home/yong/sensor/install/yolov8_bringup/share/yolov8_bringup/cmake/yolov8_bringupConfig-version.cmake
[0.554s] -- Installing: /home/yong/sensor/install/yolov8_bringup/share/yolov8_bringup/package.xml
[0.555s] Invoked command in '/home/yong/sensor/build/yolov8_bringup' returned '0': AMENT_PREFIX_PATH=/home/yong/sensor/install/yolov8_ros:/home/yong/sensor/install/yolov8_bringup:/home/yong/sensor/install/yolov8_msgs:/home/yong/sensor/install/yolov5_ros2:/home/yong/sensor/install/yolov5_ros:/home/yong/sensor/install/usb_cam:/home/yong/sensor/install/boundingboxes:/home/yong/sensor/install/bboxes_ex_msgs:/opt/ros/foxy CMAKE_PREFIX_PATH=${CMAKE_PREFIX_PATH}:/home/yong/sensor/install/yolov8_ros:/home/yong/sensor/install/yolov5_ros2:/home/yong/sensor/install/yolov5_ros:/opt/ros/foxy /usr/bin/cmake --install /home/yong/sensor/build/yolov8_bringup
