[0.007s] Invoking command in '/home/yong/YongJun_ws/build/yolov8_bringup': AMENT_PREFIX_PATH=/home/yong/YongJun_ws/install/yolov8_ros:/home/yong/YongJun_ws/install/yolov8_bringup:/home/yong/YongJun_ws/install/yolov8_msgs:/home/yong/YongJun_ws/install/usb_cam:/opt/ros/foxy CMAKE_PREFIX_PATH=${CMAKE_PREFIX_PATH}:/home/yong/YongJun_ws/install/yolov8_ros:/opt/ros/foxy /usr/bin/cmake /home/yong/YongJun_ws/src/YOLO/Yolov8/yolov8_bringup -DAMENT_CMAKE_SYMLINK_INSTALL=1 -DCMAKE_INSTALL_PREFIX=/home/yong/YongJun_ws/install/yolov8_bringup
[0.042s] -- The C compiler identification is GNU 9.4.0
[0.078s] -- The CXX compiler identification is GNU 9.4.0
[0.081s] -- Check for working C compiler: /usr/bin/cc
[0.125s] -- Check for working C compiler: /usr/bin/cc -- works
[0.125s] -- Detecting C compiler ABI info
[0.168s] -- Detecting C compiler ABI info - done
[0.177s] -- Detecting C compile features
[0.177s] -- Detecting C compile features - done
[0.179s] -- Check for working CXX compiler: /usr/bin/c++
[0.229s] -- Check for working CXX compiler: /usr/bin/c++ -- works
[0.230s] -- Detecting CXX compiler ABI info
[0.280s] -- Detecting CXX compiler ABI info - done
[0.289s] -- Detecting CXX compile features
[0.290s] -- Detecting CXX compile features - done
[0.291s] -- Found ament_cmake: 0.9.12 (/opt/ros/foxy/share/ament_cmake/cmake)
[0.312s] -- Found PythonInterp: /usr/bin/python3 (found suitable version "3.8.10", minimum required is "3") 
[0.312s] -- Using PYTHON_EXECUTABLE: /usr/bin/python3
[0.470s] -- Override CMake install command with custom implementation using symlinks instead of copying resources
[0.529s] -- Configuring done
[0.530s] -- Generating done
[0.530s] -- Build files have been written to: /home/yong/YongJun_ws/build/yolov8_bringup
[0.532s] Invoked command in '/home/yong/YongJun_ws/build/yolov8_bringup' returned '0': AMENT_PREFIX_PATH=/home/yong/YongJun_ws/install/yolov8_ros:/home/yong/YongJun_ws/install/yolov8_bringup:/home/yong/YongJun_ws/install/yolov8_msgs:/home/yong/YongJun_ws/install/usb_cam:/opt/ros/foxy CMAKE_PREFIX_PATH=${CMAKE_PREFIX_PATH}:/home/yong/YongJun_ws/install/yolov8_ros:/opt/ros/foxy /usr/bin/cmake /home/yong/YongJun_ws/src/YOLO/Yolov8/yolov8_bringup -DAMENT_CMAKE_SYMLINK_INSTALL=1 -DCMAKE_INSTALL_PREFIX=/home/yong/YongJun_ws/install/yolov8_bringup
[0.534s] Invoking command in '/home/yong/YongJun_ws/build/yolov8_bringup': AMENT_PREFIX_PATH=/home/yong/YongJun_ws/install/yolov8_ros:/home/yong/YongJun_ws/install/yolov8_bringup:/home/yong/YongJun_ws/install/yolov8_msgs:/home/yong/YongJun_ws/install/usb_cam:/opt/ros/foxy CMAKE_PREFIX_PATH=${CMAKE_PREFIX_PATH}:/home/yong/YongJun_ws/install/yolov8_ros:/opt/ros/foxy /usr/bin/cmake --build /home/yong/YongJun_ws/build/yolov8_bringup -- -j8 -l8
[0.560s] Invoked command in '/home/yong/YongJun_ws/build/yolov8_bringup' returned '0': AMENT_PREFIX_PATH=/home/yong/YongJun_ws/install/yolov8_ros:/home/yong/YongJun_ws/install/yolov8_bringup:/home/yong/YongJun_ws/install/yolov8_msgs:/home/yong/YongJun_ws/install/usb_cam:/opt/ros/foxy CMAKE_PREFIX_PATH=${CMAKE_PREFIX_PATH}:/home/yong/YongJun_ws/install/yolov8_ros:/opt/ros/foxy /usr/bin/cmake --build /home/yong/YongJun_ws/build/yolov8_bringup -- -j8 -l8
[0.582s] Invoking command in '/home/yong/YongJun_ws/build/yolov8_bringup': AMENT_PREFIX_PATH=/home/yong/YongJun_ws/install/yolov8_ros:/home/yong/YongJun_ws/install/yolov8_bringup:/home/yong/YongJun_ws/install/yolov8_msgs:/home/yong/YongJun_ws/install/usb_cam:/opt/ros/foxy CMAKE_PREFIX_PATH=${CMAKE_PREFIX_PATH}:/home/yong/YongJun_ws/install/yolov8_ros:/opt/ros/foxy /usr/bin/cmake --install /home/yong/YongJun_ws/build/yolov8_bringup
[0.588s] -- Install configuration: ""
[0.588s] -- Execute custom install script
[0.588s] -- Symlinking: /home/yong/YongJun_ws/install/yolov8_bringup/share/yolov8_bringup//launch/yolov8.launch.py
[0.595s] -- Symlinking: /home/yong/YongJun_ws/install/yolov8_bringup/share/yolov8_bringup//launch/yolov8_3d.launch.py
[0.601s] -- Symlinking: /home/yong/YongJun_ws/install/yolov8_bringup/share/yolov8_bringup//launch/yolov9.launch.py
[0.607s] -- Symlinking: /home/yong/YongJun_ws/install/yolov8_bringup/share/ament_index/resource_index/package_run_dependencies/yolov8_bringup
[0.613s] -- Symlinking: /home/yong/YongJun_ws/install/yolov8_bringup/share/ament_index/resource_index/parent_prefix_path/yolov8_bringup
[0.619s] -- Symlinking: /home/yong/YongJun_ws/install/yolov8_bringup/share/yolov8_bringup/environment/ament_prefix_path.sh
[0.625s] -- Symlinking: /home/yong/YongJun_ws/install/yolov8_bringup/share/yolov8_bringup/environment/ament_prefix_path.dsv
[0.631s] -- Symlinking: /home/yong/YongJun_ws/install/yolov8_bringup/share/yolov8_bringup/environment/path.sh
[0.637s] -- Symlinking: /home/yong/YongJun_ws/install/yolov8_bringup/share/yolov8_bringup/environment/path.dsv
[0.643s] -- Symlinking: /home/yong/YongJun_ws/install/yolov8_bringup/share/yolov8_bringup/local_setup.bash
[0.649s] -- Symlinking: /home/yong/YongJun_ws/install/yolov8_bringup/share/yolov8_bringup/local_setup.sh
[0.655s] -- Symlinking: /home/yong/YongJun_ws/install/yolov8_bringup/share/yolov8_bringup/local_setup.zsh
[0.661s] -- Symlinking: /home/yong/YongJun_ws/install/yolov8_bringup/share/yolov8_bringup/local_setup.dsv
[0.667s] -- Symlinking: /home/yong/YongJun_ws/install/yolov8_bringup/share/yolov8_bringup/package.dsv
[0.673s] -- Symlinking: /home/yong/YongJun_ws/install/yolov8_bringup/share/ament_index/resource_index/packages/yolov8_bringup
[0.679s] -- Symlinking: /home/yong/YongJun_ws/install/yolov8_bringup/share/yolov8_bringup/cmake/yolov8_bringupConfig.cmake
[0.687s] -- Symlinking: /home/yong/YongJun_ws/install/yolov8_bringup/share/yolov8_bringup/cmake/yolov8_bringupConfig-version.cmake
[0.693s] -- Symlinking: /home/yong/YongJun_ws/install/yolov8_bringup/share/yolov8_bringup/package.xml
[0.700s] Invoked command in '/home/yong/YongJun_ws/build/yolov8_bringup' returned '0': AMENT_PREFIX_PATH=/home/yong/YongJun_ws/install/yolov8_ros:/home/yong/YongJun_ws/install/yolov8_bringup:/home/yong/YongJun_ws/install/yolov8_msgs:/home/yong/YongJun_ws/install/usb_cam:/opt/ros/foxy CMAKE_PREFIX_PATH=${CMAKE_PREFIX_PATH}:/home/yong/YongJun_ws/install/yolov8_ros:/opt/ros/foxy /usr/bin/cmake --install /home/yong/YongJun_ws/build/yolov8_bringup
