[0.019s] Invoking command in '/home/aiv/YongJun_ws/ros2_ws/build/zed_aruco_localization': AMENT_PREFIX_PATH=/home/aiv/YongJun_ws/ros2_ws/install/zed_components:/home/aiv/YongJun_ws/ros2_ws/install/zed_interfaces:${AMENT_PREFIX_PATH} CMAKE_PREFIX_PATH=/home/aiv/YongJun_ws/ros2_ws/install/zed_components:/home/aiv/YongJun_ws/ros2_ws/install/zed_interfaces:/opt/ros/foxy LD_LIBRARY_PATH=/home/aiv/YongJun_ws/ros2_ws/install/zed_components/lib:/home/aiv/YongJun_ws/ros2_ws/install/zed_interfaces/lib:/opt/ros/foxy/opt/yaml_cpp_vendor/lib:/opt/ros/foxy/opt/rviz_ogre_vendor/lib:/opt/ros/foxy/lib/x86_64-linux-gnu:/opt/ros/foxy/lib:/usr/local/cuda/lib64 PYTHONPATH=/home/aiv/YongJun_ws/ros2_ws/install/zed_interfaces/lib/python3.8/site-packages:${PYTHONPATH} /usr/bin/cmake --build /home/aiv/YongJun_ws/ros2_ws/build/zed_aruco_localization -- -j32 -l32
[0.046s] Invoked command in '/home/aiv/YongJun_ws/ros2_ws/build/zed_aruco_localization' returned '0': AMENT_PREFIX_PATH=/home/aiv/YongJun_ws/ros2_ws/install/zed_components:/home/aiv/YongJun_ws/ros2_ws/install/zed_interfaces:${AMENT_PREFIX_PATH} CMAKE_PREFIX_PATH=/home/aiv/YongJun_ws/ros2_ws/install/zed_components:/home/aiv/YongJun_ws/ros2_ws/install/zed_interfaces:/opt/ros/foxy LD_LIBRARY_PATH=/home/aiv/YongJun_ws/ros2_ws/install/zed_components/lib:/home/aiv/YongJun_ws/ros2_ws/install/zed_interfaces/lib:/opt/ros/foxy/opt/yaml_cpp_vendor/lib:/opt/ros/foxy/opt/rviz_ogre_vendor/lib:/opt/ros/foxy/lib/x86_64-linux-gnu:/opt/ros/foxy/lib:/usr/local/cuda/lib64 PYTHONPATH=/home/aiv/YongJun_ws/ros2_ws/install/zed_interfaces/lib/python3.8/site-packages:${PYTHONPATH} /usr/bin/cmake --build /home/aiv/YongJun_ws/ros2_ws/build/zed_aruco_localization -- -j32 -l32
[0.060s] Invoking command in '/home/aiv/YongJun_ws/ros2_ws/build/zed_aruco_localization': AMENT_PREFIX_PATH=/home/aiv/YongJun_ws/ros2_ws/install/zed_components:/home/aiv/YongJun_ws/ros2_ws/install/zed_interfaces:${AMENT_PREFIX_PATH} CMAKE_PREFIX_PATH=/home/aiv/YongJun_ws/ros2_ws/install/zed_components:/home/aiv/YongJun_ws/ros2_ws/install/zed_interfaces:/opt/ros/foxy LD_LIBRARY_PATH=/home/aiv/YongJun_ws/ros2_ws/install/zed_components/lib:/home/aiv/YongJun_ws/ros2_ws/install/zed_interfaces/lib:/opt/ros/foxy/opt/yaml_cpp_vendor/lib:/opt/ros/foxy/opt/rviz_ogre_vendor/lib:/opt/ros/foxy/lib/x86_64-linux-gnu:/opt/ros/foxy/lib:/usr/local/cuda/lib64 PYTHONPATH=/home/aiv/YongJun_ws/ros2_ws/install/zed_interfaces/lib/python3.8/site-packages:${PYTHONPATH} /usr/bin/cmake --install /home/aiv/YongJun_ws/ros2_ws/build/zed_aruco_localization
[0.064s] -- Install configuration: "Release"
[0.064s] -- Up-to-date: /home/aiv/YongJun_ws/ros2_ws/install/zed_aruco_localization/share/ament_index/resource_index/package_run_dependencies/zed_aruco_localization
[0.064s] -- Up-to-date: /home/aiv/YongJun_ws/ros2_ws/install/zed_aruco_localization/share/ament_index/resource_index/parent_prefix_path/zed_aruco_localization
[0.064s] -- Up-to-date: /home/aiv/YongJun_ws/ros2_ws/install/zed_aruco_localization/share/zed_aruco_localization/environment/ament_prefix_path.sh
[0.064s] -- Up-to-date: /home/aiv/YongJun_ws/ros2_ws/install/zed_aruco_localization/share/zed_aruco_localization/environment/ament_prefix_path.dsv
[0.064s] -- Up-to-date: /home/aiv/YongJun_ws/ros2_ws/install/zed_aruco_localization/share/zed_aruco_localization/environment/path.sh
[0.064s] -- Up-to-date: /home/aiv/YongJun_ws/ros2_ws/install/zed_aruco_localization/share/zed_aruco_localization/environment/path.dsv
[0.064s] -- Up-to-date: /home/aiv/YongJun_ws/ros2_ws/install/zed_aruco_localization/share/zed_aruco_localization/local_setup.bash
[0.064s] -- Up-to-date: /home/aiv/YongJun_ws/ros2_ws/install/zed_aruco_localization/share/zed_aruco_localization/local_setup.sh
[0.064s] -- Up-to-date: /home/aiv/YongJun_ws/ros2_ws/install/zed_aruco_localization/share/zed_aruco_localization/local_setup.zsh
[0.064s] -- Up-to-date: /home/aiv/YongJun_ws/ros2_ws/install/zed_aruco_localization/share/zed_aruco_localization/local_setup.dsv
[0.065s] -- Installing: /home/aiv/YongJun_ws/ros2_ws/install/zed_aruco_localization/share/zed_aruco_localization/package.dsv
[0.065s] -- Up-to-date: /home/aiv/YongJun_ws/ros2_ws/install/zed_aruco_localization/share/ament_index/resource_index/packages/zed_aruco_localization
[0.065s] -- Up-to-date: /home/aiv/YongJun_ws/ros2_ws/install/zed_aruco_localization/share/zed_aruco_localization/cmake/zed_aruco_localizationConfig.cmake
[0.065s] -- Up-to-date: /home/aiv/YongJun_ws/ros2_ws/install/zed_aruco_localization/share/zed_aruco_localization/cmake/zed_aruco_localizationConfig-version.cmake
[0.065s] -- Up-to-date: /home/aiv/YongJun_ws/ros2_ws/install/zed_aruco_localization/share/zed_aruco_localization/package.xml
[0.066s] Invoked command in '/home/aiv/YongJun_ws/ros2_ws/build/zed_aruco_localization' returned '0': AMENT_PREFIX_PATH=/home/aiv/YongJun_ws/ros2_ws/install/zed_components:/home/aiv/YongJun_ws/ros2_ws/install/zed_interfaces:${AMENT_PREFIX_PATH} CMAKE_PREFIX_PATH=/home/aiv/YongJun_ws/ros2_ws/install/zed_components:/home/aiv/YongJun_ws/ros2_ws/install/zed_interfaces:/opt/ros/foxy LD_LIBRARY_PATH=/home/aiv/YongJun_ws/ros2_ws/install/zed_components/lib:/home/aiv/YongJun_ws/ros2_ws/install/zed_interfaces/lib:/opt/ros/foxy/opt/yaml_cpp_vendor/lib:/opt/ros/foxy/opt/rviz_ogre_vendor/lib:/opt/ros/foxy/lib/x86_64-linux-gnu:/opt/ros/foxy/lib:/usr/local/cuda/lib64 PYTHONPATH=/home/aiv/YongJun_ws/ros2_ws/install/zed_interfaces/lib/python3.8/site-packages:${PYTHONPATH} /usr/bin/cmake --install /home/aiv/YongJun_ws/ros2_ws/build/zed_aruco_localization
