[0.167s] DEBUG:colcon:Command line arguments: ['/usr/bin/colcon', 'build']
[0.167s] DEBUG:colcon:Parsed command line arguments: Namespace(allow_overriding=[], ament_cmake_args=None, base_paths=['.'], build_base='build', catkin_cmake_args=None, catkin_skip_building_tests=False, cmake_args=None, cmake_clean_cache=False, cmake_clean_first=False, cmake_force_configure=False, cmake_target=None, cmake_target_skip_unavailable=False, continue_on_error=False, event_handlers=None, executor='parallel', ignore_user_meta=False, install_base='install', log_base=None, log_level=None, main=<bound method BuildVerb.main of <colcon_core.verb.build.BuildVerb object at 0x7f04c62acc70>>, merge_install=False, metas=['./colcon.meta'], packages_above=None, packages_above_and_dependencies=None, packages_above_depth=None, packages_end=None, packages_ignore=None, packages_ignore_regex=None, packages_select=None, packages_select_build_failed=False, packages_select_by_dep=None, packages_select_regex=None, packages_select_test_failures=False, packages_skip=None, packages_skip_build_finished=False, packages_skip_by_dep=None, packages_skip_regex=None, packages_skip_test_passed=False, packages_skip_up_to=None, packages_start=None, packages_up_to=None, packages_up_to_regex=None, parallel_workers=8, paths=None, symlink_install=False, test_result_base=None, verb_extension=<colcon_core.verb.build.BuildVerb object at 0x7f04c62acc70>, verb_name='build', verb_parser=<colcon_defaults.argument_parser.defaults.DefaultArgumentsDecorator object at 0x7f04c62bc1f0>)
[0.297s] Level 1:colcon.colcon_core.package_discovery:discover_packages(colcon_meta) check parameters
[0.297s] Level 1:colcon.colcon_core.package_discovery:discover_packages(recursive) check parameters
[0.297s] Level 1:colcon.colcon_core.package_discovery:discover_packages(ignore) check parameters
[0.297s] Level 1:colcon.colcon_core.package_discovery:discover_packages(path) check parameters
[0.297s] Level 1:colcon.colcon_core.package_discovery:discover_packages(colcon_meta) discover
[0.297s] Level 1:colcon.colcon_core.package_discovery:discover_packages(recursive) discover
[0.297s] INFO:colcon.colcon_core.package_discovery:Crawling recursively for packages in '/home/yong/sensor'
[0.298s] Level 1:colcon.colcon_core.package_identification:_identify(.) by extensions ['ignore', 'ignore_ament_install']
[0.298s] Level 1:colcon.colcon_core.package_identification:_identify(.) by extension 'ignore'
[0.298s] Level 1:colcon.colcon_core.package_identification:_identify(.) by extension 'ignore_ament_install'
[0.298s] Level 1:colcon.colcon_core.package_identification:_identify(.) by extensions ['colcon_pkg']
[0.298s] Level 1:colcon.colcon_core.package_identification:_identify(.) by extension 'colcon_pkg'
[0.298s] Level 1:colcon.colcon_core.package_identification:_identify(.) by extensions ['colcon_meta']
[0.298s] Level 1:colcon.colcon_core.package_identification:_identify(.) by extension 'colcon_meta'
[0.298s] Level 1:colcon.colcon_core.package_identification:_identify(.) by extensions ['ros']
[0.298s] Level 1:colcon.colcon_core.package_identification:_identify(.) by extension 'ros'
[0.306s] Level 1:colcon.colcon_core.package_identification:_identify(.) by extensions ['cmake', 'python']
[0.306s] Level 1:colcon.colcon_core.package_identification:_identify(.) by extension 'cmake'
[0.306s] Level 1:colcon.colcon_core.package_identification:_identify(.) by extension 'python'
[0.306s] Level 1:colcon.colcon_core.package_identification:_identify(.) by extensions ['python_setup_py']
[0.306s] Level 1:colcon.colcon_core.package_identification:_identify(.) by extension 'python_setup_py'
[0.306s] Level 1:colcon.colcon_core.package_identification:_identify(build) by extensions ['ignore', 'ignore_ament_install']
[0.306s] Level 1:colcon.colcon_core.package_identification:_identify(build) by extension 'ignore'
[0.306s] Level 1:colcon.colcon_core.package_identification:_identify(build) ignored
[0.306s] Level 1:colcon.colcon_core.package_identification:_identify(install) by extensions ['ignore', 'ignore_ament_install']
[0.306s] Level 1:colcon.colcon_core.package_identification:_identify(install) by extension 'ignore'
[0.306s] Level 1:colcon.colcon_core.package_identification:_identify(install) ignored
[0.306s] Level 1:colcon.colcon_core.package_identification:_identify(log) by extensions ['ignore', 'ignore_ament_install']
[0.306s] Level 1:colcon.colcon_core.package_identification:_identify(log) by extension 'ignore'
[0.307s] Level 1:colcon.colcon_core.package_identification:_identify(log) ignored
[0.307s] Level 1:colcon.colcon_core.package_identification:_identify(src) by extensions ['ignore', 'ignore_ament_install']
[0.307s] Level 1:colcon.colcon_core.package_identification:_identify(src) by extension 'ignore'
[0.307s] Level 1:colcon.colcon_core.package_identification:_identify(src) by extension 'ignore_ament_install'
[0.307s] Level 1:colcon.colcon_core.package_identification:_identify(src) by extensions ['colcon_pkg']
[0.307s] Level 1:colcon.colcon_core.package_identification:_identify(src) by extension 'colcon_pkg'
[0.307s] Level 1:colcon.colcon_core.package_identification:_identify(src) by extensions ['colcon_meta']
[0.307s] Level 1:colcon.colcon_core.package_identification:_identify(src) by extension 'colcon_meta'
[0.307s] Level 1:colcon.colcon_core.package_identification:_identify(src) by extensions ['ros']
[0.307s] Level 1:colcon.colcon_core.package_identification:_identify(src) by extension 'ros'
[0.307s] Level 1:colcon.colcon_core.package_identification:_identify(src) by extensions ['cmake', 'python']
[0.307s] Level 1:colcon.colcon_core.package_identification:_identify(src) by extension 'cmake'
[0.307s] Level 1:colcon.colcon_core.package_identification:_identify(src) by extension 'python'
[0.307s] Level 1:colcon.colcon_core.package_identification:_identify(src) by extensions ['python_setup_py']
[0.307s] Level 1:colcon.colcon_core.package_identification:_identify(src) by extension 'python_setup_py'
[0.307s] Level 1:colcon.colcon_core.package_identification:_identify(src/usb_cam) by extensions ['ignore', 'ignore_ament_install']
[0.307s] Level 1:colcon.colcon_core.package_identification:_identify(src/usb_cam) by extension 'ignore'
[0.307s] Level 1:colcon.colcon_core.package_identification:_identify(src/usb_cam) by extension 'ignore_ament_install'
[0.307s] Level 1:colcon.colcon_core.package_identification:_identify(src/usb_cam) by extensions ['colcon_pkg']
[0.307s] Level 1:colcon.colcon_core.package_identification:_identify(src/usb_cam) by extension 'colcon_pkg'
[0.307s] Level 1:colcon.colcon_core.package_identification:_identify(src/usb_cam) by extensions ['colcon_meta']
[0.307s] Level 1:colcon.colcon_core.package_identification:_identify(src/usb_cam) by extension 'colcon_meta'
[0.307s] Level 1:colcon.colcon_core.package_identification:_identify(src/usb_cam) by extensions ['ros']
[0.307s] Level 1:colcon.colcon_core.package_identification:_identify(src/usb_cam) by extension 'ros'
[0.313s] DEBUG:colcon.colcon_core.package_identification:Package 'src/usb_cam' with type 'ros.ament_cmake' and name 'usb_cam'
[0.313s] Level 1:colcon.colcon_core.package_discovery:discover_packages(recursive) using defaults
[0.314s] Level 1:colcon.colcon_core.package_discovery:discover_packages(ignore) discover
[0.314s] Level 1:colcon.colcon_core.package_discovery:discover_packages(ignore) using defaults
[0.314s] Level 1:colcon.colcon_core.package_discovery:discover_packages(path) discover
[0.314s] Level 1:colcon.colcon_core.package_discovery:discover_packages(path) using defaults
[0.331s] Level 1:colcon.colcon_core.package_discovery:discover_packages(prefix_path) check parameters
[0.331s] Level 1:colcon.colcon_core.package_discovery:discover_packages(prefix_path) discover
[0.331s] WARNING:colcon.colcon_ros.prefix_path.ament:The path '/home/yong/sensor/install/yolov8_bringup' in the environment variable AMENT_PREFIX_PATH doesn't exist
[0.331s] WARNING:colcon.colcon_ros.prefix_path.ament:The path '/home/yong/sensor/install/yolov8_ros' in the environment variable AMENT_PREFIX_PATH doesn't exist
[0.332s] WARNING:colcon.colcon_ros.prefix_path.ament:The path '/home/yong/sensor/install/yolov8_msgs' in the environment variable AMENT_PREFIX_PATH doesn't exist
[0.332s] WARNING:colcon.colcon_ros.prefix_path.ament:The path '/home/yong/sensor/install/yolov5_ros2' in the environment variable AMENT_PREFIX_PATH doesn't exist
[0.332s] WARNING:colcon.colcon_ros.prefix_path.ament:The path '/home/yong/sensor/install/yolov5_ros' in the environment variable AMENT_PREFIX_PATH doesn't exist
[0.332s] WARNING:colcon.colcon_ros.prefix_path.ament:The path '/home/yong/sensor/install/usb_cam' in the environment variable AMENT_PREFIX_PATH doesn't exist
[0.332s] WARNING:colcon.colcon_ros.prefix_path.ament:The path '/home/yong/sensor/install/boundingboxes' in the environment variable AMENT_PREFIX_PATH doesn't exist
[0.332s] WARNING:colcon.colcon_ros.prefix_path.ament:The path '/home/yong/sensor/install/bboxes_ex_msgs' in the environment variable AMENT_PREFIX_PATH doesn't exist
[0.332s] WARNING:colcon.colcon_ros.prefix_path.catkin:The path '/home/yong/sensor/install/yolov8_bringup' in the environment variable CMAKE_PREFIX_PATH doesn't exist
[0.332s] WARNING:colcon.colcon_ros.prefix_path.catkin:The path '/home/yong/sensor/install/yolov8_msgs' in the environment variable CMAKE_PREFIX_PATH doesn't exist
[0.332s] WARNING:colcon.colcon_ros.prefix_path.catkin:The path '/home/yong/sensor/install/usb_cam' in the environment variable CMAKE_PREFIX_PATH doesn't exist
[0.332s] WARNING:colcon.colcon_ros.prefix_path.catkin:The path '/home/yong/sensor/install/boundingboxes' in the environment variable CMAKE_PREFIX_PATH doesn't exist
[0.332s] WARNING:colcon.colcon_ros.prefix_path.catkin:The path '/home/yong/sensor/install/bboxes_ex_msgs' in the environment variable CMAKE_PREFIX_PATH doesn't exist
[0.332s] DEBUG:colcon.colcon_installed_package_information.package_discovery:Found 0 installed packages in /home/yong/sensor/install
[0.333s] DEBUG:colcon.colcon_installed_package_information.package_discovery:Found 277 installed packages in /opt/ros/foxy
[0.334s] Level 1:colcon.colcon_core.package_discovery:discover_packages(prefix_path) using defaults
[0.383s] Level 5:colcon.colcon_core.verb:set package 'usb_cam' build argument 'cmake_args' from command line to 'None'
[0.383s] Level 5:colcon.colcon_core.verb:set package 'usb_cam' build argument 'cmake_target' from command line to 'None'
[0.384s] Level 5:colcon.colcon_core.verb:set package 'usb_cam' build argument 'cmake_target_skip_unavailable' from command line to 'False'
[0.384s] Level 5:colcon.colcon_core.verb:set package 'usb_cam' build argument 'cmake_clean_cache' from command line to 'False'
[0.384s] Level 5:colcon.colcon_core.verb:set package 'usb_cam' build argument 'cmake_clean_first' from command line to 'False'
[0.384s] Level 5:colcon.colcon_core.verb:set package 'usb_cam' build argument 'cmake_force_configure' from command line to 'False'
[0.384s] Level 5:colcon.colcon_core.verb:set package 'usb_cam' build argument 'ament_cmake_args' from command line to 'None'
[0.384s] Level 5:colcon.colcon_core.verb:set package 'usb_cam' build argument 'catkin_cmake_args' from command line to 'None'
[0.384s] Level 5:colcon.colcon_core.verb:set package 'usb_cam' build argument 'catkin_skip_building_tests' from command line to 'False'
[0.384s] DEBUG:colcon.colcon_core.verb:Building package 'usb_cam' with the following arguments: {'ament_cmake_args': None, 'build_base': '/home/yong/sensor/build/usb_cam', 'catkin_cmake_args': None, 'catkin_skip_building_tests': False, 'cmake_args': None, 'cmake_clean_cache': False, 'cmake_clean_first': False, 'cmake_force_configure': False, 'cmake_target': None, 'cmake_target_skip_unavailable': False, 'install_base': '/home/yong/sensor/install/usb_cam', 'merge_install': False, 'path': '/home/yong/sensor/src/usb_cam', 'symlink_install': False, 'test_result_base': None}
[0.384s] INFO:colcon.colcon_core.executor:Executing jobs using 'parallel' executor
[0.384s] DEBUG:colcon.colcon_parallel_executor.executor.parallel:run_until_complete
[0.384s] INFO:colcon.colcon_ros.task.ament_cmake.build:Building ROS package in '/home/yong/sensor/src/usb_cam' with build type 'ament_cmake'
[0.385s] INFO:colcon.colcon_cmake.task.cmake.build:Building CMake package in '/home/yong/sensor/src/usb_cam'
[0.386s] INFO:colcon.colcon_core.plugin_system:Skipping extension 'colcon_core.shell.bat': Not used on non-Windows systems
[0.386s] INFO:colcon.colcon_core.shell:Skip shell extension 'powershell' for command environment: Not usable outside of PowerShell
[0.386s] DEBUG:colcon.colcon_core.shell:Skip shell extension 'dsv' for command environment
[0.393s] DEBUG:colcon.colcon_core.event_handler.log_command:Invoking command in '/home/yong/sensor/build/usb_cam': CMAKE_PREFIX_PATH=${CMAKE_PREFIX_PATH}:/home/yong/sensor/install/yolov8_ros:/home/yong/sensor/install/yolov5_ros2:/home/yong/sensor/install/yolov5_ros:/opt/ros/foxy /usr/bin/cmake /home/yong/sensor/src/usb_cam -DCMAKE_INSTALL_PREFIX=/home/yong/sensor/install/usb_cam
[2.010s] DEBUG:colcon.colcon_core.event_handler.log_command:Invoked command in '/home/yong/sensor/build/usb_cam' returned '0': CMAKE_PREFIX_PATH=${CMAKE_PREFIX_PATH}:/home/yong/sensor/install/yolov8_ros:/home/yong/sensor/install/yolov5_ros2:/home/yong/sensor/install/yolov5_ros:/opt/ros/foxy /usr/bin/cmake /home/yong/sensor/src/usb_cam -DCMAKE_INSTALL_PREFIX=/home/yong/sensor/install/usb_cam
[2.012s] DEBUG:colcon.colcon_core.event_handler.log_command:Invoking command in '/home/yong/sensor/build/usb_cam': CMAKE_PREFIX_PATH=${CMAKE_PREFIX_PATH}:/home/yong/sensor/install/yolov8_ros:/home/yong/sensor/install/yolov5_ros2:/home/yong/sensor/install/yolov5_ros:/opt/ros/foxy /usr/bin/cmake --build /home/yong/sensor/build/usb_cam -- -j8 -l8
[8.394s] DEBUG:colcon.colcon_core.event_handler.log_command:Invoked command in '/home/yong/sensor/build/usb_cam' returned '0': CMAKE_PREFIX_PATH=${CMAKE_PREFIX_PATH}:/home/yong/sensor/install/yolov8_ros:/home/yong/sensor/install/yolov5_ros2:/home/yong/sensor/install/yolov5_ros:/opt/ros/foxy /usr/bin/cmake --build /home/yong/sensor/build/usb_cam -- -j8 -l8
[8.421s] DEBUG:colcon.colcon_core.event_handler.log_command:Invoking command in '/home/yong/sensor/build/usb_cam': CMAKE_PREFIX_PATH=${CMAKE_PREFIX_PATH}:/home/yong/sensor/install/yolov8_ros:/home/yong/sensor/install/yolov5_ros2:/home/yong/sensor/install/yolov5_ros:/opt/ros/foxy /usr/bin/cmake --install /home/yong/sensor/build/usb_cam
[8.433s] Level 1:colcon.colcon_core.environment:create_environment_scripts_only(usb_cam)
[8.433s] DEBUG:colcon.colcon_core.event_handler.log_command:Invoked command in '/home/yong/sensor/build/usb_cam' returned '0': CMAKE_PREFIX_PATH=${CMAKE_PREFIX_PATH}:/home/yong/sensor/install/yolov8_ros:/home/yong/sensor/install/yolov5_ros2:/home/yong/sensor/install/yolov5_ros:/opt/ros/foxy /usr/bin/cmake --install /home/yong/sensor/build/usb_cam
[8.435s] Level 1:colcon.colcon_core.environment:checking '/home/yong/sensor/install/usb_cam' for CMake module files
[8.436s] Level 1:colcon.colcon_core.environment:checking '/home/yong/sensor/install/usb_cam' for CMake config files
[8.436s] Level 1:colcon.colcon_core.shell:create_environment_hook('usb_cam', 'cmake_prefix_path')
[8.436s] INFO:colcon.colcon_core.shell:Creating environment hook '/home/yong/sensor/install/usb_cam/share/usb_cam/hook/cmake_prefix_path.ps1'
[8.437s] INFO:colcon.colcon_core.shell:Creating environment descriptor '/home/yong/sensor/install/usb_cam/share/usb_cam/hook/cmake_prefix_path.dsv'
[8.437s] INFO:colcon.colcon_core.shell:Creating environment hook '/home/yong/sensor/install/usb_cam/share/usb_cam/hook/cmake_prefix_path.sh'
[8.437s] Level 1:colcon.colcon_core.environment:checking '/home/yong/sensor/install/usb_cam/lib'
[8.437s] Level 1:colcon.colcon_core.shell:create_environment_hook('usb_cam', 'ld_library_path_lib')
[8.438s] INFO:colcon.colcon_core.shell:Creating environment hook '/home/yong/sensor/install/usb_cam/share/usb_cam/hook/ld_library_path_lib.ps1'
[8.438s] INFO:colcon.colcon_core.shell:Creating environment descriptor '/home/yong/sensor/install/usb_cam/share/usb_cam/hook/ld_library_path_lib.dsv'
[8.438s] INFO:colcon.colcon_core.shell:Creating environment hook '/home/yong/sensor/install/usb_cam/share/usb_cam/hook/ld_library_path_lib.sh'
[8.438s] Level 1:colcon.colcon_core.environment:checking '/home/yong/sensor/install/usb_cam/bin'
[8.438s] Level 1:colcon.colcon_core.environment:checking '/home/yong/sensor/install/usb_cam/lib/pkgconfig/usb_cam.pc'
[8.439s] Level 1:colcon.colcon_core.environment:checking '/home/yong/sensor/install/usb_cam/lib/python3.8/site-packages'
[8.439s] Level 1:colcon.colcon_core.environment:checking '/home/yong/sensor/install/usb_cam/bin'
[8.439s] INFO:colcon.colcon_core.shell:Creating package script '/home/yong/sensor/install/usb_cam/share/usb_cam/package.ps1'
[8.439s] INFO:colcon.colcon_core.shell:Creating package descriptor '/home/yong/sensor/install/usb_cam/share/usb_cam/package.dsv'
[8.440s] INFO:colcon.colcon_core.shell:Creating package script '/home/yong/sensor/install/usb_cam/share/usb_cam/package.sh'
[8.440s] INFO:colcon.colcon_core.shell:Creating package script '/home/yong/sensor/install/usb_cam/share/usb_cam/package.bash'
[8.441s] INFO:colcon.colcon_core.shell:Creating package script '/home/yong/sensor/install/usb_cam/share/usb_cam/package.zsh'
[8.441s] Level 1:colcon.colcon_core.environment:create_file_with_runtime_dependencies(/home/yong/sensor/install/usb_cam/share/colcon-core/packages/usb_cam)
[8.463s] Level 1:colcon.colcon_core.environment:create_environment_scripts_only(usb_cam)
[8.463s] Level 1:colcon.colcon_core.environment:checking '/home/yong/sensor/install/usb_cam' for CMake module files
[8.463s] Level 1:colcon.colcon_core.environment:checking '/home/yong/sensor/install/usb_cam' for CMake config files
[8.464s] Level 1:colcon.colcon_core.shell:create_environment_hook('usb_cam', 'cmake_prefix_path')
[8.464s] INFO:colcon.colcon_core.shell:Creating environment hook '/home/yong/sensor/install/usb_cam/share/usb_cam/hook/cmake_prefix_path.ps1'
[8.464s] INFO:colcon.colcon_core.shell:Creating environment descriptor '/home/yong/sensor/install/usb_cam/share/usb_cam/hook/cmake_prefix_path.dsv'
[8.464s] INFO:colcon.colcon_core.shell:Creating environment hook '/home/yong/sensor/install/usb_cam/share/usb_cam/hook/cmake_prefix_path.sh'
[8.465s] Level 1:colcon.colcon_core.environment:checking '/home/yong/sensor/install/usb_cam/lib'
[8.465s] Level 1:colcon.colcon_core.shell:create_environment_hook('usb_cam', 'ld_library_path_lib')
[8.465s] INFO:colcon.colcon_core.shell:Creating environment hook '/home/yong/sensor/install/usb_cam/share/usb_cam/hook/ld_library_path_lib.ps1'
[8.465s] INFO:colcon.colcon_core.shell:Creating environment descriptor '/home/yong/sensor/install/usb_cam/share/usb_cam/hook/ld_library_path_lib.dsv'
[8.465s] INFO:colcon.colcon_core.shell:Creating environment hook '/home/yong/sensor/install/usb_cam/share/usb_cam/hook/ld_library_path_lib.sh'
[8.466s] Level 1:colcon.colcon_core.environment:checking '/home/yong/sensor/install/usb_cam/bin'
[8.466s] Level 1:colcon.colcon_core.environment:checking '/home/yong/sensor/install/usb_cam/lib/pkgconfig/usb_cam.pc'
[8.466s] Level 1:colcon.colcon_core.environment:checking '/home/yong/sensor/install/usb_cam/lib/python3.8/site-packages'
[8.466s] Level 1:colcon.colcon_core.environment:checking '/home/yong/sensor/install/usb_cam/bin'
[8.466s] INFO:colcon.colcon_core.shell:Creating package script '/home/yong/sensor/install/usb_cam/share/usb_cam/package.ps1'
[8.467s] INFO:colcon.colcon_core.shell:Creating package descriptor '/home/yong/sensor/install/usb_cam/share/usb_cam/package.dsv'
[8.467s] INFO:colcon.colcon_core.shell:Creating package script '/home/yong/sensor/install/usb_cam/share/usb_cam/package.sh'
[8.467s] INFO:colcon.colcon_core.shell:Creating package script '/home/yong/sensor/install/usb_cam/share/usb_cam/package.bash'
[8.467s] INFO:colcon.colcon_core.shell:Creating package script '/home/yong/sensor/install/usb_cam/share/usb_cam/package.zsh'
[8.468s] Level 1:colcon.colcon_core.environment:create_file_with_runtime_dependencies(/home/yong/sensor/install/usb_cam/share/colcon-core/packages/usb_cam)
[8.468s] DEBUG:colcon.colcon_parallel_executor.executor.parallel:closing loop
[8.468s] DEBUG:colcon.colcon_parallel_executor.executor.parallel:loop closed
[8.468s] DEBUG:colcon.colcon_parallel_executor.executor.parallel:run_until_complete finished with '0'
[8.468s] DEBUG:colcon.colcon_core.event_reactor:joining thread
[8.472s] INFO:colcon.colcon_core.plugin_system:Skipping extension 'colcon_notification.desktop_notification.terminal_notifier': Not used on non-Darwin systems
[8.472s] INFO:colcon.colcon_core.plugin_system:Skipping extension 'colcon_notification.desktop_notification.win32': Not used on non-Windows systems
[8.472s] INFO:colcon.colcon_notification.desktop_notification:Sending desktop notification using 'notify2'
[8.484s] DEBUG:colcon.colcon_core.event_reactor:joined thread
[8.484s] INFO:colcon.colcon_core.shell:Creating prefix script '/home/yong/sensor/install/local_setup.ps1'
[8.485s] INFO:colcon.colcon_core.shell:Creating prefix util module '/home/yong/sensor/install/_local_setup_util_ps1.py'
[8.485s] INFO:colcon.colcon_core.shell:Creating prefix chain script '/home/yong/sensor/install/setup.ps1'
[8.486s] INFO:colcon.colcon_core.shell:Creating prefix script '/home/yong/sensor/install/local_setup.sh'
[8.487s] INFO:colcon.colcon_core.shell:Creating prefix util module '/home/yong/sensor/install/_local_setup_util_sh.py'
[8.487s] INFO:colcon.colcon_core.shell:Creating prefix chain script '/home/yong/sensor/install/setup.sh'
[8.488s] INFO:colcon.colcon_core.shell:Creating prefix script '/home/yong/sensor/install/local_setup.bash'
[8.488s] INFO:colcon.colcon_core.shell:Creating prefix chain script '/home/yong/sensor/install/setup.bash'
[8.489s] INFO:colcon.colcon_core.shell:Creating prefix script '/home/yong/sensor/install/local_setup.zsh'
[8.489s] INFO:colcon.colcon_core.shell:Creating prefix chain script '/home/yong/sensor/install/setup.zsh'
