Performing C SOURCE FILE Test CMAKE_HAVE_LIBC_PTHREAD failed with the following output:
Change Dir: /home/aiv/YongJun_ws/ros2_ws/build/realsense2_camera/CMakeFiles/CMakeScratch/TryCompile-tRxHGk

Run Build Command(s):/usr/bin/make -f Makefile cmTC_c33f7/fast && /usr/bin/make  -f CMakeFiles/cmTC_c33f7.dir/build.make CMakeFiles/cmTC_c33f7.dir/build
make[1]: Entering directory '/home/aiv/YongJun_ws/ros2_ws/build/realsense2_camera/CMakeFiles/CMakeScratch/TryCompile-tRxHGk'
Building C object CMakeFiles/cmTC_c33f7.dir/src.c.o
/usr/bin/cc -DCMAKE_HAVE_LIBC_PTHREAD   -o CMakeFiles/cmTC_c33f7.dir/src.c.o -c /home/aiv/YongJun_ws/ros2_ws/build/realsense2_camera/CMakeFiles/CMakeScratch/TryCompile-tRxHGk/src.c
Linking C executable cmTC_c33f7
/home/aiv/.local/lib/python3.8/site-packages/cmake/data/bin/cmake -E cmake_link_script CMakeFiles/cmTC_c33f7.dir/link.txt --verbose=1
/usr/bin/cc  -z noexecstack -z relro -z now -pie  CMakeFiles/cmTC_c33f7.dir/src.c.o -o cmTC_c33f7 
/usr/bin/ld: CMakeFiles/cmTC_c33f7.dir/src.c.o: in function `main':
src.c:(.text+0x46): undefined reference to `pthread_create'
/usr/bin/ld: src.c:(.text+0x52): undefined reference to `pthread_detach'
/usr/bin/ld: src.c:(.text+0x5e): undefined reference to `pthread_cancel'
/usr/bin/ld: src.c:(.text+0x6f): undefined reference to `pthread_join'
collect2: error: ld returned 1 exit status
make[1]: *** [CMakeFiles/cmTC_c33f7.dir/build.make:99: cmTC_c33f7] Error 1
make[1]: Leaving directory '/home/aiv/YongJun_ws/ros2_ws/build/realsense2_camera/CMakeFiles/CMakeScratch/TryCompile-tRxHGk'
make: *** [Makefile:127: cmTC_c33f7/fast] Error 2


Source file was:
#include <pthread.h>

static void* test_func(void* data)
{
  return data;
}

int main(void)
{
  pthread_t thread;
  pthread_create(&thread, NULL, test_func, NULL);
  pthread_detach(thread);
  pthread_cancel(thread);
  pthread_join(thread, NULL);
  pthread_atfork(NULL, NULL, NULL);
  pthread_exit(NULL);

  return 0;
}


Determining if the function pthread_create exists in the pthreads failed with the following output:
Change Dir: /home/aiv/YongJun_ws/ros2_ws/build/realsense2_camera/CMakeFiles/CMakeScratch/TryCompile-bPoY6n

Run Build Command(s):/usr/bin/make -f Makefile cmTC_2ee6c/fast && /usr/bin/make  -f CMakeFiles/cmTC_2ee6c.dir/build.make CMakeFiles/cmTC_2ee6c.dir/build
make[1]: Entering directory '/home/aiv/YongJun_ws/ros2_ws/build/realsense2_camera/CMakeFiles/CMakeScratch/TryCompile-bPoY6n'
Building C object CMakeFiles/cmTC_2ee6c.dir/CheckFunctionExists.c.o
/usr/bin/cc   -DCHECK_FUNCTION_EXISTS=pthread_create -o CMakeFiles/cmTC_2ee6c.dir/CheckFunctionExists.c.o -c /home/aiv/YongJun_ws/ros2_ws/build/realsense2_camera/CMakeFiles/CMakeScratch/TryCompile-bPoY6n/CheckFunctionExists.c
Linking C executable cmTC_2ee6c
/home/aiv/.local/lib/python3.8/site-packages/cmake/data/bin/cmake -E cmake_link_script CMakeFiles/cmTC_2ee6c.dir/link.txt --verbose=1
/usr/bin/cc  -DCHECK_FUNCTION_EXISTS=pthread_create  -z noexecstack -z relro -z now -pie  CMakeFiles/cmTC_2ee6c.dir/CheckFunctionExists.c.o -o cmTC_2ee6c  -lpthreads 
/usr/bin/ld: cannot find -lpthreads
collect2: error: ld returned 1 exit status
make[1]: *** [CMakeFiles/cmTC_2ee6c.dir/build.make:99: cmTC_2ee6c] Error 1
make[1]: Leaving directory '/home/aiv/YongJun_ws/ros2_ws/build/realsense2_camera/CMakeFiles/CMakeScratch/TryCompile-bPoY6n'
make: *** [Makefile:127: cmTC_2ee6c/fast] Error 2



