[0.013s] Invoking command in '/home/aiv/YongJun_ws/ros2_ws/build/zed_rgb_convert': AMENT_PREFIX_PATH=/home/aiv/YongJun_ws/ros2_ws/install/zed_components:/home/aiv/YongJun_ws/ros2_ws/install/zed_interfaces:${AMENT_PREFIX_PATH} CMAKE_PREFIX_PATH=/home/aiv/YongJun_ws/ros2_ws/install/zed_components:/home/aiv/YongJun_ws/ros2_ws/install/zed_interfaces:/opt/ros/foxy LD_LIBRARY_PATH=/home/aiv/YongJun_ws/ros2_ws/install/zed_components/lib:/home/aiv/YongJun_ws/ros2_ws/install/zed_interfaces/lib:/opt/ros/foxy/opt/yaml_cpp_vendor/lib:/opt/ros/foxy/opt/rviz_ogre_vendor/lib:/opt/ros/foxy/lib/x86_64-linux-gnu:/opt/ros/foxy/lib:/usr/local/cuda/lib64 PYTHONPATH=/home/aiv/YongJun_ws/ros2_ws/install/zed_interfaces/lib/python3.8/site-packages:${PYTHONPATH} /usr/bin/cmake /home/aiv/YongJun_ws/ros2_ws/src/zed-ros2-examples/tutorials/zed_rgb_convert -DCMAKE_INSTALL_PREFIX=/home/aiv/YongJun_ws/ros2_ws/install/zed_rgb_convert
[0.044s] -- The C compiler identification is GNU 9.4.0
[0.076s] -- The CXX compiler identification is GNU 9.4.0
[0.079s] -- Check for working C compiler: /usr/bin/cc
[0.118s] -- Check for working C compiler: /usr/bin/cc -- works
[0.119s] -- Detecting C compiler ABI info
[0.159s] -- Detecting C compiler ABI info - done
[0.166s] -- Detecting C compile features
[0.166s] -- Detecting C compile features - done
[0.167s] -- Check for working CXX compiler: /usr/bin/c++
[0.216s] -- Check for working CXX compiler: /usr/bin/c++ -- works
[0.217s] -- Detecting CXX compiler ABI info
[0.268s] -- Detecting CXX compiler ABI info - done
[0.276s] -- Detecting CXX compile features
[0.276s] -- Detecting CXX compile features - done
[0.284s] -- Found OpenCV: /usr (found version "4.2.0") 
[0.287s] -- Looking for sgemm_
[0.327s] -- Looking for sgemm_ - not found
[0.328s] -- Looking for pthread.h
[0.370s] -- Looking for pthread.h - found
[0.370s] -- Performing Test CMAKE_HAVE_LIBC_PTHREAD
[0.413s] -- Performing Test CMAKE_HAVE_LIBC_PTHREAD - Failed
[0.414s] -- Looking for pthread_create in pthreads
[0.449s] -- Looking for pthread_create in pthreads - not found
[0.449s] -- Looking for pthread_create in pthread
[0.490s] -- Looking for pthread_create in pthread - found
[0.491s] -- Found Threads: TRUE  
[0.510s] -- Looking for sgemm_
[0.571s] -- Looking for sgemm_ - found
[0.571s] -- Found BLAS: /usr/lib/x86_64-linux-gnu/libopenblas.so  
[0.581s] -- Found CUDA: /usr/local/cuda-12.2 (found suitable version "12.2", minimum required is "12") 
[0.605s] -- Found CUDA: /usr/local/cuda-12.2 (found version "12.2") 
[0.606s] -- Found ament_cmake_auto: 0.9.12 (/opt/ros/foxy/share/ament_cmake_auto/cmake)
[0.625s] -- Found PythonInterp: /usr/bin/python3 (found suitable version "3.8.10", minimum required is "3") 
[0.625s] -- Using PYTHON_EXECUTABLE: /usr/bin/python3
[0.833s] -- Using all available rosidl_typesupport_c: rosidl_typesupport_fastrtps_c;rosidl_typesupport_introspection_c
[0.837s] -- Found rosidl_adapter: 1.3.1 (/opt/ros/foxy/share/rosidl_adapter/cmake)
[0.887s] -- Found OpenSSL: /usr/lib/x86_64-linux-gnu/libcrypto.so (found version "1.1.1f")  
[0.904s] -- Found FastRTPS: /opt/ros/foxy/include  
[0.954s] -- Using all available rosidl_typesupport_cpp: rosidl_typesupport_fastrtps_cpp;rosidl_typesupport_introspection_cpp
[0.990s] -- Found rmw_implementation_cmake: 1.0.4 (/opt/ros/foxy/share/rmw_implementation_cmake/cmake)
[0.991s] -- Using RMW implementation 'rmw_fastrtps_cpp' as default
[1.452s] -- Found eigen3_cmake_module: 0.1.1 (/opt/ros/foxy/share/eigen3_cmake_module/cmake)
[1.454s] -- Found Eigen3: TRUE (found version "3.3.7") 
[2.162s] -- Found ament_lint_auto: 0.9.8 (/opt/ros/foxy/share/ament_lint_auto/cmake)
[2.414s] -- Added test 'copyright' to check source files copyright and LICENSE
[2.415s] -- Added test 'cppcheck' to perform static code analysis on C / C++ code
[2.415s] -- Configured cppcheck include dirs: /home/aiv/YongJun_ws/ros2_ws/src/zed-ros2-examples/tutorials/zed_rgb_convert/src/include;/home/aiv/YongJun_ws/ros2_ws/src/zed-ros2-examples/tutorials/zed_rgb_convert/src/component/include
[2.415s] -- Configured cppcheck exclude dirs and/or files: 
[2.416s] -- Added test 'cpplint' to check C / C++ code against the Google style
[2.416s] -- Configured cpplint exclude dirs and/or files: 
[2.416s] -- Added test 'flake8' to check Python code syntax and style conventions
[2.417s] -- Added test 'lint_cmake' to check CMake code style
[2.417s] -- Added test 'pep257' to check Python code against some of the style conventions in PEP 257
[2.417s] -- Added test 'uncrustify' to check C / C++ code style
[2.418s] -- Configured uncrustify additional arguments: 
[2.418s] -- Added test 'xmllint' to check XML markup files
[2.421s] -- Configuring done
[2.457s] -- Generating done
[2.458s] -- Build files have been written to: /home/aiv/YongJun_ws/ros2_ws/build/zed_rgb_convert
[2.465s] Invoked command in '/home/aiv/YongJun_ws/ros2_ws/build/zed_rgb_convert' returned '0': AMENT_PREFIX_PATH=/home/aiv/YongJun_ws/ros2_ws/install/zed_components:/home/aiv/YongJun_ws/ros2_ws/install/zed_interfaces:${AMENT_PREFIX_PATH} CMAKE_PREFIX_PATH=/home/aiv/YongJun_ws/ros2_ws/install/zed_components:/home/aiv/YongJun_ws/ros2_ws/install/zed_interfaces:/opt/ros/foxy LD_LIBRARY_PATH=/home/aiv/YongJun_ws/ros2_ws/install/zed_components/lib:/home/aiv/YongJun_ws/ros2_ws/install/zed_interfaces/lib:/opt/ros/foxy/opt/yaml_cpp_vendor/lib:/opt/ros/foxy/opt/rviz_ogre_vendor/lib:/opt/ros/foxy/lib/x86_64-linux-gnu:/opt/ros/foxy/lib:/usr/local/cuda/lib64 PYTHONPATH=/home/aiv/YongJun_ws/ros2_ws/install/zed_interfaces/lib/python3.8/site-packages:${PYTHONPATH} /usr/bin/cmake /home/aiv/YongJun_ws/ros2_ws/src/zed-ros2-examples/tutorials/zed_rgb_convert -DCMAKE_INSTALL_PREFIX=/home/aiv/YongJun_ws/ros2_ws/install/zed_rgb_convert
[2.466s] Invoking command in '/home/aiv/YongJun_ws/ros2_ws/build/zed_rgb_convert': AMENT_PREFIX_PATH=/home/aiv/YongJun_ws/ros2_ws/install/zed_components:/home/aiv/YongJun_ws/ros2_ws/install/zed_interfaces:${AMENT_PREFIX_PATH} CMAKE_PREFIX_PATH=/home/aiv/YongJun_ws/ros2_ws/install/zed_components:/home/aiv/YongJun_ws/ros2_ws/install/zed_interfaces:/opt/ros/foxy LD_LIBRARY_PATH=/home/aiv/YongJun_ws/ros2_ws/install/zed_components/lib:/home/aiv/YongJun_ws/ros2_ws/install/zed_interfaces/lib:/opt/ros/foxy/opt/yaml_cpp_vendor/lib:/opt/ros/foxy/opt/rviz_ogre_vendor/lib:/opt/ros/foxy/lib/x86_64-linux-gnu:/opt/ros/foxy/lib:/usr/local/cuda/lib64 PYTHONPATH=/home/aiv/YongJun_ws/ros2_ws/install/zed_interfaces/lib/python3.8/site-packages:${PYTHONPATH} /usr/bin/cmake --build /home/aiv/YongJun_ws/ros2_ws/build/zed_rgb_convert -- -j32 -l32
[2.491s] [35m[1mScanning dependencies of target zed_rgb_convert_component[0m
[2.525s] [ 25%] [32mBuilding CXX object CMakeFiles/zed_rgb_convert_component.dir/src/component/src/zed_rgb_convert_component.cpp.o[0m
[4.902s] [ 50%] [32m[1mLinking CXX shared library libzed_rgb_convert_component.so[0m
[5.013s] [ 50%] Built target zed_rgb_convert_component
[5.020s] [35m[1mScanning dependencies of target zed_rgb_convert[0m
[5.069s] [ 75%] [32mBuilding CXX object CMakeFiles/zed_rgb_convert.dir/src/container/zed_rgb_convert.cpp.o[0m
[7.597s] [100%] [32m[1mLinking CXX executable zed_rgb_convert[0m
[7.789s] [100%] Built target zed_rgb_convert
[7.801s] Invoked command in '/home/aiv/YongJun_ws/ros2_ws/build/zed_rgb_convert' returned '0': AMENT_PREFIX_PATH=/home/aiv/YongJun_ws/ros2_ws/install/zed_components:/home/aiv/YongJun_ws/ros2_ws/install/zed_interfaces:${AMENT_PREFIX_PATH} CMAKE_PREFIX_PATH=/home/aiv/YongJun_ws/ros2_ws/install/zed_components:/home/aiv/YongJun_ws/ros2_ws/install/zed_interfaces:/opt/ros/foxy LD_LIBRARY_PATH=/home/aiv/YongJun_ws/ros2_ws/install/zed_components/lib:/home/aiv/YongJun_ws/ros2_ws/install/zed_interfaces/lib:/opt/ros/foxy/opt/yaml_cpp_vendor/lib:/opt/ros/foxy/opt/rviz_ogre_vendor/lib:/opt/ros/foxy/lib/x86_64-linux-gnu:/opt/ros/foxy/lib:/usr/local/cuda/lib64 PYTHONPATH=/home/aiv/YongJun_ws/ros2_ws/install/zed_interfaces/lib/python3.8/site-packages:${PYTHONPATH} /usr/bin/cmake --build /home/aiv/YongJun_ws/ros2_ws/build/zed_rgb_convert -- -j32 -l32
[7.820s] Invoking command in '/home/aiv/YongJun_ws/ros2_ws/build/zed_rgb_convert': AMENT_PREFIX_PATH=/home/aiv/YongJun_ws/ros2_ws/install/zed_components:/home/aiv/YongJun_ws/ros2_ws/install/zed_interfaces:${AMENT_PREFIX_PATH} CMAKE_PREFIX_PATH=/home/aiv/YongJun_ws/ros2_ws/install/zed_components:/home/aiv/YongJun_ws/ros2_ws/install/zed_interfaces:/opt/ros/foxy LD_LIBRARY_PATH=/home/aiv/YongJun_ws/ros2_ws/install/zed_components/lib:/home/aiv/YongJun_ws/ros2_ws/install/zed_interfaces/lib:/opt/ros/foxy/opt/yaml_cpp_vendor/lib:/opt/ros/foxy/opt/rviz_ogre_vendor/lib:/opt/ros/foxy/lib/x86_64-linux-gnu:/opt/ros/foxy/lib:/usr/local/cuda/lib64 PYTHONPATH=/home/aiv/YongJun_ws/ros2_ws/install/zed_interfaces/lib/python3.8/site-packages:${PYTHONPATH} /usr/bin/cmake --install /home/aiv/YongJun_ws/ros2_ws/build/zed_rgb_convert
[7.827s] -- Install configuration: "Release"
[7.827s] -- Installing: /home/aiv/YongJun_ws/ros2_ws/install/zed_rgb_convert/lib/zed_rgb_convert/zed_rgb_convert
[7.828s] -- Set runtime path of "/home/aiv/YongJun_ws/ros2_ws/install/zed_rgb_convert/lib/zed_rgb_convert/zed_rgb_convert" to ""
[7.828s] -- Installing: /home/aiv/YongJun_ws/ros2_ws/install/zed_rgb_convert/lib/libzed_rgb_convert_component.so
[7.828s] -- Set runtime path of "/home/aiv/YongJun_ws/ros2_ws/install/zed_rgb_convert/lib/libzed_rgb_convert_component.so" to ""
[7.828s] -- Installing: /home/aiv/YongJun_ws/ros2_ws/install/zed_rgb_convert/include/zed_rgb_convert/
[7.828s] -- Installing: /home/aiv/YongJun_ws/ros2_ws/install/zed_rgb_convert/include/zed_rgb_convert//cvt_visibility_control.hpp
[7.828s] -- Installing: /home/aiv/YongJun_ws/ros2_ws/install/zed_rgb_convert/share/zed_rgb_convert/launch
[7.829s] -- Installing: /home/aiv/YongJun_ws/ros2_ws/install/zed_rgb_convert/share/zed_rgb_convert/launch/zed_rgb_convert.launch.py
[7.829s] -- Installing: /home/aiv/YongJun_ws/ros2_ws/install/zed_rgb_convert/share/zed_rgb_convert/environment/library_path.sh
[7.829s] -- Installing: /home/aiv/YongJun_ws/ros2_ws/install/zed_rgb_convert/share/zed_rgb_convert/environment/library_path.dsv
[7.829s] -- Installing: /home/aiv/YongJun_ws/ros2_ws/install/zed_rgb_convert/share/ament_index/resource_index/package_run_dependencies/zed_rgb_convert
[7.829s] -- Installing: /home/aiv/YongJun_ws/ros2_ws/install/zed_rgb_convert/share/ament_index/resource_index/parent_prefix_path/zed_rgb_convert
[7.829s] -- Installing: /home/aiv/YongJun_ws/ros2_ws/install/zed_rgb_convert/share/zed_rgb_convert/environment/ament_prefix_path.sh
[7.829s] -- Installing: /home/aiv/YongJun_ws/ros2_ws/install/zed_rgb_convert/share/zed_rgb_convert/environment/ament_prefix_path.dsv
[7.830s] -- Installing: /home/aiv/YongJun_ws/ros2_ws/install/zed_rgb_convert/share/zed_rgb_convert/environment/path.sh
[7.830s] -- Installing: /home/aiv/YongJun_ws/ros2_ws/install/zed_rgb_convert/share/zed_rgb_convert/environment/path.dsv
[7.830s] -- Installing: /home/aiv/YongJun_ws/ros2_ws/install/zed_rgb_convert/share/zed_rgb_convert/local_setup.bash
[7.830s] -- Installing: /home/aiv/YongJun_ws/ros2_ws/install/zed_rgb_convert/share/zed_rgb_convert/local_setup.sh
[7.830s] -- Installing: /home/aiv/YongJun_ws/ros2_ws/install/zed_rgb_convert/share/zed_rgb_convert/local_setup.zsh
[7.830s] -- Installing: /home/aiv/YongJun_ws/ros2_ws/install/zed_rgb_convert/share/zed_rgb_convert/local_setup.dsv
[7.830s] -- Installing: /home/aiv/YongJun_ws/ros2_ws/install/zed_rgb_convert/share/zed_rgb_convert/package.dsv
[7.830s] -- Installing: /home/aiv/YongJun_ws/ros2_ws/install/zed_rgb_convert/share/ament_index/resource_index/packages/zed_rgb_convert
[7.830s] -- Installing: /home/aiv/YongJun_ws/ros2_ws/install/zed_rgb_convert/share/ament_index/resource_index/rclcpp_components/zed_rgb_convert
[7.830s] -- Installing: /home/aiv/YongJun_ws/ros2_ws/install/zed_rgb_convert/share/zed_rgb_convert/cmake/ament_cmake_export_include_directories-extras.cmake
[7.831s] -- Installing: /home/aiv/YongJun_ws/ros2_ws/install/zed_rgb_convert/share/zed_rgb_convert/cmake/ament_cmake_export_libraries-extras.cmake
[7.831s] -- Installing: /home/aiv/YongJun_ws/ros2_ws/install/zed_rgb_convert/share/zed_rgb_convert/cmake/ament_cmake_export_dependencies-extras.cmake
[7.831s] -- Installing: /home/aiv/YongJun_ws/ros2_ws/install/zed_rgb_convert/share/zed_rgb_convert/cmake/zed_rgb_convertConfig.cmake
[7.831s] -- Installing: /home/aiv/YongJun_ws/ros2_ws/install/zed_rgb_convert/share/zed_rgb_convert/cmake/zed_rgb_convertConfig-version.cmake
[7.831s] -- Installing: /home/aiv/YongJun_ws/ros2_ws/install/zed_rgb_convert/share/zed_rgb_convert/package.xml
[7.832s] Invoked command in '/home/aiv/YongJun_ws/ros2_ws/build/zed_rgb_convert' returned '0': AMENT_PREFIX_PATH=/home/aiv/YongJun_ws/ros2_ws/install/zed_components:/home/aiv/YongJun_ws/ros2_ws/install/zed_interfaces:${AMENT_PREFIX_PATH} CMAKE_PREFIX_PATH=/home/aiv/YongJun_ws/ros2_ws/install/zed_components:/home/aiv/YongJun_ws/ros2_ws/install/zed_interfaces:/opt/ros/foxy LD_LIBRARY_PATH=/home/aiv/YongJun_ws/ros2_ws/install/zed_components/lib:/home/aiv/YongJun_ws/ros2_ws/install/zed_interfaces/lib:/opt/ros/foxy/opt/yaml_cpp_vendor/lib:/opt/ros/foxy/opt/rviz_ogre_vendor/lib:/opt/ros/foxy/lib/x86_64-linux-gnu:/opt/ros/foxy/lib:/usr/local/cuda/lib64 PYTHONPATH=/home/aiv/YongJun_ws/ros2_ws/install/zed_interfaces/lib/python3.8/site-packages:${PYTHONPATH} /usr/bin/cmake --install /home/aiv/YongJun_ws/ros2_ws/build/zed_rgb_convert
