[0.034s] Invoking command in '/home/aiv/YongJun_ws/ros2_ws/build/yolov8_msgs': CMAKE_PREFIX_PATH=${CMAKE_PREFIX_PATH}:/home/aiv/YongJun_ws/ros2_ws/install/yolov8_ros:/opt/ros/foxy /usr/bin/cmake --build /home/aiv/YongJun_ws/ros2_ws/build/yolov8_msgs -- -j32 -l32
[0.076s] [  0%] Built target yolov8_msgs__cpp
[0.092s] [ 12%] Built target yolov8_msgs__rosidl_generator_c
[0.114s] [ 24%] Built target yolov8_msgs__rosidl_typesupport_cpp
[0.116s] [ 36%] Built target yolov8_msgs__rosidl_typesupport_introspection_cpp
[0.119s] [ 47%] Built target yolov8_msgs__rosidl_typesupport_fastrtps_cpp
[0.122s] [ 59%] Built target yolov8_msgs__rosidl_typesupport_c
[0.131s] [ 71%] Built target yolov8_msgs__rosidl_typesupport_introspection_c
[0.147s] [ 83%] Built target yolov8_msgs__rosidl_typesupport_fastrtps_c
[0.168s] [ 83%] Built target yolov8_msgs
[0.178s] [ 84%] Built target yolov8_msgs__py
[0.205s] [ 95%] Built target yolov8_msgs__python
[0.229s] [ 96%] Built target yolov8_msgs__rosidl_typesupport_c__pyext
[0.235s] [ 98%] Built target yolov8_msgs__rosidl_typesupport_fastrtps_c__pyext
[0.236s] [100%] Built target yolov8_msgs__rosidl_typesupport_introspection_c__pyext
[0.253s] Invoked command in '/home/aiv/YongJun_ws/ros2_ws/build/yolov8_msgs' returned '0': CMAKE_PREFIX_PATH=${CMAKE_PREFIX_PATH}:/home/aiv/YongJun_ws/ros2_ws/install/yolov8_ros:/opt/ros/foxy /usr/bin/cmake --build /home/aiv/YongJun_ws/ros2_ws/build/yolov8_msgs -- -j32 -l32
[0.405s] Invoking command in '/home/aiv/YongJun_ws/ros2_ws/build/yolov8_msgs': CMAKE_PREFIX_PATH=${CMAKE_PREFIX_PATH}:/home/aiv/YongJun_ws/ros2_ws/install/yolov8_ros:/opt/ros/foxy /usr/bin/cmake --install /home/aiv/YongJun_ws/ros2_ws/build/yolov8_msgs
[0.413s] -- Install configuration: ""
[0.413s] -- Up-to-date: /home/aiv/YongJun_ws/ros2_ws/install/yolov8_msgs/share/ament_index/resource_index/rosidl_interfaces/yolov8_msgs
[0.413s] -- Up-to-date: /home/aiv/YongJun_ws/ros2_ws/install/yolov8_msgs/include/yolov8_msgs
[0.413s] -- Up-to-date: /home/aiv/YongJun_ws/ros2_ws/install/yolov8_msgs/include/yolov8_msgs/msg
[0.413s] -- Up-to-date: /home/aiv/YongJun_ws/ros2_ws/install/yolov8_msgs/include/yolov8_msgs/msg/pose2_d.h
[0.413s] -- Up-to-date: /home/aiv/YongJun_ws/ros2_ws/install/yolov8_msgs/include/yolov8_msgs/msg/mask.h
[0.413s] -- Up-to-date: /home/aiv/YongJun_ws/ros2_ws/install/yolov8_msgs/include/yolov8_msgs/msg/detection_array.h
[0.413s] -- Up-to-date: /home/aiv/YongJun_ws/ros2_ws/install/yolov8_msgs/include/yolov8_msgs/msg/key_point2_d_array.h
[0.413s] -- Up-to-date: /home/aiv/YongJun_ws/ros2_ws/install/yolov8_msgs/include/yolov8_msgs/msg/detection.h
[0.413s] -- Up-to-date: /home/aiv/YongJun_ws/ros2_ws/install/yolov8_msgs/include/yolov8_msgs/msg/key_point2_d.h
[0.413s] -- Up-to-date: /home/aiv/YongJun_ws/ros2_ws/install/yolov8_msgs/include/yolov8_msgs/msg/key_point3_d_array.h
[0.413s] -- Up-to-date: /home/aiv/YongJun_ws/ros2_ws/install/yolov8_msgs/include/yolov8_msgs/msg/vector2.h
[0.413s] -- Up-to-date: /home/aiv/YongJun_ws/ros2_ws/install/yolov8_msgs/include/yolov8_msgs/msg/rosidl_generator_c__visibility_control.h
[0.413s] -- Up-to-date: /home/aiv/YongJun_ws/ros2_ws/install/yolov8_msgs/include/yolov8_msgs/msg/bounding_box2_d.h
[0.413s] -- Up-to-date: /home/aiv/YongJun_ws/ros2_ws/install/yolov8_msgs/include/yolov8_msgs/msg/point2_d.h
[0.413s] -- Up-to-date: /home/aiv/YongJun_ws/ros2_ws/install/yolov8_msgs/include/yolov8_msgs/msg/detail
[0.413s] -- Up-to-date: /home/aiv/YongJun_ws/ros2_ws/install/yolov8_msgs/include/yolov8_msgs/msg/detail/key_point3_d__struct.h
[0.413s] -- Up-to-date: /home/aiv/YongJun_ws/ros2_ws/install/yolov8_msgs/include/yolov8_msgs/msg/detail/bounding_box2_d__type_support.h
[0.413s] -- Up-to-date: /home/aiv/YongJun_ws/ros2_ws/install/yolov8_msgs/include/yolov8_msgs/msg/detail/detection_array__functions.c
[0.414s] -- Up-to-date: /home/aiv/YongJun_ws/ros2_ws/install/yolov8_msgs/include/yolov8_msgs/msg/detail/detection__functions.c
[0.414s] -- Up-to-date: /home/aiv/YongJun_ws/ros2_ws/install/yolov8_msgs/include/yolov8_msgs/msg/detail/key_point2_d_array__struct.h
[0.414s] -- Up-to-date: /home/aiv/YongJun_ws/ros2_ws/install/yolov8_msgs/include/yolov8_msgs/msg/detail/key_point2_d__functions.c
[0.414s] -- Up-to-date: /home/aiv/YongJun_ws/ros2_ws/install/yolov8_msgs/include/yolov8_msgs/msg/detail/detection__type_support.h
[0.414s] -- Up-to-date: /home/aiv/YongJun_ws/ros2_ws/install/yolov8_msgs/include/yolov8_msgs/msg/detail/key_point3_d_array__struct.h
[0.414s] -- Up-to-date: /home/aiv/YongJun_ws/ros2_ws/install/yolov8_msgs/include/yolov8_msgs/msg/detail/key_point3_d_array__type_support.h
[0.414s] -- Up-to-date: /home/aiv/YongJun_ws/ros2_ws/install/yolov8_msgs/include/yolov8_msgs/msg/detail/point2_d__functions.h
[0.414s] -- Up-to-date: /home/aiv/YongJun_ws/ros2_ws/install/yolov8_msgs/include/yolov8_msgs/msg/detail/bounding_box3_d__struct.h
[0.414s] -- Up-to-date: /home/aiv/YongJun_ws/ros2_ws/install/yolov8_msgs/include/yolov8_msgs/msg/detail/point2_d__struct.h
[0.414s] -- Up-to-date: /home/aiv/YongJun_ws/ros2_ws/install/yolov8_msgs/include/yolov8_msgs/msg/detail/bounding_box3_d__functions.c
[0.414s] -- Up-to-date: /home/aiv/YongJun_ws/ros2_ws/install/yolov8_msgs/include/yolov8_msgs/msg/detail/pose2_d__type_support.h
[0.414s] -- Up-to-date: /home/aiv/YongJun_ws/ros2_ws/install/yolov8_msgs/include/yolov8_msgs/msg/detail/detection__struct.h
[0.414s] -- Up-to-date: /home/aiv/YongJun_ws/ros2_ws/install/yolov8_msgs/include/yolov8_msgs/msg/detail/vector2__struct.h
[0.414s] -- Up-to-date: /home/aiv/YongJun_ws/ros2_ws/install/yolov8_msgs/include/yolov8_msgs/msg/detail/point2_d__type_support.h
[0.414s] -- Up-to-date: /home/aiv/YongJun_ws/ros2_ws/install/yolov8_msgs/include/yolov8_msgs/msg/detail/detection__functions.h
[0.414s] -- Up-to-date: /home/aiv/YongJun_ws/ros2_ws/install/yolov8_msgs/include/yolov8_msgs/msg/detail/key_point3_d_array__functions.c
[0.414s] -- Up-to-date: /home/aiv/YongJun_ws/ros2_ws/install/yolov8_msgs/include/yolov8_msgs/msg/detail/key_point2_d__functions.h
[0.414s] -- Up-to-date: /home/aiv/YongJun_ws/ros2_ws/install/yolov8_msgs/include/yolov8_msgs/msg/detail/mask__struct.h
[0.414s] -- Up-to-date: /home/aiv/YongJun_ws/ros2_ws/install/yolov8_msgs/include/yolov8_msgs/msg/detail/mask__functions.h
[0.414s] -- Up-to-date: /home/aiv/YongJun_ws/ros2_ws/install/yolov8_msgs/include/yolov8_msgs/msg/detail/vector2__type_support.h
[0.414s] -- Up-to-date: /home/aiv/YongJun_ws/ros2_ws/install/yolov8_msgs/include/yolov8_msgs/msg/detail/detection_array__struct.h
[0.414s] -- Up-to-date: /home/aiv/YongJun_ws/ros2_ws/install/yolov8_msgs/include/yolov8_msgs/msg/detail/key_point3_d_array__functions.h
[0.414s] -- Up-to-date: /home/aiv/YongJun_ws/ros2_ws/install/yolov8_msgs/include/yolov8_msgs/msg/detail/mask__type_support.h
[0.415s] -- Up-to-date: /home/aiv/YongJun_ws/ros2_ws/install/yolov8_msgs/include/yolov8_msgs/msg/detail/key_point3_d__functions.h
[0.415s] -- Up-to-date: /home/aiv/YongJun_ws/ros2_ws/install/yolov8_msgs/include/yolov8_msgs/msg/detail/bounding_box3_d__type_support.h
[0.415s] -- Up-to-date: /home/aiv/YongJun_ws/ros2_ws/install/yolov8_msgs/include/yolov8_msgs/msg/detail/pose2_d__functions.c
[0.415s] -- Up-to-date: /home/aiv/YongJun_ws/ros2_ws/install/yolov8_msgs/include/yolov8_msgs/msg/detail/bounding_box2_d__struct.h
[0.415s] -- Up-to-date: /home/aiv/YongJun_ws/ros2_ws/install/yolov8_msgs/include/yolov8_msgs/msg/detail/mask__functions.c
[0.415s] -- Up-to-date: /home/aiv/YongJun_ws/ros2_ws/install/yolov8_msgs/include/yolov8_msgs/msg/detail/key_point2_d_array__type_support.h
[0.415s] -- Up-to-date: /home/aiv/YongJun_ws/ros2_ws/install/yolov8_msgs/include/yolov8_msgs/msg/detail/pose2_d__functions.h
[0.415s] -- Up-to-date: /home/aiv/YongJun_ws/ros2_ws/install/yolov8_msgs/include/yolov8_msgs/msg/detail/vector2__functions.h
[0.415s] -- Up-to-date: /home/aiv/YongJun_ws/ros2_ws/install/yolov8_msgs/include/yolov8_msgs/msg/detail/bounding_box2_d__functions.h
[0.415s] -- Up-to-date: /home/aiv/YongJun_ws/ros2_ws/install/yolov8_msgs/include/yolov8_msgs/msg/detail/key_point2_d__type_support.h
[0.415s] -- Up-to-date: /home/aiv/YongJun_ws/ros2_ws/install/yolov8_msgs/include/yolov8_msgs/msg/detail/key_point3_d__functions.c
[0.416s] -- Up-to-date: /home/aiv/YongJun_ws/ros2_ws/install/yolov8_msgs/include/yolov8_msgs/msg/detail/point2_d__functions.c
[0.416s] -- Up-to-date: /home/aiv/YongJun_ws/ros2_ws/install/yolov8_msgs/include/yolov8_msgs/msg/detail/detection_array__functions.h
[0.416s] -- Up-to-date: /home/aiv/YongJun_ws/ros2_ws/install/yolov8_msgs/include/yolov8_msgs/msg/detail/vector2__functions.c
[0.416s] -- Up-to-date: /home/aiv/YongJun_ws/ros2_ws/install/yolov8_msgs/include/yolov8_msgs/msg/detail/key_point2_d_array__functions.c
[0.416s] -- Up-to-date: /home/aiv/YongJun_ws/ros2_ws/install/yolov8_msgs/include/yolov8_msgs/msg/detail/key_point2_d_array__functions.h
[0.416s] -- Up-to-date: /home/aiv/YongJun_ws/ros2_ws/install/yolov8_msgs/include/yolov8_msgs/msg/detail/key_point3_d__type_support.h
[0.416s] -- Up-to-date: /home/aiv/YongJun_ws/ros2_ws/install/yolov8_msgs/include/yolov8_msgs/msg/detail/bounding_box2_d__functions.c
[0.416s] -- Up-to-date: /home/aiv/YongJun_ws/ros2_ws/install/yolov8_msgs/include/yolov8_msgs/msg/detail/pose2_d__struct.h
[0.416s] -- Up-to-date: /home/aiv/YongJun_ws/ros2_ws/install/yolov8_msgs/include/yolov8_msgs/msg/detail/key_point2_d__struct.h
[0.416s] -- Up-to-date: /home/aiv/YongJun_ws/ros2_ws/install/yolov8_msgs/include/yolov8_msgs/msg/detail/detection_array__type_support.h
[0.416s] -- Up-to-date: /home/aiv/YongJun_ws/ros2_ws/install/yolov8_msgs/include/yolov8_msgs/msg/detail/bounding_box3_d__functions.h
[0.416s] -- Up-to-date: /home/aiv/YongJun_ws/ros2_ws/install/yolov8_msgs/include/yolov8_msgs/msg/bounding_box3_d.h
[0.416s] -- Up-to-date: /home/aiv/YongJun_ws/ros2_ws/install/yolov8_msgs/include/yolov8_msgs/msg/key_point3_d.h
[0.416s] -- Up-to-date: /home/aiv/YongJun_ws/ros2_ws/install/yolov8_msgs/share/yolov8_msgs/environment/library_path.sh
[0.416s] -- Up-to-date: /home/aiv/YongJun_ws/ros2_ws/install/yolov8_msgs/share/yolov8_msgs/environment/library_path.dsv
[0.416s] -- Up-to-date: /home/aiv/YongJun_ws/ros2_ws/install/yolov8_msgs/lib/libyolov8_msgs__rosidl_generator_c.so
[0.417s] -- Up-to-date: /home/aiv/YongJun_ws/ros2_ws/install/yolov8_msgs/include/yolov8_msgs
[0.417s] -- Up-to-date: /home/aiv/YongJun_ws/ros2_ws/install/yolov8_msgs/include/yolov8_msgs/msg
[0.417s] -- Up-to-date: /home/aiv/YongJun_ws/ros2_ws/install/yolov8_msgs/include/yolov8_msgs/msg/rosidl_typesupport_fastrtps_c__visibility_control.h
[0.417s] -- Up-to-date: /home/aiv/YongJun_ws/ros2_ws/install/yolov8_msgs/include/yolov8_msgs/msg/detail
[0.417s] -- Up-to-date: /home/aiv/YongJun_ws/ros2_ws/install/yolov8_msgs/include/yolov8_msgs/msg/detail/key_point2_d_array__rosidl_typesupport_fastrtps_c.h
[0.417s] -- Up-to-date: /home/aiv/YongJun_ws/ros2_ws/install/yolov8_msgs/include/yolov8_msgs/msg/detail/vector2__rosidl_typesupport_fastrtps_c.h
[0.417s] -- Up-to-date: /home/aiv/YongJun_ws/ros2_ws/install/yolov8_msgs/include/yolov8_msgs/msg/detail/point2_d__rosidl_typesupport_fastrtps_c.h
[0.417s] -- Up-to-date: /home/aiv/YongJun_ws/ros2_ws/install/yolov8_msgs/include/yolov8_msgs/msg/detail/pose2_d__rosidl_typesupport_fastrtps_c.h
[0.417s] -- Up-to-date: /home/aiv/YongJun_ws/ros2_ws/install/yolov8_msgs/include/yolov8_msgs/msg/detail/mask__rosidl_typesupport_fastrtps_c.h
[0.417s] -- Up-to-date: /home/aiv/YongJun_ws/ros2_ws/install/yolov8_msgs/include/yolov8_msgs/msg/detail/detection__rosidl_typesupport_fastrtps_c.h
[0.417s] -- Up-to-date: /home/aiv/YongJun_ws/ros2_ws/install/yolov8_msgs/include/yolov8_msgs/msg/detail/bounding_box3_d__rosidl_typesupport_fastrtps_c.h
[0.417s] -- Up-to-date: /home/aiv/YongJun_ws/ros2_ws/install/yolov8_msgs/include/yolov8_msgs/msg/detail/detection_array__rosidl_typesupport_fastrtps_c.h
[0.417s] -- Up-to-date: /home/aiv/YongJun_ws/ros2_ws/install/yolov8_msgs/include/yolov8_msgs/msg/detail/key_point3_d__rosidl_typesupport_fastrtps_c.h
[0.417s] -- Up-to-date: /home/aiv/YongJun_ws/ros2_ws/install/yolov8_msgs/include/yolov8_msgs/msg/detail/key_point3_d_array__rosidl_typesupport_fastrtps_c.h
[0.417s] -- Up-to-date: /home/aiv/YongJun_ws/ros2_ws/install/yolov8_msgs/include/yolov8_msgs/msg/detail/bounding_box2_d__rosidl_typesupport_fastrtps_c.h
[0.417s] -- Up-to-date: /home/aiv/YongJun_ws/ros2_ws/install/yolov8_msgs/include/yolov8_msgs/msg/detail/key_point2_d__rosidl_typesupport_fastrtps_c.h
[0.417s] -- Up-to-date: /home/aiv/YongJun_ws/ros2_ws/install/yolov8_msgs/lib/libyolov8_msgs__rosidl_typesupport_fastrtps_c.so
[0.417s] -- Up-to-date: /home/aiv/YongJun_ws/ros2_ws/install/yolov8_msgs/include/yolov8_msgs
[0.417s] -- Up-to-date: /home/aiv/YongJun_ws/ros2_ws/install/yolov8_msgs/include/yolov8_msgs/msg
[0.417s] -- Up-to-date: /home/aiv/YongJun_ws/ros2_ws/install/yolov8_msgs/include/yolov8_msgs/msg/rosidl_typesupport_fastrtps_cpp__visibility_control.h
[0.417s] -- Up-to-date: /home/aiv/YongJun_ws/ros2_ws/install/yolov8_msgs/include/yolov8_msgs/msg/detail
[0.417s] -- Up-to-date: /home/aiv/YongJun_ws/ros2_ws/install/yolov8_msgs/include/yolov8_msgs/msg/detail/bounding_box3_d__rosidl_typesupport_fastrtps_cpp.hpp
[0.417s] -- Up-to-date: /home/aiv/YongJun_ws/ros2_ws/install/yolov8_msgs/include/yolov8_msgs/msg/detail/detection__rosidl_typesupport_fastrtps_cpp.hpp
[0.417s] -- Up-to-date: /home/aiv/YongJun_ws/ros2_ws/install/yolov8_msgs/include/yolov8_msgs/msg/detail/key_point2_d__rosidl_typesupport_fastrtps_cpp.hpp
[0.417s] -- Up-to-date: /home/aiv/YongJun_ws/ros2_ws/install/yolov8_msgs/include/yolov8_msgs/msg/detail/dds_fastrtps
[0.418s] -- Up-to-date: /home/aiv/YongJun_ws/ros2_ws/install/yolov8_msgs/include/yolov8_msgs/msg/detail/pose2_d__rosidl_typesupport_fastrtps_cpp.hpp
[0.418s] -- Up-to-date: /home/aiv/YongJun_ws/ros2_ws/install/yolov8_msgs/include/yolov8_msgs/msg/detail/key_point2_d_array__rosidl_typesupport_fastrtps_cpp.hpp
[0.418s] -- Up-to-date: /home/aiv/YongJun_ws/ros2_ws/install/yolov8_msgs/include/yolov8_msgs/msg/detail/mask__rosidl_typesupport_fastrtps_cpp.hpp
[0.418s] -- Up-to-date: /home/aiv/YongJun_ws/ros2_ws/install/yolov8_msgs/include/yolov8_msgs/msg/detail/bounding_box2_d__rosidl_typesupport_fastrtps_cpp.hpp
[0.418s] -- Up-to-date: /home/aiv/YongJun_ws/ros2_ws/install/yolov8_msgs/include/yolov8_msgs/msg/detail/key_point3_d__rosidl_typesupport_fastrtps_cpp.hpp
[0.418s] -- Up-to-date: /home/aiv/YongJun_ws/ros2_ws/install/yolov8_msgs/include/yolov8_msgs/msg/detail/detection_array__rosidl_typesupport_fastrtps_cpp.hpp
[0.418s] -- Up-to-date: /home/aiv/YongJun_ws/ros2_ws/install/yolov8_msgs/include/yolov8_msgs/msg/detail/vector2__rosidl_typesupport_fastrtps_cpp.hpp
[0.418s] -- Up-to-date: /home/aiv/YongJun_ws/ros2_ws/install/yolov8_msgs/include/yolov8_msgs/msg/detail/key_point3_d_array__rosidl_typesupport_fastrtps_cpp.hpp
[0.418s] -- Up-to-date: /home/aiv/YongJun_ws/ros2_ws/install/yolov8_msgs/include/yolov8_msgs/msg/detail/point2_d__rosidl_typesupport_fastrtps_cpp.hpp
[0.418s] -- Up-to-date: /home/aiv/YongJun_ws/ros2_ws/install/yolov8_msgs/lib/libyolov8_msgs__rosidl_typesupport_fastrtps_cpp.so
[0.418s] -- Up-to-date: /home/aiv/YongJun_ws/ros2_ws/install/yolov8_msgs/include/yolov8_msgs
[0.418s] -- Up-to-date: /home/aiv/YongJun_ws/ros2_ws/install/yolov8_msgs/include/yolov8_msgs/msg
[0.418s] -- Up-to-date: /home/aiv/YongJun_ws/ros2_ws/install/yolov8_msgs/include/yolov8_msgs/msg/rosidl_typesupport_introspection_c__visibility_control.h
[0.418s] -- Up-to-date: /home/aiv/YongJun_ws/ros2_ws/install/yolov8_msgs/include/yolov8_msgs/msg/detail
[0.418s] -- Up-to-date: /home/aiv/YongJun_ws/ros2_ws/install/yolov8_msgs/include/yolov8_msgs/msg/detail/point2_d__rosidl_typesupport_introspection_c.h
[0.418s] -- Up-to-date: /home/aiv/YongJun_ws/ros2_ws/install/yolov8_msgs/include/yolov8_msgs/msg/detail/bounding_box2_d__type_support.c
[0.418s] -- Up-to-date: /home/aiv/YongJun_ws/ros2_ws/install/yolov8_msgs/include/yolov8_msgs/msg/detail/key_point2_d_array__type_support.c
[0.418s] -- Up-to-date: /home/aiv/YongJun_ws/ros2_ws/install/yolov8_msgs/include/yolov8_msgs/msg/detail/detection__type_support.c
[0.418s] -- Up-to-date: /home/aiv/YongJun_ws/ros2_ws/install/yolov8_msgs/include/yolov8_msgs/msg/detail/key_point3_d_array__rosidl_typesupport_introspection_c.h
[0.418s] -- Up-to-date: /home/aiv/YongJun_ws/ros2_ws/install/yolov8_msgs/include/yolov8_msgs/msg/detail/bounding_box2_d__rosidl_typesupport_introspection_c.h
[0.418s] -- Up-to-date: /home/aiv/YongJun_ws/ros2_ws/install/yolov8_msgs/include/yolov8_msgs/msg/detail/pose2_d__rosidl_typesupport_introspection_c.h
[0.418s] -- Up-to-date: /home/aiv/YongJun_ws/ros2_ws/install/yolov8_msgs/include/yolov8_msgs/msg/detail/mask__rosidl_typesupport_introspection_c.h
[0.418s] -- Up-to-date: /home/aiv/YongJun_ws/ros2_ws/install/yolov8_msgs/include/yolov8_msgs/msg/detail/key_point3_d__type_support.c
[0.418s] -- Up-to-date: /home/aiv/YongJun_ws/ros2_ws/install/yolov8_msgs/include/yolov8_msgs/msg/detail/point2_d__type_support.c
[0.418s] -- Up-to-date: /home/aiv/YongJun_ws/ros2_ws/install/yolov8_msgs/include/yolov8_msgs/msg/detail/key_point3_d_array__type_support.c
[0.419s] -- Up-to-date: /home/aiv/YongJun_ws/ros2_ws/install/yolov8_msgs/include/yolov8_msgs/msg/detail/detection__rosidl_typesupport_introspection_c.h
[0.419s] -- Up-to-date: /home/aiv/YongJun_ws/ros2_ws/install/yolov8_msgs/include/yolov8_msgs/msg/detail/detection_array__type_support.c
[0.419s] -- Up-to-date: /home/aiv/YongJun_ws/ros2_ws/install/yolov8_msgs/include/yolov8_msgs/msg/detail/key_point2_d__type_support.c
[0.419s] -- Up-to-date: /home/aiv/YongJun_ws/ros2_ws/install/yolov8_msgs/include/yolov8_msgs/msg/detail/detection_array__rosidl_typesupport_introspection_c.h
[0.419s] -- Up-to-date: /home/aiv/YongJun_ws/ros2_ws/install/yolov8_msgs/include/yolov8_msgs/msg/detail/bounding_box3_d__type_support.c
[0.419s] -- Up-to-date: /home/aiv/YongJun_ws/ros2_ws/install/yolov8_msgs/include/yolov8_msgs/msg/detail/vector2__rosidl_typesupport_introspection_c.h
[0.419s] -- Up-to-date: /home/aiv/YongJun_ws/ros2_ws/install/yolov8_msgs/include/yolov8_msgs/msg/detail/key_point3_d__rosidl_typesupport_introspection_c.h
[0.419s] -- Up-to-date: /home/aiv/YongJun_ws/ros2_ws/install/yolov8_msgs/include/yolov8_msgs/msg/detail/mask__type_support.c
[0.419s] -- Up-to-date: /home/aiv/YongJun_ws/ros2_ws/install/yolov8_msgs/include/yolov8_msgs/msg/detail/key_point2_d_array__rosidl_typesupport_introspection_c.h
[0.419s] -- Up-to-date: /home/aiv/YongJun_ws/ros2_ws/install/yolov8_msgs/include/yolov8_msgs/msg/detail/pose2_d__type_support.c
[0.419s] -- Up-to-date: /home/aiv/YongJun_ws/ros2_ws/install/yolov8_msgs/include/yolov8_msgs/msg/detail/vector2__type_support.c
[0.419s] -- Up-to-date: /home/aiv/YongJun_ws/ros2_ws/install/yolov8_msgs/include/yolov8_msgs/msg/detail/key_point2_d__rosidl_typesupport_introspection_c.h
[0.419s] -- Up-to-date: /home/aiv/YongJun_ws/ros2_ws/install/yolov8_msgs/include/yolov8_msgs/msg/detail/bounding_box3_d__rosidl_typesupport_introspection_c.h
[0.419s] -- Up-to-date: /home/aiv/YongJun_ws/ros2_ws/install/yolov8_msgs/lib/libyolov8_msgs__rosidl_typesupport_introspection_c.so
[0.419s] -- Up-to-date: /home/aiv/YongJun_ws/ros2_ws/install/yolov8_msgs/lib/libyolov8_msgs__rosidl_typesupport_c.so
[0.419s] -- Up-to-date: /home/aiv/YongJun_ws/ros2_ws/install/yolov8_msgs/include/yolov8_msgs
[0.419s] -- Up-to-date: /home/aiv/YongJun_ws/ros2_ws/install/yolov8_msgs/include/yolov8_msgs/msg
[0.419s] -- Up-to-date: /home/aiv/YongJun_ws/ros2_ws/install/yolov8_msgs/include/yolov8_msgs/msg/mask.hpp
[0.419s] -- Up-to-date: /home/aiv/YongJun_ws/ros2_ws/install/yolov8_msgs/include/yolov8_msgs/msg/detection.hpp
[0.419s] -- Up-to-date: /home/aiv/YongJun_ws/ros2_ws/install/yolov8_msgs/include/yolov8_msgs/msg/bounding_box2_d.hpp
[0.419s] -- Up-to-date: /home/aiv/YongJun_ws/ros2_ws/install/yolov8_msgs/include/yolov8_msgs/msg/key_point2_d.hpp
[0.419s] -- Up-to-date: /home/aiv/YongJun_ws/ros2_ws/install/yolov8_msgs/include/yolov8_msgs/msg/point2_d.hpp
[0.419s] -- Up-to-date: /home/aiv/YongJun_ws/ros2_ws/install/yolov8_msgs/include/yolov8_msgs/msg/key_point3_d_array.hpp
[0.419s] -- Up-to-date: /home/aiv/YongJun_ws/ros2_ws/install/yolov8_msgs/include/yolov8_msgs/msg/vector2.hpp
[0.419s] -- Up-to-date: /home/aiv/YongJun_ws/ros2_ws/install/yolov8_msgs/include/yolov8_msgs/msg/rosidl_generator_cpp__visibility_control.hpp
[0.419s] -- Up-to-date: /home/aiv/YongJun_ws/ros2_ws/install/yolov8_msgs/include/yolov8_msgs/msg/key_point2_d_array.hpp
[0.419s] -- Up-to-date: /home/aiv/YongJun_ws/ros2_ws/install/yolov8_msgs/include/yolov8_msgs/msg/key_point3_d.hpp
[0.420s] -- Up-to-date: /home/aiv/YongJun_ws/ros2_ws/install/yolov8_msgs/include/yolov8_msgs/msg/detail
[0.420s] -- Up-to-date: /home/aiv/YongJun_ws/ros2_ws/install/yolov8_msgs/include/yolov8_msgs/msg/detail/bounding_box3_d__type_support.hpp
[0.420s] -- Up-to-date: /home/aiv/YongJun_ws/ros2_ws/install/yolov8_msgs/include/yolov8_msgs/msg/detail/key_point2_d__struct.hpp
[0.420s] -- Up-to-date: /home/aiv/YongJun_ws/ros2_ws/install/yolov8_msgs/include/yolov8_msgs/msg/detail/point2_d__type_support.hpp
[0.420s] -- Up-to-date: /home/aiv/YongJun_ws/ros2_ws/install/yolov8_msgs/include/yolov8_msgs/msg/detail/point2_d__builder.hpp
[0.420s] -- Up-to-date: /home/aiv/YongJun_ws/ros2_ws/install/yolov8_msgs/include/yolov8_msgs/msg/detail/vector2__type_support.hpp
[0.420s] -- Up-to-date: /home/aiv/YongJun_ws/ros2_ws/install/yolov8_msgs/include/yolov8_msgs/msg/detail/key_point2_d__traits.hpp
[0.420s] -- Up-to-date: /home/aiv/YongJun_ws/ros2_ws/install/yolov8_msgs/include/yolov8_msgs/msg/detail/bounding_box3_d__builder.hpp
[0.420s] -- Up-to-date: /home/aiv/YongJun_ws/ros2_ws/install/yolov8_msgs/include/yolov8_msgs/msg/detail/key_point2_d__builder.hpp
[0.420s] -- Up-to-date: /home/aiv/YongJun_ws/ros2_ws/install/yolov8_msgs/include/yolov8_msgs/msg/detail/detection__struct.hpp
[0.420s] -- Up-to-date: /home/aiv/YongJun_ws/ros2_ws/install/yolov8_msgs/include/yolov8_msgs/msg/detail/mask__builder.hpp
[0.420s] -- Up-to-date: /home/aiv/YongJun_ws/ros2_ws/install/yolov8_msgs/include/yolov8_msgs/msg/detail/key_point3_d__traits.hpp
[0.420s] -- Up-to-date: /home/aiv/YongJun_ws/ros2_ws/install/yolov8_msgs/include/yolov8_msgs/msg/detail/key_point3_d__builder.hpp
[0.420s] -- Up-to-date: /home/aiv/YongJun_ws/ros2_ws/install/yolov8_msgs/include/yolov8_msgs/msg/detail/detection_array__builder.hpp
[0.420s] -- Up-to-date: /home/aiv/YongJun_ws/ros2_ws/install/yolov8_msgs/include/yolov8_msgs/msg/detail/key_point3_d_array__traits.hpp
[0.420s] -- Up-to-date: /home/aiv/YongJun_ws/ros2_ws/install/yolov8_msgs/include/yolov8_msgs/msg/detail/mask__traits.hpp
[0.420s] -- Up-to-date: /home/aiv/YongJun_ws/ros2_ws/install/yolov8_msgs/include/yolov8_msgs/msg/detail/mask__struct.hpp
[0.420s] -- Up-to-date: /home/aiv/YongJun_ws/ros2_ws/install/yolov8_msgs/include/yolov8_msgs/msg/detail/bounding_box2_d__struct.hpp
[0.420s] -- Up-to-date: /home/aiv/YongJun_ws/ros2_ws/install/yolov8_msgs/include/yolov8_msgs/msg/detail/detection__traits.hpp
[0.420s] -- Up-to-date: /home/aiv/YongJun_ws/ros2_ws/install/yolov8_msgs/include/yolov8_msgs/msg/detail/key_point2_d_array__struct.hpp
[0.420s] -- Up-to-date: /home/aiv/YongJun_ws/ros2_ws/install/yolov8_msgs/include/yolov8_msgs/msg/detail/pose2_d__struct.hpp
[0.420s] -- Up-to-date: /home/aiv/YongJun_ws/ros2_ws/install/yolov8_msgs/include/yolov8_msgs/msg/detail/detection_array__type_support.hpp
[0.420s] -- Up-to-date: /home/aiv/YongJun_ws/ros2_ws/install/yolov8_msgs/include/yolov8_msgs/msg/detail/detection__builder.hpp
[0.421s] -- Up-to-date: /home/aiv/YongJun_ws/ros2_ws/install/yolov8_msgs/include/yolov8_msgs/msg/detail/key_point2_d__type_support.hpp
[0.421s] -- Up-to-date: /home/aiv/YongJun_ws/ros2_ws/install/yolov8_msgs/include/yolov8_msgs/msg/detail/key_point2_d_array__builder.hpp
[0.421s] -- Up-to-date: /home/aiv/YongJun_ws/ros2_ws/install/yolov8_msgs/include/yolov8_msgs/msg/detail/point2_d__struct.hpp
[0.421s] -- Up-to-date: /home/aiv/YongJun_ws/ros2_ws/install/yolov8_msgs/include/yolov8_msgs/msg/detail/key_point3_d_array__struct.hpp
[0.421s] -- Up-to-date: /home/aiv/YongJun_ws/ros2_ws/install/yolov8_msgs/include/yolov8_msgs/msg/detail/key_point2_d_array__type_support.hpp
[0.421s] -- Up-to-date: /home/aiv/YongJun_ws/ros2_ws/install/yolov8_msgs/include/yolov8_msgs/msg/detail/detection_array__traits.hpp
[0.421s] -- Up-to-date: /home/aiv/YongJun_ws/ros2_ws/install/yolov8_msgs/include/yolov8_msgs/msg/detail/bounding_box3_d__traits.hpp
[0.421s] -- Up-to-date: /home/aiv/YongJun_ws/ros2_ws/install/yolov8_msgs/include/yolov8_msgs/msg/detail/key_point3_d_array__builder.hpp
[0.421s] -- Up-to-date: /home/aiv/YongJun_ws/ros2_ws/install/yolov8_msgs/include/yolov8_msgs/msg/detail/bounding_box3_d__struct.hpp
[0.421s] -- Up-to-date: /home/aiv/YongJun_ws/ros2_ws/install/yolov8_msgs/include/yolov8_msgs/msg/detail/pose2_d__type_support.hpp
[0.421s] -- Up-to-date: /home/aiv/YongJun_ws/ros2_ws/install/yolov8_msgs/include/yolov8_msgs/msg/detail/detection__type_support.hpp
[0.421s] -- Up-to-date: /home/aiv/YongJun_ws/ros2_ws/install/yolov8_msgs/include/yolov8_msgs/msg/detail/vector2__builder.hpp
[0.421s] -- Up-to-date: /home/aiv/YongJun_ws/ros2_ws/install/yolov8_msgs/include/yolov8_msgs/msg/detail/detection_array__struct.hpp
[0.421s] -- Up-to-date: /home/aiv/YongJun_ws/ros2_ws/install/yolov8_msgs/include/yolov8_msgs/msg/detail/key_point3_d__struct.hpp
[0.421s] -- Up-to-date: /home/aiv/YongJun_ws/ros2_ws/install/yolov8_msgs/include/yolov8_msgs/msg/detail/vector2__traits.hpp
[0.421s] -- Up-to-date: /home/aiv/YongJun_ws/ros2_ws/install/yolov8_msgs/include/yolov8_msgs/msg/detail/bounding_box2_d__type_support.hpp
[0.421s] -- Up-to-date: /home/aiv/YongJun_ws/ros2_ws/install/yolov8_msgs/include/yolov8_msgs/msg/detail/bounding_box2_d__traits.hpp
[0.421s] -- Up-to-date: /home/aiv/YongJun_ws/ros2_ws/install/yolov8_msgs/include/yolov8_msgs/msg/detail/key_point2_d_array__traits.hpp
[0.421s] -- Up-to-date: /home/aiv/YongJun_ws/ros2_ws/install/yolov8_msgs/include/yolov8_msgs/msg/detail/point2_d__traits.hpp
[0.421s] -- Up-to-date: /home/aiv/YongJun_ws/ros2_ws/install/yolov8_msgs/include/yolov8_msgs/msg/detail/key_point3_d_array__type_support.hpp
[0.421s] -- Up-to-date: /home/aiv/YongJun_ws/ros2_ws/install/yolov8_msgs/include/yolov8_msgs/msg/detail/key_point3_d__type_support.hpp
[0.421s] -- Up-to-date: /home/aiv/YongJun_ws/ros2_ws/install/yolov8_msgs/include/yolov8_msgs/msg/detail/bounding_box2_d__builder.hpp
[0.421s] -- Up-to-date: /home/aiv/YongJun_ws/ros2_ws/install/yolov8_msgs/include/yolov8_msgs/msg/detail/pose2_d__traits.hpp
[0.421s] -- Up-to-date: /home/aiv/YongJun_ws/ros2_ws/install/yolov8_msgs/include/yolov8_msgs/msg/detail/vector2__struct.hpp
[0.421s] -- Up-to-date: /home/aiv/YongJun_ws/ros2_ws/install/yolov8_msgs/include/yolov8_msgs/msg/detail/pose2_d__builder.hpp
[0.421s] -- Up-to-date: /home/aiv/YongJun_ws/ros2_ws/install/yolov8_msgs/include/yolov8_msgs/msg/detail/mask__type_support.hpp
[0.421s] -- Up-to-date: /home/aiv/YongJun_ws/ros2_ws/install/yolov8_msgs/include/yolov8_msgs/msg/pose2_d.hpp
[0.421s] -- Up-to-date: /home/aiv/YongJun_ws/ros2_ws/install/yolov8_msgs/include/yolov8_msgs/msg/bounding_box3_d.hpp
[0.422s] -- Up-to-date: /home/aiv/YongJun_ws/ros2_ws/install/yolov8_msgs/include/yolov8_msgs/msg/detection_array.hpp
[0.423s] -- Up-to-date: /home/aiv/YongJun_ws/ros2_ws/install/yolov8_msgs/include/yolov8_msgs
[0.423s] -- Up-to-date: /home/aiv/YongJun_ws/ros2_ws/install/yolov8_msgs/include/yolov8_msgs/msg
[0.423s] -- Up-to-date: /home/aiv/YongJun_ws/ros2_ws/install/yolov8_msgs/include/yolov8_msgs/msg/detail
[0.423s] -- Up-to-date: /home/aiv/YongJun_ws/ros2_ws/install/yolov8_msgs/include/yolov8_msgs/msg/detail/key_point2_d__rosidl_typesupport_introspection_cpp.hpp
[0.423s] -- Up-to-date: /home/aiv/YongJun_ws/ros2_ws/install/yolov8_msgs/include/yolov8_msgs/msg/detail/detection_array__type_support.cpp
[0.423s] -- Up-to-date: /home/aiv/YongJun_ws/ros2_ws/install/yolov8_msgs/include/yolov8_msgs/msg/detail/key_point2_d_array__type_support.cpp
[0.423s] -- Up-to-date: /home/aiv/YongJun_ws/ros2_ws/install/yolov8_msgs/include/yolov8_msgs/msg/detail/detection_array__rosidl_typesupport_introspection_cpp.hpp
[0.423s] -- Up-to-date: /home/aiv/YongJun_ws/ros2_ws/install/yolov8_msgs/include/yolov8_msgs/msg/detail/bounding_box3_d__rosidl_typesupport_introspection_cpp.hpp
[0.423s] -- Up-to-date: /home/aiv/YongJun_ws/ros2_ws/install/yolov8_msgs/include/yolov8_msgs/msg/detail/mask__rosidl_typesupport_introspection_cpp.hpp
[0.423s] -- Up-to-date: /home/aiv/YongJun_ws/ros2_ws/install/yolov8_msgs/include/yolov8_msgs/msg/detail/point2_d__type_support.cpp
[0.424s] -- Up-to-date: /home/aiv/YongJun_ws/ros2_ws/install/yolov8_msgs/include/yolov8_msgs/msg/detail/key_point2_d_array__rosidl_typesupport_introspection_cpp.hpp
[0.424s] -- Up-to-date: /home/aiv/YongJun_ws/ros2_ws/install/yolov8_msgs/include/yolov8_msgs/msg/detail/key_point3_d_array__rosidl_typesupport_introspection_cpp.hpp
[0.424s] -- Up-to-date: /home/aiv/YongJun_ws/ros2_ws/install/yolov8_msgs/include/yolov8_msgs/msg/detail/mask__type_support.cpp
[0.424s] -- Up-to-date: /home/aiv/YongJun_ws/ros2_ws/install/yolov8_msgs/include/yolov8_msgs/msg/detail/pose2_d__type_support.cpp
[0.424s] -- Up-to-date: /home/aiv/YongJun_ws/ros2_ws/install/yolov8_msgs/include/yolov8_msgs/msg/detail/bounding_box2_d__rosidl_typesupport_introspection_cpp.hpp
[0.424s] -- Up-to-date: /home/aiv/YongJun_ws/ros2_ws/install/yolov8_msgs/include/yolov8_msgs/msg/detail/key_point2_d__type_support.cpp
[0.424s] -- Up-to-date: /home/aiv/YongJun_ws/ros2_ws/install/yolov8_msgs/include/yolov8_msgs/msg/detail/point2_d__rosidl_typesupport_introspection_cpp.hpp
[0.424s] -- Up-to-date: /home/aiv/YongJun_ws/ros2_ws/install/yolov8_msgs/include/yolov8_msgs/msg/detail/bounding_box2_d__type_support.cpp
[0.424s] -- Up-to-date: /home/aiv/YongJun_ws/ros2_ws/install/yolov8_msgs/include/yolov8_msgs/msg/detail/detection__type_support.cpp
[0.424s] -- Up-to-date: /home/aiv/YongJun_ws/ros2_ws/install/yolov8_msgs/include/yolov8_msgs/msg/detail/pose2_d__rosidl_typesupport_introspection_cpp.hpp
[0.424s] -- Up-to-date: /home/aiv/YongJun_ws/ros2_ws/install/yolov8_msgs/include/yolov8_msgs/msg/detail/key_point3_d_array__type_support.cpp
[0.425s] -- Up-to-date: /home/aiv/YongJun_ws/ros2_ws/install/yolov8_msgs/include/yolov8_msgs/msg/detail/vector2__rosidl_typesupport_introspection_cpp.hpp
[0.425s] -- Up-to-date: /home/aiv/YongJun_ws/ros2_ws/install/yolov8_msgs/include/yolov8_msgs/msg/detail/vector2__type_support.cpp
[0.425s] -- Up-to-date: /home/aiv/YongJun_ws/ros2_ws/install/yolov8_msgs/include/yolov8_msgs/msg/detail/bounding_box3_d__type_support.cpp
[0.425s] -- Up-to-date: /home/aiv/YongJun_ws/ros2_ws/install/yolov8_msgs/include/yolov8_msgs/msg/detail/key_point3_d__type_support.cpp
[0.425s] -- Up-to-date: /home/aiv/YongJun_ws/ros2_ws/install/yolov8_msgs/include/yolov8_msgs/msg/detail/detection__rosidl_typesupport_introspection_cpp.hpp
[0.425s] -- Up-to-date: /home/aiv/YongJun_ws/ros2_ws/install/yolov8_msgs/include/yolov8_msgs/msg/detail/key_point3_d__rosidl_typesupport_introspection_cpp.hpp
[0.425s] -- Up-to-date: /home/aiv/YongJun_ws/ros2_ws/install/yolov8_msgs/lib/libyolov8_msgs__rosidl_typesupport_introspection_cpp.so
[0.425s] -- Up-to-date: /home/aiv/YongJun_ws/ros2_ws/install/yolov8_msgs/lib/libyolov8_msgs__rosidl_typesupport_cpp.so
[0.425s] -- Up-to-date: /home/aiv/YongJun_ws/ros2_ws/install/yolov8_msgs/share/yolov8_msgs/environment/pythonpath.sh
[0.425s] -- Up-to-date: /home/aiv/YongJun_ws/ros2_ws/install/yolov8_msgs/share/yolov8_msgs/environment/pythonpath.dsv
[0.425s] -- Up-to-date: /home/aiv/YongJun_ws/ros2_ws/install/yolov8_msgs/lib/python3.8/site-packages/yolov8_msgs/__init__.py
[0.440s] -- Up-to-date: /home/aiv/YongJun_ws/ros2_ws/install/yolov8_msgs/lib/python3.8/site-packages/yolov8_msgs/msg
[0.440s] -- Up-to-date: /home/aiv/YongJun_ws/ros2_ws/install/yolov8_msgs/lib/python3.8/site-packages/yolov8_msgs/msg/_key_point2_d_array_s.c
[0.440s] -- Up-to-date: /home/aiv/YongJun_ws/ros2_ws/install/yolov8_msgs/lib/python3.8/site-packages/yolov8_msgs/msg/_key_point3_d.py
[0.440s] -- Up-to-date: /home/aiv/YongJun_ws/ros2_ws/install/yolov8_msgs/lib/python3.8/site-packages/yolov8_msgs/msg/_point2_d.py
[0.440s] -- Up-to-date: /home/aiv/YongJun_ws/ros2_ws/install/yolov8_msgs/lib/python3.8/site-packages/yolov8_msgs/msg/_key_point2_d.py
[0.441s] -- Up-to-date: /home/aiv/YongJun_ws/ros2_ws/install/yolov8_msgs/lib/python3.8/site-packages/yolov8_msgs/msg/_bounding_box3_d_s.c
[0.441s] -- Up-to-date: /home/aiv/YongJun_ws/ros2_ws/install/yolov8_msgs/lib/python3.8/site-packages/yolov8_msgs/msg/_key_point3_d_s.c
[0.441s] -- Up-to-date: /home/aiv/YongJun_ws/ros2_ws/install/yolov8_msgs/lib/python3.8/site-packages/yolov8_msgs/msg/_key_point3_d_array_s.c
[0.441s] -- Up-to-date: /home/aiv/YongJun_ws/ros2_ws/install/yolov8_msgs/lib/python3.8/site-packages/yolov8_msgs/msg/_vector2_s.c
[0.441s] -- Up-to-date: /home/aiv/YongJun_ws/ros2_ws/install/yolov8_msgs/lib/python3.8/site-packages/yolov8_msgs/msg/_detection_array.py
[0.441s] -- Up-to-date: /home/aiv/YongJun_ws/ros2_ws/install/yolov8_msgs/lib/python3.8/site-packages/yolov8_msgs/msg/_pose2_d_s.c
[0.441s] -- Up-to-date: /home/aiv/YongJun_ws/ros2_ws/install/yolov8_msgs/lib/python3.8/site-packages/yolov8_msgs/msg/_detection_array_s.c
[0.441s] -- Up-to-date: /home/aiv/YongJun_ws/ros2_ws/install/yolov8_msgs/lib/python3.8/site-packages/yolov8_msgs/msg/_mask.py
[0.441s] -- Up-to-date: /home/aiv/YongJun_ws/ros2_ws/install/yolov8_msgs/lib/python3.8/site-packages/yolov8_msgs/msg/_detection_s.c
[0.441s] -- Up-to-date: /home/aiv/YongJun_ws/ros2_ws/install/yolov8_msgs/lib/python3.8/site-packages/yolov8_msgs/msg/_vector2.py
[0.441s] -- Up-to-date: /home/aiv/YongJun_ws/ros2_ws/install/yolov8_msgs/lib/python3.8/site-packages/yolov8_msgs/msg/_pose2_d.py
[0.441s] -- Up-to-date: /home/aiv/YongJun_ws/ros2_ws/install/yolov8_msgs/lib/python3.8/site-packages/yolov8_msgs/msg/_point2_d_s.c
[0.441s] -- Up-to-date: /home/aiv/YongJun_ws/ros2_ws/install/yolov8_msgs/lib/python3.8/site-packages/yolov8_msgs/msg/_bounding_box2_d.py
[0.441s] -- Up-to-date: /home/aiv/YongJun_ws/ros2_ws/install/yolov8_msgs/lib/python3.8/site-packages/yolov8_msgs/msg/_bounding_box2_d_s.c
[0.441s] -- Up-to-date: /home/aiv/YongJun_ws/ros2_ws/install/yolov8_msgs/lib/python3.8/site-packages/yolov8_msgs/msg/_key_point3_d_array.py
[0.441s] -- Up-to-date: /home/aiv/YongJun_ws/ros2_ws/install/yolov8_msgs/lib/python3.8/site-packages/yolov8_msgs/msg/__init__.py
[0.441s] -- Up-to-date: /home/aiv/YongJun_ws/ros2_ws/install/yolov8_msgs/lib/python3.8/site-packages/yolov8_msgs/msg/_mask_s.c
[0.441s] -- Up-to-date: /home/aiv/YongJun_ws/ros2_ws/install/yolov8_msgs/lib/python3.8/site-packages/yolov8_msgs/msg/_detection.py
[0.441s] -- Up-to-date: /home/aiv/YongJun_ws/ros2_ws/install/yolov8_msgs/lib/python3.8/site-packages/yolov8_msgs/msg/_bounding_box3_d.py
[0.442s] -- Up-to-date: /home/aiv/YongJun_ws/ros2_ws/install/yolov8_msgs/lib/python3.8/site-packages/yolov8_msgs/msg/_key_point2_d_s.c
[0.442s] -- Up-to-date: /home/aiv/YongJun_ws/ros2_ws/install/yolov8_msgs/lib/python3.8/site-packages/yolov8_msgs/msg/_key_point2_d_array.py
[0.442s] -- Up-to-date: /home/aiv/YongJun_ws/ros2_ws/install/yolov8_msgs/lib/python3.8/site-packages/yolov8_msgs/yolov8_msgs_s__rosidl_typesupport_fastrtps_c.cpython-38-x86_64-linux-gnu.so
[0.442s] -- Up-to-date: /home/aiv/YongJun_ws/ros2_ws/install/yolov8_msgs/lib/python3.8/site-packages/yolov8_msgs/yolov8_msgs_s__rosidl_typesupport_introspection_c.cpython-38-x86_64-linux-gnu.so
[0.442s] -- Up-to-date: /home/aiv/YongJun_ws/ros2_ws/install/yolov8_msgs/lib/python3.8/site-packages/yolov8_msgs/yolov8_msgs_s__rosidl_typesupport_c.cpython-38-x86_64-linux-gnu.so
[0.442s] -- Up-to-date: /home/aiv/YongJun_ws/ros2_ws/install/yolov8_msgs/lib/libyolov8_msgs__python.so
[0.442s] -- Up-to-date: /home/aiv/YongJun_ws/ros2_ws/install/yolov8_msgs/share/yolov8_msgs/msg/Point2D.idl
[0.443s] -- Up-to-date: /home/aiv/YongJun_ws/ros2_ws/install/yolov8_msgs/share/yolov8_msgs/msg/Vector2.idl
[0.443s] -- Up-to-date: /home/aiv/YongJun_ws/ros2_ws/install/yolov8_msgs/share/yolov8_msgs/msg/Pose2D.idl
[0.443s] -- Up-to-date: /home/aiv/YongJun_ws/ros2_ws/install/yolov8_msgs/share/yolov8_msgs/msg/BoundingBox2D.idl
[0.443s] -- Up-to-date: /home/aiv/YongJun_ws/ros2_ws/install/yolov8_msgs/share/yolov8_msgs/msg/BoundingBox3D.idl
[0.444s] -- Up-to-date: /home/aiv/YongJun_ws/ros2_ws/install/yolov8_msgs/share/yolov8_msgs/msg/Mask.idl
[0.444s] -- Up-to-date: /home/aiv/YongJun_ws/ros2_ws/install/yolov8_msgs/share/yolov8_msgs/msg/KeyPoint2D.idl
[0.444s] -- Up-to-date: /home/aiv/YongJun_ws/ros2_ws/install/yolov8_msgs/share/yolov8_msgs/msg/KeyPoint2DArray.idl
[0.444s] -- Up-to-date: /home/aiv/YongJun_ws/ros2_ws/install/yolov8_msgs/share/yolov8_msgs/msg/KeyPoint3D.idl
[0.444s] -- Up-to-date: /home/aiv/YongJun_ws/ros2_ws/install/yolov8_msgs/share/yolov8_msgs/msg/KeyPoint3DArray.idl
[0.444s] -- Up-to-date: /home/aiv/YongJun_ws/ros2_ws/install/yolov8_msgs/share/yolov8_msgs/msg/Detection.idl
[0.445s] -- Up-to-date: /home/aiv/YongJun_ws/ros2_ws/install/yolov8_msgs/share/yolov8_msgs/msg/DetectionArray.idl
[0.445s] -- Up-to-date: /home/aiv/YongJun_ws/ros2_ws/install/yolov8_msgs/share/yolov8_msgs/msg/Point2D.msg
[0.445s] -- Up-to-date: /home/aiv/YongJun_ws/ros2_ws/install/yolov8_msgs/share/yolov8_msgs/msg/Vector2.msg
[0.445s] -- Up-to-date: /home/aiv/YongJun_ws/ros2_ws/install/yolov8_msgs/share/yolov8_msgs/msg/Pose2D.msg
[0.445s] -- Up-to-date: /home/aiv/YongJun_ws/ros2_ws/install/yolov8_msgs/share/yolov8_msgs/msg/BoundingBox2D.msg
[0.445s] -- Up-to-date: /home/aiv/YongJun_ws/ros2_ws/install/yolov8_msgs/share/yolov8_msgs/msg/BoundingBox3D.msg
[0.445s] -- Up-to-date: /home/aiv/YongJun_ws/ros2_ws/install/yolov8_msgs/share/yolov8_msgs/msg/Mask.msg
[0.445s] -- Up-to-date: /home/aiv/YongJun_ws/ros2_ws/install/yolov8_msgs/share/yolov8_msgs/msg/KeyPoint2D.msg
[0.445s] -- Up-to-date: /home/aiv/YongJun_ws/ros2_ws/install/yolov8_msgs/share/yolov8_msgs/msg/KeyPoint2DArray.msg
[0.446s] -- Up-to-date: /home/aiv/YongJun_ws/ros2_ws/install/yolov8_msgs/share/yolov8_msgs/msg/KeyPoint3D.msg
[0.446s] -- Up-to-date: /home/aiv/YongJun_ws/ros2_ws/install/yolov8_msgs/share/yolov8_msgs/msg/KeyPoint3DArray.msg
[0.446s] -- Up-to-date: /home/aiv/YongJun_ws/ros2_ws/install/yolov8_msgs/share/yolov8_msgs/msg/Detection.msg
[0.447s] -- Up-to-date: /home/aiv/YongJun_ws/ros2_ws/install/yolov8_msgs/share/yolov8_msgs/msg/DetectionArray.msg
[0.447s] -- Up-to-date: /home/aiv/YongJun_ws/ros2_ws/install/yolov8_msgs/share/ament_index/resource_index/package_run_dependencies/yolov8_msgs
[0.447s] -- Up-to-date: /home/aiv/YongJun_ws/ros2_ws/install/yolov8_msgs/share/ament_index/resource_index/parent_prefix_path/yolov8_msgs
[0.447s] -- Up-to-date: /home/aiv/YongJun_ws/ros2_ws/install/yolov8_msgs/share/yolov8_msgs/environment/ament_prefix_path.sh
[0.447s] -- Up-to-date: /home/aiv/YongJun_ws/ros2_ws/install/yolov8_msgs/share/yolov8_msgs/environment/ament_prefix_path.dsv
[0.447s] -- Up-to-date: /home/aiv/YongJun_ws/ros2_ws/install/yolov8_msgs/share/yolov8_msgs/environment/path.sh
[0.447s] -- Up-to-date: /home/aiv/YongJun_ws/ros2_ws/install/yolov8_msgs/share/yolov8_msgs/environment/path.dsv
[0.447s] -- Up-to-date: /home/aiv/YongJun_ws/ros2_ws/install/yolov8_msgs/share/yolov8_msgs/local_setup.bash
[0.447s] -- Up-to-date: /home/aiv/YongJun_ws/ros2_ws/install/yolov8_msgs/share/yolov8_msgs/local_setup.sh
[0.448s] -- Up-to-date: /home/aiv/YongJun_ws/ros2_ws/install/yolov8_msgs/share/yolov8_msgs/local_setup.zsh
[0.448s] -- Up-to-date: /home/aiv/YongJun_ws/ros2_ws/install/yolov8_msgs/share/yolov8_msgs/local_setup.dsv
[0.448s] -- Installing: /home/aiv/YongJun_ws/ros2_ws/install/yolov8_msgs/share/yolov8_msgs/package.dsv
[0.448s] -- Up-to-date: /home/aiv/YongJun_ws/ros2_ws/install/yolov8_msgs/share/ament_index/resource_index/packages/yolov8_msgs
[0.448s] -- Up-to-date: /home/aiv/YongJun_ws/ros2_ws/install/yolov8_msgs/share/yolov8_msgs/cmake/yolov8_msgs__rosidl_generator_cExport.cmake
[0.448s] -- Up-to-date: /home/aiv/YongJun_ws/ros2_ws/install/yolov8_msgs/share/yolov8_msgs/cmake/yolov8_msgs__rosidl_generator_cExport-noconfig.cmake
[0.448s] -- Up-to-date: /home/aiv/YongJun_ws/ros2_ws/install/yolov8_msgs/share/yolov8_msgs/cmake/yolov8_msgs__rosidl_typesupport_introspection_cExport.cmake
[0.448s] -- Up-to-date: /home/aiv/YongJun_ws/ros2_ws/install/yolov8_msgs/share/yolov8_msgs/cmake/yolov8_msgs__rosidl_typesupport_introspection_cExport-noconfig.cmake
[0.448s] -- Up-to-date: /home/aiv/YongJun_ws/ros2_ws/install/yolov8_msgs/share/yolov8_msgs/cmake/yolov8_msgs__rosidl_typesupport_cExport.cmake
[0.448s] -- Up-to-date: /home/aiv/YongJun_ws/ros2_ws/install/yolov8_msgs/share/yolov8_msgs/cmake/yolov8_msgs__rosidl_typesupport_cExport-noconfig.cmake
[0.448s] -- Up-to-date: /home/aiv/YongJun_ws/ros2_ws/install/yolov8_msgs/share/yolov8_msgs/cmake/yolov8_msgs__rosidl_generator_cppExport.cmake
[0.448s] -- Up-to-date: /home/aiv/YongJun_ws/ros2_ws/install/yolov8_msgs/share/yolov8_msgs/cmake/yolov8_msgs__rosidl_typesupport_introspection_cppExport.cmake
[0.448s] -- Up-to-date: /home/aiv/YongJun_ws/ros2_ws/install/yolov8_msgs/share/yolov8_msgs/cmake/yolov8_msgs__rosidl_typesupport_introspection_cppExport-noconfig.cmake
[0.448s] -- Up-to-date: /home/aiv/YongJun_ws/ros2_ws/install/yolov8_msgs/share/yolov8_msgs/cmake/yolov8_msgs__rosidl_typesupport_cppExport.cmake
[0.449s] -- Up-to-date: /home/aiv/YongJun_ws/ros2_ws/install/yolov8_msgs/share/yolov8_msgs/cmake/yolov8_msgs__rosidl_typesupport_cppExport-noconfig.cmake
[0.449s] -- Up-to-date: /home/aiv/YongJun_ws/ros2_ws/install/yolov8_msgs/share/yolov8_msgs/cmake/rosidl_cmake-extras.cmake
[0.449s] -- Up-to-date: /home/aiv/YongJun_ws/ros2_ws/install/yolov8_msgs/share/yolov8_msgs/cmake/ament_cmake_export_dependencies-extras.cmake
[0.449s] -- Up-to-date: /home/aiv/YongJun_ws/ros2_ws/install/yolov8_msgs/share/yolov8_msgs/cmake/ament_cmake_export_libraries-extras.cmake
[0.449s] -- Up-to-date: /home/aiv/YongJun_ws/ros2_ws/install/yolov8_msgs/share/yolov8_msgs/cmake/ament_cmake_export_targets-extras.cmake
[0.449s] -- Up-to-date: /home/aiv/YongJun_ws/ros2_ws/install/yolov8_msgs/share/yolov8_msgs/cmake/ament_cmake_export_include_directories-extras.cmake
[0.449s] -- Up-to-date: /home/aiv/YongJun_ws/ros2_ws/install/yolov8_msgs/share/yolov8_msgs/cmake/rosidl_cmake_export_typesupport_libraries-extras.cmake
[0.449s] -- Up-to-date: /home/aiv/YongJun_ws/ros2_ws/install/yolov8_msgs/share/yolov8_msgs/cmake/rosidl_cmake_export_typesupport_targets-extras.cmake
[0.449s] -- Up-to-date: /home/aiv/YongJun_ws/ros2_ws/install/yolov8_msgs/share/yolov8_msgs/cmake/yolov8_msgsConfig.cmake
[0.449s] -- Up-to-date: /home/aiv/YongJun_ws/ros2_ws/install/yolov8_msgs/share/yolov8_msgs/cmake/yolov8_msgsConfig-version.cmake
[0.449s] -- Up-to-date: /home/aiv/YongJun_ws/ros2_ws/install/yolov8_msgs/share/yolov8_msgs/package.xml
[0.449s] Invoked command in '/home/aiv/YongJun_ws/ros2_ws/build/yolov8_msgs' returned '0': CMAKE_PREFIX_PATH=${CMAKE_PREFIX_PATH}:/home/aiv/YongJun_ws/ros2_ws/install/yolov8_ros:/opt/ros/foxy /usr/bin/cmake --install /home/aiv/YongJun_ws/ros2_ws/build/yolov8_msgs
