[0.036s] Invoking command in '/home/aiv/YongJun_ws/ros2_ws/build/zed_tutorial_video': CMAKE_PREFIX_PATH=${CMAKE_PREFIX_PATH}:/home/aiv/YongJun_ws/ros2_ws/install/yolov8_ros:/opt/ros/foxy /usr/bin/cmake /home/aiv/YongJun_ws/ros2_ws/src/zed-ros2-examples/tutorials/zed_video_tutorial -DAMENT_CMAKE_SYMLINK_INSTALL=1 -DCMAKE_INSTALL_PREFIX=/home/aiv/YongJun_ws/ros2_ws/install/zed_tutorial_video
[0.047s] -- Found ament_cmake_auto: 0.9.12 (/opt/ros/foxy/share/ament_cmake_auto/cmake)
[0.068s] -- Using PYTHON_EXECUTABLE: /usr/bin/python3
[0.220s] -- Override CMake install command with custom implementation using symlinks instead of copying resources
[0.307s] -- Using all available rosidl_typesupport_c: rosidl_typesupport_fastrtps_c;rosidl_typesupport_introspection_c
[0.311s] -- Found rosidl_adapter: 1.3.1 (/opt/ros/foxy/share/rosidl_adapter/cmake)
[0.406s] -- Using all available rosidl_typesupport_cpp: rosidl_typesupport_fastrtps_cpp;rosidl_typesupport_introspection_cpp
[0.443s] -- Found rmw_implementation_cmake: 1.0.4 (/opt/ros/foxy/share/rmw_implementation_cmake/cmake)
[0.447s] -- Using RMW implementation 'rmw_fastrtps_cpp' as default
[0.636s] -- Found ament_lint_auto: 0.9.8 (/opt/ros/foxy/share/ament_lint_auto/cmake)
[0.644s] -- Configuring done
[0.648s] -- Generating done
[0.649s] -- Build files have been written to: /home/aiv/YongJun_ws/ros2_ws/build/zed_tutorial_video
[0.666s] Invoked command in '/home/aiv/YongJun_ws/ros2_ws/build/zed_tutorial_video' returned '0': CMAKE_PREFIX_PATH=${CMAKE_PREFIX_PATH}:/home/aiv/YongJun_ws/ros2_ws/install/yolov8_ros:/opt/ros/foxy /usr/bin/cmake /home/aiv/YongJun_ws/ros2_ws/src/zed-ros2-examples/tutorials/zed_video_tutorial -DAMENT_CMAKE_SYMLINK_INSTALL=1 -DCMAKE_INSTALL_PREFIX=/home/aiv/YongJun_ws/ros2_ws/install/zed_tutorial_video
[0.667s] Invoking command in '/home/aiv/YongJun_ws/ros2_ws/build/zed_tutorial_video': CMAKE_PREFIX_PATH=${CMAKE_PREFIX_PATH}:/home/aiv/YongJun_ws/ros2_ws/install/yolov8_ros:/opt/ros/foxy /usr/bin/cmake --build /home/aiv/YongJun_ws/ros2_ws/build/zed_tutorial_video -- -j32 -l32
[0.710s] [ 50%] [32m[1mLinking CXX executable zed_tutorial_video[0m
[0.816s] [100%] Built target zed_tutorial_video
[0.830s] Invoked command in '/home/aiv/YongJun_ws/ros2_ws/build/zed_tutorial_video' returned '0': CMAKE_PREFIX_PATH=${CMAKE_PREFIX_PATH}:/home/aiv/YongJun_ws/ros2_ws/install/yolov8_ros:/opt/ros/foxy /usr/bin/cmake --build /home/aiv/YongJun_ws/ros2_ws/build/zed_tutorial_video -- -j32 -l32
[0.851s] Invoking command in '/home/aiv/YongJun_ws/ros2_ws/build/zed_tutorial_video': CMAKE_PREFIX_PATH=${CMAKE_PREFIX_PATH}:/home/aiv/YongJun_ws/ros2_ws/install/yolov8_ros:/opt/ros/foxy /usr/bin/cmake --install /home/aiv/YongJun_ws/ros2_ws/build/zed_tutorial_video
[0.857s] -- Install configuration: "Release"
[0.857s] -- Execute custom install script
[0.857s] -- Symlinking: /home/aiv/YongJun_ws/ros2_ws/install/zed_tutorial_video/lib/zed_tutorial_video/zed_tutorial_video
[0.864s] -- Symlinking: /home/aiv/YongJun_ws/ros2_ws/install/zed_tutorial_video/share/ament_index/resource_index/package_run_dependencies/zed_tutorial_video
[0.871s] -- Symlinking: /home/aiv/YongJun_ws/ros2_ws/install/zed_tutorial_video/share/ament_index/resource_index/parent_prefix_path/zed_tutorial_video
[0.878s] -- Symlinking: /home/aiv/YongJun_ws/ros2_ws/install/zed_tutorial_video/share/zed_tutorial_video/environment/ament_prefix_path.sh
[0.884s] -- Symlinking: /home/aiv/YongJun_ws/ros2_ws/install/zed_tutorial_video/share/zed_tutorial_video/environment/ament_prefix_path.dsv
[0.891s] -- Symlinking: /home/aiv/YongJun_ws/ros2_ws/install/zed_tutorial_video/share/zed_tutorial_video/environment/path.sh
[0.898s] -- Symlinking: /home/aiv/YongJun_ws/ros2_ws/install/zed_tutorial_video/share/zed_tutorial_video/environment/path.dsv
[0.905s] -- Symlinking: /home/aiv/YongJun_ws/ros2_ws/install/zed_tutorial_video/share/zed_tutorial_video/local_setup.bash
[0.913s] -- Symlinking: /home/aiv/YongJun_ws/ros2_ws/install/zed_tutorial_video/share/zed_tutorial_video/local_setup.sh
[0.924s] -- Symlinking: /home/aiv/YongJun_ws/ros2_ws/install/zed_tutorial_video/share/zed_tutorial_video/local_setup.zsh
[0.928s] -- Symlinking: /home/aiv/YongJun_ws/ros2_ws/install/zed_tutorial_video/share/zed_tutorial_video/local_setup.dsv
[0.935s] -- Symlinking: /home/aiv/YongJun_ws/ros2_ws/install/zed_tutorial_video/share/zed_tutorial_video/package.dsv
[0.941s] -- Symlinking: /home/aiv/YongJun_ws/ros2_ws/install/zed_tutorial_video/share/ament_index/resource_index/packages/zed_tutorial_video
[0.948s] -- Symlinking: /home/aiv/YongJun_ws/ros2_ws/install/zed_tutorial_video/share/zed_tutorial_video/cmake/zed_tutorial_videoConfig.cmake
[0.955s] -- Symlinking: /home/aiv/YongJun_ws/ros2_ws/install/zed_tutorial_video/share/zed_tutorial_video/cmake/zed_tutorial_videoConfig-version.cmake
[0.962s] -- Symlinking: /home/aiv/YongJun_ws/ros2_ws/install/zed_tutorial_video/share/zed_tutorial_video/package.xml
[0.978s] Invoked command in '/home/aiv/YongJun_ws/ros2_ws/build/zed_tutorial_video' returned '0': CMAKE_PREFIX_PATH=${CMAKE_PREFIX_PATH}:/home/aiv/YongJun_ws/ros2_ws/install/yolov8_ros:/opt/ros/foxy /usr/bin/cmake --install /home/aiv/YongJun_ws/ros2_ws/build/zed_tutorial_video
