[0.038s] Invoking command in '/home/aiv/YongJun_ws/ros2_ws/build/yolov8_msgs': CMAKE_PREFIX_PATH=${CMAKE_PREFIX_PATH}:/home/aiv/YongJun_ws/ros2_ws/install/yolov8_ros:/opt/ros/foxy /usr/bin/cmake /home/aiv/YongJun_ws/ros2_ws/src/yolov8_ros/yolov8_msgs -DCMAKE_INSTALL_PREFIX=/home/aiv/YongJun_ws/ros2_ws/install/yolov8_msgs
[0.059s] -- Found ament_cmake: 0.9.12 (/opt/ros/foxy/share/ament_cmake/cmake)
[0.069s] -- Found PythonInterp: /usr/bin/python3 (found suitable version "3.8.10", minimum required is "3") 
[0.069s] -- Using PYTHON_EXECUTABLE: /usr/bin/python3
[0.228s] -- Override CMake install command with custom implementation using symlinks instead of copying resources
[0.236s] -- Found rosidl_default_generators: 1.0.1 (/opt/ros/foxy/share/rosidl_default_generators/cmake)
[0.243s] -- Using all available rosidl_typesupport_c: rosidl_typesupport_fastrtps_c;rosidl_typesupport_introspection_c
[0.247s] -- Found rosidl_adapter: 1.3.1 (/opt/ros/foxy/share/rosidl_adapter/cmake)
[0.357s] -- Using all available rosidl_typesupport_cpp: rosidl_typesupport_fastrtps_cpp;rosidl_typesupport_introspection_cpp
[0.372s] -- Found std_msgs: 2.0.5 (/opt/ros/foxy/share/std_msgs/cmake)
[0.395s] -- Found geometry_msgs: 2.0.5 (/opt/ros/foxy/share/geometry_msgs/cmake)
[0.442s] -- Found PythonInterp: /usr/bin/python3 (found version "3.8.10") 
[0.645s] -- Found ament_cmake_ros: 0.9.2 (/opt/ros/foxy/share/ament_cmake_ros/cmake)
[0.851s] -- Using all available rosidl_typesupport_c: rosidl_typesupport_fastrtps_c;rosidl_typesupport_introspection_c
[0.925s] -- Using all available rosidl_typesupport_cpp: rosidl_typesupport_fastrtps_cpp;rosidl_typesupport_introspection_cpp
[0.949s] -- Found PythonInterp: /usr/bin/python3 (found suitable version "3.8.10", minimum required is "3.5") 
[0.950s] -- Found python_cmake_module: 0.8.1 (/opt/ros/foxy/share/python_cmake_module/cmake)
[0.970s] -- Using PYTHON_EXECUTABLE: /usr/bin/python3
[0.970s] -- Using PYTHON_INCLUDE_DIRS: /usr/include/python3.8
[0.970s] -- Using PYTHON_LIBRARIES: /usr/lib/x86_64-linux-gnu/libpython3.8.so
[1.026s] -- Configuring done
[1.094s] -- Generating done
[1.097s] -- Build files have been written to: /home/aiv/YongJun_ws/ros2_ws/build/yolov8_msgs
[1.103s] Invoked command in '/home/aiv/YongJun_ws/ros2_ws/build/yolov8_msgs' returned '0': CMAKE_PREFIX_PATH=${CMAKE_PREFIX_PATH}:/home/aiv/YongJun_ws/ros2_ws/install/yolov8_ros:/opt/ros/foxy /usr/bin/cmake /home/aiv/YongJun_ws/ros2_ws/src/yolov8_ros/yolov8_msgs -DCMAKE_INSTALL_PREFIX=/home/aiv/YongJun_ws/ros2_ws/install/yolov8_msgs
[1.105s] Invoking command in '/home/aiv/YongJun_ws/ros2_ws/build/yolov8_msgs': CMAKE_PREFIX_PATH=${CMAKE_PREFIX_PATH}:/home/aiv/YongJun_ws/ros2_ws/install/yolov8_ros:/opt/ros/foxy /usr/bin/cmake --build /home/aiv/YongJun_ws/ros2_ws/build/yolov8_msgs -- -j32 -l32
[1.152s] [  0%] Built target yolov8_msgs__cpp
[1.157s] [ 12%] Built target yolov8_msgs__rosidl_generator_c
[1.176s] [ 24%] Built target yolov8_msgs__rosidl_typesupport_introspection_cpp
[1.176s] [ 36%] Built target yolov8_msgs__rosidl_typesupport_cpp
[1.181s] [ 48%] Built target yolov8_msgs__rosidl_typesupport_c
[1.181s] [ 59%] Built target yolov8_msgs__rosidl_typesupport_fastrtps_cpp
[1.181s] [ 71%] Built target yolov8_msgs__rosidl_typesupport_introspection_c
[1.206s] [ 83%] Built target yolov8_msgs__rosidl_typesupport_fastrtps_c
[1.223s] [ 83%] Built target yolov8_msgs
[1.242s] [ 84%] Built target yolov8_msgs__py
[1.266s] [ 95%] Built target yolov8_msgs__python
[1.289s] [ 96%] Built target yolov8_msgs__rosidl_typesupport_c__pyext
[1.289s] [ 98%] Built target yolov8_msgs__rosidl_typesupport_fastrtps_c__pyext
[1.289s] [100%] Built target yolov8_msgs__rosidl_typesupport_introspection_c__pyext
[1.304s] Invoked command in '/home/aiv/YongJun_ws/ros2_ws/build/yolov8_msgs' returned '0': CMAKE_PREFIX_PATH=${CMAKE_PREFIX_PATH}:/home/aiv/YongJun_ws/ros2_ws/install/yolov8_ros:/opt/ros/foxy /usr/bin/cmake --build /home/aiv/YongJun_ws/ros2_ws/build/yolov8_msgs -- -j32 -l32
[1.487s] Invoking command in '/home/aiv/YongJun_ws/ros2_ws/build/yolov8_msgs': CMAKE_PREFIX_PATH=${CMAKE_PREFIX_PATH}:/home/aiv/YongJun_ws/ros2_ws/install/yolov8_ros:/opt/ros/foxy /usr/bin/cmake --install /home/aiv/YongJun_ws/ros2_ws/build/yolov8_msgs
[1.493s] -- Install configuration: ""
[1.494s] -- Execute custom install script
[1.494s] -- Up-to-date symlink: /home/aiv/YongJun_ws/ros2_ws/install/yolov8_msgs/share/ament_index/resource_index/rosidl_interfaces/yolov8_msgs
[1.495s] -- Up-to-date symlink: /home/aiv/YongJun_ws/ros2_ws/install/yolov8_msgs/include/yolov8_msgs/msg/bounding_box2_d.h
[1.496s] -- Up-to-date symlink: /home/aiv/YongJun_ws/ros2_ws/install/yolov8_msgs/include/yolov8_msgs/msg/bounding_box3_d.h
[1.496s] -- Up-to-date symlink: /home/aiv/YongJun_ws/ros2_ws/install/yolov8_msgs/include/yolov8_msgs/msg/detail/bounding_box2_d__functions.h
[1.497s] -- Up-to-date symlink: /home/aiv/YongJun_ws/ros2_ws/install/yolov8_msgs/include/yolov8_msgs/msg/detail/bounding_box2_d__struct.h
[1.497s] -- Up-to-date symlink: /home/aiv/YongJun_ws/ros2_ws/install/yolov8_msgs/include/yolov8_msgs/msg/detail/bounding_box2_d__type_support.h
[1.497s] -- Up-to-date symlink: /home/aiv/YongJun_ws/ros2_ws/install/yolov8_msgs/include/yolov8_msgs/msg/detail/bounding_box3_d__functions.h
[1.497s] -- Up-to-date symlink: /home/aiv/YongJun_ws/ros2_ws/install/yolov8_msgs/include/yolov8_msgs/msg/detail/bounding_box3_d__struct.h
[1.497s] -- Up-to-date symlink: /home/aiv/YongJun_ws/ros2_ws/install/yolov8_msgs/include/yolov8_msgs/msg/detail/bounding_box3_d__type_support.h
[1.497s] -- Up-to-date symlink: /home/aiv/YongJun_ws/ros2_ws/install/yolov8_msgs/include/yolov8_msgs/msg/detail/detection__functions.h
[1.497s] -- Up-to-date symlink: /home/aiv/YongJun_ws/ros2_ws/install/yolov8_msgs/include/yolov8_msgs/msg/detail/detection__struct.h
[1.497s] -- Up-to-date symlink: /home/aiv/YongJun_ws/ros2_ws/install/yolov8_msgs/include/yolov8_msgs/msg/detail/detection__type_support.h
[1.498s] -- Up-to-date symlink: /home/aiv/YongJun_ws/ros2_ws/install/yolov8_msgs/include/yolov8_msgs/msg/detail/detection_array__functions.h
[1.498s] -- Up-to-date symlink: /home/aiv/YongJun_ws/ros2_ws/install/yolov8_msgs/include/yolov8_msgs/msg/detail/detection_array__struct.h
[1.498s] -- Up-to-date symlink: /home/aiv/YongJun_ws/ros2_ws/install/yolov8_msgs/include/yolov8_msgs/msg/detail/detection_array__type_support.h
[1.498s] -- Up-to-date symlink: /home/aiv/YongJun_ws/ros2_ws/install/yolov8_msgs/include/yolov8_msgs/msg/detail/key_point2_d__functions.h
[1.498s] -- Up-to-date symlink: /home/aiv/YongJun_ws/ros2_ws/install/yolov8_msgs/include/yolov8_msgs/msg/detail/key_point2_d__struct.h
[1.498s] -- Up-to-date symlink: /home/aiv/YongJun_ws/ros2_ws/install/yolov8_msgs/include/yolov8_msgs/msg/detail/key_point2_d__type_support.h
[1.498s] -- Up-to-date symlink: /home/aiv/YongJun_ws/ros2_ws/install/yolov8_msgs/include/yolov8_msgs/msg/detail/key_point2_d_array__functions.h
[1.498s] -- Up-to-date symlink: /home/aiv/YongJun_ws/ros2_ws/install/yolov8_msgs/include/yolov8_msgs/msg/detail/key_point2_d_array__struct.h
[1.498s] -- Up-to-date symlink: /home/aiv/YongJun_ws/ros2_ws/install/yolov8_msgs/include/yolov8_msgs/msg/detail/key_point2_d_array__type_support.h
[1.498s] -- Up-to-date symlink: /home/aiv/YongJun_ws/ros2_ws/install/yolov8_msgs/include/yolov8_msgs/msg/detail/key_point3_d__functions.h
[1.498s] -- Up-to-date symlink: /home/aiv/YongJun_ws/ros2_ws/install/yolov8_msgs/include/yolov8_msgs/msg/detail/key_point3_d__struct.h
[1.498s] -- Up-to-date symlink: /home/aiv/YongJun_ws/ros2_ws/install/yolov8_msgs/include/yolov8_msgs/msg/detail/key_point3_d__type_support.h
[1.499s] -- Up-to-date symlink: /home/aiv/YongJun_ws/ros2_ws/install/yolov8_msgs/include/yolov8_msgs/msg/detail/key_point3_d_array__functions.h
[1.499s] -- Up-to-date symlink: /home/aiv/YongJun_ws/ros2_ws/install/yolov8_msgs/include/yolov8_msgs/msg/detail/key_point3_d_array__struct.h
[1.499s] -- Up-to-date symlink: /home/aiv/YongJun_ws/ros2_ws/install/yolov8_msgs/include/yolov8_msgs/msg/detail/key_point3_d_array__type_support.h
[1.499s] -- Up-to-date symlink: /home/aiv/YongJun_ws/ros2_ws/install/yolov8_msgs/include/yolov8_msgs/msg/detail/mask__functions.h
[1.499s] -- Up-to-date symlink: /home/aiv/YongJun_ws/ros2_ws/install/yolov8_msgs/include/yolov8_msgs/msg/detail/mask__struct.h
[1.499s] -- Up-to-date symlink: /home/aiv/YongJun_ws/ros2_ws/install/yolov8_msgs/include/yolov8_msgs/msg/detail/mask__type_support.h
[1.499s] -- Up-to-date symlink: /home/aiv/YongJun_ws/ros2_ws/install/yolov8_msgs/include/yolov8_msgs/msg/detail/point2_d__functions.h
[1.499s] -- Up-to-date symlink: /home/aiv/YongJun_ws/ros2_ws/install/yolov8_msgs/include/yolov8_msgs/msg/detail/point2_d__struct.h
[1.499s] -- Up-to-date symlink: /home/aiv/YongJun_ws/ros2_ws/install/yolov8_msgs/include/yolov8_msgs/msg/detail/point2_d__type_support.h
[1.499s] -- Up-to-date symlink: /home/aiv/YongJun_ws/ros2_ws/install/yolov8_msgs/include/yolov8_msgs/msg/detail/pose2_d__functions.h
[1.499s] -- Up-to-date symlink: /home/aiv/YongJun_ws/ros2_ws/install/yolov8_msgs/include/yolov8_msgs/msg/detail/pose2_d__struct.h
[1.499s] -- Up-to-date symlink: /home/aiv/YongJun_ws/ros2_ws/install/yolov8_msgs/include/yolov8_msgs/msg/detail/pose2_d__type_support.h
[1.500s] -- Up-to-date symlink: /home/aiv/YongJun_ws/ros2_ws/install/yolov8_msgs/include/yolov8_msgs/msg/detail/vector2__functions.h
[1.500s] -- Up-to-date symlink: /home/aiv/YongJun_ws/ros2_ws/install/yolov8_msgs/include/yolov8_msgs/msg/detail/vector2__struct.h
[1.500s] -- Up-to-date symlink: /home/aiv/YongJun_ws/ros2_ws/install/yolov8_msgs/include/yolov8_msgs/msg/detail/vector2__type_support.h
[1.500s] -- Up-to-date symlink: /home/aiv/YongJun_ws/ros2_ws/install/yolov8_msgs/include/yolov8_msgs/msg/detection.h
[1.500s] -- Up-to-date symlink: /home/aiv/YongJun_ws/ros2_ws/install/yolov8_msgs/include/yolov8_msgs/msg/detection_array.h
[1.500s] -- Up-to-date symlink: /home/aiv/YongJun_ws/ros2_ws/install/yolov8_msgs/include/yolov8_msgs/msg/key_point2_d.h
[1.500s] -- Up-to-date symlink: /home/aiv/YongJun_ws/ros2_ws/install/yolov8_msgs/include/yolov8_msgs/msg/key_point2_d_array.h
[1.500s] -- Up-to-date symlink: /home/aiv/YongJun_ws/ros2_ws/install/yolov8_msgs/include/yolov8_msgs/msg/key_point3_d.h
[1.500s] -- Up-to-date symlink: /home/aiv/YongJun_ws/ros2_ws/install/yolov8_msgs/include/yolov8_msgs/msg/key_point3_d_array.h
[1.501s] -- Up-to-date symlink: /home/aiv/YongJun_ws/ros2_ws/install/yolov8_msgs/include/yolov8_msgs/msg/mask.h
[1.501s] -- Up-to-date symlink: /home/aiv/YongJun_ws/ros2_ws/install/yolov8_msgs/include/yolov8_msgs/msg/point2_d.h
[1.501s] -- Up-to-date symlink: /home/aiv/YongJun_ws/ros2_ws/install/yolov8_msgs/include/yolov8_msgs/msg/pose2_d.h
[1.501s] -- Up-to-date symlink: /home/aiv/YongJun_ws/ros2_ws/install/yolov8_msgs/include/yolov8_msgs/msg/rosidl_generator_c__visibility_control.h
[1.501s] -- Up-to-date symlink: /home/aiv/YongJun_ws/ros2_ws/install/yolov8_msgs/include/yolov8_msgs/msg/vector2.h
[1.501s] -- Up-to-date symlink: /home/aiv/YongJun_ws/ros2_ws/install/yolov8_msgs/share/yolov8_msgs/environment/library_path.sh
[1.501s] -- Up-to-date symlink: /home/aiv/YongJun_ws/ros2_ws/install/yolov8_msgs/share/yolov8_msgs/environment/library_path.dsv
[1.501s] -- Up-to-date symlink: /home/aiv/YongJun_ws/ros2_ws/install/yolov8_msgs/include/yolov8_msgs/msg/detail/bounding_box2_d__rosidl_typesupport_fastrtps_c.h
[1.502s] -- Up-to-date symlink: /home/aiv/YongJun_ws/ros2_ws/install/yolov8_msgs/include/yolov8_msgs/msg/detail/bounding_box3_d__rosidl_typesupport_fastrtps_c.h
[1.502s] -- Up-to-date symlink: /home/aiv/YongJun_ws/ros2_ws/install/yolov8_msgs/include/yolov8_msgs/msg/detail/detection__rosidl_typesupport_fastrtps_c.h
[1.502s] -- Up-to-date symlink: /home/aiv/YongJun_ws/ros2_ws/install/yolov8_msgs/include/yolov8_msgs/msg/detail/detection_array__rosidl_typesupport_fastrtps_c.h
[1.502s] -- Up-to-date symlink: /home/aiv/YongJun_ws/ros2_ws/install/yolov8_msgs/include/yolov8_msgs/msg/detail/key_point2_d__rosidl_typesupport_fastrtps_c.h
[1.502s] -- Up-to-date symlink: /home/aiv/YongJun_ws/ros2_ws/install/yolov8_msgs/include/yolov8_msgs/msg/detail/key_point2_d_array__rosidl_typesupport_fastrtps_c.h
[1.502s] -- Up-to-date symlink: /home/aiv/YongJun_ws/ros2_ws/install/yolov8_msgs/include/yolov8_msgs/msg/detail/key_point3_d__rosidl_typesupport_fastrtps_c.h
[1.502s] -- Up-to-date symlink: /home/aiv/YongJun_ws/ros2_ws/install/yolov8_msgs/include/yolov8_msgs/msg/detail/key_point3_d_array__rosidl_typesupport_fastrtps_c.h
[1.502s] -- Up-to-date symlink: /home/aiv/YongJun_ws/ros2_ws/install/yolov8_msgs/include/yolov8_msgs/msg/detail/mask__rosidl_typesupport_fastrtps_c.h
[1.503s] -- Up-to-date symlink: /home/aiv/YongJun_ws/ros2_ws/install/yolov8_msgs/include/yolov8_msgs/msg/detail/point2_d__rosidl_typesupport_fastrtps_c.h
[1.503s] -- Up-to-date symlink: /home/aiv/YongJun_ws/ros2_ws/install/yolov8_msgs/include/yolov8_msgs/msg/detail/pose2_d__rosidl_typesupport_fastrtps_c.h
[1.503s] -- Up-to-date symlink: /home/aiv/YongJun_ws/ros2_ws/install/yolov8_msgs/include/yolov8_msgs/msg/detail/vector2__rosidl_typesupport_fastrtps_c.h
[1.503s] -- Up-to-date symlink: /home/aiv/YongJun_ws/ros2_ws/install/yolov8_msgs/include/yolov8_msgs/msg/rosidl_typesupport_fastrtps_c__visibility_control.h
[1.503s] -- Up-to-date symlink: /home/aiv/YongJun_ws/ros2_ws/install/yolov8_msgs/lib/libyolov8_msgs__rosidl_typesupport_fastrtps_c.so
[1.504s] -- Up-to-date symlink: /home/aiv/YongJun_ws/ros2_ws/install/yolov8_msgs/include/yolov8_msgs/msg/detail/bounding_box2_d__rosidl_typesupport_fastrtps_cpp.hpp
[1.504s] -- Up-to-date symlink: /home/aiv/YongJun_ws/ros2_ws/install/yolov8_msgs/include/yolov8_msgs/msg/detail/bounding_box3_d__rosidl_typesupport_fastrtps_cpp.hpp
[1.504s] -- Up-to-date symlink: /home/aiv/YongJun_ws/ros2_ws/install/yolov8_msgs/include/yolov8_msgs/msg/detail/detection__rosidl_typesupport_fastrtps_cpp.hpp
[1.504s] -- Up-to-date symlink: /home/aiv/YongJun_ws/ros2_ws/install/yolov8_msgs/include/yolov8_msgs/msg/detail/detection_array__rosidl_typesupport_fastrtps_cpp.hpp
[1.504s] -- Up-to-date symlink: /home/aiv/YongJun_ws/ros2_ws/install/yolov8_msgs/include/yolov8_msgs/msg/detail/key_point2_d__rosidl_typesupport_fastrtps_cpp.hpp
[1.504s] -- Up-to-date symlink: /home/aiv/YongJun_ws/ros2_ws/install/yolov8_msgs/include/yolov8_msgs/msg/detail/key_point2_d_array__rosidl_typesupport_fastrtps_cpp.hpp
[1.505s] -- Up-to-date symlink: /home/aiv/YongJun_ws/ros2_ws/install/yolov8_msgs/include/yolov8_msgs/msg/detail/key_point3_d__rosidl_typesupport_fastrtps_cpp.hpp
[1.505s] -- Up-to-date symlink: /home/aiv/YongJun_ws/ros2_ws/install/yolov8_msgs/include/yolov8_msgs/msg/detail/key_point3_d_array__rosidl_typesupport_fastrtps_cpp.hpp
[1.505s] -- Up-to-date symlink: /home/aiv/YongJun_ws/ros2_ws/install/yolov8_msgs/include/yolov8_msgs/msg/detail/mask__rosidl_typesupport_fastrtps_cpp.hpp
[1.505s] -- Up-to-date symlink: /home/aiv/YongJun_ws/ros2_ws/install/yolov8_msgs/include/yolov8_msgs/msg/detail/point2_d__rosidl_typesupport_fastrtps_cpp.hpp
[1.505s] -- Up-to-date symlink: /home/aiv/YongJun_ws/ros2_ws/install/yolov8_msgs/include/yolov8_msgs/msg/detail/pose2_d__rosidl_typesupport_fastrtps_cpp.hpp
[1.505s] -- Up-to-date symlink: /home/aiv/YongJun_ws/ros2_ws/install/yolov8_msgs/include/yolov8_msgs/msg/detail/vector2__rosidl_typesupport_fastrtps_cpp.hpp
[1.505s] -- Up-to-date symlink: /home/aiv/YongJun_ws/ros2_ws/install/yolov8_msgs/include/yolov8_msgs/msg/rosidl_typesupport_fastrtps_cpp__visibility_control.h
[1.506s] -- Up-to-date symlink: /home/aiv/YongJun_ws/ros2_ws/install/yolov8_msgs/lib/libyolov8_msgs__rosidl_typesupport_fastrtps_cpp.so
[1.506s] -- Up-to-date symlink: /home/aiv/YongJun_ws/ros2_ws/install/yolov8_msgs/include/yolov8_msgs/msg/detail/bounding_box2_d__rosidl_typesupport_introspection_c.h
[1.506s] -- Up-to-date symlink: /home/aiv/YongJun_ws/ros2_ws/install/yolov8_msgs/include/yolov8_msgs/msg/detail/bounding_box3_d__rosidl_typesupport_introspection_c.h
[1.506s] -- Up-to-date symlink: /home/aiv/YongJun_ws/ros2_ws/install/yolov8_msgs/include/yolov8_msgs/msg/detail/detection__rosidl_typesupport_introspection_c.h
[1.507s] -- Up-to-date symlink: /home/aiv/YongJun_ws/ros2_ws/install/yolov8_msgs/include/yolov8_msgs/msg/detail/detection_array__rosidl_typesupport_introspection_c.h
[1.507s] -- Up-to-date symlink: /home/aiv/YongJun_ws/ros2_ws/install/yolov8_msgs/include/yolov8_msgs/msg/detail/key_point2_d__rosidl_typesupport_introspection_c.h
[1.507s] -- Up-to-date symlink: /home/aiv/YongJun_ws/ros2_ws/install/yolov8_msgs/include/yolov8_msgs/msg/detail/key_point2_d_array__rosidl_typesupport_introspection_c.h
[1.507s] -- Up-to-date symlink: /home/aiv/YongJun_ws/ros2_ws/install/yolov8_msgs/include/yolov8_msgs/msg/detail/key_point3_d__rosidl_typesupport_introspection_c.h
[1.507s] -- Up-to-date symlink: /home/aiv/YongJun_ws/ros2_ws/install/yolov8_msgs/include/yolov8_msgs/msg/detail/key_point3_d_array__rosidl_typesupport_introspection_c.h
[1.507s] -- Up-to-date symlink: /home/aiv/YongJun_ws/ros2_ws/install/yolov8_msgs/include/yolov8_msgs/msg/detail/mask__rosidl_typesupport_introspection_c.h
[1.507s] -- Up-to-date symlink: /home/aiv/YongJun_ws/ros2_ws/install/yolov8_msgs/include/yolov8_msgs/msg/detail/point2_d__rosidl_typesupport_introspection_c.h
[1.507s] -- Up-to-date symlink: /home/aiv/YongJun_ws/ros2_ws/install/yolov8_msgs/include/yolov8_msgs/msg/detail/pose2_d__rosidl_typesupport_introspection_c.h
[1.508s] -- Up-to-date symlink: /home/aiv/YongJun_ws/ros2_ws/install/yolov8_msgs/include/yolov8_msgs/msg/detail/vector2__rosidl_typesupport_introspection_c.h
[1.508s] -- Up-to-date symlink: /home/aiv/YongJun_ws/ros2_ws/install/yolov8_msgs/include/yolov8_msgs/msg/rosidl_typesupport_introspection_c__visibility_control.h
[1.508s] -- Up-to-date symlink: /home/aiv/YongJun_ws/ros2_ws/install/yolov8_msgs/include/yolov8_msgs/msg/bounding_box2_d.hpp
[1.509s] -- Up-to-date symlink: /home/aiv/YongJun_ws/ros2_ws/install/yolov8_msgs/include/yolov8_msgs/msg/bounding_box3_d.hpp
[1.509s] -- Up-to-date symlink: /home/aiv/YongJun_ws/ros2_ws/install/yolov8_msgs/include/yolov8_msgs/msg/detail/bounding_box2_d__builder.hpp
[1.509s] -- Up-to-date symlink: /home/aiv/YongJun_ws/ros2_ws/install/yolov8_msgs/include/yolov8_msgs/msg/detail/bounding_box2_d__struct.hpp
[1.509s] -- Up-to-date symlink: /home/aiv/YongJun_ws/ros2_ws/install/yolov8_msgs/include/yolov8_msgs/msg/detail/bounding_box2_d__traits.hpp
[1.509s] -- Up-to-date symlink: /home/aiv/YongJun_ws/ros2_ws/install/yolov8_msgs/include/yolov8_msgs/msg/detail/bounding_box2_d__type_support.hpp
[1.509s] -- Up-to-date symlink: /home/aiv/YongJun_ws/ros2_ws/install/yolov8_msgs/include/yolov8_msgs/msg/detail/bounding_box3_d__builder.hpp
[1.509s] -- Up-to-date symlink: /home/aiv/YongJun_ws/ros2_ws/install/yolov8_msgs/include/yolov8_msgs/msg/detail/bounding_box3_d__struct.hpp
[1.509s] -- Up-to-date symlink: /home/aiv/YongJun_ws/ros2_ws/install/yolov8_msgs/include/yolov8_msgs/msg/detail/bounding_box3_d__traits.hpp
[1.510s] -- Up-to-date symlink: /home/aiv/YongJun_ws/ros2_ws/install/yolov8_msgs/include/yolov8_msgs/msg/detail/bounding_box3_d__type_support.hpp
[1.510s] -- Up-to-date symlink: /home/aiv/YongJun_ws/ros2_ws/install/yolov8_msgs/include/yolov8_msgs/msg/detail/detection__builder.hpp
[1.510s] -- Up-to-date symlink: /home/aiv/YongJun_ws/ros2_ws/install/yolov8_msgs/include/yolov8_msgs/msg/detail/detection__struct.hpp
[1.510s] -- Up-to-date symlink: /home/aiv/YongJun_ws/ros2_ws/install/yolov8_msgs/include/yolov8_msgs/msg/detail/detection__traits.hpp
[1.510s] -- Up-to-date symlink: /home/aiv/YongJun_ws/ros2_ws/install/yolov8_msgs/include/yolov8_msgs/msg/detail/detection__type_support.hpp
[1.510s] -- Up-to-date symlink: /home/aiv/YongJun_ws/ros2_ws/install/yolov8_msgs/include/yolov8_msgs/msg/detail/detection_array__builder.hpp
[1.510s] -- Up-to-date symlink: /home/aiv/YongJun_ws/ros2_ws/install/yolov8_msgs/include/yolov8_msgs/msg/detail/detection_array__struct.hpp
[1.510s] -- Up-to-date symlink: /home/aiv/YongJun_ws/ros2_ws/install/yolov8_msgs/include/yolov8_msgs/msg/detail/detection_array__traits.hpp
[1.510s] -- Up-to-date symlink: /home/aiv/YongJun_ws/ros2_ws/install/yolov8_msgs/include/yolov8_msgs/msg/detail/detection_array__type_support.hpp
[1.511s] -- Up-to-date symlink: /home/aiv/YongJun_ws/ros2_ws/install/yolov8_msgs/include/yolov8_msgs/msg/detail/key_point2_d__builder.hpp
[1.511s] -- Up-to-date symlink: /home/aiv/YongJun_ws/ros2_ws/install/yolov8_msgs/include/yolov8_msgs/msg/detail/key_point2_d__struct.hpp
[1.511s] -- Up-to-date symlink: /home/aiv/YongJun_ws/ros2_ws/install/yolov8_msgs/include/yolov8_msgs/msg/detail/key_point2_d__traits.hpp
[1.511s] -- Up-to-date symlink: /home/aiv/YongJun_ws/ros2_ws/install/yolov8_msgs/include/yolov8_msgs/msg/detail/key_point2_d__type_support.hpp
[1.511s] -- Up-to-date symlink: /home/aiv/YongJun_ws/ros2_ws/install/yolov8_msgs/include/yolov8_msgs/msg/detail/key_point2_d_array__builder.hpp
[1.511s] -- Up-to-date symlink: /home/aiv/YongJun_ws/ros2_ws/install/yolov8_msgs/include/yolov8_msgs/msg/detail/key_point2_d_array__struct.hpp
[1.511s] -- Up-to-date symlink: /home/aiv/YongJun_ws/ros2_ws/install/yolov8_msgs/include/yolov8_msgs/msg/detail/key_point2_d_array__traits.hpp
[1.511s] -- Up-to-date symlink: /home/aiv/YongJun_ws/ros2_ws/install/yolov8_msgs/include/yolov8_msgs/msg/detail/key_point2_d_array__type_support.hpp
[1.512s] -- Up-to-date symlink: /home/aiv/YongJun_ws/ros2_ws/install/yolov8_msgs/include/yolov8_msgs/msg/detail/key_point3_d__builder.hpp
[1.512s] -- Up-to-date symlink: /home/aiv/YongJun_ws/ros2_ws/install/yolov8_msgs/include/yolov8_msgs/msg/detail/key_point3_d__struct.hpp
[1.512s] -- Up-to-date symlink: /home/aiv/YongJun_ws/ros2_ws/install/yolov8_msgs/include/yolov8_msgs/msg/detail/key_point3_d__traits.hpp
[1.512s] -- Up-to-date symlink: /home/aiv/YongJun_ws/ros2_ws/install/yolov8_msgs/include/yolov8_msgs/msg/detail/key_point3_d__type_support.hpp
[1.512s] -- Up-to-date symlink: /home/aiv/YongJun_ws/ros2_ws/install/yolov8_msgs/include/yolov8_msgs/msg/detail/key_point3_d_array__builder.hpp
[1.512s] -- Up-to-date symlink: /home/aiv/YongJun_ws/ros2_ws/install/yolov8_msgs/include/yolov8_msgs/msg/detail/key_point3_d_array__struct.hpp
[1.512s] -- Up-to-date symlink: /home/aiv/YongJun_ws/ros2_ws/install/yolov8_msgs/include/yolov8_msgs/msg/detail/key_point3_d_array__traits.hpp
[1.512s] -- Up-to-date symlink: /home/aiv/YongJun_ws/ros2_ws/install/yolov8_msgs/include/yolov8_msgs/msg/detail/key_point3_d_array__type_support.hpp
[1.512s] -- Up-to-date symlink: /home/aiv/YongJun_ws/ros2_ws/install/yolov8_msgs/include/yolov8_msgs/msg/detail/mask__builder.hpp
[1.513s] -- Up-to-date symlink: /home/aiv/YongJun_ws/ros2_ws/install/yolov8_msgs/include/yolov8_msgs/msg/detail/mask__struct.hpp
[1.513s] -- Up-to-date symlink: /home/aiv/YongJun_ws/ros2_ws/install/yolov8_msgs/include/yolov8_msgs/msg/detail/mask__traits.hpp
[1.513s] -- Up-to-date symlink: /home/aiv/YongJun_ws/ros2_ws/install/yolov8_msgs/include/yolov8_msgs/msg/detail/mask__type_support.hpp
[1.513s] -- Up-to-date symlink: /home/aiv/YongJun_ws/ros2_ws/install/yolov8_msgs/include/yolov8_msgs/msg/detail/point2_d__builder.hpp
[1.513s] -- Up-to-date symlink: /home/aiv/YongJun_ws/ros2_ws/install/yolov8_msgs/include/yolov8_msgs/msg/detail/point2_d__struct.hpp
[1.513s] -- Up-to-date symlink: /home/aiv/YongJun_ws/ros2_ws/install/yolov8_msgs/include/yolov8_msgs/msg/detail/point2_d__traits.hpp
[1.513s] -- Up-to-date symlink: /home/aiv/YongJun_ws/ros2_ws/install/yolov8_msgs/include/yolov8_msgs/msg/detail/point2_d__type_support.hpp
[1.513s] -- Up-to-date symlink: /home/aiv/YongJun_ws/ros2_ws/install/yolov8_msgs/include/yolov8_msgs/msg/detail/pose2_d__builder.hpp
[1.513s] -- Up-to-date symlink: /home/aiv/YongJun_ws/ros2_ws/install/yolov8_msgs/include/yolov8_msgs/msg/detail/pose2_d__struct.hpp
[1.513s] -- Up-to-date symlink: /home/aiv/YongJun_ws/ros2_ws/install/yolov8_msgs/include/yolov8_msgs/msg/detail/pose2_d__traits.hpp
[1.514s] -- Up-to-date symlink: /home/aiv/YongJun_ws/ros2_ws/install/yolov8_msgs/include/yolov8_msgs/msg/detail/pose2_d__type_support.hpp
[1.514s] -- Up-to-date symlink: /home/aiv/YongJun_ws/ros2_ws/install/yolov8_msgs/include/yolov8_msgs/msg/detail/vector2__builder.hpp
[1.514s] -- Up-to-date symlink: /home/aiv/YongJun_ws/ros2_ws/install/yolov8_msgs/include/yolov8_msgs/msg/detail/vector2__struct.hpp
[1.514s] -- Up-to-date symlink: /home/aiv/YongJun_ws/ros2_ws/install/yolov8_msgs/include/yolov8_msgs/msg/detail/vector2__traits.hpp
[1.514s] -- Up-to-date symlink: /home/aiv/YongJun_ws/ros2_ws/install/yolov8_msgs/include/yolov8_msgs/msg/detail/vector2__type_support.hpp
[1.514s] -- Up-to-date symlink: /home/aiv/YongJun_ws/ros2_ws/install/yolov8_msgs/include/yolov8_msgs/msg/detection.hpp
[1.514s] -- Up-to-date symlink: /home/aiv/YongJun_ws/ros2_ws/install/yolov8_msgs/include/yolov8_msgs/msg/detection_array.hpp
[1.514s] -- Up-to-date symlink: /home/aiv/YongJun_ws/ros2_ws/install/yolov8_msgs/include/yolov8_msgs/msg/key_point2_d.hpp
[1.514s] -- Up-to-date symlink: /home/aiv/YongJun_ws/ros2_ws/install/yolov8_msgs/include/yolov8_msgs/msg/key_point2_d_array.hpp
[1.515s] -- Up-to-date symlink: /home/aiv/YongJun_ws/ros2_ws/install/yolov8_msgs/include/yolov8_msgs/msg/key_point3_d.hpp
[1.515s] -- Up-to-date symlink: /home/aiv/YongJun_ws/ros2_ws/install/yolov8_msgs/include/yolov8_msgs/msg/key_point3_d_array.hpp
[1.515s] -- Up-to-date symlink: /home/aiv/YongJun_ws/ros2_ws/install/yolov8_msgs/include/yolov8_msgs/msg/mask.hpp
[1.516s] -- Up-to-date symlink: /home/aiv/YongJun_ws/ros2_ws/install/yolov8_msgs/include/yolov8_msgs/msg/point2_d.hpp
[1.516s] -- Up-to-date symlink: /home/aiv/YongJun_ws/ros2_ws/install/yolov8_msgs/include/yolov8_msgs/msg/pose2_d.hpp
[1.516s] -- Up-to-date symlink: /home/aiv/YongJun_ws/ros2_ws/install/yolov8_msgs/include/yolov8_msgs/msg/rosidl_generator_cpp__visibility_control.hpp
[1.516s] -- Up-to-date symlink: /home/aiv/YongJun_ws/ros2_ws/install/yolov8_msgs/include/yolov8_msgs/msg/vector2.hpp
[1.516s] -- Up-to-date symlink: /home/aiv/YongJun_ws/ros2_ws/install/yolov8_msgs/include/yolov8_msgs/msg/detail/bounding_box2_d__rosidl_typesupport_introspection_cpp.hpp
[1.516s] -- Up-to-date symlink: /home/aiv/YongJun_ws/ros2_ws/install/yolov8_msgs/include/yolov8_msgs/msg/detail/bounding_box3_d__rosidl_typesupport_introspection_cpp.hpp
[1.516s] -- Up-to-date symlink: /home/aiv/YongJun_ws/ros2_ws/install/yolov8_msgs/include/yolov8_msgs/msg/detail/detection__rosidl_typesupport_introspection_cpp.hpp
[1.516s] -- Up-to-date symlink: /home/aiv/YongJun_ws/ros2_ws/install/yolov8_msgs/include/yolov8_msgs/msg/detail/detection_array__rosidl_typesupport_introspection_cpp.hpp
[1.516s] -- Up-to-date symlink: /home/aiv/YongJun_ws/ros2_ws/install/yolov8_msgs/include/yolov8_msgs/msg/detail/key_point2_d__rosidl_typesupport_introspection_cpp.hpp
[1.516s] -- Up-to-date symlink: /home/aiv/YongJun_ws/ros2_ws/install/yolov8_msgs/include/yolov8_msgs/msg/detail/key_point2_d_array__rosidl_typesupport_introspection_cpp.hpp
[1.516s] -- Up-to-date symlink: /home/aiv/YongJun_ws/ros2_ws/install/yolov8_msgs/include/yolov8_msgs/msg/detail/key_point3_d__rosidl_typesupport_introspection_cpp.hpp
[1.517s] -- Up-to-date symlink: /home/aiv/YongJun_ws/ros2_ws/install/yolov8_msgs/include/yolov8_msgs/msg/detail/key_point3_d_array__rosidl_typesupport_introspection_cpp.hpp
[1.517s] -- Up-to-date symlink: /home/aiv/YongJun_ws/ros2_ws/install/yolov8_msgs/include/yolov8_msgs/msg/detail/mask__rosidl_typesupport_introspection_cpp.hpp
[1.517s] -- Up-to-date symlink: /home/aiv/YongJun_ws/ros2_ws/install/yolov8_msgs/include/yolov8_msgs/msg/detail/point2_d__rosidl_typesupport_introspection_cpp.hpp
[1.517s] -- Up-to-date symlink: /home/aiv/YongJun_ws/ros2_ws/install/yolov8_msgs/include/yolov8_msgs/msg/detail/pose2_d__rosidl_typesupport_introspection_cpp.hpp
[1.517s] -- Up-to-date symlink: /home/aiv/YongJun_ws/ros2_ws/install/yolov8_msgs/include/yolov8_msgs/msg/detail/vector2__rosidl_typesupport_introspection_cpp.hpp
[1.517s] -- Up-to-date symlink: /home/aiv/YongJun_ws/ros2_ws/install/yolov8_msgs/share/yolov8_msgs/environment/pythonpath.sh
[1.517s] -- Up-to-date symlink: /home/aiv/YongJun_ws/ros2_ws/install/yolov8_msgs/share/yolov8_msgs/environment/pythonpath.dsv
[1.518s] -- Up-to-date symlink: /home/aiv/YongJun_ws/ros2_ws/install/yolov8_msgs/lib/python3.8/site-packages/yolov8_msgs/__init__.py
[1.518s] -- Up-to-date symlink: /home/aiv/YongJun_ws/ros2_ws/install/yolov8_msgs/lib/python3.8/site-packages/yolov8_msgs/msg/__init__.py
[1.518s] -- Up-to-date symlink: /home/aiv/YongJun_ws/ros2_ws/install/yolov8_msgs/lib/python3.8/site-packages/yolov8_msgs/msg/_bounding_box2_d.py
[1.518s] -- Up-to-date symlink: /home/aiv/YongJun_ws/ros2_ws/install/yolov8_msgs/lib/python3.8/site-packages/yolov8_msgs/msg/_bounding_box3_d.py
[1.519s] -- Up-to-date symlink: /home/aiv/YongJun_ws/ros2_ws/install/yolov8_msgs/lib/python3.8/site-packages/yolov8_msgs/msg/_detection.py
[1.519s] -- Up-to-date symlink: /home/aiv/YongJun_ws/ros2_ws/install/yolov8_msgs/lib/python3.8/site-packages/yolov8_msgs/msg/_detection_array.py
[1.519s] -- Up-to-date symlink: /home/aiv/YongJun_ws/ros2_ws/install/yolov8_msgs/lib/python3.8/site-packages/yolov8_msgs/msg/_key_point2_d.py
[1.519s] -- Up-to-date symlink: /home/aiv/YongJun_ws/ros2_ws/install/yolov8_msgs/lib/python3.8/site-packages/yolov8_msgs/msg/_key_point2_d_array.py
[1.520s] -- Up-to-date symlink: /home/aiv/YongJun_ws/ros2_ws/install/yolov8_msgs/lib/python3.8/site-packages/yolov8_msgs/msg/_key_point3_d.py
[1.520s] -- Up-to-date symlink: /home/aiv/YongJun_ws/ros2_ws/install/yolov8_msgs/lib/python3.8/site-packages/yolov8_msgs/msg/_key_point3_d_array.py
[1.520s] -- Up-to-date symlink: /home/aiv/YongJun_ws/ros2_ws/install/yolov8_msgs/lib/python3.8/site-packages/yolov8_msgs/msg/_mask.py
[1.520s] -- Up-to-date symlink: /home/aiv/YongJun_ws/ros2_ws/install/yolov8_msgs/lib/python3.8/site-packages/yolov8_msgs/msg/_point2_d.py
[1.521s] -- Up-to-date symlink: /home/aiv/YongJun_ws/ros2_ws/install/yolov8_msgs/lib/python3.8/site-packages/yolov8_msgs/msg/_pose2_d.py
[1.521s] -- Up-to-date symlink: /home/aiv/YongJun_ws/ros2_ws/install/yolov8_msgs/lib/python3.8/site-packages/yolov8_msgs/msg/_vector2.py
[1.522s] -- Up-to-date symlink: /home/aiv/YongJun_ws/ros2_ws/install/yolov8_msgs/lib/python3.8/site-packages/yolov8_msgs/yolov8_msgs_s__rosidl_typesupport_fastrtps_c.cpython-38-x86_64-linux-gnu.so
[1.522s] -- Up-to-date symlink: /home/aiv/YongJun_ws/ros2_ws/install/yolov8_msgs/lib/python3.8/site-packages/yolov8_msgs/yolov8_msgs_s__rosidl_typesupport_introspection_c.cpython-38-x86_64-linux-gnu.so
[1.522s] -- Up-to-date symlink: /home/aiv/YongJun_ws/ros2_ws/install/yolov8_msgs/lib/python3.8/site-packages/yolov8_msgs/yolov8_msgs_s__rosidl_typesupport_c.cpython-38-x86_64-linux-gnu.so
[1.522s] -- Up-to-date symlink: /home/aiv/YongJun_ws/ros2_ws/install/yolov8_msgs/lib/libyolov8_msgs__python.so
[1.523s] -- Up-to-date symlink: /home/aiv/YongJun_ws/ros2_ws/install/yolov8_msgs/share/yolov8_msgs/msg/Point2D.idl
[1.523s] -- Up-to-date symlink: /home/aiv/YongJun_ws/ros2_ws/install/yolov8_msgs/share/yolov8_msgs/msg/Vector2.idl
[1.523s] -- Up-to-date symlink: /home/aiv/YongJun_ws/ros2_ws/install/yolov8_msgs/share/yolov8_msgs/msg/Pose2D.idl
[1.524s] -- Up-to-date symlink: /home/aiv/YongJun_ws/ros2_ws/install/yolov8_msgs/share/yolov8_msgs/msg/BoundingBox2D.idl
[1.524s] -- Up-to-date symlink: /home/aiv/YongJun_ws/ros2_ws/install/yolov8_msgs/share/yolov8_msgs/msg/BoundingBox3D.idl
[1.524s] -- Up-to-date symlink: /home/aiv/YongJun_ws/ros2_ws/install/yolov8_msgs/share/yolov8_msgs/msg/Mask.idl
[1.524s] -- Up-to-date symlink: /home/aiv/YongJun_ws/ros2_ws/install/yolov8_msgs/share/yolov8_msgs/msg/KeyPoint2D.idl
[1.524s] -- Up-to-date symlink: /home/aiv/YongJun_ws/ros2_ws/install/yolov8_msgs/share/yolov8_msgs/msg/KeyPoint2DArray.idl
[1.525s] -- Up-to-date symlink: /home/aiv/YongJun_ws/ros2_ws/install/yolov8_msgs/share/yolov8_msgs/msg/KeyPoint3D.idl
[1.525s] -- Up-to-date symlink: /home/aiv/YongJun_ws/ros2_ws/install/yolov8_msgs/share/yolov8_msgs/msg/KeyPoint3DArray.idl
[1.525s] -- Up-to-date symlink: /home/aiv/YongJun_ws/ros2_ws/install/yolov8_msgs/share/yolov8_msgs/msg/Detection.idl
[1.525s] -- Up-to-date symlink: /home/aiv/YongJun_ws/ros2_ws/install/yolov8_msgs/share/yolov8_msgs/msg/DetectionArray.idl
[1.525s] -- Up-to-date symlink: /home/aiv/YongJun_ws/ros2_ws/install/yolov8_msgs/share/yolov8_msgs/msg/Point2D.msg
[1.526s] -- Up-to-date symlink: /home/aiv/YongJun_ws/ros2_ws/install/yolov8_msgs/share/yolov8_msgs/msg/Vector2.msg
[1.526s] -- Up-to-date symlink: /home/aiv/YongJun_ws/ros2_ws/install/yolov8_msgs/share/yolov8_msgs/msg/Pose2D.msg
[1.526s] -- Up-to-date symlink: /home/aiv/YongJun_ws/ros2_ws/install/yolov8_msgs/share/yolov8_msgs/msg/BoundingBox2D.msg
[1.526s] -- Up-to-date symlink: /home/aiv/YongJun_ws/ros2_ws/install/yolov8_msgs/share/yolov8_msgs/msg/BoundingBox3D.msg
[1.526s] -- Up-to-date symlink: /home/aiv/YongJun_ws/ros2_ws/install/yolov8_msgs/share/yolov8_msgs/msg/Mask.msg
[1.527s] -- Up-to-date symlink: /home/aiv/YongJun_ws/ros2_ws/install/yolov8_msgs/share/yolov8_msgs/msg/KeyPoint2D.msg
[1.527s] -- Up-to-date symlink: /home/aiv/YongJun_ws/ros2_ws/install/yolov8_msgs/share/yolov8_msgs/msg/KeyPoint2DArray.msg
[1.528s] -- Up-to-date symlink: /home/aiv/YongJun_ws/ros2_ws/install/yolov8_msgs/share/yolov8_msgs/msg/KeyPoint3D.msg
[1.528s] -- Up-to-date symlink: /home/aiv/YongJun_ws/ros2_ws/install/yolov8_msgs/share/yolov8_msgs/msg/KeyPoint3DArray.msg
[1.528s] -- Up-to-date symlink: /home/aiv/YongJun_ws/ros2_ws/install/yolov8_msgs/share/yolov8_msgs/msg/Detection.msg
[1.528s] -- Up-to-date symlink: /home/aiv/YongJun_ws/ros2_ws/install/yolov8_msgs/share/yolov8_msgs/msg/DetectionArray.msg
[1.528s] -- Up-to-date symlink: /home/aiv/YongJun_ws/ros2_ws/install/yolov8_msgs/share/ament_index/resource_index/package_run_dependencies/yolov8_msgs
[1.528s] -- Up-to-date symlink: /home/aiv/YongJun_ws/ros2_ws/install/yolov8_msgs/share/ament_index/resource_index/parent_prefix_path/yolov8_msgs
[1.529s] -- Up-to-date symlink: /home/aiv/YongJun_ws/ros2_ws/install/yolov8_msgs/share/yolov8_msgs/environment/ament_prefix_path.sh
[1.529s] -- Up-to-date symlink: /home/aiv/YongJun_ws/ros2_ws/install/yolov8_msgs/share/yolov8_msgs/environment/ament_prefix_path.dsv
[1.529s] -- Up-to-date symlink: /home/aiv/YongJun_ws/ros2_ws/install/yolov8_msgs/share/yolov8_msgs/environment/path.sh
[1.529s] -- Up-to-date symlink: /home/aiv/YongJun_ws/ros2_ws/install/yolov8_msgs/share/yolov8_msgs/environment/path.dsv
[1.529s] -- Up-to-date symlink: /home/aiv/YongJun_ws/ros2_ws/install/yolov8_msgs/share/yolov8_msgs/local_setup.bash
[1.529s] -- Up-to-date symlink: /home/aiv/YongJun_ws/ros2_ws/install/yolov8_msgs/share/yolov8_msgs/local_setup.sh
[1.530s] -- Up-to-date symlink: /home/aiv/YongJun_ws/ros2_ws/install/yolov8_msgs/share/yolov8_msgs/local_setup.zsh
[1.530s] -- Up-to-date symlink: /home/aiv/YongJun_ws/ros2_ws/install/yolov8_msgs/share/yolov8_msgs/local_setup.dsv
[1.530s] -- Symlinking: /home/aiv/YongJun_ws/ros2_ws/install/yolov8_msgs/share/yolov8_msgs/package.dsv
[1.536s] -- Up-to-date symlink: /home/aiv/YongJun_ws/ros2_ws/install/yolov8_msgs/share/ament_index/resource_index/packages/yolov8_msgs
[1.536s] -- Up-to-date symlink: /home/aiv/YongJun_ws/ros2_ws/install/yolov8_msgs/share/yolov8_msgs/cmake/rosidl_cmake-extras.cmake
[1.537s] -- Up-to-date symlink: /home/aiv/YongJun_ws/ros2_ws/install/yolov8_msgs/share/yolov8_msgs/cmake/ament_cmake_export_dependencies-extras.cmake
[1.537s] -- Up-to-date symlink: /home/aiv/YongJun_ws/ros2_ws/install/yolov8_msgs/share/yolov8_msgs/cmake/ament_cmake_export_libraries-extras.cmake
[1.537s] -- Up-to-date symlink: /home/aiv/YongJun_ws/ros2_ws/install/yolov8_msgs/share/yolov8_msgs/cmake/ament_cmake_export_targets-extras.cmake
[1.538s] -- Up-to-date symlink: /home/aiv/YongJun_ws/ros2_ws/install/yolov8_msgs/share/yolov8_msgs/cmake/ament_cmake_export_include_directories-extras.cmake
[1.538s] -- Up-to-date symlink: /home/aiv/YongJun_ws/ros2_ws/install/yolov8_msgs/share/yolov8_msgs/cmake/rosidl_cmake_export_typesupport_libraries-extras.cmake
[1.538s] -- Up-to-date symlink: /home/aiv/YongJun_ws/ros2_ws/install/yolov8_msgs/share/yolov8_msgs/cmake/rosidl_cmake_export_typesupport_targets-extras.cmake
[1.539s] -- Up-to-date symlink: /home/aiv/YongJun_ws/ros2_ws/install/yolov8_msgs/share/yolov8_msgs/cmake/yolov8_msgsConfig.cmake
[1.539s] -- Up-to-date symlink: /home/aiv/YongJun_ws/ros2_ws/install/yolov8_msgs/share/yolov8_msgs/cmake/yolov8_msgsConfig-version.cmake
[1.539s] -- Up-to-date symlink: /home/aiv/YongJun_ws/ros2_ws/install/yolov8_msgs/share/yolov8_msgs/package.xml
[1.540s] -- Up-to-date: /home/aiv/YongJun_ws/ros2_ws/install/yolov8_msgs/lib/libyolov8_msgs__rosidl_generator_c.so
[1.540s] -- Up-to-date: /home/aiv/YongJun_ws/ros2_ws/install/yolov8_msgs/lib/libyolov8_msgs__rosidl_typesupport_introspection_c.so
[1.541s] -- Up-to-date: /home/aiv/YongJun_ws/ros2_ws/install/yolov8_msgs/lib/libyolov8_msgs__rosidl_typesupport_c.so
[1.542s] -- Up-to-date: /home/aiv/YongJun_ws/ros2_ws/install/yolov8_msgs/lib/libyolov8_msgs__rosidl_typesupport_introspection_cpp.so
[1.543s] -- Up-to-date: /home/aiv/YongJun_ws/ros2_ws/install/yolov8_msgs/lib/libyolov8_msgs__rosidl_typesupport_cpp.so
[1.565s] Compiling '/home/aiv/YongJun_ws/ros2_ws/install/yolov8_msgs/lib/python3.8/site-packages/yolov8_msgs/__init__.py'...
[1.568s] -- Up-to-date: /home/aiv/YongJun_ws/ros2_ws/install/yolov8_msgs/share/yolov8_msgs/cmake/yolov8_msgs__rosidl_generator_cExport.cmake
[1.568s] -- Installing: /home/aiv/YongJun_ws/ros2_ws/install/yolov8_msgs/share/yolov8_msgs/cmake/yolov8_msgs__rosidl_generator_cExport-noconfig.cmake
[1.569s] -- Up-to-date: /home/aiv/YongJun_ws/ros2_ws/install/yolov8_msgs/share/yolov8_msgs/cmake/yolov8_msgs__rosidl_typesupport_introspection_cExport.cmake
[1.569s] -- Installing: /home/aiv/YongJun_ws/ros2_ws/install/yolov8_msgs/share/yolov8_msgs/cmake/yolov8_msgs__rosidl_typesupport_introspection_cExport-noconfig.cmake
[1.569s] -- Up-to-date: /home/aiv/YongJun_ws/ros2_ws/install/yolov8_msgs/share/yolov8_msgs/cmake/yolov8_msgs__rosidl_typesupport_cExport.cmake
[1.569s] -- Installing: /home/aiv/YongJun_ws/ros2_ws/install/yolov8_msgs/share/yolov8_msgs/cmake/yolov8_msgs__rosidl_typesupport_cExport-noconfig.cmake
[1.569s] -- Up-to-date: /home/aiv/YongJun_ws/ros2_ws/install/yolov8_msgs/share/yolov8_msgs/cmake/yolov8_msgs__rosidl_generator_cppExport.cmake
[1.569s] -- Up-to-date: /home/aiv/YongJun_ws/ros2_ws/install/yolov8_msgs/share/yolov8_msgs/cmake/yolov8_msgs__rosidl_typesupport_introspection_cppExport.cmake
[1.569s] -- Installing: /home/aiv/YongJun_ws/ros2_ws/install/yolov8_msgs/share/yolov8_msgs/cmake/yolov8_msgs__rosidl_typesupport_introspection_cppExport-noconfig.cmake
[1.569s] -- Up-to-date: /home/aiv/YongJun_ws/ros2_ws/install/yolov8_msgs/share/yolov8_msgs/cmake/yolov8_msgs__rosidl_typesupport_cppExport.cmake
[1.570s] -- Installing: /home/aiv/YongJun_ws/ros2_ws/install/yolov8_msgs/share/yolov8_msgs/cmake/yolov8_msgs__rosidl_typesupport_cppExport-noconfig.cmake
[1.571s] Invoked command in '/home/aiv/YongJun_ws/ros2_ws/build/yolov8_msgs' returned '0': CMAKE_PREFIX_PATH=${CMAKE_PREFIX_PATH}:/home/aiv/YongJun_ws/ros2_ws/install/yolov8_ros:/opt/ros/foxy /usr/bin/cmake --install /home/aiv/YongJun_ws/ros2_ws/build/yolov8_msgs
