[0.029s] Invoking command in '/home/aiv/YongJun_ws/ros2_ws/build/zed_multi_camera': AMENT_PREFIX_PATH=/home/aiv/YongJun_ws/ros2_ws/install/zed_wrapper:/home/aiv/YongJun_ws/ros2_ws/install/zed_components:/home/aiv/YongJun_ws/ros2_ws/install/zed_interfaces:${AMENT_PREFIX_PATH} CMAKE_PREFIX_PATH=/home/aiv/YongJun_ws/ros2_ws/install/zed_wrapper:/home/aiv/YongJun_ws/ros2_ws/install/zed_components:/home/aiv/YongJun_ws/ros2_ws/install/zed_interfaces:/opt/ros/foxy LD_LIBRARY_PATH=/home/aiv/YongJun_ws/ros2_ws/install/zed_components/lib:/home/aiv/YongJun_ws/ros2_ws/install/zed_interfaces/lib:/opt/ros/foxy/opt/yaml_cpp_vendor/lib:/opt/ros/foxy/opt/rviz_ogre_vendor/lib:/opt/ros/foxy/lib/x86_64-linux-gnu:/opt/ros/foxy/lib:/usr/local/cuda/lib64 PYTHONPATH=/home/aiv/YongJun_ws/ros2_ws/install/zed_interfaces/lib/python3.8/site-packages:${PYTHONPATH} /usr/bin/cmake --build /home/aiv/YongJun_ws/ros2_ws/build/zed_multi_camera -- -j32 -l32
[0.054s] Invoked command in '/home/aiv/YongJun_ws/ros2_ws/build/zed_multi_camera' returned '0': AMENT_PREFIX_PATH=/home/aiv/YongJun_ws/ros2_ws/install/zed_wrapper:/home/aiv/YongJun_ws/ros2_ws/install/zed_components:/home/aiv/YongJun_ws/ros2_ws/install/zed_interfaces:${AMENT_PREFIX_PATH} CMAKE_PREFIX_PATH=/home/aiv/YongJun_ws/ros2_ws/install/zed_wrapper:/home/aiv/YongJun_ws/ros2_ws/install/zed_components:/home/aiv/YongJun_ws/ros2_ws/install/zed_interfaces:/opt/ros/foxy LD_LIBRARY_PATH=/home/aiv/YongJun_ws/ros2_ws/install/zed_components/lib:/home/aiv/YongJun_ws/ros2_ws/install/zed_interfaces/lib:/opt/ros/foxy/opt/yaml_cpp_vendor/lib:/opt/ros/foxy/opt/rviz_ogre_vendor/lib:/opt/ros/foxy/lib/x86_64-linux-gnu:/opt/ros/foxy/lib:/usr/local/cuda/lib64 PYTHONPATH=/home/aiv/YongJun_ws/ros2_ws/install/zed_interfaces/lib/python3.8/site-packages:${PYTHONPATH} /usr/bin/cmake --build /home/aiv/YongJun_ws/ros2_ws/build/zed_multi_camera -- -j32 -l32
[0.079s] Invoking command in '/home/aiv/YongJun_ws/ros2_ws/build/zed_multi_camera': AMENT_PREFIX_PATH=/home/aiv/YongJun_ws/ros2_ws/install/zed_wrapper:/home/aiv/YongJun_ws/ros2_ws/install/zed_components:/home/aiv/YongJun_ws/ros2_ws/install/zed_interfaces:${AMENT_PREFIX_PATH} CMAKE_PREFIX_PATH=/home/aiv/YongJun_ws/ros2_ws/install/zed_wrapper:/home/aiv/YongJun_ws/ros2_ws/install/zed_components:/home/aiv/YongJun_ws/ros2_ws/install/zed_interfaces:/opt/ros/foxy LD_LIBRARY_PATH=/home/aiv/YongJun_ws/ros2_ws/install/zed_components/lib:/home/aiv/YongJun_ws/ros2_ws/install/zed_interfaces/lib:/opt/ros/foxy/opt/yaml_cpp_vendor/lib:/opt/ros/foxy/opt/rviz_ogre_vendor/lib:/opt/ros/foxy/lib/x86_64-linux-gnu:/opt/ros/foxy/lib:/usr/local/cuda/lib64 PYTHONPATH=/home/aiv/YongJun_ws/ros2_ws/install/zed_interfaces/lib/python3.8/site-packages:${PYTHONPATH} /usr/bin/cmake --install /home/aiv/YongJun_ws/ros2_ws/build/zed_multi_camera
[0.089s] -- Install configuration: ""
[0.089s] -- Up-to-date: /home/aiv/YongJun_ws/ros2_ws/install/zed_multi_camera/share/zed_multi_camera/launch
[0.089s] -- Up-to-date: /home/aiv/YongJun_ws/ros2_ws/install/zed_multi_camera/share/zed_multi_camera/launch/zed_multi_camera.launch.py
[0.089s] -- Up-to-date: /home/aiv/YongJun_ws/ros2_ws/install/zed_multi_camera/share/zed_multi_camera/urdf
[0.089s] -- Up-to-date: /home/aiv/YongJun_ws/ros2_ws/install/zed_multi_camera/share/zed_multi_camera/urdf/zed_multi.urdf.xacro
[0.089s] -- Up-to-date: /home/aiv/YongJun_ws/ros2_ws/install/zed_multi_camera/share/zed_multi_camera/urdf/urdf.urdf
[0.089s] -- Up-to-date: /home/aiv/YongJun_ws/ros2_ws/install/zed_multi_camera/share/ament_index/resource_index/package_run_dependencies/zed_multi_camera
[0.089s] -- Up-to-date: /home/aiv/YongJun_ws/ros2_ws/install/zed_multi_camera/share/ament_index/resource_index/parent_prefix_path/zed_multi_camera
[0.090s] -- Up-to-date: /home/aiv/YongJun_ws/ros2_ws/install/zed_multi_camera/share/zed_multi_camera/environment/ament_prefix_path.sh
[0.090s] -- Up-to-date: /home/aiv/YongJun_ws/ros2_ws/install/zed_multi_camera/share/zed_multi_camera/environment/ament_prefix_path.dsv
[0.090s] -- Up-to-date: /home/aiv/YongJun_ws/ros2_ws/install/zed_multi_camera/share/zed_multi_camera/environment/path.sh
[0.090s] -- Up-to-date: /home/aiv/YongJun_ws/ros2_ws/install/zed_multi_camera/share/zed_multi_camera/environment/path.dsv
[0.090s] -- Up-to-date: /home/aiv/YongJun_ws/ros2_ws/install/zed_multi_camera/share/zed_multi_camera/local_setup.bash
[0.090s] -- Up-to-date: /home/aiv/YongJun_ws/ros2_ws/install/zed_multi_camera/share/zed_multi_camera/local_setup.sh
[0.090s] -- Up-to-date: /home/aiv/YongJun_ws/ros2_ws/install/zed_multi_camera/share/zed_multi_camera/local_setup.zsh
[0.090s] -- Up-to-date: /home/aiv/YongJun_ws/ros2_ws/install/zed_multi_camera/share/zed_multi_camera/local_setup.dsv
[0.090s] -- Installing: /home/aiv/YongJun_ws/ros2_ws/install/zed_multi_camera/share/zed_multi_camera/package.dsv
[0.090s] -- Up-to-date: /home/aiv/YongJun_ws/ros2_ws/install/zed_multi_camera/share/ament_index/resource_index/packages/zed_multi_camera
[0.090s] -- Up-to-date: /home/aiv/YongJun_ws/ros2_ws/install/zed_multi_camera/share/zed_multi_camera/cmake/zed_multi_cameraConfig.cmake
[0.090s] -- Up-to-date: /home/aiv/YongJun_ws/ros2_ws/install/zed_multi_camera/share/zed_multi_camera/cmake/zed_multi_cameraConfig-version.cmake
[0.090s] -- Up-to-date: /home/aiv/YongJun_ws/ros2_ws/install/zed_multi_camera/share/zed_multi_camera/package.xml
[0.100s] Invoked command in '/home/aiv/YongJun_ws/ros2_ws/build/zed_multi_camera' returned '0': AMENT_PREFIX_PATH=/home/aiv/YongJun_ws/ros2_ws/install/zed_wrapper:/home/aiv/YongJun_ws/ros2_ws/install/zed_components:/home/aiv/YongJun_ws/ros2_ws/install/zed_interfaces:${AMENT_PREFIX_PATH} CMAKE_PREFIX_PATH=/home/aiv/YongJun_ws/ros2_ws/install/zed_wrapper:/home/aiv/YongJun_ws/ros2_ws/install/zed_components:/home/aiv/YongJun_ws/ros2_ws/install/zed_interfaces:/opt/ros/foxy LD_LIBRARY_PATH=/home/aiv/YongJun_ws/ros2_ws/install/zed_components/lib:/home/aiv/YongJun_ws/ros2_ws/install/zed_interfaces/lib:/opt/ros/foxy/opt/yaml_cpp_vendor/lib:/opt/ros/foxy/opt/rviz_ogre_vendor/lib:/opt/ros/foxy/lib/x86_64-linux-gnu:/opt/ros/foxy/lib:/usr/local/cuda/lib64 PYTHONPATH=/home/aiv/YongJun_ws/ros2_ws/install/zed_interfaces/lib/python3.8/site-packages:${PYTHONPATH} /usr/bin/cmake --install /home/aiv/YongJun_ws/ros2_ws/build/zed_multi_camera
