[0.036s] Invoking command in '/home/aiv/YongJun_ws/ros2_ws/build/zed_tutorial_video': CMAKE_PREFIX_PATH=${CMAKE_PREFIX_PATH}:/home/aiv/YongJun_ws/ros2_ws/install/yolov8_ros:/opt/ros/foxy /usr/bin/cmake --build /home/aiv/YongJun_ws/ros2_ws/build/zed_tutorial_video -- -j32 -l32
[0.089s] [100%] Built target zed_tutorial_video
[0.130s] Invoked command in '/home/aiv/YongJun_ws/ros2_ws/build/zed_tutorial_video' returned '0': CMAKE_PREFIX_PATH=${CMAKE_PREFIX_PATH}:/home/aiv/YongJun_ws/ros2_ws/install/yolov8_ros:/opt/ros/foxy /usr/bin/cmake --build /home/aiv/YongJun_ws/ros2_ws/build/zed_tutorial_video -- -j32 -l32
[0.172s] Invoking command in '/home/aiv/YongJun_ws/ros2_ws/build/zed_tutorial_video': CMAKE_PREFIX_PATH=${CMAKE_PREFIX_PATH}:/home/aiv/YongJun_ws/ros2_ws/install/yolov8_ros:/opt/ros/foxy /usr/bin/cmake --install /home/aiv/YongJun_ws/ros2_ws/build/zed_tutorial_video
[0.187s] -- Install configuration: "Release"
[0.188s] -- Up-to-date: /home/aiv/YongJun_ws/ros2_ws/install/zed_tutorial_video/lib/zed_tutorial_video/zed_tutorial_video
[0.188s] -- Up-to-date: /home/aiv/YongJun_ws/ros2_ws/install/zed_tutorial_video/share/ament_index/resource_index/package_run_dependencies/zed_tutorial_video
[0.188s] -- Up-to-date: /home/aiv/YongJun_ws/ros2_ws/install/zed_tutorial_video/share/ament_index/resource_index/parent_prefix_path/zed_tutorial_video
[0.188s] -- Up-to-date: /home/aiv/YongJun_ws/ros2_ws/install/zed_tutorial_video/share/zed_tutorial_video/environment/ament_prefix_path.sh
[0.188s] -- Up-to-date: /home/aiv/YongJun_ws/ros2_ws/install/zed_tutorial_video/share/zed_tutorial_video/environment/ament_prefix_path.dsv
[0.188s] -- Up-to-date: /home/aiv/YongJun_ws/ros2_ws/install/zed_tutorial_video/share/zed_tutorial_video/environment/path.sh
[0.188s] -- Up-to-date: /home/aiv/YongJun_ws/ros2_ws/install/zed_tutorial_video/share/zed_tutorial_video/environment/path.dsv
[0.188s] -- Up-to-date: /home/aiv/YongJun_ws/ros2_ws/install/zed_tutorial_video/share/zed_tutorial_video/local_setup.bash
[0.189s] -- Up-to-date: /home/aiv/YongJun_ws/ros2_ws/install/zed_tutorial_video/share/zed_tutorial_video/local_setup.sh
[0.189s] -- Up-to-date: /home/aiv/YongJun_ws/ros2_ws/install/zed_tutorial_video/share/zed_tutorial_video/local_setup.zsh
[0.189s] -- Up-to-date: /home/aiv/YongJun_ws/ros2_ws/install/zed_tutorial_video/share/zed_tutorial_video/local_setup.dsv
[0.190s] -- Installing: /home/aiv/YongJun_ws/ros2_ws/install/zed_tutorial_video/share/zed_tutorial_video/package.dsv
[0.190s] -- Up-to-date: /home/aiv/YongJun_ws/ros2_ws/install/zed_tutorial_video/share/ament_index/resource_index/packages/zed_tutorial_video
[0.190s] -- Up-to-date: /home/aiv/YongJun_ws/ros2_ws/install/zed_tutorial_video/share/zed_tutorial_video/cmake/zed_tutorial_videoConfig.cmake
[0.190s] -- Up-to-date: /home/aiv/YongJun_ws/ros2_ws/install/zed_tutorial_video/share/zed_tutorial_video/cmake/zed_tutorial_videoConfig-version.cmake
[0.190s] -- Up-to-date: /home/aiv/YongJun_ws/ros2_ws/install/zed_tutorial_video/share/zed_tutorial_video/package.xml
[0.214s] Invoked command in '/home/aiv/YongJun_ws/ros2_ws/build/zed_tutorial_video' returned '0': CMAKE_PREFIX_PATH=${CMAKE_PREFIX_PATH}:/home/aiv/YongJun_ws/ros2_ws/install/yolov8_ros:/opt/ros/foxy /usr/bin/cmake --install /home/aiv/YongJun_ws/ros2_ws/build/zed_tutorial_video
