[0.126s] DEBUG:colcon:Command line arguments: ['/usr/bin/colcon', 'build', '--symlink-install']
[0.126s] DEBUG:colcon:Parsed command line arguments: Namespace(allow_overriding=[], ament_cmake_args=None, base_paths=['.'], build_base='build', catkin_cmake_args=None, catkin_skip_building_tests=False, cmake_args=None, cmake_clean_cache=False, cmake_clean_first=False, cmake_force_configure=False, cmake_target=None, cmake_target_skip_unavailable=False, continue_on_error=False, event_handlers=None, executor='parallel', ignore_user_meta=False, install_base='install', log_base=None, log_level=None, main=<bound method BuildVerb.main of <colcon_core.verb.build.BuildVerb object at 0x7f9a75bd54c0>>, merge_install=False, metas=['./colcon.meta'], mixin=None, mixin_files=None, mixin_verb=('build',), packages_above=None, packages_above_and_dependencies=None, packages_above_depth=None, packages_end=None, packages_ignore=None, packages_ignore_regex=None, packages_select=None, packages_select_build_failed=False, packages_select_by_dep=None, packages_select_regex=None, packages_select_test_failures=False, packages_skip=None, packages_skip_build_finished=False, packages_skip_by_dep=None, packages_skip_regex=None, packages_skip_test_passed=False, packages_skip_up_to=None, packages_start=None, packages_up_to=None, packages_up_to_regex=None, parallel_workers=32, paths=None, symlink_install=True, test_result_base=None, verb_extension=<colcon_core.verb.build.BuildVerb object at 0x7f9a75bd54c0>, verb_name='build', verb_parser=<colcon_mixin.mixin.mixin_argument.MixinArgumentDecorator object at 0x7f9a75bd5b20>)
[0.216s] Level 1:colcon.colcon_core.package_discovery:discover_packages(colcon_meta) check parameters
[0.216s] Level 1:colcon.colcon_core.package_discovery:discover_packages(recursive) check parameters
[0.216s] Level 1:colcon.colcon_core.package_discovery:discover_packages(ignore) check parameters
[0.216s] Level 1:colcon.colcon_core.package_discovery:discover_packages(path) check parameters
[0.216s] Level 1:colcon.colcon_core.package_discovery:discover_packages(colcon_meta) discover
[0.216s] Level 1:colcon.colcon_core.package_discovery:discover_packages(recursive) discover
[0.216s] INFO:colcon.colcon_core.package_discovery:Crawling recursively for packages in '/home/aiv/YongJun_ws/matlab/AutoL_LiDAR'
[0.216s] Level 1:colcon.colcon_core.package_identification:_identify(.) by extensions ['ignore', 'ignore_ament_install']
[0.216s] Level 1:colcon.colcon_core.package_identification:_identify(.) by extension 'ignore'
[0.216s] Level 1:colcon.colcon_core.package_identification:_identify(.) by extension 'ignore_ament_install'
[0.216s] Level 1:colcon.colcon_core.package_identification:_identify(.) by extensions ['colcon_pkg']
[0.216s] Level 1:colcon.colcon_core.package_identification:_identify(.) by extension 'colcon_pkg'
[0.216s] Level 1:colcon.colcon_core.package_identification:_identify(.) by extensions ['colcon_meta']
[0.216s] Level 1:colcon.colcon_core.package_identification:_identify(.) by extension 'colcon_meta'
[0.216s] Level 1:colcon.colcon_core.package_identification:_identify(.) by extensions ['ros']
[0.216s] Level 1:colcon.colcon_core.package_identification:_identify(.) by extension 'ros'
[0.223s] Level 1:colcon.colcon_core.package_identification:_identify(.) by extensions ['cmake', 'python']
[0.223s] Level 1:colcon.colcon_core.package_identification:_identify(.) by extension 'cmake'
[0.223s] Level 1:colcon.colcon_core.package_identification:_identify(.) by extension 'python'
[0.223s] Level 1:colcon.colcon_core.package_identification:_identify(.) by extensions ['python_setup_py']
[0.223s] Level 1:colcon.colcon_core.package_identification:_identify(.) by extension 'python_setup_py'
[0.223s] Level 1:colcon.colcon_core.package_identification:_identify(build) by extensions ['ignore', 'ignore_ament_install']
[0.223s] Level 1:colcon.colcon_core.package_identification:_identify(build) by extension 'ignore'
[0.223s] Level 1:colcon.colcon_core.package_identification:_identify(build) ignored
[0.224s] Level 1:colcon.colcon_core.package_identification:_identify(codegen) by extensions ['ignore', 'ignore_ament_install']
[0.224s] Level 1:colcon.colcon_core.package_identification:_identify(codegen) by extension 'ignore'
[0.224s] Level 1:colcon.colcon_core.package_identification:_identify(codegen) by extension 'ignore_ament_install'
[0.224s] Level 1:colcon.colcon_core.package_identification:_identify(codegen) by extensions ['colcon_pkg']
[0.224s] Level 1:colcon.colcon_core.package_identification:_identify(codegen) by extension 'colcon_pkg'
[0.224s] Level 1:colcon.colcon_core.package_identification:_identify(codegen) by extensions ['colcon_meta']
[0.224s] Level 1:colcon.colcon_core.package_identification:_identify(codegen) by extension 'colcon_meta'
[0.224s] Level 1:colcon.colcon_core.package_identification:_identify(codegen) by extensions ['ros']
[0.224s] Level 1:colcon.colcon_core.package_identification:_identify(codegen) by extension 'ros'
[0.224s] Level 1:colcon.colcon_core.package_identification:_identify(codegen) by extensions ['cmake', 'python']
[0.224s] Level 1:colcon.colcon_core.package_identification:_identify(codegen) by extension 'cmake'
[0.224s] Level 1:colcon.colcon_core.package_identification:_identify(codegen) by extension 'python'
[0.224s] Level 1:colcon.colcon_core.package_identification:_identify(codegen) by extensions ['python_setup_py']
[0.224s] Level 1:colcon.colcon_core.package_identification:_identify(codegen) by extension 'python_setup_py'
[0.224s] Level 1:colcon.colcon_core.package_identification:_identify(codegen/exe) by extensions ['ignore', 'ignore_ament_install']
[0.224s] Level 1:colcon.colcon_core.package_identification:_identify(codegen/exe) by extension 'ignore'
[0.224s] Level 1:colcon.colcon_core.package_identification:_identify(codegen/exe) by extension 'ignore_ament_install'
[0.224s] Level 1:colcon.colcon_core.package_identification:_identify(codegen/exe) by extensions ['colcon_pkg']
[0.224s] Level 1:colcon.colcon_core.package_identification:_identify(codegen/exe) by extension 'colcon_pkg'
[0.224s] Level 1:colcon.colcon_core.package_identification:_identify(codegen/exe) by extensions ['colcon_meta']
[0.224s] Level 1:colcon.colcon_core.package_identification:_identify(codegen/exe) by extension 'colcon_meta'
[0.224s] Level 1:colcon.colcon_core.package_identification:_identify(codegen/exe) by extensions ['ros']
[0.224s] Level 1:colcon.colcon_core.package_identification:_identify(codegen/exe) by extension 'ros'
[0.224s] Level 1:colcon.colcon_core.package_identification:_identify(codegen/exe) by extensions ['cmake', 'python']
[0.224s] Level 1:colcon.colcon_core.package_identification:_identify(codegen/exe) by extension 'cmake'
[0.224s] Level 1:colcon.colcon_core.package_identification:_identify(codegen/exe) by extension 'python'
[0.224s] Level 1:colcon.colcon_core.package_identification:_identify(codegen/exe) by extensions ['python_setup_py']
[0.224s] Level 1:colcon.colcon_core.package_identification:_identify(codegen/exe) by extension 'python_setup_py'
[0.224s] Level 1:colcon.colcon_core.package_identification:_identify(codegen/exe/deployedPointPillarModel) by extensions ['ignore', 'ignore_ament_install']
[0.224s] Level 1:colcon.colcon_core.package_identification:_identify(codegen/exe/deployedPointPillarModel) by extension 'ignore'
[0.225s] Level 1:colcon.colcon_core.package_identification:_identify(codegen/exe/deployedPointPillarModel) by extension 'ignore_ament_install'
[0.225s] Level 1:colcon.colcon_core.package_identification:_identify(codegen/exe/deployedPointPillarModel) by extensions ['colcon_pkg']
[0.225s] Level 1:colcon.colcon_core.package_identification:_identify(codegen/exe/deployedPointPillarModel) by extension 'colcon_pkg'
[0.225s] Level 1:colcon.colcon_core.package_identification:_identify(codegen/exe/deployedPointPillarModel) by extensions ['colcon_meta']
[0.225s] Level 1:colcon.colcon_core.package_identification:_identify(codegen/exe/deployedPointPillarModel) by extension 'colcon_meta'
[0.225s] Level 1:colcon.colcon_core.package_identification:_identify(codegen/exe/deployedPointPillarModel) by extensions ['ros']
[0.225s] Level 1:colcon.colcon_core.package_identification:_identify(codegen/exe/deployedPointPillarModel) by extension 'ros'
[0.225s] Level 1:colcon.colcon_core.package_identification:_identify(codegen/exe/deployedPointPillarModel) by extensions ['cmake', 'python']
[0.225s] Level 1:colcon.colcon_core.package_identification:_identify(codegen/exe/deployedPointPillarModel) by extension 'cmake'
[0.225s] Level 1:colcon.colcon_core.package_identification:_identify(codegen/exe/deployedPointPillarModel) by extension 'python'
[0.225s] Level 1:colcon.colcon_core.package_identification:_identify(codegen/exe/deployedPointPillarModel) by extensions ['python_setup_py']
[0.225s] Level 1:colcon.colcon_core.package_identification:_identify(codegen/exe/deployedPointPillarModel) by extension 'python_setup_py'
[0.225s] Level 1:colcon.colcon_core.package_identification:_identify(codegen/exe/deployedPointPillarModel/examples) by extensions ['ignore', 'ignore_ament_install']
[0.225s] Level 1:colcon.colcon_core.package_identification:_identify(codegen/exe/deployedPointPillarModel/examples) by extension 'ignore'
[0.225s] Level 1:colcon.colcon_core.package_identification:_identify(codegen/exe/deployedPointPillarModel/examples) by extension 'ignore_ament_install'
[0.225s] Level 1:colcon.colcon_core.package_identification:_identify(codegen/exe/deployedPointPillarModel/examples) by extensions ['colcon_pkg']
[0.225s] Level 1:colcon.colcon_core.package_identification:_identify(codegen/exe/deployedPointPillarModel/examples) by extension 'colcon_pkg'
[0.225s] Level 1:colcon.colcon_core.package_identification:_identify(codegen/exe/deployedPointPillarModel/examples) by extensions ['colcon_meta']
[0.225s] Level 1:colcon.colcon_core.package_identification:_identify(codegen/exe/deployedPointPillarModel/examples) by extension 'colcon_meta'
[0.225s] Level 1:colcon.colcon_core.package_identification:_identify(codegen/exe/deployedPointPillarModel/examples) by extensions ['ros']
[0.225s] Level 1:colcon.colcon_core.package_identification:_identify(codegen/exe/deployedPointPillarModel/examples) by extension 'ros'
[0.225s] Level 1:colcon.colcon_core.package_identification:_identify(codegen/exe/deployedPointPillarModel/examples) by extensions ['cmake', 'python']
[0.225s] Level 1:colcon.colcon_core.package_identification:_identify(codegen/exe/deployedPointPillarModel/examples) by extension 'cmake'
[0.225s] Level 1:colcon.colcon_core.package_identification:_identify(codegen/exe/deployedPointPillarModel/examples) by extension 'python'
[0.225s] Level 1:colcon.colcon_core.package_identification:_identify(codegen/exe/deployedPointPillarModel/examples) by extensions ['python_setup_py']
[0.225s] Level 1:colcon.colcon_core.package_identification:_identify(codegen/exe/deployedPointPillarModel/examples) by extension 'python_setup_py'
[0.225s] Level 1:colcon.colcon_core.package_identification:_identify(codegen/exe/deployedPointPillarModel/html) by extensions ['ignore', 'ignore_ament_install']
[0.225s] Level 1:colcon.colcon_core.package_identification:_identify(codegen/exe/deployedPointPillarModel/html) by extension 'ignore'
[0.225s] Level 1:colcon.colcon_core.package_identification:_identify(codegen/exe/deployedPointPillarModel/html) by extension 'ignore_ament_install'
[0.225s] Level 1:colcon.colcon_core.package_identification:_identify(codegen/exe/deployedPointPillarModel/html) by extensions ['colcon_pkg']
[0.225s] Level 1:colcon.colcon_core.package_identification:_identify(codegen/exe/deployedPointPillarModel/html) by extension 'colcon_pkg'
[0.225s] Level 1:colcon.colcon_core.package_identification:_identify(codegen/exe/deployedPointPillarModel/html) by extensions ['colcon_meta']
[0.225s] Level 1:colcon.colcon_core.package_identification:_identify(codegen/exe/deployedPointPillarModel/html) by extension 'colcon_meta'
[0.225s] Level 1:colcon.colcon_core.package_identification:_identify(codegen/exe/deployedPointPillarModel/html) by extensions ['ros']
[0.225s] Level 1:colcon.colcon_core.package_identification:_identify(codegen/exe/deployedPointPillarModel/html) by extension 'ros'
[0.225s] Level 1:colcon.colcon_core.package_identification:_identify(codegen/exe/deployedPointPillarModel/html) by extensions ['cmake', 'python']
[0.225s] Level 1:colcon.colcon_core.package_identification:_identify(codegen/exe/deployedPointPillarModel/html) by extension 'cmake'
[0.225s] Level 1:colcon.colcon_core.package_identification:_identify(codegen/exe/deployedPointPillarModel/html) by extension 'python'
[0.225s] Level 1:colcon.colcon_core.package_identification:_identify(codegen/exe/deployedPointPillarModel/html) by extensions ['python_setup_py']
[0.225s] Level 1:colcon.colcon_core.package_identification:_identify(codegen/exe/deployedPointPillarModel/html) by extension 'python_setup_py'
[0.226s] Level 1:colcon.colcon_core.package_identification:_identify(codegen/exe/deployedPointPillarModel/interface) by extensions ['ignore', 'ignore_ament_install']
[0.226s] Level 1:colcon.colcon_core.package_identification:_identify(codegen/exe/deployedPointPillarModel/interface) by extension 'ignore'
[0.226s] Level 1:colcon.colcon_core.package_identification:_identify(codegen/exe/deployedPointPillarModel/interface) by extension 'ignore_ament_install'
[0.226s] Level 1:colcon.colcon_core.package_identification:_identify(codegen/exe/deployedPointPillarModel/interface) by extensions ['colcon_pkg']
[0.226s] Level 1:colcon.colcon_core.package_identification:_identify(codegen/exe/deployedPointPillarModel/interface) by extension 'colcon_pkg'
[0.226s] Level 1:colcon.colcon_core.package_identification:_identify(codegen/exe/deployedPointPillarModel/interface) by extensions ['colcon_meta']
[0.226s] Level 1:colcon.colcon_core.package_identification:_identify(codegen/exe/deployedPointPillarModel/interface) by extension 'colcon_meta'
[0.226s] Level 1:colcon.colcon_core.package_identification:_identify(codegen/exe/deployedPointPillarModel/interface) by extensions ['ros']
[0.226s] Level 1:colcon.colcon_core.package_identification:_identify(codegen/exe/deployedPointPillarModel/interface) by extension 'ros'
[0.226s] Level 1:colcon.colcon_core.package_identification:_identify(codegen/exe/deployedPointPillarModel/interface) by extensions ['cmake', 'python']
[0.226s] Level 1:colcon.colcon_core.package_identification:_identify(codegen/exe/deployedPointPillarModel/interface) by extension 'cmake'
[0.226s] Level 1:colcon.colcon_core.package_identification:_identify(codegen/exe/deployedPointPillarModel/interface) by extension 'python'
[0.226s] Level 1:colcon.colcon_core.package_identification:_identify(codegen/exe/deployedPointPillarModel/interface) by extensions ['python_setup_py']
[0.226s] Level 1:colcon.colcon_core.package_identification:_identify(codegen/exe/deployedPointPillarModel/interface) by extension 'python_setup_py'
[0.226s] Level 1:colcon.colcon_core.package_identification:_identify(install) by extensions ['ignore', 'ignore_ament_install']
[0.226s] Level 1:colcon.colcon_core.package_identification:_identify(install) by extension 'ignore'
[0.226s] Level 1:colcon.colcon_core.package_identification:_identify(install) ignored
[0.226s] Level 1:colcon.colcon_core.package_identification:_identify(log) by extensions ['ignore', 'ignore_ament_install']
[0.226s] Level 1:colcon.colcon_core.package_identification:_identify(log) by extension 'ignore'
[0.226s] Level 1:colcon.colcon_core.package_identification:_identify(log) ignored
[0.226s] Level 1:colcon.colcon_core.package_identification:_identify(msgdef) by extensions ['ignore', 'ignore_ament_install']
[0.226s] Level 1:colcon.colcon_core.package_identification:_identify(msgdef) by extension 'ignore'
[0.226s] Level 1:colcon.colcon_core.package_identification:_identify(msgdef) by extension 'ignore_ament_install'
[0.226s] Level 1:colcon.colcon_core.package_identification:_identify(msgdef) by extensions ['colcon_pkg']
[0.226s] Level 1:colcon.colcon_core.package_identification:_identify(msgdef) by extension 'colcon_pkg'
[0.226s] Level 1:colcon.colcon_core.package_identification:_identify(msgdef) by extensions ['colcon_meta']
[0.226s] Level 1:colcon.colcon_core.package_identification:_identify(msgdef) by extension 'colcon_meta'
[0.226s] Level 1:colcon.colcon_core.package_identification:_identify(msgdef) by extensions ['ros']
[0.226s] Level 1:colcon.colcon_core.package_identification:_identify(msgdef) by extension 'ros'
[0.226s] Level 1:colcon.colcon_core.package_identification:_identify(msgdef) by extensions ['cmake', 'python']
[0.226s] Level 1:colcon.colcon_core.package_identification:_identify(msgdef) by extension 'cmake'
[0.226s] Level 1:colcon.colcon_core.package_identification:_identify(msgdef) by extension 'python'
[0.226s] Level 1:colcon.colcon_core.package_identification:_identify(msgdef) by extensions ['python_setup_py']
[0.226s] Level 1:colcon.colcon_core.package_identification:_identify(msgdef) by extension 'python_setup_py'
[0.226s] Level 1:colcon.colcon_core.package_identification:_identify(src) by extensions ['ignore', 'ignore_ament_install']
[0.226s] Level 1:colcon.colcon_core.package_identification:_identify(src) by extension 'ignore'
[0.227s] Level 1:colcon.colcon_core.package_identification:_identify(src) by extension 'ignore_ament_install'
[0.227s] Level 1:colcon.colcon_core.package_identification:_identify(src) by extensions ['colcon_pkg']
[0.227s] Level 1:colcon.colcon_core.package_identification:_identify(src) by extension 'colcon_pkg'
[0.227s] Level 1:colcon.colcon_core.package_identification:_identify(src) by extensions ['colcon_meta']
[0.227s] Level 1:colcon.colcon_core.package_identification:_identify(src) by extension 'colcon_meta'
[0.227s] Level 1:colcon.colcon_core.package_identification:_identify(src) by extensions ['ros']
[0.227s] Level 1:colcon.colcon_core.package_identification:_identify(src) by extension 'ros'
[0.227s] Level 1:colcon.colcon_core.package_identification:_identify(src) by extensions ['cmake', 'python']
[0.227s] Level 1:colcon.colcon_core.package_identification:_identify(src) by extension 'cmake'
[0.227s] Level 1:colcon.colcon_core.package_identification:_identify(src) by extension 'python'
[0.227s] Level 1:colcon.colcon_core.package_identification:_identify(src) by extensions ['python_setup_py']
[0.227s] Level 1:colcon.colcon_core.package_identification:_identify(src) by extension 'python_setup_py'
[0.227s] Level 1:colcon.colcon_core.package_identification:_identify(src/deployedpointpillarmodel) by extensions ['ignore', 'ignore_ament_install']
[0.227s] Level 1:colcon.colcon_core.package_identification:_identify(src/deployedpointpillarmodel) by extension 'ignore'
[0.227s] Level 1:colcon.colcon_core.package_identification:_identify(src/deployedpointpillarmodel) by extension 'ignore_ament_install'
[0.227s] Level 1:colcon.colcon_core.package_identification:_identify(src/deployedpointpillarmodel) by extensions ['colcon_pkg']
[0.227s] Level 1:colcon.colcon_core.package_identification:_identify(src/deployedpointpillarmodel) by extension 'colcon_pkg'
[0.227s] Level 1:colcon.colcon_core.package_identification:_identify(src/deployedpointpillarmodel) by extensions ['colcon_meta']
[0.227s] Level 1:colcon.colcon_core.package_identification:_identify(src/deployedpointpillarmodel) by extension 'colcon_meta'
[0.227s] Level 1:colcon.colcon_core.package_identification:_identify(src/deployedpointpillarmodel) by extensions ['ros']
[0.227s] Level 1:colcon.colcon_core.package_identification:_identify(src/deployedpointpillarmodel) by extension 'ros'
[0.229s] DEBUG:colcon.colcon_core.package_identification:Package 'src/deployedpointpillarmodel' with type 'ros.ament_cmake' and name 'deployedpointpillarmodel'
[0.229s] Level 1:colcon.colcon_core.package_identification:_identify(src/vision_msgs) by extensions ['ignore', 'ignore_ament_install']
[0.229s] Level 1:colcon.colcon_core.package_identification:_identify(src/vision_msgs) by extension 'ignore'
[0.229s] Level 1:colcon.colcon_core.package_identification:_identify(src/vision_msgs) by extension 'ignore_ament_install'
[0.229s] Level 1:colcon.colcon_core.package_identification:_identify(src/vision_msgs) by extensions ['colcon_pkg']
[0.229s] Level 1:colcon.colcon_core.package_identification:_identify(src/vision_msgs) by extension 'colcon_pkg'
[0.229s] Level 1:colcon.colcon_core.package_identification:_identify(src/vision_msgs) by extensions ['colcon_meta']
[0.229s] Level 1:colcon.colcon_core.package_identification:_identify(src/vision_msgs) by extension 'colcon_meta'
[0.229s] Level 1:colcon.colcon_core.package_identification:_identify(src/vision_msgs) by extensions ['ros']
[0.229s] Level 1:colcon.colcon_core.package_identification:_identify(src/vision_msgs) by extension 'ros'
[0.229s] DEBUG:colcon.colcon_core.package_identification:Package 'src/vision_msgs' with type 'ros.ament_cmake' and name 'vision_msgs'
[0.229s] Level 1:colcon.colcon_core.package_discovery:discover_packages(recursive) using defaults
[0.229s] Level 1:colcon.colcon_core.package_discovery:discover_packages(ignore) discover
[0.229s] Level 1:colcon.colcon_core.package_discovery:discover_packages(ignore) using defaults
[0.229s] Level 1:colcon.colcon_core.package_discovery:discover_packages(path) discover
[0.229s] Level 1:colcon.colcon_core.package_discovery:discover_packages(path) using defaults
[0.240s] Level 1:colcon.colcon_core.package_discovery:discover_packages(prefix_path) check parameters
[0.240s] Level 1:colcon.colcon_core.package_discovery:discover_packages(prefix_path) discover
[0.241s] DEBUG:colcon.colcon_installed_package_information.package_discovery:Found 263 installed packages in /opt/ros/foxy
[0.246s] Level 1:colcon.colcon_core.package_discovery:discover_packages(prefix_path) using defaults
[0.275s] Level 5:colcon.colcon_core.verb:set package 'vision_msgs' build argument 'cmake_args' from command line to 'None'
[0.275s] Level 5:colcon.colcon_core.verb:set package 'vision_msgs' build argument 'cmake_target' from command line to 'None'
[0.275s] Level 5:colcon.colcon_core.verb:set package 'vision_msgs' build argument 'cmake_target_skip_unavailable' from command line to 'False'
[0.275s] Level 5:colcon.colcon_core.verb:set package 'vision_msgs' build argument 'cmake_clean_cache' from command line to 'False'
[0.275s] Level 5:colcon.colcon_core.verb:set package 'vision_msgs' build argument 'cmake_clean_first' from command line to 'False'
[0.275s] Level 5:colcon.colcon_core.verb:set package 'vision_msgs' build argument 'cmake_force_configure' from command line to 'False'
[0.275s] Level 5:colcon.colcon_core.verb:set package 'vision_msgs' build argument 'ament_cmake_args' from command line to 'None'
[0.276s] Level 5:colcon.colcon_core.verb:set package 'vision_msgs' build argument 'catkin_cmake_args' from command line to 'None'
[0.276s] Level 5:colcon.colcon_core.verb:set package 'vision_msgs' build argument 'catkin_skip_building_tests' from command line to 'False'
[0.276s] DEBUG:colcon.colcon_core.verb:Building package 'vision_msgs' with the following arguments: {'ament_cmake_args': None, 'build_base': '/home/aiv/YongJun_ws/matlab/AutoL_LiDAR/build/vision_msgs', 'catkin_cmake_args': None, 'catkin_skip_building_tests': False, 'cmake_args': None, 'cmake_clean_cache': False, 'cmake_clean_first': False, 'cmake_force_configure': False, 'cmake_target': None, 'cmake_target_skip_unavailable': False, 'install_base': '/home/aiv/YongJun_ws/matlab/AutoL_LiDAR/install/vision_msgs', 'merge_install': False, 'path': '/home/aiv/YongJun_ws/matlab/AutoL_LiDAR/src/vision_msgs', 'symlink_install': True, 'test_result_base': None}
[0.276s] Level 5:colcon.colcon_core.verb:set package 'deployedpointpillarmodel' build argument 'cmake_args' from command line to 'None'
[0.276s] Level 5:colcon.colcon_core.verb:set package 'deployedpointpillarmodel' build argument 'cmake_target' from command line to 'None'
[0.276s] Level 5:colcon.colcon_core.verb:set package 'deployedpointpillarmodel' build argument 'cmake_target_skip_unavailable' from command line to 'False'
[0.276s] Level 5:colcon.colcon_core.verb:set package 'deployedpointpillarmodel' build argument 'cmake_clean_cache' from command line to 'False'
[0.276s] Level 5:colcon.colcon_core.verb:set package 'deployedpointpillarmodel' build argument 'cmake_clean_first' from command line to 'False'
[0.276s] Level 5:colcon.colcon_core.verb:set package 'deployedpointpillarmodel' build argument 'cmake_force_configure' from command line to 'False'
[0.276s] Level 5:colcon.colcon_core.verb:set package 'deployedpointpillarmodel' build argument 'ament_cmake_args' from command line to 'None'
[0.276s] Level 5:colcon.colcon_core.verb:set package 'deployedpointpillarmodel' build argument 'catkin_cmake_args' from command line to 'None'
[0.276s] Level 5:colcon.colcon_core.verb:set package 'deployedpointpillarmodel' build argument 'catkin_skip_building_tests' from command line to 'False'
[0.276s] DEBUG:colcon.colcon_core.verb:Building package 'deployedpointpillarmodel' with the following arguments: {'ament_cmake_args': None, 'build_base': '/home/aiv/YongJun_ws/matlab/AutoL_LiDAR/build/deployedpointpillarmodel', 'catkin_cmake_args': None, 'catkin_skip_building_tests': False, 'cmake_args': None, 'cmake_clean_cache': False, 'cmake_clean_first': False, 'cmake_force_configure': False, 'cmake_target': None, 'cmake_target_skip_unavailable': False, 'install_base': '/home/aiv/YongJun_ws/matlab/AutoL_LiDAR/install/deployedpointpillarmodel', 'merge_install': False, 'path': '/home/aiv/YongJun_ws/matlab/AutoL_LiDAR/src/deployedpointpillarmodel', 'symlink_install': True, 'test_result_base': None}
[0.276s] INFO:colcon.colcon_core.executor:Executing jobs using 'parallel' executor
[0.277s] DEBUG:colcon.colcon_parallel_executor.executor.parallel:run_until_complete
[0.277s] INFO:colcon.colcon_ros.task.ament_cmake.build:Building ROS package in '/home/aiv/YongJun_ws/matlab/AutoL_LiDAR/src/vision_msgs' with build type 'ament_cmake'
[0.277s] INFO:colcon.colcon_cmake.task.cmake.build:Building CMake package in '/home/aiv/YongJun_ws/matlab/AutoL_LiDAR/src/vision_msgs'
[0.278s] INFO:colcon.colcon_core.plugin_system:Skipping extension 'colcon_core.shell.bat': Not used on non-Windows systems
[0.278s] INFO:colcon.colcon_core.shell:Skip shell extension 'powershell' for command environment: Not usable outside of PowerShell
[0.278s] DEBUG:colcon.colcon_core.shell:Skip shell extension 'dsv' for command environment
[0.284s] DEBUG:colcon.colcon_core.event_handler.log_command:Invoking command in '/home/aiv/YongJun_ws/matlab/AutoL_LiDAR/build/vision_msgs': CMAKE_PREFIX_PATH=/opt/ros/foxy /usr/bin/cmake /home/aiv/YongJun_ws/matlab/AutoL_LiDAR/src/vision_msgs -DAMENT_CMAKE_SYMLINK_INSTALL=1 -DCMAKE_INSTALL_PREFIX=/home/aiv/YongJun_ws/matlab/AutoL_LiDAR/install/vision_msgs
[1.617s] DEBUG:colcon.colcon_core.event_handler.log_command:Invoked command in '/home/aiv/YongJun_ws/matlab/AutoL_LiDAR/build/vision_msgs' returned '0': CMAKE_PREFIX_PATH=/opt/ros/foxy /usr/bin/cmake /home/aiv/YongJun_ws/matlab/AutoL_LiDAR/src/vision_msgs -DAMENT_CMAKE_SYMLINK_INSTALL=1 -DCMAKE_INSTALL_PREFIX=/home/aiv/YongJun_ws/matlab/AutoL_LiDAR/install/vision_msgs
[1.617s] DEBUG:colcon.colcon_core.event_handler.log_command:Invoking command in '/home/aiv/YongJun_ws/matlab/AutoL_LiDAR/build/vision_msgs': CMAKE_PREFIX_PATH=/opt/ros/foxy /usr/bin/cmake --build /home/aiv/YongJun_ws/matlab/AutoL_LiDAR/build/vision_msgs -- -j32 -l32
[4.318s] DEBUG:colcon.colcon_core.event_handler.log_command:Invoked command in '/home/aiv/YongJun_ws/matlab/AutoL_LiDAR/build/vision_msgs' returned '0': CMAKE_PREFIX_PATH=/opt/ros/foxy /usr/bin/cmake --build /home/aiv/YongJun_ws/matlab/AutoL_LiDAR/build/vision_msgs -- -j32 -l32
[4.375s] DEBUG:colcon.colcon_core.event_handler.log_command:Invoking command in '/home/aiv/YongJun_ws/matlab/AutoL_LiDAR/build/vision_msgs': CMAKE_PREFIX_PATH=/opt/ros/foxy /usr/bin/cmake --install /home/aiv/YongJun_ws/matlab/AutoL_LiDAR/build/vision_msgs
[5.003s] Level 1:colcon.colcon_core.environment:create_environment_scripts_only(vision_msgs)
[5.004s] DEBUG:colcon.colcon_core.event_handler.log_command:Invoked command in '/home/aiv/YongJun_ws/matlab/AutoL_LiDAR/build/vision_msgs' returned '0': CMAKE_PREFIX_PATH=/opt/ros/foxy /usr/bin/cmake --install /home/aiv/YongJun_ws/matlab/AutoL_LiDAR/build/vision_msgs
[5.005s] Level 1:colcon.colcon_core.environment:checking '/home/aiv/YongJun_ws/matlab/AutoL_LiDAR/install/vision_msgs' for CMake module files
[5.006s] Level 1:colcon.colcon_core.environment:checking '/home/aiv/YongJun_ws/matlab/AutoL_LiDAR/install/vision_msgs' for CMake config files
[5.006s] Level 1:colcon.colcon_core.shell:create_environment_hook('vision_msgs', 'cmake_prefix_path')
[5.006s] INFO:colcon.colcon_core.shell:Creating environment hook '/home/aiv/YongJun_ws/matlab/AutoL_LiDAR/install/vision_msgs/share/vision_msgs/hook/cmake_prefix_path.ps1'
[5.007s] INFO:colcon.colcon_core.shell:Creating environment descriptor '/home/aiv/YongJun_ws/matlab/AutoL_LiDAR/install/vision_msgs/share/vision_msgs/hook/cmake_prefix_path.dsv'
[5.007s] INFO:colcon.colcon_core.shell:Creating environment hook '/home/aiv/YongJun_ws/matlab/AutoL_LiDAR/install/vision_msgs/share/vision_msgs/hook/cmake_prefix_path.sh'
[5.007s] Level 1:colcon.colcon_core.environment:checking '/home/aiv/YongJun_ws/matlab/AutoL_LiDAR/install/vision_msgs/lib'
[5.008s] Level 1:colcon.colcon_core.shell:create_environment_hook('vision_msgs', 'ld_library_path_lib')
[5.008s] INFO:colcon.colcon_core.shell:Creating environment hook '/home/aiv/YongJun_ws/matlab/AutoL_LiDAR/install/vision_msgs/share/vision_msgs/hook/ld_library_path_lib.ps1'
[5.008s] INFO:colcon.colcon_core.shell:Creating environment descriptor '/home/aiv/YongJun_ws/matlab/AutoL_LiDAR/install/vision_msgs/share/vision_msgs/hook/ld_library_path_lib.dsv'
[5.008s] INFO:colcon.colcon_core.shell:Creating environment hook '/home/aiv/YongJun_ws/matlab/AutoL_LiDAR/install/vision_msgs/share/vision_msgs/hook/ld_library_path_lib.sh'
[5.008s] Level 1:colcon.colcon_core.environment:checking '/home/aiv/YongJun_ws/matlab/AutoL_LiDAR/install/vision_msgs/bin'
[5.008s] Level 1:colcon.colcon_core.environment:checking '/home/aiv/YongJun_ws/matlab/AutoL_LiDAR/install/vision_msgs/lib/pkgconfig/vision_msgs.pc'
[5.008s] Level 1:colcon.colcon_core.environment:checking '/home/aiv/YongJun_ws/matlab/AutoL_LiDAR/install/vision_msgs/lib/python3.8/site-packages'
[5.008s] Level 1:colcon.colcon_core.shell:create_environment_hook('vision_msgs', 'pythonpath')
[5.008s] INFO:colcon.colcon_core.shell:Creating environment hook '/home/aiv/YongJun_ws/matlab/AutoL_LiDAR/install/vision_msgs/share/vision_msgs/hook/pythonpath.ps1'
[5.009s] INFO:colcon.colcon_core.shell:Creating environment descriptor '/home/aiv/YongJun_ws/matlab/AutoL_LiDAR/install/vision_msgs/share/vision_msgs/hook/pythonpath.dsv'
[5.009s] INFO:colcon.colcon_core.shell:Creating environment hook '/home/aiv/YongJun_ws/matlab/AutoL_LiDAR/install/vision_msgs/share/vision_msgs/hook/pythonpath.sh'
[5.009s] Level 1:colcon.colcon_core.environment:checking '/home/aiv/YongJun_ws/matlab/AutoL_LiDAR/install/vision_msgs/bin'
[5.009s] INFO:colcon.colcon_core.shell:Creating package script '/home/aiv/YongJun_ws/matlab/AutoL_LiDAR/install/vision_msgs/share/vision_msgs/package.ps1'
[5.010s] INFO:colcon.colcon_core.shell:Creating package descriptor '/home/aiv/YongJun_ws/matlab/AutoL_LiDAR/install/vision_msgs/share/vision_msgs/package.dsv'
[5.010s] INFO:colcon.colcon_core.shell:Creating package script '/home/aiv/YongJun_ws/matlab/AutoL_LiDAR/install/vision_msgs/share/vision_msgs/package.sh'
[5.010s] INFO:colcon.colcon_core.shell:Creating package script '/home/aiv/YongJun_ws/matlab/AutoL_LiDAR/install/vision_msgs/share/vision_msgs/package.bash'
[5.010s] INFO:colcon.colcon_core.shell:Creating package script '/home/aiv/YongJun_ws/matlab/AutoL_LiDAR/install/vision_msgs/share/vision_msgs/package.zsh'
[5.011s] Level 1:colcon.colcon_core.environment:create_file_with_runtime_dependencies(/home/aiv/YongJun_ws/matlab/AutoL_LiDAR/install/vision_msgs/share/colcon-core/packages/vision_msgs)
[5.062s] Level 1:colcon.colcon_core.environment:create_environment_scripts_only(vision_msgs)
[5.062s] Level 1:colcon.colcon_core.environment:checking '/home/aiv/YongJun_ws/matlab/AutoL_LiDAR/install/vision_msgs' for CMake module files
[5.062s] Level 1:colcon.colcon_core.environment:checking '/home/aiv/YongJun_ws/matlab/AutoL_LiDAR/install/vision_msgs' for CMake config files
[5.063s] Level 1:colcon.colcon_core.shell:create_environment_hook('vision_msgs', 'cmake_prefix_path')
[5.063s] INFO:colcon.colcon_core.shell:Creating environment hook '/home/aiv/YongJun_ws/matlab/AutoL_LiDAR/install/vision_msgs/share/vision_msgs/hook/cmake_prefix_path.ps1'
[5.063s] INFO:colcon.colcon_core.shell:Creating environment descriptor '/home/aiv/YongJun_ws/matlab/AutoL_LiDAR/install/vision_msgs/share/vision_msgs/hook/cmake_prefix_path.dsv'
[5.063s] INFO:colcon.colcon_core.shell:Creating environment hook '/home/aiv/YongJun_ws/matlab/AutoL_LiDAR/install/vision_msgs/share/vision_msgs/hook/cmake_prefix_path.sh'
[5.063s] Level 1:colcon.colcon_core.environment:checking '/home/aiv/YongJun_ws/matlab/AutoL_LiDAR/install/vision_msgs/lib'
[5.064s] Level 1:colcon.colcon_core.shell:create_environment_hook('vision_msgs', 'ld_library_path_lib')
[5.064s] INFO:colcon.colcon_core.shell:Creating environment hook '/home/aiv/YongJun_ws/matlab/AutoL_LiDAR/install/vision_msgs/share/vision_msgs/hook/ld_library_path_lib.ps1'
[5.064s] INFO:colcon.colcon_core.shell:Creating environment descriptor '/home/aiv/YongJun_ws/matlab/AutoL_LiDAR/install/vision_msgs/share/vision_msgs/hook/ld_library_path_lib.dsv'
[5.064s] INFO:colcon.colcon_core.shell:Creating environment hook '/home/aiv/YongJun_ws/matlab/AutoL_LiDAR/install/vision_msgs/share/vision_msgs/hook/ld_library_path_lib.sh'
[5.064s] Level 1:colcon.colcon_core.environment:checking '/home/aiv/YongJun_ws/matlab/AutoL_LiDAR/install/vision_msgs/bin'
[5.064s] Level 1:colcon.colcon_core.environment:checking '/home/aiv/YongJun_ws/matlab/AutoL_LiDAR/install/vision_msgs/lib/pkgconfig/vision_msgs.pc'
[5.064s] Level 1:colcon.colcon_core.environment:checking '/home/aiv/YongJun_ws/matlab/AutoL_LiDAR/install/vision_msgs/lib/python3.8/site-packages'
[5.064s] Level 1:colcon.colcon_core.shell:create_environment_hook('vision_msgs', 'pythonpath')
[5.064s] INFO:colcon.colcon_core.shell:Creating environment hook '/home/aiv/YongJun_ws/matlab/AutoL_LiDAR/install/vision_msgs/share/vision_msgs/hook/pythonpath.ps1'
[5.065s] INFO:colcon.colcon_core.shell:Creating environment descriptor '/home/aiv/YongJun_ws/matlab/AutoL_LiDAR/install/vision_msgs/share/vision_msgs/hook/pythonpath.dsv'
[5.065s] INFO:colcon.colcon_core.shell:Creating environment hook '/home/aiv/YongJun_ws/matlab/AutoL_LiDAR/install/vision_msgs/share/vision_msgs/hook/pythonpath.sh'
[5.065s] Level 1:colcon.colcon_core.environment:checking '/home/aiv/YongJun_ws/matlab/AutoL_LiDAR/install/vision_msgs/bin'
[5.065s] INFO:colcon.colcon_core.shell:Creating package script '/home/aiv/YongJun_ws/matlab/AutoL_LiDAR/install/vision_msgs/share/vision_msgs/package.ps1'
[5.065s] INFO:colcon.colcon_core.shell:Creating package descriptor '/home/aiv/YongJun_ws/matlab/AutoL_LiDAR/install/vision_msgs/share/vision_msgs/package.dsv'
[5.066s] INFO:colcon.colcon_core.shell:Creating package script '/home/aiv/YongJun_ws/matlab/AutoL_LiDAR/install/vision_msgs/share/vision_msgs/package.sh'
[5.066s] INFO:colcon.colcon_core.shell:Creating package script '/home/aiv/YongJun_ws/matlab/AutoL_LiDAR/install/vision_msgs/share/vision_msgs/package.bash'
[5.066s] INFO:colcon.colcon_core.shell:Creating package script '/home/aiv/YongJun_ws/matlab/AutoL_LiDAR/install/vision_msgs/share/vision_msgs/package.zsh'
[5.066s] Level 1:colcon.colcon_core.environment:create_file_with_runtime_dependencies(/home/aiv/YongJun_ws/matlab/AutoL_LiDAR/install/vision_msgs/share/colcon-core/packages/vision_msgs)
[5.066s] INFO:colcon.colcon_ros.task.ament_cmake.build:Building ROS package in '/home/aiv/YongJun_ws/matlab/AutoL_LiDAR/src/deployedpointpillarmodel' with build type 'ament_cmake'
[5.066s] INFO:colcon.colcon_cmake.task.cmake.build:Building CMake package in '/home/aiv/YongJun_ws/matlab/AutoL_LiDAR/src/deployedpointpillarmodel'
[5.067s] INFO:colcon.colcon_core.shell:Skip shell extension 'powershell' for command environment: Not usable outside of PowerShell
[5.067s] DEBUG:colcon.colcon_core.shell:Skip shell extension 'dsv' for command environment
[5.074s] DEBUG:colcon.colcon_core.event_handler.log_command:Invoking command in '/home/aiv/YongJun_ws/matlab/AutoL_LiDAR/build/deployedpointpillarmodel': AMENT_PREFIX_PATH=/home/aiv/YongJun_ws/matlab/AutoL_LiDAR/install/vision_msgs:${AMENT_PREFIX_PATH} CMAKE_PREFIX_PATH=/home/aiv/YongJun_ws/matlab/AutoL_LiDAR/install/vision_msgs:/opt/ros/foxy LD_LIBRARY_PATH=/home/aiv/YongJun_ws/matlab/AutoL_LiDAR/install/vision_msgs/lib:${LD_LIBRARY_PATH} PYTHONPATH=/home/aiv/YongJun_ws/matlab/AutoL_LiDAR/install/vision_msgs/lib/python3.8/site-packages:${PYTHONPATH} /usr/bin/cmake /home/aiv/YongJun_ws/matlab/AutoL_LiDAR/src/deployedpointpillarmodel -DAMENT_CMAKE_SYMLINK_INSTALL=1 -DCMAKE_INSTALL_PREFIX=/home/aiv/YongJun_ws/matlab/AutoL_LiDAR/install/deployedpointpillarmodel
[7.453s] DEBUG:colcon.colcon_core.event_handler.log_command:Invoked command in '/home/aiv/YongJun_ws/matlab/AutoL_LiDAR/build/deployedpointpillarmodel' returned '0': AMENT_PREFIX_PATH=/home/aiv/YongJun_ws/matlab/AutoL_LiDAR/install/vision_msgs:${AMENT_PREFIX_PATH} CMAKE_PREFIX_PATH=/home/aiv/YongJun_ws/matlab/AutoL_LiDAR/install/vision_msgs:/opt/ros/foxy LD_LIBRARY_PATH=/home/aiv/YongJun_ws/matlab/AutoL_LiDAR/install/vision_msgs/lib:${LD_LIBRARY_PATH} PYTHONPATH=/home/aiv/YongJun_ws/matlab/AutoL_LiDAR/install/vision_msgs/lib/python3.8/site-packages:${PYTHONPATH} /usr/bin/cmake /home/aiv/YongJun_ws/matlab/AutoL_LiDAR/src/deployedpointpillarmodel -DAMENT_CMAKE_SYMLINK_INSTALL=1 -DCMAKE_INSTALL_PREFIX=/home/aiv/YongJun_ws/matlab/AutoL_LiDAR/install/deployedpointpillarmodel
[7.453s] DEBUG:colcon.colcon_core.event_handler.log_command:Invoking command in '/home/aiv/YongJun_ws/matlab/AutoL_LiDAR/build/deployedpointpillarmodel': AMENT_PREFIX_PATH=/home/aiv/YongJun_ws/matlab/AutoL_LiDAR/install/vision_msgs:${AMENT_PREFIX_PATH} CMAKE_PREFIX_PATH=/home/aiv/YongJun_ws/matlab/AutoL_LiDAR/install/vision_msgs:/opt/ros/foxy LD_LIBRARY_PATH=/home/aiv/YongJun_ws/matlab/AutoL_LiDAR/install/vision_msgs/lib:${LD_LIBRARY_PATH} PYTHONPATH=/home/aiv/YongJun_ws/matlab/AutoL_LiDAR/install/vision_msgs/lib/python3.8/site-packages:${PYTHONPATH} /usr/bin/cmake --build /home/aiv/YongJun_ws/matlab/AutoL_LiDAR/build/deployedpointpillarmodel -- -j32 -l32
[8.239s] DEBUG:colcon.colcon_core.event_handler.log_command:Invoked command in '/home/aiv/YongJun_ws/matlab/AutoL_LiDAR/build/deployedpointpillarmodel' returned '2': AMENT_PREFIX_PATH=/home/aiv/YongJun_ws/matlab/AutoL_LiDAR/install/vision_msgs:${AMENT_PREFIX_PATH} CMAKE_PREFIX_PATH=/home/aiv/YongJun_ws/matlab/AutoL_LiDAR/install/vision_msgs:/opt/ros/foxy LD_LIBRARY_PATH=/home/aiv/YongJun_ws/matlab/AutoL_LiDAR/install/vision_msgs/lib:${LD_LIBRARY_PATH} PYTHONPATH=/home/aiv/YongJun_ws/matlab/AutoL_LiDAR/install/vision_msgs/lib/python3.8/site-packages:${PYTHONPATH} /usr/bin/cmake --build /home/aiv/YongJun_ws/matlab/AutoL_LiDAR/build/deployedpointpillarmodel -- -j32 -l32
[8.325s] Level 1:colcon.colcon_core.environment:create_environment_scripts_only(deployedpointpillarmodel)
[8.325s] Level 1:colcon.colcon_core.environment:checking '/home/aiv/YongJun_ws/matlab/AutoL_LiDAR/install/deployedpointpillarmodel' for CMake module files
[8.326s] Level 1:colcon.colcon_core.environment:checking '/home/aiv/YongJun_ws/matlab/AutoL_LiDAR/install/deployedpointpillarmodel' for CMake config files
[8.326s] Level 1:colcon.colcon_core.environment:checking '/home/aiv/YongJun_ws/matlab/AutoL_LiDAR/install/deployedpointpillarmodel/bin'
[8.326s] Level 1:colcon.colcon_core.environment:checking '/home/aiv/YongJun_ws/matlab/AutoL_LiDAR/install/deployedpointpillarmodel/lib/pkgconfig/deployedpointpillarmodel.pc'
[8.326s] Level 1:colcon.colcon_core.environment:checking '/home/aiv/YongJun_ws/matlab/AutoL_LiDAR/install/deployedpointpillarmodel/lib/python3.8/site-packages'
[8.326s] Level 1:colcon.colcon_core.environment:checking '/home/aiv/YongJun_ws/matlab/AutoL_LiDAR/install/deployedpointpillarmodel/bin'
[8.326s] INFO:colcon.colcon_core.shell:Creating package script '/home/aiv/YongJun_ws/matlab/AutoL_LiDAR/install/deployedpointpillarmodel/share/deployedpointpillarmodel/package.ps1'
[8.327s] INFO:colcon.colcon_core.shell:Creating package descriptor '/home/aiv/YongJun_ws/matlab/AutoL_LiDAR/install/deployedpointpillarmodel/share/deployedpointpillarmodel/package.dsv'
[8.327s] INFO:colcon.colcon_core.shell:Creating package script '/home/aiv/YongJun_ws/matlab/AutoL_LiDAR/install/deployedpointpillarmodel/share/deployedpointpillarmodel/package.sh'
[8.327s] INFO:colcon.colcon_core.shell:Creating package script '/home/aiv/YongJun_ws/matlab/AutoL_LiDAR/install/deployedpointpillarmodel/share/deployedpointpillarmodel/package.bash'
[8.327s] INFO:colcon.colcon_core.shell:Creating package script '/home/aiv/YongJun_ws/matlab/AutoL_LiDAR/install/deployedpointpillarmodel/share/deployedpointpillarmodel/package.zsh'
[8.327s] Level 1:colcon.colcon_core.environment:create_file_with_runtime_dependencies(/home/aiv/YongJun_ws/matlab/AutoL_LiDAR/install/deployedpointpillarmodel/share/colcon-core/packages/deployedpointpillarmodel)
[8.338s] DEBUG:colcon.colcon_parallel_executor.executor.parallel:closing loop
[8.338s] DEBUG:colcon.colcon_parallel_executor.executor.parallel:loop closed
[8.338s] DEBUG:colcon.colcon_parallel_executor.executor.parallel:run_until_complete finished with '2'
[8.338s] DEBUG:colcon.colcon_core.event_reactor:joining thread
[8.345s] INFO:colcon.colcon_core.plugin_system:Skipping extension 'colcon_notification.desktop_notification.terminal_notifier': Not used on non-Darwin systems
[8.345s] INFO:colcon.colcon_core.plugin_system:Skipping extension 'colcon_notification.desktop_notification.win32': Not used on non-Windows systems
[8.345s] INFO:colcon.colcon_notification.desktop_notification:Sending desktop notification using 'notify2'
[8.369s] DEBUG:colcon.colcon_core.event_reactor:joined thread
[8.369s] INFO:colcon.colcon_core.shell:Creating prefix script '/home/aiv/YongJun_ws/matlab/AutoL_LiDAR/install/local_setup.ps1'
[8.369s] INFO:colcon.colcon_core.shell:Creating prefix util module '/home/aiv/YongJun_ws/matlab/AutoL_LiDAR/install/_local_setup_util_ps1.py'
[8.370s] INFO:colcon.colcon_core.shell:Creating prefix chain script '/home/aiv/YongJun_ws/matlab/AutoL_LiDAR/install/setup.ps1'
[8.370s] INFO:colcon.colcon_core.shell:Creating prefix script '/home/aiv/YongJun_ws/matlab/AutoL_LiDAR/install/local_setup.sh'
[8.371s] INFO:colcon.colcon_core.shell:Creating prefix util module '/home/aiv/YongJun_ws/matlab/AutoL_LiDAR/install/_local_setup_util_sh.py'
[8.371s] INFO:colcon.colcon_core.shell:Creating prefix chain script '/home/aiv/YongJun_ws/matlab/AutoL_LiDAR/install/setup.sh'
[8.371s] INFO:colcon.colcon_core.shell:Creating prefix script '/home/aiv/YongJun_ws/matlab/AutoL_LiDAR/install/local_setup.bash'
[8.372s] INFO:colcon.colcon_core.shell:Creating prefix chain script '/home/aiv/YongJun_ws/matlab/AutoL_LiDAR/install/setup.bash'
[8.372s] INFO:colcon.colcon_core.shell:Creating prefix script '/home/aiv/YongJun_ws/matlab/AutoL_LiDAR/install/local_setup.zsh'
[8.372s] INFO:colcon.colcon_core.shell:Creating prefix chain script '/home/aiv/YongJun_ws/matlab/AutoL_LiDAR/install/setup.zsh'
