[0.234s] colcon DEBUG Command line arguments: ['/usr/bin/colcon', 'list', '-p', '--base-paths', '/home/aiv/YongJun_ws/ros2_ws']
[0.234s] colcon DEBUG Parsed command line arguments: Namespace(allow_overriding=[], base_paths=['/home/aiv/YongJun_ws/ros2_ws'], build_base='build', ignore_user_meta=False, log_base=None, log_level=None, main=<bound method ListVerb.main of <colcon_package_information.verb.list.ListVerb object at 0x7f5bf910fd90>>, metas=['./colcon.meta'], mixin=None, mixin_files=None, mixin_verb=('list',), names_only=False, packages_above=None, packages_above_and_dependencies=None, packages_above_depth=None, packages_end=None, packages_ignore=None, packages_ignore_regex=None, packages_select=None, packages_select_build_failed=False, packages_select_by_dep=None, packages_select_regex=None, packages_select_test_failures=False, packages_skip=None, packages_skip_build_finished=False, packages_skip_by_dep=None, packages_skip_regex=None, packages_skip_test_passed=False, packages_skip_up_to=None, packages_start=None, packages_up_to=None, packages_up_to_regex=None, paths=None, paths_only=True, topological_graph=False, topological_graph_density=False, topological_graph_dot=False, topological_graph_dot_cluster=False, topological_graph_dot_include_skipped=False, topological_graph_legend=False, topological_order=False, verb_extension=<colcon_package_information.verb.list.ListVerb object at 0x7f5bf910fd90>, verb_name='list', verb_parser=<colcon_mixin.mixin.mixin_argument.MixinArgumentDecorator object at 0x7f5bf911edc0>)
[0.420s] colcon.colcon_core.package_discovery Level 1 discover_packages(colcon_meta) check parameters
[0.420s] colcon.colcon_core.package_discovery Level 1 discover_packages(recursive) check parameters
[0.420s] colcon.colcon_core.package_discovery Level 1 discover_packages(ignore) check parameters
[0.420s] colcon.colcon_core.package_discovery Level 1 discover_packages(path) check parameters
[0.420s] colcon.colcon_core.package_discovery Level 1 discover_packages(recursive) discover
[0.420s] colcon.colcon_core.package_discovery INFO Crawling recursively for packages in '/home/aiv/YongJun_ws/ros2_ws'
[0.420s] colcon.colcon_core.package_identification Level 1 _identify(/home/aiv/YongJun_ws/ros2_ws) by extensions ['ignore', 'ignore_ament_install']
[0.420s] colcon.colcon_core.package_identification Level 1 _identify(/home/aiv/YongJun_ws/ros2_ws) by extension 'ignore'
[0.420s] colcon.colcon_core.package_identification Level 1 _identify(/home/aiv/YongJun_ws/ros2_ws) by extension 'ignore_ament_install'
[0.420s] colcon.colcon_core.package_identification Level 1 _identify(/home/aiv/YongJun_ws/ros2_ws) by extensions ['colcon_pkg']
[0.420s] colcon.colcon_core.package_identification Level 1 _identify(/home/aiv/YongJun_ws/ros2_ws) by extension 'colcon_pkg'
[0.420s] colcon.colcon_core.package_identification Level 1 _identify(/home/aiv/YongJun_ws/ros2_ws) by extensions ['colcon_meta']
[0.420s] colcon.colcon_core.package_identification Level 1 _identify(/home/aiv/YongJun_ws/ros2_ws) by extension 'colcon_meta'
[0.420s] colcon.colcon_core.package_identification Level 1 _identify(/home/aiv/YongJun_ws/ros2_ws) by extensions ['ros']
[0.420s] colcon.colcon_core.package_identification Level 1 _identify(/home/aiv/YongJun_ws/ros2_ws) by extension 'ros'
[0.429s] colcon.colcon_core.package_identification Level 1 _identify(/home/aiv/YongJun_ws/ros2_ws) by extensions ['cmake', 'python']
[0.429s] colcon.colcon_core.package_identification Level 1 _identify(/home/aiv/YongJun_ws/ros2_ws) by extension 'cmake'
[0.429s] colcon.colcon_core.package_identification Level 1 _identify(/home/aiv/YongJun_ws/ros2_ws) by extension 'python'
[0.429s] colcon.colcon_core.package_identification Level 1 _identify(/home/aiv/YongJun_ws/ros2_ws) by extensions ['python_setup_py']
[0.429s] colcon.colcon_core.package_identification Level 1 _identify(/home/aiv/YongJun_ws/ros2_ws) by extension 'python_setup_py'
[0.430s] colcon.colcon_core.package_identification Level 1 _identify(/home/aiv/YongJun_ws/ros2_ws/build) by extensions ['ignore', 'ignore_ament_install']
[0.430s] colcon.colcon_core.package_identification Level 1 _identify(/home/aiv/YongJun_ws/ros2_ws/build) by extension 'ignore'
[0.430s] colcon.colcon_core.package_identification Level 1 _identify(/home/aiv/YongJun_ws/ros2_ws/build) ignored
[0.430s] colcon.colcon_core.package_identification Level 1 _identify(/home/aiv/YongJun_ws/ros2_ws/install) by extensions ['ignore', 'ignore_ament_install']
[0.430s] colcon.colcon_core.package_identification Level 1 _identify(/home/aiv/YongJun_ws/ros2_ws/install) by extension 'ignore'
[0.430s] colcon.colcon_core.package_identification Level 1 _identify(/home/aiv/YongJun_ws/ros2_ws/install) ignored
[0.430s] colcon.colcon_core.package_identification Level 1 _identify(/home/aiv/YongJun_ws/ros2_ws/log) by extensions ['ignore', 'ignore_ament_install']
[0.430s] colcon.colcon_core.package_identification Level 1 _identify(/home/aiv/YongJun_ws/ros2_ws/log) by extension 'ignore'
[0.430s] colcon.colcon_core.package_identification Level 1 _identify(/home/aiv/YongJun_ws/ros2_ws/log) ignored
[0.430s] colcon.colcon_core.package_identification Level 1 _identify(/home/aiv/YongJun_ws/ros2_ws/src) by extensions ['ignore', 'ignore_ament_install']
[0.430s] colcon.colcon_core.package_identification Level 1 _identify(/home/aiv/YongJun_ws/ros2_ws/src) by extension 'ignore'
[0.430s] colcon.colcon_core.package_identification Level 1 _identify(/home/aiv/YongJun_ws/ros2_ws/src) by extension 'ignore_ament_install'
[0.430s] colcon.colcon_core.package_identification Level 1 _identify(/home/aiv/YongJun_ws/ros2_ws/src) by extensions ['colcon_pkg']
[0.430s] colcon.colcon_core.package_identification Level 1 _identify(/home/aiv/YongJun_ws/ros2_ws/src) by extension 'colcon_pkg'
[0.430s] colcon.colcon_core.package_identification Level 1 _identify(/home/aiv/YongJun_ws/ros2_ws/src) by extensions ['colcon_meta']
[0.430s] colcon.colcon_core.package_identification Level 1 _identify(/home/aiv/YongJun_ws/ros2_ws/src) by extension 'colcon_meta'
[0.430s] colcon.colcon_core.package_identification Level 1 _identify(/home/aiv/YongJun_ws/ros2_ws/src) by extensions ['ros']
[0.430s] colcon.colcon_core.package_identification Level 1 _identify(/home/aiv/YongJun_ws/ros2_ws/src) by extension 'ros'
[0.430s] colcon.colcon_core.package_identification Level 1 _identify(/home/aiv/YongJun_ws/ros2_ws/src) by extensions ['cmake', 'python']
[0.430s] colcon.colcon_core.package_identification Level 1 _identify(/home/aiv/YongJun_ws/ros2_ws/src) by extension 'cmake'
[0.431s] colcon.colcon_core.package_identification Level 1 _identify(/home/aiv/YongJun_ws/ros2_ws/src) by extension 'python'
[0.431s] colcon.colcon_core.package_identification Level 1 _identify(/home/aiv/YongJun_ws/ros2_ws/src) by extensions ['python_setup_py']
[0.431s] colcon.colcon_core.package_identification Level 1 _identify(/home/aiv/YongJun_ws/ros2_ws/src) by extension 'python_setup_py'
[0.431s] colcon.colcon_core.package_identification Level 1 _identify(/home/aiv/YongJun_ws/ros2_ws/src/realsense-ros) by extensions ['ignore', 'ignore_ament_install']
[0.431s] colcon.colcon_core.package_identification Level 1 _identify(/home/aiv/YongJun_ws/ros2_ws/src/realsense-ros) by extension 'ignore'
[0.431s] colcon.colcon_core.package_identification Level 1 _identify(/home/aiv/YongJun_ws/ros2_ws/src/realsense-ros) by extension 'ignore_ament_install'
[0.431s] colcon.colcon_core.package_identification Level 1 _identify(/home/aiv/YongJun_ws/ros2_ws/src/realsense-ros) by extensions ['colcon_pkg']
[0.431s] colcon.colcon_core.package_identification Level 1 _identify(/home/aiv/YongJun_ws/ros2_ws/src/realsense-ros) by extension 'colcon_pkg'
[0.431s] colcon.colcon_core.package_identification Level 1 _identify(/home/aiv/YongJun_ws/ros2_ws/src/realsense-ros) by extensions ['colcon_meta']
[0.431s] colcon.colcon_core.package_identification Level 1 _identify(/home/aiv/YongJun_ws/ros2_ws/src/realsense-ros) by extension 'colcon_meta'
[0.431s] colcon.colcon_core.package_identification Level 1 _identify(/home/aiv/YongJun_ws/ros2_ws/src/realsense-ros) by extensions ['ros']
[0.431s] colcon.colcon_core.package_identification Level 1 _identify(/home/aiv/YongJun_ws/ros2_ws/src/realsense-ros) by extension 'ros'
[0.431s] colcon.colcon_core.package_identification Level 1 _identify(/home/aiv/YongJun_ws/ros2_ws/src/realsense-ros) by extensions ['cmake', 'python']
[0.431s] colcon.colcon_core.package_identification Level 1 _identify(/home/aiv/YongJun_ws/ros2_ws/src/realsense-ros) by extension 'cmake'
[0.431s] colcon.colcon_core.package_identification Level 1 _identify(/home/aiv/YongJun_ws/ros2_ws/src/realsense-ros) by extension 'python'
[0.431s] colcon.colcon_core.package_identification Level 1 _identify(/home/aiv/YongJun_ws/ros2_ws/src/realsense-ros) by extensions ['python_setup_py']
[0.431s] colcon.colcon_core.package_identification Level 1 _identify(/home/aiv/YongJun_ws/ros2_ws/src/realsense-ros) by extension 'python_setup_py'
[0.431s] colcon.colcon_core.package_identification Level 1 _identify(/home/aiv/YongJun_ws/ros2_ws/src/realsense-ros/realsense2_camera) by extensions ['ignore', 'ignore_ament_install']
[0.431s] colcon.colcon_core.package_identification Level 1 _identify(/home/aiv/YongJun_ws/ros2_ws/src/realsense-ros/realsense2_camera) by extension 'ignore'
[0.431s] colcon.colcon_core.package_identification Level 1 _identify(/home/aiv/YongJun_ws/ros2_ws/src/realsense-ros/realsense2_camera) by extension 'ignore_ament_install'
[0.431s] colcon.colcon_core.package_identification Level 1 _identify(/home/aiv/YongJun_ws/ros2_ws/src/realsense-ros/realsense2_camera) by extensions ['colcon_pkg']
[0.431s] colcon.colcon_core.package_identification Level 1 _identify(/home/aiv/YongJun_ws/ros2_ws/src/realsense-ros/realsense2_camera) by extension 'colcon_pkg'
[0.431s] colcon.colcon_core.package_identification Level 1 _identify(/home/aiv/YongJun_ws/ros2_ws/src/realsense-ros/realsense2_camera) by extensions ['colcon_meta']
[0.431s] colcon.colcon_core.package_identification Level 1 _identify(/home/aiv/YongJun_ws/ros2_ws/src/realsense-ros/realsense2_camera) by extension 'colcon_meta'
[0.431s] colcon.colcon_core.package_identification Level 1 _identify(/home/aiv/YongJun_ws/ros2_ws/src/realsense-ros/realsense2_camera) by extensions ['ros']
[0.431s] colcon.colcon_core.package_identification Level 1 _identify(/home/aiv/YongJun_ws/ros2_ws/src/realsense-ros/realsense2_camera) by extension 'ros'
[0.437s] colcon.colcon_core.package_identification DEBUG Package '/home/aiv/YongJun_ws/ros2_ws/src/realsense-ros/realsense2_camera' with type 'ros.ament_cmake' and name 'realsense2_camera'
[0.437s] colcon.colcon_core.package_identification Level 1 _identify(/home/aiv/YongJun_ws/ros2_ws/src/realsense-ros/realsense2_camera_msgs) by extensions ['ignore', 'ignore_ament_install']
[0.437s] colcon.colcon_core.package_identification Level 1 _identify(/home/aiv/YongJun_ws/ros2_ws/src/realsense-ros/realsense2_camera_msgs) by extension 'ignore'
[0.437s] colcon.colcon_core.package_identification Level 1 _identify(/home/aiv/YongJun_ws/ros2_ws/src/realsense-ros/realsense2_camera_msgs) by extension 'ignore_ament_install'
[0.437s] colcon.colcon_core.package_identification Level 1 _identify(/home/aiv/YongJun_ws/ros2_ws/src/realsense-ros/realsense2_camera_msgs) by extensions ['colcon_pkg']
[0.437s] colcon.colcon_core.package_identification Level 1 _identify(/home/aiv/YongJun_ws/ros2_ws/src/realsense-ros/realsense2_camera_msgs) by extension 'colcon_pkg'
[0.437s] colcon.colcon_core.package_identification Level 1 _identify(/home/aiv/YongJun_ws/ros2_ws/src/realsense-ros/realsense2_camera_msgs) by extensions ['colcon_meta']
[0.437s] colcon.colcon_core.package_identification Level 1 _identify(/home/aiv/YongJun_ws/ros2_ws/src/realsense-ros/realsense2_camera_msgs) by extension 'colcon_meta'
[0.437s] colcon.colcon_core.package_identification Level 1 _identify(/home/aiv/YongJun_ws/ros2_ws/src/realsense-ros/realsense2_camera_msgs) by extensions ['ros']
[0.437s] colcon.colcon_core.package_identification Level 1 _identify(/home/aiv/YongJun_ws/ros2_ws/src/realsense-ros/realsense2_camera_msgs) by extension 'ros'
[0.438s] colcon.colcon_core.package_identification DEBUG Package '/home/aiv/YongJun_ws/ros2_ws/src/realsense-ros/realsense2_camera_msgs' with type 'ros.ament_cmake' and name 'realsense2_camera_msgs'
[0.438s] colcon.colcon_core.package_identification Level 1 _identify(/home/aiv/YongJun_ws/ros2_ws/src/realsense-ros/realsense2_description) by extensions ['ignore', 'ignore_ament_install']
[0.438s] colcon.colcon_core.package_identification Level 1 _identify(/home/aiv/YongJun_ws/ros2_ws/src/realsense-ros/realsense2_description) by extension 'ignore'
[0.438s] colcon.colcon_core.package_identification Level 1 _identify(/home/aiv/YongJun_ws/ros2_ws/src/realsense-ros/realsense2_description) by extension 'ignore_ament_install'
[0.438s] colcon.colcon_core.package_identification Level 1 _identify(/home/aiv/YongJun_ws/ros2_ws/src/realsense-ros/realsense2_description) by extensions ['colcon_pkg']
[0.438s] colcon.colcon_core.package_identification Level 1 _identify(/home/aiv/YongJun_ws/ros2_ws/src/realsense-ros/realsense2_description) by extension 'colcon_pkg'
[0.438s] colcon.colcon_core.package_identification Level 1 _identify(/home/aiv/YongJun_ws/ros2_ws/src/realsense-ros/realsense2_description) by extensions ['colcon_meta']
[0.438s] colcon.colcon_core.package_identification Level 1 _identify(/home/aiv/YongJun_ws/ros2_ws/src/realsense-ros/realsense2_description) by extension 'colcon_meta'
[0.438s] colcon.colcon_core.package_identification Level 1 _identify(/home/aiv/YongJun_ws/ros2_ws/src/realsense-ros/realsense2_description) by extensions ['ros']
[0.438s] colcon.colcon_core.package_identification Level 1 _identify(/home/aiv/YongJun_ws/ros2_ws/src/realsense-ros/realsense2_description) by extension 'ros'
[0.438s] colcon.colcon_core.package_identification DEBUG Package '/home/aiv/YongJun_ws/ros2_ws/src/realsense-ros/realsense2_description' with type 'ros.ament_cmake' and name 'realsense2_description'
[0.439s] colcon.colcon_core.package_identification Level 1 _identify(/home/aiv/YongJun_ws/ros2_ws/src/realsense-ros/scripts) by extensions ['ignore', 'ignore_ament_install']
[0.439s] colcon.colcon_core.package_identification Level 1 _identify(/home/aiv/YongJun_ws/ros2_ws/src/realsense-ros/scripts) by extension 'ignore'
[0.439s] colcon.colcon_core.package_identification Level 1 _identify(/home/aiv/YongJun_ws/ros2_ws/src/realsense-ros/scripts) by extension 'ignore_ament_install'
[0.439s] colcon.colcon_core.package_identification Level 1 _identify(/home/aiv/YongJun_ws/ros2_ws/src/realsense-ros/scripts) by extensions ['colcon_pkg']
[0.439s] colcon.colcon_core.package_identification Level 1 _identify(/home/aiv/YongJun_ws/ros2_ws/src/realsense-ros/scripts) by extension 'colcon_pkg'
[0.439s] colcon.colcon_core.package_identification Level 1 _identify(/home/aiv/YongJun_ws/ros2_ws/src/realsense-ros/scripts) by extensions ['colcon_meta']
[0.439s] colcon.colcon_core.package_identification Level 1 _identify(/home/aiv/YongJun_ws/ros2_ws/src/realsense-ros/scripts) by extension 'colcon_meta'
[0.439s] colcon.colcon_core.package_identification Level 1 _identify(/home/aiv/YongJun_ws/ros2_ws/src/realsense-ros/scripts) by extensions ['ros']
[0.439s] colcon.colcon_core.package_identification Level 1 _identify(/home/aiv/YongJun_ws/ros2_ws/src/realsense-ros/scripts) by extension 'ros'
[0.439s] colcon.colcon_core.package_identification Level 1 _identify(/home/aiv/YongJun_ws/ros2_ws/src/realsense-ros/scripts) by extensions ['cmake', 'python']
[0.439s] colcon.colcon_core.package_identification Level 1 _identify(/home/aiv/YongJun_ws/ros2_ws/src/realsense-ros/scripts) by extension 'cmake'
[0.439s] colcon.colcon_core.package_identification Level 1 _identify(/home/aiv/YongJun_ws/ros2_ws/src/realsense-ros/scripts) by extension 'python'
[0.439s] colcon.colcon_core.package_identification Level 1 _identify(/home/aiv/YongJun_ws/ros2_ws/src/realsense-ros/scripts) by extensions ['python_setup_py']
[0.439s] colcon.colcon_core.package_identification Level 1 _identify(/home/aiv/YongJun_ws/ros2_ws/src/realsense-ros/scripts) by extension 'python_setup_py'
[0.439s] colcon.colcon_core.package_identification Level 1 _identify(/home/aiv/YongJun_ws/ros2_ws/src/sensor) by extensions ['ignore', 'ignore_ament_install']
[0.439s] colcon.colcon_core.package_identification Level 1 _identify(/home/aiv/YongJun_ws/ros2_ws/src/sensor) by extension 'ignore'
[0.439s] colcon.colcon_core.package_identification Level 1 _identify(/home/aiv/YongJun_ws/ros2_ws/src/sensor) by extension 'ignore_ament_install'
[0.439s] colcon.colcon_core.package_identification Level 1 _identify(/home/aiv/YongJun_ws/ros2_ws/src/sensor) by extensions ['colcon_pkg']
[0.439s] colcon.colcon_core.package_identification Level 1 _identify(/home/aiv/YongJun_ws/ros2_ws/src/sensor) by extension 'colcon_pkg'
[0.439s] colcon.colcon_core.package_identification Level 1 _identify(/home/aiv/YongJun_ws/ros2_ws/src/sensor) by extensions ['colcon_meta']
[0.439s] colcon.colcon_core.package_identification Level 1 _identify(/home/aiv/YongJun_ws/ros2_ws/src/sensor) by extension 'colcon_meta'
[0.439s] colcon.colcon_core.package_identification Level 1 _identify(/home/aiv/YongJun_ws/ros2_ws/src/sensor) by extensions ['ros']
[0.439s] colcon.colcon_core.package_identification Level 1 _identify(/home/aiv/YongJun_ws/ros2_ws/src/sensor) by extension 'ros'
[0.439s] colcon.colcon_core.package_identification Level 1 _identify(/home/aiv/YongJun_ws/ros2_ws/src/sensor) by extensions ['cmake', 'python']
[0.439s] colcon.colcon_core.package_identification Level 1 _identify(/home/aiv/YongJun_ws/ros2_ws/src/sensor) by extension 'cmake'
[0.439s] colcon.colcon_core.package_identification Level 1 _identify(/home/aiv/YongJun_ws/ros2_ws/src/sensor) by extension 'python'
[0.439s] colcon.colcon_core.package_identification Level 1 _identify(/home/aiv/YongJun_ws/ros2_ws/src/sensor) by extensions ['python_setup_py']
[0.439s] colcon.colcon_core.package_identification Level 1 _identify(/home/aiv/YongJun_ws/ros2_ws/src/sensor) by extension 'python_setup_py'
[0.439s] colcon.colcon_core.package_identification Level 1 _identify(/home/aiv/YongJun_ws/ros2_ws/src/sensor/usb_cam) by extensions ['ignore', 'ignore_ament_install']
[0.440s] colcon.colcon_core.package_identification Level 1 _identify(/home/aiv/YongJun_ws/ros2_ws/src/sensor/usb_cam) by extension 'ignore'
[0.440s] colcon.colcon_core.package_identification Level 1 _identify(/home/aiv/YongJun_ws/ros2_ws/src/sensor/usb_cam) by extension 'ignore_ament_install'
[0.440s] colcon.colcon_core.package_identification Level 1 _identify(/home/aiv/YongJun_ws/ros2_ws/src/sensor/usb_cam) by extensions ['colcon_pkg']
[0.440s] colcon.colcon_core.package_identification Level 1 _identify(/home/aiv/YongJun_ws/ros2_ws/src/sensor/usb_cam) by extension 'colcon_pkg'
[0.440s] colcon.colcon_core.package_identification Level 1 _identify(/home/aiv/YongJun_ws/ros2_ws/src/sensor/usb_cam) by extensions ['colcon_meta']
[0.440s] colcon.colcon_core.package_identification Level 1 _identify(/home/aiv/YongJun_ws/ros2_ws/src/sensor/usb_cam) by extension 'colcon_meta'
[0.440s] colcon.colcon_core.package_identification Level 1 _identify(/home/aiv/YongJun_ws/ros2_ws/src/sensor/usb_cam) by extensions ['ros']
[0.440s] colcon.colcon_core.package_identification Level 1 _identify(/home/aiv/YongJun_ws/ros2_ws/src/sensor/usb_cam) by extension 'ros'
[0.444s] colcon.colcon_core.package_identification DEBUG Package '/home/aiv/YongJun_ws/ros2_ws/src/sensor/usb_cam' with type 'ros.ament_cmake' and name 'usb_cam'
[0.444s] colcon.colcon_core.package_identification Level 1 _identify(/home/aiv/YongJun_ws/ros2_ws/src/yolov8_ros) by extensions ['ignore', 'ignore_ament_install']
[0.444s] colcon.colcon_core.package_identification Level 1 _identify(/home/aiv/YongJun_ws/ros2_ws/src/yolov8_ros) by extension 'ignore'
[0.444s] colcon.colcon_core.package_identification Level 1 _identify(/home/aiv/YongJun_ws/ros2_ws/src/yolov8_ros) by extension 'ignore_ament_install'
[0.444s] colcon.colcon_core.package_identification Level 1 _identify(/home/aiv/YongJun_ws/ros2_ws/src/yolov8_ros) by extensions ['colcon_pkg']
[0.444s] colcon.colcon_core.package_identification Level 1 _identify(/home/aiv/YongJun_ws/ros2_ws/src/yolov8_ros) by extension 'colcon_pkg'
[0.444s] colcon.colcon_core.package_identification Level 1 _identify(/home/aiv/YongJun_ws/ros2_ws/src/yolov8_ros) by extensions ['colcon_meta']
[0.444s] colcon.colcon_core.package_identification Level 1 _identify(/home/aiv/YongJun_ws/ros2_ws/src/yolov8_ros) by extension 'colcon_meta'
[0.444s] colcon.colcon_core.package_identification Level 1 _identify(/home/aiv/YongJun_ws/ros2_ws/src/yolov8_ros) by extensions ['ros']
[0.444s] colcon.colcon_core.package_identification Level 1 _identify(/home/aiv/YongJun_ws/ros2_ws/src/yolov8_ros) by extension 'ros'
[0.444s] colcon.colcon_core.package_identification Level 1 _identify(/home/aiv/YongJun_ws/ros2_ws/src/yolov8_ros) by extensions ['cmake', 'python']
[0.444s] colcon.colcon_core.package_identification Level 1 _identify(/home/aiv/YongJun_ws/ros2_ws/src/yolov8_ros) by extension 'cmake'
[0.445s] colcon.colcon_core.package_identification Level 1 _identify(/home/aiv/YongJun_ws/ros2_ws/src/yolov8_ros) by extension 'python'
[0.445s] colcon.colcon_core.package_identification Level 1 _identify(/home/aiv/YongJun_ws/ros2_ws/src/yolov8_ros) by extensions ['python_setup_py']
[0.445s] colcon.colcon_core.package_identification Level 1 _identify(/home/aiv/YongJun_ws/ros2_ws/src/yolov8_ros) by extension 'python_setup_py'
[0.445s] colcon.colcon_core.package_identification Level 1 _identify(/home/aiv/YongJun_ws/ros2_ws/src/yolov8_ros/docs) by extensions ['ignore', 'ignore_ament_install']
[0.445s] colcon.colcon_core.package_identification Level 1 _identify(/home/aiv/YongJun_ws/ros2_ws/src/yolov8_ros/docs) by extension 'ignore'
[0.445s] colcon.colcon_core.package_identification Level 1 _identify(/home/aiv/YongJun_ws/ros2_ws/src/yolov8_ros/docs) by extension 'ignore_ament_install'
[0.445s] colcon.colcon_core.package_identification Level 1 _identify(/home/aiv/YongJun_ws/ros2_ws/src/yolov8_ros/docs) by extensions ['colcon_pkg']
[0.445s] colcon.colcon_core.package_identification Level 1 _identify(/home/aiv/YongJun_ws/ros2_ws/src/yolov8_ros/docs) by extension 'colcon_pkg'
[0.445s] colcon.colcon_core.package_identification Level 1 _identify(/home/aiv/YongJun_ws/ros2_ws/src/yolov8_ros/docs) by extensions ['colcon_meta']
[0.445s] colcon.colcon_core.package_identification Level 1 _identify(/home/aiv/YongJun_ws/ros2_ws/src/yolov8_ros/docs) by extension 'colcon_meta'
[0.445s] colcon.colcon_core.package_identification Level 1 _identify(/home/aiv/YongJun_ws/ros2_ws/src/yolov8_ros/docs) by extensions ['ros']
[0.445s] colcon.colcon_core.package_identification Level 1 _identify(/home/aiv/YongJun_ws/ros2_ws/src/yolov8_ros/docs) by extension 'ros'
[0.445s] colcon.colcon_core.package_identification Level 1 _identify(/home/aiv/YongJun_ws/ros2_ws/src/yolov8_ros/docs) by extensions ['cmake', 'python']
[0.445s] colcon.colcon_core.package_identification Level 1 _identify(/home/aiv/YongJun_ws/ros2_ws/src/yolov8_ros/docs) by extension 'cmake'
[0.445s] colcon.colcon_core.package_identification Level 1 _identify(/home/aiv/YongJun_ws/ros2_ws/src/yolov8_ros/docs) by extension 'python'
[0.445s] colcon.colcon_core.package_identification Level 1 _identify(/home/aiv/YongJun_ws/ros2_ws/src/yolov8_ros/docs) by extensions ['python_setup_py']
[0.445s] colcon.colcon_core.package_identification Level 1 _identify(/home/aiv/YongJun_ws/ros2_ws/src/yolov8_ros/docs) by extension 'python_setup_py'
[0.445s] colcon.colcon_core.package_identification Level 1 _identify(/home/aiv/YongJun_ws/ros2_ws/src/yolov8_ros/matlab_msg_gen) by extensions ['ignore', 'ignore_ament_install']
[0.445s] colcon.colcon_core.package_identification Level 1 _identify(/home/aiv/YongJun_ws/ros2_ws/src/yolov8_ros/matlab_msg_gen) by extension 'ignore'
[0.445s] colcon.colcon_core.package_identification Level 1 _identify(/home/aiv/YongJun_ws/ros2_ws/src/yolov8_ros/matlab_msg_gen) ignored
[0.445s] colcon.colcon_core.package_identification Level 1 _identify(/home/aiv/YongJun_ws/ros2_ws/src/yolov8_ros/yolov8_bringup) by extensions ['ignore', 'ignore_ament_install']
[0.445s] colcon.colcon_core.package_identification Level 1 _identify(/home/aiv/YongJun_ws/ros2_ws/src/yolov8_ros/yolov8_bringup) by extension 'ignore'
[0.445s] colcon.colcon_core.package_identification Level 1 _identify(/home/aiv/YongJun_ws/ros2_ws/src/yolov8_ros/yolov8_bringup) by extension 'ignore_ament_install'
[0.445s] colcon.colcon_core.package_identification Level 1 _identify(/home/aiv/YongJun_ws/ros2_ws/src/yolov8_ros/yolov8_bringup) by extensions ['colcon_pkg']
[0.445s] colcon.colcon_core.package_identification Level 1 _identify(/home/aiv/YongJun_ws/ros2_ws/src/yolov8_ros/yolov8_bringup) by extension 'colcon_pkg'
[0.445s] colcon.colcon_core.package_identification Level 1 _identify(/home/aiv/YongJun_ws/ros2_ws/src/yolov8_ros/yolov8_bringup) by extensions ['colcon_meta']
[0.445s] colcon.colcon_core.package_identification Level 1 _identify(/home/aiv/YongJun_ws/ros2_ws/src/yolov8_ros/yolov8_bringup) by extension 'colcon_meta'
[0.446s] colcon.colcon_core.package_identification Level 1 _identify(/home/aiv/YongJun_ws/ros2_ws/src/yolov8_ros/yolov8_bringup) by extensions ['ros']
[0.446s] colcon.colcon_core.package_identification Level 1 _identify(/home/aiv/YongJun_ws/ros2_ws/src/yolov8_ros/yolov8_bringup) by extension 'ros'
[0.446s] colcon.colcon_core.package_identification DEBUG Package '/home/aiv/YongJun_ws/ros2_ws/src/yolov8_ros/yolov8_bringup' with type 'ros.ament_cmake' and name 'yolov8_bringup'
[0.446s] colcon.colcon_core.package_identification Level 1 _identify(/home/aiv/YongJun_ws/ros2_ws/src/yolov8_ros/yolov8_msgs) by extensions ['ignore', 'ignore_ament_install']
[0.446s] colcon.colcon_core.package_identification Level 1 _identify(/home/aiv/YongJun_ws/ros2_ws/src/yolov8_ros/yolov8_msgs) by extension 'ignore'
[0.446s] colcon.colcon_core.package_identification Level 1 _identify(/home/aiv/YongJun_ws/ros2_ws/src/yolov8_ros/yolov8_msgs) by extension 'ignore_ament_install'
[0.446s] colcon.colcon_core.package_identification Level 1 _identify(/home/aiv/YongJun_ws/ros2_ws/src/yolov8_ros/yolov8_msgs) by extensions ['colcon_pkg']
[0.446s] colcon.colcon_core.package_identification Level 1 _identify(/home/aiv/YongJun_ws/ros2_ws/src/yolov8_ros/yolov8_msgs) by extension 'colcon_pkg'
[0.446s] colcon.colcon_core.package_identification Level 1 _identify(/home/aiv/YongJun_ws/ros2_ws/src/yolov8_ros/yolov8_msgs) by extensions ['colcon_meta']
[0.446s] colcon.colcon_core.package_identification Level 1 _identify(/home/aiv/YongJun_ws/ros2_ws/src/yolov8_ros/yolov8_msgs) by extension 'colcon_meta'
[0.446s] colcon.colcon_core.package_identification Level 1 _identify(/home/aiv/YongJun_ws/ros2_ws/src/yolov8_ros/yolov8_msgs) by extensions ['ros']
[0.446s] colcon.colcon_core.package_identification Level 1 _identify(/home/aiv/YongJun_ws/ros2_ws/src/yolov8_ros/yolov8_msgs) by extension 'ros'
[0.447s] colcon.colcon_core.package_identification DEBUG Package '/home/aiv/YongJun_ws/ros2_ws/src/yolov8_ros/yolov8_msgs' with type 'ros.ament_cmake' and name 'yolov8_msgs'
[0.447s] colcon.colcon_core.package_identification Level 1 _identify(/home/aiv/YongJun_ws/ros2_ws/src/yolov8_ros/yolov8_ros) by extensions ['ignore', 'ignore_ament_install']
[0.447s] colcon.colcon_core.package_identification Level 1 _identify(/home/aiv/YongJun_ws/ros2_ws/src/yolov8_ros/yolov8_ros) by extension 'ignore'
[0.447s] colcon.colcon_core.package_identification Level 1 _identify(/home/aiv/YongJun_ws/ros2_ws/src/yolov8_ros/yolov8_ros) by extension 'ignore_ament_install'
[0.447s] colcon.colcon_core.package_identification Level 1 _identify(/home/aiv/YongJun_ws/ros2_ws/src/yolov8_ros/yolov8_ros) by extensions ['colcon_pkg']
[0.447s] colcon.colcon_core.package_identification Level 1 _identify(/home/aiv/YongJun_ws/ros2_ws/src/yolov8_ros/yolov8_ros) by extension 'colcon_pkg'
[0.447s] colcon.colcon_core.package_identification Level 1 _identify(/home/aiv/YongJun_ws/ros2_ws/src/yolov8_ros/yolov8_ros) by extensions ['colcon_meta']
[0.447s] colcon.colcon_core.package_identification Level 1 _identify(/home/aiv/YongJun_ws/ros2_ws/src/yolov8_ros/yolov8_ros) by extension 'colcon_meta'
[0.447s] colcon.colcon_core.package_identification Level 1 _identify(/home/aiv/YongJun_ws/ros2_ws/src/yolov8_ros/yolov8_ros) by extensions ['ros']
[0.447s] colcon.colcon_core.package_identification Level 1 _identify(/home/aiv/YongJun_ws/ros2_ws/src/yolov8_ros/yolov8_ros) by extension 'ros'
[0.447s] colcon.colcon_core.package_identification DEBUG Package '/home/aiv/YongJun_ws/ros2_ws/src/yolov8_ros/yolov8_ros' with type 'ros.ament_python' and name 'yolov8_ros'
[0.448s] colcon.colcon_core.package_identification Level 1 _identify(/home/aiv/YongJun_ws/ros2_ws/src/zed-ros2-examples) by extensions ['ignore', 'ignore_ament_install']
[0.448s] colcon.colcon_core.package_identification Level 1 _identify(/home/aiv/YongJun_ws/ros2_ws/src/zed-ros2-examples) by extension 'ignore'
[0.448s] colcon.colcon_core.package_identification Level 1 _identify(/home/aiv/YongJun_ws/ros2_ws/src/zed-ros2-examples) by extension 'ignore_ament_install'
[0.448s] colcon.colcon_core.package_identification Level 1 _identify(/home/aiv/YongJun_ws/ros2_ws/src/zed-ros2-examples) by extensions ['colcon_pkg']
[0.448s] colcon.colcon_core.package_identification Level 1 _identify(/home/aiv/YongJun_ws/ros2_ws/src/zed-ros2-examples) by extension 'colcon_pkg'
[0.448s] colcon.colcon_core.package_identification Level 1 _identify(/home/aiv/YongJun_ws/ros2_ws/src/zed-ros2-examples) by extensions ['colcon_meta']
[0.448s] colcon.colcon_core.package_identification Level 1 _identify(/home/aiv/YongJun_ws/ros2_ws/src/zed-ros2-examples) by extension 'colcon_meta'
[0.448s] colcon.colcon_core.package_identification Level 1 _identify(/home/aiv/YongJun_ws/ros2_ws/src/zed-ros2-examples) by extensions ['ros']
[0.448s] colcon.colcon_core.package_identification Level 1 _identify(/home/aiv/YongJun_ws/ros2_ws/src/zed-ros2-examples) by extension 'ros'
[0.448s] colcon.colcon_core.package_identification Level 1 _identify(/home/aiv/YongJun_ws/ros2_ws/src/zed-ros2-examples) by extensions ['cmake', 'python']
[0.448s] colcon.colcon_core.package_identification Level 1 _identify(/home/aiv/YongJun_ws/ros2_ws/src/zed-ros2-examples) by extension 'cmake'
[0.448s] colcon.colcon_core.package_identification Level 1 _identify(/home/aiv/YongJun_ws/ros2_ws/src/zed-ros2-examples) by extension 'python'
[0.448s] colcon.colcon_core.package_identification Level 1 _identify(/home/aiv/YongJun_ws/ros2_ws/src/zed-ros2-examples) by extensions ['python_setup_py']
[0.448s] colcon.colcon_core.package_identification Level 1 _identify(/home/aiv/YongJun_ws/ros2_ws/src/zed-ros2-examples) by extension 'python_setup_py'
[0.448s] colcon.colcon_core.package_identification Level 1 _identify(/home/aiv/YongJun_ws/ros2_ws/src/zed-ros2-examples/examples) by extensions ['ignore', 'ignore_ament_install']
[0.448s] colcon.colcon_core.package_identification Level 1 _identify(/home/aiv/YongJun_ws/ros2_ws/src/zed-ros2-examples/examples) by extension 'ignore'
[0.448s] colcon.colcon_core.package_identification Level 1 _identify(/home/aiv/YongJun_ws/ros2_ws/src/zed-ros2-examples/examples) by extension 'ignore_ament_install'
[0.448s] colcon.colcon_core.package_identification Level 1 _identify(/home/aiv/YongJun_ws/ros2_ws/src/zed-ros2-examples/examples) by extensions ['colcon_pkg']
[0.448s] colcon.colcon_core.package_identification Level 1 _identify(/home/aiv/YongJun_ws/ros2_ws/src/zed-ros2-examples/examples) by extension 'colcon_pkg'
[0.448s] colcon.colcon_core.package_identification Level 1 _identify(/home/aiv/YongJun_ws/ros2_ws/src/zed-ros2-examples/examples) by extensions ['colcon_meta']
[0.448s] colcon.colcon_core.package_identification Level 1 _identify(/home/aiv/YongJun_ws/ros2_ws/src/zed-ros2-examples/examples) by extension 'colcon_meta'
[0.448s] colcon.colcon_core.package_identification Level 1 _identify(/home/aiv/YongJun_ws/ros2_ws/src/zed-ros2-examples/examples) by extensions ['ros']
[0.448s] colcon.colcon_core.package_identification Level 1 _identify(/home/aiv/YongJun_ws/ros2_ws/src/zed-ros2-examples/examples) by extension 'ros'
[0.448s] colcon.colcon_core.package_identification Level 1 _identify(/home/aiv/YongJun_ws/ros2_ws/src/zed-ros2-examples/examples) by extensions ['cmake', 'python']
[0.448s] colcon.colcon_core.package_identification Level 1 _identify(/home/aiv/YongJun_ws/ros2_ws/src/zed-ros2-examples/examples) by extension 'cmake'
[0.448s] colcon.colcon_core.package_identification Level 1 _identify(/home/aiv/YongJun_ws/ros2_ws/src/zed-ros2-examples/examples) by extension 'python'
[0.448s] colcon.colcon_core.package_identification Level 1 _identify(/home/aiv/YongJun_ws/ros2_ws/src/zed-ros2-examples/examples) by extensions ['python_setup_py']
[0.448s] colcon.colcon_core.package_identification Level 1 _identify(/home/aiv/YongJun_ws/ros2_ws/src/zed-ros2-examples/examples) by extension 'python_setup_py'
[0.448s] colcon.colcon_core.package_identification Level 1 _identify(/home/aiv/YongJun_ws/ros2_ws/src/zed-ros2-examples/examples/zed_aruco_localization) by extensions ['ignore', 'ignore_ament_install']
[0.449s] colcon.colcon_core.package_identification Level 1 _identify(/home/aiv/YongJun_ws/ros2_ws/src/zed-ros2-examples/examples/zed_aruco_localization) by extension 'ignore'
[0.449s] colcon.colcon_core.package_identification Level 1 _identify(/home/aiv/YongJun_ws/ros2_ws/src/zed-ros2-examples/examples/zed_aruco_localization) by extension 'ignore_ament_install'
[0.449s] colcon.colcon_core.package_identification Level 1 _identify(/home/aiv/YongJun_ws/ros2_ws/src/zed-ros2-examples/examples/zed_aruco_localization) by extensions ['colcon_pkg']
[0.449s] colcon.colcon_core.package_identification Level 1 _identify(/home/aiv/YongJun_ws/ros2_ws/src/zed-ros2-examples/examples/zed_aruco_localization) by extension 'colcon_pkg'
[0.449s] colcon.colcon_core.package_identification Level 1 _identify(/home/aiv/YongJun_ws/ros2_ws/src/zed-ros2-examples/examples/zed_aruco_localization) by extensions ['colcon_meta']
[0.449s] colcon.colcon_core.package_identification Level 1 _identify(/home/aiv/YongJun_ws/ros2_ws/src/zed-ros2-examples/examples/zed_aruco_localization) by extension 'colcon_meta'
[0.449s] colcon.colcon_core.package_identification Level 1 _identify(/home/aiv/YongJun_ws/ros2_ws/src/zed-ros2-examples/examples/zed_aruco_localization) by extensions ['ros']
[0.449s] colcon.colcon_core.package_identification Level 1 _identify(/home/aiv/YongJun_ws/ros2_ws/src/zed-ros2-examples/examples/zed_aruco_localization) by extension 'ros'
[0.449s] colcon.colcon_core.package_identification DEBUG Package '/home/aiv/YongJun_ws/ros2_ws/src/zed-ros2-examples/examples/zed_aruco_localization' with type 'ros.ament_cmake' and name 'zed_aruco_localization'
[0.449s] colcon.colcon_core.package_identification Level 1 _identify(/home/aiv/YongJun_ws/ros2_ws/src/zed-ros2-examples/examples/zed_depth_to_laserscan) by extensions ['ignore', 'ignore_ament_install']
[0.450s] colcon.colcon_core.package_identification Level 1 _identify(/home/aiv/YongJun_ws/ros2_ws/src/zed-ros2-examples/examples/zed_depth_to_laserscan) by extension 'ignore'
[0.450s] colcon.colcon_core.package_identification Level 1 _identify(/home/aiv/YongJun_ws/ros2_ws/src/zed-ros2-examples/examples/zed_depth_to_laserscan) by extension 'ignore_ament_install'
[0.450s] colcon.colcon_core.package_identification Level 1 _identify(/home/aiv/YongJun_ws/ros2_ws/src/zed-ros2-examples/examples/zed_depth_to_laserscan) by extensions ['colcon_pkg']
[0.450s] colcon.colcon_core.package_identification Level 1 _identify(/home/aiv/YongJun_ws/ros2_ws/src/zed-ros2-examples/examples/zed_depth_to_laserscan) by extension 'colcon_pkg'
[0.450s] colcon.colcon_core.package_identification Level 1 _identify(/home/aiv/YongJun_ws/ros2_ws/src/zed-ros2-examples/examples/zed_depth_to_laserscan) by extensions ['colcon_meta']
[0.450s] colcon.colcon_core.package_identification Level 1 _identify(/home/aiv/YongJun_ws/ros2_ws/src/zed-ros2-examples/examples/zed_depth_to_laserscan) by extension 'colcon_meta'
[0.450s] colcon.colcon_core.package_identification Level 1 _identify(/home/aiv/YongJun_ws/ros2_ws/src/zed-ros2-examples/examples/zed_depth_to_laserscan) by extensions ['ros']
[0.450s] colcon.colcon_core.package_identification Level 1 _identify(/home/aiv/YongJun_ws/ros2_ws/src/zed-ros2-examples/examples/zed_depth_to_laserscan) by extension 'ros'
[0.450s] colcon.colcon_core.package_identification DEBUG Package '/home/aiv/YongJun_ws/ros2_ws/src/zed-ros2-examples/examples/zed_depth_to_laserscan' with type 'ros.ament_cmake' and name 'zed_depth_to_laserscan'
[0.450s] colcon.colcon_core.package_identification Level 1 _identify(/home/aiv/YongJun_ws/ros2_ws/src/zed-ros2-examples/rviz-plugin-zed-od) by extensions ['ignore', 'ignore_ament_install']
[0.450s] colcon.colcon_core.package_identification Level 1 _identify(/home/aiv/YongJun_ws/ros2_ws/src/zed-ros2-examples/rviz-plugin-zed-od) by extension 'ignore'
[0.450s] colcon.colcon_core.package_identification Level 1 _identify(/home/aiv/YongJun_ws/ros2_ws/src/zed-ros2-examples/rviz-plugin-zed-od) by extension 'ignore_ament_install'
[0.450s] colcon.colcon_core.package_identification Level 1 _identify(/home/aiv/YongJun_ws/ros2_ws/src/zed-ros2-examples/rviz-plugin-zed-od) by extensions ['colcon_pkg']
[0.450s] colcon.colcon_core.package_identification Level 1 _identify(/home/aiv/YongJun_ws/ros2_ws/src/zed-ros2-examples/rviz-plugin-zed-od) by extension 'colcon_pkg'
[0.450s] colcon.colcon_core.package_identification Level 1 _identify(/home/aiv/YongJun_ws/ros2_ws/src/zed-ros2-examples/rviz-plugin-zed-od) by extensions ['colcon_meta']
[0.450s] colcon.colcon_core.package_identification Level 1 _identify(/home/aiv/YongJun_ws/ros2_ws/src/zed-ros2-examples/rviz-plugin-zed-od) by extension 'colcon_meta'
[0.451s] colcon.colcon_core.package_identification Level 1 _identify(/home/aiv/YongJun_ws/ros2_ws/src/zed-ros2-examples/rviz-plugin-zed-od) by extensions ['ros']
[0.451s] colcon.colcon_core.package_identification Level 1 _identify(/home/aiv/YongJun_ws/ros2_ws/src/zed-ros2-examples/rviz-plugin-zed-od) by extension 'ros'
[0.451s] colcon.colcon_core.package_identification DEBUG Package '/home/aiv/YongJun_ws/ros2_ws/src/zed-ros2-examples/rviz-plugin-zed-od' with type 'ros.ament_cmake' and name 'rviz_plugin_zed_od'
[0.451s] colcon.colcon_core.package_identification Level 1 _identify(/home/aiv/YongJun_ws/ros2_ws/src/zed-ros2-examples/tools) by extensions ['ignore', 'ignore_ament_install']
[0.451s] colcon.colcon_core.package_identification Level 1 _identify(/home/aiv/YongJun_ws/ros2_ws/src/zed-ros2-examples/tools) by extension 'ignore'
[0.451s] colcon.colcon_core.package_identification Level 1 _identify(/home/aiv/YongJun_ws/ros2_ws/src/zed-ros2-examples/tools) by extension 'ignore_ament_install'
[0.451s] colcon.colcon_core.package_identification Level 1 _identify(/home/aiv/YongJun_ws/ros2_ws/src/zed-ros2-examples/tools) by extensions ['colcon_pkg']
[0.451s] colcon.colcon_core.package_identification Level 1 _identify(/home/aiv/YongJun_ws/ros2_ws/src/zed-ros2-examples/tools) by extension 'colcon_pkg'
[0.451s] colcon.colcon_core.package_identification Level 1 _identify(/home/aiv/YongJun_ws/ros2_ws/src/zed-ros2-examples/tools) by extensions ['colcon_meta']
[0.451s] colcon.colcon_core.package_identification Level 1 _identify(/home/aiv/YongJun_ws/ros2_ws/src/zed-ros2-examples/tools) by extension 'colcon_meta'
[0.451s] colcon.colcon_core.package_identification Level 1 _identify(/home/aiv/YongJun_ws/ros2_ws/src/zed-ros2-examples/tools) by extensions ['ros']
[0.451s] colcon.colcon_core.package_identification Level 1 _identify(/home/aiv/YongJun_ws/ros2_ws/src/zed-ros2-examples/tools) by extension 'ros'
[0.451s] colcon.colcon_core.package_identification Level 1 _identify(/home/aiv/YongJun_ws/ros2_ws/src/zed-ros2-examples/tools) by extensions ['cmake', 'python']
[0.451s] colcon.colcon_core.package_identification Level 1 _identify(/home/aiv/YongJun_ws/ros2_ws/src/zed-ros2-examples/tools) by extension 'cmake'
[0.451s] colcon.colcon_core.package_identification Level 1 _identify(/home/aiv/YongJun_ws/ros2_ws/src/zed-ros2-examples/tools) by extension 'python'
[0.451s] colcon.colcon_core.package_identification Level 1 _identify(/home/aiv/YongJun_ws/ros2_ws/src/zed-ros2-examples/tools) by extensions ['python_setup_py']
[0.451s] colcon.colcon_core.package_identification Level 1 _identify(/home/aiv/YongJun_ws/ros2_ws/src/zed-ros2-examples/tools) by extension 'python_setup_py'
[0.452s] colcon.colcon_core.package_identification Level 1 _identify(/home/aiv/YongJun_ws/ros2_ws/src/zed-ros2-examples/tools/zed_benchmark) by extensions ['ignore', 'ignore_ament_install']
[0.452s] colcon.colcon_core.package_identification Level 1 _identify(/home/aiv/YongJun_ws/ros2_ws/src/zed-ros2-examples/tools/zed_benchmark) by extension 'ignore'
[0.452s] colcon.colcon_core.package_identification Level 1 _identify(/home/aiv/YongJun_ws/ros2_ws/src/zed-ros2-examples/tools/zed_benchmark) by extension 'ignore_ament_install'
[0.452s] colcon.colcon_core.package_identification Level 1 _identify(/home/aiv/YongJun_ws/ros2_ws/src/zed-ros2-examples/tools/zed_benchmark) by extensions ['colcon_pkg']
[0.452s] colcon.colcon_core.package_identification Level 1 _identify(/home/aiv/YongJun_ws/ros2_ws/src/zed-ros2-examples/tools/zed_benchmark) by extension 'colcon_pkg'
[0.452s] colcon.colcon_core.package_identification Level 1 _identify(/home/aiv/YongJun_ws/ros2_ws/src/zed-ros2-examples/tools/zed_benchmark) by extensions ['colcon_meta']
[0.452s] colcon.colcon_core.package_identification Level 1 _identify(/home/aiv/YongJun_ws/ros2_ws/src/zed-ros2-examples/tools/zed_benchmark) by extension 'colcon_meta'
[0.452s] colcon.colcon_core.package_identification Level 1 _identify(/home/aiv/YongJun_ws/ros2_ws/src/zed-ros2-examples/tools/zed_benchmark) by extensions ['ros']
[0.452s] colcon.colcon_core.package_identification Level 1 _identify(/home/aiv/YongJun_ws/ros2_ws/src/zed-ros2-examples/tools/zed_benchmark) by extension 'ros'
[0.452s] colcon.colcon_core.package_identification DEBUG Package '/home/aiv/YongJun_ws/ros2_ws/src/zed-ros2-examples/tools/zed_benchmark' with type 'ros.ament_cmake' and name 'zed_topic_benchmark'
[0.452s] colcon.colcon_core.package_identification Level 1 _identify(/home/aiv/YongJun_ws/ros2_ws/src/zed-ros2-examples/tools/zed_benchmark_component) by extensions ['ignore', 'ignore_ament_install']
[0.453s] colcon.colcon_core.package_identification Level 1 _identify(/home/aiv/YongJun_ws/ros2_ws/src/zed-ros2-examples/tools/zed_benchmark_component) by extension 'ignore'
[0.453s] colcon.colcon_core.package_identification Level 1 _identify(/home/aiv/YongJun_ws/ros2_ws/src/zed-ros2-examples/tools/zed_benchmark_component) by extension 'ignore_ament_install'
[0.453s] colcon.colcon_core.package_identification Level 1 _identify(/home/aiv/YongJun_ws/ros2_ws/src/zed-ros2-examples/tools/zed_benchmark_component) by extensions ['colcon_pkg']
[0.453s] colcon.colcon_core.package_identification Level 1 _identify(/home/aiv/YongJun_ws/ros2_ws/src/zed-ros2-examples/tools/zed_benchmark_component) by extension 'colcon_pkg'
[0.453s] colcon.colcon_core.package_identification Level 1 _identify(/home/aiv/YongJun_ws/ros2_ws/src/zed-ros2-examples/tools/zed_benchmark_component) by extensions ['colcon_meta']
[0.453s] colcon.colcon_core.package_identification Level 1 _identify(/home/aiv/YongJun_ws/ros2_ws/src/zed-ros2-examples/tools/zed_benchmark_component) by extension 'colcon_meta'
[0.453s] colcon.colcon_core.package_identification Level 1 _identify(/home/aiv/YongJun_ws/ros2_ws/src/zed-ros2-examples/tools/zed_benchmark_component) by extensions ['ros']
[0.453s] colcon.colcon_core.package_identification Level 1 _identify(/home/aiv/YongJun_ws/ros2_ws/src/zed-ros2-examples/tools/zed_benchmark_component) by extension 'ros'
[0.453s] colcon.colcon_core.package_identification DEBUG Package '/home/aiv/YongJun_ws/ros2_ws/src/zed-ros2-examples/tools/zed_benchmark_component' with type 'ros.ament_cmake' and name 'zed_topic_benchmark_component'
[0.453s] colcon.colcon_core.package_identification Level 1 _identify(/home/aiv/YongJun_ws/ros2_ws/src/zed-ros2-examples/tools/zed_benchmark_interfaces) by extensions ['ignore', 'ignore_ament_install']
[0.453s] colcon.colcon_core.package_identification Level 1 _identify(/home/aiv/YongJun_ws/ros2_ws/src/zed-ros2-examples/tools/zed_benchmark_interfaces) by extension 'ignore'
[0.453s] colcon.colcon_core.package_identification Level 1 _identify(/home/aiv/YongJun_ws/ros2_ws/src/zed-ros2-examples/tools/zed_benchmark_interfaces) by extension 'ignore_ament_install'
[0.453s] colcon.colcon_core.package_identification Level 1 _identify(/home/aiv/YongJun_ws/ros2_ws/src/zed-ros2-examples/tools/zed_benchmark_interfaces) by extensions ['colcon_pkg']
[0.453s] colcon.colcon_core.package_identification Level 1 _identify(/home/aiv/YongJun_ws/ros2_ws/src/zed-ros2-examples/tools/zed_benchmark_interfaces) by extension 'colcon_pkg'
[0.454s] colcon.colcon_core.package_identification Level 1 _identify(/home/aiv/YongJun_ws/ros2_ws/src/zed-ros2-examples/tools/zed_benchmark_interfaces) by extensions ['colcon_meta']
[0.454s] colcon.colcon_core.package_identification Level 1 _identify(/home/aiv/YongJun_ws/ros2_ws/src/zed-ros2-examples/tools/zed_benchmark_interfaces) by extension 'colcon_meta'
[0.454s] colcon.colcon_core.package_identification Level 1 _identify(/home/aiv/YongJun_ws/ros2_ws/src/zed-ros2-examples/tools/zed_benchmark_interfaces) by extensions ['ros']
[0.454s] colcon.colcon_core.package_identification Level 1 _identify(/home/aiv/YongJun_ws/ros2_ws/src/zed-ros2-examples/tools/zed_benchmark_interfaces) by extension 'ros'
[0.454s] colcon.colcon_core.package_identification DEBUG Package '/home/aiv/YongJun_ws/ros2_ws/src/zed-ros2-examples/tools/zed_benchmark_interfaces' with type 'ros.ament_cmake' and name 'zed_topic_benchmark_interfaces'
[0.454s] colcon.colcon_core.package_identification Level 1 _identify(/home/aiv/YongJun_ws/ros2_ws/src/zed-ros2-examples/tutorials) by extensions ['ignore', 'ignore_ament_install']
[0.454s] colcon.colcon_core.package_identification Level 1 _identify(/home/aiv/YongJun_ws/ros2_ws/src/zed-ros2-examples/tutorials) by extension 'ignore'
[0.454s] colcon.colcon_core.package_identification Level 1 _identify(/home/aiv/YongJun_ws/ros2_ws/src/zed-ros2-examples/tutorials) by extension 'ignore_ament_install'
[0.454s] colcon.colcon_core.package_identification Level 1 _identify(/home/aiv/YongJun_ws/ros2_ws/src/zed-ros2-examples/tutorials) by extensions ['colcon_pkg']
[0.454s] colcon.colcon_core.package_identification Level 1 _identify(/home/aiv/YongJun_ws/ros2_ws/src/zed-ros2-examples/tutorials) by extension 'colcon_pkg'
[0.454s] colcon.colcon_core.package_identification Level 1 _identify(/home/aiv/YongJun_ws/ros2_ws/src/zed-ros2-examples/tutorials) by extensions ['colcon_meta']
[0.454s] colcon.colcon_core.package_identification Level 1 _identify(/home/aiv/YongJun_ws/ros2_ws/src/zed-ros2-examples/tutorials) by extension 'colcon_meta'
[0.454s] colcon.colcon_core.package_identification Level 1 _identify(/home/aiv/YongJun_ws/ros2_ws/src/zed-ros2-examples/tutorials) by extensions ['ros']
[0.454s] colcon.colcon_core.package_identification Level 1 _identify(/home/aiv/YongJun_ws/ros2_ws/src/zed-ros2-examples/tutorials) by extension 'ros'
[0.454s] colcon.colcon_core.package_identification Level 1 _identify(/home/aiv/YongJun_ws/ros2_ws/src/zed-ros2-examples/tutorials) by extensions ['cmake', 'python']
[0.454s] colcon.colcon_core.package_identification Level 1 _identify(/home/aiv/YongJun_ws/ros2_ws/src/zed-ros2-examples/tutorials) by extension 'cmake'
[0.455s] colcon.colcon_core.package_identification Level 1 _identify(/home/aiv/YongJun_ws/ros2_ws/src/zed-ros2-examples/tutorials) by extension 'python'
[0.455s] colcon.colcon_core.package_identification Level 1 _identify(/home/aiv/YongJun_ws/ros2_ws/src/zed-ros2-examples/tutorials) by extensions ['python_setup_py']
[0.455s] colcon.colcon_core.package_identification Level 1 _identify(/home/aiv/YongJun_ws/ros2_ws/src/zed-ros2-examples/tutorials) by extension 'python_setup_py'
[0.455s] colcon.colcon_core.package_identification Level 1 _identify(/home/aiv/YongJun_ws/ros2_ws/src/zed-ros2-examples/tutorials/zed_depth_tutorial) by extensions ['ignore', 'ignore_ament_install']
[0.455s] colcon.colcon_core.package_identification Level 1 _identify(/home/aiv/YongJun_ws/ros2_ws/src/zed-ros2-examples/tutorials/zed_depth_tutorial) by extension 'ignore'
[0.455s] colcon.colcon_core.package_identification Level 1 _identify(/home/aiv/YongJun_ws/ros2_ws/src/zed-ros2-examples/tutorials/zed_depth_tutorial) by extension 'ignore_ament_install'
[0.455s] colcon.colcon_core.package_identification Level 1 _identify(/home/aiv/YongJun_ws/ros2_ws/src/zed-ros2-examples/tutorials/zed_depth_tutorial) by extensions ['colcon_pkg']
[0.455s] colcon.colcon_core.package_identification Level 1 _identify(/home/aiv/YongJun_ws/ros2_ws/src/zed-ros2-examples/tutorials/zed_depth_tutorial) by extension 'colcon_pkg'
[0.455s] colcon.colcon_core.package_identification Level 1 _identify(/home/aiv/YongJun_ws/ros2_ws/src/zed-ros2-examples/tutorials/zed_depth_tutorial) by extensions ['colcon_meta']
[0.455s] colcon.colcon_core.package_identification Level 1 _identify(/home/aiv/YongJun_ws/ros2_ws/src/zed-ros2-examples/tutorials/zed_depth_tutorial) by extension 'colcon_meta'
[0.455s] colcon.colcon_core.package_identification Level 1 _identify(/home/aiv/YongJun_ws/ros2_ws/src/zed-ros2-examples/tutorials/zed_depth_tutorial) by extensions ['ros']
[0.455s] colcon.colcon_core.package_identification Level 1 _identify(/home/aiv/YongJun_ws/ros2_ws/src/zed-ros2-examples/tutorials/zed_depth_tutorial) by extension 'ros'
[0.455s] colcon.colcon_core.package_identification DEBUG Package '/home/aiv/YongJun_ws/ros2_ws/src/zed-ros2-examples/tutorials/zed_depth_tutorial' with type 'ros.ament_cmake' and name 'zed_tutorial_depth'
[0.455s] colcon.colcon_core.package_identification Level 1 _identify(/home/aiv/YongJun_ws/ros2_ws/src/zed-ros2-examples/tutorials/zed_multi_camera) by extensions ['ignore', 'ignore_ament_install']
[0.456s] colcon.colcon_core.package_identification Level 1 _identify(/home/aiv/YongJun_ws/ros2_ws/src/zed-ros2-examples/tutorials/zed_multi_camera) by extension 'ignore'
[0.456s] colcon.colcon_core.package_identification Level 1 _identify(/home/aiv/YongJun_ws/ros2_ws/src/zed-ros2-examples/tutorials/zed_multi_camera) by extension 'ignore_ament_install'
[0.456s] colcon.colcon_core.package_identification Level 1 _identify(/home/aiv/YongJun_ws/ros2_ws/src/zed-ros2-examples/tutorials/zed_multi_camera) by extensions ['colcon_pkg']
[0.456s] colcon.colcon_core.package_identification Level 1 _identify(/home/aiv/YongJun_ws/ros2_ws/src/zed-ros2-examples/tutorials/zed_multi_camera) by extension 'colcon_pkg'
[0.456s] colcon.colcon_core.package_identification Level 1 _identify(/home/aiv/YongJun_ws/ros2_ws/src/zed-ros2-examples/tutorials/zed_multi_camera) by extensions ['colcon_meta']
[0.456s] colcon.colcon_core.package_identification Level 1 _identify(/home/aiv/YongJun_ws/ros2_ws/src/zed-ros2-examples/tutorials/zed_multi_camera) by extension 'colcon_meta'
[0.456s] colcon.colcon_core.package_identification Level 1 _identify(/home/aiv/YongJun_ws/ros2_ws/src/zed-ros2-examples/tutorials/zed_multi_camera) by extensions ['ros']
[0.456s] colcon.colcon_core.package_identification Level 1 _identify(/home/aiv/YongJun_ws/ros2_ws/src/zed-ros2-examples/tutorials/zed_multi_camera) by extension 'ros'
[0.456s] colcon.colcon_core.package_identification DEBUG Package '/home/aiv/YongJun_ws/ros2_ws/src/zed-ros2-examples/tutorials/zed_multi_camera' with type 'ros.ament_cmake' and name 'zed_multi_camera'
[0.456s] colcon.colcon_core.package_identification Level 1 _identify(/home/aiv/YongJun_ws/ros2_ws/src/zed-ros2-examples/tutorials/zed_pose_tutorial) by extensions ['ignore', 'ignore_ament_install']
[0.456s] colcon.colcon_core.package_identification Level 1 _identify(/home/aiv/YongJun_ws/ros2_ws/src/zed-ros2-examples/tutorials/zed_pose_tutorial) by extension 'ignore'
[0.456s] colcon.colcon_core.package_identification Level 1 _identify(/home/aiv/YongJun_ws/ros2_ws/src/zed-ros2-examples/tutorials/zed_pose_tutorial) by extension 'ignore_ament_install'
[0.456s] colcon.colcon_core.package_identification Level 1 _identify(/home/aiv/YongJun_ws/ros2_ws/src/zed-ros2-examples/tutorials/zed_pose_tutorial) by extensions ['colcon_pkg']
[0.456s] colcon.colcon_core.package_identification Level 1 _identify(/home/aiv/YongJun_ws/ros2_ws/src/zed-ros2-examples/tutorials/zed_pose_tutorial) by extension 'colcon_pkg'
[0.456s] colcon.colcon_core.package_identification Level 1 _identify(/home/aiv/YongJun_ws/ros2_ws/src/zed-ros2-examples/tutorials/zed_pose_tutorial) by extensions ['colcon_meta']
[0.456s] colcon.colcon_core.package_identification Level 1 _identify(/home/aiv/YongJun_ws/ros2_ws/src/zed-ros2-examples/tutorials/zed_pose_tutorial) by extension 'colcon_meta'
[0.457s] colcon.colcon_core.package_identification Level 1 _identify(/home/aiv/YongJun_ws/ros2_ws/src/zed-ros2-examples/tutorials/zed_pose_tutorial) by extensions ['ros']
[0.457s] colcon.colcon_core.package_identification Level 1 _identify(/home/aiv/YongJun_ws/ros2_ws/src/zed-ros2-examples/tutorials/zed_pose_tutorial) by extension 'ros'
[0.457s] colcon.colcon_core.package_identification DEBUG Package '/home/aiv/YongJun_ws/ros2_ws/src/zed-ros2-examples/tutorials/zed_pose_tutorial' with type 'ros.ament_cmake' and name 'zed_tutorial_pos_tracking'
[0.457s] colcon.colcon_core.package_identification Level 1 _identify(/home/aiv/YongJun_ws/ros2_ws/src/zed-ros2-examples/tutorials/zed_rgb_convert) by extensions ['ignore', 'ignore_ament_install']
[0.457s] colcon.colcon_core.package_identification Level 1 _identify(/home/aiv/YongJun_ws/ros2_ws/src/zed-ros2-examples/tutorials/zed_rgb_convert) by extension 'ignore'
[0.457s] colcon.colcon_core.package_identification Level 1 _identify(/home/aiv/YongJun_ws/ros2_ws/src/zed-ros2-examples/tutorials/zed_rgb_convert) by extension 'ignore_ament_install'
[0.457s] colcon.colcon_core.package_identification Level 1 _identify(/home/aiv/YongJun_ws/ros2_ws/src/zed-ros2-examples/tutorials/zed_rgb_convert) by extensions ['colcon_pkg']
[0.457s] colcon.colcon_core.package_identification Level 1 _identify(/home/aiv/YongJun_ws/ros2_ws/src/zed-ros2-examples/tutorials/zed_rgb_convert) by extension 'colcon_pkg'
[0.457s] colcon.colcon_core.package_identification Level 1 _identify(/home/aiv/YongJun_ws/ros2_ws/src/zed-ros2-examples/tutorials/zed_rgb_convert) by extensions ['colcon_meta']
[0.458s] colcon.colcon_core.package_identification Level 1 _identify(/home/aiv/YongJun_ws/ros2_ws/src/zed-ros2-examples/tutorials/zed_rgb_convert) by extension 'colcon_meta'
[0.458s] colcon.colcon_core.package_identification Level 1 _identify(/home/aiv/YongJun_ws/ros2_ws/src/zed-ros2-examples/tutorials/zed_rgb_convert) by extensions ['ros']
[0.458s] colcon.colcon_core.package_identification Level 1 _identify(/home/aiv/YongJun_ws/ros2_ws/src/zed-ros2-examples/tutorials/zed_rgb_convert) by extension 'ros'
[0.458s] colcon.colcon_core.package_identification DEBUG Package '/home/aiv/YongJun_ws/ros2_ws/src/zed-ros2-examples/tutorials/zed_rgb_convert' with type 'ros.ament_cmake' and name 'zed_rgb_convert'
[0.458s] colcon.colcon_core.package_identification Level 1 _identify(/home/aiv/YongJun_ws/ros2_ws/src/zed-ros2-examples/tutorials/zed_robot_integration) by extensions ['ignore', 'ignore_ament_install']
[0.458s] colcon.colcon_core.package_identification Level 1 _identify(/home/aiv/YongJun_ws/ros2_ws/src/zed-ros2-examples/tutorials/zed_robot_integration) by extension 'ignore'
[0.458s] colcon.colcon_core.package_identification Level 1 _identify(/home/aiv/YongJun_ws/ros2_ws/src/zed-ros2-examples/tutorials/zed_robot_integration) by extension 'ignore_ament_install'
[0.458s] colcon.colcon_core.package_identification Level 1 _identify(/home/aiv/YongJun_ws/ros2_ws/src/zed-ros2-examples/tutorials/zed_robot_integration) by extensions ['colcon_pkg']
[0.458s] colcon.colcon_core.package_identification Level 1 _identify(/home/aiv/YongJun_ws/ros2_ws/src/zed-ros2-examples/tutorials/zed_robot_integration) by extension 'colcon_pkg'
[0.458s] colcon.colcon_core.package_identification Level 1 _identify(/home/aiv/YongJun_ws/ros2_ws/src/zed-ros2-examples/tutorials/zed_robot_integration) by extensions ['colcon_meta']
[0.458s] colcon.colcon_core.package_identification Level 1 _identify(/home/aiv/YongJun_ws/ros2_ws/src/zed-ros2-examples/tutorials/zed_robot_integration) by extension 'colcon_meta'
[0.458s] colcon.colcon_core.package_identification Level 1 _identify(/home/aiv/YongJun_ws/ros2_ws/src/zed-ros2-examples/tutorials/zed_robot_integration) by extensions ['ros']
[0.458s] colcon.colcon_core.package_identification Level 1 _identify(/home/aiv/YongJun_ws/ros2_ws/src/zed-ros2-examples/tutorials/zed_robot_integration) by extension 'ros'
[0.459s] colcon.colcon_core.package_identification DEBUG Package '/home/aiv/YongJun_ws/ros2_ws/src/zed-ros2-examples/tutorials/zed_robot_integration' with type 'ros.ament_cmake' and name 'zed_robot_integration'
[0.459s] colcon.colcon_core.package_identification Level 1 _identify(/home/aiv/YongJun_ws/ros2_ws/src/zed-ros2-examples/tutorials/zed_video_tutorial) by extensions ['ignore', 'ignore_ament_install']
[0.459s] colcon.colcon_core.package_identification Level 1 _identify(/home/aiv/YongJun_ws/ros2_ws/src/zed-ros2-examples/tutorials/zed_video_tutorial) by extension 'ignore'
[0.459s] colcon.colcon_core.package_identification Level 1 _identify(/home/aiv/YongJun_ws/ros2_ws/src/zed-ros2-examples/tutorials/zed_video_tutorial) by extension 'ignore_ament_install'
[0.459s] colcon.colcon_core.package_identification Level 1 _identify(/home/aiv/YongJun_ws/ros2_ws/src/zed-ros2-examples/tutorials/zed_video_tutorial) by extensions ['colcon_pkg']
[0.459s] colcon.colcon_core.package_identification Level 1 _identify(/home/aiv/YongJun_ws/ros2_ws/src/zed-ros2-examples/tutorials/zed_video_tutorial) by extension 'colcon_pkg'
[0.459s] colcon.colcon_core.package_identification Level 1 _identify(/home/aiv/YongJun_ws/ros2_ws/src/zed-ros2-examples/tutorials/zed_video_tutorial) by extensions ['colcon_meta']
[0.459s] colcon.colcon_core.package_identification Level 1 _identify(/home/aiv/YongJun_ws/ros2_ws/src/zed-ros2-examples/tutorials/zed_video_tutorial) by extension 'colcon_meta'
[0.459s] colcon.colcon_core.package_identification Level 1 _identify(/home/aiv/YongJun_ws/ros2_ws/src/zed-ros2-examples/tutorials/zed_video_tutorial) by extensions ['ros']
[0.459s] colcon.colcon_core.package_identification Level 1 _identify(/home/aiv/YongJun_ws/ros2_ws/src/zed-ros2-examples/tutorials/zed_video_tutorial) by extension 'ros'
[0.459s] colcon.colcon_core.package_identification DEBUG Package '/home/aiv/YongJun_ws/ros2_ws/src/zed-ros2-examples/tutorials/zed_video_tutorial' with type 'ros.ament_cmake' and name 'zed_tutorial_video'
[0.460s] colcon.colcon_core.package_identification Level 1 _identify(/home/aiv/YongJun_ws/ros2_ws/src/zed-ros2-examples/zed_display_rviz2) by extensions ['ignore', 'ignore_ament_install']
[0.460s] colcon.colcon_core.package_identification Level 1 _identify(/home/aiv/YongJun_ws/ros2_ws/src/zed-ros2-examples/zed_display_rviz2) by extension 'ignore'
[0.460s] colcon.colcon_core.package_identification Level 1 _identify(/home/aiv/YongJun_ws/ros2_ws/src/zed-ros2-examples/zed_display_rviz2) by extension 'ignore_ament_install'
[0.460s] colcon.colcon_core.package_identification Level 1 _identify(/home/aiv/YongJun_ws/ros2_ws/src/zed-ros2-examples/zed_display_rviz2) by extensions ['colcon_pkg']
[0.460s] colcon.colcon_core.package_identification Level 1 _identify(/home/aiv/YongJun_ws/ros2_ws/src/zed-ros2-examples/zed_display_rviz2) by extension 'colcon_pkg'
[0.460s] colcon.colcon_core.package_identification Level 1 _identify(/home/aiv/YongJun_ws/ros2_ws/src/zed-ros2-examples/zed_display_rviz2) by extensions ['colcon_meta']
[0.460s] colcon.colcon_core.package_identification Level 1 _identify(/home/aiv/YongJun_ws/ros2_ws/src/zed-ros2-examples/zed_display_rviz2) by extension 'colcon_meta'
[0.460s] colcon.colcon_core.package_identification Level 1 _identify(/home/aiv/YongJun_ws/ros2_ws/src/zed-ros2-examples/zed_display_rviz2) by extensions ['ros']
[0.460s] colcon.colcon_core.package_identification Level 1 _identify(/home/aiv/YongJun_ws/ros2_ws/src/zed-ros2-examples/zed_display_rviz2) by extension 'ros'
[0.460s] colcon.colcon_core.package_identification DEBUG Package '/home/aiv/YongJun_ws/ros2_ws/src/zed-ros2-examples/zed_display_rviz2' with type 'ros.ament_cmake' and name 'zed_display_rviz2'
[0.460s] colcon.colcon_core.package_identification Level 1 _identify(/home/aiv/YongJun_ws/ros2_ws/src/zed-ros2-wrapper) by extensions ['ignore', 'ignore_ament_install']
[0.460s] colcon.colcon_core.package_identification Level 1 _identify(/home/aiv/YongJun_ws/ros2_ws/src/zed-ros2-wrapper) by extension 'ignore'
[0.460s] colcon.colcon_core.package_identification Level 1 _identify(/home/aiv/YongJun_ws/ros2_ws/src/zed-ros2-wrapper) by extension 'ignore_ament_install'
[0.460s] colcon.colcon_core.package_identification Level 1 _identify(/home/aiv/YongJun_ws/ros2_ws/src/zed-ros2-wrapper) by extensions ['colcon_pkg']
[0.461s] colcon.colcon_core.package_identification Level 1 _identify(/home/aiv/YongJun_ws/ros2_ws/src/zed-ros2-wrapper) by extension 'colcon_pkg'
[0.461s] colcon.colcon_core.package_identification Level 1 _identify(/home/aiv/YongJun_ws/ros2_ws/src/zed-ros2-wrapper) by extensions ['colcon_meta']
[0.461s] colcon.colcon_core.package_identification Level 1 _identify(/home/aiv/YongJun_ws/ros2_ws/src/zed-ros2-wrapper) by extension 'colcon_meta'
[0.461s] colcon.colcon_core.package_identification Level 1 _identify(/home/aiv/YongJun_ws/ros2_ws/src/zed-ros2-wrapper) by extensions ['ros']
[0.461s] colcon.colcon_core.package_identification Level 1 _identify(/home/aiv/YongJun_ws/ros2_ws/src/zed-ros2-wrapper) by extension 'ros'
[0.461s] colcon.colcon_core.package_identification Level 1 _identify(/home/aiv/YongJun_ws/ros2_ws/src/zed-ros2-wrapper) by extensions ['cmake', 'python']
[0.461s] colcon.colcon_core.package_identification Level 1 _identify(/home/aiv/YongJun_ws/ros2_ws/src/zed-ros2-wrapper) by extension 'cmake'
[0.461s] colcon.colcon_core.package_identification Level 1 _identify(/home/aiv/YongJun_ws/ros2_ws/src/zed-ros2-wrapper) by extension 'python'
[0.461s] colcon.colcon_core.package_identification Level 1 _identify(/home/aiv/YongJun_ws/ros2_ws/src/zed-ros2-wrapper) by extensions ['python_setup_py']
[0.461s] colcon.colcon_core.package_identification Level 1 _identify(/home/aiv/YongJun_ws/ros2_ws/src/zed-ros2-wrapper) by extension 'python_setup_py'
[0.461s] colcon.colcon_core.package_identification Level 1 _identify(/home/aiv/YongJun_ws/ros2_ws/src/zed-ros2-wrapper/docker) by extensions ['ignore', 'ignore_ament_install']
[0.461s] colcon.colcon_core.package_identification Level 1 _identify(/home/aiv/YongJun_ws/ros2_ws/src/zed-ros2-wrapper/docker) by extension 'ignore'
[0.461s] colcon.colcon_core.package_identification Level 1 _identify(/home/aiv/YongJun_ws/ros2_ws/src/zed-ros2-wrapper/docker) by extension 'ignore_ament_install'
[0.461s] colcon.colcon_core.package_identification Level 1 _identify(/home/aiv/YongJun_ws/ros2_ws/src/zed-ros2-wrapper/docker) by extensions ['colcon_pkg']
[0.461s] colcon.colcon_core.package_identification Level 1 _identify(/home/aiv/YongJun_ws/ros2_ws/src/zed-ros2-wrapper/docker) by extension 'colcon_pkg'
[0.461s] colcon.colcon_core.package_identification Level 1 _identify(/home/aiv/YongJun_ws/ros2_ws/src/zed-ros2-wrapper/docker) by extensions ['colcon_meta']
[0.461s] colcon.colcon_core.package_identification Level 1 _identify(/home/aiv/YongJun_ws/ros2_ws/src/zed-ros2-wrapper/docker) by extension 'colcon_meta'
[0.461s] colcon.colcon_core.package_identification Level 1 _identify(/home/aiv/YongJun_ws/ros2_ws/src/zed-ros2-wrapper/docker) by extensions ['ros']
[0.461s] colcon.colcon_core.package_identification Level 1 _identify(/home/aiv/YongJun_ws/ros2_ws/src/zed-ros2-wrapper/docker) by extension 'ros'
[0.461s] colcon.colcon_core.package_identification Level 1 _identify(/home/aiv/YongJun_ws/ros2_ws/src/zed-ros2-wrapper/docker) by extensions ['cmake', 'python']
[0.461s] colcon.colcon_core.package_identification Level 1 _identify(/home/aiv/YongJun_ws/ros2_ws/src/zed-ros2-wrapper/docker) by extension 'cmake'
[0.461s] colcon.colcon_core.package_identification Level 1 _identify(/home/aiv/YongJun_ws/ros2_ws/src/zed-ros2-wrapper/docker) by extension 'python'
[0.461s] colcon.colcon_core.package_identification Level 1 _identify(/home/aiv/YongJun_ws/ros2_ws/src/zed-ros2-wrapper/docker) by extensions ['python_setup_py']
[0.461s] colcon.colcon_core.package_identification Level 1 _identify(/home/aiv/YongJun_ws/ros2_ws/src/zed-ros2-wrapper/docker) by extension 'python_setup_py'
[0.461s] colcon.colcon_core.package_identification Level 1 _identify(/home/aiv/YongJun_ws/ros2_ws/src/zed-ros2-wrapper/images) by extensions ['ignore', 'ignore_ament_install']
[0.461s] colcon.colcon_core.package_identification Level 1 _identify(/home/aiv/YongJun_ws/ros2_ws/src/zed-ros2-wrapper/images) by extension 'ignore'
[0.461s] colcon.colcon_core.package_identification Level 1 _identify(/home/aiv/YongJun_ws/ros2_ws/src/zed-ros2-wrapper/images) by extension 'ignore_ament_install'
[0.461s] colcon.colcon_core.package_identification Level 1 _identify(/home/aiv/YongJun_ws/ros2_ws/src/zed-ros2-wrapper/images) by extensions ['colcon_pkg']
[0.461s] colcon.colcon_core.package_identification Level 1 _identify(/home/aiv/YongJun_ws/ros2_ws/src/zed-ros2-wrapper/images) by extension 'colcon_pkg'
[0.461s] colcon.colcon_core.package_identification Level 1 _identify(/home/aiv/YongJun_ws/ros2_ws/src/zed-ros2-wrapper/images) by extensions ['colcon_meta']
[0.461s] colcon.colcon_core.package_identification Level 1 _identify(/home/aiv/YongJun_ws/ros2_ws/src/zed-ros2-wrapper/images) by extension 'colcon_meta'
[0.462s] colcon.colcon_core.package_identification Level 1 _identify(/home/aiv/YongJun_ws/ros2_ws/src/zed-ros2-wrapper/images) by extensions ['ros']
[0.462s] colcon.colcon_core.package_identification Level 1 _identify(/home/aiv/YongJun_ws/ros2_ws/src/zed-ros2-wrapper/images) by extension 'ros'
[0.462s] colcon.colcon_core.package_identification Level 1 _identify(/home/aiv/YongJun_ws/ros2_ws/src/zed-ros2-wrapper/images) by extensions ['cmake', 'python']
[0.462s] colcon.colcon_core.package_identification Level 1 _identify(/home/aiv/YongJun_ws/ros2_ws/src/zed-ros2-wrapper/images) by extension 'cmake'
[0.462s] colcon.colcon_core.package_identification Level 1 _identify(/home/aiv/YongJun_ws/ros2_ws/src/zed-ros2-wrapper/images) by extension 'python'
[0.462s] colcon.colcon_core.package_identification Level 1 _identify(/home/aiv/YongJun_ws/ros2_ws/src/zed-ros2-wrapper/images) by extensions ['python_setup_py']
[0.462s] colcon.colcon_core.package_identification Level 1 _identify(/home/aiv/YongJun_ws/ros2_ws/src/zed-ros2-wrapper/images) by extension 'python_setup_py'
[0.462s] colcon.colcon_core.package_identification Level 1 _identify(/home/aiv/YongJun_ws/ros2_ws/src/zed-ros2-wrapper/zed-ros2-interfaces) by extensions ['ignore', 'ignore_ament_install']
[0.462s] colcon.colcon_core.package_identification Level 1 _identify(/home/aiv/YongJun_ws/ros2_ws/src/zed-ros2-wrapper/zed-ros2-interfaces) by extension 'ignore'
[0.462s] colcon.colcon_core.package_identification Level 1 _identify(/home/aiv/YongJun_ws/ros2_ws/src/zed-ros2-wrapper/zed-ros2-interfaces) by extension 'ignore_ament_install'
[0.462s] colcon.colcon_core.package_identification Level 1 _identify(/home/aiv/YongJun_ws/ros2_ws/src/zed-ros2-wrapper/zed-ros2-interfaces) by extensions ['colcon_pkg']
[0.462s] colcon.colcon_core.package_identification Level 1 _identify(/home/aiv/YongJun_ws/ros2_ws/src/zed-ros2-wrapper/zed-ros2-interfaces) by extension 'colcon_pkg'
[0.462s] colcon.colcon_core.package_identification Level 1 _identify(/home/aiv/YongJun_ws/ros2_ws/src/zed-ros2-wrapper/zed-ros2-interfaces) by extensions ['colcon_meta']
[0.462s] colcon.colcon_core.package_identification Level 1 _identify(/home/aiv/YongJun_ws/ros2_ws/src/zed-ros2-wrapper/zed-ros2-interfaces) by extension 'colcon_meta'
[0.462s] colcon.colcon_core.package_identification Level 1 _identify(/home/aiv/YongJun_ws/ros2_ws/src/zed-ros2-wrapper/zed-ros2-interfaces) by extensions ['ros']
[0.462s] colcon.colcon_core.package_identification Level 1 _identify(/home/aiv/YongJun_ws/ros2_ws/src/zed-ros2-wrapper/zed-ros2-interfaces) by extension 'ros'
[0.463s] colcon.colcon_core.package_identification DEBUG Package '/home/aiv/YongJun_ws/ros2_ws/src/zed-ros2-wrapper/zed-ros2-interfaces' with type 'ros.ament_cmake' and name 'zed_interfaces'
[0.463s] colcon.colcon_core.package_identification Level 1 _identify(/home/aiv/YongJun_ws/ros2_ws/src/zed-ros2-wrapper/zed_components) by extensions ['ignore', 'ignore_ament_install']
[0.463s] colcon.colcon_core.package_identification Level 1 _identify(/home/aiv/YongJun_ws/ros2_ws/src/zed-ros2-wrapper/zed_components) by extension 'ignore'
[0.463s] colcon.colcon_core.package_identification Level 1 _identify(/home/aiv/YongJun_ws/ros2_ws/src/zed-ros2-wrapper/zed_components) by extension 'ignore_ament_install'
[0.463s] colcon.colcon_core.package_identification Level 1 _identify(/home/aiv/YongJun_ws/ros2_ws/src/zed-ros2-wrapper/zed_components) by extensions ['colcon_pkg']
[0.463s] colcon.colcon_core.package_identification Level 1 _identify(/home/aiv/YongJun_ws/ros2_ws/src/zed-ros2-wrapper/zed_components) by extension 'colcon_pkg'
[0.463s] colcon.colcon_core.package_identification Level 1 _identify(/home/aiv/YongJun_ws/ros2_ws/src/zed-ros2-wrapper/zed_components) by extensions ['colcon_meta']
[0.463s] colcon.colcon_core.package_identification Level 1 _identify(/home/aiv/YongJun_ws/ros2_ws/src/zed-ros2-wrapper/zed_components) by extension 'colcon_meta'
[0.463s] colcon.colcon_core.package_identification Level 1 _identify(/home/aiv/YongJun_ws/ros2_ws/src/zed-ros2-wrapper/zed_components) by extensions ['ros']
[0.463s] colcon.colcon_core.package_identification Level 1 _identify(/home/aiv/YongJun_ws/ros2_ws/src/zed-ros2-wrapper/zed_components) by extension 'ros'
[0.464s] colcon.colcon_core.package_identification DEBUG Package '/home/aiv/YongJun_ws/ros2_ws/src/zed-ros2-wrapper/zed_components' with type 'ros.ament_cmake' and name 'zed_components'
[0.464s] colcon.colcon_core.package_identification Level 1 _identify(/home/aiv/YongJun_ws/ros2_ws/src/zed-ros2-wrapper/zed_ros2) by extensions ['ignore', 'ignore_ament_install']
[0.464s] colcon.colcon_core.package_identification Level 1 _identify(/home/aiv/YongJun_ws/ros2_ws/src/zed-ros2-wrapper/zed_ros2) by extension 'ignore'
[0.464s] colcon.colcon_core.package_identification Level 1 _identify(/home/aiv/YongJun_ws/ros2_ws/src/zed-ros2-wrapper/zed_ros2) by extension 'ignore_ament_install'
[0.464s] colcon.colcon_core.package_identification Level 1 _identify(/home/aiv/YongJun_ws/ros2_ws/src/zed-ros2-wrapper/zed_ros2) by extensions ['colcon_pkg']
[0.464s] colcon.colcon_core.package_identification Level 1 _identify(/home/aiv/YongJun_ws/ros2_ws/src/zed-ros2-wrapper/zed_ros2) by extension 'colcon_pkg'
[0.464s] colcon.colcon_core.package_identification Level 1 _identify(/home/aiv/YongJun_ws/ros2_ws/src/zed-ros2-wrapper/zed_ros2) by extensions ['colcon_meta']
[0.464s] colcon.colcon_core.package_identification Level 1 _identify(/home/aiv/YongJun_ws/ros2_ws/src/zed-ros2-wrapper/zed_ros2) by extension 'colcon_meta'
[0.464s] colcon.colcon_core.package_identification Level 1 _identify(/home/aiv/YongJun_ws/ros2_ws/src/zed-ros2-wrapper/zed_ros2) by extensions ['ros']
[0.464s] colcon.colcon_core.package_identification Level 1 _identify(/home/aiv/YongJun_ws/ros2_ws/src/zed-ros2-wrapper/zed_ros2) by extension 'ros'
[0.464s] colcon.colcon_core.package_identification DEBUG Package '/home/aiv/YongJun_ws/ros2_ws/src/zed-ros2-wrapper/zed_ros2' with type 'ros.ament_cmake' and name 'zed_ros2'
[0.464s] colcon.colcon_core.package_identification Level 1 _identify(/home/aiv/YongJun_ws/ros2_ws/src/zed-ros2-wrapper/zed_wrapper) by extensions ['ignore', 'ignore_ament_install']
[0.464s] colcon.colcon_core.package_identification Level 1 _identify(/home/aiv/YongJun_ws/ros2_ws/src/zed-ros2-wrapper/zed_wrapper) by extension 'ignore'
[0.465s] colcon.colcon_core.package_identification Level 1 _identify(/home/aiv/YongJun_ws/ros2_ws/src/zed-ros2-wrapper/zed_wrapper) by extension 'ignore_ament_install'
[0.465s] colcon.colcon_core.package_identification Level 1 _identify(/home/aiv/YongJun_ws/ros2_ws/src/zed-ros2-wrapper/zed_wrapper) by extensions ['colcon_pkg']
[0.465s] colcon.colcon_core.package_identification Level 1 _identify(/home/aiv/YongJun_ws/ros2_ws/src/zed-ros2-wrapper/zed_wrapper) by extension 'colcon_pkg'
[0.465s] colcon.colcon_core.package_identification Level 1 _identify(/home/aiv/YongJun_ws/ros2_ws/src/zed-ros2-wrapper/zed_wrapper) by extensions ['colcon_meta']
[0.465s] colcon.colcon_core.package_identification Level 1 _identify(/home/aiv/YongJun_ws/ros2_ws/src/zed-ros2-wrapper/zed_wrapper) by extension 'colcon_meta'
[0.465s] colcon.colcon_core.package_identification Level 1 _identify(/home/aiv/YongJun_ws/ros2_ws/src/zed-ros2-wrapper/zed_wrapper) by extensions ['ros']
[0.465s] colcon.colcon_core.package_identification Level 1 _identify(/home/aiv/YongJun_ws/ros2_ws/src/zed-ros2-wrapper/zed_wrapper) by extension 'ros'
[0.465s] colcon.colcon_core.package_identification DEBUG Package '/home/aiv/YongJun_ws/ros2_ws/src/zed-ros2-wrapper/zed_wrapper' with type 'ros.ament_cmake' and name 'zed_wrapper'
[0.465s] colcon.colcon_core.package_discovery Level 1 discover_packages(recursive) using defaults
