-- The C compiler identification is GNU 9.4.0
-- The CXX compiler identification is GNU 9.4.0
-- Check for working C compiler: /usr/bin/cc
-- Check for working C compiler: /usr/bin/cc -- works
-- Detecting C compiler ABI info
-- Detecting C compiler ABI info - done
-- Detecting C compile features
-- Detecting C compile features - done
-- Check for working CXX compiler: /usr/bin/c++
-- Check for working CXX compiler: /usr/bin/c++ -- works
-- Detecting CXX compiler ABI info
-- Detecting CXX compiler ABI info - done
-- Detecting CXX compile features
-- Detecting CXX compile features - done
*** WARNING *** ROS2 foxy is not officially supported by the package 'zed_aruco_localization'. Correct operation is not guaranteed.
-- Found OpenCV: /usr (found suitable version "4.2.0", minimum required is "4") 
-- Looking for sgemm_
-- Looking for sgemm_ - not found
-- Looking for pthread.h
-- Looking for pthread.h - found
-- Performing Test CMAKE_HAVE_LIBC_PTHREAD
-- Performing Test CMAKE_HAVE_LIBC_PTHREAD - Failed
-- Looking for pthread_create in pthreads
-- Looking for pthread_create in pthreads - not found
-- Looking for pthread_create in pthread
-- Looking for pthread_create in pthread - found
-- Found Threads: TRUE  
-- Looking for sgemm_
-- Looking for sgemm_ - found
-- Found BLAS: /usr/lib/x86_64-linux-gnu/libopenblas.so  
-- Found CUDA: /usr/local/cuda-12.2 (found suitable version "12.2", minimum required is "12") 
-- Found CUDA: /usr/local/cuda-12.2 (found version "12.2") 
-- Found ament_cmake_auto: 0.9.12 (/opt/ros/foxy/share/ament_cmake_auto/cmake)
-- Found PythonInterp: /usr/bin/python3 (found suitable version "3.8.10", minimum required is "3") 
-- Using PYTHON_EXECUTABLE: /usr/bin/python3
-- Using all available rosidl_typesupport_c: rosidl_typesupport_fastrtps_c;rosidl_typesupport_introspection_c
-- Found rosidl_adapter: 1.3.1 (/opt/ros/foxy/share/rosidl_adapter/cmake)
-- Found OpenSSL: /usr/lib/x86_64-linux-gnu/libcrypto.so (found version "1.1.1f")  
-- Found FastRTPS: /opt/ros/foxy/include  
-- Using all available rosidl_typesupport_cpp: rosidl_typesupport_fastrtps_cpp;rosidl_typesupport_introspection_cpp
-- Found rmw_implementation_cmake: 1.0.4 (/opt/ros/foxy/share/rmw_implementation_cmake/cmake)
-- Using RMW implementation 'rmw_fastrtps_cpp' as default
-- Found eigen3_cmake_module: 0.1.1 (/opt/ros/foxy/share/eigen3_cmake_module/cmake)
-- Found Eigen3: TRUE (found version "3.3.7") 
-- Found ament_lint_auto: 0.9.8 (/opt/ros/foxy/share/ament_lint_auto/cmake)
-- Added test 'copyright' to check source files copyright and LICENSE
-- Added test 'cppcheck' to perform static code analysis on C / C++ code
-- Configured cppcheck include dirs: 
-- Configured cppcheck exclude dirs and/or files: 
-- Added test 'cpplint' to check C / C++ code against the Google style
-- Configured cpplint exclude dirs and/or files: 
-- Added test 'flake8' to check Python code syntax and style conventions
-- Added test 'lint_cmake' to check CMake code style
-- Added test 'pep257' to check Python code against some of the style conventions in PEP 257
-- Added test 'uncrustify' to check C / C++ code style
-- Configured uncrustify additional arguments: 
-- Added test 'xmllint' to check XML markup files
-- Configuring done
-- Generating done
-- Build files have been written to: /home/aiv/YongJun_ws/ros2_ws/build/zed_aruco_localization
-- Install configuration: "Release"
-- Installing: /home/aiv/YongJun_ws/ros2_ws/install/zed_aruco_localization/share/ament_index/resource_index/package_run_dependencies/zed_aruco_localization
-- Installing: /home/aiv/YongJun_ws/ros2_ws/install/zed_aruco_localization/share/ament_index/resource_index/parent_prefix_path/zed_aruco_localization
-- Installing: /home/aiv/YongJun_ws/ros2_ws/install/zed_aruco_localization/share/zed_aruco_localization/environment/ament_prefix_path.sh
-- Installing: /home/aiv/YongJun_ws/ros2_ws/install/zed_aruco_localization/share/zed_aruco_localization/environment/ament_prefix_path.dsv
-- Installing: /home/aiv/YongJun_ws/ros2_ws/install/zed_aruco_localization/share/zed_aruco_localization/environment/path.sh
-- Installing: /home/aiv/YongJun_ws/ros2_ws/install/zed_aruco_localization/share/zed_aruco_localization/environment/path.dsv
-- Installing: /home/aiv/YongJun_ws/ros2_ws/install/zed_aruco_localization/share/zed_aruco_localization/local_setup.bash
-- Installing: /home/aiv/YongJun_ws/ros2_ws/install/zed_aruco_localization/share/zed_aruco_localization/local_setup.sh
-- Installing: /home/aiv/YongJun_ws/ros2_ws/install/zed_aruco_localization/share/zed_aruco_localization/local_setup.zsh
-- Installing: /home/aiv/YongJun_ws/ros2_ws/install/zed_aruco_localization/share/zed_aruco_localization/local_setup.dsv
-- Installing: /home/aiv/YongJun_ws/ros2_ws/install/zed_aruco_localization/share/zed_aruco_localization/package.dsv
-- Installing: /home/aiv/YongJun_ws/ros2_ws/install/zed_aruco_localization/share/ament_index/resource_index/packages/zed_aruco_localization
-- Installing: /home/aiv/YongJun_ws/ros2_ws/install/zed_aruco_localization/share/zed_aruco_localization/cmake/zed_aruco_localizationConfig.cmake
-- Installing: /home/aiv/YongJun_ws/ros2_ws/install/zed_aruco_localization/share/zed_aruco_localization/cmake/zed_aruco_localizationConfig-version.cmake
-- Installing: /home/aiv/YongJun_ws/ros2_ws/install/zed_aruco_localization/share/zed_aruco_localization/package.xml
