[0.012s] Invoking command in '/home/aiv/YongJun_ws/ros2_ws/build/yolov8_msgs': CMAKE_PREFIX_PATH=/opt/ros/foxy /home/aiv/.local/bin/cmake /home/aiv/YongJun_ws/ros2_ws/src/yolov8_ros/yolov8_msgs -DAMENT_CMAKE_SYMLINK_INSTALL=1 -DCMAKE_INSTALL_PREFIX=/home/aiv/YongJun_ws/ros2_ws/install/yolov8_msgs
[0.056s] -- The C compiler identification is GNU 9.4.0
[0.090s] -- The CXX compiler identification is GNU 9.4.0
[0.096s] -- Detecting C compiler ABI info
[0.127s] -- Detecting C compiler ABI info - done
[0.134s] -- Check for working C compiler: /usr/bin/cc - skipped
[0.134s] -- Detecting C compile features
[0.134s] -- Detecting C compile features - done
[0.136s] -- Detecting CXX compiler ABI info
[0.174s] -- Detecting CXX compiler ABI info - done
[0.181s] -- Check for working CXX compiler: /usr/bin/c++ - skipped
[0.181s] -- Detecting CXX compile features
[0.182s] -- Detecting CXX compile features - done
[0.183s] -- Found ament_cmake: 0.9.12 (/opt/ros/foxy/share/ament_cmake/cmake)
[0.200s] -- Found PythonInterp: /usr/bin/python3 (found suitable version "3.8.10", minimum required is "3") 
[0.200s] -- Using PYTHON_EXECUTABLE: /usr/bin/python3
[0.333s] -- Override CMake install command with custom implementation using symlinks instead of copying resources
[0.347s] -- Found rosidl_default_generators: 1.0.1 (/opt/ros/foxy/share/rosidl_default_generators/cmake)
[0.349s] -- Using all available rosidl_typesupport_c: rosidl_typesupport_fastrtps_c;rosidl_typesupport_introspection_c
[0.353s] -- Found rosidl_adapter: 1.3.1 (/opt/ros/foxy/share/rosidl_adapter/cmake)
[0.413s] -- Found OpenSSL: /usr/lib/x86_64-linux-gnu/libcrypto.so (found version "1.1.1f")  
[0.432s] -- Found FastRTPS: /opt/ros/foxy/include  
[0.484s] -- Using all available rosidl_typesupport_cpp: rosidl_typesupport_fastrtps_cpp;rosidl_typesupport_introspection_cpp
[0.502s] -- Found std_msgs: 2.0.5 (/opt/ros/foxy/share/std_msgs/cmake)
[0.522s] -- Found geometry_msgs: 2.0.5 (/opt/ros/foxy/share/geometry_msgs/cmake)
[0.559s] -- Found PythonInterp: /usr/bin/python3 (found version "3.8.10") 
[0.705s] -- Found ament_cmake_ros: 0.9.2 (/opt/ros/foxy/share/ament_cmake_ros/cmake)
[0.860s] -- Using all available rosidl_typesupport_c: rosidl_typesupport_fastrtps_c;rosidl_typesupport_introspection_c
[0.927s] -- Using all available rosidl_typesupport_cpp: rosidl_typesupport_fastrtps_cpp;rosidl_typesupport_introspection_cpp
[0.945s] -- Found PythonInterp: /usr/bin/python3 (found suitable version "3.8.10", minimum required is "3.5") 
[0.946s] -- Found python_cmake_module: 0.8.1 (/opt/ros/foxy/share/python_cmake_module/cmake)
[0.964s] -- Found PythonLibs: /usr/lib/x86_64-linux-gnu/libpython3.8.so (found suitable version "3.8.10", minimum required is "3.5") 
[0.964s] -- Using PYTHON_EXECUTABLE: /usr/bin/python3
[0.964s] -- Using PYTHON_INCLUDE_DIRS: /usr/include/python3.8
[0.964s] -- Using PYTHON_LIBRARIES: /usr/lib/x86_64-linux-gnu/libpython3.8.so
[0.980s] -- Found PythonExtra: .so  
[1.099s] -- Configuring done
[1.140s] -- Generating done
[1.142s] -- Build files have been written to: /home/aiv/YongJun_ws/ros2_ws/build/yolov8_msgs
[1.149s] Invoked command in '/home/aiv/YongJun_ws/ros2_ws/build/yolov8_msgs' returned '0': CMAKE_PREFIX_PATH=/opt/ros/foxy /home/aiv/.local/bin/cmake /home/aiv/YongJun_ws/ros2_ws/src/yolov8_ros/yolov8_msgs -DAMENT_CMAKE_SYMLINK_INSTALL=1 -DCMAKE_INSTALL_PREFIX=/home/aiv/YongJun_ws/ros2_ws/install/yolov8_msgs
[1.149s] Invoking command in '/home/aiv/YongJun_ws/ros2_ws/build/yolov8_msgs': CMAKE_PREFIX_PATH=/opt/ros/foxy /home/aiv/.local/bin/cmake --build /home/aiv/YongJun_ws/ros2_ws/build/yolov8_msgs -- -j32 -l32
[1.181s] [  1%] [34m[1mGenerating C code for ROS interfaces[0m
[1.184s] [  1%] [34m[1mGenerating C++ code for ROS interfaces[0m
[1.860s] [  1%] Built target yolov8_msgs__cpp
[1.863s] [  2%] [34m[1mGenerating C++ type support dispatch for ROS interfaces[0m
[1.865s] [  2%] [34m[1mGenerating C++ type support for eProsima Fast-RTPS[0m
[1.865s] [  3%] [34m[1mGenerating C++ introspection for ROS interfaces[0m
[1.928s] [  4%] [32mBuilding C object CMakeFiles/yolov8_msgs__rosidl_generator_c.dir/rosidl_generator_c/yolov8_msgs/msg/detail/point2_d__functions.c.o[0m
[1.928s] [  5%] [32mBuilding C object CMakeFiles/yolov8_msgs__rosidl_generator_c.dir/rosidl_generator_c/yolov8_msgs/msg/detail/vector2__functions.c.o[0m
[1.929s] [  5%] [32mBuilding C object CMakeFiles/yolov8_msgs__rosidl_generator_c.dir/rosidl_generator_c/yolov8_msgs/msg/detail/pose2_d__functions.c.o[0m
[1.929s] [  6%] [32mBuilding C object CMakeFiles/yolov8_msgs__rosidl_generator_c.dir/rosidl_generator_c/yolov8_msgs/msg/detail/bounding_box2_d__functions.c.o[0m
[1.929s] [  7%] [32mBuilding C object CMakeFiles/yolov8_msgs__rosidl_generator_c.dir/rosidl_generator_c/yolov8_msgs/msg/detail/bounding_box3_d__functions.c.o[0m
[1.930s] [  8%] [32mBuilding C object CMakeFiles/yolov8_msgs__rosidl_generator_c.dir/rosidl_generator_c/yolov8_msgs/msg/detail/mask__functions.c.o[0m
[1.930s] [  9%] [32mBuilding C object CMakeFiles/yolov8_msgs__rosidl_generator_c.dir/rosidl_generator_c/yolov8_msgs/msg/detail/key_point2_d__functions.c.o[0m
[1.931s] [ 10%] [32mBuilding C object CMakeFiles/yolov8_msgs__rosidl_generator_c.dir/rosidl_generator_c/yolov8_msgs/msg/detail/key_point2_d_array__functions.c.o[0m
[1.931s] [ 11%] [32mBuilding C object CMakeFiles/yolov8_msgs__rosidl_generator_c.dir/rosidl_generator_c/yolov8_msgs/msg/detail/key_point3_d__functions.c.o[0m
[1.931s] [ 11%] [32mBuilding C object CMakeFiles/yolov8_msgs__rosidl_generator_c.dir/rosidl_generator_c/yolov8_msgs/msg/detail/key_point3_d_array__functions.c.o[0m
[1.932s] [ 12%] [32mBuilding C object CMakeFiles/yolov8_msgs__rosidl_generator_c.dir/rosidl_generator_c/yolov8_msgs/msg/detail/detection__functions.c.o[0m
[1.934s] [ 13%] [32mBuilding C object CMakeFiles/yolov8_msgs__rosidl_generator_c.dir/rosidl_generator_c/yolov8_msgs/msg/detail/detection_array__functions.c.o[0m
[1.994s] [ 14%] [32m[1mLinking C shared library libyolov8_msgs__rosidl_generator_c.so[0m
[2.018s] [ 14%] Built target yolov8_msgs__rosidl_generator_c
[2.022s] [ 15%] [34m[1mGenerating C introspection for ROS interfaces[0m
[2.024s] [ 16%] [34m[1mGenerating C type support dispatch for ROS interfaces[0m
[2.551s] [ 17%] [32mBuilding CXX object CMakeFiles/yolov8_msgs__rosidl_typesupport_cpp.dir/rosidl_typesupport_cpp/yolov8_msgs/msg/point2_d__type_support.cpp.o[0m
[2.552s] [ 18%] [32mBuilding CXX object CMakeFiles/yolov8_msgs__rosidl_typesupport_cpp.dir/rosidl_typesupport_cpp/yolov8_msgs/msg/vector2__type_support.cpp.o[0m
[2.552s] [ 19%] [32mBuilding CXX object CMakeFiles/yolov8_msgs__rosidl_typesupport_cpp.dir/rosidl_typesupport_cpp/yolov8_msgs/msg/pose2_d__type_support.cpp.o[0m
[2.552s] [ 20%] [32mBuilding CXX object CMakeFiles/yolov8_msgs__rosidl_typesupport_cpp.dir/rosidl_typesupport_cpp/yolov8_msgs/msg/bounding_box2_d__type_support.cpp.o[0m
[2.552s] [ 20%] [32mBuilding CXX object CMakeFiles/yolov8_msgs__rosidl_typesupport_cpp.dir/rosidl_typesupport_cpp/yolov8_msgs/msg/bounding_box3_d__type_support.cpp.o[0m
[2.553s] [ 21%] [32mBuilding CXX object CMakeFiles/yolov8_msgs__rosidl_typesupport_cpp.dir/rosidl_typesupport_cpp/yolov8_msgs/msg/mask__type_support.cpp.o[0m
[2.553s] [ 23%] [32mBuilding CXX object CMakeFiles/yolov8_msgs__rosidl_typesupport_cpp.dir/rosidl_typesupport_cpp/yolov8_msgs/msg/key_point2_d_array__type_support.cpp.o[0m
[2.553s] [ 23%] [32mBuilding CXX object CMakeFiles/yolov8_msgs__rosidl_typesupport_cpp.dir/rosidl_typesupport_cpp/yolov8_msgs/msg/key_point2_d__type_support.cpp.o[0m
[2.554s] [ 25%] [32mBuilding CXX object CMakeFiles/yolov8_msgs__rosidl_typesupport_cpp.dir/rosidl_typesupport_cpp/yolov8_msgs/msg/key_point3_d_array__type_support.cpp.o[0m
[2.554s] [ 25%] [32mBuilding CXX object CMakeFiles/yolov8_msgs__rosidl_typesupport_cpp.dir/rosidl_typesupport_cpp/yolov8_msgs/msg/key_point3_d__type_support.cpp.o[0m
[2.554s] [ 25%] [32mBuilding CXX object CMakeFiles/yolov8_msgs__rosidl_typesupport_cpp.dir/rosidl_typesupport_cpp/yolov8_msgs/msg/detection__type_support.cpp.o[0m
[2.555s] [ 26%] [32mBuilding CXX object CMakeFiles/yolov8_msgs__rosidl_typesupport_cpp.dir/rosidl_typesupport_cpp/yolov8_msgs/msg/detection_array__type_support.cpp.o[0m
[2.746s] [ 28%] [32mBuilding CXX object CMakeFiles/yolov8_msgs__rosidl_typesupport_fastrtps_cpp.dir/rosidl_typesupport_fastrtps_cpp/yolov8_msgs/msg/detail/dds_fastrtps/point2_d__type_support.cpp.o[0m
[2.746s] [ 28%] [32mBuilding CXX object CMakeFiles/yolov8_msgs__rosidl_typesupport_fastrtps_cpp.dir/rosidl_typesupport_fastrtps_cpp/yolov8_msgs/msg/detail/dds_fastrtps/vector2__type_support.cpp.o[0m
[2.746s] [ 29%] [32mBuilding CXX object CMakeFiles/yolov8_msgs__rosidl_typesupport_fastrtps_cpp.dir/rosidl_typesupport_fastrtps_cpp/yolov8_msgs/msg/detail/dds_fastrtps/pose2_d__type_support.cpp.o[0m
[2.747s] [ 30%] [32mBuilding CXX object CMakeFiles/yolov8_msgs__rosidl_typesupport_fastrtps_cpp.dir/rosidl_typesupport_fastrtps_cpp/yolov8_msgs/msg/detail/dds_fastrtps/bounding_box2_d__type_support.cpp.o[0m
[2.747s] [ 31%] [32mBuilding CXX object CMakeFiles/yolov8_msgs__rosidl_typesupport_fastrtps_cpp.dir/rosidl_typesupport_fastrtps_cpp/yolov8_msgs/msg/detail/dds_fastrtps/bounding_box3_d__type_support.cpp.o[0m
[2.747s] [ 31%] [32mBuilding CXX object CMakeFiles/yolov8_msgs__rosidl_typesupport_fastrtps_cpp.dir/rosidl_typesupport_fastrtps_cpp/yolov8_msgs/msg/detail/dds_fastrtps/mask__type_support.cpp.o[0m
[2.748s] [ 32%] [32mBuilding CXX object CMakeFiles/yolov8_msgs__rosidl_typesupport_fastrtps_cpp.dir/rosidl_typesupport_fastrtps_cpp/yolov8_msgs/msg/detail/dds_fastrtps/key_point2_d_array__type_support.cpp.o[0m
[2.748s] [ 33%] [32mBuilding CXX object CMakeFiles/yolov8_msgs__rosidl_typesupport_fastrtps_cpp.dir/rosidl_typesupport_fastrtps_cpp/yolov8_msgs/msg/detail/dds_fastrtps/key_point3_d__type_support.cpp.o[0m
[2.748s] [ 34%] [32mBuilding CXX object CMakeFiles/yolov8_msgs__rosidl_typesupport_fastrtps_cpp.dir/rosidl_typesupport_fastrtps_cpp/yolov8_msgs/msg/detail/dds_fastrtps/key_point3_d_array__type_support.cpp.o[0m
[2.748s] [ 34%] [32mBuilding CXX object CMakeFiles/yolov8_msgs__rosidl_typesupport_fastrtps_cpp.dir/rosidl_typesupport_fastrtps_cpp/yolov8_msgs/msg/detail/dds_fastrtps/detection_array__type_support.cpp.o[0m
[2.749s] [ 35%] [32mBuilding CXX object CMakeFiles/yolov8_msgs__rosidl_typesupport_fastrtps_cpp.dir/rosidl_typesupport_fastrtps_cpp/yolov8_msgs/msg/detail/dds_fastrtps/key_point2_d__type_support.cpp.o[0m
[2.749s] [ 36%] [32mBuilding CXX object CMakeFiles/yolov8_msgs__rosidl_typesupport_fastrtps_cpp.dir/rosidl_typesupport_fastrtps_cpp/yolov8_msgs/msg/detail/dds_fastrtps/detection__type_support.cpp.o[0m
[2.905s] [ 37%] [32mBuilding C object CMakeFiles/yolov8_msgs__rosidl_typesupport_introspection_c.dir/rosidl_typesupport_introspection_c/yolov8_msgs/msg/detail/point2_d__type_support.c.o[0m
[2.905s] [ 38%] [32mBuilding C object CMakeFiles/yolov8_msgs__rosidl_typesupport_introspection_c.dir/rosidl_typesupport_introspection_c/yolov8_msgs/msg/detail/vector2__type_support.c.o[0m
[2.906s] [ 38%] [32mBuilding C object CMakeFiles/yolov8_msgs__rosidl_typesupport_introspection_c.dir/rosidl_typesupport_introspection_c/yolov8_msgs/msg/detail/bounding_box2_d__type_support.c.o[0m
[2.906s] [ 39%] [32mBuilding C object CMakeFiles/yolov8_msgs__rosidl_typesupport_introspection_c.dir/rosidl_typesupport_introspection_c/yolov8_msgs/msg/detail/pose2_d__type_support.c.o[0m
[2.907s] [ 40%] [32mBuilding C object CMakeFiles/yolov8_msgs__rosidl_typesupport_introspection_c.dir/rosidl_typesupport_introspection_c/yolov8_msgs/msg/detail/bounding_box3_d__type_support.c.o[0m
[2.908s] [ 41%] [32mBuilding C object CMakeFiles/yolov8_msgs__rosidl_typesupport_introspection_c.dir/rosidl_typesupport_introspection_c/yolov8_msgs/msg/detail/key_point2_d_array__type_support.c.o[0m
[2.910s] [ 42%] [32mBuilding C object CMakeFiles/yolov8_msgs__rosidl_typesupport_introspection_c.dir/rosidl_typesupport_introspection_c/yolov8_msgs/msg/detail/key_point2_d__type_support.c.o[0m
[2.924s] [ 43%] [32mBuilding C object CMakeFiles/yolov8_msgs__rosidl_typesupport_introspection_c.dir/rosidl_typesupport_introspection_c/yolov8_msgs/msg/detail/mask__type_support.c.o[0m
[2.942s] [ 44%] [32mBuilding C object CMakeFiles/yolov8_msgs__rosidl_typesupport_introspection_c.dir/rosidl_typesupport_introspection_c/yolov8_msgs/msg/detail/key_point3_d__type_support.c.o[0m
[2.945s] [ 45%] [32mBuilding C object CMakeFiles/yolov8_msgs__rosidl_typesupport_introspection_c.dir/rosidl_typesupport_introspection_c/yolov8_msgs/msg/detail/key_point3_d_array__type_support.c.o[0m
[2.950s] [ 45%] [32mBuilding C object CMakeFiles/yolov8_msgs__rosidl_typesupport_introspection_c.dir/rosidl_typesupport_introspection_c/yolov8_msgs/msg/detail/detection__type_support.c.o[0m
[2.953s] [ 46%] [32mBuilding C object CMakeFiles/yolov8_msgs__rosidl_typesupport_introspection_c.dir/rosidl_typesupport_introspection_c/yolov8_msgs/msg/detail/detection_array__type_support.c.o[0m
[2.968s] [ 47%] [32m[1mLinking CXX shared library libyolov8_msgs__rosidl_typesupport_cpp.so[0m
[2.995s] [ 48%] [32m[1mLinking C shared library libyolov8_msgs__rosidl_typesupport_introspection_c.so[0m
[2.998s] [ 48%] Built target yolov8_msgs__rosidl_typesupport_cpp
[3.014s] [ 48%] Built target yolov8_msgs__rosidl_typesupport_introspection_c
[3.146s] [ 48%] [32mBuilding CXX object CMakeFiles/yolov8_msgs__rosidl_typesupport_introspection_cpp.dir/rosidl_typesupport_introspection_cpp/yolov8_msgs/msg/detail/point2_d__type_support.cpp.o[0m
[3.147s] [ 49%] [32mBuilding CXX object CMakeFiles/yolov8_msgs__rosidl_typesupport_introspection_cpp.dir/rosidl_typesupport_introspection_cpp/yolov8_msgs/msg/detail/vector2__type_support.cpp.o[0m
[3.147s] [ 50%] [32mBuilding CXX object CMakeFiles/yolov8_msgs__rosidl_typesupport_introspection_cpp.dir/rosidl_typesupport_introspection_cpp/yolov8_msgs/msg/detail/pose2_d__type_support.cpp.o[0m
[3.148s] [ 51%] [32mBuilding CXX object CMakeFiles/yolov8_msgs__rosidl_typesupport_introspection_cpp.dir/rosidl_typesupport_introspection_cpp/yolov8_msgs/msg/detail/bounding_box2_d__type_support.cpp.o[0m
[3.148s] [ 52%] [32mBuilding CXX object CMakeFiles/yolov8_msgs__rosidl_typesupport_introspection_cpp.dir/rosidl_typesupport_introspection_cpp/yolov8_msgs/msg/detail/bounding_box3_d__type_support.cpp.o[0m
[3.149s] [ 53%] [32mBuilding CXX object CMakeFiles/yolov8_msgs__rosidl_typesupport_introspection_cpp.dir/rosidl_typesupport_introspection_cpp/yolov8_msgs/msg/detail/mask__type_support.cpp.o[0m
[3.149s] [ 53%] [32mBuilding CXX object CMakeFiles/yolov8_msgs__rosidl_typesupport_introspection_cpp.dir/rosidl_typesupport_introspection_cpp/yolov8_msgs/msg/detail/key_point2_d__type_support.cpp.o[0m
[3.149s] [ 54%] [32mBuilding CXX object CMakeFiles/yolov8_msgs__rosidl_typesupport_introspection_cpp.dir/rosidl_typesupport_introspection_cpp/yolov8_msgs/msg/detail/key_point2_d_array__type_support.cpp.o[0m
[3.150s] [ 55%] [32mBuilding CXX object CMakeFiles/yolov8_msgs__rosidl_typesupport_introspection_cpp.dir/rosidl_typesupport_introspection_cpp/yolov8_msgs/msg/detail/key_point3_d__type_support.cpp.o[0m
[3.151s] [ 56%] [32mBuilding CXX object CMakeFiles/yolov8_msgs__rosidl_typesupport_introspection_cpp.dir/rosidl_typesupport_introspection_cpp/yolov8_msgs/msg/detail/key_point3_d_array__type_support.cpp.o[0m
[3.151s] [ 57%] [32mBuilding CXX object CMakeFiles/yolov8_msgs__rosidl_typesupport_introspection_cpp.dir/rosidl_typesupport_introspection_cpp/yolov8_msgs/msg/detail/detection__type_support.cpp.o[0m
[3.152s] [ 58%] [32mBuilding CXX object CMakeFiles/yolov8_msgs__rosidl_typesupport_introspection_cpp.dir/rosidl_typesupport_introspection_cpp/yolov8_msgs/msg/detail/detection_array__type_support.cpp.o[0m
[3.193s] [ 59%] [32mBuilding CXX object CMakeFiles/yolov8_msgs__rosidl_typesupport_c.dir/rosidl_typesupport_c/yolov8_msgs/msg/point2_d__type_support.cpp.o[0m
[3.193s] [ 59%] [32mBuilding CXX object CMakeFiles/yolov8_msgs__rosidl_typesupport_c.dir/rosidl_typesupport_c/yolov8_msgs/msg/vector2__type_support.cpp.o[0m
[3.194s] [ 60%] [32mBuilding CXX object CMakeFiles/yolov8_msgs__rosidl_typesupport_c.dir/rosidl_typesupport_c/yolov8_msgs/msg/pose2_d__type_support.cpp.o[0m
[3.194s] [ 61%] [32mBuilding CXX object CMakeFiles/yolov8_msgs__rosidl_typesupport_c.dir/rosidl_typesupport_c/yolov8_msgs/msg/bounding_box3_d__type_support.cpp.o[0m
[3.194s] [ 62%] [32mBuilding CXX object CMakeFiles/yolov8_msgs__rosidl_typesupport_c.dir/rosidl_typesupport_c/yolov8_msgs/msg/bounding_box2_d__type_support.cpp.o[0m
[3.194s] [ 63%] [32mBuilding CXX object CMakeFiles/yolov8_msgs__rosidl_typesupport_c.dir/rosidl_typesupport_c/yolov8_msgs/msg/mask__type_support.cpp.o[0m
[3.194s] [ 64%] [32mBuilding CXX object CMakeFiles/yolov8_msgs__rosidl_typesupport_c.dir/rosidl_typesupport_c/yolov8_msgs/msg/key_point2_d__type_support.cpp.o[0m
[3.208s] [ 64%] [32mBuilding CXX object CMakeFiles/yolov8_msgs__rosidl_typesupport_c.dir/rosidl_typesupport_c/yolov8_msgs/msg/key_point2_d_array__type_support.cpp.o[0m
[3.220s] [ 65%] [32mBuilding CXX object CMakeFiles/yolov8_msgs__rosidl_typesupport_c.dir/rosidl_typesupport_c/yolov8_msgs/msg/key_point3_d_array__type_support.cpp.o[0m
[3.221s] [ 67%] [32mBuilding CXX object CMakeFiles/yolov8_msgs__rosidl_typesupport_c.dir/rosidl_typesupport_c/yolov8_msgs/msg/detection_array__type_support.cpp.o[0m
[3.221s] [ 67%] [32mBuilding CXX object CMakeFiles/yolov8_msgs__rosidl_typesupport_c.dir/rosidl_typesupport_c/yolov8_msgs/msg/detection__type_support.cpp.o[0m
[3.237s] [ 68%] [32mBuilding CXX object CMakeFiles/yolov8_msgs__rosidl_typesupport_c.dir/rosidl_typesupport_c/yolov8_msgs/msg/key_point3_d__type_support.cpp.o[0m
[3.262s] [ 69%] [32m[1mLinking CXX shared library libyolov8_msgs__rosidl_typesupport_c.so[0m
[3.291s] [ 69%] Built target yolov8_msgs__rosidl_typesupport_c
[3.462s] [ 70%] [32m[1mLinking CXX shared library libyolov8_msgs__rosidl_typesupport_fastrtps_cpp.so[0m
[3.528s] [ 70%] Built target yolov8_msgs__rosidl_typesupport_fastrtps_cpp
[3.532s] [ 71%] [34m[1mGenerating C type support for eProsima Fast-RTPS[0m
[3.633s] [ 72%] [32m[1mLinking CXX shared library libyolov8_msgs__rosidl_typesupport_introspection_cpp.so[0m
[3.678s] [ 72%] Built target yolov8_msgs__rosidl_typesupport_introspection_cpp
[4.129s] [ 73%] [32mBuilding CXX object CMakeFiles/yolov8_msgs__rosidl_typesupport_fastrtps_c.dir/rosidl_typesupport_fastrtps_c/yolov8_msgs/msg/detail/point2_d__type_support_c.cpp.o[0m
[4.129s] [ 74%] [32mBuilding CXX object CMakeFiles/yolov8_msgs__rosidl_typesupport_fastrtps_c.dir/rosidl_typesupport_fastrtps_c/yolov8_msgs/msg/detail/vector2__type_support_c.cpp.o[0m
[4.129s] [ 74%] [32mBuilding CXX object CMakeFiles/yolov8_msgs__rosidl_typesupport_fastrtps_c.dir/rosidl_typesupport_fastrtps_c/yolov8_msgs/msg/detail/pose2_d__type_support_c.cpp.o[0m
[4.130s] [ 75%] [32mBuilding CXX object CMakeFiles/yolov8_msgs__rosidl_typesupport_fastrtps_c.dir/rosidl_typesupport_fastrtps_c/yolov8_msgs/msg/detail/bounding_box3_d__type_support_c.cpp.o[0m
[4.131s] [ 76%] [32mBuilding CXX object CMakeFiles/yolov8_msgs__rosidl_typesupport_fastrtps_c.dir/rosidl_typesupport_fastrtps_c/yolov8_msgs/msg/detail/bounding_box2_d__type_support_c.cpp.o[0m
[4.131s] [ 77%] [32mBuilding CXX object CMakeFiles/yolov8_msgs__rosidl_typesupport_fastrtps_c.dir/rosidl_typesupport_fastrtps_c/yolov8_msgs/msg/detail/mask__type_support_c.cpp.o[0m
[4.131s] [ 78%] [32mBuilding CXX object CMakeFiles/yolov8_msgs__rosidl_typesupport_fastrtps_c.dir/rosidl_typesupport_fastrtps_c/yolov8_msgs/msg/detail/key_point2_d__type_support_c.cpp.o[0m
[4.131s] [ 79%] [32mBuilding CXX object CMakeFiles/yolov8_msgs__rosidl_typesupport_fastrtps_c.dir/rosidl_typesupport_fastrtps_c/yolov8_msgs/msg/detail/key_point2_d_array__type_support_c.cpp.o[0m
[4.136s] [ 79%] [32mBuilding CXX object CMakeFiles/yolov8_msgs__rosidl_typesupport_fastrtps_c.dir/rosidl_typesupport_fastrtps_c/yolov8_msgs/msg/detail/key_point3_d__type_support_c.cpp.o[0m
[4.136s] [ 80%] [32mBuilding CXX object CMakeFiles/yolov8_msgs__rosidl_typesupport_fastrtps_c.dir/rosidl_typesupport_fastrtps_c/yolov8_msgs/msg/detail/key_point3_d_array__type_support_c.cpp.o[0m
[4.136s] [ 81%] [32mBuilding CXX object CMakeFiles/yolov8_msgs__rosidl_typesupport_fastrtps_c.dir/rosidl_typesupport_fastrtps_c/yolov8_msgs/msg/detail/detection__type_support_c.cpp.o[0m
[4.137s] [ 82%] [32mBuilding CXX object CMakeFiles/yolov8_msgs__rosidl_typesupport_fastrtps_c.dir/rosidl_typesupport_fastrtps_c/yolov8_msgs/msg/detail/detection_array__type_support_c.cpp.o[0m
[4.546s] [ 83%] [32m[1mLinking CXX shared library libyolov8_msgs__rosidl_typesupport_fastrtps_c.so[0m
[4.602s] [ 83%] Built target yolov8_msgs__rosidl_typesupport_fastrtps_c
[4.611s] [ 83%] Built target yolov8_msgs
[4.616s] [ 84%] [34m[1mGenerating Python code for ROS interfaces[0m
[5.789s] [ 84%] Built target yolov8_msgs__py
[5.795s] [ 85%] [32mBuilding C object CMakeFiles/yolov8_msgs__python.dir/rosidl_generator_py/yolov8_msgs/msg/_point2_d_s.c.o[0m
[5.796s] [ 86%] [32mBuilding C object CMakeFiles/yolov8_msgs__python.dir/rosidl_generator_py/yolov8_msgs/msg/_vector2_s.c.o[0m
[5.796s] [ 87%] [32mBuilding C object CMakeFiles/yolov8_msgs__python.dir/rosidl_generator_py/yolov8_msgs/msg/_pose2_d_s.c.o[0m
[5.797s] [ 88%] [32mBuilding C object CMakeFiles/yolov8_msgs__python.dir/rosidl_generator_py/yolov8_msgs/msg/_bounding_box2_d_s.c.o[0m
[5.797s] [ 88%] [32mBuilding C object CMakeFiles/yolov8_msgs__python.dir/rosidl_generator_py/yolov8_msgs/msg/_bounding_box3_d_s.c.o[0m
[5.797s] [ 89%] [32mBuilding C object CMakeFiles/yolov8_msgs__python.dir/rosidl_generator_py/yolov8_msgs/msg/_mask_s.c.o[0m
[5.797s] [ 90%] [32mBuilding C object CMakeFiles/yolov8_msgs__python.dir/rosidl_generator_py/yolov8_msgs/msg/_key_point2_d_s.c.o[0m
[5.798s] [ 91%] [32mBuilding C object CMakeFiles/yolov8_msgs__python.dir/rosidl_generator_py/yolov8_msgs/msg/_key_point2_d_array_s.c.o[0m
[5.800s] [ 92%] [32mBuilding C object CMakeFiles/yolov8_msgs__python.dir/rosidl_generator_py/yolov8_msgs/msg/_key_point3_d_s.c.o[0m
[5.802s] [ 93%] [32mBuilding C object CMakeFiles/yolov8_msgs__python.dir/rosidl_generator_py/yolov8_msgs/msg/_key_point3_d_array_s.c.o[0m
[5.802s] [ 93%] [32mBuilding C object CMakeFiles/yolov8_msgs__python.dir/rosidl_generator_py/yolov8_msgs/msg/_detection_s.c.o[0m
[5.803s] [ 94%] [32mBuilding C object CMakeFiles/yolov8_msgs__python.dir/rosidl_generator_py/yolov8_msgs/msg/_detection_array_s.c.o[0m
[5.896s] [ 95%] [32m[1mLinking C shared library rosidl_generator_py/yolov8_msgs/libyolov8_msgs__python.so[0m
[5.918s] [ 95%] Built target yolov8_msgs__python
[5.924s] [ 96%] [32mBuilding C object CMakeFiles/yolov8_msgs__rosidl_typesupport_fastrtps_c__pyext.dir/rosidl_generator_py/yolov8_msgs/_yolov8_msgs_s.ep.rosidl_typesupport_fastrtps_c.c.o[0m
[5.924s] [ 97%] [32mBuilding C object CMakeFiles/yolov8_msgs__rosidl_typesupport_introspection_c__pyext.dir/rosidl_generator_py/yolov8_msgs/_yolov8_msgs_s.ep.rosidl_typesupport_introspection_c.c.o[0m
[5.925s] [ 97%] [32mBuilding C object CMakeFiles/yolov8_msgs__rosidl_typesupport_c__pyext.dir/rosidl_generator_py/yolov8_msgs/_yolov8_msgs_s.ep.rosidl_typesupport_c.c.o[0m
[5.990s] [ 99%] [32m[1mLinking C shared library rosidl_generator_py/yolov8_msgs/yolov8_msgs_s__rosidl_typesupport_c.cpython-38-x86_64-linux-gnu.so[0m
[5.990s] [ 99%] [32m[1mLinking C shared library rosidl_generator_py/yolov8_msgs/yolov8_msgs_s__rosidl_typesupport_introspection_c.cpython-38-x86_64-linux-gnu.so[0m
[5.990s] [100%] [32m[1mLinking CXX shared library rosidl_generator_py/yolov8_msgs/yolov8_msgs_s__rosidl_typesupport_fastrtps_c.cpython-38-x86_64-linux-gnu.so[0m
[6.007s] [100%] Built target yolov8_msgs__rosidl_typesupport_c__pyext
[6.007s] [100%] Built target yolov8_msgs__rosidl_typesupport_introspection_c__pyext
[6.026s] [100%] Built target yolov8_msgs__rosidl_typesupport_fastrtps_c__pyext
[6.034s] Invoked command in '/home/aiv/YongJun_ws/ros2_ws/build/yolov8_msgs' returned '0': CMAKE_PREFIX_PATH=/opt/ros/foxy /home/aiv/.local/bin/cmake --build /home/aiv/YongJun_ws/ros2_ws/build/yolov8_msgs -- -j32 -l32
[6.167s] Invoking command in '/home/aiv/YongJun_ws/ros2_ws/build/yolov8_msgs': CMAKE_PREFIX_PATH=/opt/ros/foxy /home/aiv/.local/bin/cmake --install /home/aiv/YongJun_ws/ros2_ws/build/yolov8_msgs
[6.185s] -- Install configuration: ""
[6.185s] -- Execute custom install script
[6.186s] -- Symlinking: /home/aiv/YongJun_ws/ros2_ws/install/yolov8_msgs/share/ament_index/resource_index/rosidl_interfaces/yolov8_msgs
[6.188s] -- Symlinking: /home/aiv/YongJun_ws/ros2_ws/install/yolov8_msgs/include/yolov8_msgs/msg/bounding_box2_d.h
[6.189s] -- Symlinking: /home/aiv/YongJun_ws/ros2_ws/install/yolov8_msgs/include/yolov8_msgs/msg/bounding_box3_d.h
[6.191s] -- Symlinking: /home/aiv/YongJun_ws/ros2_ws/install/yolov8_msgs/include/yolov8_msgs/msg/detail/bounding_box2_d__functions.h
[6.192s] -- Symlinking: /home/aiv/YongJun_ws/ros2_ws/install/yolov8_msgs/include/yolov8_msgs/msg/detail/bounding_box2_d__struct.h
[6.194s] -- Symlinking: /home/aiv/YongJun_ws/ros2_ws/install/yolov8_msgs/include/yolov8_msgs/msg/detail/bounding_box2_d__type_support.h
[6.196s] -- Symlinking: /home/aiv/YongJun_ws/ros2_ws/install/yolov8_msgs/include/yolov8_msgs/msg/detail/bounding_box3_d__functions.h
[6.197s] -- Symlinking: /home/aiv/YongJun_ws/ros2_ws/install/yolov8_msgs/include/yolov8_msgs/msg/detail/bounding_box3_d__struct.h
[6.199s] -- Symlinking: /home/aiv/YongJun_ws/ros2_ws/install/yolov8_msgs/include/yolov8_msgs/msg/detail/bounding_box3_d__type_support.h
[6.200s] -- Symlinking: /home/aiv/YongJun_ws/ros2_ws/install/yolov8_msgs/include/yolov8_msgs/msg/detail/detection__functions.h
[6.202s] -- Symlinking: /home/aiv/YongJun_ws/ros2_ws/install/yolov8_msgs/include/yolov8_msgs/msg/detail/detection__struct.h
[6.204s] -- Symlinking: /home/aiv/YongJun_ws/ros2_ws/install/yolov8_msgs/include/yolov8_msgs/msg/detail/detection__type_support.h
[6.205s] -- Symlinking: /home/aiv/YongJun_ws/ros2_ws/install/yolov8_msgs/include/yolov8_msgs/msg/detail/detection_array__functions.h
[6.207s] -- Symlinking: /home/aiv/YongJun_ws/ros2_ws/install/yolov8_msgs/include/yolov8_msgs/msg/detail/detection_array__struct.h
[6.208s] -- Symlinking: /home/aiv/YongJun_ws/ros2_ws/install/yolov8_msgs/include/yolov8_msgs/msg/detail/detection_array__type_support.h
[6.210s] -- Symlinking: /home/aiv/YongJun_ws/ros2_ws/install/yolov8_msgs/include/yolov8_msgs/msg/detail/key_point2_d__functions.h
[6.211s] -- Symlinking: /home/aiv/YongJun_ws/ros2_ws/install/yolov8_msgs/include/yolov8_msgs/msg/detail/key_point2_d__struct.h
[6.213s] -- Symlinking: /home/aiv/YongJun_ws/ros2_ws/install/yolov8_msgs/include/yolov8_msgs/msg/detail/key_point2_d__type_support.h
[6.214s] -- Symlinking: /home/aiv/YongJun_ws/ros2_ws/install/yolov8_msgs/include/yolov8_msgs/msg/detail/key_point2_d_array__functions.h
[6.216s] -- Symlinking: /home/aiv/YongJun_ws/ros2_ws/install/yolov8_msgs/include/yolov8_msgs/msg/detail/key_point2_d_array__struct.h
[6.217s] -- Symlinking: /home/aiv/YongJun_ws/ros2_ws/install/yolov8_msgs/include/yolov8_msgs/msg/detail/key_point2_d_array__type_support.h
[6.219s] -- Symlinking: /home/aiv/YongJun_ws/ros2_ws/install/yolov8_msgs/include/yolov8_msgs/msg/detail/key_point3_d__functions.h
[6.220s] -- Symlinking: /home/aiv/YongJun_ws/ros2_ws/install/yolov8_msgs/include/yolov8_msgs/msg/detail/key_point3_d__struct.h
[6.222s] -- Symlinking: /home/aiv/YongJun_ws/ros2_ws/install/yolov8_msgs/include/yolov8_msgs/msg/detail/key_point3_d__type_support.h
[6.223s] -- Symlinking: /home/aiv/YongJun_ws/ros2_ws/install/yolov8_msgs/include/yolov8_msgs/msg/detail/key_point3_d_array__functions.h
[6.225s] -- Symlinking: /home/aiv/YongJun_ws/ros2_ws/install/yolov8_msgs/include/yolov8_msgs/msg/detail/key_point3_d_array__struct.h
[6.227s] -- Symlinking: /home/aiv/YongJun_ws/ros2_ws/install/yolov8_msgs/include/yolov8_msgs/msg/detail/key_point3_d_array__type_support.h
[6.228s] -- Symlinking: /home/aiv/YongJun_ws/ros2_ws/install/yolov8_msgs/include/yolov8_msgs/msg/detail/mask__functions.h
[6.230s] -- Symlinking: /home/aiv/YongJun_ws/ros2_ws/install/yolov8_msgs/include/yolov8_msgs/msg/detail/mask__struct.h
[6.231s] -- Symlinking: /home/aiv/YongJun_ws/ros2_ws/install/yolov8_msgs/include/yolov8_msgs/msg/detail/mask__type_support.h
[6.233s] -- Symlinking: /home/aiv/YongJun_ws/ros2_ws/install/yolov8_msgs/include/yolov8_msgs/msg/detail/point2_d__functions.h
[6.234s] -- Symlinking: /home/aiv/YongJun_ws/ros2_ws/install/yolov8_msgs/include/yolov8_msgs/msg/detail/point2_d__struct.h
[6.236s] -- Symlinking: /home/aiv/YongJun_ws/ros2_ws/install/yolov8_msgs/include/yolov8_msgs/msg/detail/point2_d__type_support.h
[6.237s] -- Symlinking: /home/aiv/YongJun_ws/ros2_ws/install/yolov8_msgs/include/yolov8_msgs/msg/detail/pose2_d__functions.h
[6.239s] -- Symlinking: /home/aiv/YongJun_ws/ros2_ws/install/yolov8_msgs/include/yolov8_msgs/msg/detail/pose2_d__struct.h
[6.240s] -- Symlinking: /home/aiv/YongJun_ws/ros2_ws/install/yolov8_msgs/include/yolov8_msgs/msg/detail/pose2_d__type_support.h
[6.242s] -- Symlinking: /home/aiv/YongJun_ws/ros2_ws/install/yolov8_msgs/include/yolov8_msgs/msg/detail/vector2__functions.h
[6.244s] -- Symlinking: /home/aiv/YongJun_ws/ros2_ws/install/yolov8_msgs/include/yolov8_msgs/msg/detail/vector2__struct.h
[6.245s] -- Symlinking: /home/aiv/YongJun_ws/ros2_ws/install/yolov8_msgs/include/yolov8_msgs/msg/detail/vector2__type_support.h
[6.246s] -- Symlinking: /home/aiv/YongJun_ws/ros2_ws/install/yolov8_msgs/include/yolov8_msgs/msg/detection.h
[6.248s] -- Symlinking: /home/aiv/YongJun_ws/ros2_ws/install/yolov8_msgs/include/yolov8_msgs/msg/detection_array.h
[6.250s] -- Symlinking: /home/aiv/YongJun_ws/ros2_ws/install/yolov8_msgs/include/yolov8_msgs/msg/key_point2_d.h
[6.251s] -- Symlinking: /home/aiv/YongJun_ws/ros2_ws/install/yolov8_msgs/include/yolov8_msgs/msg/key_point2_d_array.h
[6.253s] -- Symlinking: /home/aiv/YongJun_ws/ros2_ws/install/yolov8_msgs/include/yolov8_msgs/msg/key_point3_d.h
[6.254s] -- Symlinking: /home/aiv/YongJun_ws/ros2_ws/install/yolov8_msgs/include/yolov8_msgs/msg/key_point3_d_array.h
[6.256s] -- Symlinking: /home/aiv/YongJun_ws/ros2_ws/install/yolov8_msgs/include/yolov8_msgs/msg/mask.h
[6.257s] -- Symlinking: /home/aiv/YongJun_ws/ros2_ws/install/yolov8_msgs/include/yolov8_msgs/msg/point2_d.h
[6.259s] -- Symlinking: /home/aiv/YongJun_ws/ros2_ws/install/yolov8_msgs/include/yolov8_msgs/msg/pose2_d.h
[6.260s] -- Symlinking: /home/aiv/YongJun_ws/ros2_ws/install/yolov8_msgs/include/yolov8_msgs/msg/rosidl_generator_c__visibility_control.h
[6.262s] -- Symlinking: /home/aiv/YongJun_ws/ros2_ws/install/yolov8_msgs/include/yolov8_msgs/msg/vector2.h
[6.264s] -- Symlinking: /home/aiv/YongJun_ws/ros2_ws/install/yolov8_msgs/share/yolov8_msgs/environment/library_path.sh
[6.265s] -- Symlinking: /home/aiv/YongJun_ws/ros2_ws/install/yolov8_msgs/share/yolov8_msgs/environment/library_path.dsv
[6.267s] -- Symlinking: /home/aiv/YongJun_ws/ros2_ws/install/yolov8_msgs/include/yolov8_msgs/msg/detail/bounding_box2_d__rosidl_typesupport_fastrtps_c.h
[6.269s] -- Symlinking: /home/aiv/YongJun_ws/ros2_ws/install/yolov8_msgs/include/yolov8_msgs/msg/detail/bounding_box3_d__rosidl_typesupport_fastrtps_c.h
[6.270s] -- Symlinking: /home/aiv/YongJun_ws/ros2_ws/install/yolov8_msgs/include/yolov8_msgs/msg/detail/detection__rosidl_typesupport_fastrtps_c.h
[6.272s] -- Symlinking: /home/aiv/YongJun_ws/ros2_ws/install/yolov8_msgs/include/yolov8_msgs/msg/detail/detection_array__rosidl_typesupport_fastrtps_c.h
[6.273s] -- Symlinking: /home/aiv/YongJun_ws/ros2_ws/install/yolov8_msgs/include/yolov8_msgs/msg/detail/key_point2_d__rosidl_typesupport_fastrtps_c.h
[6.275s] -- Symlinking: /home/aiv/YongJun_ws/ros2_ws/install/yolov8_msgs/include/yolov8_msgs/msg/detail/key_point2_d_array__rosidl_typesupport_fastrtps_c.h
[6.277s] -- Symlinking: /home/aiv/YongJun_ws/ros2_ws/install/yolov8_msgs/include/yolov8_msgs/msg/detail/key_point3_d__rosidl_typesupport_fastrtps_c.h
[6.278s] -- Symlinking: /home/aiv/YongJun_ws/ros2_ws/install/yolov8_msgs/include/yolov8_msgs/msg/detail/key_point3_d_array__rosidl_typesupport_fastrtps_c.h
[6.280s] -- Symlinking: /home/aiv/YongJun_ws/ros2_ws/install/yolov8_msgs/include/yolov8_msgs/msg/detail/mask__rosidl_typesupport_fastrtps_c.h
[6.281s] -- Symlinking: /home/aiv/YongJun_ws/ros2_ws/install/yolov8_msgs/include/yolov8_msgs/msg/detail/point2_d__rosidl_typesupport_fastrtps_c.h
[6.283s] -- Symlinking: /home/aiv/YongJun_ws/ros2_ws/install/yolov8_msgs/include/yolov8_msgs/msg/detail/pose2_d__rosidl_typesupport_fastrtps_c.h
[6.284s] -- Symlinking: /home/aiv/YongJun_ws/ros2_ws/install/yolov8_msgs/include/yolov8_msgs/msg/detail/vector2__rosidl_typesupport_fastrtps_c.h
[6.286s] -- Symlinking: /home/aiv/YongJun_ws/ros2_ws/install/yolov8_msgs/include/yolov8_msgs/msg/rosidl_typesupport_fastrtps_c__visibility_control.h
[6.288s] -- Symlinking: /home/aiv/YongJun_ws/ros2_ws/install/yolov8_msgs/lib/libyolov8_msgs__rosidl_typesupport_fastrtps_c.so
[6.289s] -- Symlinking: /home/aiv/YongJun_ws/ros2_ws/install/yolov8_msgs/include/yolov8_msgs/msg/detail/bounding_box2_d__rosidl_typesupport_fastrtps_cpp.hpp
[6.291s] -- Symlinking: /home/aiv/YongJun_ws/ros2_ws/install/yolov8_msgs/include/yolov8_msgs/msg/detail/bounding_box3_d__rosidl_typesupport_fastrtps_cpp.hpp
[6.293s] -- Symlinking: /home/aiv/YongJun_ws/ros2_ws/install/yolov8_msgs/include/yolov8_msgs/msg/detail/detection__rosidl_typesupport_fastrtps_cpp.hpp
[6.294s] -- Symlinking: /home/aiv/YongJun_ws/ros2_ws/install/yolov8_msgs/include/yolov8_msgs/msg/detail/detection_array__rosidl_typesupport_fastrtps_cpp.hpp
[6.296s] -- Symlinking: /home/aiv/YongJun_ws/ros2_ws/install/yolov8_msgs/include/yolov8_msgs/msg/detail/key_point2_d__rosidl_typesupport_fastrtps_cpp.hpp
[6.297s] -- Symlinking: /home/aiv/YongJun_ws/ros2_ws/install/yolov8_msgs/include/yolov8_msgs/msg/detail/key_point2_d_array__rosidl_typesupport_fastrtps_cpp.hpp
[6.299s] -- Symlinking: /home/aiv/YongJun_ws/ros2_ws/install/yolov8_msgs/include/yolov8_msgs/msg/detail/key_point3_d__rosidl_typesupport_fastrtps_cpp.hpp
[6.300s] -- Symlinking: /home/aiv/YongJun_ws/ros2_ws/install/yolov8_msgs/include/yolov8_msgs/msg/detail/key_point3_d_array__rosidl_typesupport_fastrtps_cpp.hpp
[6.302s] -- Symlinking: /home/aiv/YongJun_ws/ros2_ws/install/yolov8_msgs/include/yolov8_msgs/msg/detail/mask__rosidl_typesupport_fastrtps_cpp.hpp
[6.304s] -- Symlinking: /home/aiv/YongJun_ws/ros2_ws/install/yolov8_msgs/include/yolov8_msgs/msg/detail/point2_d__rosidl_typesupport_fastrtps_cpp.hpp
[6.305s] -- Symlinking: /home/aiv/YongJun_ws/ros2_ws/install/yolov8_msgs/include/yolov8_msgs/msg/detail/pose2_d__rosidl_typesupport_fastrtps_cpp.hpp
[6.307s] -- Symlinking: /home/aiv/YongJun_ws/ros2_ws/install/yolov8_msgs/include/yolov8_msgs/msg/detail/vector2__rosidl_typesupport_fastrtps_cpp.hpp
[6.308s] -- Symlinking: /home/aiv/YongJun_ws/ros2_ws/install/yolov8_msgs/include/yolov8_msgs/msg/rosidl_typesupport_fastrtps_cpp__visibility_control.h
[6.310s] -- Symlinking: /home/aiv/YongJun_ws/ros2_ws/install/yolov8_msgs/lib/libyolov8_msgs__rosidl_typesupport_fastrtps_cpp.so
[6.312s] -- Symlinking: /home/aiv/YongJun_ws/ros2_ws/install/yolov8_msgs/include/yolov8_msgs/msg/detail/bounding_box2_d__rosidl_typesupport_introspection_c.h
[6.313s] -- Symlinking: /home/aiv/YongJun_ws/ros2_ws/install/yolov8_msgs/include/yolov8_msgs/msg/detail/bounding_box3_d__rosidl_typesupport_introspection_c.h
[6.314s] -- Symlinking: /home/aiv/YongJun_ws/ros2_ws/install/yolov8_msgs/include/yolov8_msgs/msg/detail/detection__rosidl_typesupport_introspection_c.h
[6.316s] -- Symlinking: /home/aiv/YongJun_ws/ros2_ws/install/yolov8_msgs/include/yolov8_msgs/msg/detail/detection_array__rosidl_typesupport_introspection_c.h
[6.318s] -- Symlinking: /home/aiv/YongJun_ws/ros2_ws/install/yolov8_msgs/include/yolov8_msgs/msg/detail/key_point2_d__rosidl_typesupport_introspection_c.h
[6.319s] -- Symlinking: /home/aiv/YongJun_ws/ros2_ws/install/yolov8_msgs/include/yolov8_msgs/msg/detail/key_point2_d_array__rosidl_typesupport_introspection_c.h
[6.321s] -- Symlinking: /home/aiv/YongJun_ws/ros2_ws/install/yolov8_msgs/include/yolov8_msgs/msg/detail/key_point3_d__rosidl_typesupport_introspection_c.h
[6.322s] -- Symlinking: /home/aiv/YongJun_ws/ros2_ws/install/yolov8_msgs/include/yolov8_msgs/msg/detail/key_point3_d_array__rosidl_typesupport_introspection_c.h
[6.324s] -- Symlinking: /home/aiv/YongJun_ws/ros2_ws/install/yolov8_msgs/include/yolov8_msgs/msg/detail/mask__rosidl_typesupport_introspection_c.h
[6.325s] -- Symlinking: /home/aiv/YongJun_ws/ros2_ws/install/yolov8_msgs/include/yolov8_msgs/msg/detail/point2_d__rosidl_typesupport_introspection_c.h
[6.327s] -- Symlinking: /home/aiv/YongJun_ws/ros2_ws/install/yolov8_msgs/include/yolov8_msgs/msg/detail/pose2_d__rosidl_typesupport_introspection_c.h
[6.328s] -- Symlinking: /home/aiv/YongJun_ws/ros2_ws/install/yolov8_msgs/include/yolov8_msgs/msg/detail/vector2__rosidl_typesupport_introspection_c.h
[6.330s] -- Symlinking: /home/aiv/YongJun_ws/ros2_ws/install/yolov8_msgs/include/yolov8_msgs/msg/rosidl_typesupport_introspection_c__visibility_control.h
[6.332s] -- Symlinking: /home/aiv/YongJun_ws/ros2_ws/install/yolov8_msgs/include/yolov8_msgs/msg/bounding_box2_d.hpp
[6.333s] -- Symlinking: /home/aiv/YongJun_ws/ros2_ws/install/yolov8_msgs/include/yolov8_msgs/msg/bounding_box3_d.hpp
[6.335s] -- Symlinking: /home/aiv/YongJun_ws/ros2_ws/install/yolov8_msgs/include/yolov8_msgs/msg/detail/bounding_box2_d__builder.hpp
[6.337s] -- Symlinking: /home/aiv/YongJun_ws/ros2_ws/install/yolov8_msgs/include/yolov8_msgs/msg/detail/bounding_box2_d__struct.hpp
[6.338s] -- Symlinking: /home/aiv/YongJun_ws/ros2_ws/install/yolov8_msgs/include/yolov8_msgs/msg/detail/bounding_box2_d__traits.hpp
[6.340s] -- Symlinking: /home/aiv/YongJun_ws/ros2_ws/install/yolov8_msgs/include/yolov8_msgs/msg/detail/bounding_box2_d__type_support.hpp
[6.341s] -- Symlinking: /home/aiv/YongJun_ws/ros2_ws/install/yolov8_msgs/include/yolov8_msgs/msg/detail/bounding_box3_d__builder.hpp
[6.343s] -- Symlinking: /home/aiv/YongJun_ws/ros2_ws/install/yolov8_msgs/include/yolov8_msgs/msg/detail/bounding_box3_d__struct.hpp
[6.344s] -- Symlinking: /home/aiv/YongJun_ws/ros2_ws/install/yolov8_msgs/include/yolov8_msgs/msg/detail/bounding_box3_d__traits.hpp
[6.346s] -- Symlinking: /home/aiv/YongJun_ws/ros2_ws/install/yolov8_msgs/include/yolov8_msgs/msg/detail/bounding_box3_d__type_support.hpp
[6.348s] -- Symlinking: /home/aiv/YongJun_ws/ros2_ws/install/yolov8_msgs/include/yolov8_msgs/msg/detail/detection__builder.hpp
[6.350s] -- Symlinking: /home/aiv/YongJun_ws/ros2_ws/install/yolov8_msgs/include/yolov8_msgs/msg/detail/detection__struct.hpp
[6.351s] -- Symlinking: /home/aiv/YongJun_ws/ros2_ws/install/yolov8_msgs/include/yolov8_msgs/msg/detail/detection__traits.hpp
[6.353s] -- Symlinking: /home/aiv/YongJun_ws/ros2_ws/install/yolov8_msgs/include/yolov8_msgs/msg/detail/detection__type_support.hpp
[6.354s] -- Symlinking: /home/aiv/YongJun_ws/ros2_ws/install/yolov8_msgs/include/yolov8_msgs/msg/detail/detection_array__builder.hpp
[6.356s] -- Symlinking: /home/aiv/YongJun_ws/ros2_ws/install/yolov8_msgs/include/yolov8_msgs/msg/detail/detection_array__struct.hpp
[6.357s] -- Symlinking: /home/aiv/YongJun_ws/ros2_ws/install/yolov8_msgs/include/yolov8_msgs/msg/detail/detection_array__traits.hpp
[6.359s] -- Symlinking: /home/aiv/YongJun_ws/ros2_ws/install/yolov8_msgs/include/yolov8_msgs/msg/detail/detection_array__type_support.hpp
[6.360s] -- Symlinking: /home/aiv/YongJun_ws/ros2_ws/install/yolov8_msgs/include/yolov8_msgs/msg/detail/key_point2_d__builder.hpp
[6.362s] -- Symlinking: /home/aiv/YongJun_ws/ros2_ws/install/yolov8_msgs/include/yolov8_msgs/msg/detail/key_point2_d__struct.hpp
[6.363s] -- Symlinking: /home/aiv/YongJun_ws/ros2_ws/install/yolov8_msgs/include/yolov8_msgs/msg/detail/key_point2_d__traits.hpp
[6.365s] -- Symlinking: /home/aiv/YongJun_ws/ros2_ws/install/yolov8_msgs/include/yolov8_msgs/msg/detail/key_point2_d__type_support.hpp
[6.366s] -- Symlinking: /home/aiv/YongJun_ws/ros2_ws/install/yolov8_msgs/include/yolov8_msgs/msg/detail/key_point2_d_array__builder.hpp
[6.368s] -- Symlinking: /home/aiv/YongJun_ws/ros2_ws/install/yolov8_msgs/include/yolov8_msgs/msg/detail/key_point2_d_array__struct.hpp
[6.370s] -- Symlinking: /home/aiv/YongJun_ws/ros2_ws/install/yolov8_msgs/include/yolov8_msgs/msg/detail/key_point2_d_array__traits.hpp
[6.371s] -- Symlinking: /home/aiv/YongJun_ws/ros2_ws/install/yolov8_msgs/include/yolov8_msgs/msg/detail/key_point2_d_array__type_support.hpp
[6.373s] -- Symlinking: /home/aiv/YongJun_ws/ros2_ws/install/yolov8_msgs/include/yolov8_msgs/msg/detail/key_point3_d__builder.hpp
[6.374s] -- Symlinking: /home/aiv/YongJun_ws/ros2_ws/install/yolov8_msgs/include/yolov8_msgs/msg/detail/key_point3_d__struct.hpp
[6.376s] -- Symlinking: /home/aiv/YongJun_ws/ros2_ws/install/yolov8_msgs/include/yolov8_msgs/msg/detail/key_point3_d__traits.hpp
[6.377s] -- Symlinking: /home/aiv/YongJun_ws/ros2_ws/install/yolov8_msgs/include/yolov8_msgs/msg/detail/key_point3_d__type_support.hpp
[6.379s] -- Symlinking: /home/aiv/YongJun_ws/ros2_ws/install/yolov8_msgs/include/yolov8_msgs/msg/detail/key_point3_d_array__builder.hpp
[6.380s] -- Symlinking: /home/aiv/YongJun_ws/ros2_ws/install/yolov8_msgs/include/yolov8_msgs/msg/detail/key_point3_d_array__struct.hpp
[6.382s] -- Symlinking: /home/aiv/YongJun_ws/ros2_ws/install/yolov8_msgs/include/yolov8_msgs/msg/detail/key_point3_d_array__traits.hpp
[6.383s] -- Symlinking: /home/aiv/YongJun_ws/ros2_ws/install/yolov8_msgs/include/yolov8_msgs/msg/detail/key_point3_d_array__type_support.hpp
[6.385s] -- Symlinking: /home/aiv/YongJun_ws/ros2_ws/install/yolov8_msgs/include/yolov8_msgs/msg/detail/mask__builder.hpp
[6.386s] -- Symlinking: /home/aiv/YongJun_ws/ros2_ws/install/yolov8_msgs/include/yolov8_msgs/msg/detail/mask__struct.hpp
[6.388s] -- Symlinking: /home/aiv/YongJun_ws/ros2_ws/install/yolov8_msgs/include/yolov8_msgs/msg/detail/mask__traits.hpp
[6.389s] -- Symlinking: /home/aiv/YongJun_ws/ros2_ws/install/yolov8_msgs/include/yolov8_msgs/msg/detail/mask__type_support.hpp
[6.391s] -- Symlinking: /home/aiv/YongJun_ws/ros2_ws/install/yolov8_msgs/include/yolov8_msgs/msg/detail/point2_d__builder.hpp
[6.392s] -- Symlinking: /home/aiv/YongJun_ws/ros2_ws/install/yolov8_msgs/include/yolov8_msgs/msg/detail/point2_d__struct.hpp
[6.394s] -- Symlinking: /home/aiv/YongJun_ws/ros2_ws/install/yolov8_msgs/include/yolov8_msgs/msg/detail/point2_d__traits.hpp
[6.395s] -- Symlinking: /home/aiv/YongJun_ws/ros2_ws/install/yolov8_msgs/include/yolov8_msgs/msg/detail/point2_d__type_support.hpp
[6.397s] -- Symlinking: /home/aiv/YongJun_ws/ros2_ws/install/yolov8_msgs/include/yolov8_msgs/msg/detail/pose2_d__builder.hpp
[6.399s] -- Symlinking: /home/aiv/YongJun_ws/ros2_ws/install/yolov8_msgs/include/yolov8_msgs/msg/detail/pose2_d__struct.hpp
[6.400s] -- Symlinking: /home/aiv/YongJun_ws/ros2_ws/install/yolov8_msgs/include/yolov8_msgs/msg/detail/pose2_d__traits.hpp
[6.402s] -- Symlinking: /home/aiv/YongJun_ws/ros2_ws/install/yolov8_msgs/include/yolov8_msgs/msg/detail/pose2_d__type_support.hpp
[6.403s] -- Symlinking: /home/aiv/YongJun_ws/ros2_ws/install/yolov8_msgs/include/yolov8_msgs/msg/detail/vector2__builder.hpp
[6.406s] -- Symlinking: /home/aiv/YongJun_ws/ros2_ws/install/yolov8_msgs/include/yolov8_msgs/msg/detail/vector2__struct.hpp
[6.407s] -- Symlinking: /home/aiv/YongJun_ws/ros2_ws/install/yolov8_msgs/include/yolov8_msgs/msg/detail/vector2__traits.hpp
[6.408s] -- Symlinking: /home/aiv/YongJun_ws/ros2_ws/install/yolov8_msgs/include/yolov8_msgs/msg/detail/vector2__type_support.hpp
[6.410s] -- Symlinking: /home/aiv/YongJun_ws/ros2_ws/install/yolov8_msgs/include/yolov8_msgs/msg/detection.hpp
[6.411s] -- Symlinking: /home/aiv/YongJun_ws/ros2_ws/install/yolov8_msgs/include/yolov8_msgs/msg/detection_array.hpp
[6.413s] -- Symlinking: /home/aiv/YongJun_ws/ros2_ws/install/yolov8_msgs/include/yolov8_msgs/msg/key_point2_d.hpp
[6.415s] -- Symlinking: /home/aiv/YongJun_ws/ros2_ws/install/yolov8_msgs/include/yolov8_msgs/msg/key_point2_d_array.hpp
[6.416s] -- Symlinking: /home/aiv/YongJun_ws/ros2_ws/install/yolov8_msgs/include/yolov8_msgs/msg/key_point3_d.hpp
[6.418s] -- Symlinking: /home/aiv/YongJun_ws/ros2_ws/install/yolov8_msgs/include/yolov8_msgs/msg/key_point3_d_array.hpp
[6.419s] -- Symlinking: /home/aiv/YongJun_ws/ros2_ws/install/yolov8_msgs/include/yolov8_msgs/msg/mask.hpp
[6.421s] -- Symlinking: /home/aiv/YongJun_ws/ros2_ws/install/yolov8_msgs/include/yolov8_msgs/msg/point2_d.hpp
[6.422s] -- Symlinking: /home/aiv/YongJun_ws/ros2_ws/install/yolov8_msgs/include/yolov8_msgs/msg/pose2_d.hpp
[6.424s] -- Symlinking: /home/aiv/YongJun_ws/ros2_ws/install/yolov8_msgs/include/yolov8_msgs/msg/rosidl_generator_cpp__visibility_control.hpp
[6.425s] -- Symlinking: /home/aiv/YongJun_ws/ros2_ws/install/yolov8_msgs/include/yolov8_msgs/msg/vector2.hpp
[6.427s] -- Symlinking: /home/aiv/YongJun_ws/ros2_ws/install/yolov8_msgs/include/yolov8_msgs/msg/detail/bounding_box2_d__rosidl_typesupport_introspection_cpp.hpp
[6.428s] -- Symlinking: /home/aiv/YongJun_ws/ros2_ws/install/yolov8_msgs/include/yolov8_msgs/msg/detail/bounding_box3_d__rosidl_typesupport_introspection_cpp.hpp
[6.430s] -- Symlinking: /home/aiv/YongJun_ws/ros2_ws/install/yolov8_msgs/include/yolov8_msgs/msg/detail/detection__rosidl_typesupport_introspection_cpp.hpp
[6.431s] -- Symlinking: /home/aiv/YongJun_ws/ros2_ws/install/yolov8_msgs/include/yolov8_msgs/msg/detail/detection_array__rosidl_typesupport_introspection_cpp.hpp
[6.433s] -- Symlinking: /home/aiv/YongJun_ws/ros2_ws/install/yolov8_msgs/include/yolov8_msgs/msg/detail/key_point2_d__rosidl_typesupport_introspection_cpp.hpp
[6.435s] -- Symlinking: /home/aiv/YongJun_ws/ros2_ws/install/yolov8_msgs/include/yolov8_msgs/msg/detail/key_point2_d_array__rosidl_typesupport_introspection_cpp.hpp
[6.436s] -- Symlinking: /home/aiv/YongJun_ws/ros2_ws/install/yolov8_msgs/include/yolov8_msgs/msg/detail/key_point3_d__rosidl_typesupport_introspection_cpp.hpp
[6.438s] -- Symlinking: /home/aiv/YongJun_ws/ros2_ws/install/yolov8_msgs/include/yolov8_msgs/msg/detail/key_point3_d_array__rosidl_typesupport_introspection_cpp.hpp
[6.439s] -- Symlinking: /home/aiv/YongJun_ws/ros2_ws/install/yolov8_msgs/include/yolov8_msgs/msg/detail/mask__rosidl_typesupport_introspection_cpp.hpp
[6.441s] -- Symlinking: /home/aiv/YongJun_ws/ros2_ws/install/yolov8_msgs/include/yolov8_msgs/msg/detail/point2_d__rosidl_typesupport_introspection_cpp.hpp
[6.442s] -- Symlinking: /home/aiv/YongJun_ws/ros2_ws/install/yolov8_msgs/include/yolov8_msgs/msg/detail/pose2_d__rosidl_typesupport_introspection_cpp.hpp
[6.444s] -- Symlinking: /home/aiv/YongJun_ws/ros2_ws/install/yolov8_msgs/include/yolov8_msgs/msg/detail/vector2__rosidl_typesupport_introspection_cpp.hpp
[6.445s] -- Symlinking: /home/aiv/YongJun_ws/ros2_ws/install/yolov8_msgs/share/yolov8_msgs/environment/pythonpath.sh
[6.447s] -- Symlinking: /home/aiv/YongJun_ws/ros2_ws/install/yolov8_msgs/share/yolov8_msgs/environment/pythonpath.dsv
[6.448s] -- Symlinking: /home/aiv/YongJun_ws/ros2_ws/install/yolov8_msgs/lib/python3.8/site-packages/yolov8_msgs/__init__.py
[6.450s] -- Symlinking: /home/aiv/YongJun_ws/ros2_ws/install/yolov8_msgs/lib/python3.8/site-packages/yolov8_msgs/msg/__init__.py
[6.452s] -- Symlinking: /home/aiv/YongJun_ws/ros2_ws/install/yolov8_msgs/lib/python3.8/site-packages/yolov8_msgs/msg/_bounding_box2_d.py
[6.453s] -- Symlinking: /home/aiv/YongJun_ws/ros2_ws/install/yolov8_msgs/lib/python3.8/site-packages/yolov8_msgs/msg/_bounding_box3_d.py
[6.455s] -- Symlinking: /home/aiv/YongJun_ws/ros2_ws/install/yolov8_msgs/lib/python3.8/site-packages/yolov8_msgs/msg/_detection.py
[6.456s] -- Symlinking: /home/aiv/YongJun_ws/ros2_ws/install/yolov8_msgs/lib/python3.8/site-packages/yolov8_msgs/msg/_detection_array.py
[6.458s] -- Symlinking: /home/aiv/YongJun_ws/ros2_ws/install/yolov8_msgs/lib/python3.8/site-packages/yolov8_msgs/msg/_key_point2_d.py
[6.459s] -- Symlinking: /home/aiv/YongJun_ws/ros2_ws/install/yolov8_msgs/lib/python3.8/site-packages/yolov8_msgs/msg/_key_point2_d_array.py
[6.461s] -- Symlinking: /home/aiv/YongJun_ws/ros2_ws/install/yolov8_msgs/lib/python3.8/site-packages/yolov8_msgs/msg/_key_point3_d.py
[6.462s] -- Symlinking: /home/aiv/YongJun_ws/ros2_ws/install/yolov8_msgs/lib/python3.8/site-packages/yolov8_msgs/msg/_key_point3_d_array.py
[6.464s] -- Symlinking: /home/aiv/YongJun_ws/ros2_ws/install/yolov8_msgs/lib/python3.8/site-packages/yolov8_msgs/msg/_mask.py
[6.465s] -- Symlinking: /home/aiv/YongJun_ws/ros2_ws/install/yolov8_msgs/lib/python3.8/site-packages/yolov8_msgs/msg/_point2_d.py
[6.467s] -- Symlinking: /home/aiv/YongJun_ws/ros2_ws/install/yolov8_msgs/lib/python3.8/site-packages/yolov8_msgs/msg/_pose2_d.py
[6.469s] -- Symlinking: /home/aiv/YongJun_ws/ros2_ws/install/yolov8_msgs/lib/python3.8/site-packages/yolov8_msgs/msg/_vector2.py
[6.470s] -- Symlinking: /home/aiv/YongJun_ws/ros2_ws/install/yolov8_msgs/lib/python3.8/site-packages/yolov8_msgs/yolov8_msgs_s__rosidl_typesupport_fastrtps_c.cpython-38-x86_64-linux-gnu.so
[6.472s] -- Symlinking: /home/aiv/YongJun_ws/ros2_ws/install/yolov8_msgs/lib/python3.8/site-packages/yolov8_msgs/yolov8_msgs_s__rosidl_typesupport_introspection_c.cpython-38-x86_64-linux-gnu.so
[6.474s] -- Symlinking: /home/aiv/YongJun_ws/ros2_ws/install/yolov8_msgs/lib/python3.8/site-packages/yolov8_msgs/yolov8_msgs_s__rosidl_typesupport_c.cpython-38-x86_64-linux-gnu.so
[6.475s] -- Symlinking: /home/aiv/YongJun_ws/ros2_ws/install/yolov8_msgs/lib/libyolov8_msgs__python.so
[6.477s] -- Symlinking: /home/aiv/YongJun_ws/ros2_ws/install/yolov8_msgs/share/yolov8_msgs/msg/Point2D.idl
[6.479s] -- Symlinking: /home/aiv/YongJun_ws/ros2_ws/install/yolov8_msgs/share/yolov8_msgs/msg/Vector2.idl
[6.480s] -- Symlinking: /home/aiv/YongJun_ws/ros2_ws/install/yolov8_msgs/share/yolov8_msgs/msg/Pose2D.idl
[6.482s] -- Symlinking: /home/aiv/YongJun_ws/ros2_ws/install/yolov8_msgs/share/yolov8_msgs/msg/BoundingBox2D.idl
[6.484s] -- Symlinking: /home/aiv/YongJun_ws/ros2_ws/install/yolov8_msgs/share/yolov8_msgs/msg/BoundingBox3D.idl
[6.485s] -- Symlinking: /home/aiv/YongJun_ws/ros2_ws/install/yolov8_msgs/share/yolov8_msgs/msg/Mask.idl
[6.487s] -- Symlinking: /home/aiv/YongJun_ws/ros2_ws/install/yolov8_msgs/share/yolov8_msgs/msg/KeyPoint2D.idl
[6.488s] -- Symlinking: /home/aiv/YongJun_ws/ros2_ws/install/yolov8_msgs/share/yolov8_msgs/msg/KeyPoint2DArray.idl
[6.490s] -- Symlinking: /home/aiv/YongJun_ws/ros2_ws/install/yolov8_msgs/share/yolov8_msgs/msg/KeyPoint3D.idl
[6.492s] -- Symlinking: /home/aiv/YongJun_ws/ros2_ws/install/yolov8_msgs/share/yolov8_msgs/msg/KeyPoint3DArray.idl
[6.494s] -- Symlinking: /home/aiv/YongJun_ws/ros2_ws/install/yolov8_msgs/share/yolov8_msgs/msg/Detection.idl
[6.495s] -- Symlinking: /home/aiv/YongJun_ws/ros2_ws/install/yolov8_msgs/share/yolov8_msgs/msg/DetectionArray.idl
[6.497s] -- Symlinking: /home/aiv/YongJun_ws/ros2_ws/install/yolov8_msgs/share/yolov8_msgs/msg/Point2D.msg
[6.498s] -- Symlinking: /home/aiv/YongJun_ws/ros2_ws/install/yolov8_msgs/share/yolov8_msgs/msg/Vector2.msg
[6.500s] -- Symlinking: /home/aiv/YongJun_ws/ros2_ws/install/yolov8_msgs/share/yolov8_msgs/msg/Pose2D.msg
[6.502s] -- Symlinking: /home/aiv/YongJun_ws/ros2_ws/install/yolov8_msgs/share/yolov8_msgs/msg/BoundingBox2D.msg
[6.503s] -- Symlinking: /home/aiv/YongJun_ws/ros2_ws/install/yolov8_msgs/share/yolov8_msgs/msg/BoundingBox3D.msg
[6.505s] -- Symlinking: /home/aiv/YongJun_ws/ros2_ws/install/yolov8_msgs/share/yolov8_msgs/msg/Mask.msg
[6.506s] -- Symlinking: /home/aiv/YongJun_ws/ros2_ws/install/yolov8_msgs/share/yolov8_msgs/msg/KeyPoint2D.msg
[6.508s] -- Symlinking: /home/aiv/YongJun_ws/ros2_ws/install/yolov8_msgs/share/yolov8_msgs/msg/KeyPoint2DArray.msg
[6.509s] -- Symlinking: /home/aiv/YongJun_ws/ros2_ws/install/yolov8_msgs/share/yolov8_msgs/msg/KeyPoint3D.msg
[6.511s] -- Symlinking: /home/aiv/YongJun_ws/ros2_ws/install/yolov8_msgs/share/yolov8_msgs/msg/KeyPoint3DArray.msg
[6.513s] -- Symlinking: /home/aiv/YongJun_ws/ros2_ws/install/yolov8_msgs/share/yolov8_msgs/msg/Detection.msg
[6.514s] -- Symlinking: /home/aiv/YongJun_ws/ros2_ws/install/yolov8_msgs/share/yolov8_msgs/msg/DetectionArray.msg
[6.516s] -- Symlinking: /home/aiv/YongJun_ws/ros2_ws/install/yolov8_msgs/share/ament_index/resource_index/package_run_dependencies/yolov8_msgs
[6.518s] -- Symlinking: /home/aiv/YongJun_ws/ros2_ws/install/yolov8_msgs/share/ament_index/resource_index/parent_prefix_path/yolov8_msgs
[6.519s] -- Symlinking: /home/aiv/YongJun_ws/ros2_ws/install/yolov8_msgs/share/yolov8_msgs/environment/ament_prefix_path.sh
[6.521s] -- Symlinking: /home/aiv/YongJun_ws/ros2_ws/install/yolov8_msgs/share/yolov8_msgs/environment/ament_prefix_path.dsv
[6.522s] -- Symlinking: /home/aiv/YongJun_ws/ros2_ws/install/yolov8_msgs/share/yolov8_msgs/environment/path.sh
[6.524s] -- Symlinking: /home/aiv/YongJun_ws/ros2_ws/install/yolov8_msgs/share/yolov8_msgs/environment/path.dsv
[6.526s] -- Symlinking: /home/aiv/YongJun_ws/ros2_ws/install/yolov8_msgs/share/yolov8_msgs/local_setup.bash
[6.527s] -- Symlinking: /home/aiv/YongJun_ws/ros2_ws/install/yolov8_msgs/share/yolov8_msgs/local_setup.sh
[6.529s] -- Symlinking: /home/aiv/YongJun_ws/ros2_ws/install/yolov8_msgs/share/yolov8_msgs/local_setup.zsh
[6.530s] -- Symlinking: /home/aiv/YongJun_ws/ros2_ws/install/yolov8_msgs/share/yolov8_msgs/local_setup.dsv
[6.532s] -- Symlinking: /home/aiv/YongJun_ws/ros2_ws/install/yolov8_msgs/share/yolov8_msgs/package.dsv
[6.533s] -- Symlinking: /home/aiv/YongJun_ws/ros2_ws/install/yolov8_msgs/share/ament_index/resource_index/packages/yolov8_msgs
[6.535s] -- Symlinking: /home/aiv/YongJun_ws/ros2_ws/install/yolov8_msgs/share/yolov8_msgs/cmake/rosidl_cmake-extras.cmake
[6.537s] -- Symlinking: /home/aiv/YongJun_ws/ros2_ws/install/yolov8_msgs/share/yolov8_msgs/cmake/ament_cmake_export_dependencies-extras.cmake
[6.538s] -- Symlinking: /home/aiv/YongJun_ws/ros2_ws/install/yolov8_msgs/share/yolov8_msgs/cmake/ament_cmake_export_libraries-extras.cmake
[6.540s] -- Symlinking: /home/aiv/YongJun_ws/ros2_ws/install/yolov8_msgs/share/yolov8_msgs/cmake/ament_cmake_export_targets-extras.cmake
[6.542s] -- Symlinking: /home/aiv/YongJun_ws/ros2_ws/install/yolov8_msgs/share/yolov8_msgs/cmake/ament_cmake_export_include_directories-extras.cmake
[6.543s] -- Symlinking: /home/aiv/YongJun_ws/ros2_ws/install/yolov8_msgs/share/yolov8_msgs/cmake/rosidl_cmake_export_typesupport_libraries-extras.cmake
[6.545s] -- Symlinking: /home/aiv/YongJun_ws/ros2_ws/install/yolov8_msgs/share/yolov8_msgs/cmake/rosidl_cmake_export_typesupport_targets-extras.cmake
[6.546s] -- Symlinking: /home/aiv/YongJun_ws/ros2_ws/install/yolov8_msgs/share/yolov8_msgs/cmake/yolov8_msgsConfig.cmake
[6.548s] -- Symlinking: /home/aiv/YongJun_ws/ros2_ws/install/yolov8_msgs/share/yolov8_msgs/cmake/yolov8_msgsConfig-version.cmake
[6.549s] -- Symlinking: /home/aiv/YongJun_ws/ros2_ws/install/yolov8_msgs/share/yolov8_msgs/package.xml
[6.551s] -- Installing: /home/aiv/YongJun_ws/ros2_ws/install/yolov8_msgs/lib/libyolov8_msgs__rosidl_generator_c.so
[6.551s] -- Set runtime path of "/home/aiv/YongJun_ws/ros2_ws/install/yolov8_msgs/lib/libyolov8_msgs__rosidl_generator_c.so" to ""
[6.551s] -- Installing: /home/aiv/YongJun_ws/ros2_ws/install/yolov8_msgs/lib/libyolov8_msgs__rosidl_typesupport_introspection_c.so
[6.551s] -- Set runtime path of "/home/aiv/YongJun_ws/ros2_ws/install/yolov8_msgs/lib/libyolov8_msgs__rosidl_typesupport_introspection_c.so" to ""
[6.551s] -- Installing: /home/aiv/YongJun_ws/ros2_ws/install/yolov8_msgs/lib/libyolov8_msgs__rosidl_typesupport_c.so
[6.552s] -- Set runtime path of "/home/aiv/YongJun_ws/ros2_ws/install/yolov8_msgs/lib/libyolov8_msgs__rosidl_typesupport_c.so" to ""
[6.552s] -- Installing: /home/aiv/YongJun_ws/ros2_ws/install/yolov8_msgs/lib/libyolov8_msgs__rosidl_typesupport_introspection_cpp.so
[6.552s] -- Set runtime path of "/home/aiv/YongJun_ws/ros2_ws/install/yolov8_msgs/lib/libyolov8_msgs__rosidl_typesupport_introspection_cpp.so" to ""
[6.552s] -- Installing: /home/aiv/YongJun_ws/ros2_ws/install/yolov8_msgs/lib/libyolov8_msgs__rosidl_typesupport_cpp.so
[6.552s] -- Set runtime path of "/home/aiv/YongJun_ws/ros2_ws/install/yolov8_msgs/lib/libyolov8_msgs__rosidl_typesupport_cpp.so" to ""
[6.573s] Compiling '/home/aiv/YongJun_ws/ros2_ws/install/yolov8_msgs/lib/python3.8/site-packages/yolov8_msgs/__init__.py'...
[6.575s] -- Installing: /home/aiv/YongJun_ws/ros2_ws/install/yolov8_msgs/share/yolov8_msgs/cmake/yolov8_msgs__rosidl_generator_cExport.cmake
[6.575s] -- Installing: /home/aiv/YongJun_ws/ros2_ws/install/yolov8_msgs/share/yolov8_msgs/cmake/yolov8_msgs__rosidl_generator_cExport-noconfig.cmake
[6.575s] -- Installing: /home/aiv/YongJun_ws/ros2_ws/install/yolov8_msgs/share/yolov8_msgs/cmake/yolov8_msgs__rosidl_typesupport_introspection_cExport.cmake
[6.575s] -- Installing: /home/aiv/YongJun_ws/ros2_ws/install/yolov8_msgs/share/yolov8_msgs/cmake/yolov8_msgs__rosidl_typesupport_introspection_cExport-noconfig.cmake
[6.576s] -- Installing: /home/aiv/YongJun_ws/ros2_ws/install/yolov8_msgs/share/yolov8_msgs/cmake/yolov8_msgs__rosidl_typesupport_cExport.cmake
[6.576s] -- Installing: /home/aiv/YongJun_ws/ros2_ws/install/yolov8_msgs/share/yolov8_msgs/cmake/yolov8_msgs__rosidl_typesupport_cExport-noconfig.cmake
[6.576s] -- Installing: /home/aiv/YongJun_ws/ros2_ws/install/yolov8_msgs/share/yolov8_msgs/cmake/yolov8_msgs__rosidl_generator_cppExport.cmake
[6.576s] -- Installing: /home/aiv/YongJun_ws/ros2_ws/install/yolov8_msgs/share/yolov8_msgs/cmake/yolov8_msgs__rosidl_typesupport_introspection_cppExport.cmake
[6.576s] -- Installing: /home/aiv/YongJun_ws/ros2_ws/install/yolov8_msgs/share/yolov8_msgs/cmake/yolov8_msgs__rosidl_typesupport_introspection_cppExport-noconfig.cmake
[6.576s] -- Installing: /home/aiv/YongJun_ws/ros2_ws/install/yolov8_msgs/share/yolov8_msgs/cmake/yolov8_msgs__rosidl_typesupport_cppExport.cmake
[6.576s] -- Installing: /home/aiv/YongJun_ws/ros2_ws/install/yolov8_msgs/share/yolov8_msgs/cmake/yolov8_msgs__rosidl_typesupport_cppExport-noconfig.cmake
[6.579s] Invoked command in '/home/aiv/YongJun_ws/ros2_ws/build/yolov8_msgs' returned '0': CMAKE_PREFIX_PATH=/opt/ros/foxy /home/aiv/.local/bin/cmake --install /home/aiv/YongJun_ws/ros2_ws/build/yolov8_msgs
