[0.024s] Invoking command in '/home/aiv/YongJun_ws/ros2_ws/build/zed_depth_to_laserscan': AMENT_PREFIX_PATH=/home/aiv/YongJun_ws/ros2_ws/install/zed_wrapper:/home/aiv/YongJun_ws/ros2_ws/install/zed_components:/home/aiv/YongJun_ws/ros2_ws/install/zed_interfaces:${AMENT_PREFIX_PATH} CMAKE_PREFIX_PATH=/home/aiv/YongJun_ws/ros2_ws/install/zed_wrapper:/home/aiv/YongJun_ws/ros2_ws/install/zed_components:/home/aiv/YongJun_ws/ros2_ws/install/zed_interfaces:/opt/ros/foxy LD_LIBRARY_PATH=/home/aiv/YongJun_ws/ros2_ws/install/zed_components/lib:/home/aiv/YongJun_ws/ros2_ws/install/zed_interfaces/lib:/opt/ros/foxy/opt/yaml_cpp_vendor/lib:/opt/ros/foxy/opt/rviz_ogre_vendor/lib:/opt/ros/foxy/lib/x86_64-linux-gnu:/opt/ros/foxy/lib:/usr/local/cuda/lib64 PYTHONPATH=/home/aiv/YongJun_ws/ros2_ws/install/zed_interfaces/lib/python3.8/site-packages:${PYTHONPATH} /usr/bin/cmake --build /home/aiv/YongJun_ws/ros2_ws/build/zed_depth_to_laserscan -- -j32 -l32
[0.054s] Invoked command in '/home/aiv/YongJun_ws/ros2_ws/build/zed_depth_to_laserscan' returned '0': AMENT_PREFIX_PATH=/home/aiv/YongJun_ws/ros2_ws/install/zed_wrapper:/home/aiv/YongJun_ws/ros2_ws/install/zed_components:/home/aiv/YongJun_ws/ros2_ws/install/zed_interfaces:${AMENT_PREFIX_PATH} CMAKE_PREFIX_PATH=/home/aiv/YongJun_ws/ros2_ws/install/zed_wrapper:/home/aiv/YongJun_ws/ros2_ws/install/zed_components:/home/aiv/YongJun_ws/ros2_ws/install/zed_interfaces:/opt/ros/foxy LD_LIBRARY_PATH=/home/aiv/YongJun_ws/ros2_ws/install/zed_components/lib:/home/aiv/YongJun_ws/ros2_ws/install/zed_interfaces/lib:/opt/ros/foxy/opt/yaml_cpp_vendor/lib:/opt/ros/foxy/opt/rviz_ogre_vendor/lib:/opt/ros/foxy/lib/x86_64-linux-gnu:/opt/ros/foxy/lib:/usr/local/cuda/lib64 PYTHONPATH=/home/aiv/YongJun_ws/ros2_ws/install/zed_interfaces/lib/python3.8/site-packages:${PYTHONPATH} /usr/bin/cmake --build /home/aiv/YongJun_ws/ros2_ws/build/zed_depth_to_laserscan -- -j32 -l32
[0.080s] Invoking command in '/home/aiv/YongJun_ws/ros2_ws/build/zed_depth_to_laserscan': AMENT_PREFIX_PATH=/home/aiv/YongJun_ws/ros2_ws/install/zed_wrapper:/home/aiv/YongJun_ws/ros2_ws/install/zed_components:/home/aiv/YongJun_ws/ros2_ws/install/zed_interfaces:${AMENT_PREFIX_PATH} CMAKE_PREFIX_PATH=/home/aiv/YongJun_ws/ros2_ws/install/zed_wrapper:/home/aiv/YongJun_ws/ros2_ws/install/zed_components:/home/aiv/YongJun_ws/ros2_ws/install/zed_interfaces:/opt/ros/foxy LD_LIBRARY_PATH=/home/aiv/YongJun_ws/ros2_ws/install/zed_components/lib:/home/aiv/YongJun_ws/ros2_ws/install/zed_interfaces/lib:/opt/ros/foxy/opt/yaml_cpp_vendor/lib:/opt/ros/foxy/opt/rviz_ogre_vendor/lib:/opt/ros/foxy/lib/x86_64-linux-gnu:/opt/ros/foxy/lib:/usr/local/cuda/lib64 PYTHONPATH=/home/aiv/YongJun_ws/ros2_ws/install/zed_interfaces/lib/python3.8/site-packages:${PYTHONPATH} /usr/bin/cmake --install /home/aiv/YongJun_ws/ros2_ws/build/zed_depth_to_laserscan
[0.086s] -- Install configuration: ""
[0.086s] -- Up-to-date: /home/aiv/YongJun_ws/ros2_ws/install/zed_depth_to_laserscan/share/zed_depth_to_laserscan/launch
[0.087s] -- Up-to-date: /home/aiv/YongJun_ws/ros2_ws/install/zed_depth_to_laserscan/share/zed_depth_to_laserscan/launch/zed_depth_to_laserscan.launch.py
[0.087s] -- Up-to-date: /home/aiv/YongJun_ws/ros2_ws/install/zed_depth_to_laserscan/share/zed_depth_to_laserscan/config
[0.087s] -- Up-to-date: /home/aiv/YongJun_ws/ros2_ws/install/zed_depth_to_laserscan/share/zed_depth_to_laserscan/config/zed_depth_to_laserscan.yaml
[0.087s] -- Up-to-date: /home/aiv/YongJun_ws/ros2_ws/install/zed_depth_to_laserscan/share/zed_depth_to_laserscan/rviz2
[0.087s] -- Up-to-date: /home/aiv/YongJun_ws/ros2_ws/install/zed_depth_to_laserscan/share/zed_depth_to_laserscan/rviz2/zed_depth_to_laserscan.rviz
[0.087s] -- Up-to-date: /home/aiv/YongJun_ws/ros2_ws/install/zed_depth_to_laserscan/share/ament_index/resource_index/package_run_dependencies/zed_depth_to_laserscan
[0.087s] -- Up-to-date: /home/aiv/YongJun_ws/ros2_ws/install/zed_depth_to_laserscan/share/ament_index/resource_index/parent_prefix_path/zed_depth_to_laserscan
[0.087s] -- Up-to-date: /home/aiv/YongJun_ws/ros2_ws/install/zed_depth_to_laserscan/share/zed_depth_to_laserscan/environment/ament_prefix_path.sh
[0.087s] -- Up-to-date: /home/aiv/YongJun_ws/ros2_ws/install/zed_depth_to_laserscan/share/zed_depth_to_laserscan/environment/ament_prefix_path.dsv
[0.087s] -- Up-to-date: /home/aiv/YongJun_ws/ros2_ws/install/zed_depth_to_laserscan/share/zed_depth_to_laserscan/environment/path.sh
[0.087s] -- Up-to-date: /home/aiv/YongJun_ws/ros2_ws/install/zed_depth_to_laserscan/share/zed_depth_to_laserscan/environment/path.dsv
[0.087s] -- Up-to-date: /home/aiv/YongJun_ws/ros2_ws/install/zed_depth_to_laserscan/share/zed_depth_to_laserscan/local_setup.bash
[0.087s] -- Up-to-date: /home/aiv/YongJun_ws/ros2_ws/install/zed_depth_to_laserscan/share/zed_depth_to_laserscan/local_setup.sh
[0.087s] -- Up-to-date: /home/aiv/YongJun_ws/ros2_ws/install/zed_depth_to_laserscan/share/zed_depth_to_laserscan/local_setup.zsh
[0.087s] -- Up-to-date: /home/aiv/YongJun_ws/ros2_ws/install/zed_depth_to_laserscan/share/zed_depth_to_laserscan/local_setup.dsv
[0.087s] -- Installing: /home/aiv/YongJun_ws/ros2_ws/install/zed_depth_to_laserscan/share/zed_depth_to_laserscan/package.dsv
[0.088s] -- Up-to-date: /home/aiv/YongJun_ws/ros2_ws/install/zed_depth_to_laserscan/share/ament_index/resource_index/packages/zed_depth_to_laserscan
[0.088s] -- Up-to-date: /home/aiv/YongJun_ws/ros2_ws/install/zed_depth_to_laserscan/share/zed_depth_to_laserscan/cmake/zed_depth_to_laserscanConfig.cmake
[0.088s] -- Up-to-date: /home/aiv/YongJun_ws/ros2_ws/install/zed_depth_to_laserscan/share/zed_depth_to_laserscan/cmake/zed_depth_to_laserscanConfig-version.cmake
[0.088s] -- Up-to-date: /home/aiv/YongJun_ws/ros2_ws/install/zed_depth_to_laserscan/share/zed_depth_to_laserscan/package.xml
[0.101s] Invoked command in '/home/aiv/YongJun_ws/ros2_ws/build/zed_depth_to_laserscan' returned '0': AMENT_PREFIX_PATH=/home/aiv/YongJun_ws/ros2_ws/install/zed_wrapper:/home/aiv/YongJun_ws/ros2_ws/install/zed_components:/home/aiv/YongJun_ws/ros2_ws/install/zed_interfaces:${AMENT_PREFIX_PATH} CMAKE_PREFIX_PATH=/home/aiv/YongJun_ws/ros2_ws/install/zed_wrapper:/home/aiv/YongJun_ws/ros2_ws/install/zed_components:/home/aiv/YongJun_ws/ros2_ws/install/zed_interfaces:/opt/ros/foxy LD_LIBRARY_PATH=/home/aiv/YongJun_ws/ros2_ws/install/zed_components/lib:/home/aiv/YongJun_ws/ros2_ws/install/zed_interfaces/lib:/opt/ros/foxy/opt/yaml_cpp_vendor/lib:/opt/ros/foxy/opt/rviz_ogre_vendor/lib:/opt/ros/foxy/lib/x86_64-linux-gnu:/opt/ros/foxy/lib:/usr/local/cuda/lib64 PYTHONPATH=/home/aiv/YongJun_ws/ros2_ws/install/zed_interfaces/lib/python3.8/site-packages:${PYTHONPATH} /usr/bin/cmake --install /home/aiv/YongJun_ws/ros2_ws/build/zed_depth_to_laserscan
