[0.011s] Invoking command in '/home/aiv/YongJun_ws/ros2_ws/build/yolov8_bringup': AMENT_PREFIX_PATH=/home/aiv/YongJun_ws/ros2_ws/install/yolov8_ros:/home/aiv/YongJun_ws/ros2_ws/install/yolov8_msgs:${AMENT_PREFIX_PATH} CMAKE_PREFIX_PATH=/home/aiv/YongJun_ws/ros2_ws/install/yolov8_msgs:/opt/ros/foxy LD_LIBRARY_PATH=/home/aiv/YongJun_ws/ros2_ws/install/yolov8_msgs/lib:/opt/ros/foxy/opt/yaml_cpp_vendor/lib:/opt/ros/foxy/opt/rviz_ogre_vendor/lib:/opt/ros/foxy/lib/x86_64-linux-gnu:/opt/ros/foxy/lib:/usr/local/cuda/lib64 PYTHONPATH=/home/aiv/YongJun_ws/ros2_ws/install/yolov8_ros/lib/python3.8/site-packages:/home/aiv/YongJun_ws/ros2_ws/install/yolov8_msgs/lib/python3.8/site-packages:${PYTHONPATH} /usr/bin/cmake /home/aiv/YongJun_ws/ros2_ws/src/yolov8_ros/yolov8_bringup -DCMAKE_INSTALL_PREFIX=/home/aiv/YongJun_ws/ros2_ws/install/yolov8_bringup
[0.049s] -- The C compiler identification is GNU 9.4.0
[0.083s] -- The CXX compiler identification is GNU 9.4.0
[0.086s] -- Check for working C compiler: /usr/bin/cc
[0.129s] -- Check for working C compiler: /usr/bin/cc -- works
[0.130s] -- Detecting C compiler ABI info
[0.173s] -- Detecting C compiler ABI info - done
[0.181s] -- Detecting C compile features
[0.181s] -- Detecting C compile features - done
[0.183s] -- Check for working CXX compiler: /usr/bin/c++
[0.232s] -- Check for working CXX compiler: /usr/bin/c++ -- works
[0.233s] -- Detecting CXX compiler ABI info
[0.282s] -- Detecting CXX compiler ABI info - done
[0.289s] -- Detecting CXX compile features
[0.290s] -- Detecting CXX compile features - done
[0.291s] -- Found ament_cmake: 0.9.12 (/opt/ros/foxy/share/ament_cmake/cmake)
[0.309s] -- Found PythonInterp: /usr/bin/python3 (found suitable version "3.8.10", minimum required is "3") 
[0.309s] -- Using PYTHON_EXECUTABLE: /usr/bin/python3
[0.550s] -- Configuring done
[0.551s] -- Generating done
[0.552s] -- Build files have been written to: /home/aiv/YongJun_ws/ros2_ws/build/yolov8_bringup
[0.555s] Invoked command in '/home/aiv/YongJun_ws/ros2_ws/build/yolov8_bringup' returned '0': AMENT_PREFIX_PATH=/home/aiv/YongJun_ws/ros2_ws/install/yolov8_ros:/home/aiv/YongJun_ws/ros2_ws/install/yolov8_msgs:${AMENT_PREFIX_PATH} CMAKE_PREFIX_PATH=/home/aiv/YongJun_ws/ros2_ws/install/yolov8_msgs:/opt/ros/foxy LD_LIBRARY_PATH=/home/aiv/YongJun_ws/ros2_ws/install/yolov8_msgs/lib:/opt/ros/foxy/opt/yaml_cpp_vendor/lib:/opt/ros/foxy/opt/rviz_ogre_vendor/lib:/opt/ros/foxy/lib/x86_64-linux-gnu:/opt/ros/foxy/lib:/usr/local/cuda/lib64 PYTHONPATH=/home/aiv/YongJun_ws/ros2_ws/install/yolov8_ros/lib/python3.8/site-packages:/home/aiv/YongJun_ws/ros2_ws/install/yolov8_msgs/lib/python3.8/site-packages:${PYTHONPATH} /usr/bin/cmake /home/aiv/YongJun_ws/ros2_ws/src/yolov8_ros/yolov8_bringup -DCMAKE_INSTALL_PREFIX=/home/aiv/YongJun_ws/ros2_ws/install/yolov8_bringup
[0.558s] Invoking command in '/home/aiv/YongJun_ws/ros2_ws/build/yolov8_bringup': AMENT_PREFIX_PATH=/home/aiv/YongJun_ws/ros2_ws/install/yolov8_ros:/home/aiv/YongJun_ws/ros2_ws/install/yolov8_msgs:${AMENT_PREFIX_PATH} CMAKE_PREFIX_PATH=/home/aiv/YongJun_ws/ros2_ws/install/yolov8_msgs:/opt/ros/foxy LD_LIBRARY_PATH=/home/aiv/YongJun_ws/ros2_ws/install/yolov8_msgs/lib:/opt/ros/foxy/opt/yaml_cpp_vendor/lib:/opt/ros/foxy/opt/rviz_ogre_vendor/lib:/opt/ros/foxy/lib/x86_64-linux-gnu:/opt/ros/foxy/lib:/usr/local/cuda/lib64 PYTHONPATH=/home/aiv/YongJun_ws/ros2_ws/install/yolov8_ros/lib/python3.8/site-packages:/home/aiv/YongJun_ws/ros2_ws/install/yolov8_msgs/lib/python3.8/site-packages:${PYTHONPATH} /usr/bin/cmake --build /home/aiv/YongJun_ws/ros2_ws/build/yolov8_bringup -- -j32 -l32
[0.579s] Invoked command in '/home/aiv/YongJun_ws/ros2_ws/build/yolov8_bringup' returned '0': AMENT_PREFIX_PATH=/home/aiv/YongJun_ws/ros2_ws/install/yolov8_ros:/home/aiv/YongJun_ws/ros2_ws/install/yolov8_msgs:${AMENT_PREFIX_PATH} CMAKE_PREFIX_PATH=/home/aiv/YongJun_ws/ros2_ws/install/yolov8_msgs:/opt/ros/foxy LD_LIBRARY_PATH=/home/aiv/YongJun_ws/ros2_ws/install/yolov8_msgs/lib:/opt/ros/foxy/opt/yaml_cpp_vendor/lib:/opt/ros/foxy/opt/rviz_ogre_vendor/lib:/opt/ros/foxy/lib/x86_64-linux-gnu:/opt/ros/foxy/lib:/usr/local/cuda/lib64 PYTHONPATH=/home/aiv/YongJun_ws/ros2_ws/install/yolov8_ros/lib/python3.8/site-packages:/home/aiv/YongJun_ws/ros2_ws/install/yolov8_msgs/lib/python3.8/site-packages:${PYTHONPATH} /usr/bin/cmake --build /home/aiv/YongJun_ws/ros2_ws/build/yolov8_bringup -- -j32 -l32
[0.592s] Invoking command in '/home/aiv/YongJun_ws/ros2_ws/build/yolov8_bringup': AMENT_PREFIX_PATH=/home/aiv/YongJun_ws/ros2_ws/install/yolov8_ros:/home/aiv/YongJun_ws/ros2_ws/install/yolov8_msgs:${AMENT_PREFIX_PATH} CMAKE_PREFIX_PATH=/home/aiv/YongJun_ws/ros2_ws/install/yolov8_msgs:/opt/ros/foxy LD_LIBRARY_PATH=/home/aiv/YongJun_ws/ros2_ws/install/yolov8_msgs/lib:/opt/ros/foxy/opt/yaml_cpp_vendor/lib:/opt/ros/foxy/opt/rviz_ogre_vendor/lib:/opt/ros/foxy/lib/x86_64-linux-gnu:/opt/ros/foxy/lib:/usr/local/cuda/lib64 PYTHONPATH=/home/aiv/YongJun_ws/ros2_ws/install/yolov8_ros/lib/python3.8/site-packages:/home/aiv/YongJun_ws/ros2_ws/install/yolov8_msgs/lib/python3.8/site-packages:${PYTHONPATH} /usr/bin/cmake --install /home/aiv/YongJun_ws/ros2_ws/build/yolov8_bringup
[0.596s] -- Install configuration: ""
[0.596s] -- Installing: /home/aiv/YongJun_ws/ros2_ws/install/yolov8_bringup/share/yolov8_bringup//launch
[0.596s] -- Installing: /home/aiv/YongJun_ws/ros2_ws/install/yolov8_bringup/share/yolov8_bringup//launch/yolov10.launch.py
[0.596s] -- Installing: /home/aiv/YongJun_ws/ros2_ws/install/yolov8_bringup/share/yolov8_bringup//launch/yolov9.launch.py
[0.596s] -- Installing: /home/aiv/YongJun_ws/ros2_ws/install/yolov8_bringup/share/yolov8_bringup//launch/yolov8_3d.launch.py
[0.596s] -- Installing: /home/aiv/YongJun_ws/ros2_ws/install/yolov8_bringup/share/yolov8_bringup//launch/yolov8.launch.py
[0.596s] -- Installing: /home/aiv/YongJun_ws/ros2_ws/install/yolov8_bringup/share/ament_index/resource_index/package_run_dependencies/yolov8_bringup
[0.596s] -- Installing: /home/aiv/YongJun_ws/ros2_ws/install/yolov8_bringup/share/ament_index/resource_index/parent_prefix_path/yolov8_bringup
[0.596s] -- Installing: /home/aiv/YongJun_ws/ros2_ws/install/yolov8_bringup/share/yolov8_bringup/environment/ament_prefix_path.sh
[0.596s] -- Installing: /home/aiv/YongJun_ws/ros2_ws/install/yolov8_bringup/share/yolov8_bringup/environment/ament_prefix_path.dsv
[0.596s] -- Installing: /home/aiv/YongJun_ws/ros2_ws/install/yolov8_bringup/share/yolov8_bringup/environment/path.sh
[0.596s] -- Installing: /home/aiv/YongJun_ws/ros2_ws/install/yolov8_bringup/share/yolov8_bringup/environment/path.dsv
[0.596s] -- Installing: /home/aiv/YongJun_ws/ros2_ws/install/yolov8_bringup/share/yolov8_bringup/local_setup.bash
[0.596s] -- Installing: /home/aiv/YongJun_ws/ros2_ws/install/yolov8_bringup/share/yolov8_bringup/local_setup.sh
[0.596s] -- Installing: /home/aiv/YongJun_ws/ros2_ws/install/yolov8_bringup/share/yolov8_bringup/local_setup.zsh
[0.596s] -- Installing: /home/aiv/YongJun_ws/ros2_ws/install/yolov8_bringup/share/yolov8_bringup/local_setup.dsv
[0.596s] -- Installing: /home/aiv/YongJun_ws/ros2_ws/install/yolov8_bringup/share/yolov8_bringup/package.dsv
[0.596s] -- Installing: /home/aiv/YongJun_ws/ros2_ws/install/yolov8_bringup/share/ament_index/resource_index/packages/yolov8_bringup
[0.597s] -- Installing: /home/aiv/YongJun_ws/ros2_ws/install/yolov8_bringup/share/yolov8_bringup/cmake/yolov8_bringupConfig.cmake
[0.597s] -- Installing: /home/aiv/YongJun_ws/ros2_ws/install/yolov8_bringup/share/yolov8_bringup/cmake/yolov8_bringupConfig-version.cmake
[0.597s] -- Installing: /home/aiv/YongJun_ws/ros2_ws/install/yolov8_bringup/share/yolov8_bringup/package.xml
[0.598s] Invoked command in '/home/aiv/YongJun_ws/ros2_ws/build/yolov8_bringup' returned '0': AMENT_PREFIX_PATH=/home/aiv/YongJun_ws/ros2_ws/install/yolov8_ros:/home/aiv/YongJun_ws/ros2_ws/install/yolov8_msgs:${AMENT_PREFIX_PATH} CMAKE_PREFIX_PATH=/home/aiv/YongJun_ws/ros2_ws/install/yolov8_msgs:/opt/ros/foxy LD_LIBRARY_PATH=/home/aiv/YongJun_ws/ros2_ws/install/yolov8_msgs/lib:/opt/ros/foxy/opt/yaml_cpp_vendor/lib:/opt/ros/foxy/opt/rviz_ogre_vendor/lib:/opt/ros/foxy/lib/x86_64-linux-gnu:/opt/ros/foxy/lib:/usr/local/cuda/lib64 PYTHONPATH=/home/aiv/YongJun_ws/ros2_ws/install/yolov8_ros/lib/python3.8/site-packages:/home/aiv/YongJun_ws/ros2_ws/install/yolov8_msgs/lib/python3.8/site-packages:${PYTHONPATH} /usr/bin/cmake --install /home/aiv/YongJun_ws/ros2_ws/build/yolov8_bringup
