[0.205s] Invoking command in '/home/yong/yolov8_ros/build/yolov8_msgs': CMAKE_PREFIX_PATH=${CMAKE_PREFIX_PATH}:/home/yong/yolov8_ros/install/yolov8_ros:/opt/ros/foxy /usr/bin/cmake --build /home/yong/yolov8_ros/build/yolov8_msgs -- -j8 -l8
[0.226s] -- Found ament_cmake: 0.9.12 (/opt/ros/foxy/share/ament_cmake/cmake)
[0.246s] -- Found PythonInterp: /usr/bin/python3 (found suitable version "3.8.10", minimum required is "3") 
[0.246s] -- Using PYTHON_EXECUTABLE: /usr/bin/python3
[0.404s] -- Override CMake install command with custom implementation using symlinks instead of copying resources
[0.410s] -- Found rosidl_default_generators: 1.0.1 (/opt/ros/foxy/share/rosidl_default_generators/cmake)
[0.411s] -- Using all available rosidl_typesupport_c: rosidl_typesupport_fastrtps_c;rosidl_typesupport_introspection_c
[0.414s] -- Found rosidl_adapter: 1.3.1 (/opt/ros/foxy/share/rosidl_adapter/cmake)
[0.518s] -- Using all available rosidl_typesupport_cpp: rosidl_typesupport_fastrtps_cpp;rosidl_typesupport_introspection_cpp
[0.537s] -- Found std_msgs: 2.0.5 (/opt/ros/foxy/share/std_msgs/cmake)
[0.562s] -- Found geometry_msgs: 2.0.5 (/opt/ros/foxy/share/geometry_msgs/cmake)
[0.610s] -- Found PythonInterp: /usr/bin/python3 (found version "3.8.10") 
[0.786s] -- Found ament_cmake_ros: 0.9.2 (/opt/ros/foxy/share/ament_cmake_ros/cmake)
[0.973s] -- Using all available rosidl_typesupport_c: rosidl_typesupport_fastrtps_c;rosidl_typesupport_introspection_c
[1.063s] -- Using all available rosidl_typesupport_cpp: rosidl_typesupport_fastrtps_cpp;rosidl_typesupport_introspection_cpp
[1.087s] -- Found PythonInterp: /usr/bin/python3 (found suitable version "3.8.10", minimum required is "3.5") 
[1.087s] -- Found python_cmake_module: 0.8.1 (/opt/ros/foxy/share/python_cmake_module/cmake)
[1.108s] -- Using PYTHON_EXECUTABLE: /usr/bin/python3
[1.108s] -- Using PYTHON_INCLUDE_DIRS: /usr/include/python3.8
[1.109s] -- Using PYTHON_LIBRARIES: /usr/lib/x86_64-linux-gnu/libpython3.8.so
[1.159s] -- Configuring done
[1.211s] -- Generating done
[1.213s] -- Build files have been written to: /home/yong/yolov8_ros/build/yolov8_msgs
[1.232s] [  1%] [34m[1mGenerating C code for ROS interfaces[0m
[1.239s] [  1%] [34m[1mGenerating C++ code for ROS interfaces[0m
[1.970s] [  1%] Built target yolov8_msgs__cpp
[1.978s] [  2%] [34m[1mGenerating C++ type support for eProsima Fast-RTPS[0m
[1.978s] [  2%] [34m[1mGenerating C++ introspection for ROS interfaces[0m
[1.984s] [  3%] [34m[1mGenerating C++ type support dispatch for ROS interfaces[0m
[2.019s] [35m[1mScanning dependencies of target yolov8_msgs__rosidl_generator_c[0m
[2.031s] [  7%] [32mBuilding C object CMakeFiles/yolov8_msgs__rosidl_generator_c.dir/rosidl_generator_c/yolov8_msgs/msg/detail/bounding_box3_d__functions.c.o[0m
[2.031s] [  7%] [32mBuilding C object CMakeFiles/yolov8_msgs__rosidl_generator_c.dir/rosidl_generator_c/yolov8_msgs/msg/detail/pose2_d__functions.c.o[0m
[2.031s] [  7%] [32mBuilding C object CMakeFiles/yolov8_msgs__rosidl_generator_c.dir/rosidl_generator_c/yolov8_msgs/msg/detail/point2_d__functions.c.o[0m
[2.031s] [  7%] [32mBuilding C object CMakeFiles/yolov8_msgs__rosidl_generator_c.dir/rosidl_generator_c/yolov8_msgs/msg/detail/vector2__functions.c.o[0m
[2.031s] [  7%] [32mBuilding C object CMakeFiles/yolov8_msgs__rosidl_generator_c.dir/rosidl_generator_c/yolov8_msgs/msg/detail/bounding_box2_d__functions.c.o[0m
[2.062s] [  8%] [32mBuilding C object CMakeFiles/yolov8_msgs__rosidl_generator_c.dir/rosidl_generator_c/yolov8_msgs/msg/detail/mask__functions.c.o[0m
[2.068s] [ 11%] [32mBuilding C object CMakeFiles/yolov8_msgs__rosidl_generator_c.dir/rosidl_generator_c/yolov8_msgs/msg/detail/key_point3_d__functions.c.o[0m
[2.069s] [ 11%] [32mBuilding C object CMakeFiles/yolov8_msgs__rosidl_generator_c.dir/rosidl_generator_c/yolov8_msgs/msg/detail/key_point2_d_array__functions.c.o[0m
[2.069s] [ 11%] [32mBuilding C object CMakeFiles/yolov8_msgs__rosidl_generator_c.dir/rosidl_generator_c/yolov8_msgs/msg/detail/key_point2_d__functions.c.o[0m
[2.078s] [ 11%] [32mBuilding C object CMakeFiles/yolov8_msgs__rosidl_generator_c.dir/rosidl_generator_c/yolov8_msgs/msg/detail/key_point3_d_array__functions.c.o[0m
[2.100s] [ 13%] [32mBuilding C object CMakeFiles/yolov8_msgs__rosidl_generator_c.dir/rosidl_generator_c/yolov8_msgs/msg/detail/detection_array__functions.c.o[0m
[2.100s] [ 13%] [32mBuilding C object CMakeFiles/yolov8_msgs__rosidl_generator_c.dir/rosidl_generator_c/yolov8_msgs/msg/detail/detection__functions.c.o[0m
[2.135s] [ 14%] [32m[1mLinking C shared library libyolov8_msgs__rosidl_generator_c.so[0m
[2.161s] [ 14%] Built target yolov8_msgs__rosidl_generator_c
[2.169s] [ 16%] [34m[1mGenerating C type support dispatch for ROS interfaces[0m
[2.170s] [ 16%] [34m[1mGenerating C introspection for ROS interfaces[0m
[2.484s] [35m[1mScanning dependencies of target yolov8_msgs__rosidl_typesupport_cpp[0m
[2.495s] [ 20%] [32mBuilding CXX object CMakeFiles/yolov8_msgs__rosidl_typesupport_cpp.dir/rosidl_typesupport_cpp/yolov8_msgs/msg/pose2_d__type_support.cpp.o[0m
[2.495s] [ 20%] [32mBuilding CXX object CMakeFiles/yolov8_msgs__rosidl_typesupport_cpp.dir/rosidl_typesupport_cpp/yolov8_msgs/msg/bounding_box2_d__type_support.cpp.o[0m
[2.495s] [ 20%] [32mBuilding CXX object CMakeFiles/yolov8_msgs__rosidl_typesupport_cpp.dir/rosidl_typesupport_cpp/yolov8_msgs/msg/point2_d__type_support.cpp.o[0m
[2.495s] [ 20%] [32mBuilding CXX object CMakeFiles/yolov8_msgs__rosidl_typesupport_cpp.dir/rosidl_typesupport_cpp/yolov8_msgs/msg/vector2__type_support.cpp.o[0m
[2.675s] [35m[1mScanning dependencies of target yolov8_msgs__rosidl_typesupport_introspection_cpp[0m
[2.686s] [ 20%] [32mBuilding CXX object CMakeFiles/yolov8_msgs__rosidl_typesupport_introspection_cpp.dir/rosidl_typesupport_introspection_cpp/yolov8_msgs/msg/detail/point2_d__type_support.cpp.o[0m
[2.706s] [ 20%] [32mBuilding CXX object CMakeFiles/yolov8_msgs__rosidl_typesupport_cpp.dir/rosidl_typesupport_cpp/yolov8_msgs/msg/bounding_box3_d__type_support.cpp.o[0m
[2.709s] [35m[1mScanning dependencies of target yolov8_msgs__rosidl_typesupport_c[0m
[2.711s] [ 21%] [32mBuilding CXX object CMakeFiles/yolov8_msgs__rosidl_typesupport_cpp.dir/rosidl_typesupport_cpp/yolov8_msgs/msg/mask__type_support.cpp.o[0m
[2.714s] [ 22%] [32mBuilding CXX object CMakeFiles/yolov8_msgs__rosidl_typesupport_cpp.dir/rosidl_typesupport_cpp/yolov8_msgs/msg/key_point2_d__type_support.cpp.o[0m
[2.718s] [ 23%] [32mBuilding CXX object CMakeFiles/yolov8_msgs__rosidl_typesupport_cpp.dir/rosidl_typesupport_cpp/yolov8_msgs/msg/key_point2_d_array__type_support.cpp.o[0m
[2.719s] [ 24%] [32mBuilding CXX object CMakeFiles/yolov8_msgs__rosidl_typesupport_c.dir/rosidl_typesupport_c/yolov8_msgs/msg/point2_d__type_support.cpp.o[0m
[2.734s] [35m[1mScanning dependencies of target yolov8_msgs__rosidl_typesupport_fastrtps_cpp[0m
[2.739s] [ 24%] [32mBuilding CXX object CMakeFiles/yolov8_msgs__rosidl_typesupport_c.dir/rosidl_typesupport_c/yolov8_msgs/msg/vector2__type_support.cpp.o[0m
[2.749s] [ 25%] [32mBuilding CXX object CMakeFiles/yolov8_msgs__rosidl_typesupport_fastrtps_cpp.dir/rosidl_typesupport_fastrtps_cpp/yolov8_msgs/msg/detail/dds_fastrtps/point2_d__type_support.cpp.o[0m
[2.760s] [ 26%] [32mBuilding CXX object CMakeFiles/yolov8_msgs__rosidl_typesupport_c.dir/rosidl_typesupport_c/yolov8_msgs/msg/pose2_d__type_support.cpp.o[0m
[2.781s] [ 27%] [32mBuilding CXX object CMakeFiles/yolov8_msgs__rosidl_typesupport_c.dir/rosidl_typesupport_c/yolov8_msgs/msg/bounding_box2_d__type_support.cpp.o[0m
[2.803s] [ 28%] [32mBuilding CXX object CMakeFiles/yolov8_msgs__rosidl_typesupport_c.dir/rosidl_typesupport_c/yolov8_msgs/msg/bounding_box3_d__type_support.cpp.o[0m
[2.825s] [ 29%] [32mBuilding CXX object CMakeFiles/yolov8_msgs__rosidl_typesupport_c.dir/rosidl_typesupport_c/yolov8_msgs/msg/mask__type_support.cpp.o[0m
[2.847s] [ 30%] [32mBuilding CXX object CMakeFiles/yolov8_msgs__rosidl_typesupport_c.dir/rosidl_typesupport_c/yolov8_msgs/msg/key_point2_d__type_support.cpp.o[0m
[2.868s] [ 30%] [32mBuilding CXX object CMakeFiles/yolov8_msgs__rosidl_typesupport_c.dir/rosidl_typesupport_c/yolov8_msgs/msg/key_point2_d_array__type_support.cpp.o[0m
[2.890s] [ 31%] [32mBuilding CXX object CMakeFiles/yolov8_msgs__rosidl_typesupport_c.dir/rosidl_typesupport_c/yolov8_msgs/msg/key_point3_d__type_support.cpp.o[0m
[2.891s] [35m[1mScanning dependencies of target yolov8_msgs__rosidl_typesupport_introspection_c[0m
[2.893s] [ 32%] [32mBuilding CXX object CMakeFiles/yolov8_msgs__rosidl_typesupport_introspection_cpp.dir/rosidl_typesupport_introspection_cpp/yolov8_msgs/msg/detail/vector2__type_support.cpp.o[0m
[2.905s] [ 33%] [32mBuilding C object CMakeFiles/yolov8_msgs__rosidl_typesupport_introspection_c.dir/rosidl_typesupport_introspection_c/yolov8_msgs/msg/detail/point2_d__type_support.c.o[0m
[2.912s] [ 34%] [32mBuilding CXX object CMakeFiles/yolov8_msgs__rosidl_typesupport_c.dir/rosidl_typesupport_c/yolov8_msgs/msg/key_point3_d_array__type_support.cpp.o[0m
[2.916s] [ 35%] [32mBuilding CXX object CMakeFiles/yolov8_msgs__rosidl_typesupport_introspection_cpp.dir/rosidl_typesupport_introspection_cpp/yolov8_msgs/msg/detail/pose2_d__type_support.cpp.o[0m
[2.927s] [ 36%] [32mBuilding C object CMakeFiles/yolov8_msgs__rosidl_typesupport_introspection_c.dir/rosidl_typesupport_introspection_c/yolov8_msgs/msg/detail/vector2__type_support.c.o[0m
[2.930s] [ 37%] [32mBuilding CXX object CMakeFiles/yolov8_msgs__rosidl_typesupport_cpp.dir/rosidl_typesupport_cpp/yolov8_msgs/msg/key_point3_d__type_support.cpp.o[0m
[2.932s] [ 38%] [32mBuilding CXX object CMakeFiles/yolov8_msgs__rosidl_typesupport_cpp.dir/rosidl_typesupport_cpp/yolov8_msgs/msg/key_point3_d_array__type_support.cpp.o[0m
[2.934s] [ 39%] [32mBuilding CXX object CMakeFiles/yolov8_msgs__rosidl_typesupport_fastrtps_cpp.dir/rosidl_typesupport_fastrtps_cpp/yolov8_msgs/msg/detail/dds_fastrtps/vector2__type_support.cpp.o[0m
[2.935s] [ 40%] [32mBuilding CXX object CMakeFiles/yolov8_msgs__rosidl_typesupport_c.dir/rosidl_typesupport_c/yolov8_msgs/msg/detection__type_support.cpp.o[0m
[2.949s] [ 41%] [32mBuilding C object CMakeFiles/yolov8_msgs__rosidl_typesupport_introspection_c.dir/rosidl_typesupport_introspection_c/yolov8_msgs/msg/detail/pose2_d__type_support.c.o[0m
[2.959s] [ 42%] [32mBuilding CXX object CMakeFiles/yolov8_msgs__rosidl_typesupport_c.dir/rosidl_typesupport_c/yolov8_msgs/msg/detection_array__type_support.cpp.o[0m
[2.972s] [ 42%] [32mBuilding C object CMakeFiles/yolov8_msgs__rosidl_typesupport_introspection_c.dir/rosidl_typesupport_introspection_c/yolov8_msgs/msg/detail/bounding_box2_d__type_support.c.o[0m
[2.982s] [ 43%] [32m[1mLinking CXX shared library libyolov8_msgs__rosidl_typesupport_c.so[0m
[3.013s] [ 44%] [32mBuilding C object CMakeFiles/yolov8_msgs__rosidl_typesupport_introspection_c.dir/rosidl_typesupport_introspection_c/yolov8_msgs/msg/detail/bounding_box3_d__type_support.c.o[0m
[3.013s] [ 44%] Built target yolov8_msgs__rosidl_typesupport_c
[3.020s] [ 45%] [32mBuilding C object CMakeFiles/yolov8_msgs__rosidl_typesupport_introspection_c.dir/rosidl_typesupport_introspection_c/yolov8_msgs/msg/detail/mask__type_support.c.o[0m
[3.037s] [ 46%] [32mBuilding C object CMakeFiles/yolov8_msgs__rosidl_typesupport_introspection_c.dir/rosidl_typesupport_introspection_c/yolov8_msgs/msg/detail/key_point2_d__type_support.c.o[0m
[3.044s] [ 47%] [32mBuilding C object CMakeFiles/yolov8_msgs__rosidl_typesupport_introspection_c.dir/rosidl_typesupport_introspection_c/yolov8_msgs/msg/detail/key_point2_d_array__type_support.c.o[0m
[3.057s] [ 48%] [32mBuilding CXX object CMakeFiles/yolov8_msgs__rosidl_typesupport_fastrtps_cpp.dir/rosidl_typesupport_fastrtps_cpp/yolov8_msgs/msg/detail/dds_fastrtps/pose2_d__type_support.cpp.o[0m
[3.060s] [ 49%] [32mBuilding C object CMakeFiles/yolov8_msgs__rosidl_typesupport_introspection_c.dir/rosidl_typesupport_introspection_c/yolov8_msgs/msg/detail/key_point3_d__type_support.c.o[0m
[3.069s] [ 49%] [32mBuilding CXX object CMakeFiles/yolov8_msgs__rosidl_typesupport_cpp.dir/rosidl_typesupport_cpp/yolov8_msgs/msg/detection__type_support.cpp.o[0m
[3.083s] [ 50%] [32mBuilding C object CMakeFiles/yolov8_msgs__rosidl_typesupport_introspection_c.dir/rosidl_typesupport_introspection_c/yolov8_msgs/msg/detail/key_point3_d_array__type_support.c.o[0m
[3.102s] [ 51%] [32mBuilding CXX object CMakeFiles/yolov8_msgs__rosidl_typesupport_cpp.dir/rosidl_typesupport_cpp/yolov8_msgs/msg/detection_array__type_support.cpp.o[0m
[3.108s] [ 51%] [32mBuilding C object CMakeFiles/yolov8_msgs__rosidl_typesupport_introspection_c.dir/rosidl_typesupport_introspection_c/yolov8_msgs/msg/detail/detection__type_support.c.o[0m
[3.130s] [ 52%] [32mBuilding CXX object CMakeFiles/yolov8_msgs__rosidl_typesupport_introspection_cpp.dir/rosidl_typesupport_introspection_cpp/yolov8_msgs/msg/detail/bounding_box2_d__type_support.cpp.o[0m
[3.134s] [ 53%] [32mBuilding C object CMakeFiles/yolov8_msgs__rosidl_typesupport_introspection_c.dir/rosidl_typesupport_introspection_c/yolov8_msgs/msg/detail/detection_array__type_support.c.o[0m
[3.143s] [ 54%] [32mBuilding CXX object CMakeFiles/yolov8_msgs__rosidl_typesupport_fastrtps_cpp.dir/rosidl_typesupport_fastrtps_cpp/yolov8_msgs/msg/detail/dds_fastrtps/bounding_box2_d__type_support.cpp.o[0m
[3.144s] [ 55%] [32mBuilding CXX object CMakeFiles/yolov8_msgs__rosidl_typesupport_fastrtps_cpp.dir/rosidl_typesupport_fastrtps_cpp/yolov8_msgs/msg/detail/dds_fastrtps/bounding_box3_d__type_support.cpp.o[0m
[3.160s] [ 56%] [32m[1mLinking C shared library libyolov8_msgs__rosidl_typesupport_introspection_c.so[0m
[3.188s] [ 56%] Built target yolov8_msgs__rosidl_typesupport_introspection_c
[3.194s] [ 56%] [32mBuilding CXX object CMakeFiles/yolov8_msgs__rosidl_typesupport_fastrtps_cpp.dir/rosidl_typesupport_fastrtps_cpp/yolov8_msgs/msg/detail/dds_fastrtps/mask__type_support.cpp.o[0m
[3.255s] [ 57%] [32mBuilding CXX object CMakeFiles/yolov8_msgs__rosidl_typesupport_fastrtps_cpp.dir/rosidl_typesupport_fastrtps_cpp/yolov8_msgs/msg/detail/dds_fastrtps/key_point2_d__type_support.cpp.o[0m
[3.284s] [ 58%] [32mBuilding CXX object CMakeFiles/yolov8_msgs__rosidl_typesupport_fastrtps_cpp.dir/rosidl_typesupport_fastrtps_cpp/yolov8_msgs/msg/detail/dds_fastrtps/key_point2_d_array__type_support.cpp.o[0m
[3.314s] [ 59%] [32m[1mLinking CXX shared library libyolov8_msgs__rosidl_typesupport_cpp.so[0m
[3.343s] [ 60%] [32mBuilding CXX object CMakeFiles/yolov8_msgs__rosidl_typesupport_introspection_cpp.dir/rosidl_typesupport_introspection_cpp/yolov8_msgs/msg/detail/bounding_box3_d__type_support.cpp.o[0m
[3.344s] [ 60%] Built target yolov8_msgs__rosidl_typesupport_cpp
[3.351s] [ 61%] [32mBuilding CXX object CMakeFiles/yolov8_msgs__rosidl_typesupport_introspection_cpp.dir/rosidl_typesupport_introspection_cpp/yolov8_msgs/msg/detail/mask__type_support.cpp.o[0m
[3.359s] [ 62%] [32mBuilding CXX object CMakeFiles/yolov8_msgs__rosidl_typesupport_fastrtps_cpp.dir/rosidl_typesupport_fastrtps_cpp/yolov8_msgs/msg/detail/dds_fastrtps/key_point3_d__type_support.cpp.o[0m
[3.456s] [ 63%] [32mBuilding CXX object CMakeFiles/yolov8_msgs__rosidl_typesupport_fastrtps_cpp.dir/rosidl_typesupport_fastrtps_cpp/yolov8_msgs/msg/detail/dds_fastrtps/key_point3_d_array__type_support.cpp.o[0m
[3.465s] [ 64%] [32mBuilding CXX object CMakeFiles/yolov8_msgs__rosidl_typesupport_fastrtps_cpp.dir/rosidl_typesupport_fastrtps_cpp/yolov8_msgs/msg/detail/dds_fastrtps/detection__type_support.cpp.o[0m
[3.535s] [ 64%] [32mBuilding CXX object CMakeFiles/yolov8_msgs__rosidl_typesupport_fastrtps_cpp.dir/rosidl_typesupport_fastrtps_cpp/yolov8_msgs/msg/detail/dds_fastrtps/detection_array__type_support.cpp.o[0m
[3.562s] [ 64%] [32mBuilding CXX object CMakeFiles/yolov8_msgs__rosidl_typesupport_introspection_cpp.dir/rosidl_typesupport_introspection_cpp/yolov8_msgs/msg/detail/key_point2_d__type_support.cpp.o[0m
[3.580s] [ 65%] [32mBuilding CXX object CMakeFiles/yolov8_msgs__rosidl_typesupport_introspection_cpp.dir/rosidl_typesupport_introspection_cpp/yolov8_msgs/msg/detail/key_point2_d_array__type_support.cpp.o[0m
[3.593s] [ 66%] [32mBuilding CXX object CMakeFiles/yolov8_msgs__rosidl_typesupport_introspection_cpp.dir/rosidl_typesupport_introspection_cpp/yolov8_msgs/msg/detail/key_point3_d__type_support.cpp.o[0m
[3.621s] [ 67%] [32mBuilding CXX object CMakeFiles/yolov8_msgs__rosidl_typesupport_introspection_cpp.dir/rosidl_typesupport_introspection_cpp/yolov8_msgs/msg/detail/key_point3_d_array__type_support.cpp.o[0m
[3.663s] [ 68%] [32mBuilding CXX object CMakeFiles/yolov8_msgs__rosidl_typesupport_introspection_cpp.dir/rosidl_typesupport_introspection_cpp/yolov8_msgs/msg/detail/detection__type_support.cpp.o[0m
[3.775s] [ 69%] [32mBuilding CXX object CMakeFiles/yolov8_msgs__rosidl_typesupport_introspection_cpp.dir/rosidl_typesupport_introspection_cpp/yolov8_msgs/msg/detail/detection_array__type_support.cpp.o[0m
[3.925s] [ 70%] [32m[1mLinking CXX shared library libyolov8_msgs__rosidl_typesupport_fastrtps_cpp.so[0m
[3.991s] [ 70%] Built target yolov8_msgs__rosidl_typesupport_fastrtps_cpp
[3.999s] [ 71%] [34m[1mGenerating C type support for eProsima Fast-RTPS[0m
[4.068s] [ 72%] [32m[1mLinking CXX shared library libyolov8_msgs__rosidl_typesupport_introspection_cpp.so[0m
[4.121s] [ 72%] Built target yolov8_msgs__rosidl_typesupport_introspection_cpp
[4.602s] [35m[1mScanning dependencies of target yolov8_msgs__rosidl_typesupport_fastrtps_c[0m
[4.618s] [ 73%] [32mBuilding CXX object CMakeFiles/yolov8_msgs__rosidl_typesupport_fastrtps_c.dir/rosidl_typesupport_fastrtps_c/yolov8_msgs/msg/detail/pose2_d__type_support_c.cpp.o[0m
[4.618s] [ 74%] [32mBuilding CXX object CMakeFiles/yolov8_msgs__rosidl_typesupport_fastrtps_c.dir/rosidl_typesupport_fastrtps_c/yolov8_msgs/msg/detail/bounding_box2_d__type_support_c.cpp.o[0m
[4.618s] [ 75%] [32mBuilding CXX object CMakeFiles/yolov8_msgs__rosidl_typesupport_fastrtps_c.dir/rosidl_typesupport_fastrtps_c/yolov8_msgs/msg/detail/vector2__type_support_c.cpp.o[0m
[4.618s] [ 75%] [32mBuilding CXX object CMakeFiles/yolov8_msgs__rosidl_typesupport_fastrtps_c.dir/rosidl_typesupport_fastrtps_c/yolov8_msgs/msg/detail/point2_d__type_support_c.cpp.o[0m
[4.619s] [ 76%] [32mBuilding CXX object CMakeFiles/yolov8_msgs__rosidl_typesupport_fastrtps_c.dir/rosidl_typesupport_fastrtps_c/yolov8_msgs/msg/detail/bounding_box3_d__type_support_c.cpp.o[0m
[4.619s] [ 77%] [32mBuilding CXX object CMakeFiles/yolov8_msgs__rosidl_typesupport_fastrtps_c.dir/rosidl_typesupport_fastrtps_c/yolov8_msgs/msg/detail/mask__type_support_c.cpp.o[0m
[4.619s] [ 78%] [32mBuilding CXX object CMakeFiles/yolov8_msgs__rosidl_typesupport_fastrtps_c.dir/rosidl_typesupport_fastrtps_c/yolov8_msgs/msg/detail/key_point2_d__type_support_c.cpp.o[0m
[4.622s] [ 79%] [32mBuilding CXX object CMakeFiles/yolov8_msgs__rosidl_typesupport_fastrtps_c.dir/rosidl_typesupport_fastrtps_c/yolov8_msgs/msg/detail/key_point2_d_array__type_support_c.cpp.o[0m
[4.872s] [ 81%] [32mBuilding CXX object CMakeFiles/yolov8_msgs__rosidl_typesupport_fastrtps_c.dir/rosidl_typesupport_fastrtps_c/yolov8_msgs/msg/detail/key_point3_d__type_support_c.cpp.o[0m
[4.872s] [ 81%] [32mBuilding CXX object CMakeFiles/yolov8_msgs__rosidl_typesupport_fastrtps_c.dir/rosidl_typesupport_fastrtps_c/yolov8_msgs/msg/detail/key_point3_d_array__type_support_c.cpp.o[0m
[4.873s] [ 81%] [32mBuilding CXX object CMakeFiles/yolov8_msgs__rosidl_typesupport_fastrtps_c.dir/rosidl_typesupport_fastrtps_c/yolov8_msgs/msg/detail/detection__type_support_c.cpp.o[0m
[4.881s] [ 82%] [32mBuilding CXX object CMakeFiles/yolov8_msgs__rosidl_typesupport_fastrtps_c.dir/rosidl_typesupport_fastrtps_c/yolov8_msgs/msg/detail/detection_array__type_support_c.cpp.o[0m
[5.133s] [ 83%] [32m[1mLinking CXX shared library libyolov8_msgs__rosidl_typesupport_fastrtps_c.so[0m
[5.190s] [ 83%] Built target yolov8_msgs__rosidl_typesupport_fastrtps_c
[5.203s] [ 83%] Built target yolov8_msgs
[5.217s] [ 84%] [34m[1mGenerating Python code for ROS interfaces[0m
[6.433s] [ 84%] Built target yolov8_msgs__py
[6.442s] [35m[1mScanning dependencies of target yolov8_msgs__python[0m
[6.463s] [ 88%] [32mBuilding C object CMakeFiles/yolov8_msgs__python.dir/rosidl_generator_py/yolov8_msgs/msg/_point2_d_s.c.o[0m
[6.464s] [ 88%] [32mBuilding C object CMakeFiles/yolov8_msgs__python.dir/rosidl_generator_py/yolov8_msgs/msg/_pose2_d_s.c.o[0m
[6.464s] [ 88%] [32mBuilding C object CMakeFiles/yolov8_msgs__python.dir/rosidl_generator_py/yolov8_msgs/msg/_bounding_box2_d_s.c.o[0m
[6.464s] [ 88%] [32mBuilding C object CMakeFiles/yolov8_msgs__python.dir/rosidl_generator_py/yolov8_msgs/msg/_bounding_box3_d_s.c.o[0m
[6.464s] [ 88%] [32mBuilding C object CMakeFiles/yolov8_msgs__python.dir/rosidl_generator_py/yolov8_msgs/msg/_vector2_s.c.o[0m
[6.464s] [ 89%] [32mBuilding C object CMakeFiles/yolov8_msgs__python.dir/rosidl_generator_py/yolov8_msgs/msg/_mask_s.c.o[0m
[6.464s] [ 90%] [32mBuilding C object CMakeFiles/yolov8_msgs__python.dir/rosidl_generator_py/yolov8_msgs/msg/_key_point2_d_array_s.c.o[0m
[6.469s] [ 91%] [32mBuilding C object CMakeFiles/yolov8_msgs__python.dir/rosidl_generator_py/yolov8_msgs/msg/_key_point2_d_s.c.o[0m
[6.525s] [ 93%] [32mBuilding C object CMakeFiles/yolov8_msgs__python.dir/rosidl_generator_py/yolov8_msgs/msg/_key_point3_d_s.c.o[0m
[6.525s] [ 93%] [32mBuilding C object CMakeFiles/yolov8_msgs__python.dir/rosidl_generator_py/yolov8_msgs/msg/_detection_s.c.o[0m
[6.525s] [ 93%] [32mBuilding C object CMakeFiles/yolov8_msgs__python.dir/rosidl_generator_py/yolov8_msgs/msg/_key_point3_d_array_s.c.o[0m
[6.527s] [ 94%] [32mBuilding C object CMakeFiles/yolov8_msgs__python.dir/rosidl_generator_py/yolov8_msgs/msg/_detection_array_s.c.o[0m
[6.590s] [ 95%] [32m[1mLinking C shared library rosidl_generator_py/yolov8_msgs/libyolov8_msgs__python.so[0m
[6.621s] [ 95%] Built target yolov8_msgs__python
[6.628s] [35m[1mScanning dependencies of target yolov8_msgs__rosidl_typesupport_fastrtps_c__pyext[0m
[6.628s] [35m[1mScanning dependencies of target yolov8_msgs__rosidl_typesupport_c__pyext[0m
[6.628s] [35m[1mScanning dependencies of target yolov8_msgs__rosidl_typesupport_introspection_c__pyext[0m
[6.640s] [ 96%] [32mBuilding C object CMakeFiles/yolov8_msgs__rosidl_typesupport_introspection_c__pyext.dir/rosidl_generator_py/yolov8_msgs/_yolov8_msgs_s.ep.rosidl_typesupport_introspection_c.c.o[0m
[6.640s] [ 96%] [32mBuilding C object CMakeFiles/yolov8_msgs__rosidl_typesupport_c__pyext.dir/rosidl_generator_py/yolov8_msgs/_yolov8_msgs_s.ep.rosidl_typesupport_c.c.o[0m
[6.640s] [ 97%] [32mBuilding C object CMakeFiles/yolov8_msgs__rosidl_typesupport_fastrtps_c__pyext.dir/rosidl_generator_py/yolov8_msgs/_yolov8_msgs_s.ep.rosidl_typesupport_fastrtps_c.c.o[0m
[6.717s] [ 99%] [32m[1mLinking C shared library rosidl_generator_py/yolov8_msgs/yolov8_msgs_s__rosidl_typesupport_c.cpython-38-x86_64-linux-gnu.so[0m
[6.717s] [ 99%] [32m[1mLinking C shared library rosidl_generator_py/yolov8_msgs/yolov8_msgs_s__rosidl_typesupport_introspection_c.cpython-38-x86_64-linux-gnu.so[0m
[6.718s] [100%] [32m[1mLinking CXX shared library rosidl_generator_py/yolov8_msgs/yolov8_msgs_s__rosidl_typesupport_fastrtps_c.cpython-38-x86_64-linux-gnu.so[0m
[6.744s] [100%] Built target yolov8_msgs__rosidl_typesupport_c__pyext
[6.744s] [100%] Built target yolov8_msgs__rosidl_typesupport_introspection_c__pyext
[6.765s] [100%] Built target yolov8_msgs__rosidl_typesupport_fastrtps_c__pyext
[6.772s] Invoked command in '/home/yong/yolov8_ros/build/yolov8_msgs' returned '0': CMAKE_PREFIX_PATH=${CMAKE_PREFIX_PATH}:/home/yong/yolov8_ros/install/yolov8_ros:/opt/ros/foxy /usr/bin/cmake --build /home/yong/yolov8_ros/build/yolov8_msgs -- -j8 -l8
[6.877s] Invoking command in '/home/yong/yolov8_ros/build/yolov8_msgs': CMAKE_PREFIX_PATH=${CMAKE_PREFIX_PATH}:/home/yong/yolov8_ros/install/yolov8_ros:/opt/ros/foxy /usr/bin/cmake --install /home/yong/yolov8_ros/build/yolov8_msgs
[6.882s] -- Install configuration: ""
[6.882s] -- Execute custom install script
[6.883s] -- Up-to-date symlink: /home/yong/yolov8_ros/install/yolov8_msgs/share/ament_index/resource_index/rosidl_interfaces/yolov8_msgs
[6.883s] -- Up-to-date symlink: /home/yong/yolov8_ros/install/yolov8_msgs/include/yolov8_msgs/msg/bounding_box2_d.h
[6.883s] -- Up-to-date symlink: /home/yong/yolov8_ros/install/yolov8_msgs/include/yolov8_msgs/msg/bounding_box3_d.h
[6.884s] -- Up-to-date symlink: /home/yong/yolov8_ros/install/yolov8_msgs/include/yolov8_msgs/msg/detail/bounding_box2_d__functions.h
[6.884s] -- Up-to-date symlink: /home/yong/yolov8_ros/install/yolov8_msgs/include/yolov8_msgs/msg/detail/bounding_box2_d__struct.h
[6.884s] -- Up-to-date symlink: /home/yong/yolov8_ros/install/yolov8_msgs/include/yolov8_msgs/msg/detail/bounding_box2_d__type_support.h
[6.884s] -- Up-to-date symlink: /home/yong/yolov8_ros/install/yolov8_msgs/include/yolov8_msgs/msg/detail/bounding_box3_d__functions.h
[6.884s] -- Up-to-date symlink: /home/yong/yolov8_ros/install/yolov8_msgs/include/yolov8_msgs/msg/detail/bounding_box3_d__struct.h
[6.884s] -- Up-to-date symlink: /home/yong/yolov8_ros/install/yolov8_msgs/include/yolov8_msgs/msg/detail/bounding_box3_d__type_support.h
[6.884s] -- Up-to-date symlink: /home/yong/yolov8_ros/install/yolov8_msgs/include/yolov8_msgs/msg/detail/detection__functions.h
[6.884s] -- Up-to-date symlink: /home/yong/yolov8_ros/install/yolov8_msgs/include/yolov8_msgs/msg/detail/detection__struct.h
[6.884s] -- Up-to-date symlink: /home/yong/yolov8_ros/install/yolov8_msgs/include/yolov8_msgs/msg/detail/detection__type_support.h
[6.884s] -- Up-to-date symlink: /home/yong/yolov8_ros/install/yolov8_msgs/include/yolov8_msgs/msg/detail/detection_array__functions.h
[6.884s] -- Up-to-date symlink: /home/yong/yolov8_ros/install/yolov8_msgs/include/yolov8_msgs/msg/detail/detection_array__struct.h
[6.884s] -- Up-to-date symlink: /home/yong/yolov8_ros/install/yolov8_msgs/include/yolov8_msgs/msg/detail/detection_array__type_support.h
[6.885s] -- Up-to-date symlink: /home/yong/yolov8_ros/install/yolov8_msgs/include/yolov8_msgs/msg/detail/key_point2_d__functions.h
[6.885s] -- Up-to-date symlink: /home/yong/yolov8_ros/install/yolov8_msgs/include/yolov8_msgs/msg/detail/key_point2_d__struct.h
[6.885s] -- Up-to-date symlink: /home/yong/yolov8_ros/install/yolov8_msgs/include/yolov8_msgs/msg/detail/key_point2_d__type_support.h
[6.885s] -- Up-to-date symlink: /home/yong/yolov8_ros/install/yolov8_msgs/include/yolov8_msgs/msg/detail/key_point2_d_array__functions.h
[6.885s] -- Up-to-date symlink: /home/yong/yolov8_ros/install/yolov8_msgs/include/yolov8_msgs/msg/detail/key_point2_d_array__struct.h
[6.885s] -- Up-to-date symlink: /home/yong/yolov8_ros/install/yolov8_msgs/include/yolov8_msgs/msg/detail/key_point2_d_array__type_support.h
[6.885s] -- Up-to-date symlink: /home/yong/yolov8_ros/install/yolov8_msgs/include/yolov8_msgs/msg/detail/key_point3_d__functions.h
[6.885s] -- Up-to-date symlink: /home/yong/yolov8_ros/install/yolov8_msgs/include/yolov8_msgs/msg/detail/key_point3_d__struct.h
[6.885s] -- Up-to-date symlink: /home/yong/yolov8_ros/install/yolov8_msgs/include/yolov8_msgs/msg/detail/key_point3_d__type_support.h
[6.885s] -- Up-to-date symlink: /home/yong/yolov8_ros/install/yolov8_msgs/include/yolov8_msgs/msg/detail/key_point3_d_array__functions.h
[6.886s] -- Up-to-date symlink: /home/yong/yolov8_ros/install/yolov8_msgs/include/yolov8_msgs/msg/detail/key_point3_d_array__struct.h
[6.886s] -- Up-to-date symlink: /home/yong/yolov8_ros/install/yolov8_msgs/include/yolov8_msgs/msg/detail/key_point3_d_array__type_support.h
[6.886s] -- Up-to-date symlink: /home/yong/yolov8_ros/install/yolov8_msgs/include/yolov8_msgs/msg/detail/mask__functions.h
[6.886s] -- Up-to-date symlink: /home/yong/yolov8_ros/install/yolov8_msgs/include/yolov8_msgs/msg/detail/mask__struct.h
[6.886s] -- Up-to-date symlink: /home/yong/yolov8_ros/install/yolov8_msgs/include/yolov8_msgs/msg/detail/mask__type_support.h
[6.886s] -- Up-to-date symlink: /home/yong/yolov8_ros/install/yolov8_msgs/include/yolov8_msgs/msg/detail/point2_d__functions.h
[6.886s] -- Up-to-date symlink: /home/yong/yolov8_ros/install/yolov8_msgs/include/yolov8_msgs/msg/detail/point2_d__struct.h
[6.886s] -- Up-to-date symlink: /home/yong/yolov8_ros/install/yolov8_msgs/include/yolov8_msgs/msg/detail/point2_d__type_support.h
[6.886s] -- Up-to-date symlink: /home/yong/yolov8_ros/install/yolov8_msgs/include/yolov8_msgs/msg/detail/pose2_d__functions.h
[6.886s] -- Up-to-date symlink: /home/yong/yolov8_ros/install/yolov8_msgs/include/yolov8_msgs/msg/detail/pose2_d__struct.h
[6.887s] -- Up-to-date symlink: /home/yong/yolov8_ros/install/yolov8_msgs/include/yolov8_msgs/msg/detail/pose2_d__type_support.h
[6.887s] -- Up-to-date symlink: /home/yong/yolov8_ros/install/yolov8_msgs/include/yolov8_msgs/msg/detail/vector2__functions.h
[6.887s] -- Up-to-date symlink: /home/yong/yolov8_ros/install/yolov8_msgs/include/yolov8_msgs/msg/detail/vector2__struct.h
[6.887s] -- Up-to-date symlink: /home/yong/yolov8_ros/install/yolov8_msgs/include/yolov8_msgs/msg/detail/vector2__type_support.h
[6.887s] -- Up-to-date symlink: /home/yong/yolov8_ros/install/yolov8_msgs/include/yolov8_msgs/msg/detection.h
[6.887s] -- Up-to-date symlink: /home/yong/yolov8_ros/install/yolov8_msgs/include/yolov8_msgs/msg/detection_array.h
[6.887s] -- Up-to-date symlink: /home/yong/yolov8_ros/install/yolov8_msgs/include/yolov8_msgs/msg/key_point2_d.h
[6.887s] -- Up-to-date symlink: /home/yong/yolov8_ros/install/yolov8_msgs/include/yolov8_msgs/msg/key_point2_d_array.h
[6.888s] -- Up-to-date symlink: /home/yong/yolov8_ros/install/yolov8_msgs/include/yolov8_msgs/msg/key_point3_d.h
[6.888s] -- Up-to-date symlink: /home/yong/yolov8_ros/install/yolov8_msgs/include/yolov8_msgs/msg/key_point3_d_array.h
[6.888s] -- Up-to-date symlink: /home/yong/yolov8_ros/install/yolov8_msgs/include/yolov8_msgs/msg/mask.h
[6.888s] -- Up-to-date symlink: /home/yong/yolov8_ros/install/yolov8_msgs/include/yolov8_msgs/msg/point2_d.h
[6.888s] -- Up-to-date symlink: /home/yong/yolov8_ros/install/yolov8_msgs/include/yolov8_msgs/msg/pose2_d.h
[6.888s] -- Up-to-date symlink: /home/yong/yolov8_ros/install/yolov8_msgs/include/yolov8_msgs/msg/rosidl_generator_c__visibility_control.h
[6.888s] -- Up-to-date symlink: /home/yong/yolov8_ros/install/yolov8_msgs/include/yolov8_msgs/msg/vector2.h
[6.888s] -- Up-to-date symlink: /home/yong/yolov8_ros/install/yolov8_msgs/share/yolov8_msgs/environment/library_path.sh
[6.888s] -- Up-to-date symlink: /home/yong/yolov8_ros/install/yolov8_msgs/share/yolov8_msgs/environment/library_path.dsv
[6.889s] -- Up-to-date symlink: /home/yong/yolov8_ros/install/yolov8_msgs/include/yolov8_msgs/msg/detail/bounding_box2_d__rosidl_typesupport_fastrtps_c.h
[6.889s] -- Up-to-date symlink: /home/yong/yolov8_ros/install/yolov8_msgs/include/yolov8_msgs/msg/detail/bounding_box3_d__rosidl_typesupport_fastrtps_c.h
[6.889s] -- Up-to-date symlink: /home/yong/yolov8_ros/install/yolov8_msgs/include/yolov8_msgs/msg/detail/detection__rosidl_typesupport_fastrtps_c.h
[6.889s] -- Up-to-date symlink: /home/yong/yolov8_ros/install/yolov8_msgs/include/yolov8_msgs/msg/detail/detection_array__rosidl_typesupport_fastrtps_c.h
[6.889s] -- Up-to-date symlink: /home/yong/yolov8_ros/install/yolov8_msgs/include/yolov8_msgs/msg/detail/key_point2_d__rosidl_typesupport_fastrtps_c.h
[6.889s] -- Up-to-date symlink: /home/yong/yolov8_ros/install/yolov8_msgs/include/yolov8_msgs/msg/detail/key_point2_d_array__rosidl_typesupport_fastrtps_c.h
[6.890s] -- Up-to-date symlink: /home/yong/yolov8_ros/install/yolov8_msgs/include/yolov8_msgs/msg/detail/key_point3_d__rosidl_typesupport_fastrtps_c.h
[6.890s] -- Up-to-date symlink: /home/yong/yolov8_ros/install/yolov8_msgs/include/yolov8_msgs/msg/detail/key_point3_d_array__rosidl_typesupport_fastrtps_c.h
[6.890s] -- Up-to-date symlink: /home/yong/yolov8_ros/install/yolov8_msgs/include/yolov8_msgs/msg/detail/mask__rosidl_typesupport_fastrtps_c.h
[6.890s] -- Up-to-date symlink: /home/yong/yolov8_ros/install/yolov8_msgs/include/yolov8_msgs/msg/detail/point2_d__rosidl_typesupport_fastrtps_c.h
[6.890s] -- Up-to-date symlink: /home/yong/yolov8_ros/install/yolov8_msgs/include/yolov8_msgs/msg/detail/pose2_d__rosidl_typesupport_fastrtps_c.h
[6.890s] -- Up-to-date symlink: /home/yong/yolov8_ros/install/yolov8_msgs/include/yolov8_msgs/msg/detail/vector2__rosidl_typesupport_fastrtps_c.h
[6.890s] -- Up-to-date symlink: /home/yong/yolov8_ros/install/yolov8_msgs/include/yolov8_msgs/msg/rosidl_typesupport_fastrtps_c__visibility_control.h
[6.890s] -- Up-to-date symlink: /home/yong/yolov8_ros/install/yolov8_msgs/lib/libyolov8_msgs__rosidl_typesupport_fastrtps_c.so
[6.891s] -- Up-to-date symlink: /home/yong/yolov8_ros/install/yolov8_msgs/include/yolov8_msgs/msg/detail/bounding_box2_d__rosidl_typesupport_fastrtps_cpp.hpp
[6.891s] -- Up-to-date symlink: /home/yong/yolov8_ros/install/yolov8_msgs/include/yolov8_msgs/msg/detail/bounding_box3_d__rosidl_typesupport_fastrtps_cpp.hpp
[6.891s] -- Up-to-date symlink: /home/yong/yolov8_ros/install/yolov8_msgs/include/yolov8_msgs/msg/detail/detection__rosidl_typesupport_fastrtps_cpp.hpp
[6.891s] -- Up-to-date symlink: /home/yong/yolov8_ros/install/yolov8_msgs/include/yolov8_msgs/msg/detail/detection_array__rosidl_typesupport_fastrtps_cpp.hpp
[6.891s] -- Up-to-date symlink: /home/yong/yolov8_ros/install/yolov8_msgs/include/yolov8_msgs/msg/detail/key_point2_d__rosidl_typesupport_fastrtps_cpp.hpp
[6.892s] -- Up-to-date symlink: /home/yong/yolov8_ros/install/yolov8_msgs/include/yolov8_msgs/msg/detail/key_point2_d_array__rosidl_typesupport_fastrtps_cpp.hpp
[6.892s] -- Up-to-date symlink: /home/yong/yolov8_ros/install/yolov8_msgs/include/yolov8_msgs/msg/detail/key_point3_d__rosidl_typesupport_fastrtps_cpp.hpp
[6.892s] -- Up-to-date symlink: /home/yong/yolov8_ros/install/yolov8_msgs/include/yolov8_msgs/msg/detail/key_point3_d_array__rosidl_typesupport_fastrtps_cpp.hpp
[6.892s] -- Up-to-date symlink: /home/yong/yolov8_ros/install/yolov8_msgs/include/yolov8_msgs/msg/detail/mask__rosidl_typesupport_fastrtps_cpp.hpp
[6.892s] -- Up-to-date symlink: /home/yong/yolov8_ros/install/yolov8_msgs/include/yolov8_msgs/msg/detail/point2_d__rosidl_typesupport_fastrtps_cpp.hpp
[6.892s] -- Up-to-date symlink: /home/yong/yolov8_ros/install/yolov8_msgs/include/yolov8_msgs/msg/detail/pose2_d__rosidl_typesupport_fastrtps_cpp.hpp
[6.892s] -- Up-to-date symlink: /home/yong/yolov8_ros/install/yolov8_msgs/include/yolov8_msgs/msg/detail/vector2__rosidl_typesupport_fastrtps_cpp.hpp
[6.892s] -- Up-to-date symlink: /home/yong/yolov8_ros/install/yolov8_msgs/include/yolov8_msgs/msg/rosidl_typesupport_fastrtps_cpp__visibility_control.h
[6.892s] -- Up-to-date symlink: /home/yong/yolov8_ros/install/yolov8_msgs/lib/libyolov8_msgs__rosidl_typesupport_fastrtps_cpp.so
[6.893s] -- Up-to-date symlink: /home/yong/yolov8_ros/install/yolov8_msgs/include/yolov8_msgs/msg/detail/bounding_box2_d__rosidl_typesupport_introspection_c.h
[6.893s] -- Up-to-date symlink: /home/yong/yolov8_ros/install/yolov8_msgs/include/yolov8_msgs/msg/detail/bounding_box3_d__rosidl_typesupport_introspection_c.h
[6.893s] -- Up-to-date symlink: /home/yong/yolov8_ros/install/yolov8_msgs/include/yolov8_msgs/msg/detail/detection__rosidl_typesupport_introspection_c.h
[6.893s] -- Up-to-date symlink: /home/yong/yolov8_ros/install/yolov8_msgs/include/yolov8_msgs/msg/detail/detection_array__rosidl_typesupport_introspection_c.h
[6.893s] -- Up-to-date symlink: /home/yong/yolov8_ros/install/yolov8_msgs/include/yolov8_msgs/msg/detail/key_point2_d__rosidl_typesupport_introspection_c.h
[6.893s] -- Up-to-date symlink: /home/yong/yolov8_ros/install/yolov8_msgs/include/yolov8_msgs/msg/detail/key_point2_d_array__rosidl_typesupport_introspection_c.h
[6.893s] -- Up-to-date symlink: /home/yong/yolov8_ros/install/yolov8_msgs/include/yolov8_msgs/msg/detail/key_point3_d__rosidl_typesupport_introspection_c.h
[6.894s] -- Up-to-date symlink: /home/yong/yolov8_ros/install/yolov8_msgs/include/yolov8_msgs/msg/detail/key_point3_d_array__rosidl_typesupport_introspection_c.h
[6.894s] -- Up-to-date symlink: /home/yong/yolov8_ros/install/yolov8_msgs/include/yolov8_msgs/msg/detail/mask__rosidl_typesupport_introspection_c.h
[6.894s] -- Up-to-date symlink: /home/yong/yolov8_ros/install/yolov8_msgs/include/yolov8_msgs/msg/detail/point2_d__rosidl_typesupport_introspection_c.h
[6.894s] -- Up-to-date symlink: /home/yong/yolov8_ros/install/yolov8_msgs/include/yolov8_msgs/msg/detail/pose2_d__rosidl_typesupport_introspection_c.h
[6.894s] -- Up-to-date symlink: /home/yong/yolov8_ros/install/yolov8_msgs/include/yolov8_msgs/msg/detail/vector2__rosidl_typesupport_introspection_c.h
[6.894s] -- Up-to-date symlink: /home/yong/yolov8_ros/install/yolov8_msgs/include/yolov8_msgs/msg/rosidl_typesupport_introspection_c__visibility_control.h
[6.895s] -- Up-to-date symlink: /home/yong/yolov8_ros/install/yolov8_msgs/include/yolov8_msgs/msg/bounding_box2_d.hpp
[6.895s] -- Up-to-date symlink: /home/yong/yolov8_ros/install/yolov8_msgs/include/yolov8_msgs/msg/bounding_box3_d.hpp
[6.895s] -- Up-to-date symlink: /home/yong/yolov8_ros/install/yolov8_msgs/include/yolov8_msgs/msg/detail/bounding_box2_d__builder.hpp
[6.895s] -- Up-to-date symlink: /home/yong/yolov8_ros/install/yolov8_msgs/include/yolov8_msgs/msg/detail/bounding_box2_d__struct.hpp
[6.895s] -- Up-to-date symlink: /home/yong/yolov8_ros/install/yolov8_msgs/include/yolov8_msgs/msg/detail/bounding_box2_d__traits.hpp
[6.895s] -- Up-to-date symlink: /home/yong/yolov8_ros/install/yolov8_msgs/include/yolov8_msgs/msg/detail/bounding_box2_d__type_support.hpp
[6.895s] -- Up-to-date symlink: /home/yong/yolov8_ros/install/yolov8_msgs/include/yolov8_msgs/msg/detail/bounding_box3_d__builder.hpp
[6.895s] -- Up-to-date symlink: /home/yong/yolov8_ros/install/yolov8_msgs/include/yolov8_msgs/msg/detail/bounding_box3_d__struct.hpp
[6.896s] -- Up-to-date symlink: /home/yong/yolov8_ros/install/yolov8_msgs/include/yolov8_msgs/msg/detail/bounding_box3_d__traits.hpp
[6.896s] -- Up-to-date symlink: /home/yong/yolov8_ros/install/yolov8_msgs/include/yolov8_msgs/msg/detail/bounding_box3_d__type_support.hpp
[6.896s] -- Up-to-date symlink: /home/yong/yolov8_ros/install/yolov8_msgs/include/yolov8_msgs/msg/detail/detection__builder.hpp
[6.896s] -- Up-to-date symlink: /home/yong/yolov8_ros/install/yolov8_msgs/include/yolov8_msgs/msg/detail/detection__struct.hpp
[6.896s] -- Up-to-date symlink: /home/yong/yolov8_ros/install/yolov8_msgs/include/yolov8_msgs/msg/detail/detection__traits.hpp
[6.896s] -- Up-to-date symlink: /home/yong/yolov8_ros/install/yolov8_msgs/include/yolov8_msgs/msg/detail/detection__type_support.hpp
[6.896s] -- Up-to-date symlink: /home/yong/yolov8_ros/install/yolov8_msgs/include/yolov8_msgs/msg/detail/detection_array__builder.hpp
[6.896s] -- Up-to-date symlink: /home/yong/yolov8_ros/install/yolov8_msgs/include/yolov8_msgs/msg/detail/detection_array__struct.hpp
[6.896s] -- Up-to-date symlink: /home/yong/yolov8_ros/install/yolov8_msgs/include/yolov8_msgs/msg/detail/detection_array__traits.hpp
[6.896s] -- Up-to-date symlink: /home/yong/yolov8_ros/install/yolov8_msgs/include/yolov8_msgs/msg/detail/detection_array__type_support.hpp
[6.897s] -- Up-to-date symlink: /home/yong/yolov8_ros/install/yolov8_msgs/include/yolov8_msgs/msg/detail/key_point2_d__builder.hpp
[6.897s] -- Up-to-date symlink: /home/yong/yolov8_ros/install/yolov8_msgs/include/yolov8_msgs/msg/detail/key_point2_d__struct.hpp
[6.897s] -- Up-to-date symlink: /home/yong/yolov8_ros/install/yolov8_msgs/include/yolov8_msgs/msg/detail/key_point2_d__traits.hpp
[6.897s] -- Up-to-date symlink: /home/yong/yolov8_ros/install/yolov8_msgs/include/yolov8_msgs/msg/detail/key_point2_d__type_support.hpp
[6.897s] -- Up-to-date symlink: /home/yong/yolov8_ros/install/yolov8_msgs/include/yolov8_msgs/msg/detail/key_point2_d_array__builder.hpp
[6.897s] -- Up-to-date symlink: /home/yong/yolov8_ros/install/yolov8_msgs/include/yolov8_msgs/msg/detail/key_point2_d_array__struct.hpp
[6.897s] -- Up-to-date symlink: /home/yong/yolov8_ros/install/yolov8_msgs/include/yolov8_msgs/msg/detail/key_point2_d_array__traits.hpp
[6.897s] -- Up-to-date symlink: /home/yong/yolov8_ros/install/yolov8_msgs/include/yolov8_msgs/msg/detail/key_point2_d_array__type_support.hpp
[6.897s] -- Up-to-date symlink: /home/yong/yolov8_ros/install/yolov8_msgs/include/yolov8_msgs/msg/detail/key_point3_d__builder.hpp
[6.897s] -- Up-to-date symlink: /home/yong/yolov8_ros/install/yolov8_msgs/include/yolov8_msgs/msg/detail/key_point3_d__struct.hpp
[6.897s] -- Up-to-date symlink: /home/yong/yolov8_ros/install/yolov8_msgs/include/yolov8_msgs/msg/detail/key_point3_d__traits.hpp
[6.898s] -- Up-to-date symlink: /home/yong/yolov8_ros/install/yolov8_msgs/include/yolov8_msgs/msg/detail/key_point3_d__type_support.hpp
[6.898s] -- Up-to-date symlink: /home/yong/yolov8_ros/install/yolov8_msgs/include/yolov8_msgs/msg/detail/key_point3_d_array__builder.hpp
[6.898s] -- Up-to-date symlink: /home/yong/yolov8_ros/install/yolov8_msgs/include/yolov8_msgs/msg/detail/key_point3_d_array__struct.hpp
[6.898s] -- Up-to-date symlink: /home/yong/yolov8_ros/install/yolov8_msgs/include/yolov8_msgs/msg/detail/key_point3_d_array__traits.hpp
[6.898s] -- Up-to-date symlink: /home/yong/yolov8_ros/install/yolov8_msgs/include/yolov8_msgs/msg/detail/key_point3_d_array__type_support.hpp
[6.898s] -- Up-to-date symlink: /home/yong/yolov8_ros/install/yolov8_msgs/include/yolov8_msgs/msg/detail/mask__builder.hpp
[6.898s] -- Up-to-date symlink: /home/yong/yolov8_ros/install/yolov8_msgs/include/yolov8_msgs/msg/detail/mask__struct.hpp
[6.898s] -- Up-to-date symlink: /home/yong/yolov8_ros/install/yolov8_msgs/include/yolov8_msgs/msg/detail/mask__traits.hpp
[6.898s] -- Up-to-date symlink: /home/yong/yolov8_ros/install/yolov8_msgs/include/yolov8_msgs/msg/detail/mask__type_support.hpp
[6.898s] -- Up-to-date symlink: /home/yong/yolov8_ros/install/yolov8_msgs/include/yolov8_msgs/msg/detail/point2_d__builder.hpp
[6.899s] -- Up-to-date symlink: /home/yong/yolov8_ros/install/yolov8_msgs/include/yolov8_msgs/msg/detail/point2_d__struct.hpp
[6.899s] -- Up-to-date symlink: /home/yong/yolov8_ros/install/yolov8_msgs/include/yolov8_msgs/msg/detail/point2_d__traits.hpp
[6.899s] -- Up-to-date symlink: /home/yong/yolov8_ros/install/yolov8_msgs/include/yolov8_msgs/msg/detail/point2_d__type_support.hpp
[6.899s] -- Up-to-date symlink: /home/yong/yolov8_ros/install/yolov8_msgs/include/yolov8_msgs/msg/detail/pose2_d__builder.hpp
[6.899s] -- Up-to-date symlink: /home/yong/yolov8_ros/install/yolov8_msgs/include/yolov8_msgs/msg/detail/pose2_d__struct.hpp
[6.899s] -- Up-to-date symlink: /home/yong/yolov8_ros/install/yolov8_msgs/include/yolov8_msgs/msg/detail/pose2_d__traits.hpp
[6.899s] -- Up-to-date symlink: /home/yong/yolov8_ros/install/yolov8_msgs/include/yolov8_msgs/msg/detail/pose2_d__type_support.hpp
[6.899s] -- Up-to-date symlink: /home/yong/yolov8_ros/install/yolov8_msgs/include/yolov8_msgs/msg/detail/vector2__builder.hpp
[6.900s] -- Up-to-date symlink: /home/yong/yolov8_ros/install/yolov8_msgs/include/yolov8_msgs/msg/detail/vector2__struct.hpp
[6.900s] -- Up-to-date symlink: /home/yong/yolov8_ros/install/yolov8_msgs/include/yolov8_msgs/msg/detail/vector2__traits.hpp
[6.900s] -- Up-to-date symlink: /home/yong/yolov8_ros/install/yolov8_msgs/include/yolov8_msgs/msg/detail/vector2__type_support.hpp
[6.900s] -- Up-to-date symlink: /home/yong/yolov8_ros/install/yolov8_msgs/include/yolov8_msgs/msg/detection.hpp
[6.900s] -- Up-to-date symlink: /home/yong/yolov8_ros/install/yolov8_msgs/include/yolov8_msgs/msg/detection_array.hpp
[6.900s] -- Up-to-date symlink: /home/yong/yolov8_ros/install/yolov8_msgs/include/yolov8_msgs/msg/key_point2_d.hpp
[6.900s] -- Up-to-date symlink: /home/yong/yolov8_ros/install/yolov8_msgs/include/yolov8_msgs/msg/key_point2_d_array.hpp
[6.900s] -- Up-to-date symlink: /home/yong/yolov8_ros/install/yolov8_msgs/include/yolov8_msgs/msg/key_point3_d.hpp
[6.900s] -- Up-to-date symlink: /home/yong/yolov8_ros/install/yolov8_msgs/include/yolov8_msgs/msg/key_point3_d_array.hpp
[6.900s] -- Up-to-date symlink: /home/yong/yolov8_ros/install/yolov8_msgs/include/yolov8_msgs/msg/mask.hpp
[6.900s] -- Up-to-date symlink: /home/yong/yolov8_ros/install/yolov8_msgs/include/yolov8_msgs/msg/point2_d.hpp
[6.901s] -- Up-to-date symlink: /home/yong/yolov8_ros/install/yolov8_msgs/include/yolov8_msgs/msg/pose2_d.hpp
[6.901s] -- Up-to-date symlink: /home/yong/yolov8_ros/install/yolov8_msgs/include/yolov8_msgs/msg/rosidl_generator_cpp__visibility_control.hpp
[6.901s] -- Up-to-date symlink: /home/yong/yolov8_ros/install/yolov8_msgs/include/yolov8_msgs/msg/vector2.hpp
[6.901s] -- Up-to-date symlink: /home/yong/yolov8_ros/install/yolov8_msgs/include/yolov8_msgs/msg/detail/bounding_box2_d__rosidl_typesupport_introspection_cpp.hpp
[6.901s] -- Up-to-date symlink: /home/yong/yolov8_ros/install/yolov8_msgs/include/yolov8_msgs/msg/detail/bounding_box3_d__rosidl_typesupport_introspection_cpp.hpp
[6.901s] -- Up-to-date symlink: /home/yong/yolov8_ros/install/yolov8_msgs/include/yolov8_msgs/msg/detail/detection__rosidl_typesupport_introspection_cpp.hpp
[6.901s] -- Up-to-date symlink: /home/yong/yolov8_ros/install/yolov8_msgs/include/yolov8_msgs/msg/detail/detection_array__rosidl_typesupport_introspection_cpp.hpp
[6.902s] -- Up-to-date symlink: /home/yong/yolov8_ros/install/yolov8_msgs/include/yolov8_msgs/msg/detail/key_point2_d__rosidl_typesupport_introspection_cpp.hpp
[6.902s] -- Up-to-date symlink: /home/yong/yolov8_ros/install/yolov8_msgs/include/yolov8_msgs/msg/detail/key_point2_d_array__rosidl_typesupport_introspection_cpp.hpp
[6.902s] -- Up-to-date symlink: /home/yong/yolov8_ros/install/yolov8_msgs/include/yolov8_msgs/msg/detail/key_point3_d__rosidl_typesupport_introspection_cpp.hpp
[6.902s] -- Up-to-date symlink: /home/yong/yolov8_ros/install/yolov8_msgs/include/yolov8_msgs/msg/detail/key_point3_d_array__rosidl_typesupport_introspection_cpp.hpp
[6.902s] -- Up-to-date symlink: /home/yong/yolov8_ros/install/yolov8_msgs/include/yolov8_msgs/msg/detail/mask__rosidl_typesupport_introspection_cpp.hpp
[6.902s] -- Up-to-date symlink: /home/yong/yolov8_ros/install/yolov8_msgs/include/yolov8_msgs/msg/detail/point2_d__rosidl_typesupport_introspection_cpp.hpp
[6.902s] -- Up-to-date symlink: /home/yong/yolov8_ros/install/yolov8_msgs/include/yolov8_msgs/msg/detail/pose2_d__rosidl_typesupport_introspection_cpp.hpp
[6.902s] -- Up-to-date symlink: /home/yong/yolov8_ros/install/yolov8_msgs/include/yolov8_msgs/msg/detail/vector2__rosidl_typesupport_introspection_cpp.hpp
[6.902s] -- Up-to-date symlink: /home/yong/yolov8_ros/install/yolov8_msgs/share/yolov8_msgs/environment/pythonpath.sh
[6.903s] -- Up-to-date symlink: /home/yong/yolov8_ros/install/yolov8_msgs/share/yolov8_msgs/environment/pythonpath.dsv
[6.903s] -- Up-to-date symlink: /home/yong/yolov8_ros/install/yolov8_msgs/lib/python3.8/site-packages/yolov8_msgs/__init__.py
[6.903s] -- Up-to-date symlink: /home/yong/yolov8_ros/install/yolov8_msgs/lib/python3.8/site-packages/yolov8_msgs/msg/__init__.py
[6.903s] -- Up-to-date symlink: /home/yong/yolov8_ros/install/yolov8_msgs/lib/python3.8/site-packages/yolov8_msgs/msg/_bounding_box2_d.py
[6.903s] -- Up-to-date symlink: /home/yong/yolov8_ros/install/yolov8_msgs/lib/python3.8/site-packages/yolov8_msgs/msg/_bounding_box3_d.py
[6.903s] -- Up-to-date symlink: /home/yong/yolov8_ros/install/yolov8_msgs/lib/python3.8/site-packages/yolov8_msgs/msg/_detection.py
[6.904s] -- Up-to-date symlink: /home/yong/yolov8_ros/install/yolov8_msgs/lib/python3.8/site-packages/yolov8_msgs/msg/_detection_array.py
[6.904s] -- Up-to-date symlink: /home/yong/yolov8_ros/install/yolov8_msgs/lib/python3.8/site-packages/yolov8_msgs/msg/_key_point2_d.py
[6.904s] -- Up-to-date symlink: /home/yong/yolov8_ros/install/yolov8_msgs/lib/python3.8/site-packages/yolov8_msgs/msg/_key_point2_d_array.py
[6.904s] -- Up-to-date symlink: /home/yong/yolov8_ros/install/yolov8_msgs/lib/python3.8/site-packages/yolov8_msgs/msg/_key_point3_d.py
[6.904s] -- Up-to-date symlink: /home/yong/yolov8_ros/install/yolov8_msgs/lib/python3.8/site-packages/yolov8_msgs/msg/_key_point3_d_array.py
[6.904s] -- Up-to-date symlink: /home/yong/yolov8_ros/install/yolov8_msgs/lib/python3.8/site-packages/yolov8_msgs/msg/_mask.py
[6.904s] -- Up-to-date symlink: /home/yong/yolov8_ros/install/yolov8_msgs/lib/python3.8/site-packages/yolov8_msgs/msg/_point2_d.py
[6.904s] -- Up-to-date symlink: /home/yong/yolov8_ros/install/yolov8_msgs/lib/python3.8/site-packages/yolov8_msgs/msg/_pose2_d.py
[6.904s] -- Up-to-date symlink: /home/yong/yolov8_ros/install/yolov8_msgs/lib/python3.8/site-packages/yolov8_msgs/msg/_vector2.py
[6.905s] -- Up-to-date symlink: /home/yong/yolov8_ros/install/yolov8_msgs/lib/python3.8/site-packages/yolov8_msgs/yolov8_msgs_s__rosidl_typesupport_fastrtps_c.cpython-38-x86_64-linux-gnu.so
[6.905s] -- Up-to-date symlink: /home/yong/yolov8_ros/install/yolov8_msgs/lib/python3.8/site-packages/yolov8_msgs/yolov8_msgs_s__rosidl_typesupport_introspection_c.cpython-38-x86_64-linux-gnu.so
[6.905s] -- Up-to-date symlink: /home/yong/yolov8_ros/install/yolov8_msgs/lib/python3.8/site-packages/yolov8_msgs/yolov8_msgs_s__rosidl_typesupport_c.cpython-38-x86_64-linux-gnu.so
[6.905s] -- Up-to-date symlink: /home/yong/yolov8_ros/install/yolov8_msgs/lib/libyolov8_msgs__python.so
[6.906s] -- Up-to-date symlink: /home/yong/yolov8_ros/install/yolov8_msgs/share/yolov8_msgs/msg/Point2D.idl
[6.906s] -- Up-to-date symlink: /home/yong/yolov8_ros/install/yolov8_msgs/share/yolov8_msgs/msg/Vector2.idl
[6.906s] -- Up-to-date symlink: /home/yong/yolov8_ros/install/yolov8_msgs/share/yolov8_msgs/msg/Pose2D.idl
[6.906s] -- Up-to-date symlink: /home/yong/yolov8_ros/install/yolov8_msgs/share/yolov8_msgs/msg/BoundingBox2D.idl
[6.906s] -- Up-to-date symlink: /home/yong/yolov8_ros/install/yolov8_msgs/share/yolov8_msgs/msg/BoundingBox3D.idl
[6.906s] -- Up-to-date symlink: /home/yong/yolov8_ros/install/yolov8_msgs/share/yolov8_msgs/msg/Mask.idl
[6.907s] -- Up-to-date symlink: /home/yong/yolov8_ros/install/yolov8_msgs/share/yolov8_msgs/msg/KeyPoint2D.idl
[6.907s] -- Up-to-date symlink: /home/yong/yolov8_ros/install/yolov8_msgs/share/yolov8_msgs/msg/KeyPoint2DArray.idl
[6.907s] -- Up-to-date symlink: /home/yong/yolov8_ros/install/yolov8_msgs/share/yolov8_msgs/msg/KeyPoint3D.idl
[6.907s] -- Up-to-date symlink: /home/yong/yolov8_ros/install/yolov8_msgs/share/yolov8_msgs/msg/KeyPoint3DArray.idl
[6.907s] -- Up-to-date symlink: /home/yong/yolov8_ros/install/yolov8_msgs/share/yolov8_msgs/msg/Detection.idl
[6.907s] -- Up-to-date symlink: /home/yong/yolov8_ros/install/yolov8_msgs/share/yolov8_msgs/msg/DetectionArray.idl
[6.908s] -- Up-to-date symlink: /home/yong/yolov8_ros/install/yolov8_msgs/share/yolov8_msgs/msg/Point2D.msg
[6.908s] -- Up-to-date symlink: /home/yong/yolov8_ros/install/yolov8_msgs/share/yolov8_msgs/msg/Vector2.msg
[6.908s] -- Up-to-date symlink: /home/yong/yolov8_ros/install/yolov8_msgs/share/yolov8_msgs/msg/Pose2D.msg
[6.908s] -- Up-to-date symlink: /home/yong/yolov8_ros/install/yolov8_msgs/share/yolov8_msgs/msg/BoundingBox2D.msg
[6.908s] -- Up-to-date symlink: /home/yong/yolov8_ros/install/yolov8_msgs/share/yolov8_msgs/msg/BoundingBox3D.msg
[6.908s] -- Up-to-date symlink: /home/yong/yolov8_ros/install/yolov8_msgs/share/yolov8_msgs/msg/Mask.msg
[6.908s] -- Up-to-date symlink: /home/yong/yolov8_ros/install/yolov8_msgs/share/yolov8_msgs/msg/KeyPoint2D.msg
[6.909s] -- Up-to-date symlink: /home/yong/yolov8_ros/install/yolov8_msgs/share/yolov8_msgs/msg/KeyPoint2DArray.msg
[6.909s] -- Up-to-date symlink: /home/yong/yolov8_ros/install/yolov8_msgs/share/yolov8_msgs/msg/KeyPoint3D.msg
[6.909s] -- Up-to-date symlink: /home/yong/yolov8_ros/install/yolov8_msgs/share/yolov8_msgs/msg/KeyPoint3DArray.msg
[6.909s] -- Up-to-date symlink: /home/yong/yolov8_ros/install/yolov8_msgs/share/yolov8_msgs/msg/Detection.msg
[6.909s] -- Up-to-date symlink: /home/yong/yolov8_ros/install/yolov8_msgs/share/yolov8_msgs/msg/DetectionArray.msg
[6.909s] -- Up-to-date symlink: /home/yong/yolov8_ros/install/yolov8_msgs/share/ament_index/resource_index/package_run_dependencies/yolov8_msgs
[6.910s] -- Up-to-date symlink: /home/yong/yolov8_ros/install/yolov8_msgs/share/ament_index/resource_index/parent_prefix_path/yolov8_msgs
[6.910s] -- Up-to-date symlink: /home/yong/yolov8_ros/install/yolov8_msgs/share/yolov8_msgs/environment/ament_prefix_path.sh
[6.910s] -- Up-to-date symlink: /home/yong/yolov8_ros/install/yolov8_msgs/share/yolov8_msgs/environment/ament_prefix_path.dsv
[6.910s] -- Up-to-date symlink: /home/yong/yolov8_ros/install/yolov8_msgs/share/yolov8_msgs/environment/path.sh
[6.910s] -- Up-to-date symlink: /home/yong/yolov8_ros/install/yolov8_msgs/share/yolov8_msgs/environment/path.dsv
[6.911s] -- Up-to-date symlink: /home/yong/yolov8_ros/install/yolov8_msgs/share/yolov8_msgs/local_setup.bash
[6.911s] -- Up-to-date symlink: /home/yong/yolov8_ros/install/yolov8_msgs/share/yolov8_msgs/local_setup.sh
[6.911s] -- Up-to-date symlink: /home/yong/yolov8_ros/install/yolov8_msgs/share/yolov8_msgs/local_setup.zsh
[6.911s] -- Up-to-date symlink: /home/yong/yolov8_ros/install/yolov8_msgs/share/yolov8_msgs/local_setup.dsv
[6.911s] -- Symlinking: /home/yong/yolov8_ros/install/yolov8_msgs/share/yolov8_msgs/package.dsv
[6.917s] -- Up-to-date symlink: /home/yong/yolov8_ros/install/yolov8_msgs/share/ament_index/resource_index/packages/yolov8_msgs
[6.917s] -- Up-to-date symlink: /home/yong/yolov8_ros/install/yolov8_msgs/share/yolov8_msgs/cmake/rosidl_cmake-extras.cmake
[6.917s] -- Up-to-date symlink: /home/yong/yolov8_ros/install/yolov8_msgs/share/yolov8_msgs/cmake/ament_cmake_export_dependencies-extras.cmake
[6.918s] -- Up-to-date symlink: /home/yong/yolov8_ros/install/yolov8_msgs/share/yolov8_msgs/cmake/ament_cmake_export_libraries-extras.cmake
[6.918s] -- Up-to-date symlink: /home/yong/yolov8_ros/install/yolov8_msgs/share/yolov8_msgs/cmake/ament_cmake_export_targets-extras.cmake
[6.918s] -- Up-to-date symlink: /home/yong/yolov8_ros/install/yolov8_msgs/share/yolov8_msgs/cmake/ament_cmake_export_include_directories-extras.cmake
[6.918s] -- Up-to-date symlink: /home/yong/yolov8_ros/install/yolov8_msgs/share/yolov8_msgs/cmake/rosidl_cmake_export_typesupport_libraries-extras.cmake
[6.918s] -- Up-to-date symlink: /home/yong/yolov8_ros/install/yolov8_msgs/share/yolov8_msgs/cmake/rosidl_cmake_export_typesupport_targets-extras.cmake
[6.918s] -- Up-to-date symlink: /home/yong/yolov8_ros/install/yolov8_msgs/share/yolov8_msgs/cmake/yolov8_msgsConfig.cmake
[6.918s] -- Up-to-date symlink: /home/yong/yolov8_ros/install/yolov8_msgs/share/yolov8_msgs/cmake/yolov8_msgsConfig-version.cmake
[6.919s] -- Up-to-date symlink: /home/yong/yolov8_ros/install/yolov8_msgs/share/yolov8_msgs/package.xml
[6.919s] -- Installing: /home/yong/yolov8_ros/install/yolov8_msgs/lib/libyolov8_msgs__rosidl_generator_c.so
[6.919s] -- Set runtime path of "/home/yong/yolov8_ros/install/yolov8_msgs/lib/libyolov8_msgs__rosidl_generator_c.so" to ""
[6.919s] -- Installing: /home/yong/yolov8_ros/install/yolov8_msgs/lib/libyolov8_msgs__rosidl_typesupport_introspection_c.so
[6.920s] -- Set runtime path of "/home/yong/yolov8_ros/install/yolov8_msgs/lib/libyolov8_msgs__rosidl_typesupport_introspection_c.so" to ""
[6.920s] -- Installing: /home/yong/yolov8_ros/install/yolov8_msgs/lib/libyolov8_msgs__rosidl_typesupport_c.so
[6.920s] -- Set runtime path of "/home/yong/yolov8_ros/install/yolov8_msgs/lib/libyolov8_msgs__rosidl_typesupport_c.so" to ""
[6.920s] -- Installing: /home/yong/yolov8_ros/install/yolov8_msgs/lib/libyolov8_msgs__rosidl_typesupport_introspection_cpp.so
[6.920s] -- Set runtime path of "/home/yong/yolov8_ros/install/yolov8_msgs/lib/libyolov8_msgs__rosidl_typesupport_introspection_cpp.so" to ""
[6.920s] -- Installing: /home/yong/yolov8_ros/install/yolov8_msgs/lib/libyolov8_msgs__rosidl_typesupport_cpp.so
[6.920s] -- Set runtime path of "/home/yong/yolov8_ros/install/yolov8_msgs/lib/libyolov8_msgs__rosidl_typesupport_cpp.so" to ""
[6.943s] Compiling '/home/yong/yolov8_ros/install/yolov8_msgs/lib/python3.8/site-packages/yolov8_msgs/__init__.py'...
[6.945s] -- Up-to-date: /home/yong/yolov8_ros/install/yolov8_msgs/share/yolov8_msgs/cmake/yolov8_msgs__rosidl_generator_cExport.cmake
[6.946s] -- Installing: /home/yong/yolov8_ros/install/yolov8_msgs/share/yolov8_msgs/cmake/yolov8_msgs__rosidl_generator_cExport-noconfig.cmake
[6.946s] -- Up-to-date: /home/yong/yolov8_ros/install/yolov8_msgs/share/yolov8_msgs/cmake/yolov8_msgs__rosidl_typesupport_introspection_cExport.cmake
[6.946s] -- Installing: /home/yong/yolov8_ros/install/yolov8_msgs/share/yolov8_msgs/cmake/yolov8_msgs__rosidl_typesupport_introspection_cExport-noconfig.cmake
[6.946s] -- Up-to-date: /home/yong/yolov8_ros/install/yolov8_msgs/share/yolov8_msgs/cmake/yolov8_msgs__rosidl_typesupport_cExport.cmake
[6.946s] -- Installing: /home/yong/yolov8_ros/install/yolov8_msgs/share/yolov8_msgs/cmake/yolov8_msgs__rosidl_typesupport_cExport-noconfig.cmake
[6.946s] -- Up-to-date: /home/yong/yolov8_ros/install/yolov8_msgs/share/yolov8_msgs/cmake/yolov8_msgs__rosidl_generator_cppExport.cmake
[6.946s] -- Up-to-date: /home/yong/yolov8_ros/install/yolov8_msgs/share/yolov8_msgs/cmake/yolov8_msgs__rosidl_typesupport_introspection_cppExport.cmake
[6.946s] -- Installing: /home/yong/yolov8_ros/install/yolov8_msgs/share/yolov8_msgs/cmake/yolov8_msgs__rosidl_typesupport_introspection_cppExport-noconfig.cmake
[6.946s] -- Up-to-date: /home/yong/yolov8_ros/install/yolov8_msgs/share/yolov8_msgs/cmake/yolov8_msgs__rosidl_typesupport_cppExport.cmake
[6.946s] -- Installing: /home/yong/yolov8_ros/install/yolov8_msgs/share/yolov8_msgs/cmake/yolov8_msgs__rosidl_typesupport_cppExport-noconfig.cmake
[6.948s] Invoked command in '/home/yong/yolov8_ros/build/yolov8_msgs' returned '0': CMAKE_PREFIX_PATH=${CMAKE_PREFIX_PATH}:/home/yong/yolov8_ros/install/yolov8_ros:/opt/ros/foxy /usr/bin/cmake --install /home/yong/yolov8_ros/build/yolov8_msgs
