Determining if the function sgemm_ exists failed with the following output:
Change Dir: /home/aiv/YongJun_ws/ros2_ws/build/zed_aruco_localization/CMakeFiles/CMakeTmp

Run Build Command(s):/usr/bin/make cmTC_c7872/fast && /usr/bin/make -f CMakeFiles/cmTC_c7872.dir/build.make CMakeFiles/cmTC_c7872.dir/build
make[1]: Entering directory '/home/aiv/YongJun_ws/ros2_ws/build/zed_aruco_localization/CMakeFiles/CMakeTmp'
Building C object CMakeFiles/cmTC_c7872.dir/CheckFunctionExists.c.o
/usr/bin/cc   -DCHECK_FUNCTION_EXISTS=sgemm_   -o CMakeFiles/cmTC_c7872.dir/CheckFunctionExists.c.o   -c /usr/share/cmake-3.16/Modules/CheckFunctionExists.c
Linking C executable cmTC_c7872
/usr/bin/cmake -E cmake_link_script CMakeFiles/cmTC_c7872.dir/link.txt --verbose=1
/usr/bin/cc  -DCHECK_FUNCTION_EXISTS=sgemm_    CMakeFiles/cmTC_c7872.dir/CheckFunctionExists.c.o  -o cmTC_c7872 
/usr/bin/ld: CMakeFiles/cmTC_c7872.dir/CheckFunctionExists.c.o: in function `main':
CheckFunctionExists.c:(.text+0x14): undefined reference to `sgemm_'
collect2: error: ld returned 1 exit status
make[1]: *** [CMakeFiles/cmTC_c7872.dir/build.make:87: cmTC_c7872] Error 1
make[1]: Leaving directory '/home/aiv/YongJun_ws/ros2_ws/build/zed_aruco_localization/CMakeFiles/CMakeTmp'
make: *** [Makefile:121: cmTC_c7872/fast] Error 2



Performing C SOURCE FILE Test CMAKE_HAVE_LIBC_PTHREAD failed with the following output:
Change Dir: /home/aiv/YongJun_ws/ros2_ws/build/zed_aruco_localization/CMakeFiles/CMakeTmp

Run Build Command(s):/usr/bin/make cmTC_08204/fast && /usr/bin/make -f CMakeFiles/cmTC_08204.dir/build.make CMakeFiles/cmTC_08204.dir/build
make[1]: Entering directory '/home/aiv/YongJun_ws/ros2_ws/build/zed_aruco_localization/CMakeFiles/CMakeTmp'
Building C object CMakeFiles/cmTC_08204.dir/src.c.o
/usr/bin/cc   -DCMAKE_HAVE_LIBC_PTHREAD   -o CMakeFiles/cmTC_08204.dir/src.c.o   -c /home/aiv/YongJun_ws/ros2_ws/build/zed_aruco_localization/CMakeFiles/CMakeTmp/src.c
Linking C executable cmTC_08204
/usr/bin/cmake -E cmake_link_script CMakeFiles/cmTC_08204.dir/link.txt --verbose=1
/usr/bin/cc  -DCMAKE_HAVE_LIBC_PTHREAD    CMakeFiles/cmTC_08204.dir/src.c.o  -o cmTC_08204 
/usr/bin/ld: CMakeFiles/cmTC_08204.dir/src.c.o: in function `main':
src.c:(.text+0x46): undefined reference to `pthread_create'
/usr/bin/ld: src.c:(.text+0x52): undefined reference to `pthread_detach'
/usr/bin/ld: src.c:(.text+0x63): undefined reference to `pthread_join'
collect2: error: ld returned 1 exit status
make[1]: *** [CMakeFiles/cmTC_08204.dir/build.make:87: cmTC_08204] Error 1
make[1]: Leaving directory '/home/aiv/YongJun_ws/ros2_ws/build/zed_aruco_localization/CMakeFiles/CMakeTmp'
make: *** [Makefile:121: cmTC_08204/fast] Error 2


Source file was:
#include <pthread.h>

void* test_func(void* data)
{
  return data;
}

int main(void)
{
  pthread_t thread;
  pthread_create(&thread, NULL, test_func, NULL);
  pthread_detach(thread);
  pthread_join(thread, NULL);
  pthread_atfork(NULL, NULL, NULL);
  pthread_exit(NULL);

  return 0;
}

Determining if the function pthread_create exists in the pthreads failed with the following output:
Change Dir: /home/aiv/YongJun_ws/ros2_ws/build/zed_aruco_localization/CMakeFiles/CMakeTmp

Run Build Command(s):/usr/bin/make cmTC_4066e/fast && /usr/bin/make -f CMakeFiles/cmTC_4066e.dir/build.make CMakeFiles/cmTC_4066e.dir/build
make[1]: Entering directory '/home/aiv/YongJun_ws/ros2_ws/build/zed_aruco_localization/CMakeFiles/CMakeTmp'
Building C object CMakeFiles/cmTC_4066e.dir/CheckFunctionExists.c.o
/usr/bin/cc   -DCHECK_FUNCTION_EXISTS=pthread_create   -o CMakeFiles/cmTC_4066e.dir/CheckFunctionExists.c.o   -c /usr/share/cmake-3.16/Modules/CheckFunctionExists.c
Linking C executable cmTC_4066e
/usr/bin/cmake -E cmake_link_script CMakeFiles/cmTC_4066e.dir/link.txt --verbose=1
/usr/bin/cc  -DCHECK_FUNCTION_EXISTS=pthread_create    CMakeFiles/cmTC_4066e.dir/CheckFunctionExists.c.o  -o cmTC_4066e  -lpthreads 
/usr/bin/ld: cannot find -lpthreads
collect2: error: ld returned 1 exit status
make[1]: *** [CMakeFiles/cmTC_4066e.dir/build.make:87: cmTC_4066e] Error 1
make[1]: Leaving directory '/home/aiv/YongJun_ws/ros2_ws/build/zed_aruco_localization/CMakeFiles/CMakeTmp'
make: *** [Makefile:121: cmTC_4066e/fast] Error 2



