[0.007s] Invoking command in '/home/aiv/YongJun_ws/build/yolov8_bringup': AMENT_PREFIX_PATH=/home/aiv/YongJun_ws/install/yolov8_ros:${AMENT_PREFIX_PATH} CMAKE_PREFIX_PATH=/opt/ros/foxy PYTHONPATH=/home/aiv/YongJun_ws/build/yolov8_ros:/home/aiv/YongJun_ws/install/yolov8_ros/lib/python3.8/site-packages:${PYTHONPATH} /usr/bin/cmake --build /home/aiv/YongJun_ws/build/yolov8_bringup -- -j32 -l32
[0.039s] Invoked command in '/home/aiv/YongJun_ws/build/yolov8_bringup' returned '0': AMENT_PREFIX_PATH=/home/aiv/YongJun_ws/install/yolov8_ros:${AMENT_PREFIX_PATH} CMAKE_PREFIX_PATH=/opt/ros/foxy PYTHONPATH=/home/aiv/YongJun_ws/build/yolov8_ros:/home/aiv/YongJun_ws/install/yolov8_ros/lib/python3.8/site-packages:${PYTHONPATH} /usr/bin/cmake --build /home/aiv/YongJun_ws/build/yolov8_bringup -- -j32 -l32
[0.060s] Invoking command in '/home/aiv/YongJun_ws/build/yolov8_bringup': AMENT_PREFIX_PATH=/home/aiv/YongJun_ws/install/yolov8_ros:${AMENT_PREFIX_PATH} CMAKE_PREFIX_PATH=/opt/ros/foxy PYTHONPATH=/home/aiv/YongJun_ws/build/yolov8_ros:/home/aiv/YongJun_ws/install/yolov8_ros/lib/python3.8/site-packages:${PYTHONPATH} /usr/bin/cmake --install /home/aiv/YongJun_ws/build/yolov8_bringup
[0.067s] -- Install configuration: ""
[0.068s] -- Execute custom install script
[0.069s] -- Up-to-date symlink: /home/aiv/YongJun_ws/install/yolov8_bringup/share/yolov8_bringup//launch/yolov8.launch.py
[0.069s] -- Up-to-date symlink: /home/aiv/YongJun_ws/install/yolov8_bringup/share/yolov8_bringup//launch/yolov8_3d.launch.py
[0.069s] -- Up-to-date symlink: /home/aiv/YongJun_ws/install/yolov8_bringup/share/yolov8_bringup//launch/yolov9.launch.py
[0.069s] -- Up-to-date symlink: /home/aiv/YongJun_ws/install/yolov8_bringup/share/ament_index/resource_index/package_run_dependencies/yolov8_bringup
[0.070s] -- Up-to-date symlink: /home/aiv/YongJun_ws/install/yolov8_bringup/share/ament_index/resource_index/parent_prefix_path/yolov8_bringup
[0.070s] -- Up-to-date symlink: /home/aiv/YongJun_ws/install/yolov8_bringup/share/yolov8_bringup/environment/ament_prefix_path.sh
[0.070s] -- Up-to-date symlink: /home/aiv/YongJun_ws/install/yolov8_bringup/share/yolov8_bringup/environment/ament_prefix_path.dsv
[0.070s] -- Up-to-date symlink: /home/aiv/YongJun_ws/install/yolov8_bringup/share/yolov8_bringup/environment/path.sh
[0.071s] -- Up-to-date symlink: /home/aiv/YongJun_ws/install/yolov8_bringup/share/yolov8_bringup/environment/path.dsv
[0.071s] -- Up-to-date symlink: /home/aiv/YongJun_ws/install/yolov8_bringup/share/yolov8_bringup/local_setup.bash
[0.071s] -- Up-to-date symlink: /home/aiv/YongJun_ws/install/yolov8_bringup/share/yolov8_bringup/local_setup.sh
[0.071s] -- Up-to-date symlink: /home/aiv/YongJun_ws/install/yolov8_bringup/share/yolov8_bringup/local_setup.zsh
[0.071s] -- Up-to-date symlink: /home/aiv/YongJun_ws/install/yolov8_bringup/share/yolov8_bringup/local_setup.dsv
[0.072s] -- Symlinking: /home/aiv/YongJun_ws/install/yolov8_bringup/share/yolov8_bringup/package.dsv
[0.080s] -- Up-to-date symlink: /home/aiv/YongJun_ws/install/yolov8_bringup/share/ament_index/resource_index/packages/yolov8_bringup
[0.081s] -- Up-to-date symlink: /home/aiv/YongJun_ws/install/yolov8_bringup/share/yolov8_bringup/cmake/yolov8_bringupConfig.cmake
[0.081s] -- Up-to-date symlink: /home/aiv/YongJun_ws/install/yolov8_bringup/share/yolov8_bringup/cmake/yolov8_bringupConfig-version.cmake
[0.081s] -- Up-to-date symlink: /home/aiv/YongJun_ws/install/yolov8_bringup/share/yolov8_bringup/package.xml
[0.084s] Invoked command in '/home/aiv/YongJun_ws/build/yolov8_bringup' returned '0': AMENT_PREFIX_PATH=/home/aiv/YongJun_ws/install/yolov8_ros:${AMENT_PREFIX_PATH} CMAKE_PREFIX_PATH=/opt/ros/foxy PYTHONPATH=/home/aiv/YongJun_ws/build/yolov8_ros:/home/aiv/YongJun_ws/install/yolov8_ros/lib/python3.8/site-packages:${PYTHONPATH} /usr/bin/cmake --install /home/aiv/YongJun_ws/build/yolov8_bringup
