[0.195s] DEBUG:colcon:Command line arguments: ['/usr/bin/colcon', 'build', '--symlink-install']
[0.195s] DEBUG:colcon:Parsed command line arguments: Namespace(allow_overriding=[], ament_cmake_args=None, base_paths=['.'], build_base='build', catkin_cmake_args=None, catkin_skip_building_tests=False, cmake_args=None, cmake_clean_cache=False, cmake_clean_first=False, cmake_force_configure=False, cmake_target=None, cmake_target_skip_unavailable=False, continue_on_error=False, event_handlers=None, executor='parallel', ignore_user_meta=False, install_base='install', log_base=None, log_level=None, main=<bound method BuildVerb.main of <colcon_core.verb.build.BuildVerb object at 0x7f114796ab50>>, merge_install=False, metas=['./colcon.meta'], packages_above=None, packages_above_and_dependencies=None, packages_above_depth=None, packages_end=None, packages_ignore=None, packages_ignore_regex=None, packages_select=None, packages_select_build_failed=False, packages_select_by_dep=None, packages_select_regex=None, packages_select_test_failures=False, packages_skip=None, packages_skip_build_finished=False, packages_skip_by_dep=None, packages_skip_regex=None, packages_skip_test_passed=False, packages_skip_up_to=None, packages_start=None, packages_up_to=None, packages_up_to_regex=None, parallel_workers=8, paths=None, symlink_install=True, test_result_base=None, verb_extension=<colcon_core.verb.build.BuildVerb object at 0x7f114796ab50>, verb_name='build', verb_parser=<colcon_defaults.argument_parser.defaults.DefaultArgumentsDecorator object at 0x7f11479790d0>)
[0.336s] Level 1:colcon.colcon_core.package_discovery:discover_packages(colcon_meta) check parameters
[0.336s] Level 1:colcon.colcon_core.package_discovery:discover_packages(recursive) check parameters
[0.336s] Level 1:colcon.colcon_core.package_discovery:discover_packages(ignore) check parameters
[0.336s] Level 1:colcon.colcon_core.package_discovery:discover_packages(path) check parameters
[0.336s] Level 1:colcon.colcon_core.package_discovery:discover_packages(colcon_meta) discover
[0.336s] Level 1:colcon.colcon_core.package_discovery:discover_packages(recursive) discover
[0.336s] INFO:colcon.colcon_core.package_discovery:Crawling recursively for packages in '/home/yong/yolov8_ros'
[0.336s] Level 1:colcon.colcon_core.package_identification:_identify(.) by extensions ['ignore', 'ignore_ament_install']
[0.336s] Level 1:colcon.colcon_core.package_identification:_identify(.) by extension 'ignore'
[0.336s] Level 1:colcon.colcon_core.package_identification:_identify(.) by extension 'ignore_ament_install'
[0.336s] Level 1:colcon.colcon_core.package_identification:_identify(.) by extensions ['colcon_pkg']
[0.336s] Level 1:colcon.colcon_core.package_identification:_identify(.) by extension 'colcon_pkg'
[0.337s] Level 1:colcon.colcon_core.package_identification:_identify(.) by extensions ['colcon_meta']
[0.337s] Level 1:colcon.colcon_core.package_identification:_identify(.) by extension 'colcon_meta'
[0.337s] Level 1:colcon.colcon_core.package_identification:_identify(.) by extensions ['ros']
[0.337s] Level 1:colcon.colcon_core.package_identification:_identify(.) by extension 'ros'
[0.344s] Level 1:colcon.colcon_core.package_identification:_identify(.) by extensions ['cmake', 'python']
[0.344s] Level 1:colcon.colcon_core.package_identification:_identify(.) by extension 'cmake'
[0.344s] Level 1:colcon.colcon_core.package_identification:_identify(.) by extension 'python'
[0.344s] Level 1:colcon.colcon_core.package_identification:_identify(.) by extensions ['python_setup_py']
[0.344s] Level 1:colcon.colcon_core.package_identification:_identify(.) by extension 'python_setup_py'
[0.344s] Level 1:colcon.colcon_core.package_identification:_identify(build) by extensions ['ignore', 'ignore_ament_install']
[0.345s] Level 1:colcon.colcon_core.package_identification:_identify(build) by extension 'ignore'
[0.345s] Level 1:colcon.colcon_core.package_identification:_identify(build) ignored
[0.345s] Level 1:colcon.colcon_core.package_identification:_identify(install) by extensions ['ignore', 'ignore_ament_install']
[0.345s] Level 1:colcon.colcon_core.package_identification:_identify(install) by extension 'ignore'
[0.345s] Level 1:colcon.colcon_core.package_identification:_identify(install) ignored
[0.345s] Level 1:colcon.colcon_core.package_identification:_identify(log) by extensions ['ignore', 'ignore_ament_install']
[0.345s] Level 1:colcon.colcon_core.package_identification:_identify(log) by extension 'ignore'
[0.345s] Level 1:colcon.colcon_core.package_identification:_identify(log) ignored
[0.345s] Level 1:colcon.colcon_core.package_identification:_identify(src) by extensions ['ignore', 'ignore_ament_install']
[0.345s] Level 1:colcon.colcon_core.package_identification:_identify(src) by extension 'ignore'
[0.345s] Level 1:colcon.colcon_core.package_identification:_identify(src) by extension 'ignore_ament_install'
[0.345s] Level 1:colcon.colcon_core.package_identification:_identify(src) by extensions ['colcon_pkg']
[0.345s] Level 1:colcon.colcon_core.package_identification:_identify(src) by extension 'colcon_pkg'
[0.345s] Level 1:colcon.colcon_core.package_identification:_identify(src) by extensions ['colcon_meta']
[0.345s] Level 1:colcon.colcon_core.package_identification:_identify(src) by extension 'colcon_meta'
[0.345s] Level 1:colcon.colcon_core.package_identification:_identify(src) by extensions ['ros']
[0.345s] Level 1:colcon.colcon_core.package_identification:_identify(src) by extension 'ros'
[0.345s] Level 1:colcon.colcon_core.package_identification:_identify(src) by extensions ['cmake', 'python']
[0.345s] Level 1:colcon.colcon_core.package_identification:_identify(src) by extension 'cmake'
[0.345s] Level 1:colcon.colcon_core.package_identification:_identify(src) by extension 'python'
[0.345s] Level 1:colcon.colcon_core.package_identification:_identify(src) by extensions ['python_setup_py']
[0.345s] Level 1:colcon.colcon_core.package_identification:_identify(src) by extension 'python_setup_py'
[0.345s] Level 1:colcon.colcon_core.package_identification:_identify(src/yolov8_ros) by extensions ['ignore', 'ignore_ament_install']
[0.346s] Level 1:colcon.colcon_core.package_identification:_identify(src/yolov8_ros) by extension 'ignore'
[0.346s] Level 1:colcon.colcon_core.package_identification:_identify(src/yolov8_ros) by extension 'ignore_ament_install'
[0.346s] Level 1:colcon.colcon_core.package_identification:_identify(src/yolov8_ros) by extensions ['colcon_pkg']
[0.346s] Level 1:colcon.colcon_core.package_identification:_identify(src/yolov8_ros) by extension 'colcon_pkg'
[0.346s] Level 1:colcon.colcon_core.package_identification:_identify(src/yolov8_ros) by extensions ['colcon_meta']
[0.346s] Level 1:colcon.colcon_core.package_identification:_identify(src/yolov8_ros) by extension 'colcon_meta'
[0.346s] Level 1:colcon.colcon_core.package_identification:_identify(src/yolov8_ros) by extensions ['ros']
[0.346s] Level 1:colcon.colcon_core.package_identification:_identify(src/yolov8_ros) by extension 'ros'
[0.346s] Level 1:colcon.colcon_core.package_identification:_identify(src/yolov8_ros) by extensions ['cmake', 'python']
[0.346s] Level 1:colcon.colcon_core.package_identification:_identify(src/yolov8_ros) by extension 'cmake'
[0.346s] Level 1:colcon.colcon_core.package_identification:_identify(src/yolov8_ros) by extension 'python'
[0.346s] Level 1:colcon.colcon_core.package_identification:_identify(src/yolov8_ros) by extensions ['python_setup_py']
[0.346s] Level 1:colcon.colcon_core.package_identification:_identify(src/yolov8_ros) by extension 'python_setup_py'
[0.346s] Level 1:colcon.colcon_core.package_identification:_identify(src/yolov8_ros/docs) by extensions ['ignore', 'ignore_ament_install']
[0.346s] Level 1:colcon.colcon_core.package_identification:_identify(src/yolov8_ros/docs) by extension 'ignore'
[0.346s] Level 1:colcon.colcon_core.package_identification:_identify(src/yolov8_ros/docs) by extension 'ignore_ament_install'
[0.346s] Level 1:colcon.colcon_core.package_identification:_identify(src/yolov8_ros/docs) by extensions ['colcon_pkg']
[0.346s] Level 1:colcon.colcon_core.package_identification:_identify(src/yolov8_ros/docs) by extension 'colcon_pkg'
[0.346s] Level 1:colcon.colcon_core.package_identification:_identify(src/yolov8_ros/docs) by extensions ['colcon_meta']
[0.346s] Level 1:colcon.colcon_core.package_identification:_identify(src/yolov8_ros/docs) by extension 'colcon_meta'
[0.346s] Level 1:colcon.colcon_core.package_identification:_identify(src/yolov8_ros/docs) by extensions ['ros']
[0.346s] Level 1:colcon.colcon_core.package_identification:_identify(src/yolov8_ros/docs) by extension 'ros'
[0.346s] Level 1:colcon.colcon_core.package_identification:_identify(src/yolov8_ros/docs) by extensions ['cmake', 'python']
[0.347s] Level 1:colcon.colcon_core.package_identification:_identify(src/yolov8_ros/docs) by extension 'cmake'
[0.347s] Level 1:colcon.colcon_core.package_identification:_identify(src/yolov8_ros/docs) by extension 'python'
[0.347s] Level 1:colcon.colcon_core.package_identification:_identify(src/yolov8_ros/docs) by extensions ['python_setup_py']
[0.347s] Level 1:colcon.colcon_core.package_identification:_identify(src/yolov8_ros/docs) by extension 'python_setup_py'
[0.347s] Level 1:colcon.colcon_core.package_identification:_identify(src/yolov8_ros/yolov8_bringup) by extensions ['ignore', 'ignore_ament_install']
[0.347s] Level 1:colcon.colcon_core.package_identification:_identify(src/yolov8_ros/yolov8_bringup) by extension 'ignore'
[0.347s] Level 1:colcon.colcon_core.package_identification:_identify(src/yolov8_ros/yolov8_bringup) by extension 'ignore_ament_install'
[0.347s] Level 1:colcon.colcon_core.package_identification:_identify(src/yolov8_ros/yolov8_bringup) by extensions ['colcon_pkg']
[0.347s] Level 1:colcon.colcon_core.package_identification:_identify(src/yolov8_ros/yolov8_bringup) by extension 'colcon_pkg'
[0.347s] Level 1:colcon.colcon_core.package_identification:_identify(src/yolov8_ros/yolov8_bringup) by extensions ['colcon_meta']
[0.347s] Level 1:colcon.colcon_core.package_identification:_identify(src/yolov8_ros/yolov8_bringup) by extension 'colcon_meta'
[0.347s] Level 1:colcon.colcon_core.package_identification:_identify(src/yolov8_ros/yolov8_bringup) by extensions ['ros']
[0.347s] Level 1:colcon.colcon_core.package_identification:_identify(src/yolov8_ros/yolov8_bringup) by extension 'ros'
[0.349s] DEBUG:colcon.colcon_core.package_identification:Package 'src/yolov8_ros/yolov8_bringup' with type 'ros.ament_cmake' and name 'yolov8_bringup'
[0.349s] Level 1:colcon.colcon_core.package_identification:_identify(src/yolov8_ros/yolov8_msgs) by extensions ['ignore', 'ignore_ament_install']
[0.349s] Level 1:colcon.colcon_core.package_identification:_identify(src/yolov8_ros/yolov8_msgs) by extension 'ignore'
[0.349s] Level 1:colcon.colcon_core.package_identification:_identify(src/yolov8_ros/yolov8_msgs) by extension 'ignore_ament_install'
[0.349s] Level 1:colcon.colcon_core.package_identification:_identify(src/yolov8_ros/yolov8_msgs) by extensions ['colcon_pkg']
[0.349s] Level 1:colcon.colcon_core.package_identification:_identify(src/yolov8_ros/yolov8_msgs) by extension 'colcon_pkg'
[0.349s] Level 1:colcon.colcon_core.package_identification:_identify(src/yolov8_ros/yolov8_msgs) by extensions ['colcon_meta']
[0.349s] Level 1:colcon.colcon_core.package_identification:_identify(src/yolov8_ros/yolov8_msgs) by extension 'colcon_meta'
[0.349s] Level 1:colcon.colcon_core.package_identification:_identify(src/yolov8_ros/yolov8_msgs) by extensions ['ros']
[0.349s] Level 1:colcon.colcon_core.package_identification:_identify(src/yolov8_ros/yolov8_msgs) by extension 'ros'
[0.349s] DEBUG:colcon.colcon_core.package_identification:Package 'src/yolov8_ros/yolov8_msgs' with type 'ros.ament_cmake' and name 'yolov8_msgs'
[0.350s] Level 1:colcon.colcon_core.package_identification:_identify(src/yolov8_ros/yolov8_ros) by extensions ['ignore', 'ignore_ament_install']
[0.350s] Level 1:colcon.colcon_core.package_identification:_identify(src/yolov8_ros/yolov8_ros) by extension 'ignore'
[0.350s] Level 1:colcon.colcon_core.package_identification:_identify(src/yolov8_ros/yolov8_ros) by extension 'ignore_ament_install'
[0.350s] Level 1:colcon.colcon_core.package_identification:_identify(src/yolov8_ros/yolov8_ros) by extensions ['colcon_pkg']
[0.350s] Level 1:colcon.colcon_core.package_identification:_identify(src/yolov8_ros/yolov8_ros) by extension 'colcon_pkg'
[0.350s] Level 1:colcon.colcon_core.package_identification:_identify(src/yolov8_ros/yolov8_ros) by extensions ['colcon_meta']
[0.350s] Level 1:colcon.colcon_core.package_identification:_identify(src/yolov8_ros/yolov8_ros) by extension 'colcon_meta'
[0.350s] Level 1:colcon.colcon_core.package_identification:_identify(src/yolov8_ros/yolov8_ros) by extensions ['ros']
[0.350s] Level 1:colcon.colcon_core.package_identification:_identify(src/yolov8_ros/yolov8_ros) by extension 'ros'
[0.350s] DEBUG:colcon.colcon_core.package_identification:Package 'src/yolov8_ros/yolov8_ros' with type 'ros.ament_python' and name 'yolov8_ros'
[0.350s] Level 1:colcon.colcon_core.package_discovery:discover_packages(recursive) using defaults
[0.350s] Level 1:colcon.colcon_core.package_discovery:discover_packages(ignore) discover
[0.350s] Level 1:colcon.colcon_core.package_discovery:discover_packages(ignore) using defaults
[0.350s] Level 1:colcon.colcon_core.package_discovery:discover_packages(path) discover
[0.350s] Level 1:colcon.colcon_core.package_discovery:discover_packages(path) using defaults
[0.368s] Level 1:colcon.colcon_core.package_discovery:discover_packages(prefix_path) check parameters
[0.368s] Level 1:colcon.colcon_core.package_discovery:discover_packages(prefix_path) discover
[0.369s] DEBUG:colcon.colcon_installed_package_information.package_discovery:Found 3 installed packages in /home/yong/yolov8_ros/install
[0.370s] DEBUG:colcon.colcon_installed_package_information.package_discovery:Found 278 installed packages in /opt/ros/foxy
[0.371s] Level 1:colcon.colcon_core.package_discovery:discover_packages(prefix_path) using defaults
[0.420s] Level 5:colcon.colcon_core.verb:set package 'yolov8_msgs' build argument 'cmake_args' from command line to 'None'
[0.420s] Level 5:colcon.colcon_core.verb:set package 'yolov8_msgs' build argument 'cmake_target' from command line to 'None'
[0.420s] Level 5:colcon.colcon_core.verb:set package 'yolov8_msgs' build argument 'cmake_target_skip_unavailable' from command line to 'False'
[0.420s] Level 5:colcon.colcon_core.verb:set package 'yolov8_msgs' build argument 'cmake_clean_cache' from command line to 'False'
[0.420s] Level 5:colcon.colcon_core.verb:set package 'yolov8_msgs' build argument 'cmake_clean_first' from command line to 'False'
[0.420s] Level 5:colcon.colcon_core.verb:set package 'yolov8_msgs' build argument 'cmake_force_configure' from command line to 'False'
[0.420s] Level 5:colcon.colcon_core.verb:set package 'yolov8_msgs' build argument 'ament_cmake_args' from command line to 'None'
[0.420s] Level 5:colcon.colcon_core.verb:set package 'yolov8_msgs' build argument 'catkin_cmake_args' from command line to 'None'
[0.420s] Level 5:colcon.colcon_core.verb:set package 'yolov8_msgs' build argument 'catkin_skip_building_tests' from command line to 'False'
[0.421s] DEBUG:colcon.colcon_core.verb:Building package 'yolov8_msgs' with the following arguments: {'ament_cmake_args': None, 'build_base': '/home/yong/yolov8_ros/build/yolov8_msgs', 'catkin_cmake_args': None, 'catkin_skip_building_tests': False, 'cmake_args': None, 'cmake_clean_cache': False, 'cmake_clean_first': False, 'cmake_force_configure': False, 'cmake_target': None, 'cmake_target_skip_unavailable': False, 'install_base': '/home/yong/yolov8_ros/install/yolov8_msgs', 'merge_install': False, 'path': '/home/yong/yolov8_ros/src/yolov8_ros/yolov8_msgs', 'symlink_install': True, 'test_result_base': None}
[0.421s] Level 5:colcon.colcon_core.verb:set package 'yolov8_ros' build argument 'cmake_args' from command line to 'None'
[0.421s] Level 5:colcon.colcon_core.verb:set package 'yolov8_ros' build argument 'cmake_target' from command line to 'None'
[0.421s] Level 5:colcon.colcon_core.verb:set package 'yolov8_ros' build argument 'cmake_target_skip_unavailable' from command line to 'False'
[0.421s] Level 5:colcon.colcon_core.verb:set package 'yolov8_ros' build argument 'cmake_clean_cache' from command line to 'False'
[0.421s] Level 5:colcon.colcon_core.verb:set package 'yolov8_ros' build argument 'cmake_clean_first' from command line to 'False'
[0.421s] Level 5:colcon.colcon_core.verb:set package 'yolov8_ros' build argument 'cmake_force_configure' from command line to 'False'
[0.421s] Level 5:colcon.colcon_core.verb:set package 'yolov8_ros' build argument 'ament_cmake_args' from command line to 'None'
[0.421s] Level 5:colcon.colcon_core.verb:set package 'yolov8_ros' build argument 'catkin_cmake_args' from command line to 'None'
[0.421s] Level 5:colcon.colcon_core.verb:set package 'yolov8_ros' build argument 'catkin_skip_building_tests' from command line to 'False'
[0.421s] DEBUG:colcon.colcon_core.verb:Building package 'yolov8_ros' with the following arguments: {'ament_cmake_args': None, 'build_base': '/home/yong/yolov8_ros/build/yolov8_ros', 'catkin_cmake_args': None, 'catkin_skip_building_tests': False, 'cmake_args': None, 'cmake_clean_cache': False, 'cmake_clean_first': False, 'cmake_force_configure': False, 'cmake_target': None, 'cmake_target_skip_unavailable': False, 'install_base': '/home/yong/yolov8_ros/install/yolov8_ros', 'merge_install': False, 'path': '/home/yong/yolov8_ros/src/yolov8_ros/yolov8_ros', 'symlink_install': True, 'test_result_base': None}
[0.421s] Level 5:colcon.colcon_core.verb:set package 'yolov8_bringup' build argument 'cmake_args' from command line to 'None'
[0.421s] Level 5:colcon.colcon_core.verb:set package 'yolov8_bringup' build argument 'cmake_target' from command line to 'None'
[0.421s] Level 5:colcon.colcon_core.verb:set package 'yolov8_bringup' build argument 'cmake_target_skip_unavailable' from command line to 'False'
[0.421s] Level 5:colcon.colcon_core.verb:set package 'yolov8_bringup' build argument 'cmake_clean_cache' from command line to 'False'
[0.421s] Level 5:colcon.colcon_core.verb:set package 'yolov8_bringup' build argument 'cmake_clean_first' from command line to 'False'
[0.421s] Level 5:colcon.colcon_core.verb:set package 'yolov8_bringup' build argument 'cmake_force_configure' from command line to 'False'
[0.421s] Level 5:colcon.colcon_core.verb:set package 'yolov8_bringup' build argument 'ament_cmake_args' from command line to 'None'
[0.421s] Level 5:colcon.colcon_core.verb:set package 'yolov8_bringup' build argument 'catkin_cmake_args' from command line to 'None'
[0.421s] Level 5:colcon.colcon_core.verb:set package 'yolov8_bringup' build argument 'catkin_skip_building_tests' from command line to 'False'
[0.421s] DEBUG:colcon.colcon_core.verb:Building package 'yolov8_bringup' with the following arguments: {'ament_cmake_args': None, 'build_base': '/home/yong/yolov8_ros/build/yolov8_bringup', 'catkin_cmake_args': None, 'catkin_skip_building_tests': False, 'cmake_args': None, 'cmake_clean_cache': False, 'cmake_clean_first': False, 'cmake_force_configure': False, 'cmake_target': None, 'cmake_target_skip_unavailable': False, 'install_base': '/home/yong/yolov8_ros/install/yolov8_bringup', 'merge_install': False, 'path': '/home/yong/yolov8_ros/src/yolov8_ros/yolov8_bringup', 'symlink_install': True, 'test_result_base': None}
[0.422s] INFO:colcon.colcon_core.executor:Executing jobs using 'parallel' executor
[0.422s] DEBUG:colcon.colcon_parallel_executor.executor.parallel:run_until_complete
[0.422s] INFO:colcon.colcon_ros.task.ament_python.build:Building ROS package in '/home/yong/yolov8_ros/src/yolov8_ros/yolov8_ros' with build type 'ament_python'
[0.422s] Level 1:colcon.colcon_core.shell:create_environment_hook('yolov8_ros', 'ament_prefix_path')
[0.424s] INFO:colcon.colcon_core.plugin_system:Skipping extension 'colcon_core.shell.bat': Not used on non-Windows systems
[0.424s] INFO:colcon.colcon_core.shell:Creating environment hook '/home/yong/yolov8_ros/install/yolov8_ros/share/yolov8_ros/hook/ament_prefix_path.ps1'
[0.424s] INFO:colcon.colcon_core.shell:Creating environment descriptor '/home/yong/yolov8_ros/install/yolov8_ros/share/yolov8_ros/hook/ament_prefix_path.dsv'
[0.425s] INFO:colcon.colcon_core.shell:Creating environment hook '/home/yong/yolov8_ros/install/yolov8_ros/share/yolov8_ros/hook/ament_prefix_path.sh'
[0.425s] INFO:colcon.colcon_core.shell:Skip shell extension 'powershell' for command environment: Not usable outside of PowerShell
[0.425s] DEBUG:colcon.colcon_core.shell:Skip shell extension 'dsv' for command environment
[0.428s] INFO:colcon.colcon_ros.task.ament_cmake.build:Building ROS package in '/home/yong/yolov8_ros/src/yolov8_ros/yolov8_msgs' with build type 'ament_cmake'
[0.429s] INFO:colcon.colcon_cmake.task.cmake.build:Building CMake package in '/home/yong/yolov8_ros/src/yolov8_ros/yolov8_msgs'
[0.429s] INFO:colcon.colcon_core.shell:Skip shell extension 'powershell' for command environment: Not usable outside of PowerShell
[0.429s] DEBUG:colcon.colcon_core.shell:Skip shell extension 'dsv' for command environment
[0.622s] INFO:colcon.colcon_core.task.python.build:Building Python package in '/home/yong/yolov8_ros/src/yolov8_ros/yolov8_ros'
[0.622s] INFO:colcon.colcon_core.shell:Skip shell extension 'powershell' for command environment: Not usable outside of PowerShell
[0.622s] DEBUG:colcon.colcon_core.shell:Skip shell extension 'dsv' for command environment
[0.629s] DEBUG:colcon.colcon_core.event_handler.log_command:Invoking command in '/home/yong/yolov8_ros/build/yolov8_msgs': CMAKE_PREFIX_PATH=${CMAKE_PREFIX_PATH}:/home/yong/yolov8_ros/install/yolov8_ros:/opt/ros/foxy /usr/bin/cmake --build /home/yong/yolov8_ros/build/yolov8_msgs -- -j8 -l8
[1.048s] DEBUG:colcon.colcon_core.event_handler.log_command:Invoking command in '/home/yong/yolov8_ros/build/yolov8_ros': PYTHONPATH=/home/yong/yolov8_ros/build/yolov8_ros/prefix_override:/home/yong/yolov8_ros/install/yolov8_ros/lib/python3.8/site-packages:${PYTHONPATH} /usr/bin/python3 -W ignore:setup.py install is deprecated setup.py develop --editable --build-directory /home/yong/yolov8_ros/build/yolov8_ros/build --no-deps symlink_data
[1.469s] Level 1:colcon.colcon_core.shell:create_environment_hook('yolov8_ros', 'pythonpath_develop')
[1.469s] INFO:colcon.colcon_core.shell:Creating environment hook '/home/yong/yolov8_ros/build/yolov8_ros/share/yolov8_ros/hook/pythonpath_develop.ps1'
[1.470s] DEBUG:colcon.colcon_core.event_handler.log_command:Invoked command in '/home/yong/yolov8_ros/build/yolov8_ros' returned '0': PYTHONPATH=/home/yong/yolov8_ros/build/yolov8_ros/prefix_override:/home/yong/yolov8_ros/install/yolov8_ros/lib/python3.8/site-packages:${PYTHONPATH} /usr/bin/python3 -W ignore:setup.py install is deprecated setup.py develop --editable --build-directory /home/yong/yolov8_ros/build/yolov8_ros/build --no-deps symlink_data
[1.470s] INFO:colcon.colcon_core.shell:Creating environment descriptor '/home/yong/yolov8_ros/build/yolov8_ros/share/yolov8_ros/hook/pythonpath_develop.dsv'
[1.470s] INFO:colcon.colcon_core.shell:Creating environment hook '/home/yong/yolov8_ros/build/yolov8_ros/share/yolov8_ros/hook/pythonpath_develop.sh'
[1.473s] Level 1:colcon.colcon_core.environment:checking '/home/yong/yolov8_ros/install/yolov8_ros' for CMake module files
[1.473s] Level 1:colcon.colcon_core.environment:checking '/home/yong/yolov8_ros/install/yolov8_ros' for CMake config files
[1.473s] Level 1:colcon.colcon_core.environment:checking '/home/yong/yolov8_ros/install/yolov8_ros/lib'
[1.474s] Level 1:colcon.colcon_core.environment:checking '/home/yong/yolov8_ros/install/yolov8_ros/bin'
[1.474s] Level 1:colcon.colcon_core.environment:checking '/home/yong/yolov8_ros/install/yolov8_ros/lib/pkgconfig/yolov8_ros.pc'
[1.474s] Level 1:colcon.colcon_core.environment:checking '/home/yong/yolov8_ros/install/yolov8_ros/lib/python3.8/site-packages'
[1.474s] Level 1:colcon.colcon_core.shell:create_environment_hook('yolov8_ros', 'pythonpath')
[1.474s] INFO:colcon.colcon_core.shell:Creating environment hook '/home/yong/yolov8_ros/install/yolov8_ros/share/yolov8_ros/hook/pythonpath.ps1'
[1.474s] INFO:colcon.colcon_core.shell:Creating environment descriptor '/home/yong/yolov8_ros/install/yolov8_ros/share/yolov8_ros/hook/pythonpath.dsv'
[1.474s] INFO:colcon.colcon_core.shell:Creating environment hook '/home/yong/yolov8_ros/install/yolov8_ros/share/yolov8_ros/hook/pythonpath.sh'
[1.475s] Level 1:colcon.colcon_core.environment:checking '/home/yong/yolov8_ros/install/yolov8_ros/bin'
[1.475s] Level 1:colcon.colcon_core.environment:create_environment_scripts_only(yolov8_ros)
[1.475s] INFO:colcon.colcon_core.shell:Creating package script '/home/yong/yolov8_ros/install/yolov8_ros/share/yolov8_ros/package.ps1'
[1.476s] INFO:colcon.colcon_core.shell:Creating package descriptor '/home/yong/yolov8_ros/install/yolov8_ros/share/yolov8_ros/package.dsv'
[1.476s] INFO:colcon.colcon_core.shell:Creating package script '/home/yong/yolov8_ros/install/yolov8_ros/share/yolov8_ros/package.sh'
[1.477s] INFO:colcon.colcon_core.shell:Creating package script '/home/yong/yolov8_ros/install/yolov8_ros/share/yolov8_ros/package.bash'
[1.477s] INFO:colcon.colcon_core.shell:Creating package script '/home/yong/yolov8_ros/install/yolov8_ros/share/yolov8_ros/package.zsh'
[1.477s] Level 1:colcon.colcon_core.environment:create_file_with_runtime_dependencies(/home/yong/yolov8_ros/install/yolov8_ros/share/colcon-core/packages/yolov8_ros)
[1.478s] INFO:colcon.colcon_ros.task.ament_cmake.build:Building ROS package in '/home/yong/yolov8_ros/src/yolov8_ros/yolov8_bringup' with build type 'ament_cmake'
[1.478s] INFO:colcon.colcon_cmake.task.cmake.build:Building CMake package in '/home/yong/yolov8_ros/src/yolov8_ros/yolov8_bringup'
[1.478s] INFO:colcon.colcon_core.shell:Skip shell extension 'powershell' for command environment: Not usable outside of PowerShell
[1.478s] DEBUG:colcon.colcon_core.shell:Skip shell extension 'dsv' for command environment
[1.486s] DEBUG:colcon.colcon_core.event_handler.log_command:Invoking command in '/home/yong/yolov8_ros/build/yolov8_bringup': AMENT_PREFIX_PATH=/home/yong/yolov8_ros/install/yolov8_ros:/home/yong/yolov8_ros/install/yolov8_bringup:/home/yong/yolov8_ros/install/yolov8_msgs:/opt/ros/foxy CMAKE_PREFIX_PATH=${CMAKE_PREFIX_PATH}:/home/yong/yolov8_ros/install/yolov8_ros:/opt/ros/foxy /usr/bin/cmake --build /home/yong/yolov8_ros/build/yolov8_bringup -- -j8 -l8
[1.510s] DEBUG:colcon.colcon_core.event_handler.log_command:Invoked command in '/home/yong/yolov8_ros/build/yolov8_bringup' returned '0': AMENT_PREFIX_PATH=/home/yong/yolov8_ros/install/yolov8_ros:/home/yong/yolov8_ros/install/yolov8_bringup:/home/yong/yolov8_ros/install/yolov8_msgs:/opt/ros/foxy CMAKE_PREFIX_PATH=${CMAKE_PREFIX_PATH}:/home/yong/yolov8_ros/install/yolov8_ros:/opt/ros/foxy /usr/bin/cmake --build /home/yong/yolov8_ros/build/yolov8_bringup -- -j8 -l8
[1.531s] DEBUG:colcon.colcon_core.event_handler.log_command:Invoking command in '/home/yong/yolov8_ros/build/yolov8_bringup': AMENT_PREFIX_PATH=/home/yong/yolov8_ros/install/yolov8_ros:/home/yong/yolov8_ros/install/yolov8_bringup:/home/yong/yolov8_ros/install/yolov8_msgs:/opt/ros/foxy CMAKE_PREFIX_PATH=${CMAKE_PREFIX_PATH}:/home/yong/yolov8_ros/install/yolov8_ros:/opt/ros/foxy /usr/bin/cmake --install /home/yong/yolov8_ros/build/yolov8_bringup
[1.547s] Level 1:colcon.colcon_core.environment:create_environment_scripts_only(yolov8_bringup)
[1.547s] DEBUG:colcon.colcon_core.event_handler.log_command:Invoked command in '/home/yong/yolov8_ros/build/yolov8_bringup' returned '0': AMENT_PREFIX_PATH=/home/yong/yolov8_ros/install/yolov8_ros:/home/yong/yolov8_ros/install/yolov8_bringup:/home/yong/yolov8_ros/install/yolov8_msgs:/opt/ros/foxy CMAKE_PREFIX_PATH=${CMAKE_PREFIX_PATH}:/home/yong/yolov8_ros/install/yolov8_ros:/opt/ros/foxy /usr/bin/cmake --install /home/yong/yolov8_ros/build/yolov8_bringup
[1.548s] Level 1:colcon.colcon_core.environment:checking '/home/yong/yolov8_ros/install/yolov8_bringup' for CMake module files
[1.548s] Level 1:colcon.colcon_core.environment:checking '/home/yong/yolov8_ros/install/yolov8_bringup' for CMake config files
[1.548s] Level 1:colcon.colcon_core.shell:create_environment_hook('yolov8_bringup', 'cmake_prefix_path')
[1.548s] INFO:colcon.colcon_core.shell:Creating environment hook '/home/yong/yolov8_ros/install/yolov8_bringup/share/yolov8_bringup/hook/cmake_prefix_path.ps1'
[1.549s] INFO:colcon.colcon_core.shell:Creating environment descriptor '/home/yong/yolov8_ros/install/yolov8_bringup/share/yolov8_bringup/hook/cmake_prefix_path.dsv'
[1.549s] INFO:colcon.colcon_core.shell:Creating environment hook '/home/yong/yolov8_ros/install/yolov8_bringup/share/yolov8_bringup/hook/cmake_prefix_path.sh'
[1.549s] Level 1:colcon.colcon_core.environment:checking '/home/yong/yolov8_ros/install/yolov8_bringup/bin'
[1.549s] Level 1:colcon.colcon_core.environment:checking '/home/yong/yolov8_ros/install/yolov8_bringup/lib/pkgconfig/yolov8_bringup.pc'
[1.550s] Level 1:colcon.colcon_core.environment:checking '/home/yong/yolov8_ros/install/yolov8_bringup/lib/python3.8/site-packages'
[1.550s] Level 1:colcon.colcon_core.environment:checking '/home/yong/yolov8_ros/install/yolov8_bringup/bin'
[1.550s] INFO:colcon.colcon_core.shell:Creating package script '/home/yong/yolov8_ros/install/yolov8_bringup/share/yolov8_bringup/package.ps1'
[1.550s] INFO:colcon.colcon_core.shell:Creating package descriptor '/home/yong/yolov8_ros/install/yolov8_bringup/share/yolov8_bringup/package.dsv'
[1.550s] INFO:colcon.colcon_core.shell:Creating package script '/home/yong/yolov8_ros/install/yolov8_bringup/share/yolov8_bringup/package.sh'
[1.551s] INFO:colcon.colcon_core.shell:Creating package script '/home/yong/yolov8_ros/install/yolov8_bringup/share/yolov8_bringup/package.bash'
[1.551s] INFO:colcon.colcon_core.shell:Creating package script '/home/yong/yolov8_ros/install/yolov8_bringup/share/yolov8_bringup/package.zsh'
[1.551s] Level 1:colcon.colcon_core.environment:create_file_with_runtime_dependencies(/home/yong/yolov8_ros/install/yolov8_bringup/share/colcon-core/packages/yolov8_bringup)
[1.564s] Level 1:colcon.colcon_core.environment:create_environment_scripts_only(yolov8_bringup)
[1.565s] Level 1:colcon.colcon_core.environment:checking '/home/yong/yolov8_ros/install/yolov8_bringup' for CMake module files
[1.565s] Level 1:colcon.colcon_core.environment:checking '/home/yong/yolov8_ros/install/yolov8_bringup' for CMake config files
[1.565s] Level 1:colcon.colcon_core.shell:create_environment_hook('yolov8_bringup', 'cmake_prefix_path')
[1.565s] INFO:colcon.colcon_core.shell:Creating environment hook '/home/yong/yolov8_ros/install/yolov8_bringup/share/yolov8_bringup/hook/cmake_prefix_path.ps1'
[1.566s] INFO:colcon.colcon_core.shell:Creating environment descriptor '/home/yong/yolov8_ros/install/yolov8_bringup/share/yolov8_bringup/hook/cmake_prefix_path.dsv'
[1.566s] INFO:colcon.colcon_core.shell:Creating environment hook '/home/yong/yolov8_ros/install/yolov8_bringup/share/yolov8_bringup/hook/cmake_prefix_path.sh'
[1.566s] Level 1:colcon.colcon_core.environment:checking '/home/yong/yolov8_ros/install/yolov8_bringup/bin'
[1.566s] Level 1:colcon.colcon_core.environment:checking '/home/yong/yolov8_ros/install/yolov8_bringup/lib/pkgconfig/yolov8_bringup.pc'
[1.566s] Level 1:colcon.colcon_core.environment:checking '/home/yong/yolov8_ros/install/yolov8_bringup/lib/python3.8/site-packages'
[1.567s] Level 1:colcon.colcon_core.environment:checking '/home/yong/yolov8_ros/install/yolov8_bringup/bin'
[1.567s] INFO:colcon.colcon_core.shell:Creating package script '/home/yong/yolov8_ros/install/yolov8_bringup/share/yolov8_bringup/package.ps1'
[1.567s] INFO:colcon.colcon_core.shell:Creating package descriptor '/home/yong/yolov8_ros/install/yolov8_bringup/share/yolov8_bringup/package.dsv'
[1.567s] INFO:colcon.colcon_core.shell:Creating package script '/home/yong/yolov8_ros/install/yolov8_bringup/share/yolov8_bringup/package.sh'
[1.568s] INFO:colcon.colcon_core.shell:Creating package script '/home/yong/yolov8_ros/install/yolov8_bringup/share/yolov8_bringup/package.bash'
[1.568s] INFO:colcon.colcon_core.shell:Creating package script '/home/yong/yolov8_ros/install/yolov8_bringup/share/yolov8_bringup/package.zsh'
[1.568s] Level 1:colcon.colcon_core.environment:create_file_with_runtime_dependencies(/home/yong/yolov8_ros/install/yolov8_bringup/share/colcon-core/packages/yolov8_bringup)
[7.434s] DEBUG:colcon.colcon_core.event_handler.log_command:Invoked command in '/home/yong/yolov8_ros/build/yolov8_msgs' returned '0': CMAKE_PREFIX_PATH=${CMAKE_PREFIX_PATH}:/home/yong/yolov8_ros/install/yolov8_ros:/opt/ros/foxy /usr/bin/cmake --build /home/yong/yolov8_ros/build/yolov8_msgs -- -j8 -l8
[7.538s] DEBUG:colcon.colcon_core.event_handler.log_command:Invoking command in '/home/yong/yolov8_ros/build/yolov8_msgs': CMAKE_PREFIX_PATH=${CMAKE_PREFIX_PATH}:/home/yong/yolov8_ros/install/yolov8_ros:/opt/ros/foxy /usr/bin/cmake --install /home/yong/yolov8_ros/build/yolov8_msgs
[7.611s] Level 1:colcon.colcon_core.environment:create_environment_scripts_only(yolov8_msgs)
[7.611s] DEBUG:colcon.colcon_core.event_handler.log_command:Invoked command in '/home/yong/yolov8_ros/build/yolov8_msgs' returned '0': CMAKE_PREFIX_PATH=${CMAKE_PREFIX_PATH}:/home/yong/yolov8_ros/install/yolov8_ros:/opt/ros/foxy /usr/bin/cmake --install /home/yong/yolov8_ros/build/yolov8_msgs
[7.612s] Level 1:colcon.colcon_core.environment:checking '/home/yong/yolov8_ros/install/yolov8_msgs' for CMake module files
[7.612s] Level 1:colcon.colcon_core.environment:checking '/home/yong/yolov8_ros/install/yolov8_msgs' for CMake config files
[7.612s] Level 1:colcon.colcon_core.shell:create_environment_hook('yolov8_msgs', 'cmake_prefix_path')
[7.613s] INFO:colcon.colcon_core.shell:Creating environment hook '/home/yong/yolov8_ros/install/yolov8_msgs/share/yolov8_msgs/hook/cmake_prefix_path.ps1'
[7.613s] INFO:colcon.colcon_core.shell:Creating environment descriptor '/home/yong/yolov8_ros/install/yolov8_msgs/share/yolov8_msgs/hook/cmake_prefix_path.dsv'
[7.613s] INFO:colcon.colcon_core.shell:Creating environment hook '/home/yong/yolov8_ros/install/yolov8_msgs/share/yolov8_msgs/hook/cmake_prefix_path.sh'
[7.613s] Level 1:colcon.colcon_core.environment:checking '/home/yong/yolov8_ros/install/yolov8_msgs/lib'
[7.614s] Level 1:colcon.colcon_core.shell:create_environment_hook('yolov8_msgs', 'ld_library_path_lib')
[7.614s] INFO:colcon.colcon_core.shell:Creating environment hook '/home/yong/yolov8_ros/install/yolov8_msgs/share/yolov8_msgs/hook/ld_library_path_lib.ps1'
[7.614s] INFO:colcon.colcon_core.shell:Creating environment descriptor '/home/yong/yolov8_ros/install/yolov8_msgs/share/yolov8_msgs/hook/ld_library_path_lib.dsv'
[7.614s] INFO:colcon.colcon_core.shell:Creating environment hook '/home/yong/yolov8_ros/install/yolov8_msgs/share/yolov8_msgs/hook/ld_library_path_lib.sh'
[7.614s] Level 1:colcon.colcon_core.environment:checking '/home/yong/yolov8_ros/install/yolov8_msgs/bin'
[7.614s] Level 1:colcon.colcon_core.environment:checking '/home/yong/yolov8_ros/install/yolov8_msgs/lib/pkgconfig/yolov8_msgs.pc'
[7.615s] Level 1:colcon.colcon_core.environment:checking '/home/yong/yolov8_ros/install/yolov8_msgs/lib/python3.8/site-packages'
[7.615s] Level 1:colcon.colcon_core.shell:create_environment_hook('yolov8_msgs', 'pythonpath')
[7.615s] INFO:colcon.colcon_core.shell:Creating environment hook '/home/yong/yolov8_ros/install/yolov8_msgs/share/yolov8_msgs/hook/pythonpath.ps1'
[7.615s] INFO:colcon.colcon_core.shell:Creating environment descriptor '/home/yong/yolov8_ros/install/yolov8_msgs/share/yolov8_msgs/hook/pythonpath.dsv'
[7.615s] INFO:colcon.colcon_core.shell:Creating environment hook '/home/yong/yolov8_ros/install/yolov8_msgs/share/yolov8_msgs/hook/pythonpath.sh'
[7.615s] Level 1:colcon.colcon_core.environment:checking '/home/yong/yolov8_ros/install/yolov8_msgs/bin'
[7.616s] INFO:colcon.colcon_core.shell:Creating package script '/home/yong/yolov8_ros/install/yolov8_msgs/share/yolov8_msgs/package.ps1'
[7.616s] INFO:colcon.colcon_core.shell:Creating package descriptor '/home/yong/yolov8_ros/install/yolov8_msgs/share/yolov8_msgs/package.dsv'
[7.616s] INFO:colcon.colcon_core.shell:Creating package script '/home/yong/yolov8_ros/install/yolov8_msgs/share/yolov8_msgs/package.sh'
[7.617s] INFO:colcon.colcon_core.shell:Creating package script '/home/yong/yolov8_ros/install/yolov8_msgs/share/yolov8_msgs/package.bash'
[7.617s] INFO:colcon.colcon_core.shell:Creating package script '/home/yong/yolov8_ros/install/yolov8_msgs/share/yolov8_msgs/package.zsh'
[7.617s] Level 1:colcon.colcon_core.environment:create_file_with_runtime_dependencies(/home/yong/yolov8_ros/install/yolov8_msgs/share/colcon-core/packages/yolov8_msgs)
[7.724s] Level 1:colcon.colcon_core.environment:create_environment_scripts_only(yolov8_msgs)
[7.724s] Level 1:colcon.colcon_core.environment:checking '/home/yong/yolov8_ros/install/yolov8_msgs' for CMake module files
[7.724s] Level 1:colcon.colcon_core.environment:checking '/home/yong/yolov8_ros/install/yolov8_msgs' for CMake config files
[7.725s] Level 1:colcon.colcon_core.shell:create_environment_hook('yolov8_msgs', 'cmake_prefix_path')
[7.725s] INFO:colcon.colcon_core.shell:Creating environment hook '/home/yong/yolov8_ros/install/yolov8_msgs/share/yolov8_msgs/hook/cmake_prefix_path.ps1'
[7.725s] INFO:colcon.colcon_core.shell:Creating environment descriptor '/home/yong/yolov8_ros/install/yolov8_msgs/share/yolov8_msgs/hook/cmake_prefix_path.dsv'
[7.725s] INFO:colcon.colcon_core.shell:Creating environment hook '/home/yong/yolov8_ros/install/yolov8_msgs/share/yolov8_msgs/hook/cmake_prefix_path.sh'
[7.726s] Level 1:colcon.colcon_core.environment:checking '/home/yong/yolov8_ros/install/yolov8_msgs/lib'
[7.726s] Level 1:colcon.colcon_core.shell:create_environment_hook('yolov8_msgs', 'ld_library_path_lib')
[7.726s] INFO:colcon.colcon_core.shell:Creating environment hook '/home/yong/yolov8_ros/install/yolov8_msgs/share/yolov8_msgs/hook/ld_library_path_lib.ps1'
[7.726s] INFO:colcon.colcon_core.shell:Creating environment descriptor '/home/yong/yolov8_ros/install/yolov8_msgs/share/yolov8_msgs/hook/ld_library_path_lib.dsv'
[7.726s] INFO:colcon.colcon_core.shell:Creating environment hook '/home/yong/yolov8_ros/install/yolov8_msgs/share/yolov8_msgs/hook/ld_library_path_lib.sh'
[7.727s] Level 1:colcon.colcon_core.environment:checking '/home/yong/yolov8_ros/install/yolov8_msgs/bin'
[7.727s] Level 1:colcon.colcon_core.environment:checking '/home/yong/yolov8_ros/install/yolov8_msgs/lib/pkgconfig/yolov8_msgs.pc'
[7.727s] Level 1:colcon.colcon_core.environment:checking '/home/yong/yolov8_ros/install/yolov8_msgs/lib/python3.8/site-packages'
[7.727s] Level 1:colcon.colcon_core.shell:create_environment_hook('yolov8_msgs', 'pythonpath')
[7.727s] INFO:colcon.colcon_core.shell:Creating environment hook '/home/yong/yolov8_ros/install/yolov8_msgs/share/yolov8_msgs/hook/pythonpath.ps1'
[7.727s] INFO:colcon.colcon_core.shell:Creating environment descriptor '/home/yong/yolov8_ros/install/yolov8_msgs/share/yolov8_msgs/hook/pythonpath.dsv'
[7.727s] INFO:colcon.colcon_core.shell:Creating environment hook '/home/yong/yolov8_ros/install/yolov8_msgs/share/yolov8_msgs/hook/pythonpath.sh'
[7.728s] Level 1:colcon.colcon_core.environment:checking '/home/yong/yolov8_ros/install/yolov8_msgs/bin'
[7.728s] INFO:colcon.colcon_core.shell:Creating package script '/home/yong/yolov8_ros/install/yolov8_msgs/share/yolov8_msgs/package.ps1'
[7.728s] INFO:colcon.colcon_core.shell:Creating package descriptor '/home/yong/yolov8_ros/install/yolov8_msgs/share/yolov8_msgs/package.dsv'
[7.729s] INFO:colcon.colcon_core.shell:Creating package script '/home/yong/yolov8_ros/install/yolov8_msgs/share/yolov8_msgs/package.sh'
[7.729s] INFO:colcon.colcon_core.shell:Creating package script '/home/yong/yolov8_ros/install/yolov8_msgs/share/yolov8_msgs/package.bash'
[7.729s] INFO:colcon.colcon_core.shell:Creating package script '/home/yong/yolov8_ros/install/yolov8_msgs/share/yolov8_msgs/package.zsh'
[7.730s] Level 1:colcon.colcon_core.environment:create_file_with_runtime_dependencies(/home/yong/yolov8_ros/install/yolov8_msgs/share/colcon-core/packages/yolov8_msgs)
[7.730s] DEBUG:colcon.colcon_parallel_executor.executor.parallel:closing loop
[7.730s] DEBUG:colcon.colcon_parallel_executor.executor.parallel:loop closed
[7.730s] DEBUG:colcon.colcon_parallel_executor.executor.parallel:run_until_complete finished with '0'
[7.730s] DEBUG:colcon.colcon_core.event_reactor:joining thread
[7.734s] INFO:colcon.colcon_core.plugin_system:Skipping extension 'colcon_notification.desktop_notification.terminal_notifier': Not used on non-Darwin systems
[7.734s] INFO:colcon.colcon_core.plugin_system:Skipping extension 'colcon_notification.desktop_notification.win32': Not used on non-Windows systems
[7.734s] INFO:colcon.colcon_notification.desktop_notification:Sending desktop notification using 'notify2'
[7.744s] DEBUG:colcon.colcon_core.event_reactor:joined thread
[7.745s] INFO:colcon.colcon_core.shell:Creating prefix script '/home/yong/yolov8_ros/install/local_setup.ps1'
[7.745s] INFO:colcon.colcon_core.shell:Creating prefix util module '/home/yong/yolov8_ros/install/_local_setup_util_ps1.py'
[7.746s] INFO:colcon.colcon_core.shell:Creating prefix chain script '/home/yong/yolov8_ros/install/setup.ps1'
[7.747s] INFO:colcon.colcon_core.shell:Creating prefix script '/home/yong/yolov8_ros/install/local_setup.sh'
[7.747s] INFO:colcon.colcon_core.shell:Creating prefix util module '/home/yong/yolov8_ros/install/_local_setup_util_sh.py'
[7.748s] INFO:colcon.colcon_core.shell:Creating prefix chain script '/home/yong/yolov8_ros/install/setup.sh'
[7.748s] INFO:colcon.colcon_core.shell:Creating prefix script '/home/yong/yolov8_ros/install/local_setup.bash'
[7.749s] INFO:colcon.colcon_core.shell:Creating prefix chain script '/home/yong/yolov8_ros/install/setup.bash'
[7.749s] INFO:colcon.colcon_core.shell:Creating prefix script '/home/yong/yolov8_ros/install/local_setup.zsh'
[7.750s] INFO:colcon.colcon_core.shell:Creating prefix chain script '/home/yong/yolov8_ros/install/setup.zsh'
