[0.118s] DEBUG:colcon:Command line arguments: ['/usr/bin/colcon', 'build']
[0.118s] DEBUG:colcon:Parsed command line arguments: Namespace(allow_overriding=[], ament_cmake_args=None, base_paths=['.'], build_base='build', catkin_cmake_args=None, catkin_skip_building_tests=False, cmake_args=None, cmake_clean_cache=False, cmake_clean_first=False, cmake_force_configure=False, cmake_target=None, cmake_target_skip_unavailable=False, continue_on_error=False, event_handlers=None, executor='parallel', ignore_user_meta=False, install_base='install', log_base=None, log_level=None, main=<bound method BuildVerb.main of <colcon_core.verb.build.BuildVerb object at 0x7f8b3a295370>>, merge_install=False, metas=['./colcon.meta'], mixin=None, mixin_files=None, mixin_verb=('build',), packages_above=None, packages_above_and_dependencies=None, packages_above_depth=None, packages_end=None, packages_ignore=None, packages_ignore_regex=None, packages_select=None, packages_select_build_failed=False, packages_select_by_dep=None, packages_select_regex=None, packages_select_test_failures=False, packages_skip=None, packages_skip_build_finished=False, packages_skip_by_dep=None, packages_skip_regex=None, packages_skip_test_passed=False, packages_skip_up_to=None, packages_start=None, packages_up_to=None, packages_up_to_regex=None, parallel_workers=24, paths=None, symlink_install=False, test_result_base=None, verb_extension=<colcon_core.verb.build.BuildVerb object at 0x7f8b3a295370>, verb_name='build', verb_parser=<colcon_mixin.mixin.mixin_argument.MixinArgumentDecorator object at 0x7f8b3a15f1c0>)
[0.202s] Level 1:colcon.colcon_core.package_discovery:discover_packages(colcon_meta) check parameters
[0.202s] Level 1:colcon.colcon_core.package_discovery:discover_packages(recursive) check parameters
[0.202s] Level 1:colcon.colcon_core.package_discovery:discover_packages(ignore) check parameters
[0.202s] Level 1:colcon.colcon_core.package_discovery:discover_packages(path) check parameters
[0.202s] Level 1:colcon.colcon_core.package_discovery:discover_packages(colcon_meta) discover
[0.202s] Level 1:colcon.colcon_core.package_discovery:discover_packages(recursive) discover
[0.202s] INFO:colcon.colcon_core.package_discovery:Crawling recursively for packages in '/home/user/YongJun_ws/ros2_ws'
[0.202s] Level 1:colcon.colcon_core.package_identification:_identify(.) by extensions ['ignore', 'ignore_ament_install']
[0.202s] Level 1:colcon.colcon_core.package_identification:_identify(.) by extension 'ignore'
[0.202s] Level 1:colcon.colcon_core.package_identification:_identify(.) by extension 'ignore_ament_install'
[0.202s] Level 1:colcon.colcon_core.package_identification:_identify(.) by extensions ['colcon_pkg']
[0.202s] Level 1:colcon.colcon_core.package_identification:_identify(.) by extension 'colcon_pkg'
[0.202s] Level 1:colcon.colcon_core.package_identification:_identify(.) by extensions ['colcon_meta']
[0.202s] Level 1:colcon.colcon_core.package_identification:_identify(.) by extension 'colcon_meta'
[0.202s] Level 1:colcon.colcon_core.package_identification:_identify(.) by extensions ['ros']
[0.202s] Level 1:colcon.colcon_core.package_identification:_identify(.) by extension 'ros'
[0.209s] Level 1:colcon.colcon_core.package_identification:_identify(.) by extensions ['cmake', 'python']
[0.209s] Level 1:colcon.colcon_core.package_identification:_identify(.) by extension 'cmake'
[0.209s] Level 1:colcon.colcon_core.package_identification:_identify(.) by extension 'python'
[0.209s] Level 1:colcon.colcon_core.package_identification:_identify(.) by extensions ['python_setup_py']
[0.209s] Level 1:colcon.colcon_core.package_identification:_identify(.) by extension 'python_setup_py'
[0.209s] Level 1:colcon.colcon_core.package_identification:_identify(build) by extensions ['ignore', 'ignore_ament_install']
[0.209s] Level 1:colcon.colcon_core.package_identification:_identify(build) by extension 'ignore'
[0.209s] Level 1:colcon.colcon_core.package_identification:_identify(build) ignored
[0.209s] Level 1:colcon.colcon_core.package_identification:_identify(install) by extensions ['ignore', 'ignore_ament_install']
[0.209s] Level 1:colcon.colcon_core.package_identification:_identify(install) by extension 'ignore'
[0.209s] Level 1:colcon.colcon_core.package_identification:_identify(install) ignored
[0.209s] Level 1:colcon.colcon_core.package_identification:_identify(log) by extensions ['ignore', 'ignore_ament_install']
[0.209s] Level 1:colcon.colcon_core.package_identification:_identify(log) by extension 'ignore'
[0.209s] Level 1:colcon.colcon_core.package_identification:_identify(log) ignored
[0.209s] Level 1:colcon.colcon_core.package_identification:_identify(src) by extensions ['ignore', 'ignore_ament_install']
[0.209s] Level 1:colcon.colcon_core.package_identification:_identify(src) by extension 'ignore'
[0.209s] Level 1:colcon.colcon_core.package_identification:_identify(src) by extension 'ignore_ament_install'
[0.209s] Level 1:colcon.colcon_core.package_identification:_identify(src) by extensions ['colcon_pkg']
[0.209s] Level 1:colcon.colcon_core.package_identification:_identify(src) by extension 'colcon_pkg'
[0.209s] Level 1:colcon.colcon_core.package_identification:_identify(src) by extensions ['colcon_meta']
[0.209s] Level 1:colcon.colcon_core.package_identification:_identify(src) by extension 'colcon_meta'
[0.209s] Level 1:colcon.colcon_core.package_identification:_identify(src) by extensions ['ros']
[0.209s] Level 1:colcon.colcon_core.package_identification:_identify(src) by extension 'ros'
[0.210s] Level 1:colcon.colcon_core.package_identification:_identify(src) by extensions ['cmake', 'python']
[0.210s] Level 1:colcon.colcon_core.package_identification:_identify(src) by extension 'cmake'
[0.210s] Level 1:colcon.colcon_core.package_identification:_identify(src) by extension 'python'
[0.210s] Level 1:colcon.colcon_core.package_identification:_identify(src) by extensions ['python_setup_py']
[0.210s] Level 1:colcon.colcon_core.package_identification:_identify(src) by extension 'python_setup_py'
[0.210s] Level 1:colcon.colcon_core.package_identification:_identify(src/sensor) by extensions ['ignore', 'ignore_ament_install']
[0.210s] Level 1:colcon.colcon_core.package_identification:_identify(src/sensor) by extension 'ignore'
[0.210s] Level 1:colcon.colcon_core.package_identification:_identify(src/sensor) by extension 'ignore_ament_install'
[0.210s] Level 1:colcon.colcon_core.package_identification:_identify(src/sensor) by extensions ['colcon_pkg']
[0.210s] Level 1:colcon.colcon_core.package_identification:_identify(src/sensor) by extension 'colcon_pkg'
[0.210s] Level 1:colcon.colcon_core.package_identification:_identify(src/sensor) by extensions ['colcon_meta']
[0.210s] Level 1:colcon.colcon_core.package_identification:_identify(src/sensor) by extension 'colcon_meta'
[0.210s] Level 1:colcon.colcon_core.package_identification:_identify(src/sensor) by extensions ['ros']
[0.210s] Level 1:colcon.colcon_core.package_identification:_identify(src/sensor) by extension 'ros'
[0.210s] Level 1:colcon.colcon_core.package_identification:_identify(src/sensor) by extensions ['cmake', 'python']
[0.210s] Level 1:colcon.colcon_core.package_identification:_identify(src/sensor) by extension 'cmake'
[0.210s] Level 1:colcon.colcon_core.package_identification:_identify(src/sensor) by extension 'python'
[0.210s] Level 1:colcon.colcon_core.package_identification:_identify(src/sensor) by extensions ['python_setup_py']
[0.210s] Level 1:colcon.colcon_core.package_identification:_identify(src/sensor) by extension 'python_setup_py'
[0.210s] Level 1:colcon.colcon_core.package_identification:_identify(src/sensor/usb_cam) by extensions ['ignore', 'ignore_ament_install']
[0.210s] Level 1:colcon.colcon_core.package_identification:_identify(src/sensor/usb_cam) by extension 'ignore'
[0.210s] Level 1:colcon.colcon_core.package_identification:_identify(src/sensor/usb_cam) by extension 'ignore_ament_install'
[0.210s] Level 1:colcon.colcon_core.package_identification:_identify(src/sensor/usb_cam) by extensions ['colcon_pkg']
[0.210s] Level 1:colcon.colcon_core.package_identification:_identify(src/sensor/usb_cam) by extension 'colcon_pkg'
[0.210s] Level 1:colcon.colcon_core.package_identification:_identify(src/sensor/usb_cam) by extensions ['colcon_meta']
[0.210s] Level 1:colcon.colcon_core.package_identification:_identify(src/sensor/usb_cam) by extension 'colcon_meta'
[0.210s] Level 1:colcon.colcon_core.package_identification:_identify(src/sensor/usb_cam) by extensions ['ros']
[0.210s] Level 1:colcon.colcon_core.package_identification:_identify(src/sensor/usb_cam) by extension 'ros'
[0.215s] DEBUG:colcon.colcon_core.package_identification:Package 'src/sensor/usb_cam' with type 'ros.ament_cmake' and name 'usb_cam'
[0.215s] Level 1:colcon.colcon_core.package_identification:_identify(src/vision_msgs) by extensions ['ignore', 'ignore_ament_install']
[0.215s] Level 1:colcon.colcon_core.package_identification:_identify(src/vision_msgs) by extension 'ignore'
[0.215s] Level 1:colcon.colcon_core.package_identification:_identify(src/vision_msgs) by extension 'ignore_ament_install'
[0.215s] Level 1:colcon.colcon_core.package_identification:_identify(src/vision_msgs) by extensions ['colcon_pkg']
[0.215s] Level 1:colcon.colcon_core.package_identification:_identify(src/vision_msgs) by extension 'colcon_pkg'
[0.215s] Level 1:colcon.colcon_core.package_identification:_identify(src/vision_msgs) by extensions ['colcon_meta']
[0.215s] Level 1:colcon.colcon_core.package_identification:_identify(src/vision_msgs) by extension 'colcon_meta'
[0.215s] Level 1:colcon.colcon_core.package_identification:_identify(src/vision_msgs) by extensions ['ros']
[0.215s] Level 1:colcon.colcon_core.package_identification:_identify(src/vision_msgs) by extension 'ros'
[0.216s] DEBUG:colcon.colcon_core.package_identification:Package 'src/vision_msgs' with type 'ros.ament_cmake' and name 'vision_msgs'
[0.216s] Level 1:colcon.colcon_core.package_identification:_identify(src/yolov8_ros) by extensions ['ignore', 'ignore_ament_install']
[0.216s] Level 1:colcon.colcon_core.package_identification:_identify(src/yolov8_ros) by extension 'ignore'
[0.216s] Level 1:colcon.colcon_core.package_identification:_identify(src/yolov8_ros) by extension 'ignore_ament_install'
[0.216s] Level 1:colcon.colcon_core.package_identification:_identify(src/yolov8_ros) by extensions ['colcon_pkg']
[0.216s] Level 1:colcon.colcon_core.package_identification:_identify(src/yolov8_ros) by extension 'colcon_pkg'
[0.216s] Level 1:colcon.colcon_core.package_identification:_identify(src/yolov8_ros) by extensions ['colcon_meta']
[0.216s] Level 1:colcon.colcon_core.package_identification:_identify(src/yolov8_ros) by extension 'colcon_meta'
[0.216s] Level 1:colcon.colcon_core.package_identification:_identify(src/yolov8_ros) by extensions ['ros']
[0.216s] Level 1:colcon.colcon_core.package_identification:_identify(src/yolov8_ros) by extension 'ros'
[0.216s] Level 1:colcon.colcon_core.package_identification:_identify(src/yolov8_ros) by extensions ['cmake', 'python']
[0.216s] Level 1:colcon.colcon_core.package_identification:_identify(src/yolov8_ros) by extension 'cmake'
[0.216s] Level 1:colcon.colcon_core.package_identification:_identify(src/yolov8_ros) by extension 'python'
[0.216s] Level 1:colcon.colcon_core.package_identification:_identify(src/yolov8_ros) by extensions ['python_setup_py']
[0.216s] Level 1:colcon.colcon_core.package_identification:_identify(src/yolov8_ros) by extension 'python_setup_py'
[0.216s] Level 1:colcon.colcon_core.package_identification:_identify(src/yolov8_ros/docs) by extensions ['ignore', 'ignore_ament_install']
[0.216s] Level 1:colcon.colcon_core.package_identification:_identify(src/yolov8_ros/docs) by extension 'ignore'
[0.216s] Level 1:colcon.colcon_core.package_identification:_identify(src/yolov8_ros/docs) by extension 'ignore_ament_install'
[0.216s] Level 1:colcon.colcon_core.package_identification:_identify(src/yolov8_ros/docs) by extensions ['colcon_pkg']
[0.216s] Level 1:colcon.colcon_core.package_identification:_identify(src/yolov8_ros/docs) by extension 'colcon_pkg'
[0.216s] Level 1:colcon.colcon_core.package_identification:_identify(src/yolov8_ros/docs) by extensions ['colcon_meta']
[0.216s] Level 1:colcon.colcon_core.package_identification:_identify(src/yolov8_ros/docs) by extension 'colcon_meta'
[0.216s] Level 1:colcon.colcon_core.package_identification:_identify(src/yolov8_ros/docs) by extensions ['ros']
[0.216s] Level 1:colcon.colcon_core.package_identification:_identify(src/yolov8_ros/docs) by extension 'ros'
[0.216s] Level 1:colcon.colcon_core.package_identification:_identify(src/yolov8_ros/docs) by extensions ['cmake', 'python']
[0.216s] Level 1:colcon.colcon_core.package_identification:_identify(src/yolov8_ros/docs) by extension 'cmake'
[0.216s] Level 1:colcon.colcon_core.package_identification:_identify(src/yolov8_ros/docs) by extension 'python'
[0.216s] Level 1:colcon.colcon_core.package_identification:_identify(src/yolov8_ros/docs) by extensions ['python_setup_py']
[0.216s] Level 1:colcon.colcon_core.package_identification:_identify(src/yolov8_ros/docs) by extension 'python_setup_py'
[0.216s] Level 1:colcon.colcon_core.package_identification:_identify(src/yolov8_ros/matlab_msg_gen) by extensions ['ignore', 'ignore_ament_install']
[0.217s] Level 1:colcon.colcon_core.package_identification:_identify(src/yolov8_ros/matlab_msg_gen) by extension 'ignore'
[0.217s] Level 1:colcon.colcon_core.package_identification:_identify(src/yolov8_ros/matlab_msg_gen) ignored
[0.217s] Level 1:colcon.colcon_core.package_identification:_identify(src/yolov8_ros/yolov8_bringup) by extensions ['ignore', 'ignore_ament_install']
[0.217s] Level 1:colcon.colcon_core.package_identification:_identify(src/yolov8_ros/yolov8_bringup) by extension 'ignore'
[0.217s] Level 1:colcon.colcon_core.package_identification:_identify(src/yolov8_ros/yolov8_bringup) by extension 'ignore_ament_install'
[0.217s] Level 1:colcon.colcon_core.package_identification:_identify(src/yolov8_ros/yolov8_bringup) by extensions ['colcon_pkg']
[0.217s] Level 1:colcon.colcon_core.package_identification:_identify(src/yolov8_ros/yolov8_bringup) by extension 'colcon_pkg'
[0.217s] Level 1:colcon.colcon_core.package_identification:_identify(src/yolov8_ros/yolov8_bringup) by extensions ['colcon_meta']
[0.217s] Level 1:colcon.colcon_core.package_identification:_identify(src/yolov8_ros/yolov8_bringup) by extension 'colcon_meta'
[0.217s] Level 1:colcon.colcon_core.package_identification:_identify(src/yolov8_ros/yolov8_bringup) by extensions ['ros']
[0.217s] Level 1:colcon.colcon_core.package_identification:_identify(src/yolov8_ros/yolov8_bringup) by extension 'ros'
[0.217s] DEBUG:colcon.colcon_core.package_identification:Package 'src/yolov8_ros/yolov8_bringup' with type 'ros.ament_cmake' and name 'yolov8_bringup'
[0.217s] Level 1:colcon.colcon_core.package_identification:_identify(src/yolov8_ros/yolov8_msgs) by extensions ['ignore', 'ignore_ament_install']
[0.217s] Level 1:colcon.colcon_core.package_identification:_identify(src/yolov8_ros/yolov8_msgs) by extension 'ignore'
[0.217s] Level 1:colcon.colcon_core.package_identification:_identify(src/yolov8_ros/yolov8_msgs) by extension 'ignore_ament_install'
[0.217s] Level 1:colcon.colcon_core.package_identification:_identify(src/yolov8_ros/yolov8_msgs) by extensions ['colcon_pkg']
[0.217s] Level 1:colcon.colcon_core.package_identification:_identify(src/yolov8_ros/yolov8_msgs) by extension 'colcon_pkg'
[0.217s] Level 1:colcon.colcon_core.package_identification:_identify(src/yolov8_ros/yolov8_msgs) by extensions ['colcon_meta']
[0.217s] Level 1:colcon.colcon_core.package_identification:_identify(src/yolov8_ros/yolov8_msgs) by extension 'colcon_meta'
[0.217s] Level 1:colcon.colcon_core.package_identification:_identify(src/yolov8_ros/yolov8_msgs) by extensions ['ros']
[0.217s] Level 1:colcon.colcon_core.package_identification:_identify(src/yolov8_ros/yolov8_msgs) by extension 'ros'
[0.218s] DEBUG:colcon.colcon_core.package_identification:Package 'src/yolov8_ros/yolov8_msgs' with type 'ros.ament_cmake' and name 'yolov8_msgs'
[0.218s] Level 1:colcon.colcon_core.package_identification:_identify(src/yolov8_ros/yolov8_ros) by extensions ['ignore', 'ignore_ament_install']
[0.218s] Level 1:colcon.colcon_core.package_identification:_identify(src/yolov8_ros/yolov8_ros) by extension 'ignore'
[0.218s] Level 1:colcon.colcon_core.package_identification:_identify(src/yolov8_ros/yolov8_ros) by extension 'ignore_ament_install'
[0.218s] Level 1:colcon.colcon_core.package_identification:_identify(src/yolov8_ros/yolov8_ros) by extensions ['colcon_pkg']
[0.218s] Level 1:colcon.colcon_core.package_identification:_identify(src/yolov8_ros/yolov8_ros) by extension 'colcon_pkg'
[0.218s] Level 1:colcon.colcon_core.package_identification:_identify(src/yolov8_ros/yolov8_ros) by extensions ['colcon_meta']
[0.218s] Level 1:colcon.colcon_core.package_identification:_identify(src/yolov8_ros/yolov8_ros) by extension 'colcon_meta'
[0.218s] Level 1:colcon.colcon_core.package_identification:_identify(src/yolov8_ros/yolov8_ros) by extensions ['ros']
[0.218s] Level 1:colcon.colcon_core.package_identification:_identify(src/yolov8_ros/yolov8_ros) by extension 'ros'
[0.218s] DEBUG:colcon.colcon_core.package_identification:Package 'src/yolov8_ros/yolov8_ros' with type 'ros.ament_python' and name 'yolov8_ros'
[0.218s] Level 1:colcon.colcon_core.package_discovery:discover_packages(recursive) using defaults
[0.218s] Level 1:colcon.colcon_core.package_discovery:discover_packages(ignore) discover
[0.218s] Level 1:colcon.colcon_core.package_discovery:discover_packages(ignore) using defaults
[0.218s] Level 1:colcon.colcon_core.package_discovery:discover_packages(path) discover
[0.218s] Level 1:colcon.colcon_core.package_discovery:discover_packages(path) using defaults
[0.235s] Level 1:colcon.colcon_core.package_discovery:discover_packages(prefix_path) check parameters
[0.235s] Level 1:colcon.colcon_core.package_discovery:discover_packages(prefix_path) discover
[0.236s] WARNING:colcon.colcon_ros.prefix_path.ament:The path '/home/user/YongJun_ws/ros2_ws/install/yolov8_bringup' in the environment variable AMENT_PREFIX_PATH doesn't exist
[0.236s] WARNING:colcon.colcon_ros.prefix_path.ament:The path '/home/user/YongJun_ws/ros2_ws/install/yolov8_ros' in the environment variable AMENT_PREFIX_PATH doesn't exist
[0.236s] WARNING:colcon.colcon_ros.prefix_path.ament:The path '/home/user/YongJun_ws/ros2_ws/install/yolov8_msgs' in the environment variable AMENT_PREFIX_PATH doesn't exist
[0.236s] WARNING:colcon.colcon_ros.prefix_path.ament:The path '/home/user/YongJun_ws/ros2_ws/install/vision_msgs' in the environment variable AMENT_PREFIX_PATH doesn't exist
[0.236s] WARNING:colcon.colcon_ros.prefix_path.ament:The path '/home/user/YongJun_ws/ros2_ws/install/usb_cam' in the environment variable AMENT_PREFIX_PATH doesn't exist
[0.236s] WARNING:colcon.colcon_ros.prefix_path.catkin:The path '/home/user/YongJun_ws/ros2_ws/install/yolov8_bringup' in the environment variable CMAKE_PREFIX_PATH doesn't exist
[0.236s] WARNING:colcon.colcon_ros.prefix_path.catkin:The path '/home/user/YongJun_ws/ros2_ws/install/yolov8_msgs' in the environment variable CMAKE_PREFIX_PATH doesn't exist
[0.236s] WARNING:colcon.colcon_ros.prefix_path.catkin:The path '/home/user/YongJun_ws/ros2_ws/install/vision_msgs' in the environment variable CMAKE_PREFIX_PATH doesn't exist
[0.236s] WARNING:colcon.colcon_ros.prefix_path.catkin:The path '/home/user/YongJun_ws/ros2_ws/install/usb_cam' in the environment variable CMAKE_PREFIX_PATH doesn't exist
[0.236s] DEBUG:colcon.colcon_installed_package_information.package_discovery:Found 0 installed packages in /home/user/YongJun_ws/ros2_ws/install
[0.237s] DEBUG:colcon.colcon_installed_package_information.package_discovery:Found 263 installed packages in /opt/ros/foxy
[0.238s] Level 1:colcon.colcon_core.package_discovery:discover_packages(prefix_path) using defaults
[0.267s] Level 5:colcon.colcon_core.verb:set package 'usb_cam' build argument 'cmake_args' from command line to 'None'
[0.267s] Level 5:colcon.colcon_core.verb:set package 'usb_cam' build argument 'cmake_target' from command line to 'None'
[0.267s] Level 5:colcon.colcon_core.verb:set package 'usb_cam' build argument 'cmake_target_skip_unavailable' from command line to 'False'
[0.267s] Level 5:colcon.colcon_core.verb:set package 'usb_cam' build argument 'cmake_clean_cache' from command line to 'False'
[0.267s] Level 5:colcon.colcon_core.verb:set package 'usb_cam' build argument 'cmake_clean_first' from command line to 'False'
[0.267s] Level 5:colcon.colcon_core.verb:set package 'usb_cam' build argument 'cmake_force_configure' from command line to 'False'
[0.267s] Level 5:colcon.colcon_core.verb:set package 'usb_cam' build argument 'ament_cmake_args' from command line to 'None'
[0.267s] Level 5:colcon.colcon_core.verb:set package 'usb_cam' build argument 'catkin_cmake_args' from command line to 'None'
[0.267s] Level 5:colcon.colcon_core.verb:set package 'usb_cam' build argument 'catkin_skip_building_tests' from command line to 'False'
[0.267s] DEBUG:colcon.colcon_core.verb:Building package 'usb_cam' with the following arguments: {'ament_cmake_args': None, 'build_base': '/home/user/YongJun_ws/ros2_ws/build/usb_cam', 'catkin_cmake_args': None, 'catkin_skip_building_tests': False, 'cmake_args': None, 'cmake_clean_cache': False, 'cmake_clean_first': False, 'cmake_force_configure': False, 'cmake_target': None, 'cmake_target_skip_unavailable': False, 'install_base': '/home/user/YongJun_ws/ros2_ws/install/usb_cam', 'merge_install': False, 'path': '/home/user/YongJun_ws/ros2_ws/src/sensor/usb_cam', 'symlink_install': False, 'test_result_base': None}
[0.267s] Level 5:colcon.colcon_core.verb:set package 'vision_msgs' build argument 'cmake_args' from command line to 'None'
[0.267s] Level 5:colcon.colcon_core.verb:set package 'vision_msgs' build argument 'cmake_target' from command line to 'None'
[0.267s] Level 5:colcon.colcon_core.verb:set package 'vision_msgs' build argument 'cmake_target_skip_unavailable' from command line to 'False'
[0.267s] Level 5:colcon.colcon_core.verb:set package 'vision_msgs' build argument 'cmake_clean_cache' from command line to 'False'
[0.267s] Level 5:colcon.colcon_core.verb:set package 'vision_msgs' build argument 'cmake_clean_first' from command line to 'False'
[0.267s] Level 5:colcon.colcon_core.verb:set package 'vision_msgs' build argument 'cmake_force_configure' from command line to 'False'
[0.267s] Level 5:colcon.colcon_core.verb:set package 'vision_msgs' build argument 'ament_cmake_args' from command line to 'None'
[0.267s] Level 5:colcon.colcon_core.verb:set package 'vision_msgs' build argument 'catkin_cmake_args' from command line to 'None'
[0.267s] Level 5:colcon.colcon_core.verb:set package 'vision_msgs' build argument 'catkin_skip_building_tests' from command line to 'False'
[0.267s] DEBUG:colcon.colcon_core.verb:Building package 'vision_msgs' with the following arguments: {'ament_cmake_args': None, 'build_base': '/home/user/YongJun_ws/ros2_ws/build/vision_msgs', 'catkin_cmake_args': None, 'catkin_skip_building_tests': False, 'cmake_args': None, 'cmake_clean_cache': False, 'cmake_clean_first': False, 'cmake_force_configure': False, 'cmake_target': None, 'cmake_target_skip_unavailable': False, 'install_base': '/home/user/YongJun_ws/ros2_ws/install/vision_msgs', 'merge_install': False, 'path': '/home/user/YongJun_ws/ros2_ws/src/vision_msgs', 'symlink_install': False, 'test_result_base': None}
[0.267s] Level 5:colcon.colcon_core.verb:set package 'yolov8_msgs' build argument 'cmake_args' from command line to 'None'
[0.267s] Level 5:colcon.colcon_core.verb:set package 'yolov8_msgs' build argument 'cmake_target' from command line to 'None'
[0.267s] Level 5:colcon.colcon_core.verb:set package 'yolov8_msgs' build argument 'cmake_target_skip_unavailable' from command line to 'False'
[0.267s] Level 5:colcon.colcon_core.verb:set package 'yolov8_msgs' build argument 'cmake_clean_cache' from command line to 'False'
[0.267s] Level 5:colcon.colcon_core.verb:set package 'yolov8_msgs' build argument 'cmake_clean_first' from command line to 'False'
[0.267s] Level 5:colcon.colcon_core.verb:set package 'yolov8_msgs' build argument 'cmake_force_configure' from command line to 'False'
[0.268s] Level 5:colcon.colcon_core.verb:set package 'yolov8_msgs' build argument 'ament_cmake_args' from command line to 'None'
[0.268s] Level 5:colcon.colcon_core.verb:set package 'yolov8_msgs' build argument 'catkin_cmake_args' from command line to 'None'
[0.268s] Level 5:colcon.colcon_core.verb:set package 'yolov8_msgs' build argument 'catkin_skip_building_tests' from command line to 'False'
[0.268s] DEBUG:colcon.colcon_core.verb:Building package 'yolov8_msgs' with the following arguments: {'ament_cmake_args': None, 'build_base': '/home/user/YongJun_ws/ros2_ws/build/yolov8_msgs', 'catkin_cmake_args': None, 'catkin_skip_building_tests': False, 'cmake_args': None, 'cmake_clean_cache': False, 'cmake_clean_first': False, 'cmake_force_configure': False, 'cmake_target': None, 'cmake_target_skip_unavailable': False, 'install_base': '/home/user/YongJun_ws/ros2_ws/install/yolov8_msgs', 'merge_install': False, 'path': '/home/user/YongJun_ws/ros2_ws/src/yolov8_ros/yolov8_msgs', 'symlink_install': False, 'test_result_base': None}
[0.268s] Level 5:colcon.colcon_core.verb:set package 'yolov8_ros' build argument 'cmake_args' from command line to 'None'
[0.268s] Level 5:colcon.colcon_core.verb:set package 'yolov8_ros' build argument 'cmake_target' from command line to 'None'
[0.268s] Level 5:colcon.colcon_core.verb:set package 'yolov8_ros' build argument 'cmake_target_skip_unavailable' from command line to 'False'
[0.268s] Level 5:colcon.colcon_core.verb:set package 'yolov8_ros' build argument 'cmake_clean_cache' from command line to 'False'
[0.268s] Level 5:colcon.colcon_core.verb:set package 'yolov8_ros' build argument 'cmake_clean_first' from command line to 'False'
[0.268s] Level 5:colcon.colcon_core.verb:set package 'yolov8_ros' build argument 'cmake_force_configure' from command line to 'False'
[0.268s] Level 5:colcon.colcon_core.verb:set package 'yolov8_ros' build argument 'ament_cmake_args' from command line to 'None'
[0.268s] Level 5:colcon.colcon_core.verb:set package 'yolov8_ros' build argument 'catkin_cmake_args' from command line to 'None'
[0.268s] Level 5:colcon.colcon_core.verb:set package 'yolov8_ros' build argument 'catkin_skip_building_tests' from command line to 'False'
[0.268s] DEBUG:colcon.colcon_core.verb:Building package 'yolov8_ros' with the following arguments: {'ament_cmake_args': None, 'build_base': '/home/user/YongJun_ws/ros2_ws/build/yolov8_ros', 'catkin_cmake_args': None, 'catkin_skip_building_tests': False, 'cmake_args': None, 'cmake_clean_cache': False, 'cmake_clean_first': False, 'cmake_force_configure': False, 'cmake_target': None, 'cmake_target_skip_unavailable': False, 'install_base': '/home/user/YongJun_ws/ros2_ws/install/yolov8_ros', 'merge_install': False, 'path': '/home/user/YongJun_ws/ros2_ws/src/yolov8_ros/yolov8_ros', 'symlink_install': False, 'test_result_base': None}
[0.268s] Level 5:colcon.colcon_core.verb:set package 'yolov8_bringup' build argument 'cmake_args' from command line to 'None'
[0.268s] Level 5:colcon.colcon_core.verb:set package 'yolov8_bringup' build argument 'cmake_target' from command line to 'None'
[0.268s] Level 5:colcon.colcon_core.verb:set package 'yolov8_bringup' build argument 'cmake_target_skip_unavailable' from command line to 'False'
[0.268s] Level 5:colcon.colcon_core.verb:set package 'yolov8_bringup' build argument 'cmake_clean_cache' from command line to 'False'
[0.268s] Level 5:colcon.colcon_core.verb:set package 'yolov8_bringup' build argument 'cmake_clean_first' from command line to 'False'
[0.268s] Level 5:colcon.colcon_core.verb:set package 'yolov8_bringup' build argument 'cmake_force_configure' from command line to 'False'
[0.268s] Level 5:colcon.colcon_core.verb:set package 'yolov8_bringup' build argument 'ament_cmake_args' from command line to 'None'
[0.268s] Level 5:colcon.colcon_core.verb:set package 'yolov8_bringup' build argument 'catkin_cmake_args' from command line to 'None'
[0.268s] Level 5:colcon.colcon_core.verb:set package 'yolov8_bringup' build argument 'catkin_skip_building_tests' from command line to 'False'
[0.268s] DEBUG:colcon.colcon_core.verb:Building package 'yolov8_bringup' with the following arguments: {'ament_cmake_args': None, 'build_base': '/home/user/YongJun_ws/ros2_ws/build/yolov8_bringup', 'catkin_cmake_args': None, 'catkin_skip_building_tests': False, 'cmake_args': None, 'cmake_clean_cache': False, 'cmake_clean_first': False, 'cmake_force_configure': False, 'cmake_target': None, 'cmake_target_skip_unavailable': False, 'install_base': '/home/user/YongJun_ws/ros2_ws/install/yolov8_bringup', 'merge_install': False, 'path': '/home/user/YongJun_ws/ros2_ws/src/yolov8_ros/yolov8_bringup', 'symlink_install': False, 'test_result_base': None}
[0.268s] INFO:colcon.colcon_core.executor:Executing jobs using 'parallel' executor
[0.269s] DEBUG:colcon.colcon_parallel_executor.executor.parallel:run_until_complete
[0.269s] INFO:colcon.colcon_ros.task.ament_python.build:Building ROS package in '/home/user/YongJun_ws/ros2_ws/src/yolov8_ros/yolov8_ros' with build type 'ament_python'
[0.269s] Level 1:colcon.colcon_core.shell:create_environment_hook('yolov8_ros', 'ament_prefix_path')
[0.270s] INFO:colcon.colcon_core.plugin_system:Skipping extension 'colcon_core.shell.bat': Not used on non-Windows systems
[0.270s] INFO:colcon.colcon_core.shell:Creating environment hook '/home/user/YongJun_ws/ros2_ws/install/yolov8_ros/share/yolov8_ros/hook/ament_prefix_path.ps1'
[0.271s] INFO:colcon.colcon_core.shell:Creating environment descriptor '/home/user/YongJun_ws/ros2_ws/install/yolov8_ros/share/yolov8_ros/hook/ament_prefix_path.dsv'
[0.271s] INFO:colcon.colcon_core.shell:Creating environment hook '/home/user/YongJun_ws/ros2_ws/install/yolov8_ros/share/yolov8_ros/hook/ament_prefix_path.sh'
[0.271s] INFO:colcon.colcon_core.shell:Skip shell extension 'powershell' for command environment: Not usable outside of PowerShell
[0.271s] DEBUG:colcon.colcon_core.shell:Skip shell extension 'dsv' for command environment
[0.274s] INFO:colcon.colcon_ros.task.ament_cmake.build:Building ROS package in '/home/user/YongJun_ws/ros2_ws/src/sensor/usb_cam' with build type 'ament_cmake'
[0.274s] INFO:colcon.colcon_cmake.task.cmake.build:Building CMake package in '/home/user/YongJun_ws/ros2_ws/src/sensor/usb_cam'
[0.274s] INFO:colcon.colcon_core.shell:Skip shell extension 'powershell' for command environment: Not usable outside of PowerShell
[0.274s] DEBUG:colcon.colcon_core.shell:Skip shell extension 'dsv' for command environment
[0.277s] INFO:colcon.colcon_ros.task.ament_cmake.build:Building ROS package in '/home/user/YongJun_ws/ros2_ws/src/vision_msgs' with build type 'ament_cmake'
[0.277s] INFO:colcon.colcon_cmake.task.cmake.build:Building CMake package in '/home/user/YongJun_ws/ros2_ws/src/vision_msgs'
[0.277s] INFO:colcon.colcon_core.shell:Skip shell extension 'powershell' for command environment: Not usable outside of PowerShell
[0.277s] DEBUG:colcon.colcon_core.shell:Skip shell extension 'dsv' for command environment
[0.279s] INFO:colcon.colcon_ros.task.ament_cmake.build:Building ROS package in '/home/user/YongJun_ws/ros2_ws/src/yolov8_ros/yolov8_msgs' with build type 'ament_cmake'
[0.280s] INFO:colcon.colcon_cmake.task.cmake.build:Building CMake package in '/home/user/YongJun_ws/ros2_ws/src/yolov8_ros/yolov8_msgs'
[0.280s] INFO:colcon.colcon_core.shell:Skip shell extension 'powershell' for command environment: Not usable outside of PowerShell
[0.280s] DEBUG:colcon.colcon_core.shell:Skip shell extension 'dsv' for command environment
[0.432s] INFO:colcon.colcon_core.task.python.build:Building Python package in '/home/user/YongJun_ws/ros2_ws/src/yolov8_ros/yolov8_ros'
[0.433s] INFO:colcon.colcon_core.shell:Skip shell extension 'powershell' for command environment: Not usable outside of PowerShell
[0.433s] DEBUG:colcon.colcon_core.shell:Skip shell extension 'dsv' for command environment
[0.439s] DEBUG:colcon.colcon_core.event_handler.log_command:Invoking command in '/home/user/YongJun_ws/ros2_ws/build/usb_cam': CMAKE_PREFIX_PATH=${CMAKE_PREFIX_PATH}:/home/user/YongJun_ws/ros2_ws/install/yolov8_ros:/opt/ros/foxy CONDA_PROMPT_MODIFIER=(openmmlab) /home/user/.local/bin/cmake /home/user/YongJun_ws/ros2_ws/src/sensor/usb_cam -DCMAKE_INSTALL_PREFIX=/home/user/YongJun_ws/ros2_ws/install/usb_cam
[0.441s] DEBUG:colcon.colcon_core.event_handler.log_command:Invoking command in '/home/user/YongJun_ws/ros2_ws/build/vision_msgs': CMAKE_PREFIX_PATH=${CMAKE_PREFIX_PATH}:/home/user/YongJun_ws/ros2_ws/install/yolov8_ros:/opt/ros/foxy CONDA_PROMPT_MODIFIER=(openmmlab) /home/user/.local/bin/cmake /home/user/YongJun_ws/ros2_ws/src/vision_msgs -DCMAKE_INSTALL_PREFIX=/home/user/YongJun_ws/ros2_ws/install/vision_msgs
[0.444s] DEBUG:colcon.colcon_core.event_handler.log_command:Invoking command in '/home/user/YongJun_ws/ros2_ws/build/yolov8_msgs': CMAKE_PREFIX_PATH=${CMAKE_PREFIX_PATH}:/home/user/YongJun_ws/ros2_ws/install/yolov8_ros:/opt/ros/foxy CONDA_PROMPT_MODIFIER=(openmmlab) /home/user/.local/bin/cmake /home/user/YongJun_ws/ros2_ws/src/yolov8_ros/yolov8_msgs -DCMAKE_INSTALL_PREFIX=/home/user/YongJun_ws/ros2_ws/install/yolov8_msgs
[0.683s] DEBUG:colcon.colcon_core.event_handler.log_command:Invoking command in '/home/user/YongJun_ws/ros2_ws/src/yolov8_ros/yolov8_ros': CONDA_PROMPT_MODIFIER=(openmmlab) PYTHONPATH=/home/user/YongJun_ws/ros2_ws/build/yolov8_ros/prefix_override:/usr/lib/python3/dist-packages/colcon_core/task/python/colcon_distutils_commands:/home/user/YongJun_ws/ros2_ws/install/yolov8_ros/lib/python3.8/site-packages:${PYTHONPATH} /usr/bin/python3 -W ignore:setup.py install is deprecated setup.py egg_info --egg-base ../../../build/yolov8_ros build --build-base /home/user/YongJun_ws/ros2_ws/build/yolov8_ros/build install --record /home/user/YongJun_ws/ros2_ws/build/yolov8_ros/install.log --single-version-externally-managed install_data
[0.856s] DEBUG:colcon.colcon_core.event_handler.log_command:Invoked command in '/home/user/YongJun_ws/ros2_ws/src/yolov8_ros/yolov8_ros' returned '0': CONDA_PROMPT_MODIFIER=(openmmlab) PYTHONPATH=/home/user/YongJun_ws/ros2_ws/build/yolov8_ros/prefix_override:/usr/lib/python3/dist-packages/colcon_core/task/python/colcon_distutils_commands:/home/user/YongJun_ws/ros2_ws/install/yolov8_ros/lib/python3.8/site-packages:${PYTHONPATH} /usr/bin/python3 -W ignore:setup.py install is deprecated setup.py egg_info --egg-base ../../../build/yolov8_ros build --build-base /home/user/YongJun_ws/ros2_ws/build/yolov8_ros/build install --record /home/user/YongJun_ws/ros2_ws/build/yolov8_ros/install.log --single-version-externally-managed install_data
[0.857s] Level 1:colcon.colcon_core.environment:checking '/home/user/YongJun_ws/ros2_ws/install/yolov8_ros' for CMake module files
[0.858s] Level 1:colcon.colcon_core.environment:checking '/home/user/YongJun_ws/ros2_ws/install/yolov8_ros' for CMake config files
[0.858s] Level 1:colcon.colcon_core.environment:checking '/home/user/YongJun_ws/ros2_ws/install/yolov8_ros/lib'
[0.858s] Level 1:colcon.colcon_core.environment:checking '/home/user/YongJun_ws/ros2_ws/install/yolov8_ros/bin'
[0.858s] Level 1:colcon.colcon_core.environment:checking '/home/user/YongJun_ws/ros2_ws/install/yolov8_ros/lib/pkgconfig/yolov8_ros.pc'
[0.858s] Level 1:colcon.colcon_core.environment:checking '/home/user/YongJun_ws/ros2_ws/install/yolov8_ros/lib/python3.8/site-packages'
[0.858s] Level 1:colcon.colcon_core.shell:create_environment_hook('yolov8_ros', 'pythonpath')
[0.858s] INFO:colcon.colcon_core.shell:Creating environment hook '/home/user/YongJun_ws/ros2_ws/install/yolov8_ros/share/yolov8_ros/hook/pythonpath.ps1'
[0.859s] INFO:colcon.colcon_core.shell:Creating environment descriptor '/home/user/YongJun_ws/ros2_ws/install/yolov8_ros/share/yolov8_ros/hook/pythonpath.dsv'
[0.859s] INFO:colcon.colcon_core.shell:Creating environment hook '/home/user/YongJun_ws/ros2_ws/install/yolov8_ros/share/yolov8_ros/hook/pythonpath.sh'
[0.859s] Level 1:colcon.colcon_core.environment:checking '/home/user/YongJun_ws/ros2_ws/install/yolov8_ros/bin'
[0.859s] Level 1:colcon.colcon_core.environment:create_environment_scripts_only(yolov8_ros)
[0.859s] INFO:colcon.colcon_core.shell:Creating package script '/home/user/YongJun_ws/ros2_ws/install/yolov8_ros/share/yolov8_ros/package.ps1'
[0.860s] INFO:colcon.colcon_core.shell:Creating package descriptor '/home/user/YongJun_ws/ros2_ws/install/yolov8_ros/share/yolov8_ros/package.dsv'
[0.860s] INFO:colcon.colcon_core.shell:Creating package script '/home/user/YongJun_ws/ros2_ws/install/yolov8_ros/share/yolov8_ros/package.sh'
[0.861s] INFO:colcon.colcon_core.shell:Creating package script '/home/user/YongJun_ws/ros2_ws/install/yolov8_ros/share/yolov8_ros/package.bash'
[0.861s] INFO:colcon.colcon_core.shell:Creating package script '/home/user/YongJun_ws/ros2_ws/install/yolov8_ros/share/yolov8_ros/package.zsh'
[0.861s] Level 1:colcon.colcon_core.environment:create_file_with_runtime_dependencies(/home/user/YongJun_ws/ros2_ws/install/yolov8_ros/share/colcon-core/packages/yolov8_ros)
[0.861s] INFO:colcon.colcon_ros.task.ament_cmake.build:Building ROS package in '/home/user/YongJun_ws/ros2_ws/src/yolov8_ros/yolov8_bringup' with build type 'ament_cmake'
[0.861s] INFO:colcon.colcon_cmake.task.cmake.build:Building CMake package in '/home/user/YongJun_ws/ros2_ws/src/yolov8_ros/yolov8_bringup'
[0.862s] INFO:colcon.colcon_core.shell:Skip shell extension 'powershell' for command environment: Not usable outside of PowerShell
[0.862s] DEBUG:colcon.colcon_core.shell:Skip shell extension 'dsv' for command environment
[0.868s] DEBUG:colcon.colcon_core.event_handler.log_command:Invoking command in '/home/user/YongJun_ws/ros2_ws/build/yolov8_bringup': AMENT_PREFIX_PATH=/home/user/YongJun_ws/ros2_ws/install/yolov8_ros:/home/user/YongJun_ws/ros2_ws/install/yolov8_bringup:/home/user/YongJun_ws/ros2_ws/install/yolov8_msgs:/home/user/YongJun_ws/ros2_ws/install/vision_msgs:/home/user/YongJun_ws/ros2_ws/install/usb_cam:/opt/ros/foxy CMAKE_PREFIX_PATH=${CMAKE_PREFIX_PATH}:/home/user/YongJun_ws/ros2_ws/install/yolov8_ros:/opt/ros/foxy CONDA_PROMPT_MODIFIER=(openmmlab) PYTHONPATH=/home/user/YongJun_ws/ros2_ws/install/yolov8_ros/lib/python3.8/site-packages:/opt/ros/foxy/lib/python3.8/site-packages:/home/user/anaconda3/envs/openmmlab/bin /home/user/.local/bin/cmake /home/user/YongJun_ws/ros2_ws/src/yolov8_ros/yolov8_bringup -DCMAKE_INSTALL_PREFIX=/home/user/YongJun_ws/ros2_ws/install/yolov8_bringup
[1.216s] DEBUG:colcon.colcon_core.event_handler.log_command:Invoked command in '/home/user/YongJun_ws/ros2_ws/build/yolov8_bringup' returned '0': AMENT_PREFIX_PATH=/home/user/YongJun_ws/ros2_ws/install/yolov8_ros:/home/user/YongJun_ws/ros2_ws/install/yolov8_bringup:/home/user/YongJun_ws/ros2_ws/install/yolov8_msgs:/home/user/YongJun_ws/ros2_ws/install/vision_msgs:/home/user/YongJun_ws/ros2_ws/install/usb_cam:/opt/ros/foxy CMAKE_PREFIX_PATH=${CMAKE_PREFIX_PATH}:/home/user/YongJun_ws/ros2_ws/install/yolov8_ros:/opt/ros/foxy CONDA_PROMPT_MODIFIER=(openmmlab) PYTHONPATH=/home/user/YongJun_ws/ros2_ws/install/yolov8_ros/lib/python3.8/site-packages:/opt/ros/foxy/lib/python3.8/site-packages:/home/user/anaconda3/envs/openmmlab/bin /home/user/.local/bin/cmake /home/user/YongJun_ws/ros2_ws/src/yolov8_ros/yolov8_bringup -DCMAKE_INSTALL_PREFIX=/home/user/YongJun_ws/ros2_ws/install/yolov8_bringup
[1.216s] DEBUG:colcon.colcon_core.event_handler.log_command:Invoking command in '/home/user/YongJun_ws/ros2_ws/build/yolov8_bringup': AMENT_PREFIX_PATH=/home/user/YongJun_ws/ros2_ws/install/yolov8_ros:/home/user/YongJun_ws/ros2_ws/install/yolov8_bringup:/home/user/YongJun_ws/ros2_ws/install/yolov8_msgs:/home/user/YongJun_ws/ros2_ws/install/vision_msgs:/home/user/YongJun_ws/ros2_ws/install/usb_cam:/opt/ros/foxy CMAKE_PREFIX_PATH=${CMAKE_PREFIX_PATH}:/home/user/YongJun_ws/ros2_ws/install/yolov8_ros:/opt/ros/foxy CONDA_PROMPT_MODIFIER=(openmmlab) PYTHONPATH=/home/user/YongJun_ws/ros2_ws/install/yolov8_ros/lib/python3.8/site-packages:/opt/ros/foxy/lib/python3.8/site-packages:/home/user/anaconda3/envs/openmmlab/bin /home/user/.local/bin/cmake --build /home/user/YongJun_ws/ros2_ws/build/yolov8_bringup -- -j24 -l24
[1.243s] DEBUG:colcon.colcon_core.event_handler.log_command:Invoked command in '/home/user/YongJun_ws/ros2_ws/build/yolov8_bringup' returned '0': AMENT_PREFIX_PATH=/home/user/YongJun_ws/ros2_ws/install/yolov8_ros:/home/user/YongJun_ws/ros2_ws/install/yolov8_bringup:/home/user/YongJun_ws/ros2_ws/install/yolov8_msgs:/home/user/YongJun_ws/ros2_ws/install/vision_msgs:/home/user/YongJun_ws/ros2_ws/install/usb_cam:/opt/ros/foxy CMAKE_PREFIX_PATH=${CMAKE_PREFIX_PATH}:/home/user/YongJun_ws/ros2_ws/install/yolov8_ros:/opt/ros/foxy CONDA_PROMPT_MODIFIER=(openmmlab) PYTHONPATH=/home/user/YongJun_ws/ros2_ws/install/yolov8_ros/lib/python3.8/site-packages:/opt/ros/foxy/lib/python3.8/site-packages:/home/user/anaconda3/envs/openmmlab/bin /home/user/.local/bin/cmake --build /home/user/YongJun_ws/ros2_ws/build/yolov8_bringup -- -j24 -l24
[1.289s] DEBUG:colcon.colcon_core.event_handler.log_command:Invoking command in '/home/user/YongJun_ws/ros2_ws/build/yolov8_bringup': AMENT_PREFIX_PATH=/home/user/YongJun_ws/ros2_ws/install/yolov8_ros:/home/user/YongJun_ws/ros2_ws/install/yolov8_bringup:/home/user/YongJun_ws/ros2_ws/install/yolov8_msgs:/home/user/YongJun_ws/ros2_ws/install/vision_msgs:/home/user/YongJun_ws/ros2_ws/install/usb_cam:/opt/ros/foxy CMAKE_PREFIX_PATH=${CMAKE_PREFIX_PATH}:/home/user/YongJun_ws/ros2_ws/install/yolov8_ros:/opt/ros/foxy CONDA_PROMPT_MODIFIER=(openmmlab) PYTHONPATH=/home/user/YongJun_ws/ros2_ws/install/yolov8_ros/lib/python3.8/site-packages:/opt/ros/foxy/lib/python3.8/site-packages:/home/user/anaconda3/envs/openmmlab/bin /home/user/.local/bin/cmake --install /home/user/YongJun_ws/ros2_ws/build/yolov8_bringup
[1.309s] Level 1:colcon.colcon_core.environment:create_environment_scripts_only(yolov8_bringup)
[1.309s] Level 1:colcon.colcon_core.environment:checking '/home/user/YongJun_ws/ros2_ws/install/yolov8_bringup' for CMake module files
[1.309s] DEBUG:colcon.colcon_core.event_handler.log_command:Invoked command in '/home/user/YongJun_ws/ros2_ws/build/yolov8_bringup' returned '0': AMENT_PREFIX_PATH=/home/user/YongJun_ws/ros2_ws/install/yolov8_ros:/home/user/YongJun_ws/ros2_ws/install/yolov8_bringup:/home/user/YongJun_ws/ros2_ws/install/yolov8_msgs:/home/user/YongJun_ws/ros2_ws/install/vision_msgs:/home/user/YongJun_ws/ros2_ws/install/usb_cam:/opt/ros/foxy CMAKE_PREFIX_PATH=${CMAKE_PREFIX_PATH}:/home/user/YongJun_ws/ros2_ws/install/yolov8_ros:/opt/ros/foxy CONDA_PROMPT_MODIFIER=(openmmlab) PYTHONPATH=/home/user/YongJun_ws/ros2_ws/install/yolov8_ros/lib/python3.8/site-packages:/opt/ros/foxy/lib/python3.8/site-packages:/home/user/anaconda3/envs/openmmlab/bin /home/user/.local/bin/cmake --install /home/user/YongJun_ws/ros2_ws/build/yolov8_bringup
[1.310s] Level 1:colcon.colcon_core.environment:checking '/home/user/YongJun_ws/ros2_ws/install/yolov8_bringup' for CMake config files
[1.310s] Level 1:colcon.colcon_core.shell:create_environment_hook('yolov8_bringup', 'cmake_prefix_path')
[1.310s] INFO:colcon.colcon_core.shell:Creating environment hook '/home/user/YongJun_ws/ros2_ws/install/yolov8_bringup/share/yolov8_bringup/hook/cmake_prefix_path.ps1'
[1.310s] INFO:colcon.colcon_core.shell:Creating environment descriptor '/home/user/YongJun_ws/ros2_ws/install/yolov8_bringup/share/yolov8_bringup/hook/cmake_prefix_path.dsv'
[1.310s] INFO:colcon.colcon_core.shell:Creating environment hook '/home/user/YongJun_ws/ros2_ws/install/yolov8_bringup/share/yolov8_bringup/hook/cmake_prefix_path.sh'
[1.311s] Level 1:colcon.colcon_core.environment:checking '/home/user/YongJun_ws/ros2_ws/install/yolov8_bringup/bin'
[1.311s] Level 1:colcon.colcon_core.environment:checking '/home/user/YongJun_ws/ros2_ws/install/yolov8_bringup/lib/pkgconfig/yolov8_bringup.pc'
[1.311s] Level 1:colcon.colcon_core.environment:checking '/home/user/YongJun_ws/ros2_ws/install/yolov8_bringup/lib/python3.8/site-packages'
[1.311s] Level 1:colcon.colcon_core.environment:checking '/home/user/YongJun_ws/ros2_ws/install/yolov8_bringup/bin'
[1.311s] INFO:colcon.colcon_core.shell:Creating package script '/home/user/YongJun_ws/ros2_ws/install/yolov8_bringup/share/yolov8_bringup/package.ps1'
[1.311s] INFO:colcon.colcon_core.shell:Creating package descriptor '/home/user/YongJun_ws/ros2_ws/install/yolov8_bringup/share/yolov8_bringup/package.dsv'
[1.311s] INFO:colcon.colcon_core.shell:Creating package script '/home/user/YongJun_ws/ros2_ws/install/yolov8_bringup/share/yolov8_bringup/package.sh'
[1.312s] INFO:colcon.colcon_core.shell:Creating package script '/home/user/YongJun_ws/ros2_ws/install/yolov8_bringup/share/yolov8_bringup/package.bash'
[1.312s] INFO:colcon.colcon_core.shell:Creating package script '/home/user/YongJun_ws/ros2_ws/install/yolov8_bringup/share/yolov8_bringup/package.zsh'
[1.312s] Level 1:colcon.colcon_core.environment:create_file_with_runtime_dependencies(/home/user/YongJun_ws/ros2_ws/install/yolov8_bringup/share/colcon-core/packages/yolov8_bringup)
[1.338s] Level 1:colcon.colcon_core.environment:create_environment_scripts_only(yolov8_bringup)
[1.338s] Level 1:colcon.colcon_core.environment:checking '/home/user/YongJun_ws/ros2_ws/install/yolov8_bringup' for CMake module files
[1.339s] Level 1:colcon.colcon_core.environment:checking '/home/user/YongJun_ws/ros2_ws/install/yolov8_bringup' for CMake config files
[1.339s] Level 1:colcon.colcon_core.shell:create_environment_hook('yolov8_bringup', 'cmake_prefix_path')
[1.339s] INFO:colcon.colcon_core.shell:Creating environment hook '/home/user/YongJun_ws/ros2_ws/install/yolov8_bringup/share/yolov8_bringup/hook/cmake_prefix_path.ps1'
[1.340s] INFO:colcon.colcon_core.shell:Creating environment descriptor '/home/user/YongJun_ws/ros2_ws/install/yolov8_bringup/share/yolov8_bringup/hook/cmake_prefix_path.dsv'
[1.340s] INFO:colcon.colcon_core.shell:Creating environment hook '/home/user/YongJun_ws/ros2_ws/install/yolov8_bringup/share/yolov8_bringup/hook/cmake_prefix_path.sh'
[1.341s] Level 1:colcon.colcon_core.environment:checking '/home/user/YongJun_ws/ros2_ws/install/yolov8_bringup/bin'
[1.341s] Level 1:colcon.colcon_core.environment:checking '/home/user/YongJun_ws/ros2_ws/install/yolov8_bringup/lib/pkgconfig/yolov8_bringup.pc'
[1.341s] Level 1:colcon.colcon_core.environment:checking '/home/user/YongJun_ws/ros2_ws/install/yolov8_bringup/lib/python3.8/site-packages'
[1.341s] Level 1:colcon.colcon_core.environment:checking '/home/user/YongJun_ws/ros2_ws/install/yolov8_bringup/bin'
[1.341s] INFO:colcon.colcon_core.shell:Creating package script '/home/user/YongJun_ws/ros2_ws/install/yolov8_bringup/share/yolov8_bringup/package.ps1'
[1.342s] INFO:colcon.colcon_core.shell:Creating package descriptor '/home/user/YongJun_ws/ros2_ws/install/yolov8_bringup/share/yolov8_bringup/package.dsv'
[1.342s] INFO:colcon.colcon_core.shell:Creating package script '/home/user/YongJun_ws/ros2_ws/install/yolov8_bringup/share/yolov8_bringup/package.sh'
[1.342s] INFO:colcon.colcon_core.shell:Creating package script '/home/user/YongJun_ws/ros2_ws/install/yolov8_bringup/share/yolov8_bringup/package.bash'
[1.343s] INFO:colcon.colcon_core.shell:Creating package script '/home/user/YongJun_ws/ros2_ws/install/yolov8_bringup/share/yolov8_bringup/package.zsh'
[1.343s] Level 1:colcon.colcon_core.environment:create_file_with_runtime_dependencies(/home/user/YongJun_ws/ros2_ws/install/yolov8_bringup/share/colcon-core/packages/yolov8_bringup)
[1.633s] DEBUG:colcon.colcon_core.event_handler.log_command:Invoked command in '/home/user/YongJun_ws/ros2_ws/build/vision_msgs' returned '0': CMAKE_PREFIX_PATH=${CMAKE_PREFIX_PATH}:/home/user/YongJun_ws/ros2_ws/install/yolov8_ros:/opt/ros/foxy CONDA_PROMPT_MODIFIER=(openmmlab) /home/user/.local/bin/cmake /home/user/YongJun_ws/ros2_ws/src/vision_msgs -DCMAKE_INSTALL_PREFIX=/home/user/YongJun_ws/ros2_ws/install/vision_msgs
[1.635s] DEBUG:colcon.colcon_core.event_handler.log_command:Invoking command in '/home/user/YongJun_ws/ros2_ws/build/vision_msgs': CMAKE_PREFIX_PATH=${CMAKE_PREFIX_PATH}:/home/user/YongJun_ws/ros2_ws/install/yolov8_ros:/opt/ros/foxy CONDA_PROMPT_MODIFIER=(openmmlab) /home/user/.local/bin/cmake --build /home/user/YongJun_ws/ros2_ws/build/vision_msgs -- -j24 -l24
[1.648s] DEBUG:colcon.colcon_core.event_handler.log_command:Invoked command in '/home/user/YongJun_ws/ros2_ws/build/usb_cam' returned '0': CMAKE_PREFIX_PATH=${CMAKE_PREFIX_PATH}:/home/user/YongJun_ws/ros2_ws/install/yolov8_ros:/opt/ros/foxy CONDA_PROMPT_MODIFIER=(openmmlab) /home/user/.local/bin/cmake /home/user/YongJun_ws/ros2_ws/src/sensor/usb_cam -DCMAKE_INSTALL_PREFIX=/home/user/YongJun_ws/ros2_ws/install/usb_cam
[1.649s] DEBUG:colcon.colcon_core.event_handler.log_command:Invoking command in '/home/user/YongJun_ws/ros2_ws/build/usb_cam': CMAKE_PREFIX_PATH=${CMAKE_PREFIX_PATH}:/home/user/YongJun_ws/ros2_ws/install/yolov8_ros:/opt/ros/foxy CONDA_PROMPT_MODIFIER=(openmmlab) /home/user/.local/bin/cmake --build /home/user/YongJun_ws/ros2_ws/build/usb_cam -- -j24 -l24
[1.671s] DEBUG:colcon.colcon_core.event_handler.log_command:Invoked command in '/home/user/YongJun_ws/ros2_ws/build/yolov8_msgs' returned '0': CMAKE_PREFIX_PATH=${CMAKE_PREFIX_PATH}:/home/user/YongJun_ws/ros2_ws/install/yolov8_ros:/opt/ros/foxy CONDA_PROMPT_MODIFIER=(openmmlab) /home/user/.local/bin/cmake /home/user/YongJun_ws/ros2_ws/src/yolov8_ros/yolov8_msgs -DCMAKE_INSTALL_PREFIX=/home/user/YongJun_ws/ros2_ws/install/yolov8_msgs
[1.673s] DEBUG:colcon.colcon_core.event_handler.log_command:Invoking command in '/home/user/YongJun_ws/ros2_ws/build/yolov8_msgs': CMAKE_PREFIX_PATH=${CMAKE_PREFIX_PATH}:/home/user/YongJun_ws/ros2_ws/install/yolov8_ros:/opt/ros/foxy CONDA_PROMPT_MODIFIER=(openmmlab) /home/user/.local/bin/cmake --build /home/user/YongJun_ws/ros2_ws/build/yolov8_msgs -- -j24 -l24
[4.871s] DEBUG:colcon.colcon_core.event_handler.log_command:Invoked command in '/home/user/YongJun_ws/ros2_ws/build/vision_msgs' returned '0': CMAKE_PREFIX_PATH=${CMAKE_PREFIX_PATH}:/home/user/YongJun_ws/ros2_ws/install/yolov8_ros:/opt/ros/foxy CONDA_PROMPT_MODIFIER=(openmmlab) /home/user/.local/bin/cmake --build /home/user/YongJun_ws/ros2_ws/build/vision_msgs -- -j24 -l24
[4.941s] DEBUG:colcon.colcon_core.event_handler.log_command:Invoking command in '/home/user/YongJun_ws/ros2_ws/build/vision_msgs': CMAKE_PREFIX_PATH=${CMAKE_PREFIX_PATH}:/home/user/YongJun_ws/ros2_ws/install/yolov8_ros:/opt/ros/foxy CONDA_PROMPT_MODIFIER=(openmmlab) /home/user/.local/bin/cmake --install /home/user/YongJun_ws/ros2_ws/build/vision_msgs
[4.994s] Level 1:colcon.colcon_core.environment:create_environment_scripts_only(vision_msgs)
[4.995s] DEBUG:colcon.colcon_core.event_handler.log_command:Invoked command in '/home/user/YongJun_ws/ros2_ws/build/vision_msgs' returned '0': CMAKE_PREFIX_PATH=${CMAKE_PREFIX_PATH}:/home/user/YongJun_ws/ros2_ws/install/yolov8_ros:/opt/ros/foxy CONDA_PROMPT_MODIFIER=(openmmlab) /home/user/.local/bin/cmake --install /home/user/YongJun_ws/ros2_ws/build/vision_msgs
[4.995s] Level 1:colcon.colcon_core.environment:checking '/home/user/YongJun_ws/ros2_ws/install/vision_msgs' for CMake module files
[4.996s] Level 1:colcon.colcon_core.environment:checking '/home/user/YongJun_ws/ros2_ws/install/vision_msgs' for CMake config files
[4.996s] Level 1:colcon.colcon_core.shell:create_environment_hook('vision_msgs', 'cmake_prefix_path')
[4.996s] INFO:colcon.colcon_core.shell:Creating environment hook '/home/user/YongJun_ws/ros2_ws/install/vision_msgs/share/vision_msgs/hook/cmake_prefix_path.ps1'
[4.997s] INFO:colcon.colcon_core.shell:Creating environment descriptor '/home/user/YongJun_ws/ros2_ws/install/vision_msgs/share/vision_msgs/hook/cmake_prefix_path.dsv'
[4.997s] INFO:colcon.colcon_core.shell:Creating environment hook '/home/user/YongJun_ws/ros2_ws/install/vision_msgs/share/vision_msgs/hook/cmake_prefix_path.sh'
[4.997s] Level 1:colcon.colcon_core.environment:checking '/home/user/YongJun_ws/ros2_ws/install/vision_msgs/lib'
[4.997s] Level 1:colcon.colcon_core.shell:create_environment_hook('vision_msgs', 'ld_library_path_lib')
[4.997s] INFO:colcon.colcon_core.shell:Creating environment hook '/home/user/YongJun_ws/ros2_ws/install/vision_msgs/share/vision_msgs/hook/ld_library_path_lib.ps1'
[4.998s] INFO:colcon.colcon_core.shell:Creating environment descriptor '/home/user/YongJun_ws/ros2_ws/install/vision_msgs/share/vision_msgs/hook/ld_library_path_lib.dsv'
[4.998s] INFO:colcon.colcon_core.shell:Creating environment hook '/home/user/YongJun_ws/ros2_ws/install/vision_msgs/share/vision_msgs/hook/ld_library_path_lib.sh'
[4.998s] Level 1:colcon.colcon_core.environment:checking '/home/user/YongJun_ws/ros2_ws/install/vision_msgs/bin'
[4.998s] Level 1:colcon.colcon_core.environment:checking '/home/user/YongJun_ws/ros2_ws/install/vision_msgs/lib/pkgconfig/vision_msgs.pc'
[4.998s] Level 1:colcon.colcon_core.environment:checking '/home/user/YongJun_ws/ros2_ws/install/vision_msgs/lib/python3.8/site-packages'
[4.998s] Level 1:colcon.colcon_core.shell:create_environment_hook('vision_msgs', 'pythonpath')
[4.999s] INFO:colcon.colcon_core.shell:Creating environment hook '/home/user/YongJun_ws/ros2_ws/install/vision_msgs/share/vision_msgs/hook/pythonpath.ps1'
[4.999s] INFO:colcon.colcon_core.shell:Creating environment descriptor '/home/user/YongJun_ws/ros2_ws/install/vision_msgs/share/vision_msgs/hook/pythonpath.dsv'
[4.999s] INFO:colcon.colcon_core.shell:Creating environment hook '/home/user/YongJun_ws/ros2_ws/install/vision_msgs/share/vision_msgs/hook/pythonpath.sh'
[4.999s] Level 1:colcon.colcon_core.environment:checking '/home/user/YongJun_ws/ros2_ws/install/vision_msgs/bin'
[4.999s] INFO:colcon.colcon_core.shell:Creating package script '/home/user/YongJun_ws/ros2_ws/install/vision_msgs/share/vision_msgs/package.ps1'
[5.000s] INFO:colcon.colcon_core.shell:Creating package descriptor '/home/user/YongJun_ws/ros2_ws/install/vision_msgs/share/vision_msgs/package.dsv'
[5.000s] INFO:colcon.colcon_core.shell:Creating package script '/home/user/YongJun_ws/ros2_ws/install/vision_msgs/share/vision_msgs/package.sh'
[5.000s] INFO:colcon.colcon_core.shell:Creating package script '/home/user/YongJun_ws/ros2_ws/install/vision_msgs/share/vision_msgs/package.bash'
[5.000s] INFO:colcon.colcon_core.shell:Creating package script '/home/user/YongJun_ws/ros2_ws/install/vision_msgs/share/vision_msgs/package.zsh'
[5.001s] Level 1:colcon.colcon_core.environment:create_file_with_runtime_dependencies(/home/user/YongJun_ws/ros2_ws/install/vision_msgs/share/colcon-core/packages/vision_msgs)
[5.070s] Level 1:colcon.colcon_core.environment:create_environment_scripts_only(vision_msgs)
[5.070s] Level 1:colcon.colcon_core.environment:checking '/home/user/YongJun_ws/ros2_ws/install/vision_msgs' for CMake module files
[5.071s] Level 1:colcon.colcon_core.environment:checking '/home/user/YongJun_ws/ros2_ws/install/vision_msgs' for CMake config files
[5.071s] Level 1:colcon.colcon_core.shell:create_environment_hook('vision_msgs', 'cmake_prefix_path')
[5.071s] INFO:colcon.colcon_core.shell:Creating environment hook '/home/user/YongJun_ws/ros2_ws/install/vision_msgs/share/vision_msgs/hook/cmake_prefix_path.ps1'
[5.071s] INFO:colcon.colcon_core.shell:Creating environment descriptor '/home/user/YongJun_ws/ros2_ws/install/vision_msgs/share/vision_msgs/hook/cmake_prefix_path.dsv'
[5.072s] INFO:colcon.colcon_core.shell:Creating environment hook '/home/user/YongJun_ws/ros2_ws/install/vision_msgs/share/vision_msgs/hook/cmake_prefix_path.sh'
[5.072s] Level 1:colcon.colcon_core.environment:checking '/home/user/YongJun_ws/ros2_ws/install/vision_msgs/lib'
[5.072s] Level 1:colcon.colcon_core.shell:create_environment_hook('vision_msgs', 'ld_library_path_lib')
[5.072s] INFO:colcon.colcon_core.shell:Creating environment hook '/home/user/YongJun_ws/ros2_ws/install/vision_msgs/share/vision_msgs/hook/ld_library_path_lib.ps1'
[5.072s] INFO:colcon.colcon_core.shell:Creating environment descriptor '/home/user/YongJun_ws/ros2_ws/install/vision_msgs/share/vision_msgs/hook/ld_library_path_lib.dsv'
[5.072s] INFO:colcon.colcon_core.shell:Creating environment hook '/home/user/YongJun_ws/ros2_ws/install/vision_msgs/share/vision_msgs/hook/ld_library_path_lib.sh'
[5.073s] Level 1:colcon.colcon_core.environment:checking '/home/user/YongJun_ws/ros2_ws/install/vision_msgs/bin'
[5.073s] Level 1:colcon.colcon_core.environment:checking '/home/user/YongJun_ws/ros2_ws/install/vision_msgs/lib/pkgconfig/vision_msgs.pc'
[5.073s] Level 1:colcon.colcon_core.environment:checking '/home/user/YongJun_ws/ros2_ws/install/vision_msgs/lib/python3.8/site-packages'
[5.073s] Level 1:colcon.colcon_core.shell:create_environment_hook('vision_msgs', 'pythonpath')
[5.073s] INFO:colcon.colcon_core.shell:Creating environment hook '/home/user/YongJun_ws/ros2_ws/install/vision_msgs/share/vision_msgs/hook/pythonpath.ps1'
[5.073s] INFO:colcon.colcon_core.shell:Creating environment descriptor '/home/user/YongJun_ws/ros2_ws/install/vision_msgs/share/vision_msgs/hook/pythonpath.dsv'
[5.073s] INFO:colcon.colcon_core.shell:Creating environment hook '/home/user/YongJun_ws/ros2_ws/install/vision_msgs/share/vision_msgs/hook/pythonpath.sh'
[5.073s] Level 1:colcon.colcon_core.environment:checking '/home/user/YongJun_ws/ros2_ws/install/vision_msgs/bin'
[5.074s] INFO:colcon.colcon_core.shell:Creating package script '/home/user/YongJun_ws/ros2_ws/install/vision_msgs/share/vision_msgs/package.ps1'
[5.074s] INFO:colcon.colcon_core.shell:Creating package descriptor '/home/user/YongJun_ws/ros2_ws/install/vision_msgs/share/vision_msgs/package.dsv'
[5.074s] INFO:colcon.colcon_core.shell:Creating package script '/home/user/YongJun_ws/ros2_ws/install/vision_msgs/share/vision_msgs/package.sh'
[5.074s] INFO:colcon.colcon_core.shell:Creating package script '/home/user/YongJun_ws/ros2_ws/install/vision_msgs/share/vision_msgs/package.bash'
[5.075s] INFO:colcon.colcon_core.shell:Creating package script '/home/user/YongJun_ws/ros2_ws/install/vision_msgs/share/vision_msgs/package.zsh'
[5.075s] Level 1:colcon.colcon_core.environment:create_file_with_runtime_dependencies(/home/user/YongJun_ws/ros2_ws/install/vision_msgs/share/colcon-core/packages/vision_msgs)
[5.995s] DEBUG:colcon.colcon_core.event_handler.log_command:Invoked command in '/home/user/YongJun_ws/ros2_ws/build/yolov8_msgs' returned '0': CMAKE_PREFIX_PATH=${CMAKE_PREFIX_PATH}:/home/user/YongJun_ws/ros2_ws/install/yolov8_ros:/opt/ros/foxy CONDA_PROMPT_MODIFIER=(openmmlab) /home/user/.local/bin/cmake --build /home/user/YongJun_ws/ros2_ws/build/yolov8_msgs -- -j24 -l24
[6.112s] DEBUG:colcon.colcon_core.event_handler.log_command:Invoking command in '/home/user/YongJun_ws/ros2_ws/build/yolov8_msgs': CMAKE_PREFIX_PATH=${CMAKE_PREFIX_PATH}:/home/user/YongJun_ws/ros2_ws/install/yolov8_ros:/opt/ros/foxy CONDA_PROMPT_MODIFIER=(openmmlab) /home/user/.local/bin/cmake --install /home/user/YongJun_ws/ros2_ws/build/yolov8_msgs
[6.168s] Level 1:colcon.colcon_core.environment:create_environment_scripts_only(yolov8_msgs)
[6.168s] DEBUG:colcon.colcon_core.event_handler.log_command:Invoked command in '/home/user/YongJun_ws/ros2_ws/build/yolov8_msgs' returned '0': CMAKE_PREFIX_PATH=${CMAKE_PREFIX_PATH}:/home/user/YongJun_ws/ros2_ws/install/yolov8_ros:/opt/ros/foxy CONDA_PROMPT_MODIFIER=(openmmlab) /home/user/.local/bin/cmake --install /home/user/YongJun_ws/ros2_ws/build/yolov8_msgs
[6.168s] Level 1:colcon.colcon_core.environment:checking '/home/user/YongJun_ws/ros2_ws/install/yolov8_msgs' for CMake module files
[6.169s] Level 1:colcon.colcon_core.environment:checking '/home/user/YongJun_ws/ros2_ws/install/yolov8_msgs' for CMake config files
[6.169s] Level 1:colcon.colcon_core.shell:create_environment_hook('yolov8_msgs', 'cmake_prefix_path')
[6.169s] INFO:colcon.colcon_core.shell:Creating environment hook '/home/user/YongJun_ws/ros2_ws/install/yolov8_msgs/share/yolov8_msgs/hook/cmake_prefix_path.ps1'
[6.169s] INFO:colcon.colcon_core.shell:Creating environment descriptor '/home/user/YongJun_ws/ros2_ws/install/yolov8_msgs/share/yolov8_msgs/hook/cmake_prefix_path.dsv'
[6.170s] INFO:colcon.colcon_core.shell:Creating environment hook '/home/user/YongJun_ws/ros2_ws/install/yolov8_msgs/share/yolov8_msgs/hook/cmake_prefix_path.sh'
[6.170s] Level 1:colcon.colcon_core.environment:checking '/home/user/YongJun_ws/ros2_ws/install/yolov8_msgs/lib'
[6.170s] Level 1:colcon.colcon_core.shell:create_environment_hook('yolov8_msgs', 'ld_library_path_lib')
[6.170s] INFO:colcon.colcon_core.shell:Creating environment hook '/home/user/YongJun_ws/ros2_ws/install/yolov8_msgs/share/yolov8_msgs/hook/ld_library_path_lib.ps1'
[6.170s] INFO:colcon.colcon_core.shell:Creating environment descriptor '/home/user/YongJun_ws/ros2_ws/install/yolov8_msgs/share/yolov8_msgs/hook/ld_library_path_lib.dsv'
[6.170s] INFO:colcon.colcon_core.shell:Creating environment hook '/home/user/YongJun_ws/ros2_ws/install/yolov8_msgs/share/yolov8_msgs/hook/ld_library_path_lib.sh'
[6.170s] Level 1:colcon.colcon_core.environment:checking '/home/user/YongJun_ws/ros2_ws/install/yolov8_msgs/bin'
[6.170s] Level 1:colcon.colcon_core.environment:checking '/home/user/YongJun_ws/ros2_ws/install/yolov8_msgs/lib/pkgconfig/yolov8_msgs.pc'
[6.171s] Level 1:colcon.colcon_core.environment:checking '/home/user/YongJun_ws/ros2_ws/install/yolov8_msgs/lib/python3.8/site-packages'
[6.171s] Level 1:colcon.colcon_core.shell:create_environment_hook('yolov8_msgs', 'pythonpath')
[6.171s] INFO:colcon.colcon_core.shell:Creating environment hook '/home/user/YongJun_ws/ros2_ws/install/yolov8_msgs/share/yolov8_msgs/hook/pythonpath.ps1'
[6.171s] INFO:colcon.colcon_core.shell:Creating environment descriptor '/home/user/YongJun_ws/ros2_ws/install/yolov8_msgs/share/yolov8_msgs/hook/pythonpath.dsv'
[6.171s] INFO:colcon.colcon_core.shell:Creating environment hook '/home/user/YongJun_ws/ros2_ws/install/yolov8_msgs/share/yolov8_msgs/hook/pythonpath.sh'
[6.171s] Level 1:colcon.colcon_core.environment:checking '/home/user/YongJun_ws/ros2_ws/install/yolov8_msgs/bin'
[6.171s] INFO:colcon.colcon_core.shell:Creating package script '/home/user/YongJun_ws/ros2_ws/install/yolov8_msgs/share/yolov8_msgs/package.ps1'
[6.172s] INFO:colcon.colcon_core.shell:Creating package descriptor '/home/user/YongJun_ws/ros2_ws/install/yolov8_msgs/share/yolov8_msgs/package.dsv'
[6.172s] INFO:colcon.colcon_core.shell:Creating package script '/home/user/YongJun_ws/ros2_ws/install/yolov8_msgs/share/yolov8_msgs/package.sh'
[6.172s] INFO:colcon.colcon_core.shell:Creating package script '/home/user/YongJun_ws/ros2_ws/install/yolov8_msgs/share/yolov8_msgs/package.bash'
[6.172s] INFO:colcon.colcon_core.shell:Creating package script '/home/user/YongJun_ws/ros2_ws/install/yolov8_msgs/share/yolov8_msgs/package.zsh'
[6.172s] Level 1:colcon.colcon_core.environment:create_file_with_runtime_dependencies(/home/user/YongJun_ws/ros2_ws/install/yolov8_msgs/share/colcon-core/packages/yolov8_msgs)
[6.291s] Level 1:colcon.colcon_core.environment:create_environment_scripts_only(yolov8_msgs)
[6.291s] Level 1:colcon.colcon_core.environment:checking '/home/user/YongJun_ws/ros2_ws/install/yolov8_msgs' for CMake module files
[6.292s] Level 1:colcon.colcon_core.environment:checking '/home/user/YongJun_ws/ros2_ws/install/yolov8_msgs' for CMake config files
[6.292s] Level 1:colcon.colcon_core.shell:create_environment_hook('yolov8_msgs', 'cmake_prefix_path')
[6.292s] INFO:colcon.colcon_core.shell:Creating environment hook '/home/user/YongJun_ws/ros2_ws/install/yolov8_msgs/share/yolov8_msgs/hook/cmake_prefix_path.ps1'
[6.293s] INFO:colcon.colcon_core.shell:Creating environment descriptor '/home/user/YongJun_ws/ros2_ws/install/yolov8_msgs/share/yolov8_msgs/hook/cmake_prefix_path.dsv'
[6.293s] INFO:colcon.colcon_core.shell:Creating environment hook '/home/user/YongJun_ws/ros2_ws/install/yolov8_msgs/share/yolov8_msgs/hook/cmake_prefix_path.sh'
[6.293s] Level 1:colcon.colcon_core.environment:checking '/home/user/YongJun_ws/ros2_ws/install/yolov8_msgs/lib'
[6.293s] Level 1:colcon.colcon_core.shell:create_environment_hook('yolov8_msgs', 'ld_library_path_lib')
[6.293s] INFO:colcon.colcon_core.shell:Creating environment hook '/home/user/YongJun_ws/ros2_ws/install/yolov8_msgs/share/yolov8_msgs/hook/ld_library_path_lib.ps1'
[6.293s] INFO:colcon.colcon_core.shell:Creating environment descriptor '/home/user/YongJun_ws/ros2_ws/install/yolov8_msgs/share/yolov8_msgs/hook/ld_library_path_lib.dsv'
[6.293s] INFO:colcon.colcon_core.shell:Creating environment hook '/home/user/YongJun_ws/ros2_ws/install/yolov8_msgs/share/yolov8_msgs/hook/ld_library_path_lib.sh'
[6.294s] Level 1:colcon.colcon_core.environment:checking '/home/user/YongJun_ws/ros2_ws/install/yolov8_msgs/bin'
[6.294s] Level 1:colcon.colcon_core.environment:checking '/home/user/YongJun_ws/ros2_ws/install/yolov8_msgs/lib/pkgconfig/yolov8_msgs.pc'
[6.294s] Level 1:colcon.colcon_core.environment:checking '/home/user/YongJun_ws/ros2_ws/install/yolov8_msgs/lib/python3.8/site-packages'
[6.294s] Level 1:colcon.colcon_core.shell:create_environment_hook('yolov8_msgs', 'pythonpath')
[6.294s] INFO:colcon.colcon_core.shell:Creating environment hook '/home/user/YongJun_ws/ros2_ws/install/yolov8_msgs/share/yolov8_msgs/hook/pythonpath.ps1'
[6.295s] INFO:colcon.colcon_core.shell:Creating environment descriptor '/home/user/YongJun_ws/ros2_ws/install/yolov8_msgs/share/yolov8_msgs/hook/pythonpath.dsv'
[6.295s] INFO:colcon.colcon_core.shell:Creating environment hook '/home/user/YongJun_ws/ros2_ws/install/yolov8_msgs/share/yolov8_msgs/hook/pythonpath.sh'
[6.295s] Level 1:colcon.colcon_core.environment:checking '/home/user/YongJun_ws/ros2_ws/install/yolov8_msgs/bin'
[6.295s] INFO:colcon.colcon_core.shell:Creating package script '/home/user/YongJun_ws/ros2_ws/install/yolov8_msgs/share/yolov8_msgs/package.ps1'
[6.295s] INFO:colcon.colcon_core.shell:Creating package descriptor '/home/user/YongJun_ws/ros2_ws/install/yolov8_msgs/share/yolov8_msgs/package.dsv'
[6.296s] INFO:colcon.colcon_core.shell:Creating package script '/home/user/YongJun_ws/ros2_ws/install/yolov8_msgs/share/yolov8_msgs/package.sh'
[6.296s] INFO:colcon.colcon_core.shell:Creating package script '/home/user/YongJun_ws/ros2_ws/install/yolov8_msgs/share/yolov8_msgs/package.bash'
[6.296s] INFO:colcon.colcon_core.shell:Creating package script '/home/user/YongJun_ws/ros2_ws/install/yolov8_msgs/share/yolov8_msgs/package.zsh'
[6.296s] Level 1:colcon.colcon_core.environment:create_file_with_runtime_dependencies(/home/user/YongJun_ws/ros2_ws/install/yolov8_msgs/share/colcon-core/packages/yolov8_msgs)
[7.208s] DEBUG:colcon.colcon_core.event_handler.log_command:Invoked command in '/home/user/YongJun_ws/ros2_ws/build/usb_cam' returned '0': CMAKE_PREFIX_PATH=${CMAKE_PREFIX_PATH}:/home/user/YongJun_ws/ros2_ws/install/yolov8_ros:/opt/ros/foxy CONDA_PROMPT_MODIFIER=(openmmlab) /home/user/.local/bin/cmake --build /home/user/YongJun_ws/ros2_ws/build/usb_cam -- -j24 -l24
[7.252s] DEBUG:colcon.colcon_core.event_handler.log_command:Invoking command in '/home/user/YongJun_ws/ros2_ws/build/usb_cam': CMAKE_PREFIX_PATH=${CMAKE_PREFIX_PATH}:/home/user/YongJun_ws/ros2_ws/install/yolov8_ros:/opt/ros/foxy CONDA_PROMPT_MODIFIER=(openmmlab) /home/user/.local/bin/cmake --install /home/user/YongJun_ws/ros2_ws/build/usb_cam
[7.285s] Level 1:colcon.colcon_core.environment:create_environment_scripts_only(usb_cam)
[7.286s] DEBUG:colcon.colcon_core.event_handler.log_command:Invoked command in '/home/user/YongJun_ws/ros2_ws/build/usb_cam' returned '0': CMAKE_PREFIX_PATH=${CMAKE_PREFIX_PATH}:/home/user/YongJun_ws/ros2_ws/install/yolov8_ros:/opt/ros/foxy CONDA_PROMPT_MODIFIER=(openmmlab) /home/user/.local/bin/cmake --install /home/user/YongJun_ws/ros2_ws/build/usb_cam
[7.286s] Level 1:colcon.colcon_core.environment:checking '/home/user/YongJun_ws/ros2_ws/install/usb_cam' for CMake module files
[7.286s] Level 1:colcon.colcon_core.environment:checking '/home/user/YongJun_ws/ros2_ws/install/usb_cam' for CMake config files
[7.286s] Level 1:colcon.colcon_core.shell:create_environment_hook('usb_cam', 'cmake_prefix_path')
[7.287s] INFO:colcon.colcon_core.shell:Creating environment hook '/home/user/YongJun_ws/ros2_ws/install/usb_cam/share/usb_cam/hook/cmake_prefix_path.ps1'
[7.287s] INFO:colcon.colcon_core.shell:Creating environment descriptor '/home/user/YongJun_ws/ros2_ws/install/usb_cam/share/usb_cam/hook/cmake_prefix_path.dsv'
[7.287s] INFO:colcon.colcon_core.shell:Creating environment hook '/home/user/YongJun_ws/ros2_ws/install/usb_cam/share/usb_cam/hook/cmake_prefix_path.sh'
[7.287s] Level 1:colcon.colcon_core.environment:checking '/home/user/YongJun_ws/ros2_ws/install/usb_cam/lib'
[7.287s] Level 1:colcon.colcon_core.shell:create_environment_hook('usb_cam', 'ld_library_path_lib')
[7.287s] INFO:colcon.colcon_core.shell:Creating environment hook '/home/user/YongJun_ws/ros2_ws/install/usb_cam/share/usb_cam/hook/ld_library_path_lib.ps1'
[7.288s] INFO:colcon.colcon_core.shell:Creating environment descriptor '/home/user/YongJun_ws/ros2_ws/install/usb_cam/share/usb_cam/hook/ld_library_path_lib.dsv'
[7.288s] INFO:colcon.colcon_core.shell:Creating environment hook '/home/user/YongJun_ws/ros2_ws/install/usb_cam/share/usb_cam/hook/ld_library_path_lib.sh'
[7.288s] Level 1:colcon.colcon_core.environment:checking '/home/user/YongJun_ws/ros2_ws/install/usb_cam/bin'
[7.288s] Level 1:colcon.colcon_core.environment:checking '/home/user/YongJun_ws/ros2_ws/install/usb_cam/lib/pkgconfig/usb_cam.pc'
[7.288s] Level 1:colcon.colcon_core.environment:checking '/home/user/YongJun_ws/ros2_ws/install/usb_cam/lib/python3.8/site-packages'
[7.288s] Level 1:colcon.colcon_core.environment:checking '/home/user/YongJun_ws/ros2_ws/install/usb_cam/bin'
[7.288s] INFO:colcon.colcon_core.shell:Creating package script '/home/user/YongJun_ws/ros2_ws/install/usb_cam/share/usb_cam/package.ps1'
[7.288s] INFO:colcon.colcon_core.shell:Creating package descriptor '/home/user/YongJun_ws/ros2_ws/install/usb_cam/share/usb_cam/package.dsv'
[7.289s] INFO:colcon.colcon_core.shell:Creating package script '/home/user/YongJun_ws/ros2_ws/install/usb_cam/share/usb_cam/package.sh'
[7.289s] INFO:colcon.colcon_core.shell:Creating package script '/home/user/YongJun_ws/ros2_ws/install/usb_cam/share/usb_cam/package.bash'
[7.289s] INFO:colcon.colcon_core.shell:Creating package script '/home/user/YongJun_ws/ros2_ws/install/usb_cam/share/usb_cam/package.zsh'
[7.289s] Level 1:colcon.colcon_core.environment:create_file_with_runtime_dependencies(/home/user/YongJun_ws/ros2_ws/install/usb_cam/share/colcon-core/packages/usb_cam)
[7.333s] Level 1:colcon.colcon_core.environment:create_environment_scripts_only(usb_cam)
[7.333s] Level 1:colcon.colcon_core.environment:checking '/home/user/YongJun_ws/ros2_ws/install/usb_cam' for CMake module files
[7.334s] Level 1:colcon.colcon_core.environment:checking '/home/user/YongJun_ws/ros2_ws/install/usb_cam' for CMake config files
[7.334s] Level 1:colcon.colcon_core.shell:create_environment_hook('usb_cam', 'cmake_prefix_path')
[7.335s] INFO:colcon.colcon_core.shell:Creating environment hook '/home/user/YongJun_ws/ros2_ws/install/usb_cam/share/usb_cam/hook/cmake_prefix_path.ps1'
[7.335s] INFO:colcon.colcon_core.shell:Creating environment descriptor '/home/user/YongJun_ws/ros2_ws/install/usb_cam/share/usb_cam/hook/cmake_prefix_path.dsv'
[7.336s] INFO:colcon.colcon_core.shell:Creating environment hook '/home/user/YongJun_ws/ros2_ws/install/usb_cam/share/usb_cam/hook/cmake_prefix_path.sh'
[7.337s] Level 1:colcon.colcon_core.environment:checking '/home/user/YongJun_ws/ros2_ws/install/usb_cam/lib'
[7.337s] Level 1:colcon.colcon_core.shell:create_environment_hook('usb_cam', 'ld_library_path_lib')
[7.337s] INFO:colcon.colcon_core.shell:Creating environment hook '/home/user/YongJun_ws/ros2_ws/install/usb_cam/share/usb_cam/hook/ld_library_path_lib.ps1'
[7.337s] INFO:colcon.colcon_core.shell:Creating environment descriptor '/home/user/YongJun_ws/ros2_ws/install/usb_cam/share/usb_cam/hook/ld_library_path_lib.dsv'
[7.338s] INFO:colcon.colcon_core.shell:Creating environment hook '/home/user/YongJun_ws/ros2_ws/install/usb_cam/share/usb_cam/hook/ld_library_path_lib.sh'
[7.338s] Level 1:colcon.colcon_core.environment:checking '/home/user/YongJun_ws/ros2_ws/install/usb_cam/bin'
[7.338s] Level 1:colcon.colcon_core.environment:checking '/home/user/YongJun_ws/ros2_ws/install/usb_cam/lib/pkgconfig/usb_cam.pc'
[7.338s] Level 1:colcon.colcon_core.environment:checking '/home/user/YongJun_ws/ros2_ws/install/usb_cam/lib/python3.8/site-packages'
[7.338s] Level 1:colcon.colcon_core.environment:checking '/home/user/YongJun_ws/ros2_ws/install/usb_cam/bin'
[7.339s] INFO:colcon.colcon_core.shell:Creating package script '/home/user/YongJun_ws/ros2_ws/install/usb_cam/share/usb_cam/package.ps1'
[7.339s] INFO:colcon.colcon_core.shell:Creating package descriptor '/home/user/YongJun_ws/ros2_ws/install/usb_cam/share/usb_cam/package.dsv'
[7.339s] INFO:colcon.colcon_core.shell:Creating package script '/home/user/YongJun_ws/ros2_ws/install/usb_cam/share/usb_cam/package.sh'
[7.339s] INFO:colcon.colcon_core.shell:Creating package script '/home/user/YongJun_ws/ros2_ws/install/usb_cam/share/usb_cam/package.bash'
[7.339s] INFO:colcon.colcon_core.shell:Creating package script '/home/user/YongJun_ws/ros2_ws/install/usb_cam/share/usb_cam/package.zsh'
[7.340s] Level 1:colcon.colcon_core.environment:create_file_with_runtime_dependencies(/home/user/YongJun_ws/ros2_ws/install/usb_cam/share/colcon-core/packages/usb_cam)
[7.340s] DEBUG:colcon.colcon_parallel_executor.executor.parallel:closing loop
[7.340s] DEBUG:colcon.colcon_parallel_executor.executor.parallel:loop closed
[7.340s] DEBUG:colcon.colcon_parallel_executor.executor.parallel:run_until_complete finished with '0'
[7.340s] DEBUG:colcon.colcon_core.event_reactor:joining thread
[7.346s] INFO:colcon.colcon_core.plugin_system:Skipping extension 'colcon_notification.desktop_notification.terminal_notifier': Not used on non-Darwin systems
[7.346s] INFO:colcon.colcon_core.plugin_system:Skipping extension 'colcon_notification.desktop_notification.win32': Not used on non-Windows systems
[7.347s] INFO:colcon.colcon_notification.desktop_notification:Sending desktop notification using 'notify2'
[7.373s] DEBUG:colcon.colcon_core.event_reactor:joined thread
[7.374s] INFO:colcon.colcon_core.shell:Creating prefix script '/home/user/YongJun_ws/ros2_ws/install/local_setup.ps1'
[7.375s] INFO:colcon.colcon_core.shell:Creating prefix util module '/home/user/YongJun_ws/ros2_ws/install/_local_setup_util_ps1.py'
[7.376s] INFO:colcon.colcon_core.shell:Creating prefix chain script '/home/user/YongJun_ws/ros2_ws/install/setup.ps1'
[7.377s] INFO:colcon.colcon_core.shell:Creating prefix script '/home/user/YongJun_ws/ros2_ws/install/local_setup.sh'
[7.378s] INFO:colcon.colcon_core.shell:Creating prefix util module '/home/user/YongJun_ws/ros2_ws/install/_local_setup_util_sh.py'
[7.378s] INFO:colcon.colcon_core.shell:Creating prefix chain script '/home/user/YongJun_ws/ros2_ws/install/setup.sh'
[7.379s] INFO:colcon.colcon_core.shell:Creating prefix script '/home/user/YongJun_ws/ros2_ws/install/local_setup.bash'
[7.379s] INFO:colcon.colcon_core.shell:Creating prefix chain script '/home/user/YongJun_ws/ros2_ws/install/setup.bash'
[7.380s] INFO:colcon.colcon_core.shell:Creating prefix script '/home/user/YongJun_ws/ros2_ws/install/local_setup.zsh'
[7.380s] INFO:colcon.colcon_core.shell:Creating prefix chain script '/home/user/YongJun_ws/ros2_ws/install/setup.zsh'
