[0.024s] Invoking command in '/home/aiv/YongJun_ws/ros2_ws/src/yolov8_ros/matlab_msg_gen/glnxa64/build/yolov8_msgs': PS1=(venv) VIRTUAL_ENV_PROMPT=(venv) /usr/local/MATLAB/R2024a/bin/glnxa64/cmake/bin/cmake /home/aiv/YongJun_ws/ros2_ws/src/yolov8_ros/matlab_msg_gen/glnxa64/src/yolov8_msgs -DCMAKE_BUILD_TYPE=Release -DCMAKE_SHARED_LINKER_FLAGS=-Wl,-no-as-needed -DBUILD_TESTING=OFF -DALIAS_ROS2_TF2=1 -DCMAKE_CXX_FLAGS_RELEASE=-O0 -G Ninja -DCMAKE_C_COMPILER=/usr/bin/gcc -DCMAKE_CXX_COMPILER=/usr/bin/g++ -DCMAKE_INSTALL_PREFIX=/home/aiv/YongJun_ws/ros2_ws/src/yolov8_ros/matlab_msg_gen/glnxa64/install
[0.101s] -- The C compiler identification is GNU 9.4.0
[0.171s] -- The CXX compiler identification is GNU 9.4.0
[0.181s] -- Detecting C compiler ABI info
[0.214s] -- Detecting C compiler ABI info - done
[0.220s] -- Check for working C compiler: /usr/bin/gcc - skipped
[0.221s] -- Detecting C compile features
[0.221s] -- Detecting C compile features - done
[0.224s] -- Detecting CXX compiler ABI info
[0.262s] -- Detecting CXX compiler ABI info - done
[0.268s] -- Check for working CXX compiler: /usr/bin/g++ - skipped
[0.268s] -- Detecting CXX compile features
[0.268s] -- Detecting CXX compile features - done
[0.273s] -- Found ament_cmake: 1.3.3 (/usr/local/MATLAB/R2024a/sys/ros2/glnxa64/ros2/share/ament_cmake/cmake)
[0.951s] -- Found Python3: /home/aiv/.matlab/R2024a/ros2/glnxa64/venv/bin/python3.10 (found version "3.10.14") found components: Interpreter 
[1.013s] -- Found ament_cmake_ros: 0.10.0 (/usr/local/MATLAB/R2024a/sys/ros2/glnxa64/ros2/share/ament_cmake_ros/cmake)
[1.019s] -- Found rosidl_typesupport_c: 2.0.0 (/usr/local/MATLAB/R2024a/sys/ros2/glnxa64/ros2/share/rosidl_typesupport_c/cmake)
[1.020s] -- Using all available rosidl_typesupport_c: rosidl_typesupport_fastrtps_c;rosidl_typesupport_introspection_c
[1.026s] -- Found rosidl_adapter: 3.1.4 (/usr/local/MATLAB/R2024a/sys/ros2/glnxa64/ros2/share/rosidl_adapter/cmake)
[1.064s] -- Found rosidl_typesupport_cpp: 2.0.0 (/usr/local/MATLAB/R2024a/sys/ros2/glnxa64/ros2/share/rosidl_typesupport_cpp/cmake)
[1.065s] -- Using all available rosidl_typesupport_cpp: rosidl_typesupport_fastrtps_cpp;rosidl_typesupport_introspection_cpp
[1.095s] -- Found rosidl_default_generators: 1.2.0 (/usr/local/MATLAB/R2024a/sys/ros2/glnxa64/ros2/share/rosidl_default_generators/cmake)
[1.098s] -- Found class_loader: 2.2.0 (/usr/local/MATLAB/R2024a/sys/ros2/glnxa64/ros2/share/class_loader/cmake)
[1.102s] -- Found geometry_msgs: 4.2.3 (/usr/local/MATLAB/R2024a/sys/ros2/glnxa64/ros2/share/geometry_msgs/cmake)
[1.200s] -- Found rclcpp: 16.0.5 (/usr/local/MATLAB/R2024a/sys/ros2/glnxa64/ros2/share/rclcpp/cmake)
[1.250s] -- Found rmw_implementation_cmake: 6.1.1 (/usr/local/MATLAB/R2024a/sys/ros2/glnxa64/ros2/share/rmw_implementation_cmake/cmake)
[1.252s] -- Found rmw_fastrtps_cpp: 6.2.2 (/usr/local/MATLAB/R2024a/sys/ros2/glnxa64/ros2/share/rmw_fastrtps_cpp/cmake)
[1.310s] -- Found FastRTPS: /usr/local/MATLAB/R2024a/sys/ros2/glnxa64/ros2/include  
[1.336s] -- Using RMW implementation 'rmw_fastrtps_cpp' as default
[1.343s] -- Performing Test CMAKE_HAVE_LIBC_PTHREAD
[1.381s] -- Performing Test CMAKE_HAVE_LIBC_PTHREAD - Failed
[1.381s] -- Looking for pthread_create in pthreads
[1.406s] -- Looking for pthread_create in pthreads - not found
[1.406s] -- Looking for pthread_create in pthread
[1.438s] -- Looking for pthread_create in pthread - found
[1.440s] -- Found Threads: TRUE  
[1.879s] -- Using all available rosidl_typesupport_c: rosidl_typesupport_fastrtps_c;rosidl_typesupport_introspection_c
[2.066s] -- Using all available rosidl_typesupport_cpp: rosidl_typesupport_fastrtps_cpp;rosidl_typesupport_introspection_cpp
[2.073s] -- Configuring done
[2.099s] -- Generating done
[2.107s] -- Build files have been written to: /home/aiv/YongJun_ws/ros2_ws/src/yolov8_ros/matlab_msg_gen/glnxa64/build/yolov8_msgs
[2.116s] Invoked command in '/home/aiv/YongJun_ws/ros2_ws/src/yolov8_ros/matlab_msg_gen/glnxa64/build/yolov8_msgs' returned '0': PS1=(venv) VIRTUAL_ENV_PROMPT=(venv) /usr/local/MATLAB/R2024a/bin/glnxa64/cmake/bin/cmake /home/aiv/YongJun_ws/ros2_ws/src/yolov8_ros/matlab_msg_gen/glnxa64/src/yolov8_msgs -DCMAKE_BUILD_TYPE=Release -DCMAKE_SHARED_LINKER_FLAGS=-Wl,-no-as-needed -DBUILD_TESTING=OFF -DALIAS_ROS2_TF2=1 -DCMAKE_CXX_FLAGS_RELEASE=-O0 -G Ninja -DCMAKE_C_COMPILER=/usr/bin/gcc -DCMAKE_CXX_COMPILER=/usr/bin/g++ -DCMAKE_INSTALL_PREFIX=/home/aiv/YongJun_ws/ros2_ws/src/yolov8_ros/matlab_msg_gen/glnxa64/install
[2.116s] Invoking command in '/home/aiv/YongJun_ws/ros2_ws/src/yolov8_ros/matlab_msg_gen/glnxa64/build/yolov8_msgs': PS1=(venv) VIRTUAL_ENV_PROMPT=(venv) /usr/local/MATLAB/R2024a/bin/glnxa64/cmake/bin/cmake --build /home/aiv/YongJun_ws/ros2_ws/src/yolov8_ros/matlab_msg_gen/glnxa64/build/yolov8_msgs -- -j32 -l32
[2.663s] [1/112] Generating C++ code for ROS interfaces
[2.667s] [2/112] Generating C code for ROS interfaces
[2.761s] [3/112] Building C object CMakeFiles/yolov8_msgs__rosidl_generator_c.dir/rosidl_generator_c/yolov8_msgs/msg/detail/key_point3_d__functions.c.o
[2.761s] [4/112] Building C object CMakeFiles/yolov8_msgs__rosidl_generator_c.dir/rosidl_generator_c/yolov8_msgs/msg/detail/bounding_box3_d__functions.c.o
[2.762s] [5/112] Building C object CMakeFiles/yolov8_msgs__rosidl_generator_c.dir/rosidl_generator_c/yolov8_msgs/msg/detail/vector2__functions.c.o
[2.763s] [6/112] Building C object CMakeFiles/yolov8_msgs__rosidl_generator_c.dir/rosidl_generator_c/yolov8_msgs/msg/detail/detection__functions.c.o
[2.773s] [7/112] Building C object CMakeFiles/yolov8_msgs__rosidl_generator_c.dir/rosidl_generator_c/yolov8_msgs/msg/detail/pose2_d__functions.c.o
[2.773s] [8/112] Building C object CMakeFiles/yolov8_msgs__rosidl_generator_c.dir/rosidl_generator_c/yolov8_msgs/msg/detail/detection_array__functions.c.o
[2.775s] [9/112] Building C object CMakeFiles/yolov8_msgs__rosidl_generator_c.dir/rosidl_generator_c/yolov8_msgs/msg/detail/point2_d__functions.c.o
[2.777s] [10/112] Building C object CMakeFiles/yolov8_msgs__rosidl_generator_c.dir/rosidl_generator_c/yolov8_msgs/msg/detail/key_point2_d_array__functions.c.o
[2.778s] [11/112] Building C object CMakeFiles/yolov8_msgs__rosidl_generator_c.dir/rosidl_generator_c/yolov8_msgs/msg/detail/key_point2_d__functions.c.o
[2.779s] [12/112] Building C object CMakeFiles/yolov8_msgs__rosidl_generator_c.dir/rosidl_generator_c/yolov8_msgs/msg/detail/mask__functions.c.o
[2.779s] [13/112] Building C object CMakeFiles/yolov8_msgs__rosidl_generator_c.dir/rosidl_generator_c/yolov8_msgs/msg/detail/key_point3_d_array__functions.c.o
[2.781s] [14/112] Building C object CMakeFiles/yolov8_msgs__rosidl_generator_c.dir/rosidl_generator_c/yolov8_msgs/msg/detail/bounding_box2_d__functions.c.o
[2.795s] [15/112] Linking C shared library libyolov8_msgs__rosidl_generator_c.so
[3.088s] [16/112] Generating C++ type support dispatch for ROS interfaces
[3.233s] [17/112] Generating C++ introspection for ROS interfaces
[3.352s] [18/112] Generating C++ type support for eProsima Fast-RTPS
[3.401s] [19/112] Generating C type support dispatch for ROS interfaces
[3.442s] [20/112] Building CXX object CMakeFiles/yolov8_msgs__rosidl_typesupport_c.dir/rosidl_typesupport_c/yolov8_msgs/msg/bounding_box2_d__type_support.cpp.o
[3.453s] [21/112] Generating C introspection for ROS interfaces
[3.482s] [22/112] Building CXX object CMakeFiles/yolov8_msgs__rosidl_typesupport_cpp.dir/rosidl_typesupport_cpp/yolov8_msgs/msg/key_point3_d__type_support.cpp.o
[3.486s] [23/112] Building CXX object CMakeFiles/yolov8_msgs__rosidl_typesupport_cpp.dir/rosidl_typesupport_cpp/yolov8_msgs/msg/bounding_box2_d__type_support.cpp.o
[3.500s] [24/112] Building CXX object CMakeFiles/yolov8_msgs__rosidl_typesupport_cpp.dir/rosidl_typesupport_cpp/yolov8_msgs/msg/bounding_box3_d__type_support.cpp.o
[3.500s] [25/112] Building CXX object CMakeFiles/yolov8_msgs__rosidl_typesupport_cpp.dir/rosidl_typesupport_cpp/yolov8_msgs/msg/detection__type_support.cpp.o
[3.501s] [26/112] Building CXX object CMakeFiles/yolov8_msgs__rosidl_typesupport_cpp.dir/rosidl_typesupport_cpp/yolov8_msgs/msg/key_point2_d_array__type_support.cpp.o
[3.501s] [27/112] Building CXX object CMakeFiles/yolov8_msgs__rosidl_typesupport_c.dir/rosidl_typesupport_c/yolov8_msgs/msg/bounding_box3_d__type_support.cpp.o
[3.501s] [28/112] Building C object CMakeFiles/yolov8_msgs__rosidl_typesupport_introspection_c.dir/rosidl_typesupport_introspection_c/yolov8_msgs/msg/detail/bounding_box2_d__type_support.c.o
[3.503s] [29/112] Generating C type support for eProsima Fast-RTPS
[3.514s] [30/112] Building CXX object CMakeFiles/yolov8_msgs__rosidl_typesupport_cpp.dir/rosidl_typesupport_cpp/yolov8_msgs/msg/point2_d__type_support.cpp.o
[3.536s] [31/112] Building CXX object CMakeFiles/yolov8_msgs__rosidl_typesupport_cpp.dir/rosidl_typesupport_cpp/yolov8_msgs/msg/key_point2_d__type_support.cpp.o
[3.536s] [32/112] Building CXX object CMakeFiles/yolov8_msgs__rosidl_typesupport_cpp.dir/rosidl_typesupport_cpp/yolov8_msgs/msg/vector2__type_support.cpp.o
[3.537s] [33/112] Building C object CMakeFiles/yolov8_msgs__rosidl_typesupport_introspection_c.dir/rosidl_typesupport_introspection_c/yolov8_msgs/msg/detail/bounding_box3_d__type_support.c.o
[3.540s] [34/112] Building CXX object CMakeFiles/yolov8_msgs__rosidl_typesupport_cpp.dir/rosidl_typesupport_cpp/yolov8_msgs/msg/pose2_d__type_support.cpp.o
[3.545s] [35/112] Building CXX object CMakeFiles/yolov8_msgs__rosidl_typesupport_cpp.dir/rosidl_typesupport_cpp/yolov8_msgs/msg/mask__type_support.cpp.o
[3.545s] [36/112] Building C object CMakeFiles/yolov8_msgs__rosidl_typesupport_introspection_c.dir/rosidl_typesupport_introspection_c/yolov8_msgs/msg/detail/key_point2_d__type_support.c.o
[3.546s] [37/112] Building C object CMakeFiles/yolov8_msgs__rosidl_typesupport_introspection_c.dir/rosidl_typesupport_introspection_c/yolov8_msgs/msg/detail/key_point3_d__type_support.c.o
[3.551s] [38/112] Building C object CMakeFiles/yolov8_msgs__rosidl_typesupport_introspection_c.dir/rosidl_typesupport_introspection_c/yolov8_msgs/msg/detail/detection__type_support.c.o
[3.554s] [39/112] Building C object CMakeFiles/yolov8_msgs__rosidl_typesupport_introspection_c.dir/rosidl_typesupport_introspection_c/yolov8_msgs/msg/detail/detection_array__type_support.c.o
[3.555s] [40/112] Building CXX object CMakeFiles/yolov8_msgs__rosidl_typesupport_cpp.dir/rosidl_typesupport_cpp/yolov8_msgs/msg/detection_array__type_support.cpp.o
[3.560s] [41/112] Building C object CMakeFiles/yolov8_msgs__rosidl_typesupport_introspection_c.dir/rosidl_typesupport_introspection_c/yolov8_msgs/msg/detail/key_point2_d_array__type_support.c.o
[3.564s] [42/112] Building C object CMakeFiles/yolov8_msgs__rosidl_typesupport_introspection_c.dir/rosidl_typesupport_introspection_c/yolov8_msgs/msg/detail/key_point3_d_array__type_support.c.o
[3.588s] [43/112] Building CXX object CMakeFiles/yolov8_msgs__rosidl_typesupport_cpp.dir/rosidl_typesupport_cpp/yolov8_msgs/msg/key_point3_d_array__type_support.cpp.o
[3.608s] [44/112] Building C object CMakeFiles/yolov8_msgs__rosidl_typesupport_introspection_c.dir/rosidl_typesupport_introspection_c/yolov8_msgs/msg/detail/point2_d__type_support.c.o
[3.638s] [45/112] Building C object CMakeFiles/yolov8_msgs__rosidl_typesupport_introspection_c.dir/rosidl_typesupport_introspection_c/yolov8_msgs/msg/detail/pose2_d__type_support.c.o
[3.654s] [46/112] Building C object CMakeFiles/yolov8_msgs__rosidl_typesupport_introspection_c.dir/rosidl_typesupport_introspection_c/yolov8_msgs/msg/detail/vector2__type_support.c.o
[3.668s] [47/112] Building C object CMakeFiles/yolov8_msgs__rosidl_typesupport_introspection_c.dir/rosidl_typesupport_introspection_c/yolov8_msgs/msg/detail/mask__type_support.c.o
[3.680s] [48/112] Building CXX object CMakeFiles/yolov8_msgs__rosidl_typesupport_c.dir/rosidl_typesupport_c/yolov8_msgs/msg/detection__type_support.cpp.o
[3.694s] [49/112] Building CXX object CMakeFiles/yolov8_msgs__rosidl_typesupport_c.dir/rosidl_typesupport_c/yolov8_msgs/msg/detection_array__type_support.cpp.o
[3.708s] [50/112] Linking C shared library libyolov8_msgs__rosidl_typesupport_introspection_c.so
[3.715s] [51/112] Building CXX object CMakeFiles/yolov8_msgs__rosidl_typesupport_c.dir/rosidl_typesupport_c/yolov8_msgs/msg/key_point2_d__type_support.cpp.o
[3.732s] [52/112] Building CXX object CMakeFiles/yolov8_msgs__rosidl_typesupport_c.dir/rosidl_typesupport_c/yolov8_msgs/msg/key_point2_d_array__type_support.cpp.o
[3.750s] [53/112] Building CXX object CMakeFiles/yolov8_msgs__rosidl_typesupport_c.dir/rosidl_typesupport_c/yolov8_msgs/msg/key_point3_d__type_support.cpp.o
[3.766s] [54/112] Building CXX object CMakeFiles/yolov8_msgs__rosidl_typesupport_c.dir/rosidl_typesupport_c/yolov8_msgs/msg/key_point3_d_array__type_support.cpp.o
[3.784s] [55/112] Building CXX object CMakeFiles/yolov8_msgs__rosidl_typesupport_c.dir/rosidl_typesupport_c/yolov8_msgs/msg/mask__type_support.cpp.o
[3.804s] [56/112] Building CXX object CMakeFiles/yolov8_msgs__rosidl_typesupport_c.dir/rosidl_typesupport_c/yolov8_msgs/msg/point2_d__type_support.cpp.o
[3.837s] [57/112] Building CXX object CMakeFiles/yolov8_msgs__rosidl_typesupport_c.dir/rosidl_typesupport_c/yolov8_msgs/msg/pose2_d__type_support.cpp.o
[3.856s] [58/112] Building CXX object CMakeFiles/yolov8_msgs__rosidl_typesupport_c.dir/rosidl_typesupport_c/yolov8_msgs/msg/vector2__type_support.cpp.o
[3.860s] [59/112] Building CXX object CMakeFiles/yolov8_msgs__rosidl_typesupport_introspection_cpp.dir/rosidl_typesupport_introspection_cpp/yolov8_msgs/msg/detail/bounding_box2_d__type_support.cpp.o
[3.919s] [60/112] Building CXX object CMakeFiles/yolov8_msgs__rosidl_typesupport_fastrtps_cpp.dir/rosidl_typesupport_fastrtps_cpp/yolov8_msgs/msg/detail/dds_fastrtps/bounding_box2_d__type_support.cpp.o
[3.920s] [61/112] Building CXX object CMakeFiles/yolov8_msgs__rosidl_typesupport_introspection_cpp.dir/rosidl_typesupport_introspection_cpp/yolov8_msgs/msg/detail/bounding_box3_d__type_support.cpp.o
[3.932s] [62/112] Building CXX object CMakeFiles/yolov8_msgs__rosidl_typesupport_fastrtps_c.dir/rosidl_typesupport_fastrtps_c/yolov8_msgs/msg/detail/point2_d__type_support_c.cpp.o
[3.936s] [63/112] Linking CXX shared library libyolov8_msgs__rosidl_typesupport_c.so
[3.944s] [64/112] Building CXX object CMakeFiles/yolov8_msgs__rosidl_typesupport_introspection_cpp.dir/rosidl_typesupport_introspection_cpp/yolov8_msgs/msg/detail/detection__type_support.cpp.o
[3.989s] [65/112] Building CXX object CMakeFiles/yolov8_msgs__rosidl_typesupport_fastrtps_c.dir/rosidl_typesupport_fastrtps_c/yolov8_msgs/msg/detail/bounding_box2_d__type_support_c.cpp.o
[4.009s] [66/112] Building CXX object CMakeFiles/yolov8_msgs__rosidl_typesupport_fastrtps_c.dir/rosidl_typesupport_fastrtps_c/yolov8_msgs/msg/detail/mask__type_support_c.cpp.o
[4.022s] [67/112] Building CXX object CMakeFiles/yolov8_msgs__rosidl_typesupport_fastrtps_c.dir/rosidl_typesupport_fastrtps_c/yolov8_msgs/msg/detail/key_point2_d__type_support_c.cpp.o
[4.035s] [68/112] Building CXX object CMakeFiles/yolov8_msgs__rosidl_typesupport_fastrtps_c.dir/rosidl_typesupport_fastrtps_c/yolov8_msgs/msg/detail/bounding_box3_d__type_support_c.cpp.o
[4.040s] [69/112] Building CXX object CMakeFiles/yolov8_msgs__rosidl_typesupport_fastrtps_c.dir/rosidl_typesupport_fastrtps_c/yolov8_msgs/msg/detail/key_point3_d_array__type_support_c.cpp.o
[4.052s] [70/112] Building CXX object CMakeFiles/yolov8_msgs__rosidl_typesupport_fastrtps_c.dir/rosidl_typesupport_fastrtps_c/yolov8_msgs/msg/detail/key_point3_d__type_support_c.cpp.o
[4.090s] [71/112] Building CXX object CMakeFiles/yolov8_msgs__rosidl_typesupport_fastrtps_c.dir/rosidl_typesupport_fastrtps_c/yolov8_msgs/msg/detail/detection_array__type_support_c.cpp.o
[4.098s] [72/112] Building CXX object CMakeFiles/yolov8_msgs__rosidl_typesupport_fastrtps_c.dir/rosidl_typesupport_fastrtps_c/yolov8_msgs/msg/detail/key_point2_d_array__type_support_c.cpp.o
[4.099s] [73/112] Building CXX object CMakeFiles/yolov8_msgs__rosidl_typesupport_fastrtps_c.dir/rosidl_typesupport_fastrtps_c/yolov8_msgs/msg/detail/vector2__type_support_c.cpp.o
[4.106s] [74/112] Building CXX object CMakeFiles/yolov8_msgs__rosidl_typesupport_fastrtps_c.dir/rosidl_typesupport_fastrtps_c/yolov8_msgs/msg/detail/pose2_d__type_support_c.cpp.o
[4.141s] [75/112] Building CXX object CMakeFiles/yolov8_msgs__rosidl_typesupport_fastrtps_c.dir/rosidl_typesupport_fastrtps_c/yolov8_msgs/msg/detail/detection__type_support_c.cpp.o
[4.204s] [76/112] Building CXX object CMakeFiles/yolov8_msgs__rosidl_typesupport_introspection_cpp.dir/rosidl_typesupport_introspection_cpp/yolov8_msgs/msg/detail/detection_array__type_support.cpp.o
[4.339s] [77/112] Linking CXX shared library libyolov8_msgs__rosidl_typesupport_fastrtps_c.so
[4.443s] [78/112] Building CXX object CMakeFiles/yolov8_msgs__rosidl_typesupport_fastrtps_cpp.dir/rosidl_typesupport_fastrtps_cpp/yolov8_msgs/msg/detail/dds_fastrtps/key_point3_d_array__type_support.cpp.o
[4.490s] [79/112] Building CXX object CMakeFiles/yolov8_msgs__rosidl_typesupport_fastrtps_cpp.dir/rosidl_typesupport_fastrtps_cpp/yolov8_msgs/msg/detail/dds_fastrtps/bounding_box3_d__type_support.cpp.o
[4.507s] [80/112] Building CXX object CMakeFiles/yolov8_msgs__rosidl_typesupport_fastrtps_cpp.dir/rosidl_typesupport_fastrtps_cpp/yolov8_msgs/msg/detail/dds_fastrtps/key_point2_d__type_support.cpp.o
[4.520s] [81/112] Linking CXX shared library libyolov8_msgs__rosidl_typesupport_cpp.so
[4.521s] [82/112] Building CXX object CMakeFiles/yolov8_msgs__rosidl_typesupport_fastrtps_cpp.dir/rosidl_typesupport_fastrtps_cpp/yolov8_msgs/msg/detail/dds_fastrtps/key_point3_d__type_support.cpp.o
[4.553s] [83/112] Building CXX object CMakeFiles/yolov8_msgs__rosidl_typesupport_fastrtps_cpp.dir/rosidl_typesupport_fastrtps_cpp/yolov8_msgs/msg/detail/dds_fastrtps/pose2_d__type_support.cpp.o
[4.564s] [84/112] Building CXX object CMakeFiles/yolov8_msgs__rosidl_typesupport_fastrtps_cpp.dir/rosidl_typesupport_fastrtps_cpp/yolov8_msgs/msg/detail/dds_fastrtps/detection__type_support.cpp.o
[4.581s] [85/112] Building CXX object CMakeFiles/yolov8_msgs__rosidl_typesupport_fastrtps_cpp.dir/rosidl_typesupport_fastrtps_cpp/yolov8_msgs/msg/detail/dds_fastrtps/key_point2_d_array__type_support.cpp.o
[4.583s] [86/112] Building CXX object CMakeFiles/yolov8_msgs__rosidl_typesupport_introspection_cpp.dir/rosidl_typesupport_introspection_cpp/yolov8_msgs/msg/detail/key_point2_d__type_support.cpp.o
[4.616s] [87/112] Building CXX object CMakeFiles/yolov8_msgs__rosidl_typesupport_fastrtps_cpp.dir/rosidl_typesupport_fastrtps_cpp/yolov8_msgs/msg/detail/dds_fastrtps/vector2__type_support.cpp.o
[4.625s] [88/112] Building CXX object CMakeFiles/yolov8_msgs__rosidl_typesupport_introspection_cpp.dir/rosidl_typesupport_introspection_cpp/yolov8_msgs/msg/detail/key_point3_d__type_support.cpp.o
[4.625s] [89/112] Building CXX object CMakeFiles/yolov8_msgs__rosidl_typesupport_fastrtps_cpp.dir/rosidl_typesupport_fastrtps_cpp/yolov8_msgs/msg/detail/dds_fastrtps/point2_d__type_support.cpp.o
[4.647s] [90/112] Building CXX object CMakeFiles/yolov8_msgs__rosidl_typesupport_introspection_cpp.dir/rosidl_typesupport_introspection_cpp/yolov8_msgs/msg/detail/key_point2_d_array__type_support.cpp.o
[4.699s] [91/112] Building CXX object CMakeFiles/yolov8_msgs__rosidl_typesupport_introspection_cpp.dir/rosidl_typesupport_introspection_cpp/yolov8_msgs/msg/detail/key_point3_d_array__type_support.cpp.o
[4.702s] [92/112] Building CXX object CMakeFiles/yolov8_msgs__rosidl_typesupport_fastrtps_cpp.dir/rosidl_typesupport_fastrtps_cpp/yolov8_msgs/msg/detail/dds_fastrtps/mask__type_support.cpp.o
[4.723s] [93/112] Building CXX object CMakeFiles/yolov8_msgs__rosidl_typesupport_fastrtps_cpp.dir/rosidl_typesupport_fastrtps_cpp/yolov8_msgs/msg/detail/dds_fastrtps/detection_array__type_support.cpp.o
[4.723s] [94/112] Building CXX object CMakeFiles/yolov8_msgs__rosidl_typesupport_introspection_cpp.dir/rosidl_typesupport_introspection_cpp/yolov8_msgs/msg/detail/point2_d__type_support.cpp.o
[4.736s] [95/112] Building CXX object CMakeFiles/yolov8_msgs__rosidl_typesupport_introspection_cpp.dir/rosidl_typesupport_introspection_cpp/yolov8_msgs/msg/detail/pose2_d__type_support.cpp.o
[4.781s] [96/112] Linking CXX shared library libyolov8_msgs__rosidl_typesupport_fastrtps_cpp.so
[4.791s] [97/112] Building CXX object CMakeFiles/yolov8_msgs__rosidl_typesupport_introspection_cpp.dir/rosidl_typesupport_introspection_cpp/yolov8_msgs/msg/detail/vector2__type_support.cpp.o
[4.797s] [98/112] Building CXX object CMakeFiles/yolov8_msgs__rosidl_typesupport_introspection_cpp.dir/rosidl_typesupport_introspection_cpp/yolov8_msgs/msg/detail/mask__type_support.cpp.o
[4.854s] [99/112] Linking CXX shared library libyolov8_msgs__rosidl_typesupport_introspection_cpp.so
[12.259s] [100/112] Building CXX object CMakeFiles/yolov8_msgs_matlab.dir/src/yolov8_msgs_Vector2_message.cpp.o
[12.307s] [101/112] Building CXX object CMakeFiles/yolov8_msgs_matlab.dir/src/yolov8_msgs_BoundingBox2D_message.cpp.o
[12.466s] [102/112] Building CXX object CMakeFiles/yolov8_msgs_matlab.dir/src/yolov8_msgs_Mask_message.cpp.o
[12.547s] [103/112] Building CXX object CMakeFiles/yolov8_msgs_matlab.dir/src/yolov8_msgs_KeyPoint3DArray_message.cpp.o
[12.584s] [104/112] Building CXX object CMakeFiles/yolov8_msgs_matlab.dir/src/yolov8_msgs_KeyPoint3D_message.cpp.o
[12.800s] [105/112] Building CXX object CMakeFiles/yolov8_msgs_matlab.dir/src/yolov8_msgs_KeyPoint2D_message.cpp.o
[13.319s] [106/112] Building CXX object CMakeFiles/yolov8_msgs_matlab.dir/src/yolov8_msgs_Pose2D_message.cpp.o
[13.615s] [107/112] Building CXX object CMakeFiles/yolov8_msgs_matlab.dir/src/yolov8_msgs_BoundingBox3D_message.cpp.o
[13.749s] [108/112] Building CXX object CMakeFiles/yolov8_msgs_matlab.dir/src/yolov8_msgs_KeyPoint2DArray_message.cpp.o
[14.356s] [109/112] Building CXX object CMakeFiles/yolov8_msgs_matlab.dir/src/yolov8_msgs_Point2D_message.cpp.o
[15.116s] [110/112] Building CXX object CMakeFiles/yolov8_msgs_matlab.dir/src/yolov8_msgs_DetectionArray_message.cpp.o
[15.356s] [111/112] Building CXX object CMakeFiles/yolov8_msgs_matlab.dir/src/yolov8_msgs_Detection_message.cpp.o
[17.423s] [112/112] Linking CXX shared library libyolov8_msgs_matlab.so
[17.424s] Invoked command in '/home/aiv/YongJun_ws/ros2_ws/src/yolov8_ros/matlab_msg_gen/glnxa64/build/yolov8_msgs' returned '0': PS1=(venv) VIRTUAL_ENV_PROMPT=(venv) /usr/local/MATLAB/R2024a/bin/glnxa64/cmake/bin/cmake --build /home/aiv/YongJun_ws/ros2_ws/src/yolov8_ros/matlab_msg_gen/glnxa64/build/yolov8_msgs -- -j32 -l32
[17.438s] Invoking command in '/home/aiv/YongJun_ws/ros2_ws/src/yolov8_ros/matlab_msg_gen/glnxa64/build/yolov8_msgs': PS1=(venv) VIRTUAL_ENV_PROMPT=(venv) /usr/local/MATLAB/R2024a/bin/glnxa64/cmake/bin/cmake --install /home/aiv/YongJun_ws/ros2_ws/src/yolov8_ros/matlab_msg_gen/glnxa64/build/yolov8_msgs
[17.440s] -- Install configuration: "Release"
[17.440s] -- Installing: /home/aiv/YongJun_ws/ros2_ws/src/yolov8_ros/matlab_msg_gen/glnxa64/install/share/ament_index/resource_index/rosidl_interfaces/yolov8_msgs
[17.440s] -- Installing: /home/aiv/YongJun_ws/ros2_ws/src/yolov8_ros/matlab_msg_gen/glnxa64/install/include/yolov8_msgs/yolov8_msgs
[17.440s] -- Installing: /home/aiv/YongJun_ws/ros2_ws/src/yolov8_ros/matlab_msg_gen/glnxa64/install/include/yolov8_msgs/yolov8_msgs/msg
[17.440s] -- Installing: /home/aiv/YongJun_ws/ros2_ws/src/yolov8_ros/matlab_msg_gen/glnxa64/install/include/yolov8_msgs/yolov8_msgs/msg/pose2_d.h
[17.440s] -- Installing: /home/aiv/YongJun_ws/ros2_ws/src/yolov8_ros/matlab_msg_gen/glnxa64/install/include/yolov8_msgs/yolov8_msgs/msg/mask.h
[17.441s] -- Installing: /home/aiv/YongJun_ws/ros2_ws/src/yolov8_ros/matlab_msg_gen/glnxa64/install/include/yolov8_msgs/yolov8_msgs/msg/detection_array.h
[17.441s] -- Installing: /home/aiv/YongJun_ws/ros2_ws/src/yolov8_ros/matlab_msg_gen/glnxa64/install/include/yolov8_msgs/yolov8_msgs/msg/key_point2_d_array.h
[17.441s] -- Installing: /home/aiv/YongJun_ws/ros2_ws/src/yolov8_ros/matlab_msg_gen/glnxa64/install/include/yolov8_msgs/yolov8_msgs/msg/detection.h
[17.441s] -- Installing: /home/aiv/YongJun_ws/ros2_ws/src/yolov8_ros/matlab_msg_gen/glnxa64/install/include/yolov8_msgs/yolov8_msgs/msg/key_point2_d.h
[17.441s] -- Installing: /home/aiv/YongJun_ws/ros2_ws/src/yolov8_ros/matlab_msg_gen/glnxa64/install/include/yolov8_msgs/yolov8_msgs/msg/key_point3_d_array.h
[17.441s] -- Installing: /home/aiv/YongJun_ws/ros2_ws/src/yolov8_ros/matlab_msg_gen/glnxa64/install/include/yolov8_msgs/yolov8_msgs/msg/vector2.h
[17.441s] -- Installing: /home/aiv/YongJun_ws/ros2_ws/src/yolov8_ros/matlab_msg_gen/glnxa64/install/include/yolov8_msgs/yolov8_msgs/msg/rosidl_generator_c__visibility_control.h
[17.441s] -- Installing: /home/aiv/YongJun_ws/ros2_ws/src/yolov8_ros/matlab_msg_gen/glnxa64/install/include/yolov8_msgs/yolov8_msgs/msg/bounding_box2_d.h
[17.441s] -- Installing: /home/aiv/YongJun_ws/ros2_ws/src/yolov8_ros/matlab_msg_gen/glnxa64/install/include/yolov8_msgs/yolov8_msgs/msg/point2_d.h
[17.441s] -- Installing: /home/aiv/YongJun_ws/ros2_ws/src/yolov8_ros/matlab_msg_gen/glnxa64/install/include/yolov8_msgs/yolov8_msgs/msg/detail
[17.442s] -- Installing: /home/aiv/YongJun_ws/ros2_ws/src/yolov8_ros/matlab_msg_gen/glnxa64/install/include/yolov8_msgs/yolov8_msgs/msg/detail/key_point3_d__struct.h
[17.442s] -- Installing: /home/aiv/YongJun_ws/ros2_ws/src/yolov8_ros/matlab_msg_gen/glnxa64/install/include/yolov8_msgs/yolov8_msgs/msg/detail/bounding_box2_d__type_support.h
[17.442s] -- Installing: /home/aiv/YongJun_ws/ros2_ws/src/yolov8_ros/matlab_msg_gen/glnxa64/install/include/yolov8_msgs/yolov8_msgs/msg/detail/detection_array__functions.c
[17.442s] -- Installing: /home/aiv/YongJun_ws/ros2_ws/src/yolov8_ros/matlab_msg_gen/glnxa64/install/include/yolov8_msgs/yolov8_msgs/msg/detail/detection__functions.c
[17.442s] -- Installing: /home/aiv/YongJun_ws/ros2_ws/src/yolov8_ros/matlab_msg_gen/glnxa64/install/include/yolov8_msgs/yolov8_msgs/msg/detail/key_point2_d_array__struct.h
[17.442s] -- Installing: /home/aiv/YongJun_ws/ros2_ws/src/yolov8_ros/matlab_msg_gen/glnxa64/install/include/yolov8_msgs/yolov8_msgs/msg/detail/key_point2_d__functions.c
[17.442s] -- Installing: /home/aiv/YongJun_ws/ros2_ws/src/yolov8_ros/matlab_msg_gen/glnxa64/install/include/yolov8_msgs/yolov8_msgs/msg/detail/detection__type_support.h
[17.442s] -- Installing: /home/aiv/YongJun_ws/ros2_ws/src/yolov8_ros/matlab_msg_gen/glnxa64/install/include/yolov8_msgs/yolov8_msgs/msg/detail/key_point3_d_array__struct.h
[17.442s] -- Installing: /home/aiv/YongJun_ws/ros2_ws/src/yolov8_ros/matlab_msg_gen/glnxa64/install/include/yolov8_msgs/yolov8_msgs/msg/detail/key_point3_d_array__type_support.h
[17.442s] -- Installing: /home/aiv/YongJun_ws/ros2_ws/src/yolov8_ros/matlab_msg_gen/glnxa64/install/include/yolov8_msgs/yolov8_msgs/msg/detail/point2_d__functions.h
[17.442s] -- Installing: /home/aiv/YongJun_ws/ros2_ws/src/yolov8_ros/matlab_msg_gen/glnxa64/install/include/yolov8_msgs/yolov8_msgs/msg/detail/bounding_box3_d__struct.h
[17.443s] -- Installing: /home/aiv/YongJun_ws/ros2_ws/src/yolov8_ros/matlab_msg_gen/glnxa64/install/include/yolov8_msgs/yolov8_msgs/msg/detail/point2_d__struct.h
[17.443s] -- Installing: /home/aiv/YongJun_ws/ros2_ws/src/yolov8_ros/matlab_msg_gen/glnxa64/install/include/yolov8_msgs/yolov8_msgs/msg/detail/bounding_box3_d__functions.c
[17.443s] -- Installing: /home/aiv/YongJun_ws/ros2_ws/src/yolov8_ros/matlab_msg_gen/glnxa64/install/include/yolov8_msgs/yolov8_msgs/msg/detail/pose2_d__type_support.h
[17.443s] -- Installing: /home/aiv/YongJun_ws/ros2_ws/src/yolov8_ros/matlab_msg_gen/glnxa64/install/include/yolov8_msgs/yolov8_msgs/msg/detail/detection__struct.h
[17.443s] -- Installing: /home/aiv/YongJun_ws/ros2_ws/src/yolov8_ros/matlab_msg_gen/glnxa64/install/include/yolov8_msgs/yolov8_msgs/msg/detail/vector2__struct.h
[17.443s] -- Installing: /home/aiv/YongJun_ws/ros2_ws/src/yolov8_ros/matlab_msg_gen/glnxa64/install/include/yolov8_msgs/yolov8_msgs/msg/detail/point2_d__type_support.h
[17.443s] -- Installing: /home/aiv/YongJun_ws/ros2_ws/src/yolov8_ros/matlab_msg_gen/glnxa64/install/include/yolov8_msgs/yolov8_msgs/msg/detail/detection__functions.h
[17.443s] -- Installing: /home/aiv/YongJun_ws/ros2_ws/src/yolov8_ros/matlab_msg_gen/glnxa64/install/include/yolov8_msgs/yolov8_msgs/msg/detail/key_point3_d_array__functions.c
[17.443s] -- Installing: /home/aiv/YongJun_ws/ros2_ws/src/yolov8_ros/matlab_msg_gen/glnxa64/install/include/yolov8_msgs/yolov8_msgs/msg/detail/key_point2_d__functions.h
[17.443s] -- Installing: /home/aiv/YongJun_ws/ros2_ws/src/yolov8_ros/matlab_msg_gen/glnxa64/install/include/yolov8_msgs/yolov8_msgs/msg/detail/mask__struct.h
[17.444s] -- Installing: /home/aiv/YongJun_ws/ros2_ws/src/yolov8_ros/matlab_msg_gen/glnxa64/install/include/yolov8_msgs/yolov8_msgs/msg/detail/mask__functions.h
[17.444s] -- Installing: /home/aiv/YongJun_ws/ros2_ws/src/yolov8_ros/matlab_msg_gen/glnxa64/install/include/yolov8_msgs/yolov8_msgs/msg/detail/vector2__type_support.h
[17.444s] -- Installing: /home/aiv/YongJun_ws/ros2_ws/src/yolov8_ros/matlab_msg_gen/glnxa64/install/include/yolov8_msgs/yolov8_msgs/msg/detail/detection_array__struct.h
[17.444s] -- Installing: /home/aiv/YongJun_ws/ros2_ws/src/yolov8_ros/matlab_msg_gen/glnxa64/install/include/yolov8_msgs/yolov8_msgs/msg/detail/key_point3_d_array__functions.h
[17.444s] -- Installing: /home/aiv/YongJun_ws/ros2_ws/src/yolov8_ros/matlab_msg_gen/glnxa64/install/include/yolov8_msgs/yolov8_msgs/msg/detail/mask__type_support.h
[17.444s] -- Installing: /home/aiv/YongJun_ws/ros2_ws/src/yolov8_ros/matlab_msg_gen/glnxa64/install/include/yolov8_msgs/yolov8_msgs/msg/detail/key_point3_d__functions.h
[17.444s] -- Installing: /home/aiv/YongJun_ws/ros2_ws/src/yolov8_ros/matlab_msg_gen/glnxa64/install/include/yolov8_msgs/yolov8_msgs/msg/detail/bounding_box3_d__type_support.h
[17.444s] -- Installing: /home/aiv/YongJun_ws/ros2_ws/src/yolov8_ros/matlab_msg_gen/glnxa64/install/include/yolov8_msgs/yolov8_msgs/msg/detail/pose2_d__functions.c
[17.444s] -- Installing: /home/aiv/YongJun_ws/ros2_ws/src/yolov8_ros/matlab_msg_gen/glnxa64/install/include/yolov8_msgs/yolov8_msgs/msg/detail/bounding_box2_d__struct.h
[17.444s] -- Installing: /home/aiv/YongJun_ws/ros2_ws/src/yolov8_ros/matlab_msg_gen/glnxa64/install/include/yolov8_msgs/yolov8_msgs/msg/detail/mask__functions.c
[17.444s] -- Installing: /home/aiv/YongJun_ws/ros2_ws/src/yolov8_ros/matlab_msg_gen/glnxa64/install/include/yolov8_msgs/yolov8_msgs/msg/detail/key_point2_d_array__type_support.h
[17.445s] -- Installing: /home/aiv/YongJun_ws/ros2_ws/src/yolov8_ros/matlab_msg_gen/glnxa64/install/include/yolov8_msgs/yolov8_msgs/msg/detail/pose2_d__functions.h
[17.445s] -- Installing: /home/aiv/YongJun_ws/ros2_ws/src/yolov8_ros/matlab_msg_gen/glnxa64/install/include/yolov8_msgs/yolov8_msgs/msg/detail/vector2__functions.h
[17.445s] -- Installing: /home/aiv/YongJun_ws/ros2_ws/src/yolov8_ros/matlab_msg_gen/glnxa64/install/include/yolov8_msgs/yolov8_msgs/msg/detail/bounding_box2_d__functions.h
[17.445s] -- Installing: /home/aiv/YongJun_ws/ros2_ws/src/yolov8_ros/matlab_msg_gen/glnxa64/install/include/yolov8_msgs/yolov8_msgs/msg/detail/key_point2_d__type_support.h
[17.445s] -- Installing: /home/aiv/YongJun_ws/ros2_ws/src/yolov8_ros/matlab_msg_gen/glnxa64/install/include/yolov8_msgs/yolov8_msgs/msg/detail/key_point3_d__functions.c
[17.445s] -- Installing: /home/aiv/YongJun_ws/ros2_ws/src/yolov8_ros/matlab_msg_gen/glnxa64/install/include/yolov8_msgs/yolov8_msgs/msg/detail/point2_d__functions.c
[17.445s] -- Installing: /home/aiv/YongJun_ws/ros2_ws/src/yolov8_ros/matlab_msg_gen/glnxa64/install/include/yolov8_msgs/yolov8_msgs/msg/detail/detection_array__functions.h
[17.445s] -- Installing: /home/aiv/YongJun_ws/ros2_ws/src/yolov8_ros/matlab_msg_gen/glnxa64/install/include/yolov8_msgs/yolov8_msgs/msg/detail/vector2__functions.c
[17.445s] -- Installing: /home/aiv/YongJun_ws/ros2_ws/src/yolov8_ros/matlab_msg_gen/glnxa64/install/include/yolov8_msgs/yolov8_msgs/msg/detail/key_point2_d_array__functions.c
[17.446s] -- Installing: /home/aiv/YongJun_ws/ros2_ws/src/yolov8_ros/matlab_msg_gen/glnxa64/install/include/yolov8_msgs/yolov8_msgs/msg/detail/key_point2_d_array__functions.h
[17.446s] -- Installing: /home/aiv/YongJun_ws/ros2_ws/src/yolov8_ros/matlab_msg_gen/glnxa64/install/include/yolov8_msgs/yolov8_msgs/msg/detail/key_point3_d__type_support.h
[17.446s] -- Installing: /home/aiv/YongJun_ws/ros2_ws/src/yolov8_ros/matlab_msg_gen/glnxa64/install/include/yolov8_msgs/yolov8_msgs/msg/detail/bounding_box2_d__functions.c
[17.446s] -- Installing: /home/aiv/YongJun_ws/ros2_ws/src/yolov8_ros/matlab_msg_gen/glnxa64/install/include/yolov8_msgs/yolov8_msgs/msg/detail/pose2_d__struct.h
[17.446s] -- Installing: /home/aiv/YongJun_ws/ros2_ws/src/yolov8_ros/matlab_msg_gen/glnxa64/install/include/yolov8_msgs/yolov8_msgs/msg/detail/key_point2_d__struct.h
[17.446s] -- Installing: /home/aiv/YongJun_ws/ros2_ws/src/yolov8_ros/matlab_msg_gen/glnxa64/install/include/yolov8_msgs/yolov8_msgs/msg/detail/detection_array__type_support.h
[17.446s] -- Installing: /home/aiv/YongJun_ws/ros2_ws/src/yolov8_ros/matlab_msg_gen/glnxa64/install/include/yolov8_msgs/yolov8_msgs/msg/detail/bounding_box3_d__functions.h
[17.446s] -- Installing: /home/aiv/YongJun_ws/ros2_ws/src/yolov8_ros/matlab_msg_gen/glnxa64/install/include/yolov8_msgs/yolov8_msgs/msg/bounding_box3_d.h
[17.446s] -- Installing: /home/aiv/YongJun_ws/ros2_ws/src/yolov8_ros/matlab_msg_gen/glnxa64/install/include/yolov8_msgs/yolov8_msgs/msg/key_point3_d.h
[17.446s] -- Installing: /home/aiv/YongJun_ws/ros2_ws/src/yolov8_ros/matlab_msg_gen/glnxa64/install/share/yolov8_msgs/environment/library_path.sh
[17.446s] -- Installing: /home/aiv/YongJun_ws/ros2_ws/src/yolov8_ros/matlab_msg_gen/glnxa64/install/share/yolov8_msgs/environment/library_path.dsv
[17.447s] -- Installing: /home/aiv/YongJun_ws/ros2_ws/src/yolov8_ros/matlab_msg_gen/glnxa64/install/lib/libyolov8_msgs__rosidl_generator_c.so
[17.447s] -- Up-to-date: /home/aiv/YongJun_ws/ros2_ws/src/yolov8_ros/matlab_msg_gen/glnxa64/install/include/yolov8_msgs/yolov8_msgs
[17.447s] -- Up-to-date: /home/aiv/YongJun_ws/ros2_ws/src/yolov8_ros/matlab_msg_gen/glnxa64/install/include/yolov8_msgs/yolov8_msgs/msg
[17.447s] -- Installing: /home/aiv/YongJun_ws/ros2_ws/src/yolov8_ros/matlab_msg_gen/glnxa64/install/include/yolov8_msgs/yolov8_msgs/msg/rosidl_typesupport_fastrtps_c__visibility_control.h
[17.447s] -- Up-to-date: /home/aiv/YongJun_ws/ros2_ws/src/yolov8_ros/matlab_msg_gen/glnxa64/install/include/yolov8_msgs/yolov8_msgs/msg/detail
[17.447s] -- Installing: /home/aiv/YongJun_ws/ros2_ws/src/yolov8_ros/matlab_msg_gen/glnxa64/install/include/yolov8_msgs/yolov8_msgs/msg/detail/key_point2_d_array__rosidl_typesupport_fastrtps_c.h
[17.447s] -- Installing: /home/aiv/YongJun_ws/ros2_ws/src/yolov8_ros/matlab_msg_gen/glnxa64/install/include/yolov8_msgs/yolov8_msgs/msg/detail/vector2__rosidl_typesupport_fastrtps_c.h
[17.447s] -- Installing: /home/aiv/YongJun_ws/ros2_ws/src/yolov8_ros/matlab_msg_gen/glnxa64/install/include/yolov8_msgs/yolov8_msgs/msg/detail/point2_d__rosidl_typesupport_fastrtps_c.h
[17.447s] -- Installing: /home/aiv/YongJun_ws/ros2_ws/src/yolov8_ros/matlab_msg_gen/glnxa64/install/include/yolov8_msgs/yolov8_msgs/msg/detail/pose2_d__rosidl_typesupport_fastrtps_c.h
[17.447s] -- Installing: /home/aiv/YongJun_ws/ros2_ws/src/yolov8_ros/matlab_msg_gen/glnxa64/install/include/yolov8_msgs/yolov8_msgs/msg/detail/mask__rosidl_typesupport_fastrtps_c.h
[17.447s] -- Installing: /home/aiv/YongJun_ws/ros2_ws/src/yolov8_ros/matlab_msg_gen/glnxa64/install/include/yolov8_msgs/yolov8_msgs/msg/detail/detection__rosidl_typesupport_fastrtps_c.h
[17.448s] -- Installing: /home/aiv/YongJun_ws/ros2_ws/src/yolov8_ros/matlab_msg_gen/glnxa64/install/include/yolov8_msgs/yolov8_msgs/msg/detail/bounding_box3_d__rosidl_typesupport_fastrtps_c.h
[17.448s] -- Installing: /home/aiv/YongJun_ws/ros2_ws/src/yolov8_ros/matlab_msg_gen/glnxa64/install/include/yolov8_msgs/yolov8_msgs/msg/detail/detection_array__rosidl_typesupport_fastrtps_c.h
[17.448s] -- Installing: /home/aiv/YongJun_ws/ros2_ws/src/yolov8_ros/matlab_msg_gen/glnxa64/install/include/yolov8_msgs/yolov8_msgs/msg/detail/key_point3_d__rosidl_typesupport_fastrtps_c.h
[17.448s] -- Installing: /home/aiv/YongJun_ws/ros2_ws/src/yolov8_ros/matlab_msg_gen/glnxa64/install/include/yolov8_msgs/yolov8_msgs/msg/detail/key_point3_d_array__rosidl_typesupport_fastrtps_c.h
[17.448s] -- Installing: /home/aiv/YongJun_ws/ros2_ws/src/yolov8_ros/matlab_msg_gen/glnxa64/install/include/yolov8_msgs/yolov8_msgs/msg/detail/bounding_box2_d__rosidl_typesupport_fastrtps_c.h
[17.448s] -- Installing: /home/aiv/YongJun_ws/ros2_ws/src/yolov8_ros/matlab_msg_gen/glnxa64/install/include/yolov8_msgs/yolov8_msgs/msg/detail/key_point2_d__rosidl_typesupport_fastrtps_c.h
[17.448s] -- Installing: /home/aiv/YongJun_ws/ros2_ws/src/yolov8_ros/matlab_msg_gen/glnxa64/install/lib/libyolov8_msgs__rosidl_typesupport_fastrtps_c.so
[17.448s] -- Up-to-date: /home/aiv/YongJun_ws/ros2_ws/src/yolov8_ros/matlab_msg_gen/glnxa64/install/include/yolov8_msgs/yolov8_msgs
[17.448s] -- Up-to-date: /home/aiv/YongJun_ws/ros2_ws/src/yolov8_ros/matlab_msg_gen/glnxa64/install/include/yolov8_msgs/yolov8_msgs/msg
[17.448s] -- Installing: /home/aiv/YongJun_ws/ros2_ws/src/yolov8_ros/matlab_msg_gen/glnxa64/install/include/yolov8_msgs/yolov8_msgs/msg/rosidl_typesupport_introspection_c__visibility_control.h
[17.448s] -- Up-to-date: /home/aiv/YongJun_ws/ros2_ws/src/yolov8_ros/matlab_msg_gen/glnxa64/install/include/yolov8_msgs/yolov8_msgs/msg/detail
[17.449s] -- Installing: /home/aiv/YongJun_ws/ros2_ws/src/yolov8_ros/matlab_msg_gen/glnxa64/install/include/yolov8_msgs/yolov8_msgs/msg/detail/point2_d__rosidl_typesupport_introspection_c.h
[17.449s] -- Installing: /home/aiv/YongJun_ws/ros2_ws/src/yolov8_ros/matlab_msg_gen/glnxa64/install/include/yolov8_msgs/yolov8_msgs/msg/detail/bounding_box2_d__type_support.c
[17.449s] -- Installing: /home/aiv/YongJun_ws/ros2_ws/src/yolov8_ros/matlab_msg_gen/glnxa64/install/include/yolov8_msgs/yolov8_msgs/msg/detail/key_point2_d_array__type_support.c
[17.449s] -- Installing: /home/aiv/YongJun_ws/ros2_ws/src/yolov8_ros/matlab_msg_gen/glnxa64/install/include/yolov8_msgs/yolov8_msgs/msg/detail/detection__type_support.c
[17.449s] -- Installing: /home/aiv/YongJun_ws/ros2_ws/src/yolov8_ros/matlab_msg_gen/glnxa64/install/include/yolov8_msgs/yolov8_msgs/msg/detail/key_point3_d_array__rosidl_typesupport_introspection_c.h
[17.449s] -- Installing: /home/aiv/YongJun_ws/ros2_ws/src/yolov8_ros/matlab_msg_gen/glnxa64/install/include/yolov8_msgs/yolov8_msgs/msg/detail/bounding_box2_d__rosidl_typesupport_introspection_c.h
[17.449s] -- Installing: /home/aiv/YongJun_ws/ros2_ws/src/yolov8_ros/matlab_msg_gen/glnxa64/install/include/yolov8_msgs/yolov8_msgs/msg/detail/pose2_d__rosidl_typesupport_introspection_c.h
[17.449s] -- Installing: /home/aiv/YongJun_ws/ros2_ws/src/yolov8_ros/matlab_msg_gen/glnxa64/install/include/yolov8_msgs/yolov8_msgs/msg/detail/mask__rosidl_typesupport_introspection_c.h
[17.449s] -- Installing: /home/aiv/YongJun_ws/ros2_ws/src/yolov8_ros/matlab_msg_gen/glnxa64/install/include/yolov8_msgs/yolov8_msgs/msg/detail/key_point3_d__type_support.c
[17.449s] -- Installing: /home/aiv/YongJun_ws/ros2_ws/src/yolov8_ros/matlab_msg_gen/glnxa64/install/include/yolov8_msgs/yolov8_msgs/msg/detail/point2_d__type_support.c
[17.449s] -- Installing: /home/aiv/YongJun_ws/ros2_ws/src/yolov8_ros/matlab_msg_gen/glnxa64/install/include/yolov8_msgs/yolov8_msgs/msg/detail/key_point3_d_array__type_support.c
[17.449s] -- Installing: /home/aiv/YongJun_ws/ros2_ws/src/yolov8_ros/matlab_msg_gen/glnxa64/install/include/yolov8_msgs/yolov8_msgs/msg/detail/detection__rosidl_typesupport_introspection_c.h
[17.449s] -- Installing: /home/aiv/YongJun_ws/ros2_ws/src/yolov8_ros/matlab_msg_gen/glnxa64/install/include/yolov8_msgs/yolov8_msgs/msg/detail/detection_array__type_support.c
[17.449s] -- Installing: /home/aiv/YongJun_ws/ros2_ws/src/yolov8_ros/matlab_msg_gen/glnxa64/install/include/yolov8_msgs/yolov8_msgs/msg/detail/key_point2_d__type_support.c
[17.450s] -- Installing: /home/aiv/YongJun_ws/ros2_ws/src/yolov8_ros/matlab_msg_gen/glnxa64/install/include/yolov8_msgs/yolov8_msgs/msg/detail/detection_array__rosidl_typesupport_introspection_c.h
[17.450s] -- Installing: /home/aiv/YongJun_ws/ros2_ws/src/yolov8_ros/matlab_msg_gen/glnxa64/install/include/yolov8_msgs/yolov8_msgs/msg/detail/bounding_box3_d__type_support.c
[17.450s] -- Installing: /home/aiv/YongJun_ws/ros2_ws/src/yolov8_ros/matlab_msg_gen/glnxa64/install/include/yolov8_msgs/yolov8_msgs/msg/detail/vector2__rosidl_typesupport_introspection_c.h
[17.450s] -- Installing: /home/aiv/YongJun_ws/ros2_ws/src/yolov8_ros/matlab_msg_gen/glnxa64/install/include/yolov8_msgs/yolov8_msgs/msg/detail/key_point3_d__rosidl_typesupport_introspection_c.h
[17.450s] -- Installing: /home/aiv/YongJun_ws/ros2_ws/src/yolov8_ros/matlab_msg_gen/glnxa64/install/include/yolov8_msgs/yolov8_msgs/msg/detail/mask__type_support.c
[17.450s] -- Installing: /home/aiv/YongJun_ws/ros2_ws/src/yolov8_ros/matlab_msg_gen/glnxa64/install/include/yolov8_msgs/yolov8_msgs/msg/detail/key_point2_d_array__rosidl_typesupport_introspection_c.h
[17.450s] -- Installing: /home/aiv/YongJun_ws/ros2_ws/src/yolov8_ros/matlab_msg_gen/glnxa64/install/include/yolov8_msgs/yolov8_msgs/msg/detail/pose2_d__type_support.c
[17.450s] -- Installing: /home/aiv/YongJun_ws/ros2_ws/src/yolov8_ros/matlab_msg_gen/glnxa64/install/include/yolov8_msgs/yolov8_msgs/msg/detail/vector2__type_support.c
[17.450s] -- Installing: /home/aiv/YongJun_ws/ros2_ws/src/yolov8_ros/matlab_msg_gen/glnxa64/install/include/yolov8_msgs/yolov8_msgs/msg/detail/key_point2_d__rosidl_typesupport_introspection_c.h
[17.450s] -- Installing: /home/aiv/YongJun_ws/ros2_ws/src/yolov8_ros/matlab_msg_gen/glnxa64/install/include/yolov8_msgs/yolov8_msgs/msg/detail/bounding_box3_d__rosidl_typesupport_introspection_c.h
[17.450s] -- Installing: /home/aiv/YongJun_ws/ros2_ws/src/yolov8_ros/matlab_msg_gen/glnxa64/install/lib/libyolov8_msgs__rosidl_typesupport_introspection_c.so
[17.450s] -- Installing: /home/aiv/YongJun_ws/ros2_ws/src/yolov8_ros/matlab_msg_gen/glnxa64/install/lib/libyolov8_msgs__rosidl_typesupport_c.so
[17.450s] -- Up-to-date: /home/aiv/YongJun_ws/ros2_ws/src/yolov8_ros/matlab_msg_gen/glnxa64/install/include/yolov8_msgs/yolov8_msgs
[17.450s] -- Up-to-date: /home/aiv/YongJun_ws/ros2_ws/src/yolov8_ros/matlab_msg_gen/glnxa64/install/include/yolov8_msgs/yolov8_msgs/msg
[17.450s] -- Installing: /home/aiv/YongJun_ws/ros2_ws/src/yolov8_ros/matlab_msg_gen/glnxa64/install/include/yolov8_msgs/yolov8_msgs/msg/mask.hpp
[17.451s] -- Installing: /home/aiv/YongJun_ws/ros2_ws/src/yolov8_ros/matlab_msg_gen/glnxa64/install/include/yolov8_msgs/yolov8_msgs/msg/detection.hpp
[17.451s] -- Installing: /home/aiv/YongJun_ws/ros2_ws/src/yolov8_ros/matlab_msg_gen/glnxa64/install/include/yolov8_msgs/yolov8_msgs/msg/bounding_box2_d.hpp
[17.451s] -- Installing: /home/aiv/YongJun_ws/ros2_ws/src/yolov8_ros/matlab_msg_gen/glnxa64/install/include/yolov8_msgs/yolov8_msgs/msg/key_point2_d.hpp
[17.451s] -- Installing: /home/aiv/YongJun_ws/ros2_ws/src/yolov8_ros/matlab_msg_gen/glnxa64/install/include/yolov8_msgs/yolov8_msgs/msg/point2_d.hpp
[17.451s] -- Installing: /home/aiv/YongJun_ws/ros2_ws/src/yolov8_ros/matlab_msg_gen/glnxa64/install/include/yolov8_msgs/yolov8_msgs/msg/key_point3_d_array.hpp
[17.451s] -- Installing: /home/aiv/YongJun_ws/ros2_ws/src/yolov8_ros/matlab_msg_gen/glnxa64/install/include/yolov8_msgs/yolov8_msgs/msg/vector2.hpp
[17.451s] -- Installing: /home/aiv/YongJun_ws/ros2_ws/src/yolov8_ros/matlab_msg_gen/glnxa64/install/include/yolov8_msgs/yolov8_msgs/msg/key_point2_d_array.hpp
[17.451s] -- Installing: /home/aiv/YongJun_ws/ros2_ws/src/yolov8_ros/matlab_msg_gen/glnxa64/install/include/yolov8_msgs/yolov8_msgs/msg/key_point3_d.hpp
[17.451s] -- Up-to-date: /home/aiv/YongJun_ws/ros2_ws/src/yolov8_ros/matlab_msg_gen/glnxa64/install/include/yolov8_msgs/yolov8_msgs/msg/detail
[17.451s] -- Installing: /home/aiv/YongJun_ws/ros2_ws/src/yolov8_ros/matlab_msg_gen/glnxa64/install/include/yolov8_msgs/yolov8_msgs/msg/detail/key_point2_d__struct.hpp
[17.451s] -- Installing: /home/aiv/YongJun_ws/ros2_ws/src/yolov8_ros/matlab_msg_gen/glnxa64/install/include/yolov8_msgs/yolov8_msgs/msg/detail/point2_d__builder.hpp
[17.451s] -- Installing: /home/aiv/YongJun_ws/ros2_ws/src/yolov8_ros/matlab_msg_gen/glnxa64/install/include/yolov8_msgs/yolov8_msgs/msg/detail/key_point2_d__traits.hpp
[17.451s] -- Installing: /home/aiv/YongJun_ws/ros2_ws/src/yolov8_ros/matlab_msg_gen/glnxa64/install/include/yolov8_msgs/yolov8_msgs/msg/detail/bounding_box3_d__builder.hpp
[17.452s] -- Installing: /home/aiv/YongJun_ws/ros2_ws/src/yolov8_ros/matlab_msg_gen/glnxa64/install/include/yolov8_msgs/yolov8_msgs/msg/detail/key_point2_d__builder.hpp
[17.452s] -- Installing: /home/aiv/YongJun_ws/ros2_ws/src/yolov8_ros/matlab_msg_gen/glnxa64/install/include/yolov8_msgs/yolov8_msgs/msg/detail/detection__struct.hpp
[17.452s] -- Installing: /home/aiv/YongJun_ws/ros2_ws/src/yolov8_ros/matlab_msg_gen/glnxa64/install/include/yolov8_msgs/yolov8_msgs/msg/detail/mask__builder.hpp
[17.452s] -- Installing: /home/aiv/YongJun_ws/ros2_ws/src/yolov8_ros/matlab_msg_gen/glnxa64/install/include/yolov8_msgs/yolov8_msgs/msg/detail/key_point3_d__traits.hpp
[17.452s] -- Installing: /home/aiv/YongJun_ws/ros2_ws/src/yolov8_ros/matlab_msg_gen/glnxa64/install/include/yolov8_msgs/yolov8_msgs/msg/detail/key_point3_d__builder.hpp
[17.452s] -- Installing: /home/aiv/YongJun_ws/ros2_ws/src/yolov8_ros/matlab_msg_gen/glnxa64/install/include/yolov8_msgs/yolov8_msgs/msg/detail/detection_array__builder.hpp
[17.452s] -- Installing: /home/aiv/YongJun_ws/ros2_ws/src/yolov8_ros/matlab_msg_gen/glnxa64/install/include/yolov8_msgs/yolov8_msgs/msg/detail/key_point3_d_array__traits.hpp
[17.452s] -- Installing: /home/aiv/YongJun_ws/ros2_ws/src/yolov8_ros/matlab_msg_gen/glnxa64/install/include/yolov8_msgs/yolov8_msgs/msg/detail/mask__traits.hpp
[17.452s] -- Installing: /home/aiv/YongJun_ws/ros2_ws/src/yolov8_ros/matlab_msg_gen/glnxa64/install/include/yolov8_msgs/yolov8_msgs/msg/detail/mask__struct.hpp
[17.452s] -- Installing: /home/aiv/YongJun_ws/ros2_ws/src/yolov8_ros/matlab_msg_gen/glnxa64/install/include/yolov8_msgs/yolov8_msgs/msg/detail/bounding_box2_d__struct.hpp
[17.452s] -- Installing: /home/aiv/YongJun_ws/ros2_ws/src/yolov8_ros/matlab_msg_gen/glnxa64/install/include/yolov8_msgs/yolov8_msgs/msg/detail/detection__traits.hpp
[17.452s] -- Installing: /home/aiv/YongJun_ws/ros2_ws/src/yolov8_ros/matlab_msg_gen/glnxa64/install/include/yolov8_msgs/yolov8_msgs/msg/detail/key_point2_d_array__struct.hpp
[17.452s] -- Installing: /home/aiv/YongJun_ws/ros2_ws/src/yolov8_ros/matlab_msg_gen/glnxa64/install/include/yolov8_msgs/yolov8_msgs/msg/detail/pose2_d__struct.hpp
[17.452s] -- Installing: /home/aiv/YongJun_ws/ros2_ws/src/yolov8_ros/matlab_msg_gen/glnxa64/install/include/yolov8_msgs/yolov8_msgs/msg/detail/detection__builder.hpp
[17.452s] -- Installing: /home/aiv/YongJun_ws/ros2_ws/src/yolov8_ros/matlab_msg_gen/glnxa64/install/include/yolov8_msgs/yolov8_msgs/msg/detail/key_point2_d_array__builder.hpp
[17.452s] -- Installing: /home/aiv/YongJun_ws/ros2_ws/src/yolov8_ros/matlab_msg_gen/glnxa64/install/include/yolov8_msgs/yolov8_msgs/msg/detail/point2_d__struct.hpp
[17.452s] -- Installing: /home/aiv/YongJun_ws/ros2_ws/src/yolov8_ros/matlab_msg_gen/glnxa64/install/include/yolov8_msgs/yolov8_msgs/msg/detail/key_point3_d_array__struct.hpp
[17.452s] -- Installing: /home/aiv/YongJun_ws/ros2_ws/src/yolov8_ros/matlab_msg_gen/glnxa64/install/include/yolov8_msgs/yolov8_msgs/msg/detail/detection_array__traits.hpp
[17.452s] -- Installing: /home/aiv/YongJun_ws/ros2_ws/src/yolov8_ros/matlab_msg_gen/glnxa64/install/include/yolov8_msgs/yolov8_msgs/msg/detail/bounding_box3_d__traits.hpp
[17.452s] -- Installing: /home/aiv/YongJun_ws/ros2_ws/src/yolov8_ros/matlab_msg_gen/glnxa64/install/include/yolov8_msgs/yolov8_msgs/msg/detail/key_point3_d_array__builder.hpp
[17.452s] -- Installing: /home/aiv/YongJun_ws/ros2_ws/src/yolov8_ros/matlab_msg_gen/glnxa64/install/include/yolov8_msgs/yolov8_msgs/msg/detail/bounding_box3_d__struct.hpp
[17.452s] -- Installing: /home/aiv/YongJun_ws/ros2_ws/src/yolov8_ros/matlab_msg_gen/glnxa64/install/include/yolov8_msgs/yolov8_msgs/msg/detail/vector2__builder.hpp
[17.452s] -- Installing: /home/aiv/YongJun_ws/ros2_ws/src/yolov8_ros/matlab_msg_gen/glnxa64/install/include/yolov8_msgs/yolov8_msgs/msg/detail/detection_array__struct.hpp
[17.452s] -- Installing: /home/aiv/YongJun_ws/ros2_ws/src/yolov8_ros/matlab_msg_gen/glnxa64/install/include/yolov8_msgs/yolov8_msgs/msg/detail/key_point3_d__struct.hpp
[17.452s] -- Installing: /home/aiv/YongJun_ws/ros2_ws/src/yolov8_ros/matlab_msg_gen/glnxa64/install/include/yolov8_msgs/yolov8_msgs/msg/detail/vector2__traits.hpp
[17.452s] -- Installing: /home/aiv/YongJun_ws/ros2_ws/src/yolov8_ros/matlab_msg_gen/glnxa64/install/include/yolov8_msgs/yolov8_msgs/msg/detail/bounding_box2_d__traits.hpp
[17.452s] -- Installing: /home/aiv/YongJun_ws/ros2_ws/src/yolov8_ros/matlab_msg_gen/glnxa64/install/include/yolov8_msgs/yolov8_msgs/msg/detail/key_point2_d_array__traits.hpp
[17.452s] -- Installing: /home/aiv/YongJun_ws/ros2_ws/src/yolov8_ros/matlab_msg_gen/glnxa64/install/include/yolov8_msgs/yolov8_msgs/msg/detail/point2_d__traits.hpp
[17.452s] -- Installing: /home/aiv/YongJun_ws/ros2_ws/src/yolov8_ros/matlab_msg_gen/glnxa64/install/include/yolov8_msgs/yolov8_msgs/msg/detail/bounding_box2_d__builder.hpp
[17.452s] -- Installing: /home/aiv/YongJun_ws/ros2_ws/src/yolov8_ros/matlab_msg_gen/glnxa64/install/include/yolov8_msgs/yolov8_msgs/msg/detail/pose2_d__traits.hpp
[17.452s] -- Installing: /home/aiv/YongJun_ws/ros2_ws/src/yolov8_ros/matlab_msg_gen/glnxa64/install/include/yolov8_msgs/yolov8_msgs/msg/detail/vector2__struct.hpp
[17.452s] -- Installing: /home/aiv/YongJun_ws/ros2_ws/src/yolov8_ros/matlab_msg_gen/glnxa64/install/include/yolov8_msgs/yolov8_msgs/msg/detail/pose2_d__builder.hpp
[17.452s] -- Installing: /home/aiv/YongJun_ws/ros2_ws/src/yolov8_ros/matlab_msg_gen/glnxa64/install/include/yolov8_msgs/yolov8_msgs/msg/pose2_d.hpp
[17.452s] -- Installing: /home/aiv/YongJun_ws/ros2_ws/src/yolov8_ros/matlab_msg_gen/glnxa64/install/include/yolov8_msgs/yolov8_msgs/msg/bounding_box3_d.hpp
[17.453s] -- Installing: /home/aiv/YongJun_ws/ros2_ws/src/yolov8_ros/matlab_msg_gen/glnxa64/install/include/yolov8_msgs/yolov8_msgs/msg/detection_array.hpp
[17.453s] -- Up-to-date: /home/aiv/YongJun_ws/ros2_ws/src/yolov8_ros/matlab_msg_gen/glnxa64/install/include/yolov8_msgs/yolov8_msgs
[17.453s] -- Up-to-date: /home/aiv/YongJun_ws/ros2_ws/src/yolov8_ros/matlab_msg_gen/glnxa64/install/include/yolov8_msgs/yolov8_msgs/msg
[17.453s] -- Installing: /home/aiv/YongJun_ws/ros2_ws/src/yolov8_ros/matlab_msg_gen/glnxa64/install/include/yolov8_msgs/yolov8_msgs/msg/rosidl_typesupport_fastrtps_cpp__visibility_control.h
[17.453s] -- Up-to-date: /home/aiv/YongJun_ws/ros2_ws/src/yolov8_ros/matlab_msg_gen/glnxa64/install/include/yolov8_msgs/yolov8_msgs/msg/detail
[17.453s] -- Installing: /home/aiv/YongJun_ws/ros2_ws/src/yolov8_ros/matlab_msg_gen/glnxa64/install/include/yolov8_msgs/yolov8_msgs/msg/detail/bounding_box3_d__rosidl_typesupport_fastrtps_cpp.hpp
[17.453s] -- Installing: /home/aiv/YongJun_ws/ros2_ws/src/yolov8_ros/matlab_msg_gen/glnxa64/install/include/yolov8_msgs/yolov8_msgs/msg/detail/detection__rosidl_typesupport_fastrtps_cpp.hpp
[17.453s] -- Installing: /home/aiv/YongJun_ws/ros2_ws/src/yolov8_ros/matlab_msg_gen/glnxa64/install/include/yolov8_msgs/yolov8_msgs/msg/detail/key_point2_d__rosidl_typesupport_fastrtps_cpp.hpp
[17.453s] -- Installing: /home/aiv/YongJun_ws/ros2_ws/src/yolov8_ros/matlab_msg_gen/glnxa64/install/include/yolov8_msgs/yolov8_msgs/msg/detail/dds_fastrtps
[17.453s] -- Installing: /home/aiv/YongJun_ws/ros2_ws/src/yolov8_ros/matlab_msg_gen/glnxa64/install/include/yolov8_msgs/yolov8_msgs/msg/detail/pose2_d__rosidl_typesupport_fastrtps_cpp.hpp
[17.453s] -- Installing: /home/aiv/YongJun_ws/ros2_ws/src/yolov8_ros/matlab_msg_gen/glnxa64/install/include/yolov8_msgs/yolov8_msgs/msg/detail/key_point2_d_array__rosidl_typesupport_fastrtps_cpp.hpp
[17.453s] -- Installing: /home/aiv/YongJun_ws/ros2_ws/src/yolov8_ros/matlab_msg_gen/glnxa64/install/include/yolov8_msgs/yolov8_msgs/msg/detail/mask__rosidl_typesupport_fastrtps_cpp.hpp
[17.453s] -- Installing: /home/aiv/YongJun_ws/ros2_ws/src/yolov8_ros/matlab_msg_gen/glnxa64/install/include/yolov8_msgs/yolov8_msgs/msg/detail/bounding_box2_d__rosidl_typesupport_fastrtps_cpp.hpp
[17.453s] -- Installing: /home/aiv/YongJun_ws/ros2_ws/src/yolov8_ros/matlab_msg_gen/glnxa64/install/include/yolov8_msgs/yolov8_msgs/msg/detail/key_point3_d__rosidl_typesupport_fastrtps_cpp.hpp
[17.453s] -- Installing: /home/aiv/YongJun_ws/ros2_ws/src/yolov8_ros/matlab_msg_gen/glnxa64/install/include/yolov8_msgs/yolov8_msgs/msg/detail/detection_array__rosidl_typesupport_fastrtps_cpp.hpp
[17.453s] -- Installing: /home/aiv/YongJun_ws/ros2_ws/src/yolov8_ros/matlab_msg_gen/glnxa64/install/include/yolov8_msgs/yolov8_msgs/msg/detail/vector2__rosidl_typesupport_fastrtps_cpp.hpp
[17.453s] -- Installing: /home/aiv/YongJun_ws/ros2_ws/src/yolov8_ros/matlab_msg_gen/glnxa64/install/include/yolov8_msgs/yolov8_msgs/msg/detail/key_point3_d_array__rosidl_typesupport_fastrtps_cpp.hpp
[17.453s] -- Installing: /home/aiv/YongJun_ws/ros2_ws/src/yolov8_ros/matlab_msg_gen/glnxa64/install/include/yolov8_msgs/yolov8_msgs/msg/detail/point2_d__rosidl_typesupport_fastrtps_cpp.hpp
[17.453s] -- Installing: /home/aiv/YongJun_ws/ros2_ws/src/yolov8_ros/matlab_msg_gen/glnxa64/install/lib/libyolov8_msgs__rosidl_typesupport_fastrtps_cpp.so
[17.453s] -- Up-to-date: /home/aiv/YongJun_ws/ros2_ws/src/yolov8_ros/matlab_msg_gen/glnxa64/install/include/yolov8_msgs/yolov8_msgs
[17.453s] -- Up-to-date: /home/aiv/YongJun_ws/ros2_ws/src/yolov8_ros/matlab_msg_gen/glnxa64/install/include/yolov8_msgs/yolov8_msgs/msg
[17.453s] -- Up-to-date: /home/aiv/YongJun_ws/ros2_ws/src/yolov8_ros/matlab_msg_gen/glnxa64/install/include/yolov8_msgs/yolov8_msgs/msg/detail
[17.453s] -- Installing: /home/aiv/YongJun_ws/ros2_ws/src/yolov8_ros/matlab_msg_gen/glnxa64/install/include/yolov8_msgs/yolov8_msgs/msg/detail/key_point2_d__rosidl_typesupport_introspection_cpp.hpp
[17.453s] -- Installing: /home/aiv/YongJun_ws/ros2_ws/src/yolov8_ros/matlab_msg_gen/glnxa64/install/include/yolov8_msgs/yolov8_msgs/msg/detail/detection_array__type_support.cpp
[17.453s] -- Installing: /home/aiv/YongJun_ws/ros2_ws/src/yolov8_ros/matlab_msg_gen/glnxa64/install/include/yolov8_msgs/yolov8_msgs/msg/detail/key_point2_d_array__type_support.cpp
[17.453s] -- Installing: /home/aiv/YongJun_ws/ros2_ws/src/yolov8_ros/matlab_msg_gen/glnxa64/install/include/yolov8_msgs/yolov8_msgs/msg/detail/detection_array__rosidl_typesupport_introspection_cpp.hpp
[17.453s] -- Installing: /home/aiv/YongJun_ws/ros2_ws/src/yolov8_ros/matlab_msg_gen/glnxa64/install/include/yolov8_msgs/yolov8_msgs/msg/detail/bounding_box3_d__rosidl_typesupport_introspection_cpp.hpp
[17.453s] -- Installing: /home/aiv/YongJun_ws/ros2_ws/src/yolov8_ros/matlab_msg_gen/glnxa64/install/include/yolov8_msgs/yolov8_msgs/msg/detail/mask__rosidl_typesupport_introspection_cpp.hpp
[17.453s] -- Installing: /home/aiv/YongJun_ws/ros2_ws/src/yolov8_ros/matlab_msg_gen/glnxa64/install/include/yolov8_msgs/yolov8_msgs/msg/detail/point2_d__type_support.cpp
[17.453s] -- Installing: /home/aiv/YongJun_ws/ros2_ws/src/yolov8_ros/matlab_msg_gen/glnxa64/install/include/yolov8_msgs/yolov8_msgs/msg/detail/key_point2_d_array__rosidl_typesupport_introspection_cpp.hpp
[17.453s] -- Installing: /home/aiv/YongJun_ws/ros2_ws/src/yolov8_ros/matlab_msg_gen/glnxa64/install/include/yolov8_msgs/yolov8_msgs/msg/detail/key_point3_d_array__rosidl_typesupport_introspection_cpp.hpp
[17.453s] -- Installing: /home/aiv/YongJun_ws/ros2_ws/src/yolov8_ros/matlab_msg_gen/glnxa64/install/include/yolov8_msgs/yolov8_msgs/msg/detail/mask__type_support.cpp
[17.453s] -- Installing: /home/aiv/YongJun_ws/ros2_ws/src/yolov8_ros/matlab_msg_gen/glnxa64/install/include/yolov8_msgs/yolov8_msgs/msg/detail/pose2_d__type_support.cpp
[17.453s] -- Installing: /home/aiv/YongJun_ws/ros2_ws/src/yolov8_ros/matlab_msg_gen/glnxa64/install/include/yolov8_msgs/yolov8_msgs/msg/detail/bounding_box2_d__rosidl_typesupport_introspection_cpp.hpp
[17.453s] -- Installing: /home/aiv/YongJun_ws/ros2_ws/src/yolov8_ros/matlab_msg_gen/glnxa64/install/include/yolov8_msgs/yolov8_msgs/msg/detail/key_point2_d__type_support.cpp
[17.454s] -- Installing: /home/aiv/YongJun_ws/ros2_ws/src/yolov8_ros/matlab_msg_gen/glnxa64/install/include/yolov8_msgs/yolov8_msgs/msg/detail/point2_d__rosidl_typesupport_introspection_cpp.hpp
[17.454s] -- Installing: /home/aiv/YongJun_ws/ros2_ws/src/yolov8_ros/matlab_msg_gen/glnxa64/install/include/yolov8_msgs/yolov8_msgs/msg/detail/bounding_box2_d__type_support.cpp
[17.454s] -- Installing: /home/aiv/YongJun_ws/ros2_ws/src/yolov8_ros/matlab_msg_gen/glnxa64/install/include/yolov8_msgs/yolov8_msgs/msg/detail/detection__type_support.cpp
[17.454s] -- Installing: /home/aiv/YongJun_ws/ros2_ws/src/yolov8_ros/matlab_msg_gen/glnxa64/install/include/yolov8_msgs/yolov8_msgs/msg/detail/pose2_d__rosidl_typesupport_introspection_cpp.hpp
[17.454s] -- Installing: /home/aiv/YongJun_ws/ros2_ws/src/yolov8_ros/matlab_msg_gen/glnxa64/install/include/yolov8_msgs/yolov8_msgs/msg/detail/key_point3_d_array__type_support.cpp
[17.454s] -- Installing: /home/aiv/YongJun_ws/ros2_ws/src/yolov8_ros/matlab_msg_gen/glnxa64/install/include/yolov8_msgs/yolov8_msgs/msg/detail/vector2__rosidl_typesupport_introspection_cpp.hpp
[17.454s] -- Installing: /home/aiv/YongJun_ws/ros2_ws/src/yolov8_ros/matlab_msg_gen/glnxa64/install/include/yolov8_msgs/yolov8_msgs/msg/detail/vector2__type_support.cpp
[17.454s] -- Installing: /home/aiv/YongJun_ws/ros2_ws/src/yolov8_ros/matlab_msg_gen/glnxa64/install/include/yolov8_msgs/yolov8_msgs/msg/detail/bounding_box3_d__type_support.cpp
[17.454s] -- Installing: /home/aiv/YongJun_ws/ros2_ws/src/yolov8_ros/matlab_msg_gen/glnxa64/install/include/yolov8_msgs/yolov8_msgs/msg/detail/key_point3_d__type_support.cpp
[17.454s] -- Installing: /home/aiv/YongJun_ws/ros2_ws/src/yolov8_ros/matlab_msg_gen/glnxa64/install/include/yolov8_msgs/yolov8_msgs/msg/detail/detection__rosidl_typesupport_introspection_cpp.hpp
[17.454s] -- Installing: /home/aiv/YongJun_ws/ros2_ws/src/yolov8_ros/matlab_msg_gen/glnxa64/install/include/yolov8_msgs/yolov8_msgs/msg/detail/key_point3_d__rosidl_typesupport_introspection_cpp.hpp
[17.454s] -- Installing: /home/aiv/YongJun_ws/ros2_ws/src/yolov8_ros/matlab_msg_gen/glnxa64/install/lib/libyolov8_msgs__rosidl_typesupport_introspection_cpp.so
[17.454s] -- Installing: /home/aiv/YongJun_ws/ros2_ws/src/yolov8_ros/matlab_msg_gen/glnxa64/install/lib/libyolov8_msgs__rosidl_typesupport_cpp.so
[17.454s] -- Installing: /home/aiv/YongJun_ws/ros2_ws/src/yolov8_ros/matlab_msg_gen/glnxa64/install/share/yolov8_msgs/msg/BoundingBox2D.idl
[17.454s] -- Installing: /home/aiv/YongJun_ws/ros2_ws/src/yolov8_ros/matlab_msg_gen/glnxa64/install/share/yolov8_msgs/msg/BoundingBox3D.idl
[17.454s] -- Installing: /home/aiv/YongJun_ws/ros2_ws/src/yolov8_ros/matlab_msg_gen/glnxa64/install/share/yolov8_msgs/msg/Detection.idl
[17.454s] -- Installing: /home/aiv/YongJun_ws/ros2_ws/src/yolov8_ros/matlab_msg_gen/glnxa64/install/share/yolov8_msgs/msg/DetectionArray.idl
[17.454s] -- Installing: /home/aiv/YongJun_ws/ros2_ws/src/yolov8_ros/matlab_msg_gen/glnxa64/install/share/yolov8_msgs/msg/KeyPoint2D.idl
[17.454s] -- Installing: /home/aiv/YongJun_ws/ros2_ws/src/yolov8_ros/matlab_msg_gen/glnxa64/install/share/yolov8_msgs/msg/KeyPoint2DArray.idl
[17.454s] -- Installing: /home/aiv/YongJun_ws/ros2_ws/src/yolov8_ros/matlab_msg_gen/glnxa64/install/share/yolov8_msgs/msg/KeyPoint3D.idl
[17.454s] -- Installing: /home/aiv/YongJun_ws/ros2_ws/src/yolov8_ros/matlab_msg_gen/glnxa64/install/share/yolov8_msgs/msg/KeyPoint3DArray.idl
[17.454s] -- Installing: /home/aiv/YongJun_ws/ros2_ws/src/yolov8_ros/matlab_msg_gen/glnxa64/install/share/yolov8_msgs/msg/Mask.idl
[17.454s] -- Installing: /home/aiv/YongJun_ws/ros2_ws/src/yolov8_ros/matlab_msg_gen/glnxa64/install/share/yolov8_msgs/msg/Point2D.idl
[17.454s] -- Installing: /home/aiv/YongJun_ws/ros2_ws/src/yolov8_ros/matlab_msg_gen/glnxa64/install/share/yolov8_msgs/msg/Pose2D.idl
[17.454s] -- Installing: /home/aiv/YongJun_ws/ros2_ws/src/yolov8_ros/matlab_msg_gen/glnxa64/install/share/yolov8_msgs/msg/Vector2.idl
[17.454s] -- Installing: /home/aiv/YongJun_ws/ros2_ws/src/yolov8_ros/matlab_msg_gen/glnxa64/install/share/yolov8_msgs/msg/BoundingBox2D.msg
[17.454s] -- Installing: /home/aiv/YongJun_ws/ros2_ws/src/yolov8_ros/matlab_msg_gen/glnxa64/install/share/yolov8_msgs/msg/BoundingBox3D.msg
[17.454s] -- Installing: /home/aiv/YongJun_ws/ros2_ws/src/yolov8_ros/matlab_msg_gen/glnxa64/install/share/yolov8_msgs/msg/Detection.msg
[17.454s] -- Installing: /home/aiv/YongJun_ws/ros2_ws/src/yolov8_ros/matlab_msg_gen/glnxa64/install/share/yolov8_msgs/msg/DetectionArray.msg
[17.454s] -- Installing: /home/aiv/YongJun_ws/ros2_ws/src/yolov8_ros/matlab_msg_gen/glnxa64/install/share/yolov8_msgs/msg/KeyPoint2D.msg
[17.454s] -- Installing: /home/aiv/YongJun_ws/ros2_ws/src/yolov8_ros/matlab_msg_gen/glnxa64/install/share/yolov8_msgs/msg/KeyPoint2DArray.msg
[17.454s] -- Installing: /home/aiv/YongJun_ws/ros2_ws/src/yolov8_ros/matlab_msg_gen/glnxa64/install/share/yolov8_msgs/msg/KeyPoint3D.msg
[17.454s] -- Installing: /home/aiv/YongJun_ws/ros2_ws/src/yolov8_ros/matlab_msg_gen/glnxa64/install/share/yolov8_msgs/msg/KeyPoint3DArray.msg
[17.454s] -- Installing: /home/aiv/YongJun_ws/ros2_ws/src/yolov8_ros/matlab_msg_gen/glnxa64/install/share/yolov8_msgs/msg/Mask.msg
[17.454s] -- Installing: /home/aiv/YongJun_ws/ros2_ws/src/yolov8_ros/matlab_msg_gen/glnxa64/install/share/yolov8_msgs/msg/Point2D.msg
[17.455s] -- Installing: /home/aiv/YongJun_ws/ros2_ws/src/yolov8_ros/matlab_msg_gen/glnxa64/install/share/yolov8_msgs/msg/Pose2D.msg
[17.455s] -- Installing: /home/aiv/YongJun_ws/ros2_ws/src/yolov8_ros/matlab_msg_gen/glnxa64/install/share/yolov8_msgs/msg/Vector2.msg
[17.455s] -- Up-to-date: /home/aiv/YongJun_ws/ros2_ws/src/yolov8_ros/matlab_msg_gen/glnxa64/install/include
[17.455s] -- Up-to-date: /home/aiv/YongJun_ws/ros2_ws/src/yolov8_ros/matlab_msg_gen/glnxa64/install/include/yolov8_msgs
[17.455s] -- Installing: /home/aiv/YongJun_ws/ros2_ws/src/yolov8_ros/matlab_msg_gen/glnxa64/install/include/yolov8_msgs/visibility_control.h
[17.455s] -- Installing: /home/aiv/YongJun_ws/ros2_ws/src/yolov8_ros/matlab_msg_gen/glnxa64/install/lib/libyolov8_msgs_matlab.so
[17.474s] -- Installing: /home/aiv/YongJun_ws/ros2_ws/src/yolov8_ros/matlab_msg_gen/glnxa64/install/m/
[17.474s] -- Installing: /home/aiv/YongJun_ws/ros2_ws/src/yolov8_ros/matlab_msg_gen/glnxa64/install/m//+ros
[17.474s] -- Installing: /home/aiv/YongJun_ws/ros2_ws/src/yolov8_ros/matlab_msg_gen/glnxa64/install/m//+ros/+internal
[17.474s] -- Installing: /home/aiv/YongJun_ws/ros2_ws/src/yolov8_ros/matlab_msg_gen/glnxa64/install/m//+ros/+internal/+ros2
[17.474s] -- Installing: /home/aiv/YongJun_ws/ros2_ws/src/yolov8_ros/matlab_msg_gen/glnxa64/install/m//+ros/+internal/+ros2/+custommessages
[17.474s] -- Installing: /home/aiv/YongJun_ws/ros2_ws/src/yolov8_ros/matlab_msg_gen/glnxa64/install/m//+ros/+internal/+ros2/+custommessages/+yolov8_msgs
[17.474s] -- Installing: /home/aiv/YongJun_ws/ros2_ws/src/yolov8_ros/matlab_msg_gen/glnxa64/install/m//+ros/+internal/+ros2/+custommessages/+yolov8_msgs/mask.m
[17.474s] -- Installing: /home/aiv/YongJun_ws/ros2_ws/src/yolov8_ros/matlab_msg_gen/glnxa64/install/m//+ros/+internal/+ros2/+custommessages/+yolov8_msgs/vector2.m
[17.475s] -- Installing: /home/aiv/YongJun_ws/ros2_ws/src/yolov8_ros/matlab_msg_gen/glnxa64/install/m//+ros/+internal/+ros2/+custommessages/+yolov8_msgs/keyPoint3D.m
[17.475s] -- Installing: /home/aiv/YongJun_ws/ros2_ws/src/yolov8_ros/matlab_msg_gen/glnxa64/install/m//+ros/+internal/+ros2/+custommessages/+yolov8_msgs/boundingBox2D.m
[17.475s] -- Installing: /home/aiv/YongJun_ws/ros2_ws/src/yolov8_ros/matlab_msg_gen/glnxa64/install/m//+ros/+internal/+ros2/+custommessages/+yolov8_msgs/pose2D.m
[17.475s] -- Installing: /home/aiv/YongJun_ws/ros2_ws/src/yolov8_ros/matlab_msg_gen/glnxa64/install/m//+ros/+internal/+ros2/+custommessages/+yolov8_msgs/detection.m
[17.475s] -- Installing: /home/aiv/YongJun_ws/ros2_ws/src/yolov8_ros/matlab_msg_gen/glnxa64/install/m//+ros/+internal/+ros2/+custommessages/+yolov8_msgs/keyPoint2D.m
[17.475s] -- Installing: /home/aiv/YongJun_ws/ros2_ws/src/yolov8_ros/matlab_msg_gen/glnxa64/install/m//+ros/+internal/+ros2/+custommessages/+yolov8_msgs/keyPoint2DArray.m
[17.475s] -- Installing: /home/aiv/YongJun_ws/ros2_ws/src/yolov8_ros/matlab_msg_gen/glnxa64/install/m//+ros/+internal/+ros2/+custommessages/+yolov8_msgs/detectionArray.m
[17.475s] -- Installing: /home/aiv/YongJun_ws/ros2_ws/src/yolov8_ros/matlab_msg_gen/glnxa64/install/m//+ros/+internal/+ros2/+custommessages/+yolov8_msgs/point2D.m
[17.475s] -- Installing: /home/aiv/YongJun_ws/ros2_ws/src/yolov8_ros/matlab_msg_gen/glnxa64/install/m//+ros/+internal/+ros2/+custommessages/+yolov8_msgs/boundingBox3D.m
[17.475s] -- Installing: /home/aiv/YongJun_ws/ros2_ws/src/yolov8_ros/matlab_msg_gen/glnxa64/install/m//+ros/+internal/+ros2/+custommessages/+yolov8_msgs/keyPoint3DArray.m
[17.475s] -- Installing: /home/aiv/YongJun_ws/ros2_ws/src/yolov8_ros/matlab_msg_gen/glnxa64/install/share/ament_index/resource_index/package_run_dependencies/yolov8_msgs
[17.475s] -- Installing: /home/aiv/YongJun_ws/ros2_ws/src/yolov8_ros/matlab_msg_gen/glnxa64/install/share/ament_index/resource_index/parent_prefix_path/yolov8_msgs
[17.475s] -- Installing: /home/aiv/YongJun_ws/ros2_ws/src/yolov8_ros/matlab_msg_gen/glnxa64/install/share/yolov8_msgs/environment/ament_prefix_path.sh
[17.475s] -- Installing: /home/aiv/YongJun_ws/ros2_ws/src/yolov8_ros/matlab_msg_gen/glnxa64/install/share/yolov8_msgs/environment/ament_prefix_path.dsv
[17.475s] -- Installing: /home/aiv/YongJun_ws/ros2_ws/src/yolov8_ros/matlab_msg_gen/glnxa64/install/share/yolov8_msgs/environment/path.sh
[17.475s] -- Installing: /home/aiv/YongJun_ws/ros2_ws/src/yolov8_ros/matlab_msg_gen/glnxa64/install/share/yolov8_msgs/environment/path.dsv
[17.475s] -- Installing: /home/aiv/YongJun_ws/ros2_ws/src/yolov8_ros/matlab_msg_gen/glnxa64/install/share/yolov8_msgs/local_setup.bash
[17.475s] -- Installing: /home/aiv/YongJun_ws/ros2_ws/src/yolov8_ros/matlab_msg_gen/glnxa64/install/share/yolov8_msgs/local_setup.sh
[17.475s] -- Installing: /home/aiv/YongJun_ws/ros2_ws/src/yolov8_ros/matlab_msg_gen/glnxa64/install/share/yolov8_msgs/local_setup.zsh
[17.475s] -- Installing: /home/aiv/YongJun_ws/ros2_ws/src/yolov8_ros/matlab_msg_gen/glnxa64/install/share/yolov8_msgs/local_setup.dsv
[17.475s] -- Installing: /home/aiv/YongJun_ws/ros2_ws/src/yolov8_ros/matlab_msg_gen/glnxa64/install/share/yolov8_msgs/package.dsv
[17.475s] -- Installing: /home/aiv/YongJun_ws/ros2_ws/src/yolov8_ros/matlab_msg_gen/glnxa64/install/share/ament_index/resource_index/packages/yolov8_msgs
[17.475s] -- Installing: /home/aiv/YongJun_ws/ros2_ws/src/yolov8_ros/matlab_msg_gen/glnxa64/install/share/yolov8_msgs/cmake/export_yolov8_msgs__rosidl_generator_cExport.cmake
[17.475s] -- Installing: /home/aiv/YongJun_ws/ros2_ws/src/yolov8_ros/matlab_msg_gen/glnxa64/install/share/yolov8_msgs/cmake/export_yolov8_msgs__rosidl_generator_cExport-release.cmake
[17.475s] -- Installing: /home/aiv/YongJun_ws/ros2_ws/src/yolov8_ros/matlab_msg_gen/glnxa64/install/share/yolov8_msgs/cmake/export_yolov8_msgs__rosidl_typesupport_fastrtps_cExport.cmake
[17.475s] -- Installing: /home/aiv/YongJun_ws/ros2_ws/src/yolov8_ros/matlab_msg_gen/glnxa64/install/share/yolov8_msgs/cmake/export_yolov8_msgs__rosidl_typesupport_fastrtps_cExport-release.cmake
[17.476s] -- Installing: /home/aiv/YongJun_ws/ros2_ws/src/yolov8_ros/matlab_msg_gen/glnxa64/install/share/yolov8_msgs/cmake/yolov8_msgs__rosidl_typesupport_introspection_cExport.cmake
[17.476s] -- Installing: /home/aiv/YongJun_ws/ros2_ws/src/yolov8_ros/matlab_msg_gen/glnxa64/install/share/yolov8_msgs/cmake/yolov8_msgs__rosidl_typesupport_introspection_cExport-release.cmake
[17.476s] -- Installing: /home/aiv/YongJun_ws/ros2_ws/src/yolov8_ros/matlab_msg_gen/glnxa64/install/share/yolov8_msgs/cmake/yolov8_msgs__rosidl_typesupport_cExport.cmake
[17.476s] -- Installing: /home/aiv/YongJun_ws/ros2_ws/src/yolov8_ros/matlab_msg_gen/glnxa64/install/share/yolov8_msgs/cmake/yolov8_msgs__rosidl_typesupport_cExport-release.cmake
[17.476s] -- Installing: /home/aiv/YongJun_ws/ros2_ws/src/yolov8_ros/matlab_msg_gen/glnxa64/install/share/yolov8_msgs/cmake/export_yolov8_msgs__rosidl_generator_cppExport.cmake
[17.476s] -- Installing: /home/aiv/YongJun_ws/ros2_ws/src/yolov8_ros/matlab_msg_gen/glnxa64/install/share/yolov8_msgs/cmake/export_yolov8_msgs__rosidl_typesupport_fastrtps_cppExport.cmake
[17.476s] -- Installing: /home/aiv/YongJun_ws/ros2_ws/src/yolov8_ros/matlab_msg_gen/glnxa64/install/share/yolov8_msgs/cmake/export_yolov8_msgs__rosidl_typesupport_fastrtps_cppExport-release.cmake
[17.476s] -- Installing: /home/aiv/YongJun_ws/ros2_ws/src/yolov8_ros/matlab_msg_gen/glnxa64/install/share/yolov8_msgs/cmake/yolov8_msgs__rosidl_typesupport_introspection_cppExport.cmake
[17.476s] -- Installing: /home/aiv/YongJun_ws/ros2_ws/src/yolov8_ros/matlab_msg_gen/glnxa64/install/share/yolov8_msgs/cmake/yolov8_msgs__rosidl_typesupport_introspection_cppExport-release.cmake
[17.476s] -- Installing: /home/aiv/YongJun_ws/ros2_ws/src/yolov8_ros/matlab_msg_gen/glnxa64/install/share/yolov8_msgs/cmake/yolov8_msgs__rosidl_typesupport_cppExport.cmake
[17.476s] -- Installing: /home/aiv/YongJun_ws/ros2_ws/src/yolov8_ros/matlab_msg_gen/glnxa64/install/share/yolov8_msgs/cmake/yolov8_msgs__rosidl_typesupport_cppExport-release.cmake
[17.476s] -- Installing: /home/aiv/YongJun_ws/ros2_ws/src/yolov8_ros/matlab_msg_gen/glnxa64/install/share/yolov8_msgs/cmake/rosidl_cmake-extras.cmake
[17.476s] -- Installing: /home/aiv/YongJun_ws/ros2_ws/src/yolov8_ros/matlab_msg_gen/glnxa64/install/share/yolov8_msgs/cmake/ament_cmake_export_dependencies-extras.cmake
[17.476s] -- Installing: /home/aiv/YongJun_ws/ros2_ws/src/yolov8_ros/matlab_msg_gen/glnxa64/install/share/yolov8_msgs/cmake/ament_cmake_export_include_directories-extras.cmake
[17.476s] -- Installing: /home/aiv/YongJun_ws/ros2_ws/src/yolov8_ros/matlab_msg_gen/glnxa64/install/share/yolov8_msgs/cmake/ament_cmake_export_libraries-extras.cmake
[17.476s] -- Installing: /home/aiv/YongJun_ws/ros2_ws/src/yolov8_ros/matlab_msg_gen/glnxa64/install/share/yolov8_msgs/cmake/ament_cmake_export_targets-extras.cmake
[17.476s] -- Installing: /home/aiv/YongJun_ws/ros2_ws/src/yolov8_ros/matlab_msg_gen/glnxa64/install/share/yolov8_msgs/cmake/rosidl_cmake_export_typesupport_targets-extras.cmake
[17.476s] -- Installing: /home/aiv/YongJun_ws/ros2_ws/src/yolov8_ros/matlab_msg_gen/glnxa64/install/share/yolov8_msgs/cmake/rosidl_cmake_export_typesupport_libraries-extras.cmake
[17.476s] -- Installing: /home/aiv/YongJun_ws/ros2_ws/src/yolov8_ros/matlab_msg_gen/glnxa64/install/share/yolov8_msgs/cmake/yolov8_msgsConfig.cmake
[17.477s] -- Installing: /home/aiv/YongJun_ws/ros2_ws/src/yolov8_ros/matlab_msg_gen/glnxa64/install/share/yolov8_msgs/cmake/yolov8_msgsConfig-version.cmake
[17.477s] -- Installing: /home/aiv/YongJun_ws/ros2_ws/src/yolov8_ros/matlab_msg_gen/glnxa64/install/share/yolov8_msgs/package.xml
[17.478s] Invoked command in '/home/aiv/YongJun_ws/ros2_ws/src/yolov8_ros/matlab_msg_gen/glnxa64/build/yolov8_msgs' returned '0': PS1=(venv) VIRTUAL_ENV_PROMPT=(venv) /usr/local/MATLAB/R2024a/bin/glnxa64/cmake/bin/cmake --install /home/aiv/YongJun_ws/ros2_ws/src/yolov8_ros/matlab_msg_gen/glnxa64/build/yolov8_msgs
