[0.007s] Invoking command in '/home/aiv/YongJun_ws/build/yolov8_bringup': CMAKE_PREFIX_PATH=${CMAKE_PREFIX_PATH}:/home/aiv/YongJun_ws/install/yolov8_ros:/opt/ros/foxy PYTHONPATH=/home/aiv/YongJun_ws/build/yolov8_ros:/home/aiv/YongJun_ws/install/yolov8_ros/lib/python3.8/site-packages:/home/yong/YongJun_ws/build/yolov8_ros:/home/aiv/YongJun_ws/install/yolov8_msgs/lib/python3.8/site-packages:/home/aiv/YongJun_ws/install/vision_msgs/lib/python3.8/site-packages:/opt/ros/foxy/lib/python3.8/site-packages /usr/bin/cmake --build /home/aiv/YongJun_ws/build/yolov8_bringup -- -j32 -l32
[0.029s] Invoked command in '/home/aiv/YongJun_ws/build/yolov8_bringup' returned '0': CMAKE_PREFIX_PATH=${CMAKE_PREFIX_PATH}:/home/aiv/YongJun_ws/install/yolov8_ros:/opt/ros/foxy PYTHONPATH=/home/aiv/YongJun_ws/build/yolov8_ros:/home/aiv/YongJun_ws/install/yolov8_ros/lib/python3.8/site-packages:/home/yong/YongJun_ws/build/yolov8_ros:/home/aiv/YongJun_ws/install/yolov8_msgs/lib/python3.8/site-packages:/home/aiv/YongJun_ws/install/vision_msgs/lib/python3.8/site-packages:/opt/ros/foxy/lib/python3.8/site-packages /usr/bin/cmake --build /home/aiv/YongJun_ws/build/yolov8_bringup -- -j32 -l32
[0.041s] Invoking command in '/home/aiv/YongJun_ws/build/yolov8_bringup': CMAKE_PREFIX_PATH=${CMAKE_PREFIX_PATH}:/home/aiv/YongJun_ws/install/yolov8_ros:/opt/ros/foxy PYTHONPATH=/home/aiv/YongJun_ws/build/yolov8_ros:/home/aiv/YongJun_ws/install/yolov8_ros/lib/python3.8/site-packages:/home/yong/YongJun_ws/build/yolov8_ros:/home/aiv/YongJun_ws/install/yolov8_msgs/lib/python3.8/site-packages:/home/aiv/YongJun_ws/install/vision_msgs/lib/python3.8/site-packages:/opt/ros/foxy/lib/python3.8/site-packages /usr/bin/cmake --install /home/aiv/YongJun_ws/build/yolov8_bringup
[0.045s] -- Install configuration: ""
[0.045s] -- Execute custom install script
[0.046s] -- Up-to-date symlink: /home/aiv/YongJun_ws/install/yolov8_bringup/share/yolov8_bringup//launch/yolov8.launch.py
[0.046s] -- Up-to-date symlink: /home/aiv/YongJun_ws/install/yolov8_bringup/share/yolov8_bringup//launch/yolov8_3d.launch.py
[0.046s] -- Up-to-date symlink: /home/aiv/YongJun_ws/install/yolov8_bringup/share/yolov8_bringup//launch/yolov9.launch.py
[0.046s] -- Up-to-date symlink: /home/aiv/YongJun_ws/install/yolov8_bringup/share/ament_index/resource_index/package_run_dependencies/yolov8_bringup
[0.046s] -- Up-to-date symlink: /home/aiv/YongJun_ws/install/yolov8_bringup/share/ament_index/resource_index/parent_prefix_path/yolov8_bringup
[0.046s] -- Up-to-date symlink: /home/aiv/YongJun_ws/install/yolov8_bringup/share/yolov8_bringup/environment/ament_prefix_path.sh
[0.046s] -- Up-to-date symlink: /home/aiv/YongJun_ws/install/yolov8_bringup/share/yolov8_bringup/environment/ament_prefix_path.dsv
[0.046s] -- Up-to-date symlink: /home/aiv/YongJun_ws/install/yolov8_bringup/share/yolov8_bringup/environment/path.sh
[0.047s] -- Up-to-date symlink: /home/aiv/YongJun_ws/install/yolov8_bringup/share/yolov8_bringup/environment/path.dsv
[0.047s] -- Up-to-date symlink: /home/aiv/YongJun_ws/install/yolov8_bringup/share/yolov8_bringup/local_setup.bash
[0.047s] -- Up-to-date symlink: /home/aiv/YongJun_ws/install/yolov8_bringup/share/yolov8_bringup/local_setup.sh
[0.047s] -- Up-to-date symlink: /home/aiv/YongJun_ws/install/yolov8_bringup/share/yolov8_bringup/local_setup.zsh
[0.047s] -- Up-to-date symlink: /home/aiv/YongJun_ws/install/yolov8_bringup/share/yolov8_bringup/local_setup.dsv
[0.047s] -- Symlinking: /home/aiv/YongJun_ws/install/yolov8_bringup/share/yolov8_bringup/package.dsv
[0.052s] -- Up-to-date symlink: /home/aiv/YongJun_ws/install/yolov8_bringup/share/ament_index/resource_index/packages/yolov8_bringup
[0.052s] -- Up-to-date symlink: /home/aiv/YongJun_ws/install/yolov8_bringup/share/yolov8_bringup/cmake/yolov8_bringupConfig.cmake
[0.052s] -- Up-to-date symlink: /home/aiv/YongJun_ws/install/yolov8_bringup/share/yolov8_bringup/cmake/yolov8_bringupConfig-version.cmake
[0.053s] -- Up-to-date symlink: /home/aiv/YongJun_ws/install/yolov8_bringup/share/yolov8_bringup/package.xml
[0.054s] Invoked command in '/home/aiv/YongJun_ws/build/yolov8_bringup' returned '0': CMAKE_PREFIX_PATH=${CMAKE_PREFIX_PATH}:/home/aiv/YongJun_ws/install/yolov8_ros:/opt/ros/foxy PYTHONPATH=/home/aiv/YongJun_ws/build/yolov8_ros:/home/aiv/YongJun_ws/install/yolov8_ros/lib/python3.8/site-packages:/home/yong/YongJun_ws/build/yolov8_ros:/home/aiv/YongJun_ws/install/yolov8_msgs/lib/python3.8/site-packages:/home/aiv/YongJun_ws/install/vision_msgs/lib/python3.8/site-packages:/opt/ros/foxy/lib/python3.8/site-packages /usr/bin/cmake --install /home/aiv/YongJun_ws/build/yolov8_bringup
