[0.018s] Invoking command in '/home/aiv/YongJun_ws/ros2_ws/build/zed_rgb_convert': AMENT_PREFIX_PATH=/home/aiv/YongJun_ws/ros2_ws/install/zed_components:/home/aiv/YongJun_ws/ros2_ws/install/zed_interfaces:${AMENT_PREFIX_PATH} CMAKE_PREFIX_PATH=/home/aiv/YongJun_ws/ros2_ws/install/zed_components:/home/aiv/YongJun_ws/ros2_ws/install/zed_interfaces:/opt/ros/foxy LD_LIBRARY_PATH=/home/aiv/YongJun_ws/ros2_ws/install/zed_components/lib:/home/aiv/YongJun_ws/ros2_ws/install/zed_interfaces/lib:/opt/ros/foxy/opt/yaml_cpp_vendor/lib:/opt/ros/foxy/opt/rviz_ogre_vendor/lib:/opt/ros/foxy/lib/x86_64-linux-gnu:/opt/ros/foxy/lib:/usr/local/cuda/lib64 PYTHONPATH=/home/aiv/YongJun_ws/ros2_ws/install/zed_interfaces/lib/python3.8/site-packages:${PYTHONPATH} /usr/bin/cmake --build /home/aiv/YongJun_ws/ros2_ws/build/zed_rgb_convert -- -j32 -l32
[0.058s] [ 50%] Built target zed_rgb_convert_component
[0.086s] [100%] Built target zed_rgb_convert
[0.097s] Invoked command in '/home/aiv/YongJun_ws/ros2_ws/build/zed_rgb_convert' returned '0': AMENT_PREFIX_PATH=/home/aiv/YongJun_ws/ros2_ws/install/zed_components:/home/aiv/YongJun_ws/ros2_ws/install/zed_interfaces:${AMENT_PREFIX_PATH} CMAKE_PREFIX_PATH=/home/aiv/YongJun_ws/ros2_ws/install/zed_components:/home/aiv/YongJun_ws/ros2_ws/install/zed_interfaces:/opt/ros/foxy LD_LIBRARY_PATH=/home/aiv/YongJun_ws/ros2_ws/install/zed_components/lib:/home/aiv/YongJun_ws/ros2_ws/install/zed_interfaces/lib:/opt/ros/foxy/opt/yaml_cpp_vendor/lib:/opt/ros/foxy/opt/rviz_ogre_vendor/lib:/opt/ros/foxy/lib/x86_64-linux-gnu:/opt/ros/foxy/lib:/usr/local/cuda/lib64 PYTHONPATH=/home/aiv/YongJun_ws/ros2_ws/install/zed_interfaces/lib/python3.8/site-packages:${PYTHONPATH} /usr/bin/cmake --build /home/aiv/YongJun_ws/ros2_ws/build/zed_rgb_convert -- -j32 -l32
[0.133s] Invoking command in '/home/aiv/YongJun_ws/ros2_ws/build/zed_rgb_convert': AMENT_PREFIX_PATH=/home/aiv/YongJun_ws/ros2_ws/install/zed_components:/home/aiv/YongJun_ws/ros2_ws/install/zed_interfaces:${AMENT_PREFIX_PATH} CMAKE_PREFIX_PATH=/home/aiv/YongJun_ws/ros2_ws/install/zed_components:/home/aiv/YongJun_ws/ros2_ws/install/zed_interfaces:/opt/ros/foxy LD_LIBRARY_PATH=/home/aiv/YongJun_ws/ros2_ws/install/zed_components/lib:/home/aiv/YongJun_ws/ros2_ws/install/zed_interfaces/lib:/opt/ros/foxy/opt/yaml_cpp_vendor/lib:/opt/ros/foxy/opt/rviz_ogre_vendor/lib:/opt/ros/foxy/lib/x86_64-linux-gnu:/opt/ros/foxy/lib:/usr/local/cuda/lib64 PYTHONPATH=/home/aiv/YongJun_ws/ros2_ws/install/zed_interfaces/lib/python3.8/site-packages:${PYTHONPATH} /usr/bin/cmake --install /home/aiv/YongJun_ws/ros2_ws/build/zed_rgb_convert
[0.139s] -- Install configuration: "Release"
[0.139s] -- Up-to-date: /home/aiv/YongJun_ws/ros2_ws/install/zed_rgb_convert/lib/zed_rgb_convert/zed_rgb_convert
[0.139s] -- Up-to-date: /home/aiv/YongJun_ws/ros2_ws/install/zed_rgb_convert/lib/libzed_rgb_convert_component.so
[0.143s] -- Up-to-date: /home/aiv/YongJun_ws/ros2_ws/install/zed_rgb_convert/include/zed_rgb_convert/
[0.143s] -- Up-to-date: /home/aiv/YongJun_ws/ros2_ws/install/zed_rgb_convert/include/zed_rgb_convert//cvt_visibility_control.hpp
[0.144s] -- Up-to-date: /home/aiv/YongJun_ws/ros2_ws/install/zed_rgb_convert/share/zed_rgb_convert/launch
[0.144s] -- Up-to-date: /home/aiv/YongJun_ws/ros2_ws/install/zed_rgb_convert/share/zed_rgb_convert/launch/zed_rgb_convert.launch.py
[0.144s] -- Up-to-date: /home/aiv/YongJun_ws/ros2_ws/install/zed_rgb_convert/share/zed_rgb_convert/environment/library_path.sh
[0.144s] -- Up-to-date: /home/aiv/YongJun_ws/ros2_ws/install/zed_rgb_convert/share/zed_rgb_convert/environment/library_path.dsv
[0.146s] -- Up-to-date: /home/aiv/YongJun_ws/ros2_ws/install/zed_rgb_convert/share/ament_index/resource_index/package_run_dependencies/zed_rgb_convert
[0.146s] -- Up-to-date: /home/aiv/YongJun_ws/ros2_ws/install/zed_rgb_convert/share/ament_index/resource_index/parent_prefix_path/zed_rgb_convert
[0.146s] -- Up-to-date: /home/aiv/YongJun_ws/ros2_ws/install/zed_rgb_convert/share/zed_rgb_convert/environment/ament_prefix_path.sh
[0.146s] -- Up-to-date: /home/aiv/YongJun_ws/ros2_ws/install/zed_rgb_convert/share/zed_rgb_convert/environment/ament_prefix_path.dsv
[0.146s] -- Up-to-date: /home/aiv/YongJun_ws/ros2_ws/install/zed_rgb_convert/share/zed_rgb_convert/environment/path.sh
[0.146s] -- Up-to-date: /home/aiv/YongJun_ws/ros2_ws/install/zed_rgb_convert/share/zed_rgb_convert/environment/path.dsv
[0.146s] -- Up-to-date: /home/aiv/YongJun_ws/ros2_ws/install/zed_rgb_convert/share/zed_rgb_convert/local_setup.bash
[0.146s] -- Up-to-date: /home/aiv/YongJun_ws/ros2_ws/install/zed_rgb_convert/share/zed_rgb_convert/local_setup.sh
[0.147s] -- Up-to-date: /home/aiv/YongJun_ws/ros2_ws/install/zed_rgb_convert/share/zed_rgb_convert/local_setup.zsh
[0.147s] -- Up-to-date: /home/aiv/YongJun_ws/ros2_ws/install/zed_rgb_convert/share/zed_rgb_convert/local_setup.dsv
[0.147s] -- Installing: /home/aiv/YongJun_ws/ros2_ws/install/zed_rgb_convert/share/zed_rgb_convert/package.dsv
[0.147s] -- Up-to-date: /home/aiv/YongJun_ws/ros2_ws/install/zed_rgb_convert/share/ament_index/resource_index/packages/zed_rgb_convert
[0.147s] -- Up-to-date: /home/aiv/YongJun_ws/ros2_ws/install/zed_rgb_convert/share/ament_index/resource_index/rclcpp_components/zed_rgb_convert
[0.147s] -- Up-to-date: /home/aiv/YongJun_ws/ros2_ws/install/zed_rgb_convert/share/zed_rgb_convert/cmake/ament_cmake_export_include_directories-extras.cmake
[0.147s] -- Up-to-date: /home/aiv/YongJun_ws/ros2_ws/install/zed_rgb_convert/share/zed_rgb_convert/cmake/ament_cmake_export_libraries-extras.cmake
[0.147s] -- Up-to-date: /home/aiv/YongJun_ws/ros2_ws/install/zed_rgb_convert/share/zed_rgb_convert/cmake/ament_cmake_export_dependencies-extras.cmake
[0.147s] -- Up-to-date: /home/aiv/YongJun_ws/ros2_ws/install/zed_rgb_convert/share/zed_rgb_convert/cmake/zed_rgb_convertConfig.cmake
[0.147s] -- Up-to-date: /home/aiv/YongJun_ws/ros2_ws/install/zed_rgb_convert/share/zed_rgb_convert/cmake/zed_rgb_convertConfig-version.cmake
[0.147s] -- Up-to-date: /home/aiv/YongJun_ws/ros2_ws/install/zed_rgb_convert/share/zed_rgb_convert/package.xml
[0.157s] Invoked command in '/home/aiv/YongJun_ws/ros2_ws/build/zed_rgb_convert' returned '0': AMENT_PREFIX_PATH=/home/aiv/YongJun_ws/ros2_ws/install/zed_components:/home/aiv/YongJun_ws/ros2_ws/install/zed_interfaces:${AMENT_PREFIX_PATH} CMAKE_PREFIX_PATH=/home/aiv/YongJun_ws/ros2_ws/install/zed_components:/home/aiv/YongJun_ws/ros2_ws/install/zed_interfaces:/opt/ros/foxy LD_LIBRARY_PATH=/home/aiv/YongJun_ws/ros2_ws/install/zed_components/lib:/home/aiv/YongJun_ws/ros2_ws/install/zed_interfaces/lib:/opt/ros/foxy/opt/yaml_cpp_vendor/lib:/opt/ros/foxy/opt/rviz_ogre_vendor/lib:/opt/ros/foxy/lib/x86_64-linux-gnu:/opt/ros/foxy/lib:/usr/local/cuda/lib64 PYTHONPATH=/home/aiv/YongJun_ws/ros2_ws/install/zed_interfaces/lib/python3.8/site-packages:${PYTHONPATH} /usr/bin/cmake --install /home/aiv/YongJun_ws/ros2_ws/build/zed_rgb_convert
