-- The C compiler identification is GNU 9.4.0
-- The CXX compiler identification is GNU 9.4.0
-- Detecting C compiler ABI info
-- Detecting C compiler ABI info - done
-- Check for working C compiler: /usr/bin/gcc - skipped
-- Detecting C compile features
-- Detecting C compile features - done
-- Detecting CXX compiler ABI info
-- Detecting CXX compiler ABI info - done
-- Check for working CXX compiler: /usr/bin/g++ - skipped
-- Detecting CXX compile features
-- Detecting CXX compile features - done
-- Found ament_cmake: 1.3.3 (/usr/local/MATLAB/R2024a/sys/ros2/glnxa64/ros2/share/ament_cmake/cmake)
-- Found Python3: /home/aiv/.matlab/R2024a/ros2/glnxa64/venv/bin/python3.10 (found version "3.10.14") found components: Interpreter 
-- Found ament_cmake_ros: 0.10.0 (/usr/local/MATLAB/R2024a/sys/ros2/glnxa64/ros2/share/ament_cmake_ros/cmake)
-- Found rosidl_typesupport_c: 2.0.0 (/usr/local/MATLAB/R2024a/sys/ros2/glnxa64/ros2/share/rosidl_typesupport_c/cmake)
-- Using all available rosidl_typesupport_c: rosidl_typesupport_fastrtps_c;rosidl_typesupport_introspection_c
-- Found rosidl_adapter: 3.1.4 (/usr/local/MATLAB/R2024a/sys/ros2/glnxa64/ros2/share/rosidl_adapter/cmake)
-- Found rosidl_typesupport_cpp: 2.0.0 (/usr/local/MATLAB/R2024a/sys/ros2/glnxa64/ros2/share/rosidl_typesupport_cpp/cmake)
-- Using all available rosidl_typesupport_cpp: rosidl_typesupport_fastrtps_cpp;rosidl_typesupport_introspection_cpp
-- Found rosidl_default_generators: 1.2.0 (/usr/local/MATLAB/R2024a/sys/ros2/glnxa64/ros2/share/rosidl_default_generators/cmake)
-- Found class_loader: 2.2.0 (/usr/local/MATLAB/R2024a/sys/ros2/glnxa64/ros2/share/class_loader/cmake)
-- Found geometry_msgs: 4.2.3 (/usr/local/MATLAB/R2024a/sys/ros2/glnxa64/ros2/share/geometry_msgs/cmake)
-- Found rclcpp: 16.0.5 (/usr/local/MATLAB/R2024a/sys/ros2/glnxa64/ros2/share/rclcpp/cmake)
-- Found rmw_implementation_cmake: 6.1.1 (/usr/local/MATLAB/R2024a/sys/ros2/glnxa64/ros2/share/rmw_implementation_cmake/cmake)
-- Found rmw_fastrtps_cpp: 6.2.2 (/usr/local/MATLAB/R2024a/sys/ros2/glnxa64/ros2/share/rmw_fastrtps_cpp/cmake)
-- Found FastRTPS: /usr/local/MATLAB/R2024a/sys/ros2/glnxa64/ros2/include  
-- Using RMW implementation 'rmw_fastrtps_cpp' as default
-- Performing Test CMAKE_HAVE_LIBC_PTHREAD
-- Performing Test CMAKE_HAVE_LIBC_PTHREAD - Failed
-- Looking for pthread_create in pthreads
-- Looking for pthread_create in pthreads - not found
-- Looking for pthread_create in pthread
-- Looking for pthread_create in pthread - found
-- Found Threads: TRUE  
-- Found sensor_msgs: 4.2.3 (/usr/local/MATLAB/R2024a/sys/ros2/glnxa64/ros2/share/sensor_msgs/cmake)
-- Using all available rosidl_typesupport_c: rosidl_typesupport_fastrtps_c;rosidl_typesupport_introspection_c
-- Using all available rosidl_typesupport_cpp: rosidl_typesupport_fastrtps_cpp;rosidl_typesupport_introspection_cpp
-- Configuring done
-- Generating done
-- Build files have been written to: /home/aiv/YongJun_ws/matlab_ws/ros_msg/matlab_msg_gen/glnxa64/build/vision_msgs
[1/120] Generating C++ code for ROS interfaces
[2/120] Generating C code for ROS interfaces
[3/120] Building C object CMakeFiles/vision_msgs__rosidl_generator_c.dir/rosidl_generator_c/vision_msgs/msg/detail/bounding_box2_d_array__functions.c.o
[4/120] Building C object CMakeFiles/vision_msgs__rosidl_generator_c.dir/rosidl_generator_c/vision_msgs/msg/detail/object_hypothesis_with_pose__functions.c.o
[5/120] Building C object CMakeFiles/vision_msgs__rosidl_generator_c.dir/rosidl_generator_c/vision_msgs/msg/detail/detection3_d_array__functions.c.o
[6/120] Building C object CMakeFiles/vision_msgs__rosidl_generator_c.dir/rosidl_generator_c/vision_msgs/msg/detail/classification3_d__functions.c.o
[7/120] Building C object CMakeFiles/vision_msgs__rosidl_generator_c.dir/rosidl_generator_c/vision_msgs/msg/detail/detection3_d__functions.c.o
[8/120] Building C object CMakeFiles/vision_msgs__rosidl_generator_c.dir/rosidl_generator_c/vision_msgs/msg/detail/object_hypothesis__functions.c.o
[9/120] Building C object CMakeFiles/vision_msgs__rosidl_generator_c.dir/rosidl_generator_c/vision_msgs/msg/detail/bounding_box3_d_array__functions.c.o
[10/120] Building C object CMakeFiles/vision_msgs__rosidl_generator_c.dir/rosidl_generator_c/vision_msgs/msg/detail/classification2_d__functions.c.o
[11/120] Building C object CMakeFiles/vision_msgs__rosidl_generator_c.dir/rosidl_generator_c/vision_msgs/msg/detail/bounding_box2_d__functions.c.o
[12/120] Building C object CMakeFiles/vision_msgs__rosidl_generator_c.dir/rosidl_generator_c/vision_msgs/msg/detail/bounding_box3_d__functions.c.o
[13/120] Building C object CMakeFiles/vision_msgs__rosidl_generator_c.dir/rosidl_generator_c/vision_msgs/msg/detail/detection2_d__functions.c.o
[14/120] Building C object CMakeFiles/vision_msgs__rosidl_generator_c.dir/rosidl_generator_c/vision_msgs/msg/detail/detection2_d_array__functions.c.o
[15/120] Building C object CMakeFiles/vision_msgs__rosidl_generator_c.dir/rosidl_generator_c/vision_msgs/msg/detail/vision_info__functions.c.o
[16/120] Linking C shared library libvision_msgs__rosidl_generator_c.so
[17/120] Generating C++ type support dispatch for ROS interfaces
[18/120] Generating C++ introspection for ROS interfaces
[19/120] Generating C++ type support for eProsima Fast-RTPS
[20/120] Generating C type support dispatch for ROS interfaces
[21/120] Building CXX object CMakeFiles/vision_msgs__rosidl_typesupport_cpp.dir/rosidl_typesupport_cpp/vision_msgs/msg/detection2_d_array__type_support.cpp.o
[22/120] Building CXX object CMakeFiles/vision_msgs__rosidl_typesupport_cpp.dir/rosidl_typesupport_cpp/vision_msgs/msg/detection3_d_array__type_support.cpp.o
[23/120] Building CXX object CMakeFiles/vision_msgs__rosidl_typesupport_cpp.dir/rosidl_typesupport_cpp/vision_msgs/msg/vision_info__type_support.cpp.o
[24/120] Building CXX object CMakeFiles/vision_msgs__rosidl_typesupport_cpp.dir/rosidl_typesupport_cpp/vision_msgs/msg/classification2_d__type_support.cpp.o
[25/120] Building CXX object CMakeFiles/vision_msgs__rosidl_typesupport_cpp.dir/rosidl_typesupport_cpp/vision_msgs/msg/classification3_d__type_support.cpp.o
[26/120] Building CXX object CMakeFiles/vision_msgs__rosidl_typesupport_cpp.dir/rosidl_typesupport_cpp/vision_msgs/msg/detection3_d__type_support.cpp.o
[27/120] Building CXX object CMakeFiles/vision_msgs__rosidl_typesupport_c.dir/rosidl_typesupport_c/vision_msgs/msg/detection2_d_array__type_support.cpp.o
[28/120] Building CXX object CMakeFiles/vision_msgs__rosidl_typesupport_cpp.dir/rosidl_typesupport_cpp/vision_msgs/msg/detection2_d__type_support.cpp.o
[29/120] Building CXX object CMakeFiles/vision_msgs__rosidl_typesupport_c.dir/rosidl_typesupport_c/vision_msgs/msg/bounding_box2_d__type_support.cpp.o
[30/120] Building CXX object CMakeFiles/vision_msgs__rosidl_typesupport_c.dir/rosidl_typesupport_c/vision_msgs/msg/bounding_box3_d__type_support.cpp.o
[31/120] Building CXX object CMakeFiles/vision_msgs__rosidl_typesupport_c.dir/rosidl_typesupport_c/vision_msgs/msg/bounding_box2_d_array__type_support.cpp.o
[32/120] Building CXX object CMakeFiles/vision_msgs__rosidl_typesupport_c.dir/rosidl_typesupport_c/vision_msgs/msg/bounding_box3_d_array__type_support.cpp.o
[33/120] Building CXX object CMakeFiles/vision_msgs__rosidl_typesupport_cpp.dir/rosidl_typesupport_cpp/vision_msgs/msg/bounding_box2_d__type_support.cpp.o
[34/120] Building CXX object CMakeFiles/vision_msgs__rosidl_typesupport_cpp.dir/rosidl_typesupport_cpp/vision_msgs/msg/bounding_box2_d_array__type_support.cpp.o
[35/120] Building CXX object CMakeFiles/vision_msgs__rosidl_typesupport_cpp.dir/rosidl_typesupport_cpp/vision_msgs/msg/object_hypothesis__type_support.cpp.o
[36/120] Building CXX object CMakeFiles/vision_msgs__rosidl_typesupport_cpp.dir/rosidl_typesupport_cpp/vision_msgs/msg/bounding_box3_d__type_support.cpp.o
[37/120] Building CXX object CMakeFiles/vision_msgs__rosidl_typesupport_cpp.dir/rosidl_typesupport_cpp/vision_msgs/msg/bounding_box3_d_array__type_support.cpp.o
[38/120] Building CXX object CMakeFiles/vision_msgs__rosidl_typesupport_c.dir/rosidl_typesupport_c/vision_msgs/msg/classification3_d__type_support.cpp.o
[39/120] Building CXX object CMakeFiles/vision_msgs__rosidl_typesupport_c.dir/rosidl_typesupport_c/vision_msgs/msg/detection2_d__type_support.cpp.o
[40/120] Building CXX object CMakeFiles/vision_msgs__rosidl_typesupport_cpp.dir/rosidl_typesupport_cpp/vision_msgs/msg/object_hypothesis_with_pose__type_support.cpp.o
[41/120] Building CXX object CMakeFiles/vision_msgs__rosidl_typesupport_c.dir/rosidl_typesupport_c/vision_msgs/msg/classification2_d__type_support.cpp.o
[42/120] Building CXX object CMakeFiles/vision_msgs__rosidl_typesupport_c.dir/rosidl_typesupport_c/vision_msgs/msg/detection3_d__type_support.cpp.o
[43/120] Building CXX object CMakeFiles/vision_msgs__rosidl_typesupport_c.dir/rosidl_typesupport_c/vision_msgs/msg/detection3_d_array__type_support.cpp.o
[44/120] Building CXX object CMakeFiles/vision_msgs__rosidl_typesupport_c.dir/rosidl_typesupport_c/vision_msgs/msg/object_hypothesis__type_support.cpp.o
[45/120] Building CXX object CMakeFiles/vision_msgs__rosidl_typesupport_c.dir/rosidl_typesupport_c/vision_msgs/msg/object_hypothesis_with_pose__type_support.cpp.o
[46/120] Building CXX object CMakeFiles/vision_msgs__rosidl_typesupport_c.dir/rosidl_typesupport_c/vision_msgs/msg/vision_info__type_support.cpp.o
[47/120] Linking CXX shared library libvision_msgs__rosidl_typesupport_c.so
[48/120] Generating C introspection for ROS interfaces
[49/120] Building C object CMakeFiles/vision_msgs__rosidl_typesupport_introspection_c.dir/rosidl_typesupport_introspection_c/vision_msgs/msg/detail/bounding_box2_d__type_support.c.o
[50/120] Generating C type support for eProsima Fast-RTPS
[51/120] Building CXX object CMakeFiles/vision_msgs__rosidl_typesupport_introspection_cpp.dir/rosidl_typesupport_introspection_cpp/vision_msgs/msg/detail/bounding_box2_d__type_support.cpp.o
[52/120] Building C object CMakeFiles/vision_msgs__rosidl_typesupport_introspection_c.dir/rosidl_typesupport_introspection_c/vision_msgs/msg/detail/bounding_box3_d__type_support.c.o
[53/120] Building CXX object CMakeFiles/vision_msgs__rosidl_typesupport_introspection_cpp.dir/rosidl_typesupport_introspection_cpp/vision_msgs/msg/detail/bounding_box2_d_array__type_support.cpp.o
[54/120] Building CXX object CMakeFiles/vision_msgs__rosidl_typesupport_fastrtps_cpp.dir/rosidl_typesupport_fastrtps_cpp/vision_msgs/msg/detail/dds_fastrtps/bounding_box2_d__type_support.cpp.o
[55/120] Building CXX object CMakeFiles/vision_msgs__rosidl_typesupport_introspection_cpp.dir/rosidl_typesupport_introspection_cpp/vision_msgs/msg/detail/bounding_box3_d__type_support.cpp.o
[56/120] Building CXX object CMakeFiles/vision_msgs__rosidl_typesupport_fastrtps_cpp.dir/rosidl_typesupport_fastrtps_cpp/vision_msgs/msg/detail/dds_fastrtps/object_hypothesis_with_pose__type_support.cpp.o
[57/120] Building CXX object CMakeFiles/vision_msgs__rosidl_typesupport_fastrtps_cpp.dir/rosidl_typesupport_fastrtps_cpp/vision_msgs/msg/detail/dds_fastrtps/vision_info__type_support.cpp.o
[58/120] Building CXX object CMakeFiles/vision_msgs__rosidl_typesupport_fastrtps_cpp.dir/rosidl_typesupport_fastrtps_cpp/vision_msgs/msg/detail/dds_fastrtps/bounding_box3_d__type_support.cpp.o
[59/120] Building CXX object CMakeFiles/vision_msgs__rosidl_typesupport_fastrtps_cpp.dir/rosidl_typesupport_fastrtps_cpp/vision_msgs/msg/detail/dds_fastrtps/bounding_box2_d_array__type_support.cpp.o
[60/120] Building CXX object CMakeFiles/vision_msgs__rosidl_typesupport_fastrtps_cpp.dir/rosidl_typesupport_fastrtps_cpp/vision_msgs/msg/detail/dds_fastrtps/object_hypothesis__type_support.cpp.o
[61/120] Building CXX object CMakeFiles/vision_msgs__rosidl_typesupport_fastrtps_cpp.dir/rosidl_typesupport_fastrtps_cpp/vision_msgs/msg/detail/dds_fastrtps/detection3_d__type_support.cpp.o
[62/120] Building CXX object CMakeFiles/vision_msgs__rosidl_typesupport_fastrtps_cpp.dir/rosidl_typesupport_fastrtps_cpp/vision_msgs/msg/detail/dds_fastrtps/bounding_box3_d_array__type_support.cpp.o
[63/120] Building CXX object CMakeFiles/vision_msgs__rosidl_typesupport_fastrtps_cpp.dir/rosidl_typesupport_fastrtps_cpp/vision_msgs/msg/detail/dds_fastrtps/classification2_d__type_support.cpp.o
[64/120] Building CXX object CMakeFiles/vision_msgs__rosidl_typesupport_fastrtps_cpp.dir/rosidl_typesupport_fastrtps_cpp/vision_msgs/msg/detail/dds_fastrtps/classification3_d__type_support.cpp.o
[65/120] Building CXX object CMakeFiles/vision_msgs__rosidl_typesupport_fastrtps_c.dir/rosidl_typesupport_fastrtps_c/vision_msgs/msg/detail/bounding_box2_d__type_support_c.cpp.o
[66/120] Building CXX object CMakeFiles/vision_msgs__rosidl_typesupport_fastrtps_cpp.dir/rosidl_typesupport_fastrtps_cpp/vision_msgs/msg/detail/dds_fastrtps/detection3_d_array__type_support.cpp.o
[67/120] Building CXX object CMakeFiles/vision_msgs__rosidl_typesupport_fastrtps_cpp.dir/rosidl_typesupport_fastrtps_cpp/vision_msgs/msg/detail/dds_fastrtps/detection2_d__type_support.cpp.o
[68/120] Building CXX object CMakeFiles/vision_msgs__rosidl_typesupport_introspection_cpp.dir/rosidl_typesupport_introspection_cpp/vision_msgs/msg/detail/bounding_box3_d_array__type_support.cpp.o
[69/120] Building CXX object CMakeFiles/vision_msgs__rosidl_typesupport_fastrtps_c.dir/rosidl_typesupport_fastrtps_c/vision_msgs/msg/detail/bounding_box2_d_array__type_support_c.cpp.o
[70/120] Building CXX object CMakeFiles/vision_msgs__rosidl_typesupport_fastrtps_cpp.dir/rosidl_typesupport_fastrtps_cpp/vision_msgs/msg/detail/dds_fastrtps/detection2_d_array__type_support.cpp.o
[71/120] Building CXX object CMakeFiles/vision_msgs__rosidl_typesupport_fastrtps_c.dir/rosidl_typesupport_fastrtps_c/vision_msgs/msg/detail/object_hypothesis_with_pose__type_support_c.cpp.o
[72/120] Building C object CMakeFiles/vision_msgs__rosidl_typesupport_introspection_c.dir/rosidl_typesupport_introspection_c/vision_msgs/msg/detail/bounding_box2_d_array__type_support.c.o
[73/120] Building C object CMakeFiles/vision_msgs__rosidl_typesupport_introspection_c.dir/rosidl_typesupport_introspection_c/vision_msgs/msg/detail/bounding_box3_d_array__type_support.c.o
[74/120] Building C object CMakeFiles/vision_msgs__rosidl_typesupport_introspection_c.dir/rosidl_typesupport_introspection_c/vision_msgs/msg/detail/classification2_d__type_support.c.o
[75/120] Building C object CMakeFiles/vision_msgs__rosidl_typesupport_introspection_c.dir/rosidl_typesupport_introspection_c/vision_msgs/msg/detail/object_hypothesis__type_support.c.o
[76/120] Building C object CMakeFiles/vision_msgs__rosidl_typesupport_introspection_c.dir/rosidl_typesupport_introspection_c/vision_msgs/msg/detail/object_hypothesis_with_pose__type_support.c.o
[77/120] Building C object CMakeFiles/vision_msgs__rosidl_typesupport_introspection_c.dir/rosidl_typesupport_introspection_c/vision_msgs/msg/detail/detection2_d__type_support.c.o
[78/120] Building C object CMakeFiles/vision_msgs__rosidl_typesupport_introspection_c.dir/rosidl_typesupport_introspection_c/vision_msgs/msg/detail/classification3_d__type_support.c.o
[79/120] Building C object CMakeFiles/vision_msgs__rosidl_typesupport_introspection_c.dir/rosidl_typesupport_introspection_c/vision_msgs/msg/detail/detection2_d_array__type_support.c.o
[80/120] Building CXX object CMakeFiles/vision_msgs__rosidl_typesupport_fastrtps_c.dir/rosidl_typesupport_fastrtps_c/vision_msgs/msg/detail/bounding_box3_d__type_support_c.cpp.o
[81/120] Building C object CMakeFiles/vision_msgs__rosidl_typesupport_introspection_c.dir/rosidl_typesupport_introspection_c/vision_msgs/msg/detail/detection3_d_array__type_support.c.o
[82/120] Building C object CMakeFiles/vision_msgs__rosidl_typesupport_introspection_c.dir/rosidl_typesupport_introspection_c/vision_msgs/msg/detail/detection3_d__type_support.c.o
[83/120] Building C object CMakeFiles/vision_msgs__rosidl_typesupport_introspection_c.dir/rosidl_typesupport_introspection_c/vision_msgs/msg/detail/vision_info__type_support.c.o
[84/120] Linking C shared library libvision_msgs__rosidl_typesupport_introspection_c.so
[85/120] Linking CXX shared library libvision_msgs__rosidl_typesupport_fastrtps_cpp.so
[86/120] Linking CXX shared library libvision_msgs__rosidl_typesupport_cpp.so
[87/120] Building CXX object CMakeFiles/vision_msgs__rosidl_typesupport_fastrtps_c.dir/rosidl_typesupport_fastrtps_c/vision_msgs/msg/detail/bounding_box3_d_array__type_support_c.cpp.o
[88/120] Building CXX object CMakeFiles/vision_msgs__rosidl_typesupport_fastrtps_c.dir/rosidl_typesupport_fastrtps_c/vision_msgs/msg/detail/classification2_d__type_support_c.cpp.o
[89/120] Building CXX object CMakeFiles/vision_msgs__rosidl_typesupport_fastrtps_c.dir/rosidl_typesupport_fastrtps_c/vision_msgs/msg/detail/classification3_d__type_support_c.cpp.o
[90/120] Building CXX object CMakeFiles/vision_msgs__rosidl_typesupport_fastrtps_c.dir/rosidl_typesupport_fastrtps_c/vision_msgs/msg/detail/detection3_d__type_support_c.cpp.o
[91/120] Building CXX object CMakeFiles/vision_msgs__rosidl_typesupport_fastrtps_c.dir/rosidl_typesupport_fastrtps_c/vision_msgs/msg/detail/detection2_d__type_support_c.cpp.o
[92/120] Building CXX object CMakeFiles/vision_msgs__rosidl_typesupport_fastrtps_c.dir/rosidl_typesupport_fastrtps_c/vision_msgs/msg/detail/detection2_d_array__type_support_c.cpp.o
[93/120] Building CXX object CMakeFiles/vision_msgs__rosidl_typesupport_fastrtps_c.dir/rosidl_typesupport_fastrtps_c/vision_msgs/msg/detail/detection3_d_array__type_support_c.cpp.o
[94/120] Building CXX object CMakeFiles/vision_msgs__rosidl_typesupport_fastrtps_c.dir/rosidl_typesupport_fastrtps_c/vision_msgs/msg/detail/object_hypothesis__type_support_c.cpp.o
[95/120] Building CXX object CMakeFiles/vision_msgs__rosidl_typesupport_fastrtps_c.dir/rosidl_typesupport_fastrtps_c/vision_msgs/msg/detail/vision_info__type_support_c.cpp.o
[96/120] Building CXX object CMakeFiles/vision_msgs__rosidl_typesupport_introspection_cpp.dir/rosidl_typesupport_introspection_cpp/vision_msgs/msg/detail/object_hypothesis__type_support.cpp.o
[97/120] Building CXX object CMakeFiles/vision_msgs__rosidl_typesupport_introspection_cpp.dir/rosidl_typesupport_introspection_cpp/vision_msgs/msg/detail/classification2_d__type_support.cpp.o
[98/120] Building CXX object CMakeFiles/vision_msgs__rosidl_typesupport_introspection_cpp.dir/rosidl_typesupport_introspection_cpp/vision_msgs/msg/detail/detection2_d__type_support.cpp.o
[99/120] Linking CXX shared library libvision_msgs__rosidl_typesupport_fastrtps_c.so
[100/120] Building CXX object CMakeFiles/vision_msgs__rosidl_typesupport_introspection_cpp.dir/rosidl_typesupport_introspection_cpp/vision_msgs/msg/detail/object_hypothesis_with_pose__type_support.cpp.o
[101/120] Building CXX object CMakeFiles/vision_msgs__rosidl_typesupport_introspection_cpp.dir/rosidl_typesupport_introspection_cpp/vision_msgs/msg/detail/vision_info__type_support.cpp.o
[102/120] Building CXX object CMakeFiles/vision_msgs__rosidl_typesupport_introspection_cpp.dir/rosidl_typesupport_introspection_cpp/vision_msgs/msg/detail/classification3_d__type_support.cpp.o
[103/120] Building CXX object CMakeFiles/vision_msgs__rosidl_typesupport_introspection_cpp.dir/rosidl_typesupport_introspection_cpp/vision_msgs/msg/detail/detection3_d__type_support.cpp.o
[104/120] Building CXX object CMakeFiles/vision_msgs__rosidl_typesupport_introspection_cpp.dir/rosidl_typesupport_introspection_cpp/vision_msgs/msg/detail/detection2_d_array__type_support.cpp.o
[105/120] Building CXX object CMakeFiles/vision_msgs__rosidl_typesupport_introspection_cpp.dir/rosidl_typesupport_introspection_cpp/vision_msgs/msg/detail/detection3_d_array__type_support.cpp.o
[106/120] Linking CXX shared library libvision_msgs__rosidl_typesupport_introspection_cpp.so
[107/120] Building CXX object CMakeFiles/vision_msgs_matlab.dir/src/vision_msgs_BoundingBox3D_message.cpp.o
[108/120] Building CXX object CMakeFiles/vision_msgs_matlab.dir/src/vision_msgs_ObjectHypothesis_message.cpp.o
[109/120] Building CXX object CMakeFiles/vision_msgs_matlab.dir/src/vision_msgs_BoundingBox2D_message.cpp.o
[110/120] Building CXX object CMakeFiles/vision_msgs_matlab.dir/src/vision_msgs_Detection3DArray_message.cpp.o
[111/120] Building CXX object CMakeFiles/vision_msgs_matlab.dir/src/vision_msgs_BoundingBox3DArray_message.cpp.o
[112/120] Building CXX object CMakeFiles/vision_msgs_matlab.dir/src/vision_msgs_Classification3D_message.cpp.o
[113/120] Building CXX object CMakeFiles/vision_msgs_matlab.dir/src/vision_msgs_ObjectHypothesisWithPose_message.cpp.o
[114/120] Building CXX object CMakeFiles/vision_msgs_matlab.dir/src/vision_msgs_Detection2D_message.cpp.o
[115/120] Building CXX object CMakeFiles/vision_msgs_matlab.dir/src/vision_msgs_Detection3D_message.cpp.o
[116/120] Building CXX object CMakeFiles/vision_msgs_matlab.dir/src/vision_msgs_Classification2D_message.cpp.o
[117/120] Building CXX object CMakeFiles/vision_msgs_matlab.dir/src/vision_msgs_VisionInfo_message.cpp.o
[118/120] Building CXX object CMakeFiles/vision_msgs_matlab.dir/src/vision_msgs_Detection2DArray_message.cpp.o
[119/120] Building CXX object CMakeFiles/vision_msgs_matlab.dir/src/vision_msgs_BoundingBox2DArray_message.cpp.o
[120/120] Linking CXX shared library libvision_msgs_matlab.so
-- Install configuration: "Release"
-- Installing: /home/aiv/YongJun_ws/matlab_ws/ros_msg/matlab_msg_gen/glnxa64/install/share/ament_index/resource_index/rosidl_interfaces/vision_msgs
-- Installing: /home/aiv/YongJun_ws/matlab_ws/ros_msg/matlab_msg_gen/glnxa64/install/include/vision_msgs/vision_msgs
-- Installing: /home/aiv/YongJun_ws/matlab_ws/ros_msg/matlab_msg_gen/glnxa64/install/include/vision_msgs/vision_msgs/msg
-- Installing: /home/aiv/YongJun_ws/matlab_ws/ros_msg/matlab_msg_gen/glnxa64/install/include/vision_msgs/vision_msgs/msg/vision_info.h
-- Installing: /home/aiv/YongJun_ws/matlab_ws/ros_msg/matlab_msg_gen/glnxa64/install/include/vision_msgs/vision_msgs/msg/bounding_box2_d_array.h
-- Installing: /home/aiv/YongJun_ws/matlab_ws/ros_msg/matlab_msg_gen/glnxa64/install/include/vision_msgs/vision_msgs/msg/detection3_d.h
-- Installing: /home/aiv/YongJun_ws/matlab_ws/ros_msg/matlab_msg_gen/glnxa64/install/include/vision_msgs/vision_msgs/msg/object_hypothesis.h
-- Installing: /home/aiv/YongJun_ws/matlab_ws/ros_msg/matlab_msg_gen/glnxa64/install/include/vision_msgs/vision_msgs/msg/detection2_d.h
-- Installing: /home/aiv/YongJun_ws/matlab_ws/ros_msg/matlab_msg_gen/glnxa64/install/include/vision_msgs/vision_msgs/msg/bounding_box3_d_array.h
-- Installing: /home/aiv/YongJun_ws/matlab_ws/ros_msg/matlab_msg_gen/glnxa64/install/include/vision_msgs/vision_msgs/msg/rosidl_generator_c__visibility_control.h
-- Installing: /home/aiv/YongJun_ws/matlab_ws/ros_msg/matlab_msg_gen/glnxa64/install/include/vision_msgs/vision_msgs/msg/bounding_box2_d.h
-- Installing: /home/aiv/YongJun_ws/matlab_ws/ros_msg/matlab_msg_gen/glnxa64/install/include/vision_msgs/vision_msgs/msg/object_hypothesis_with_pose.h
-- Installing: /home/aiv/YongJun_ws/matlab_ws/ros_msg/matlab_msg_gen/glnxa64/install/include/vision_msgs/vision_msgs/msg/detail
-- Installing: /home/aiv/YongJun_ws/matlab_ws/ros_msg/matlab_msg_gen/glnxa64/install/include/vision_msgs/vision_msgs/msg/detail/classification3_d__struct.h
-- Installing: /home/aiv/YongJun_ws/matlab_ws/ros_msg/matlab_msg_gen/glnxa64/install/include/vision_msgs/vision_msgs/msg/detail/bounding_box2_d__type_support.h
-- Installing: /home/aiv/YongJun_ws/matlab_ws/ros_msg/matlab_msg_gen/glnxa64/install/include/vision_msgs/vision_msgs/msg/detail/bounding_box2_d_array__functions.h
-- Installing: /home/aiv/YongJun_ws/matlab_ws/ros_msg/matlab_msg_gen/glnxa64/install/include/vision_msgs/vision_msgs/msg/detail/classification3_d__type_support.h
-- Installing: /home/aiv/YongJun_ws/matlab_ws/ros_msg/matlab_msg_gen/glnxa64/install/include/vision_msgs/vision_msgs/msg/detail/object_hypothesis_with_pose__type_support.h
-- Installing: /home/aiv/YongJun_ws/matlab_ws/ros_msg/matlab_msg_gen/glnxa64/install/include/vision_msgs/vision_msgs/msg/detail/detection3_d_array__functions.c
-- Installing: /home/aiv/YongJun_ws/matlab_ws/ros_msg/matlab_msg_gen/glnxa64/install/include/vision_msgs/vision_msgs/msg/detail/classification3_d__functions.h
-- Installing: /home/aiv/YongJun_ws/matlab_ws/ros_msg/matlab_msg_gen/glnxa64/install/include/vision_msgs/vision_msgs/msg/detail/bounding_box2_d_array__functions.c
-- Installing: /home/aiv/YongJun_ws/matlab_ws/ros_msg/matlab_msg_gen/glnxa64/install/include/vision_msgs/vision_msgs/msg/detail/object_hypothesis__functions.h
-- Installing: /home/aiv/YongJun_ws/matlab_ws/ros_msg/matlab_msg_gen/glnxa64/install/include/vision_msgs/vision_msgs/msg/detail/detection2_d__functions.h
-- Installing: /home/aiv/YongJun_ws/matlab_ws/ros_msg/matlab_msg_gen/glnxa64/install/include/vision_msgs/vision_msgs/msg/detail/classification2_d__struct.h
-- Installing: /home/aiv/YongJun_ws/matlab_ws/ros_msg/matlab_msg_gen/glnxa64/install/include/vision_msgs/vision_msgs/msg/detail/bounding_box2_d_array__struct.h
-- Installing: /home/aiv/YongJun_ws/matlab_ws/ros_msg/matlab_msg_gen/glnxa64/install/include/vision_msgs/vision_msgs/msg/detail/bounding_box3_d_array__type_support.h
-- Installing: /home/aiv/YongJun_ws/matlab_ws/ros_msg/matlab_msg_gen/glnxa64/install/include/vision_msgs/vision_msgs/msg/detail/detection2_d__functions.c
-- Installing: /home/aiv/YongJun_ws/matlab_ws/ros_msg/matlab_msg_gen/glnxa64/install/include/vision_msgs/vision_msgs/msg/detail/bounding_box3_d_array__functions.c
-- Installing: /home/aiv/YongJun_ws/matlab_ws/ros_msg/matlab_msg_gen/glnxa64/install/include/vision_msgs/vision_msgs/msg/detail/object_hypothesis__functions.c
-- Installing: /home/aiv/YongJun_ws/matlab_ws/ros_msg/matlab_msg_gen/glnxa64/install/include/vision_msgs/vision_msgs/msg/detail/classification3_d__functions.c
-- Installing: /home/aiv/YongJun_ws/matlab_ws/ros_msg/matlab_msg_gen/glnxa64/install/include/vision_msgs/vision_msgs/msg/detail/bounding_box2_d_array__type_support.h
-- Installing: /home/aiv/YongJun_ws/matlab_ws/ros_msg/matlab_msg_gen/glnxa64/install/include/vision_msgs/vision_msgs/msg/detail/bounding_box3_d__struct.h
-- Installing: /home/aiv/YongJun_ws/matlab_ws/ros_msg/matlab_msg_gen/glnxa64/install/include/vision_msgs/vision_msgs/msg/detail/bounding_box3_d_array__struct.h
-- Installing: /home/aiv/YongJun_ws/matlab_ws/ros_msg/matlab_msg_gen/glnxa64/install/include/vision_msgs/vision_msgs/msg/detail/bounding_box3_d__functions.c
-- Installing: /home/aiv/YongJun_ws/matlab_ws/ros_msg/matlab_msg_gen/glnxa64/install/include/vision_msgs/vision_msgs/msg/detail/detection2_d_array__type_support.h
-- Installing: /home/aiv/YongJun_ws/matlab_ws/ros_msg/matlab_msg_gen/glnxa64/install/include/vision_msgs/vision_msgs/msg/detail/detection3_d__struct.h
-- Installing: /home/aiv/YongJun_ws/matlab_ws/ros_msg/matlab_msg_gen/glnxa64/install/include/vision_msgs/vision_msgs/msg/detail/detection2_d_array__struct.h
-- Installing: /home/aiv/YongJun_ws/matlab_ws/ros_msg/matlab_msg_gen/glnxa64/install/include/vision_msgs/vision_msgs/msg/detail/object_hypothesis_with_pose__struct.h
-- Installing: /home/aiv/YongJun_ws/matlab_ws/ros_msg/matlab_msg_gen/glnxa64/install/include/vision_msgs/vision_msgs/msg/detail/bounding_box3_d_array__functions.h
-- Installing: /home/aiv/YongJun_ws/matlab_ws/ros_msg/matlab_msg_gen/glnxa64/install/include/vision_msgs/vision_msgs/msg/detail/vision_info__type_support.h
-- Installing: /home/aiv/YongJun_ws/matlab_ws/ros_msg/matlab_msg_gen/glnxa64/install/include/vision_msgs/vision_msgs/msg/detail/detection3_d__functions.c
-- Installing: /home/aiv/YongJun_ws/matlab_ws/ros_msg/matlab_msg_gen/glnxa64/install/include/vision_msgs/vision_msgs/msg/detail/detection3_d__functions.h
-- Installing: /home/aiv/YongJun_ws/matlab_ws/ros_msg/matlab_msg_gen/glnxa64/install/include/vision_msgs/vision_msgs/msg/detail/detection2_d_array__functions.h
-- Installing: /home/aiv/YongJun_ws/matlab_ws/ros_msg/matlab_msg_gen/glnxa64/install/include/vision_msgs/vision_msgs/msg/detail/vision_info__functions.h
-- Installing: /home/aiv/YongJun_ws/matlab_ws/ros_msg/matlab_msg_gen/glnxa64/install/include/vision_msgs/vision_msgs/msg/detail/object_hypothesis__type_support.h
-- Installing: /home/aiv/YongJun_ws/matlab_ws/ros_msg/matlab_msg_gen/glnxa64/install/include/vision_msgs/vision_msgs/msg/detail/bounding_box3_d__type_support.h
-- Installing: /home/aiv/YongJun_ws/matlab_ws/ros_msg/matlab_msg_gen/glnxa64/install/include/vision_msgs/vision_msgs/msg/detail/object_hypothesis_with_pose__functions.c
-- Installing: /home/aiv/YongJun_ws/matlab_ws/ros_msg/matlab_msg_gen/glnxa64/install/include/vision_msgs/vision_msgs/msg/detail/bounding_box2_d__struct.h
-- Installing: /home/aiv/YongJun_ws/matlab_ws/ros_msg/matlab_msg_gen/glnxa64/install/include/vision_msgs/vision_msgs/msg/detail/vision_info__functions.c
-- Installing: /home/aiv/YongJun_ws/matlab_ws/ros_msg/matlab_msg_gen/glnxa64/install/include/vision_msgs/vision_msgs/msg/detail/classification2_d__functions.c
-- Installing: /home/aiv/YongJun_ws/matlab_ws/ros_msg/matlab_msg_gen/glnxa64/install/include/vision_msgs/vision_msgs/msg/detail/bounding_box2_d__functions.h
-- Installing: /home/aiv/YongJun_ws/matlab_ws/ros_msg/matlab_msg_gen/glnxa64/install/include/vision_msgs/vision_msgs/msg/detail/detection2_d__type_support.h
-- Installing: /home/aiv/YongJun_ws/matlab_ws/ros_msg/matlab_msg_gen/glnxa64/install/include/vision_msgs/vision_msgs/msg/detail/detection2_d__struct.h
-- Installing: /home/aiv/YongJun_ws/matlab_ws/ros_msg/matlab_msg_gen/glnxa64/install/include/vision_msgs/vision_msgs/msg/detail/classification2_d__type_support.h
-- Installing: /home/aiv/YongJun_ws/matlab_ws/ros_msg/matlab_msg_gen/glnxa64/install/include/vision_msgs/vision_msgs/msg/detail/detection3_d_array__struct.h
-- Installing: /home/aiv/YongJun_ws/matlab_ws/ros_msg/matlab_msg_gen/glnxa64/install/include/vision_msgs/vision_msgs/msg/detail/classification2_d__functions.h
-- Installing: /home/aiv/YongJun_ws/matlab_ws/ros_msg/matlab_msg_gen/glnxa64/install/include/vision_msgs/vision_msgs/msg/detail/object_hypothesis_with_pose__functions.h
-- Installing: /home/aiv/YongJun_ws/matlab_ws/ros_msg/matlab_msg_gen/glnxa64/install/include/vision_msgs/vision_msgs/msg/detail/bounding_box2_d__functions.c
-- Installing: /home/aiv/YongJun_ws/matlab_ws/ros_msg/matlab_msg_gen/glnxa64/install/include/vision_msgs/vision_msgs/msg/detail/vision_info__struct.h
-- Installing: /home/aiv/YongJun_ws/matlab_ws/ros_msg/matlab_msg_gen/glnxa64/install/include/vision_msgs/vision_msgs/msg/detail/detection2_d_array__functions.c
-- Installing: /home/aiv/YongJun_ws/matlab_ws/ros_msg/matlab_msg_gen/glnxa64/install/include/vision_msgs/vision_msgs/msg/detail/detection3_d_array__type_support.h
-- Installing: /home/aiv/YongJun_ws/matlab_ws/ros_msg/matlab_msg_gen/glnxa64/install/include/vision_msgs/vision_msgs/msg/detail/object_hypothesis__struct.h
-- Installing: /home/aiv/YongJun_ws/matlab_ws/ros_msg/matlab_msg_gen/glnxa64/install/include/vision_msgs/vision_msgs/msg/detail/detection3_d__type_support.h
-- Installing: /home/aiv/YongJun_ws/matlab_ws/ros_msg/matlab_msg_gen/glnxa64/install/include/vision_msgs/vision_msgs/msg/detail/bounding_box3_d__functions.h
-- Installing: /home/aiv/YongJun_ws/matlab_ws/ros_msg/matlab_msg_gen/glnxa64/install/include/vision_msgs/vision_msgs/msg/detail/detection3_d_array__functions.h
-- Installing: /home/aiv/YongJun_ws/matlab_ws/ros_msg/matlab_msg_gen/glnxa64/install/include/vision_msgs/vision_msgs/msg/bounding_box3_d.h
-- Installing: /home/aiv/YongJun_ws/matlab_ws/ros_msg/matlab_msg_gen/glnxa64/install/include/vision_msgs/vision_msgs/msg/detection3_d_array.h
-- Installing: /home/aiv/YongJun_ws/matlab_ws/ros_msg/matlab_msg_gen/glnxa64/install/include/vision_msgs/vision_msgs/msg/classification2_d.h
-- Installing: /home/aiv/YongJun_ws/matlab_ws/ros_msg/matlab_msg_gen/glnxa64/install/include/vision_msgs/vision_msgs/msg/classification3_d.h
-- Installing: /home/aiv/YongJun_ws/matlab_ws/ros_msg/matlab_msg_gen/glnxa64/install/include/vision_msgs/vision_msgs/msg/detection2_d_array.h
-- Installing: /home/aiv/YongJun_ws/matlab_ws/ros_msg/matlab_msg_gen/glnxa64/install/share/vision_msgs/environment/library_path.sh
-- Installing: /home/aiv/YongJun_ws/matlab_ws/ros_msg/matlab_msg_gen/glnxa64/install/share/vision_msgs/environment/library_path.dsv
-- Installing: /home/aiv/YongJun_ws/matlab_ws/ros_msg/matlab_msg_gen/glnxa64/install/lib/libvision_msgs__rosidl_generator_c.so
-- Up-to-date: /home/aiv/YongJun_ws/matlab_ws/ros_msg/matlab_msg_gen/glnxa64/install/include/vision_msgs/vision_msgs
-- Up-to-date: /home/aiv/YongJun_ws/matlab_ws/ros_msg/matlab_msg_gen/glnxa64/install/include/vision_msgs/vision_msgs/msg
-- Installing: /home/aiv/YongJun_ws/matlab_ws/ros_msg/matlab_msg_gen/glnxa64/install/include/vision_msgs/vision_msgs/msg/rosidl_typesupport_fastrtps_c__visibility_control.h
-- Up-to-date: /home/aiv/YongJun_ws/matlab_ws/ros_msg/matlab_msg_gen/glnxa64/install/include/vision_msgs/vision_msgs/msg/detail
-- Installing: /home/aiv/YongJun_ws/matlab_ws/ros_msg/matlab_msg_gen/glnxa64/install/include/vision_msgs/vision_msgs/msg/detail/detection3_d_array__rosidl_typesupport_fastrtps_c.h
-- Installing: /home/aiv/YongJun_ws/matlab_ws/ros_msg/matlab_msg_gen/glnxa64/install/include/vision_msgs/vision_msgs/msg/detail/detection2_d_array__rosidl_typesupport_fastrtps_c.h
-- Installing: /home/aiv/YongJun_ws/matlab_ws/ros_msg/matlab_msg_gen/glnxa64/install/include/vision_msgs/vision_msgs/msg/detail/detection3_d__rosidl_typesupport_fastrtps_c.h
-- Installing: /home/aiv/YongJun_ws/matlab_ws/ros_msg/matlab_msg_gen/glnxa64/install/include/vision_msgs/vision_msgs/msg/detail/detection2_d__rosidl_typesupport_fastrtps_c.h
-- Installing: /home/aiv/YongJun_ws/matlab_ws/ros_msg/matlab_msg_gen/glnxa64/install/include/vision_msgs/vision_msgs/msg/detail/vision_info__rosidl_typesupport_fastrtps_c.h
-- Installing: /home/aiv/YongJun_ws/matlab_ws/ros_msg/matlab_msg_gen/glnxa64/install/include/vision_msgs/vision_msgs/msg/detail/bounding_box2_d_array__rosidl_typesupport_fastrtps_c.h
-- Installing: /home/aiv/YongJun_ws/matlab_ws/ros_msg/matlab_msg_gen/glnxa64/install/include/vision_msgs/vision_msgs/msg/detail/classification3_d__rosidl_typesupport_fastrtps_c.h
-- Installing: /home/aiv/YongJun_ws/matlab_ws/ros_msg/matlab_msg_gen/glnxa64/install/include/vision_msgs/vision_msgs/msg/detail/bounding_box3_d__rosidl_typesupport_fastrtps_c.h
-- Installing: /home/aiv/YongJun_ws/matlab_ws/ros_msg/matlab_msg_gen/glnxa64/install/include/vision_msgs/vision_msgs/msg/detail/object_hypothesis_with_pose__rosidl_typesupport_fastrtps_c.h
-- Installing: /home/aiv/YongJun_ws/matlab_ws/ros_msg/matlab_msg_gen/glnxa64/install/include/vision_msgs/vision_msgs/msg/detail/bounding_box3_d_array__rosidl_typesupport_fastrtps_c.h
-- Installing: /home/aiv/YongJun_ws/matlab_ws/ros_msg/matlab_msg_gen/glnxa64/install/include/vision_msgs/vision_msgs/msg/detail/object_hypothesis__rosidl_typesupport_fastrtps_c.h
-- Installing: /home/aiv/YongJun_ws/matlab_ws/ros_msg/matlab_msg_gen/glnxa64/install/include/vision_msgs/vision_msgs/msg/detail/bounding_box2_d__rosidl_typesupport_fastrtps_c.h
-- Installing: /home/aiv/YongJun_ws/matlab_ws/ros_msg/matlab_msg_gen/glnxa64/install/include/vision_msgs/vision_msgs/msg/detail/classification2_d__rosidl_typesupport_fastrtps_c.h
-- Installing: /home/aiv/YongJun_ws/matlab_ws/ros_msg/matlab_msg_gen/glnxa64/install/lib/libvision_msgs__rosidl_typesupport_fastrtps_c.so
-- Up-to-date: /home/aiv/YongJun_ws/matlab_ws/ros_msg/matlab_msg_gen/glnxa64/install/include/vision_msgs/vision_msgs
-- Up-to-date: /home/aiv/YongJun_ws/matlab_ws/ros_msg/matlab_msg_gen/glnxa64/install/include/vision_msgs/vision_msgs/msg
-- Installing: /home/aiv/YongJun_ws/matlab_ws/ros_msg/matlab_msg_gen/glnxa64/install/include/vision_msgs/vision_msgs/msg/rosidl_typesupport_introspection_c__visibility_control.h
-- Up-to-date: /home/aiv/YongJun_ws/matlab_ws/ros_msg/matlab_msg_gen/glnxa64/install/include/vision_msgs/vision_msgs/msg/detail
-- Installing: /home/aiv/YongJun_ws/matlab_ws/ros_msg/matlab_msg_gen/glnxa64/install/include/vision_msgs/vision_msgs/msg/detail/detection2_d_array__type_support.c
-- Installing: /home/aiv/YongJun_ws/matlab_ws/ros_msg/matlab_msg_gen/glnxa64/install/include/vision_msgs/vision_msgs/msg/detail/bounding_box2_d__type_support.c
-- Installing: /home/aiv/YongJun_ws/matlab_ws/ros_msg/matlab_msg_gen/glnxa64/install/include/vision_msgs/vision_msgs/msg/detail/detection2_d__type_support.c
-- Installing: /home/aiv/YongJun_ws/matlab_ws/ros_msg/matlab_msg_gen/glnxa64/install/include/vision_msgs/vision_msgs/msg/detail/classification2_d__rosidl_typesupport_introspection_c.h
-- Installing: /home/aiv/YongJun_ws/matlab_ws/ros_msg/matlab_msg_gen/glnxa64/install/include/vision_msgs/vision_msgs/msg/detail/object_hypothesis__type_support.c
-- Installing: /home/aiv/YongJun_ws/matlab_ws/ros_msg/matlab_msg_gen/glnxa64/install/include/vision_msgs/vision_msgs/msg/detail/bounding_box3_d_array__rosidl_typesupport_introspection_c.h
-- Installing: /home/aiv/YongJun_ws/matlab_ws/ros_msg/matlab_msg_gen/glnxa64/install/include/vision_msgs/vision_msgs/msg/detail/bounding_box2_d_array__rosidl_typesupport_introspection_c.h
-- Installing: /home/aiv/YongJun_ws/matlab_ws/ros_msg/matlab_msg_gen/glnxa64/install/include/vision_msgs/vision_msgs/msg/detail/detection3_d__type_support.c
-- Installing: /home/aiv/YongJun_ws/matlab_ws/ros_msg/matlab_msg_gen/glnxa64/install/include/vision_msgs/vision_msgs/msg/detail/detection3_d__rosidl_typesupport_introspection_c.h
-- Installing: /home/aiv/YongJun_ws/matlab_ws/ros_msg/matlab_msg_gen/glnxa64/install/include/vision_msgs/vision_msgs/msg/detail/bounding_box2_d__rosidl_typesupport_introspection_c.h
-- Installing: /home/aiv/YongJun_ws/matlab_ws/ros_msg/matlab_msg_gen/glnxa64/install/include/vision_msgs/vision_msgs/msg/detail/detection2_d_array__rosidl_typesupport_introspection_c.h
-- Installing: /home/aiv/YongJun_ws/matlab_ws/ros_msg/matlab_msg_gen/glnxa64/install/include/vision_msgs/vision_msgs/msg/detail/bounding_box3_d_array__type_support.c
-- Installing: /home/aiv/YongJun_ws/matlab_ws/ros_msg/matlab_msg_gen/glnxa64/install/include/vision_msgs/vision_msgs/msg/detail/object_hypothesis_with_pose__type_support.c
-- Installing: /home/aiv/YongJun_ws/matlab_ws/ros_msg/matlab_msg_gen/glnxa64/install/include/vision_msgs/vision_msgs/msg/detail/classification3_d__type_support.c
-- Installing: /home/aiv/YongJun_ws/matlab_ws/ros_msg/matlab_msg_gen/glnxa64/install/include/vision_msgs/vision_msgs/msg/detail/vision_info__type_support.c
-- Installing: /home/aiv/YongJun_ws/matlab_ws/ros_msg/matlab_msg_gen/glnxa64/install/include/vision_msgs/vision_msgs/msg/detail/object_hypothesis__rosidl_typesupport_introspection_c.h
-- Installing: /home/aiv/YongJun_ws/matlab_ws/ros_msg/matlab_msg_gen/glnxa64/install/include/vision_msgs/vision_msgs/msg/detail/vision_info__rosidl_typesupport_introspection_c.h
-- Installing: /home/aiv/YongJun_ws/matlab_ws/ros_msg/matlab_msg_gen/glnxa64/install/include/vision_msgs/vision_msgs/msg/detail/bounding_box3_d__type_support.c
-- Installing: /home/aiv/YongJun_ws/matlab_ws/ros_msg/matlab_msg_gen/glnxa64/install/include/vision_msgs/vision_msgs/msg/detail/object_hypothesis_with_pose__rosidl_typesupport_introspection_c.h
-- Installing: /home/aiv/YongJun_ws/matlab_ws/ros_msg/matlab_msg_gen/glnxa64/install/include/vision_msgs/vision_msgs/msg/detail/detection3_d_array__rosidl_typesupport_introspection_c.h
-- Installing: /home/aiv/YongJun_ws/matlab_ws/ros_msg/matlab_msg_gen/glnxa64/install/include/vision_msgs/vision_msgs/msg/detail/detection3_d_array__type_support.c
-- Installing: /home/aiv/YongJun_ws/matlab_ws/ros_msg/matlab_msg_gen/glnxa64/install/include/vision_msgs/vision_msgs/msg/detail/detection2_d__rosidl_typesupport_introspection_c.h
-- Installing: /home/aiv/YongJun_ws/matlab_ws/ros_msg/matlab_msg_gen/glnxa64/install/include/vision_msgs/vision_msgs/msg/detail/classification2_d__type_support.c
-- Installing: /home/aiv/YongJun_ws/matlab_ws/ros_msg/matlab_msg_gen/glnxa64/install/include/vision_msgs/vision_msgs/msg/detail/classification3_d__rosidl_typesupport_introspection_c.h
-- Installing: /home/aiv/YongJun_ws/matlab_ws/ros_msg/matlab_msg_gen/glnxa64/install/include/vision_msgs/vision_msgs/msg/detail/bounding_box3_d__rosidl_typesupport_introspection_c.h
-- Installing: /home/aiv/YongJun_ws/matlab_ws/ros_msg/matlab_msg_gen/glnxa64/install/include/vision_msgs/vision_msgs/msg/detail/bounding_box2_d_array__type_support.c
-- Installing: /home/aiv/YongJun_ws/matlab_ws/ros_msg/matlab_msg_gen/glnxa64/install/lib/libvision_msgs__rosidl_typesupport_introspection_c.so
-- Installing: /home/aiv/YongJun_ws/matlab_ws/ros_msg/matlab_msg_gen/glnxa64/install/lib/libvision_msgs__rosidl_typesupport_c.so
-- Up-to-date: /home/aiv/YongJun_ws/matlab_ws/ros_msg/matlab_msg_gen/glnxa64/install/include/vision_msgs/vision_msgs
-- Up-to-date: /home/aiv/YongJun_ws/matlab_ws/ros_msg/matlab_msg_gen/glnxa64/install/include/vision_msgs/vision_msgs/msg
-- Installing: /home/aiv/YongJun_ws/matlab_ws/ros_msg/matlab_msg_gen/glnxa64/install/include/vision_msgs/vision_msgs/msg/object_hypothesis.hpp
-- Installing: /home/aiv/YongJun_ws/matlab_ws/ros_msg/matlab_msg_gen/glnxa64/install/include/vision_msgs/vision_msgs/msg/detection3_d_array.hpp
-- Installing: /home/aiv/YongJun_ws/matlab_ws/ros_msg/matlab_msg_gen/glnxa64/install/include/vision_msgs/vision_msgs/msg/bounding_box2_d_array.hpp
-- Installing: /home/aiv/YongJun_ws/matlab_ws/ros_msg/matlab_msg_gen/glnxa64/install/include/vision_msgs/vision_msgs/msg/bounding_box2_d.hpp
-- Installing: /home/aiv/YongJun_ws/matlab_ws/ros_msg/matlab_msg_gen/glnxa64/install/include/vision_msgs/vision_msgs/msg/classification3_d.hpp
-- Installing: /home/aiv/YongJun_ws/matlab_ws/ros_msg/matlab_msg_gen/glnxa64/install/include/vision_msgs/vision_msgs/msg/detection2_d_array.hpp
-- Installing: /home/aiv/YongJun_ws/matlab_ws/ros_msg/matlab_msg_gen/glnxa64/install/include/vision_msgs/vision_msgs/msg/detection2_d.hpp
-- Installing: /home/aiv/YongJun_ws/matlab_ws/ros_msg/matlab_msg_gen/glnxa64/install/include/vision_msgs/vision_msgs/msg/detection3_d.hpp
-- Installing: /home/aiv/YongJun_ws/matlab_ws/ros_msg/matlab_msg_gen/glnxa64/install/include/vision_msgs/vision_msgs/msg/object_hypothesis_with_pose.hpp
-- Installing: /home/aiv/YongJun_ws/matlab_ws/ros_msg/matlab_msg_gen/glnxa64/install/include/vision_msgs/vision_msgs/msg/classification2_d.hpp
-- Installing: /home/aiv/YongJun_ws/matlab_ws/ros_msg/matlab_msg_gen/glnxa64/install/include/vision_msgs/vision_msgs/msg/vision_info.hpp
-- Up-to-date: /home/aiv/YongJun_ws/matlab_ws/ros_msg/matlab_msg_gen/glnxa64/install/include/vision_msgs/vision_msgs/msg/detail
-- Installing: /home/aiv/YongJun_ws/matlab_ws/ros_msg/matlab_msg_gen/glnxa64/install/include/vision_msgs/vision_msgs/msg/detail/classification3_d__traits.hpp
-- Installing: /home/aiv/YongJun_ws/matlab_ws/ros_msg/matlab_msg_gen/glnxa64/install/include/vision_msgs/vision_msgs/msg/detail/classification2_d__traits.hpp
-- Installing: /home/aiv/YongJun_ws/matlab_ws/ros_msg/matlab_msg_gen/glnxa64/install/include/vision_msgs/vision_msgs/msg/detail/bounding_box3_d__builder.hpp
-- Installing: /home/aiv/YongJun_ws/matlab_ws/ros_msg/matlab_msg_gen/glnxa64/install/include/vision_msgs/vision_msgs/msg/detail/detection2_d_array__traits.hpp
-- Installing: /home/aiv/YongJun_ws/matlab_ws/ros_msg/matlab_msg_gen/glnxa64/install/include/vision_msgs/vision_msgs/msg/detail/detection3_d_array__traits.hpp
-- Installing: /home/aiv/YongJun_ws/matlab_ws/ros_msg/matlab_msg_gen/glnxa64/install/include/vision_msgs/vision_msgs/msg/detail/classification3_d__struct.hpp
-- Installing: /home/aiv/YongJun_ws/matlab_ws/ros_msg/matlab_msg_gen/glnxa64/install/include/vision_msgs/vision_msgs/msg/detail/detection2_d__builder.hpp
-- Installing: /home/aiv/YongJun_ws/matlab_ws/ros_msg/matlab_msg_gen/glnxa64/install/include/vision_msgs/vision_msgs/msg/detail/bounding_box3_d_array__struct.hpp
-- Installing: /home/aiv/YongJun_ws/matlab_ws/ros_msg/matlab_msg_gen/glnxa64/install/include/vision_msgs/vision_msgs/msg/detail/vision_info__builder.hpp
-- Installing: /home/aiv/YongJun_ws/matlab_ws/ros_msg/matlab_msg_gen/glnxa64/install/include/vision_msgs/vision_msgs/msg/detail/detection2_d__traits.hpp
-- Installing: /home/aiv/YongJun_ws/matlab_ws/ros_msg/matlab_msg_gen/glnxa64/install/include/vision_msgs/vision_msgs/msg/detail/detection3_d__traits.hpp
-- Installing: /home/aiv/YongJun_ws/matlab_ws/ros_msg/matlab_msg_gen/glnxa64/install/include/vision_msgs/vision_msgs/msg/detail/bounding_box3_d_array__traits.hpp
-- Installing: /home/aiv/YongJun_ws/matlab_ws/ros_msg/matlab_msg_gen/glnxa64/install/include/vision_msgs/vision_msgs/msg/detail/object_hypothesis__traits.hpp
-- Installing: /home/aiv/YongJun_ws/matlab_ws/ros_msg/matlab_msg_gen/glnxa64/install/include/vision_msgs/vision_msgs/msg/detail/classification2_d__struct.hpp
-- Installing: /home/aiv/YongJun_ws/matlab_ws/ros_msg/matlab_msg_gen/glnxa64/install/include/vision_msgs/vision_msgs/msg/detail/object_hypothesis__builder.hpp
-- Installing: /home/aiv/YongJun_ws/matlab_ws/ros_msg/matlab_msg_gen/glnxa64/install/include/vision_msgs/vision_msgs/msg/detail/vision_info__traits.hpp
-- Installing: /home/aiv/YongJun_ws/matlab_ws/ros_msg/matlab_msg_gen/glnxa64/install/include/vision_msgs/vision_msgs/msg/detail/object_hypothesis__struct.hpp
-- Installing: /home/aiv/YongJun_ws/matlab_ws/ros_msg/matlab_msg_gen/glnxa64/install/include/vision_msgs/vision_msgs/msg/detail/bounding_box2_d__struct.hpp
-- Installing: /home/aiv/YongJun_ws/matlab_ws/ros_msg/matlab_msg_gen/glnxa64/install/include/vision_msgs/vision_msgs/msg/detail/detection3_d__struct.hpp
-- Installing: /home/aiv/YongJun_ws/matlab_ws/ros_msg/matlab_msg_gen/glnxa64/install/include/vision_msgs/vision_msgs/msg/detail/bounding_box2_d_array__builder.hpp
-- Installing: /home/aiv/YongJun_ws/matlab_ws/ros_msg/matlab_msg_gen/glnxa64/install/include/vision_msgs/vision_msgs/msg/detail/classification3_d__builder.hpp
-- Installing: /home/aiv/YongJun_ws/matlab_ws/ros_msg/matlab_msg_gen/glnxa64/install/include/vision_msgs/vision_msgs/msg/detail/classification2_d__builder.hpp
-- Installing: /home/aiv/YongJun_ws/matlab_ws/ros_msg/matlab_msg_gen/glnxa64/install/include/vision_msgs/vision_msgs/msg/detail/object_hypothesis_with_pose__struct.hpp
-- Installing: /home/aiv/YongJun_ws/matlab_ws/ros_msg/matlab_msg_gen/glnxa64/install/include/vision_msgs/vision_msgs/msg/detail/bounding_box2_d_array__struct.hpp
-- Installing: /home/aiv/YongJun_ws/matlab_ws/ros_msg/matlab_msg_gen/glnxa64/install/include/vision_msgs/vision_msgs/msg/detail/bounding_box3_d__traits.hpp
-- Installing: /home/aiv/YongJun_ws/matlab_ws/ros_msg/matlab_msg_gen/glnxa64/install/include/vision_msgs/vision_msgs/msg/detail/detection3_d__builder.hpp
-- Installing: /home/aiv/YongJun_ws/matlab_ws/ros_msg/matlab_msg_gen/glnxa64/install/include/vision_msgs/vision_msgs/msg/detail/detection2_d_array__struct.hpp
-- Installing: /home/aiv/YongJun_ws/matlab_ws/ros_msg/matlab_msg_gen/glnxa64/install/include/vision_msgs/vision_msgs/msg/detail/detection2_d__struct.hpp
-- Installing: /home/aiv/YongJun_ws/matlab_ws/ros_msg/matlab_msg_gen/glnxa64/install/include/vision_msgs/vision_msgs/msg/detail/bounding_box3_d__struct.hpp
-- Installing: /home/aiv/YongJun_ws/matlab_ws/ros_msg/matlab_msg_gen/glnxa64/install/include/vision_msgs/vision_msgs/msg/detail/bounding_box2_d_array__traits.hpp
-- Installing: /home/aiv/YongJun_ws/matlab_ws/ros_msg/matlab_msg_gen/glnxa64/install/include/vision_msgs/vision_msgs/msg/detail/vision_info__struct.hpp
-- Installing: /home/aiv/YongJun_ws/matlab_ws/ros_msg/matlab_msg_gen/glnxa64/install/include/vision_msgs/vision_msgs/msg/detail/detection3_d_array__builder.hpp
-- Installing: /home/aiv/YongJun_ws/matlab_ws/ros_msg/matlab_msg_gen/glnxa64/install/include/vision_msgs/vision_msgs/msg/detail/bounding_box2_d__traits.hpp
-- Installing: /home/aiv/YongJun_ws/matlab_ws/ros_msg/matlab_msg_gen/glnxa64/install/include/vision_msgs/vision_msgs/msg/detail/object_hypothesis_with_pose__traits.hpp
-- Installing: /home/aiv/YongJun_ws/matlab_ws/ros_msg/matlab_msg_gen/glnxa64/install/include/vision_msgs/vision_msgs/msg/detail/object_hypothesis_with_pose__builder.hpp
-- Installing: /home/aiv/YongJun_ws/matlab_ws/ros_msg/matlab_msg_gen/glnxa64/install/include/vision_msgs/vision_msgs/msg/detail/detection2_d_array__builder.hpp
-- Installing: /home/aiv/YongJun_ws/matlab_ws/ros_msg/matlab_msg_gen/glnxa64/install/include/vision_msgs/vision_msgs/msg/detail/bounding_box3_d_array__builder.hpp
-- Installing: /home/aiv/YongJun_ws/matlab_ws/ros_msg/matlab_msg_gen/glnxa64/install/include/vision_msgs/vision_msgs/msg/detail/detection3_d_array__struct.hpp
-- Installing: /home/aiv/YongJun_ws/matlab_ws/ros_msg/matlab_msg_gen/glnxa64/install/include/vision_msgs/vision_msgs/msg/detail/bounding_box2_d__builder.hpp
-- Installing: /home/aiv/YongJun_ws/matlab_ws/ros_msg/matlab_msg_gen/glnxa64/install/include/vision_msgs/vision_msgs/msg/bounding_box3_d_array.hpp
-- Installing: /home/aiv/YongJun_ws/matlab_ws/ros_msg/matlab_msg_gen/glnxa64/install/include/vision_msgs/vision_msgs/msg/bounding_box3_d.hpp
-- Up-to-date: /home/aiv/YongJun_ws/matlab_ws/ros_msg/matlab_msg_gen/glnxa64/install/include/vision_msgs/vision_msgs
-- Up-to-date: /home/aiv/YongJun_ws/matlab_ws/ros_msg/matlab_msg_gen/glnxa64/install/include/vision_msgs/vision_msgs/msg
-- Installing: /home/aiv/YongJun_ws/matlab_ws/ros_msg/matlab_msg_gen/glnxa64/install/include/vision_msgs/vision_msgs/msg/rosidl_typesupport_fastrtps_cpp__visibility_control.h
-- Up-to-date: /home/aiv/YongJun_ws/matlab_ws/ros_msg/matlab_msg_gen/glnxa64/install/include/vision_msgs/vision_msgs/msg/detail
-- Installing: /home/aiv/YongJun_ws/matlab_ws/ros_msg/matlab_msg_gen/glnxa64/install/include/vision_msgs/vision_msgs/msg/detail/bounding_box3_d__rosidl_typesupport_fastrtps_cpp.hpp
-- Installing: /home/aiv/YongJun_ws/matlab_ws/ros_msg/matlab_msg_gen/glnxa64/install/include/vision_msgs/vision_msgs/msg/detail/dds_fastrtps
-- Installing: /home/aiv/YongJun_ws/matlab_ws/ros_msg/matlab_msg_gen/glnxa64/install/include/vision_msgs/vision_msgs/msg/detail/classification3_d__rosidl_typesupport_fastrtps_cpp.hpp
-- Installing: /home/aiv/YongJun_ws/matlab_ws/ros_msg/matlab_msg_gen/glnxa64/install/include/vision_msgs/vision_msgs/msg/detail/detection3_d_array__rosidl_typesupport_fastrtps_cpp.hpp
-- Installing: /home/aiv/YongJun_ws/matlab_ws/ros_msg/matlab_msg_gen/glnxa64/install/include/vision_msgs/vision_msgs/msg/detail/object_hypothesis_with_pose__rosidl_typesupport_fastrtps_cpp.hpp
-- Installing: /home/aiv/YongJun_ws/matlab_ws/ros_msg/matlab_msg_gen/glnxa64/install/include/vision_msgs/vision_msgs/msg/detail/vision_info__rosidl_typesupport_fastrtps_cpp.hpp
-- Installing: /home/aiv/YongJun_ws/matlab_ws/ros_msg/matlab_msg_gen/glnxa64/install/include/vision_msgs/vision_msgs/msg/detail/detection2_d__rosidl_typesupport_fastrtps_cpp.hpp
-- Installing: /home/aiv/YongJun_ws/matlab_ws/ros_msg/matlab_msg_gen/glnxa64/install/include/vision_msgs/vision_msgs/msg/detail/object_hypothesis__rosidl_typesupport_fastrtps_cpp.hpp
-- Installing: /home/aiv/YongJun_ws/matlab_ws/ros_msg/matlab_msg_gen/glnxa64/install/include/vision_msgs/vision_msgs/msg/detail/detection2_d_array__rosidl_typesupport_fastrtps_cpp.hpp
-- Installing: /home/aiv/YongJun_ws/matlab_ws/ros_msg/matlab_msg_gen/glnxa64/install/include/vision_msgs/vision_msgs/msg/detail/bounding_box2_d__rosidl_typesupport_fastrtps_cpp.hpp
-- Installing: /home/aiv/YongJun_ws/matlab_ws/ros_msg/matlab_msg_gen/glnxa64/install/include/vision_msgs/vision_msgs/msg/detail/detection3_d__rosidl_typesupport_fastrtps_cpp.hpp
-- Installing: /home/aiv/YongJun_ws/matlab_ws/ros_msg/matlab_msg_gen/glnxa64/install/include/vision_msgs/vision_msgs/msg/detail/classification2_d__rosidl_typesupport_fastrtps_cpp.hpp
-- Installing: /home/aiv/YongJun_ws/matlab_ws/ros_msg/matlab_msg_gen/glnxa64/install/include/vision_msgs/vision_msgs/msg/detail/bounding_box2_d_array__rosidl_typesupport_fastrtps_cpp.hpp
-- Installing: /home/aiv/YongJun_ws/matlab_ws/ros_msg/matlab_msg_gen/glnxa64/install/include/vision_msgs/vision_msgs/msg/detail/bounding_box3_d_array__rosidl_typesupport_fastrtps_cpp.hpp
-- Installing: /home/aiv/YongJun_ws/matlab_ws/ros_msg/matlab_msg_gen/glnxa64/install/lib/libvision_msgs__rosidl_typesupport_fastrtps_cpp.so
-- Up-to-date: /home/aiv/YongJun_ws/matlab_ws/ros_msg/matlab_msg_gen/glnxa64/install/include/vision_msgs/vision_msgs
-- Up-to-date: /home/aiv/YongJun_ws/matlab_ws/ros_msg/matlab_msg_gen/glnxa64/install/include/vision_msgs/vision_msgs/msg
-- Up-to-date: /home/aiv/YongJun_ws/matlab_ws/ros_msg/matlab_msg_gen/glnxa64/install/include/vision_msgs/vision_msgs/msg/detail
-- Installing: /home/aiv/YongJun_ws/matlab_ws/ros_msg/matlab_msg_gen/glnxa64/install/include/vision_msgs/vision_msgs/msg/detail/detection2_d_array__type_support.cpp
-- Installing: /home/aiv/YongJun_ws/matlab_ws/ros_msg/matlab_msg_gen/glnxa64/install/include/vision_msgs/vision_msgs/msg/detail/object_hypothesis__type_support.cpp
-- Installing: /home/aiv/YongJun_ws/matlab_ws/ros_msg/matlab_msg_gen/glnxa64/install/include/vision_msgs/vision_msgs/msg/detail/detection2_d__rosidl_typesupport_introspection_cpp.hpp
-- Installing: /home/aiv/YongJun_ws/matlab_ws/ros_msg/matlab_msg_gen/glnxa64/install/include/vision_msgs/vision_msgs/msg/detail/classification3_d__rosidl_typesupport_introspection_cpp.hpp
-- Installing: /home/aiv/YongJun_ws/matlab_ws/ros_msg/matlab_msg_gen/glnxa64/install/include/vision_msgs/vision_msgs/msg/detail/object_hypothesis__rosidl_typesupport_introspection_cpp.hpp
-- Installing: /home/aiv/YongJun_ws/matlab_ws/ros_msg/matlab_msg_gen/glnxa64/install/include/vision_msgs/vision_msgs/msg/detail/detection2_d__type_support.cpp
-- Installing: /home/aiv/YongJun_ws/matlab_ws/ros_msg/matlab_msg_gen/glnxa64/install/include/vision_msgs/vision_msgs/msg/detail/detection3_d__rosidl_typesupport_introspection_cpp.hpp
-- Installing: /home/aiv/YongJun_ws/matlab_ws/ros_msg/matlab_msg_gen/glnxa64/install/include/vision_msgs/vision_msgs/msg/detail/bounding_box3_d__rosidl_typesupport_introspection_cpp.hpp
-- Installing: /home/aiv/YongJun_ws/matlab_ws/ros_msg/matlab_msg_gen/glnxa64/install/include/vision_msgs/vision_msgs/msg/detail/detection3_d_array__type_support.cpp
-- Installing: /home/aiv/YongJun_ws/matlab_ws/ros_msg/matlab_msg_gen/glnxa64/install/include/vision_msgs/vision_msgs/msg/detail/bounding_box2_d_array__rosidl_typesupport_introspection_cpp.hpp
-- Installing: /home/aiv/YongJun_ws/matlab_ws/ros_msg/matlab_msg_gen/glnxa64/install/include/vision_msgs/vision_msgs/msg/detail/classification2_d__type_support.cpp
-- Installing: /home/aiv/YongJun_ws/matlab_ws/ros_msg/matlab_msg_gen/glnxa64/install/include/vision_msgs/vision_msgs/msg/detail/detection3_d_array__rosidl_typesupport_introspection_cpp.hpp
-- Installing: /home/aiv/YongJun_ws/matlab_ws/ros_msg/matlab_msg_gen/glnxa64/install/include/vision_msgs/vision_msgs/msg/detail/vision_info__rosidl_typesupport_introspection_cpp.hpp
-- Installing: /home/aiv/YongJun_ws/matlab_ws/ros_msg/matlab_msg_gen/glnxa64/install/include/vision_msgs/vision_msgs/msg/detail/object_hypothesis_with_pose__type_support.cpp
-- Installing: /home/aiv/YongJun_ws/matlab_ws/ros_msg/matlab_msg_gen/glnxa64/install/include/vision_msgs/vision_msgs/msg/detail/vision_info__type_support.cpp
-- Installing: /home/aiv/YongJun_ws/matlab_ws/ros_msg/matlab_msg_gen/glnxa64/install/include/vision_msgs/vision_msgs/msg/detail/bounding_box2_d__rosidl_typesupport_introspection_cpp.hpp
-- Installing: /home/aiv/YongJun_ws/matlab_ws/ros_msg/matlab_msg_gen/glnxa64/install/include/vision_msgs/vision_msgs/msg/detail/bounding_box2_d__type_support.cpp
-- Installing: /home/aiv/YongJun_ws/matlab_ws/ros_msg/matlab_msg_gen/glnxa64/install/include/vision_msgs/vision_msgs/msg/detail/bounding_box2_d_array__type_support.cpp
-- Installing: /home/aiv/YongJun_ws/matlab_ws/ros_msg/matlab_msg_gen/glnxa64/install/include/vision_msgs/vision_msgs/msg/detail/classification3_d__type_support.cpp
-- Installing: /home/aiv/YongJun_ws/matlab_ws/ros_msg/matlab_msg_gen/glnxa64/install/include/vision_msgs/vision_msgs/msg/detail/bounding_box3_d_array__rosidl_typesupport_introspection_cpp.hpp
-- Installing: /home/aiv/YongJun_ws/matlab_ws/ros_msg/matlab_msg_gen/glnxa64/install/include/vision_msgs/vision_msgs/msg/detail/detection2_d_array__rosidl_typesupport_introspection_cpp.hpp
-- Installing: /home/aiv/YongJun_ws/matlab_ws/ros_msg/matlab_msg_gen/glnxa64/install/include/vision_msgs/vision_msgs/msg/detail/classification2_d__rosidl_typesupport_introspection_cpp.hpp
-- Installing: /home/aiv/YongJun_ws/matlab_ws/ros_msg/matlab_msg_gen/glnxa64/install/include/vision_msgs/vision_msgs/msg/detail/object_hypothesis_with_pose__rosidl_typesupport_introspection_cpp.hpp
-- Installing: /home/aiv/YongJun_ws/matlab_ws/ros_msg/matlab_msg_gen/glnxa64/install/include/vision_msgs/vision_msgs/msg/detail/bounding_box3_d__type_support.cpp
-- Installing: /home/aiv/YongJun_ws/matlab_ws/ros_msg/matlab_msg_gen/glnxa64/install/include/vision_msgs/vision_msgs/msg/detail/bounding_box3_d_array__type_support.cpp
-- Installing: /home/aiv/YongJun_ws/matlab_ws/ros_msg/matlab_msg_gen/glnxa64/install/include/vision_msgs/vision_msgs/msg/detail/detection3_d__type_support.cpp
-- Installing: /home/aiv/YongJun_ws/matlab_ws/ros_msg/matlab_msg_gen/glnxa64/install/lib/libvision_msgs__rosidl_typesupport_introspection_cpp.so
-- Installing: /home/aiv/YongJun_ws/matlab_ws/ros_msg/matlab_msg_gen/glnxa64/install/lib/libvision_msgs__rosidl_typesupport_cpp.so
-- Installing: /home/aiv/YongJun_ws/matlab_ws/ros_msg/matlab_msg_gen/glnxa64/install/share/vision_msgs/msg/BoundingBox2D.idl
-- Installing: /home/aiv/YongJun_ws/matlab_ws/ros_msg/matlab_msg_gen/glnxa64/install/share/vision_msgs/msg/BoundingBox2DArray.idl
-- Installing: /home/aiv/YongJun_ws/matlab_ws/ros_msg/matlab_msg_gen/glnxa64/install/share/vision_msgs/msg/BoundingBox3D.idl
-- Installing: /home/aiv/YongJun_ws/matlab_ws/ros_msg/matlab_msg_gen/glnxa64/install/share/vision_msgs/msg/BoundingBox3DArray.idl
-- Installing: /home/aiv/YongJun_ws/matlab_ws/ros_msg/matlab_msg_gen/glnxa64/install/share/vision_msgs/msg/Classification2D.idl
-- Installing: /home/aiv/YongJun_ws/matlab_ws/ros_msg/matlab_msg_gen/glnxa64/install/share/vision_msgs/msg/Classification3D.idl
-- Installing: /home/aiv/YongJun_ws/matlab_ws/ros_msg/matlab_msg_gen/glnxa64/install/share/vision_msgs/msg/Detection2D.idl
-- Installing: /home/aiv/YongJun_ws/matlab_ws/ros_msg/matlab_msg_gen/glnxa64/install/share/vision_msgs/msg/Detection2DArray.idl
-- Installing: /home/aiv/YongJun_ws/matlab_ws/ros_msg/matlab_msg_gen/glnxa64/install/share/vision_msgs/msg/Detection3D.idl
-- Installing: /home/aiv/YongJun_ws/matlab_ws/ros_msg/matlab_msg_gen/glnxa64/install/share/vision_msgs/msg/Detection3DArray.idl
-- Installing: /home/aiv/YongJun_ws/matlab_ws/ros_msg/matlab_msg_gen/glnxa64/install/share/vision_msgs/msg/ObjectHypothesis.idl
-- Installing: /home/aiv/YongJun_ws/matlab_ws/ros_msg/matlab_msg_gen/glnxa64/install/share/vision_msgs/msg/ObjectHypothesisWithPose.idl
-- Installing: /home/aiv/YongJun_ws/matlab_ws/ros_msg/matlab_msg_gen/glnxa64/install/share/vision_msgs/msg/VisionInfo.idl
-- Installing: /home/aiv/YongJun_ws/matlab_ws/ros_msg/matlab_msg_gen/glnxa64/install/share/vision_msgs/msg/BoundingBox2D.msg
-- Installing: /home/aiv/YongJun_ws/matlab_ws/ros_msg/matlab_msg_gen/glnxa64/install/share/vision_msgs/msg/BoundingBox2DArray.msg
-- Installing: /home/aiv/YongJun_ws/matlab_ws/ros_msg/matlab_msg_gen/glnxa64/install/share/vision_msgs/msg/BoundingBox3D.msg
-- Installing: /home/aiv/YongJun_ws/matlab_ws/ros_msg/matlab_msg_gen/glnxa64/install/share/vision_msgs/msg/BoundingBox3DArray.msg
-- Installing: /home/aiv/YongJun_ws/matlab_ws/ros_msg/matlab_msg_gen/glnxa64/install/share/vision_msgs/msg/Classification2D.msg
-- Installing: /home/aiv/YongJun_ws/matlab_ws/ros_msg/matlab_msg_gen/glnxa64/install/share/vision_msgs/msg/Classification3D.msg
-- Installing: /home/aiv/YongJun_ws/matlab_ws/ros_msg/matlab_msg_gen/glnxa64/install/share/vision_msgs/msg/Detection2D.msg
-- Installing: /home/aiv/YongJun_ws/matlab_ws/ros_msg/matlab_msg_gen/glnxa64/install/share/vision_msgs/msg/Detection2DArray.msg
-- Installing: /home/aiv/YongJun_ws/matlab_ws/ros_msg/matlab_msg_gen/glnxa64/install/share/vision_msgs/msg/Detection3D.msg
-- Installing: /home/aiv/YongJun_ws/matlab_ws/ros_msg/matlab_msg_gen/glnxa64/install/share/vision_msgs/msg/Detection3DArray.msg
-- Installing: /home/aiv/YongJun_ws/matlab_ws/ros_msg/matlab_msg_gen/glnxa64/install/share/vision_msgs/msg/ObjectHypothesis.msg
-- Installing: /home/aiv/YongJun_ws/matlab_ws/ros_msg/matlab_msg_gen/glnxa64/install/share/vision_msgs/msg/ObjectHypothesisWithPose.msg
-- Installing: /home/aiv/YongJun_ws/matlab_ws/ros_msg/matlab_msg_gen/glnxa64/install/share/vision_msgs/msg/VisionInfo.msg
-- Up-to-date: /home/aiv/YongJun_ws/matlab_ws/ros_msg/matlab_msg_gen/glnxa64/install/include
-- Up-to-date: /home/aiv/YongJun_ws/matlab_ws/ros_msg/matlab_msg_gen/glnxa64/install/include/vision_msgs
-- Installing: /home/aiv/YongJun_ws/matlab_ws/ros_msg/matlab_msg_gen/glnxa64/install/include/vision_msgs/visibility_control.h
-- Installing: /home/aiv/YongJun_ws/matlab_ws/ros_msg/matlab_msg_gen/glnxa64/install/lib/libvision_msgs_matlab.so
-- Installing: /home/aiv/YongJun_ws/matlab_ws/ros_msg/matlab_msg_gen/glnxa64/install/m/
-- Installing: /home/aiv/YongJun_ws/matlab_ws/ros_msg/matlab_msg_gen/glnxa64/install/m//+ros
-- Installing: /home/aiv/YongJun_ws/matlab_ws/ros_msg/matlab_msg_gen/glnxa64/install/m//+ros/+internal
-- Installing: /home/aiv/YongJun_ws/matlab_ws/ros_msg/matlab_msg_gen/glnxa64/install/m//+ros/+internal/+ros2
-- Installing: /home/aiv/YongJun_ws/matlab_ws/ros_msg/matlab_msg_gen/glnxa64/install/m//+ros/+internal/+ros2/+custommessages
-- Installing: /home/aiv/YongJun_ws/matlab_ws/ros_msg/matlab_msg_gen/glnxa64/install/m//+ros/+internal/+ros2/+custommessages/+vision_msgs
-- Installing: /home/aiv/YongJun_ws/matlab_ws/ros_msg/matlab_msg_gen/glnxa64/install/m//+ros/+internal/+ros2/+custommessages/+vision_msgs/boundingBox2DArray.m
-- Installing: /home/aiv/YongJun_ws/matlab_ws/ros_msg/matlab_msg_gen/glnxa64/install/m//+ros/+internal/+ros2/+custommessages/+vision_msgs/detection3DArray.m
-- Installing: /home/aiv/YongJun_ws/matlab_ws/ros_msg/matlab_msg_gen/glnxa64/install/m//+ros/+internal/+ros2/+custommessages/+vision_msgs/boundingBox3DArray.m
-- Installing: /home/aiv/YongJun_ws/matlab_ws/ros_msg/matlab_msg_gen/glnxa64/install/m//+ros/+internal/+ros2/+custommessages/+vision_msgs/boundingBox2D.m
-- Installing: /home/aiv/YongJun_ws/matlab_ws/ros_msg/matlab_msg_gen/glnxa64/install/m//+ros/+internal/+ros2/+custommessages/+vision_msgs/objectHypothesisWithPose.m
-- Installing: /home/aiv/YongJun_ws/matlab_ws/ros_msg/matlab_msg_gen/glnxa64/install/m//+ros/+internal/+ros2/+custommessages/+vision_msgs/detection2D.m
-- Installing: /home/aiv/YongJun_ws/matlab_ws/ros_msg/matlab_msg_gen/glnxa64/install/m//+ros/+internal/+ros2/+custommessages/+vision_msgs/detection3D.m
-- Installing: /home/aiv/YongJun_ws/matlab_ws/ros_msg/matlab_msg_gen/glnxa64/install/m//+ros/+internal/+ros2/+custommessages/+vision_msgs/classification3D.m
-- Installing: /home/aiv/YongJun_ws/matlab_ws/ros_msg/matlab_msg_gen/glnxa64/install/m//+ros/+internal/+ros2/+custommessages/+vision_msgs/detection2DArray.m
-- Installing: /home/aiv/YongJun_ws/matlab_ws/ros_msg/matlab_msg_gen/glnxa64/install/m//+ros/+internal/+ros2/+custommessages/+vision_msgs/boundingBox3D.m
-- Installing: /home/aiv/YongJun_ws/matlab_ws/ros_msg/matlab_msg_gen/glnxa64/install/m//+ros/+internal/+ros2/+custommessages/+vision_msgs/objectHypothesis.m
-- Installing: /home/aiv/YongJun_ws/matlab_ws/ros_msg/matlab_msg_gen/glnxa64/install/m//+ros/+internal/+ros2/+custommessages/+vision_msgs/classification2D.m
-- Installing: /home/aiv/YongJun_ws/matlab_ws/ros_msg/matlab_msg_gen/glnxa64/install/m//+ros/+internal/+ros2/+custommessages/+vision_msgs/visionInfo.m
-- Installing: /home/aiv/YongJun_ws/matlab_ws/ros_msg/matlab_msg_gen/glnxa64/install/share/ament_index/resource_index/package_run_dependencies/vision_msgs
-- Installing: /home/aiv/YongJun_ws/matlab_ws/ros_msg/matlab_msg_gen/glnxa64/install/share/ament_index/resource_index/parent_prefix_path/vision_msgs
-- Installing: /home/aiv/YongJun_ws/matlab_ws/ros_msg/matlab_msg_gen/glnxa64/install/share/vision_msgs/environment/ament_prefix_path.sh
-- Installing: /home/aiv/YongJun_ws/matlab_ws/ros_msg/matlab_msg_gen/glnxa64/install/share/vision_msgs/environment/ament_prefix_path.dsv
-- Installing: /home/aiv/YongJun_ws/matlab_ws/ros_msg/matlab_msg_gen/glnxa64/install/share/vision_msgs/environment/path.sh
-- Installing: /home/aiv/YongJun_ws/matlab_ws/ros_msg/matlab_msg_gen/glnxa64/install/share/vision_msgs/environment/path.dsv
-- Installing: /home/aiv/YongJun_ws/matlab_ws/ros_msg/matlab_msg_gen/glnxa64/install/share/vision_msgs/local_setup.bash
-- Installing: /home/aiv/YongJun_ws/matlab_ws/ros_msg/matlab_msg_gen/glnxa64/install/share/vision_msgs/local_setup.sh
-- Installing: /home/aiv/YongJun_ws/matlab_ws/ros_msg/matlab_msg_gen/glnxa64/install/share/vision_msgs/local_setup.zsh
-- Installing: /home/aiv/YongJun_ws/matlab_ws/ros_msg/matlab_msg_gen/glnxa64/install/share/vision_msgs/local_setup.dsv
-- Installing: /home/aiv/YongJun_ws/matlab_ws/ros_msg/matlab_msg_gen/glnxa64/install/share/vision_msgs/package.dsv
-- Installing: /home/aiv/YongJun_ws/matlab_ws/ros_msg/matlab_msg_gen/glnxa64/install/share/ament_index/resource_index/packages/vision_msgs
-- Installing: /home/aiv/YongJun_ws/matlab_ws/ros_msg/matlab_msg_gen/glnxa64/install/share/vision_msgs/cmake/export_vision_msgs__rosidl_generator_cExport.cmake
-- Installing: /home/aiv/YongJun_ws/matlab_ws/ros_msg/matlab_msg_gen/glnxa64/install/share/vision_msgs/cmake/export_vision_msgs__rosidl_generator_cExport-release.cmake
-- Installing: /home/aiv/YongJun_ws/matlab_ws/ros_msg/matlab_msg_gen/glnxa64/install/share/vision_msgs/cmake/export_vision_msgs__rosidl_typesupport_fastrtps_cExport.cmake
-- Installing: /home/aiv/YongJun_ws/matlab_ws/ros_msg/matlab_msg_gen/glnxa64/install/share/vision_msgs/cmake/export_vision_msgs__rosidl_typesupport_fastrtps_cExport-release.cmake
-- Installing: /home/aiv/YongJun_ws/matlab_ws/ros_msg/matlab_msg_gen/glnxa64/install/share/vision_msgs/cmake/vision_msgs__rosidl_typesupport_introspection_cExport.cmake
-- Installing: /home/aiv/YongJun_ws/matlab_ws/ros_msg/matlab_msg_gen/glnxa64/install/share/vision_msgs/cmake/vision_msgs__rosidl_typesupport_introspection_cExport-release.cmake
-- Installing: /home/aiv/YongJun_ws/matlab_ws/ros_msg/matlab_msg_gen/glnxa64/install/share/vision_msgs/cmake/vision_msgs__rosidl_typesupport_cExport.cmake
-- Installing: /home/aiv/YongJun_ws/matlab_ws/ros_msg/matlab_msg_gen/glnxa64/install/share/vision_msgs/cmake/vision_msgs__rosidl_typesupport_cExport-release.cmake
-- Installing: /home/aiv/YongJun_ws/matlab_ws/ros_msg/matlab_msg_gen/glnxa64/install/share/vision_msgs/cmake/export_vision_msgs__rosidl_generator_cppExport.cmake
-- Installing: /home/aiv/YongJun_ws/matlab_ws/ros_msg/matlab_msg_gen/glnxa64/install/share/vision_msgs/cmake/export_vision_msgs__rosidl_typesupport_fastrtps_cppExport.cmake
-- Installing: /home/aiv/YongJun_ws/matlab_ws/ros_msg/matlab_msg_gen/glnxa64/install/share/vision_msgs/cmake/export_vision_msgs__rosidl_typesupport_fastrtps_cppExport-release.cmake
-- Installing: /home/aiv/YongJun_ws/matlab_ws/ros_msg/matlab_msg_gen/glnxa64/install/share/vision_msgs/cmake/vision_msgs__rosidl_typesupport_introspection_cppExport.cmake
-- Installing: /home/aiv/YongJun_ws/matlab_ws/ros_msg/matlab_msg_gen/glnxa64/install/share/vision_msgs/cmake/vision_msgs__rosidl_typesupport_introspection_cppExport-release.cmake
-- Installing: /home/aiv/YongJun_ws/matlab_ws/ros_msg/matlab_msg_gen/glnxa64/install/share/vision_msgs/cmake/vision_msgs__rosidl_typesupport_cppExport.cmake
-- Installing: /home/aiv/YongJun_ws/matlab_ws/ros_msg/matlab_msg_gen/glnxa64/install/share/vision_msgs/cmake/vision_msgs__rosidl_typesupport_cppExport-release.cmake
-- Installing: /home/aiv/YongJun_ws/matlab_ws/ros_msg/matlab_msg_gen/glnxa64/install/share/vision_msgs/cmake/rosidl_cmake-extras.cmake
-- Installing: /home/aiv/YongJun_ws/matlab_ws/ros_msg/matlab_msg_gen/glnxa64/install/share/vision_msgs/cmake/ament_cmake_export_dependencies-extras.cmake
-- Installing: /home/aiv/YongJun_ws/matlab_ws/ros_msg/matlab_msg_gen/glnxa64/install/share/vision_msgs/cmake/ament_cmake_export_include_directories-extras.cmake
-- Installing: /home/aiv/YongJun_ws/matlab_ws/ros_msg/matlab_msg_gen/glnxa64/install/share/vision_msgs/cmake/ament_cmake_export_libraries-extras.cmake
-- Installing: /home/aiv/YongJun_ws/matlab_ws/ros_msg/matlab_msg_gen/glnxa64/install/share/vision_msgs/cmake/ament_cmake_export_targets-extras.cmake
-- Installing: /home/aiv/YongJun_ws/matlab_ws/ros_msg/matlab_msg_gen/glnxa64/install/share/vision_msgs/cmake/rosidl_cmake_export_typesupport_targets-extras.cmake
-- Installing: /home/aiv/YongJun_ws/matlab_ws/ros_msg/matlab_msg_gen/glnxa64/install/share/vision_msgs/cmake/rosidl_cmake_export_typesupport_libraries-extras.cmake
-- Installing: /home/aiv/YongJun_ws/matlab_ws/ros_msg/matlab_msg_gen/glnxa64/install/share/vision_msgs/cmake/vision_msgsConfig.cmake
-- Installing: /home/aiv/YongJun_ws/matlab_ws/ros_msg/matlab_msg_gen/glnxa64/install/share/vision_msgs/cmake/vision_msgsConfig-version.cmake
-- Installing: /home/aiv/YongJun_ws/matlab_ws/ros_msg/matlab_msg_gen/glnxa64/install/share/vision_msgs/package.xml
