[0.020s] Invoking command in '/home/aiv/YongJun_ws/matlab_ws/ros_msg/matlab_msg_gen/glnxa64/build/vision_msgs': PS1=(venv) VIRTUAL_ENV_PROMPT=(venv) /usr/local/MATLAB/R2024a/bin/glnxa64/cmake/bin/cmake /home/aiv/YongJun_ws/matlab_ws/ros_msg/matlab_msg_gen/glnxa64/src/vision_msgs -DCMAKE_BUILD_TYPE=Release -DCMAKE_SHARED_LINKER_FLAGS=-Wl,-no-as-needed -DBUILD_TESTING=OFF -DALIAS_ROS2_TF2=1 -DCMAKE_CXX_FLAGS_RELEASE=-O0 -G Ninja -DCMAKE_C_COMPILER=/usr/bin/gcc -DCMAKE_CXX_COMPILER=/usr/bin/g++ -DCMAKE_INSTALL_PREFIX=/home/aiv/YongJun_ws/matlab_ws/ros_msg/matlab_msg_gen/glnxa64/install
[0.058s] -- The C compiler identification is GNU 9.4.0
[0.099s] -- The CXX compiler identification is GNU 9.4.0
[0.107s] -- Detecting C compiler ABI info
[0.147s] -- Detecting C compiler ABI info - done
[0.156s] -- Check for working C compiler: /usr/bin/gcc - skipped
[0.157s] -- Detecting C compile features
[0.157s] -- Detecting C compile features - done
[0.160s] -- Detecting CXX compiler ABI info
[0.212s] -- Detecting CXX compiler ABI info - done
[0.220s] -- Check for working CXX compiler: /usr/bin/g++ - skipped
[0.220s] -- Detecting CXX compile features
[0.221s] -- Detecting CXX compile features - done
[0.222s] -- Found ament_cmake: 1.3.3 (/usr/local/MATLAB/R2024a/sys/ros2/glnxa64/ros2/share/ament_cmake/cmake)
[0.934s] -- Found Python3: /home/aiv/.matlab/R2024a/ros2/glnxa64/venv/bin/python3.10 (found version "3.10.14") found components: Interpreter 
[0.985s] -- Found ament_cmake_ros: 0.10.0 (/usr/local/MATLAB/R2024a/sys/ros2/glnxa64/ros2/share/ament_cmake_ros/cmake)
[0.989s] -- Found rosidl_typesupport_c: 2.0.0 (/usr/local/MATLAB/R2024a/sys/ros2/glnxa64/ros2/share/rosidl_typesupport_c/cmake)
[0.989s] -- Using all available rosidl_typesupport_c: rosidl_typesupport_fastrtps_c;rosidl_typesupport_introspection_c
[0.994s] -- Found rosidl_adapter: 3.1.4 (/usr/local/MATLAB/R2024a/sys/ros2/glnxa64/ros2/share/rosidl_adapter/cmake)
[1.025s] -- Found rosidl_typesupport_cpp: 2.0.0 (/usr/local/MATLAB/R2024a/sys/ros2/glnxa64/ros2/share/rosidl_typesupport_cpp/cmake)
[1.025s] -- Using all available rosidl_typesupport_cpp: rosidl_typesupport_fastrtps_cpp;rosidl_typesupport_introspection_cpp
[1.049s] -- Found rosidl_default_generators: 1.2.0 (/usr/local/MATLAB/R2024a/sys/ros2/glnxa64/ros2/share/rosidl_default_generators/cmake)
[1.052s] -- Found class_loader: 2.2.0 (/usr/local/MATLAB/R2024a/sys/ros2/glnxa64/ros2/share/class_loader/cmake)
[1.054s] -- Found geometry_msgs: 4.2.3 (/usr/local/MATLAB/R2024a/sys/ros2/glnxa64/ros2/share/geometry_msgs/cmake)
[1.145s] -- Found rclcpp: 16.0.5 (/usr/local/MATLAB/R2024a/sys/ros2/glnxa64/ros2/share/rclcpp/cmake)
[1.186s] -- Found rmw_implementation_cmake: 6.1.1 (/usr/local/MATLAB/R2024a/sys/ros2/glnxa64/ros2/share/rmw_implementation_cmake/cmake)
[1.187s] -- Found rmw_fastrtps_cpp: 6.2.2 (/usr/local/MATLAB/R2024a/sys/ros2/glnxa64/ros2/share/rmw_fastrtps_cpp/cmake)
[1.237s] -- Found FastRTPS: /usr/local/MATLAB/R2024a/sys/ros2/glnxa64/ros2/include  
[1.262s] -- Using RMW implementation 'rmw_fastrtps_cpp' as default
[1.267s] -- Performing Test CMAKE_HAVE_LIBC_PTHREAD
[1.307s] -- Performing Test CMAKE_HAVE_LIBC_PTHREAD - Failed
[1.307s] -- Looking for pthread_create in pthreads
[1.344s] -- Looking for pthread_create in pthreads - not found
[1.344s] -- Looking for pthread_create in pthread
[1.389s] -- Looking for pthread_create in pthread - found
[1.390s] -- Found Threads: TRUE  
[1.480s] -- Found sensor_msgs: 4.2.3 (/usr/local/MATLAB/R2024a/sys/ros2/glnxa64/ros2/share/sensor_msgs/cmake)
[1.946s] -- Using all available rosidl_typesupport_c: rosidl_typesupport_fastrtps_c;rosidl_typesupport_introspection_c
[2.178s] -- Using all available rosidl_typesupport_cpp: rosidl_typesupport_fastrtps_cpp;rosidl_typesupport_introspection_cpp
[2.184s] -- Configuring done
[2.210s] -- Generating done
[2.218s] -- Build files have been written to: /home/aiv/YongJun_ws/matlab_ws/ros_msg/matlab_msg_gen/glnxa64/build/vision_msgs
[2.225s] Invoked command in '/home/aiv/YongJun_ws/matlab_ws/ros_msg/matlab_msg_gen/glnxa64/build/vision_msgs' returned '0': PS1=(venv) VIRTUAL_ENV_PROMPT=(venv) /usr/local/MATLAB/R2024a/bin/glnxa64/cmake/bin/cmake /home/aiv/YongJun_ws/matlab_ws/ros_msg/matlab_msg_gen/glnxa64/src/vision_msgs -DCMAKE_BUILD_TYPE=Release -DCMAKE_SHARED_LINKER_FLAGS=-Wl,-no-as-needed -DBUILD_TESTING=OFF -DALIAS_ROS2_TF2=1 -DCMAKE_CXX_FLAGS_RELEASE=-O0 -G Ninja -DCMAKE_C_COMPILER=/usr/bin/gcc -DCMAKE_CXX_COMPILER=/usr/bin/g++ -DCMAKE_INSTALL_PREFIX=/home/aiv/YongJun_ws/matlab_ws/ros_msg/matlab_msg_gen/glnxa64/install
[2.226s] Invoking command in '/home/aiv/YongJun_ws/matlab_ws/ros_msg/matlab_msg_gen/glnxa64/build/vision_msgs': PS1=(venv) VIRTUAL_ENV_PROMPT=(venv) /usr/local/MATLAB/R2024a/bin/glnxa64/cmake/bin/cmake --build /home/aiv/YongJun_ws/matlab_ws/ros_msg/matlab_msg_gen/glnxa64/build/vision_msgs -- -j32 -l32
[2.873s] [1/120] Generating C++ code for ROS interfaces
[2.905s] [2/120] Generating C code for ROS interfaces
[2.986s] [3/120] Building C object CMakeFiles/vision_msgs__rosidl_generator_c.dir/rosidl_generator_c/vision_msgs/msg/detail/bounding_box2_d_array__functions.c.o
[2.986s] [4/120] Building C object CMakeFiles/vision_msgs__rosidl_generator_c.dir/rosidl_generator_c/vision_msgs/msg/detail/object_hypothesis_with_pose__functions.c.o
[2.987s] [5/120] Building C object CMakeFiles/vision_msgs__rosidl_generator_c.dir/rosidl_generator_c/vision_msgs/msg/detail/detection3_d_array__functions.c.o
[2.989s] [6/120] Building C object CMakeFiles/vision_msgs__rosidl_generator_c.dir/rosidl_generator_c/vision_msgs/msg/detail/classification3_d__functions.c.o
[2.990s] [7/120] Building C object CMakeFiles/vision_msgs__rosidl_generator_c.dir/rosidl_generator_c/vision_msgs/msg/detail/detection3_d__functions.c.o
[3.007s] [8/120] Building C object CMakeFiles/vision_msgs__rosidl_generator_c.dir/rosidl_generator_c/vision_msgs/msg/detail/object_hypothesis__functions.c.o
[3.009s] [9/120] Building C object CMakeFiles/vision_msgs__rosidl_generator_c.dir/rosidl_generator_c/vision_msgs/msg/detail/bounding_box3_d_array__functions.c.o
[3.010s] [10/120] Building C object CMakeFiles/vision_msgs__rosidl_generator_c.dir/rosidl_generator_c/vision_msgs/msg/detail/classification2_d__functions.c.o
[3.014s] [11/120] Building C object CMakeFiles/vision_msgs__rosidl_generator_c.dir/rosidl_generator_c/vision_msgs/msg/detail/bounding_box2_d__functions.c.o
[3.014s] [12/120] Building C object CMakeFiles/vision_msgs__rosidl_generator_c.dir/rosidl_generator_c/vision_msgs/msg/detail/bounding_box3_d__functions.c.o
[3.014s] [13/120] Building C object CMakeFiles/vision_msgs__rosidl_generator_c.dir/rosidl_generator_c/vision_msgs/msg/detail/detection2_d__functions.c.o
[3.016s] [14/120] Building C object CMakeFiles/vision_msgs__rosidl_generator_c.dir/rosidl_generator_c/vision_msgs/msg/detail/detection2_d_array__functions.c.o
[3.018s] [15/120] Building C object CMakeFiles/vision_msgs__rosidl_generator_c.dir/rosidl_generator_c/vision_msgs/msg/detail/vision_info__functions.c.o
[3.032s] [16/120] Linking C shared library libvision_msgs__rosidl_generator_c.so
[3.372s] [17/120] Generating C++ type support dispatch for ROS interfaces
[3.516s] [18/120] Generating C++ introspection for ROS interfaces
[3.631s] [19/120] Generating C++ type support for eProsima Fast-RTPS
[3.714s] [20/120] Generating C type support dispatch for ROS interfaces
[3.753s] [21/120] Building CXX object CMakeFiles/vision_msgs__rosidl_typesupport_cpp.dir/rosidl_typesupport_cpp/vision_msgs/msg/detection2_d_array__type_support.cpp.o
[3.754s] [22/120] Building CXX object CMakeFiles/vision_msgs__rosidl_typesupport_cpp.dir/rosidl_typesupport_cpp/vision_msgs/msg/detection3_d_array__type_support.cpp.o
[3.760s] [23/120] Building CXX object CMakeFiles/vision_msgs__rosidl_typesupport_cpp.dir/rosidl_typesupport_cpp/vision_msgs/msg/vision_info__type_support.cpp.o
[3.760s] [24/120] Building CXX object CMakeFiles/vision_msgs__rosidl_typesupport_cpp.dir/rosidl_typesupport_cpp/vision_msgs/msg/classification2_d__type_support.cpp.o
[3.760s] [25/120] Building CXX object CMakeFiles/vision_msgs__rosidl_typesupport_cpp.dir/rosidl_typesupport_cpp/vision_msgs/msg/classification3_d__type_support.cpp.o
[3.770s] [26/120] Building CXX object CMakeFiles/vision_msgs__rosidl_typesupport_cpp.dir/rosidl_typesupport_cpp/vision_msgs/msg/detection3_d__type_support.cpp.o
[3.770s] [27/120] Building CXX object CMakeFiles/vision_msgs__rosidl_typesupport_c.dir/rosidl_typesupport_c/vision_msgs/msg/detection2_d_array__type_support.cpp.o
[3.787s] [28/120] Building CXX object CMakeFiles/vision_msgs__rosidl_typesupport_cpp.dir/rosidl_typesupport_cpp/vision_msgs/msg/detection2_d__type_support.cpp.o
[3.787s] [29/120] Building CXX object CMakeFiles/vision_msgs__rosidl_typesupport_c.dir/rosidl_typesupport_c/vision_msgs/msg/bounding_box2_d__type_support.cpp.o
[3.796s] [30/120] Building CXX object CMakeFiles/vision_msgs__rosidl_typesupport_c.dir/rosidl_typesupport_c/vision_msgs/msg/bounding_box3_d__type_support.cpp.o
[3.796s] [31/120] Building CXX object CMakeFiles/vision_msgs__rosidl_typesupport_c.dir/rosidl_typesupport_c/vision_msgs/msg/bounding_box2_d_array__type_support.cpp.o
[3.796s] [32/120] Building CXX object CMakeFiles/vision_msgs__rosidl_typesupport_c.dir/rosidl_typesupport_c/vision_msgs/msg/bounding_box3_d_array__type_support.cpp.o
[3.804s] [33/120] Building CXX object CMakeFiles/vision_msgs__rosidl_typesupport_cpp.dir/rosidl_typesupport_cpp/vision_msgs/msg/bounding_box2_d__type_support.cpp.o
[3.806s] [34/120] Building CXX object CMakeFiles/vision_msgs__rosidl_typesupport_cpp.dir/rosidl_typesupport_cpp/vision_msgs/msg/bounding_box2_d_array__type_support.cpp.o
[3.807s] [35/120] Building CXX object CMakeFiles/vision_msgs__rosidl_typesupport_cpp.dir/rosidl_typesupport_cpp/vision_msgs/msg/object_hypothesis__type_support.cpp.o
[3.808s] [36/120] Building CXX object CMakeFiles/vision_msgs__rosidl_typesupport_cpp.dir/rosidl_typesupport_cpp/vision_msgs/msg/bounding_box3_d__type_support.cpp.o
[3.808s] [37/120] Building CXX object CMakeFiles/vision_msgs__rosidl_typesupport_cpp.dir/rosidl_typesupport_cpp/vision_msgs/msg/bounding_box3_d_array__type_support.cpp.o
[3.809s] [38/120] Building CXX object CMakeFiles/vision_msgs__rosidl_typesupport_c.dir/rosidl_typesupport_c/vision_msgs/msg/classification3_d__type_support.cpp.o
[3.809s] [39/120] Building CXX object CMakeFiles/vision_msgs__rosidl_typesupport_c.dir/rosidl_typesupport_c/vision_msgs/msg/detection2_d__type_support.cpp.o
[3.809s] [40/120] Building CXX object CMakeFiles/vision_msgs__rosidl_typesupport_cpp.dir/rosidl_typesupport_cpp/vision_msgs/msg/object_hypothesis_with_pose__type_support.cpp.o
[3.813s] [41/120] Building CXX object CMakeFiles/vision_msgs__rosidl_typesupport_c.dir/rosidl_typesupport_c/vision_msgs/msg/classification2_d__type_support.cpp.o
[3.827s] [42/120] Building CXX object CMakeFiles/vision_msgs__rosidl_typesupport_c.dir/rosidl_typesupport_c/vision_msgs/msg/detection3_d__type_support.cpp.o
[3.828s] [43/120] Building CXX object CMakeFiles/vision_msgs__rosidl_typesupport_c.dir/rosidl_typesupport_c/vision_msgs/msg/detection3_d_array__type_support.cpp.o
[3.833s] [44/120] Building CXX object CMakeFiles/vision_msgs__rosidl_typesupport_c.dir/rosidl_typesupport_c/vision_msgs/msg/object_hypothesis__type_support.cpp.o
[3.834s] [45/120] Building CXX object CMakeFiles/vision_msgs__rosidl_typesupport_c.dir/rosidl_typesupport_c/vision_msgs/msg/object_hypothesis_with_pose__type_support.cpp.o
[3.840s] [46/120] Building CXX object CMakeFiles/vision_msgs__rosidl_typesupport_c.dir/rosidl_typesupport_c/vision_msgs/msg/vision_info__type_support.cpp.o
[3.913s] [47/120] Linking CXX shared library libvision_msgs__rosidl_typesupport_c.so
[3.948s] [48/120] Generating C introspection for ROS interfaces
[4.023s] [49/120] Building C object CMakeFiles/vision_msgs__rosidl_typesupport_introspection_c.dir/rosidl_typesupport_introspection_c/vision_msgs/msg/detail/bounding_box2_d__type_support.c.o
[4.044s] [50/120] Generating C type support for eProsima Fast-RTPS
[4.079s] [51/120] Building CXX object CMakeFiles/vision_msgs__rosidl_typesupport_introspection_cpp.dir/rosidl_typesupport_introspection_cpp/vision_msgs/msg/detail/bounding_box2_d__type_support.cpp.o
[4.086s] [52/120] Building C object CMakeFiles/vision_msgs__rosidl_typesupport_introspection_c.dir/rosidl_typesupport_introspection_c/vision_msgs/msg/detail/bounding_box3_d__type_support.c.o
[4.157s] [53/120] Building CXX object CMakeFiles/vision_msgs__rosidl_typesupport_introspection_cpp.dir/rosidl_typesupport_introspection_cpp/vision_msgs/msg/detail/bounding_box2_d_array__type_support.cpp.o
[4.257s] [54/120] Building CXX object CMakeFiles/vision_msgs__rosidl_typesupport_fastrtps_cpp.dir/rosidl_typesupport_fastrtps_cpp/vision_msgs/msg/detail/dds_fastrtps/bounding_box2_d__type_support.cpp.o
[4.408s] [55/120] Building CXX object CMakeFiles/vision_msgs__rosidl_typesupport_introspection_cpp.dir/rosidl_typesupport_introspection_cpp/vision_msgs/msg/detail/bounding_box3_d__type_support.cpp.o
[4.423s] [56/120] Building CXX object CMakeFiles/vision_msgs__rosidl_typesupport_fastrtps_cpp.dir/rosidl_typesupport_fastrtps_cpp/vision_msgs/msg/detail/dds_fastrtps/object_hypothesis_with_pose__type_support.cpp.o
[4.428s] [57/120] Building CXX object CMakeFiles/vision_msgs__rosidl_typesupport_fastrtps_cpp.dir/rosidl_typesupport_fastrtps_cpp/vision_msgs/msg/detail/dds_fastrtps/vision_info__type_support.cpp.o
[4.439s] [58/120] Building CXX object CMakeFiles/vision_msgs__rosidl_typesupport_fastrtps_cpp.dir/rosidl_typesupport_fastrtps_cpp/vision_msgs/msg/detail/dds_fastrtps/bounding_box3_d__type_support.cpp.o
[4.446s] [59/120] Building CXX object CMakeFiles/vision_msgs__rosidl_typesupport_fastrtps_cpp.dir/rosidl_typesupport_fastrtps_cpp/vision_msgs/msg/detail/dds_fastrtps/bounding_box2_d_array__type_support.cpp.o
[4.462s] [60/120] Building CXX object CMakeFiles/vision_msgs__rosidl_typesupport_fastrtps_cpp.dir/rosidl_typesupport_fastrtps_cpp/vision_msgs/msg/detail/dds_fastrtps/object_hypothesis__type_support.cpp.o
[4.512s] [61/120] Building CXX object CMakeFiles/vision_msgs__rosidl_typesupport_fastrtps_cpp.dir/rosidl_typesupport_fastrtps_cpp/vision_msgs/msg/detail/dds_fastrtps/detection3_d__type_support.cpp.o
[4.518s] [62/120] Building CXX object CMakeFiles/vision_msgs__rosidl_typesupport_fastrtps_cpp.dir/rosidl_typesupport_fastrtps_cpp/vision_msgs/msg/detail/dds_fastrtps/bounding_box3_d_array__type_support.cpp.o
[4.518s] [63/120] Building CXX object CMakeFiles/vision_msgs__rosidl_typesupport_fastrtps_cpp.dir/rosidl_typesupport_fastrtps_cpp/vision_msgs/msg/detail/dds_fastrtps/classification2_d__type_support.cpp.o
[4.524s] [64/120] Building CXX object CMakeFiles/vision_msgs__rosidl_typesupport_fastrtps_cpp.dir/rosidl_typesupport_fastrtps_cpp/vision_msgs/msg/detail/dds_fastrtps/classification3_d__type_support.cpp.o
[4.534s] [65/120] Building CXX object CMakeFiles/vision_msgs__rosidl_typesupport_fastrtps_c.dir/rosidl_typesupport_fastrtps_c/vision_msgs/msg/detail/bounding_box2_d__type_support_c.cpp.o
[4.540s] [66/120] Building CXX object CMakeFiles/vision_msgs__rosidl_typesupport_fastrtps_cpp.dir/rosidl_typesupport_fastrtps_cpp/vision_msgs/msg/detail/dds_fastrtps/detection3_d_array__type_support.cpp.o
[4.549s] [67/120] Building CXX object CMakeFiles/vision_msgs__rosidl_typesupport_fastrtps_cpp.dir/rosidl_typesupport_fastrtps_cpp/vision_msgs/msg/detail/dds_fastrtps/detection2_d__type_support.cpp.o
[4.564s] [68/120] Building CXX object CMakeFiles/vision_msgs__rosidl_typesupport_introspection_cpp.dir/rosidl_typesupport_introspection_cpp/vision_msgs/msg/detail/bounding_box3_d_array__type_support.cpp.o
[4.575s] [69/120] Building CXX object CMakeFiles/vision_msgs__rosidl_typesupport_fastrtps_c.dir/rosidl_typesupport_fastrtps_c/vision_msgs/msg/detail/bounding_box2_d_array__type_support_c.cpp.o
[4.577s] [70/120] Building CXX object CMakeFiles/vision_msgs__rosidl_typesupport_fastrtps_cpp.dir/rosidl_typesupport_fastrtps_cpp/vision_msgs/msg/detail/dds_fastrtps/detection2_d_array__type_support.cpp.o
[4.578s] [71/120] Building CXX object CMakeFiles/vision_msgs__rosidl_typesupport_fastrtps_c.dir/rosidl_typesupport_fastrtps_c/vision_msgs/msg/detail/object_hypothesis_with_pose__type_support_c.cpp.o
[4.581s] [72/120] Building C object CMakeFiles/vision_msgs__rosidl_typesupport_introspection_c.dir/rosidl_typesupport_introspection_c/vision_msgs/msg/detail/bounding_box2_d_array__type_support.c.o
[4.587s] [73/120] Building C object CMakeFiles/vision_msgs__rosidl_typesupport_introspection_c.dir/rosidl_typesupport_introspection_c/vision_msgs/msg/detail/bounding_box3_d_array__type_support.c.o
[4.617s] [74/120] Building C object CMakeFiles/vision_msgs__rosidl_typesupport_introspection_c.dir/rosidl_typesupport_introspection_c/vision_msgs/msg/detail/classification2_d__type_support.c.o
[4.627s] [75/120] Building C object CMakeFiles/vision_msgs__rosidl_typesupport_introspection_c.dir/rosidl_typesupport_introspection_c/vision_msgs/msg/detail/object_hypothesis__type_support.c.o
[4.632s] [76/120] Building C object CMakeFiles/vision_msgs__rosidl_typesupport_introspection_c.dir/rosidl_typesupport_introspection_c/vision_msgs/msg/detail/object_hypothesis_with_pose__type_support.c.o
[4.633s] [77/120] Building C object CMakeFiles/vision_msgs__rosidl_typesupport_introspection_c.dir/rosidl_typesupport_introspection_c/vision_msgs/msg/detail/detection2_d__type_support.c.o
[4.634s] [78/120] Building C object CMakeFiles/vision_msgs__rosidl_typesupport_introspection_c.dir/rosidl_typesupport_introspection_c/vision_msgs/msg/detail/classification3_d__type_support.c.o
[4.634s] [79/120] Building C object CMakeFiles/vision_msgs__rosidl_typesupport_introspection_c.dir/rosidl_typesupport_introspection_c/vision_msgs/msg/detail/detection2_d_array__type_support.c.o
[4.638s] [80/120] Building CXX object CMakeFiles/vision_msgs__rosidl_typesupport_fastrtps_c.dir/rosidl_typesupport_fastrtps_c/vision_msgs/msg/detail/bounding_box3_d__type_support_c.cpp.o
[4.642s] [81/120] Building C object CMakeFiles/vision_msgs__rosidl_typesupport_introspection_c.dir/rosidl_typesupport_introspection_c/vision_msgs/msg/detail/detection3_d_array__type_support.c.o
[4.643s] [82/120] Building C object CMakeFiles/vision_msgs__rosidl_typesupport_introspection_c.dir/rosidl_typesupport_introspection_c/vision_msgs/msg/detail/detection3_d__type_support.c.o
[4.654s] [83/120] Building C object CMakeFiles/vision_msgs__rosidl_typesupport_introspection_c.dir/rosidl_typesupport_introspection_c/vision_msgs/msg/detail/vision_info__type_support.c.o
[4.688s] [84/120] Linking C shared library libvision_msgs__rosidl_typesupport_introspection_c.so
[4.719s] [85/120] Linking CXX shared library libvision_msgs__rosidl_typesupport_fastrtps_cpp.so
[4.810s] [86/120] Linking CXX shared library libvision_msgs__rosidl_typesupport_cpp.so
[4.824s] [87/120] Building CXX object CMakeFiles/vision_msgs__rosidl_typesupport_fastrtps_c.dir/rosidl_typesupport_fastrtps_c/vision_msgs/msg/detail/bounding_box3_d_array__type_support_c.cpp.o
[4.920s] [88/120] Building CXX object CMakeFiles/vision_msgs__rosidl_typesupport_fastrtps_c.dir/rosidl_typesupport_fastrtps_c/vision_msgs/msg/detail/classification2_d__type_support_c.cpp.o
[4.920s] [89/120] Building CXX object CMakeFiles/vision_msgs__rosidl_typesupport_fastrtps_c.dir/rosidl_typesupport_fastrtps_c/vision_msgs/msg/detail/classification3_d__type_support_c.cpp.o
[4.951s] [90/120] Building CXX object CMakeFiles/vision_msgs__rosidl_typesupport_fastrtps_c.dir/rosidl_typesupport_fastrtps_c/vision_msgs/msg/detail/detection3_d__type_support_c.cpp.o
[4.998s] [91/120] Building CXX object CMakeFiles/vision_msgs__rosidl_typesupport_fastrtps_c.dir/rosidl_typesupport_fastrtps_c/vision_msgs/msg/detail/detection2_d__type_support_c.cpp.o
[5.004s] [92/120] Building CXX object CMakeFiles/vision_msgs__rosidl_typesupport_fastrtps_c.dir/rosidl_typesupport_fastrtps_c/vision_msgs/msg/detail/detection2_d_array__type_support_c.cpp.o
[5.059s] [93/120] Building CXX object CMakeFiles/vision_msgs__rosidl_typesupport_fastrtps_c.dir/rosidl_typesupport_fastrtps_c/vision_msgs/msg/detail/detection3_d_array__type_support_c.cpp.o
[5.062s] [94/120] Building CXX object CMakeFiles/vision_msgs__rosidl_typesupport_fastrtps_c.dir/rosidl_typesupport_fastrtps_c/vision_msgs/msg/detail/object_hypothesis__type_support_c.cpp.o
[5.086s] [95/120] Building CXX object CMakeFiles/vision_msgs__rosidl_typesupport_fastrtps_c.dir/rosidl_typesupport_fastrtps_c/vision_msgs/msg/detail/vision_info__type_support_c.cpp.o
[5.136s] [96/120] Building CXX object CMakeFiles/vision_msgs__rosidl_typesupport_introspection_cpp.dir/rosidl_typesupport_introspection_cpp/vision_msgs/msg/detail/object_hypothesis__type_support.cpp.o
[5.148s] [97/120] Building CXX object CMakeFiles/vision_msgs__rosidl_typesupport_introspection_cpp.dir/rosidl_typesupport_introspection_cpp/vision_msgs/msg/detail/classification2_d__type_support.cpp.o
[5.170s] [98/120] Building CXX object CMakeFiles/vision_msgs__rosidl_typesupport_introspection_cpp.dir/rosidl_typesupport_introspection_cpp/vision_msgs/msg/detail/detection2_d__type_support.cpp.o
[5.171s] [99/120] Linking CXX shared library libvision_msgs__rosidl_typesupport_fastrtps_c.so
[5.255s] [100/120] Building CXX object CMakeFiles/vision_msgs__rosidl_typesupport_introspection_cpp.dir/rosidl_typesupport_introspection_cpp/vision_msgs/msg/detail/object_hypothesis_with_pose__type_support.cpp.o
[5.298s] [101/120] Building CXX object CMakeFiles/vision_msgs__rosidl_typesupport_introspection_cpp.dir/rosidl_typesupport_introspection_cpp/vision_msgs/msg/detail/vision_info__type_support.cpp.o
[5.357s] [102/120] Building CXX object CMakeFiles/vision_msgs__rosidl_typesupport_introspection_cpp.dir/rosidl_typesupport_introspection_cpp/vision_msgs/msg/detail/classification3_d__type_support.cpp.o
[5.377s] [103/120] Building CXX object CMakeFiles/vision_msgs__rosidl_typesupport_introspection_cpp.dir/rosidl_typesupport_introspection_cpp/vision_msgs/msg/detail/detection3_d__type_support.cpp.o
[5.423s] [104/120] Building CXX object CMakeFiles/vision_msgs__rosidl_typesupport_introspection_cpp.dir/rosidl_typesupport_introspection_cpp/vision_msgs/msg/detail/detection2_d_array__type_support.cpp.o
[5.525s] [105/120] Building CXX object CMakeFiles/vision_msgs__rosidl_typesupport_introspection_cpp.dir/rosidl_typesupport_introspection_cpp/vision_msgs/msg/detail/detection3_d_array__type_support.cpp.o
[5.618s] [106/120] Linking CXX shared library libvision_msgs__rosidl_typesupport_introspection_cpp.so
[12.053s] [107/120] Building CXX object CMakeFiles/vision_msgs_matlab.dir/src/vision_msgs_BoundingBox3D_message.cpp.o
[12.258s] [108/120] Building CXX object CMakeFiles/vision_msgs_matlab.dir/src/vision_msgs_ObjectHypothesis_message.cpp.o
[12.301s] [109/120] Building CXX object CMakeFiles/vision_msgs_matlab.dir/src/vision_msgs_BoundingBox2D_message.cpp.o
[12.340s] [110/120] Building CXX object CMakeFiles/vision_msgs_matlab.dir/src/vision_msgs_Detection3DArray_message.cpp.o
[12.385s] [111/120] Building CXX object CMakeFiles/vision_msgs_matlab.dir/src/vision_msgs_BoundingBox3DArray_message.cpp.o
[12.644s] [112/120] Building CXX object CMakeFiles/vision_msgs_matlab.dir/src/vision_msgs_Classification3D_message.cpp.o
[12.791s] [113/120] Building CXX object CMakeFiles/vision_msgs_matlab.dir/src/vision_msgs_ObjectHypothesisWithPose_message.cpp.o
[13.306s] [114/120] Building CXX object CMakeFiles/vision_msgs_matlab.dir/src/vision_msgs_Detection2D_message.cpp.o
[13.537s] [115/120] Building CXX object CMakeFiles/vision_msgs_matlab.dir/src/vision_msgs_Detection3D_message.cpp.o
[13.558s] [116/120] Building CXX object CMakeFiles/vision_msgs_matlab.dir/src/vision_msgs_Classification2D_message.cpp.o
[14.323s] [117/120] Building CXX object CMakeFiles/vision_msgs_matlab.dir/src/vision_msgs_VisionInfo_message.cpp.o
[14.856s] [118/120] Building CXX object CMakeFiles/vision_msgs_matlab.dir/src/vision_msgs_Detection2DArray_message.cpp.o
[14.909s] [119/120] Building CXX object CMakeFiles/vision_msgs_matlab.dir/src/vision_msgs_BoundingBox2DArray_message.cpp.o
[17.069s] [120/120] Linking CXX shared library libvision_msgs_matlab.so
[17.070s] Invoked command in '/home/aiv/YongJun_ws/matlab_ws/ros_msg/matlab_msg_gen/glnxa64/build/vision_msgs' returned '0': PS1=(venv) VIRTUAL_ENV_PROMPT=(venv) /usr/local/MATLAB/R2024a/bin/glnxa64/cmake/bin/cmake --build /home/aiv/YongJun_ws/matlab_ws/ros_msg/matlab_msg_gen/glnxa64/build/vision_msgs -- -j32 -l32
[17.085s] Invoking command in '/home/aiv/YongJun_ws/matlab_ws/ros_msg/matlab_msg_gen/glnxa64/build/vision_msgs': PS1=(venv) VIRTUAL_ENV_PROMPT=(venv) /usr/local/MATLAB/R2024a/bin/glnxa64/cmake/bin/cmake --install /home/aiv/YongJun_ws/matlab_ws/ros_msg/matlab_msg_gen/glnxa64/build/vision_msgs
[17.086s] -- Install configuration: "Release"
[17.086s] -- Installing: /home/aiv/YongJun_ws/matlab_ws/ros_msg/matlab_msg_gen/glnxa64/install/share/ament_index/resource_index/rosidl_interfaces/vision_msgs
[17.087s] -- Installing: /home/aiv/YongJun_ws/matlab_ws/ros_msg/matlab_msg_gen/glnxa64/install/include/vision_msgs/vision_msgs
[17.087s] -- Installing: /home/aiv/YongJun_ws/matlab_ws/ros_msg/matlab_msg_gen/glnxa64/install/include/vision_msgs/vision_msgs/msg
[17.087s] -- Installing: /home/aiv/YongJun_ws/matlab_ws/ros_msg/matlab_msg_gen/glnxa64/install/include/vision_msgs/vision_msgs/msg/vision_info.h
[17.087s] -- Installing: /home/aiv/YongJun_ws/matlab_ws/ros_msg/matlab_msg_gen/glnxa64/install/include/vision_msgs/vision_msgs/msg/bounding_box2_d_array.h
[17.087s] -- Installing: /home/aiv/YongJun_ws/matlab_ws/ros_msg/matlab_msg_gen/glnxa64/install/include/vision_msgs/vision_msgs/msg/detection3_d.h
[17.087s] -- Installing: /home/aiv/YongJun_ws/matlab_ws/ros_msg/matlab_msg_gen/glnxa64/install/include/vision_msgs/vision_msgs/msg/object_hypothesis.h
[17.087s] -- Installing: /home/aiv/YongJun_ws/matlab_ws/ros_msg/matlab_msg_gen/glnxa64/install/include/vision_msgs/vision_msgs/msg/detection2_d.h
[17.087s] -- Installing: /home/aiv/YongJun_ws/matlab_ws/ros_msg/matlab_msg_gen/glnxa64/install/include/vision_msgs/vision_msgs/msg/bounding_box3_d_array.h
[17.087s] -- Installing: /home/aiv/YongJun_ws/matlab_ws/ros_msg/matlab_msg_gen/glnxa64/install/include/vision_msgs/vision_msgs/msg/rosidl_generator_c__visibility_control.h
[17.087s] -- Installing: /home/aiv/YongJun_ws/matlab_ws/ros_msg/matlab_msg_gen/glnxa64/install/include/vision_msgs/vision_msgs/msg/bounding_box2_d.h
[17.087s] -- Installing: /home/aiv/YongJun_ws/matlab_ws/ros_msg/matlab_msg_gen/glnxa64/install/include/vision_msgs/vision_msgs/msg/object_hypothesis_with_pose.h
[17.087s] -- Installing: /home/aiv/YongJun_ws/matlab_ws/ros_msg/matlab_msg_gen/glnxa64/install/include/vision_msgs/vision_msgs/msg/detail
[17.087s] -- Installing: /home/aiv/YongJun_ws/matlab_ws/ros_msg/matlab_msg_gen/glnxa64/install/include/vision_msgs/vision_msgs/msg/detail/classification3_d__struct.h
[17.087s] -- Installing: /home/aiv/YongJun_ws/matlab_ws/ros_msg/matlab_msg_gen/glnxa64/install/include/vision_msgs/vision_msgs/msg/detail/bounding_box2_d__type_support.h
[17.087s] -- Installing: /home/aiv/YongJun_ws/matlab_ws/ros_msg/matlab_msg_gen/glnxa64/install/include/vision_msgs/vision_msgs/msg/detail/bounding_box2_d_array__functions.h
[17.087s] -- Installing: /home/aiv/YongJun_ws/matlab_ws/ros_msg/matlab_msg_gen/glnxa64/install/include/vision_msgs/vision_msgs/msg/detail/classification3_d__type_support.h
[17.095s] -- Installing: /home/aiv/YongJun_ws/matlab_ws/ros_msg/matlab_msg_gen/glnxa64/install/include/vision_msgs/vision_msgs/msg/detail/object_hypothesis_with_pose__type_support.h
[17.095s] -- Installing: /home/aiv/YongJun_ws/matlab_ws/ros_msg/matlab_msg_gen/glnxa64/install/include/vision_msgs/vision_msgs/msg/detail/detection3_d_array__functions.c
[17.095s] -- Installing: /home/aiv/YongJun_ws/matlab_ws/ros_msg/matlab_msg_gen/glnxa64/install/include/vision_msgs/vision_msgs/msg/detail/classification3_d__functions.h
[17.095s] -- Installing: /home/aiv/YongJun_ws/matlab_ws/ros_msg/matlab_msg_gen/glnxa64/install/include/vision_msgs/vision_msgs/msg/detail/bounding_box2_d_array__functions.c
[17.096s] -- Installing: /home/aiv/YongJun_ws/matlab_ws/ros_msg/matlab_msg_gen/glnxa64/install/include/vision_msgs/vision_msgs/msg/detail/object_hypothesis__functions.h
[17.096s] -- Installing: /home/aiv/YongJun_ws/matlab_ws/ros_msg/matlab_msg_gen/glnxa64/install/include/vision_msgs/vision_msgs/msg/detail/detection2_d__functions.h
[17.096s] -- Installing: /home/aiv/YongJun_ws/matlab_ws/ros_msg/matlab_msg_gen/glnxa64/install/include/vision_msgs/vision_msgs/msg/detail/classification2_d__struct.h
[17.096s] -- Installing: /home/aiv/YongJun_ws/matlab_ws/ros_msg/matlab_msg_gen/glnxa64/install/include/vision_msgs/vision_msgs/msg/detail/bounding_box2_d_array__struct.h
[17.096s] -- Installing: /home/aiv/YongJun_ws/matlab_ws/ros_msg/matlab_msg_gen/glnxa64/install/include/vision_msgs/vision_msgs/msg/detail/bounding_box3_d_array__type_support.h
[17.096s] -- Installing: /home/aiv/YongJun_ws/matlab_ws/ros_msg/matlab_msg_gen/glnxa64/install/include/vision_msgs/vision_msgs/msg/detail/detection2_d__functions.c
[17.096s] -- Installing: /home/aiv/YongJun_ws/matlab_ws/ros_msg/matlab_msg_gen/glnxa64/install/include/vision_msgs/vision_msgs/msg/detail/bounding_box3_d_array__functions.c
[17.096s] -- Installing: /home/aiv/YongJun_ws/matlab_ws/ros_msg/matlab_msg_gen/glnxa64/install/include/vision_msgs/vision_msgs/msg/detail/object_hypothesis__functions.c
[17.096s] -- Installing: /home/aiv/YongJun_ws/matlab_ws/ros_msg/matlab_msg_gen/glnxa64/install/include/vision_msgs/vision_msgs/msg/detail/classification3_d__functions.c
[17.096s] -- Installing: /home/aiv/YongJun_ws/matlab_ws/ros_msg/matlab_msg_gen/glnxa64/install/include/vision_msgs/vision_msgs/msg/detail/bounding_box2_d_array__type_support.h
[17.096s] -- Installing: /home/aiv/YongJun_ws/matlab_ws/ros_msg/matlab_msg_gen/glnxa64/install/include/vision_msgs/vision_msgs/msg/detail/bounding_box3_d__struct.h
[17.096s] -- Installing: /home/aiv/YongJun_ws/matlab_ws/ros_msg/matlab_msg_gen/glnxa64/install/include/vision_msgs/vision_msgs/msg/detail/bounding_box3_d_array__struct.h
[17.097s] -- Installing: /home/aiv/YongJun_ws/matlab_ws/ros_msg/matlab_msg_gen/glnxa64/install/include/vision_msgs/vision_msgs/msg/detail/bounding_box3_d__functions.c
[17.097s] -- Installing: /home/aiv/YongJun_ws/matlab_ws/ros_msg/matlab_msg_gen/glnxa64/install/include/vision_msgs/vision_msgs/msg/detail/detection2_d_array__type_support.h
[17.097s] -- Installing: /home/aiv/YongJun_ws/matlab_ws/ros_msg/matlab_msg_gen/glnxa64/install/include/vision_msgs/vision_msgs/msg/detail/detection3_d__struct.h
[17.097s] -- Installing: /home/aiv/YongJun_ws/matlab_ws/ros_msg/matlab_msg_gen/glnxa64/install/include/vision_msgs/vision_msgs/msg/detail/detection2_d_array__struct.h
[17.097s] -- Installing: /home/aiv/YongJun_ws/matlab_ws/ros_msg/matlab_msg_gen/glnxa64/install/include/vision_msgs/vision_msgs/msg/detail/object_hypothesis_with_pose__struct.h
[17.097s] -- Installing: /home/aiv/YongJun_ws/matlab_ws/ros_msg/matlab_msg_gen/glnxa64/install/include/vision_msgs/vision_msgs/msg/detail/bounding_box3_d_array__functions.h
[17.097s] -- Installing: /home/aiv/YongJun_ws/matlab_ws/ros_msg/matlab_msg_gen/glnxa64/install/include/vision_msgs/vision_msgs/msg/detail/vision_info__type_support.h
[17.097s] -- Installing: /home/aiv/YongJun_ws/matlab_ws/ros_msg/matlab_msg_gen/glnxa64/install/include/vision_msgs/vision_msgs/msg/detail/detection3_d__functions.c
[17.097s] -- Installing: /home/aiv/YongJun_ws/matlab_ws/ros_msg/matlab_msg_gen/glnxa64/install/include/vision_msgs/vision_msgs/msg/detail/detection3_d__functions.h
[17.097s] -- Installing: /home/aiv/YongJun_ws/matlab_ws/ros_msg/matlab_msg_gen/glnxa64/install/include/vision_msgs/vision_msgs/msg/detail/detection2_d_array__functions.h
[17.097s] -- Installing: /home/aiv/YongJun_ws/matlab_ws/ros_msg/matlab_msg_gen/glnxa64/install/include/vision_msgs/vision_msgs/msg/detail/vision_info__functions.h
[17.097s] -- Installing: /home/aiv/YongJun_ws/matlab_ws/ros_msg/matlab_msg_gen/glnxa64/install/include/vision_msgs/vision_msgs/msg/detail/object_hypothesis__type_support.h
[17.097s] -- Installing: /home/aiv/YongJun_ws/matlab_ws/ros_msg/matlab_msg_gen/glnxa64/install/include/vision_msgs/vision_msgs/msg/detail/bounding_box3_d__type_support.h
[17.097s] -- Installing: /home/aiv/YongJun_ws/matlab_ws/ros_msg/matlab_msg_gen/glnxa64/install/include/vision_msgs/vision_msgs/msg/detail/object_hypothesis_with_pose__functions.c
[17.097s] -- Installing: /home/aiv/YongJun_ws/matlab_ws/ros_msg/matlab_msg_gen/glnxa64/install/include/vision_msgs/vision_msgs/msg/detail/bounding_box2_d__struct.h
[17.097s] -- Installing: /home/aiv/YongJun_ws/matlab_ws/ros_msg/matlab_msg_gen/glnxa64/install/include/vision_msgs/vision_msgs/msg/detail/vision_info__functions.c
[17.097s] -- Installing: /home/aiv/YongJun_ws/matlab_ws/ros_msg/matlab_msg_gen/glnxa64/install/include/vision_msgs/vision_msgs/msg/detail/classification2_d__functions.c
[17.098s] -- Installing: /home/aiv/YongJun_ws/matlab_ws/ros_msg/matlab_msg_gen/glnxa64/install/include/vision_msgs/vision_msgs/msg/detail/bounding_box2_d__functions.h
[17.098s] -- Installing: /home/aiv/YongJun_ws/matlab_ws/ros_msg/matlab_msg_gen/glnxa64/install/include/vision_msgs/vision_msgs/msg/detail/detection2_d__type_support.h
[17.098s] -- Installing: /home/aiv/YongJun_ws/matlab_ws/ros_msg/matlab_msg_gen/glnxa64/install/include/vision_msgs/vision_msgs/msg/detail/detection2_d__struct.h
[17.098s] -- Installing: /home/aiv/YongJun_ws/matlab_ws/ros_msg/matlab_msg_gen/glnxa64/install/include/vision_msgs/vision_msgs/msg/detail/classification2_d__type_support.h
[17.098s] -- Installing: /home/aiv/YongJun_ws/matlab_ws/ros_msg/matlab_msg_gen/glnxa64/install/include/vision_msgs/vision_msgs/msg/detail/detection3_d_array__struct.h
[17.098s] -- Installing: /home/aiv/YongJun_ws/matlab_ws/ros_msg/matlab_msg_gen/glnxa64/install/include/vision_msgs/vision_msgs/msg/detail/classification2_d__functions.h
[17.098s] -- Installing: /home/aiv/YongJun_ws/matlab_ws/ros_msg/matlab_msg_gen/glnxa64/install/include/vision_msgs/vision_msgs/msg/detail/object_hypothesis_with_pose__functions.h
[17.098s] -- Installing: /home/aiv/YongJun_ws/matlab_ws/ros_msg/matlab_msg_gen/glnxa64/install/include/vision_msgs/vision_msgs/msg/detail/bounding_box2_d__functions.c
[17.098s] -- Installing: /home/aiv/YongJun_ws/matlab_ws/ros_msg/matlab_msg_gen/glnxa64/install/include/vision_msgs/vision_msgs/msg/detail/vision_info__struct.h
[17.098s] -- Installing: /home/aiv/YongJun_ws/matlab_ws/ros_msg/matlab_msg_gen/glnxa64/install/include/vision_msgs/vision_msgs/msg/detail/detection2_d_array__functions.c
[17.098s] -- Installing: /home/aiv/YongJun_ws/matlab_ws/ros_msg/matlab_msg_gen/glnxa64/install/include/vision_msgs/vision_msgs/msg/detail/detection3_d_array__type_support.h
[17.098s] -- Installing: /home/aiv/YongJun_ws/matlab_ws/ros_msg/matlab_msg_gen/glnxa64/install/include/vision_msgs/vision_msgs/msg/detail/object_hypothesis__struct.h
[17.098s] -- Installing: /home/aiv/YongJun_ws/matlab_ws/ros_msg/matlab_msg_gen/glnxa64/install/include/vision_msgs/vision_msgs/msg/detail/detection3_d__type_support.h
[17.098s] -- Installing: /home/aiv/YongJun_ws/matlab_ws/ros_msg/matlab_msg_gen/glnxa64/install/include/vision_msgs/vision_msgs/msg/detail/bounding_box3_d__functions.h
[17.098s] -- Installing: /home/aiv/YongJun_ws/matlab_ws/ros_msg/matlab_msg_gen/glnxa64/install/include/vision_msgs/vision_msgs/msg/detail/detection3_d_array__functions.h
[17.098s] -- Installing: /home/aiv/YongJun_ws/matlab_ws/ros_msg/matlab_msg_gen/glnxa64/install/include/vision_msgs/vision_msgs/msg/bounding_box3_d.h
[17.098s] -- Installing: /home/aiv/YongJun_ws/matlab_ws/ros_msg/matlab_msg_gen/glnxa64/install/include/vision_msgs/vision_msgs/msg/detection3_d_array.h
[17.098s] -- Installing: /home/aiv/YongJun_ws/matlab_ws/ros_msg/matlab_msg_gen/glnxa64/install/include/vision_msgs/vision_msgs/msg/classification2_d.h
[17.098s] -- Installing: /home/aiv/YongJun_ws/matlab_ws/ros_msg/matlab_msg_gen/glnxa64/install/include/vision_msgs/vision_msgs/msg/classification3_d.h
[17.099s] -- Installing: /home/aiv/YongJun_ws/matlab_ws/ros_msg/matlab_msg_gen/glnxa64/install/include/vision_msgs/vision_msgs/msg/detection2_d_array.h
[17.099s] -- Installing: /home/aiv/YongJun_ws/matlab_ws/ros_msg/matlab_msg_gen/glnxa64/install/share/vision_msgs/environment/library_path.sh
[17.099s] -- Installing: /home/aiv/YongJun_ws/matlab_ws/ros_msg/matlab_msg_gen/glnxa64/install/share/vision_msgs/environment/library_path.dsv
[17.099s] -- Installing: /home/aiv/YongJun_ws/matlab_ws/ros_msg/matlab_msg_gen/glnxa64/install/lib/libvision_msgs__rosidl_generator_c.so
[17.099s] -- Up-to-date: /home/aiv/YongJun_ws/matlab_ws/ros_msg/matlab_msg_gen/glnxa64/install/include/vision_msgs/vision_msgs
[17.099s] -- Up-to-date: /home/aiv/YongJun_ws/matlab_ws/ros_msg/matlab_msg_gen/glnxa64/install/include/vision_msgs/vision_msgs/msg
[17.099s] -- Installing: /home/aiv/YongJun_ws/matlab_ws/ros_msg/matlab_msg_gen/glnxa64/install/include/vision_msgs/vision_msgs/msg/rosidl_typesupport_fastrtps_c__visibility_control.h
[17.099s] -- Up-to-date: /home/aiv/YongJun_ws/matlab_ws/ros_msg/matlab_msg_gen/glnxa64/install/include/vision_msgs/vision_msgs/msg/detail
[17.099s] -- Installing: /home/aiv/YongJun_ws/matlab_ws/ros_msg/matlab_msg_gen/glnxa64/install/include/vision_msgs/vision_msgs/msg/detail/detection3_d_array__rosidl_typesupport_fastrtps_c.h
[17.099s] -- Installing: /home/aiv/YongJun_ws/matlab_ws/ros_msg/matlab_msg_gen/glnxa64/install/include/vision_msgs/vision_msgs/msg/detail/detection2_d_array__rosidl_typesupport_fastrtps_c.h
[17.099s] -- Installing: /home/aiv/YongJun_ws/matlab_ws/ros_msg/matlab_msg_gen/glnxa64/install/include/vision_msgs/vision_msgs/msg/detail/detection3_d__rosidl_typesupport_fastrtps_c.h
[17.099s] -- Installing: /home/aiv/YongJun_ws/matlab_ws/ros_msg/matlab_msg_gen/glnxa64/install/include/vision_msgs/vision_msgs/msg/detail/detection2_d__rosidl_typesupport_fastrtps_c.h
[17.099s] -- Installing: /home/aiv/YongJun_ws/matlab_ws/ros_msg/matlab_msg_gen/glnxa64/install/include/vision_msgs/vision_msgs/msg/detail/vision_info__rosidl_typesupport_fastrtps_c.h
[17.099s] -- Installing: /home/aiv/YongJun_ws/matlab_ws/ros_msg/matlab_msg_gen/glnxa64/install/include/vision_msgs/vision_msgs/msg/detail/bounding_box2_d_array__rosidl_typesupport_fastrtps_c.h
[17.099s] -- Installing: /home/aiv/YongJun_ws/matlab_ws/ros_msg/matlab_msg_gen/glnxa64/install/include/vision_msgs/vision_msgs/msg/detail/classification3_d__rosidl_typesupport_fastrtps_c.h
[17.099s] -- Installing: /home/aiv/YongJun_ws/matlab_ws/ros_msg/matlab_msg_gen/glnxa64/install/include/vision_msgs/vision_msgs/msg/detail/bounding_box3_d__rosidl_typesupport_fastrtps_c.h
[17.100s] -- Installing: /home/aiv/YongJun_ws/matlab_ws/ros_msg/matlab_msg_gen/glnxa64/install/include/vision_msgs/vision_msgs/msg/detail/object_hypothesis_with_pose__rosidl_typesupport_fastrtps_c.h
[17.100s] -- Installing: /home/aiv/YongJun_ws/matlab_ws/ros_msg/matlab_msg_gen/glnxa64/install/include/vision_msgs/vision_msgs/msg/detail/bounding_box3_d_array__rosidl_typesupport_fastrtps_c.h
[17.100s] -- Installing: /home/aiv/YongJun_ws/matlab_ws/ros_msg/matlab_msg_gen/glnxa64/install/include/vision_msgs/vision_msgs/msg/detail/object_hypothesis__rosidl_typesupport_fastrtps_c.h
[17.100s] -- Installing: /home/aiv/YongJun_ws/matlab_ws/ros_msg/matlab_msg_gen/glnxa64/install/include/vision_msgs/vision_msgs/msg/detail/bounding_box2_d__rosidl_typesupport_fastrtps_c.h
[17.100s] -- Installing: /home/aiv/YongJun_ws/matlab_ws/ros_msg/matlab_msg_gen/glnxa64/install/include/vision_msgs/vision_msgs/msg/detail/classification2_d__rosidl_typesupport_fastrtps_c.h
[17.100s] -- Installing: /home/aiv/YongJun_ws/matlab_ws/ros_msg/matlab_msg_gen/glnxa64/install/lib/libvision_msgs__rosidl_typesupport_fastrtps_c.so
[17.100s] -- Up-to-date: /home/aiv/YongJun_ws/matlab_ws/ros_msg/matlab_msg_gen/glnxa64/install/include/vision_msgs/vision_msgs
[17.100s] -- Up-to-date: /home/aiv/YongJun_ws/matlab_ws/ros_msg/matlab_msg_gen/glnxa64/install/include/vision_msgs/vision_msgs/msg
[17.100s] -- Installing: /home/aiv/YongJun_ws/matlab_ws/ros_msg/matlab_msg_gen/glnxa64/install/include/vision_msgs/vision_msgs/msg/rosidl_typesupport_introspection_c__visibility_control.h
[17.100s] -- Up-to-date: /home/aiv/YongJun_ws/matlab_ws/ros_msg/matlab_msg_gen/glnxa64/install/include/vision_msgs/vision_msgs/msg/detail
[17.100s] -- Installing: /home/aiv/YongJun_ws/matlab_ws/ros_msg/matlab_msg_gen/glnxa64/install/include/vision_msgs/vision_msgs/msg/detail/detection2_d_array__type_support.c
[17.100s] -- Installing: /home/aiv/YongJun_ws/matlab_ws/ros_msg/matlab_msg_gen/glnxa64/install/include/vision_msgs/vision_msgs/msg/detail/bounding_box2_d__type_support.c
[17.100s] -- Installing: /home/aiv/YongJun_ws/matlab_ws/ros_msg/matlab_msg_gen/glnxa64/install/include/vision_msgs/vision_msgs/msg/detail/detection2_d__type_support.c
[17.100s] -- Installing: /home/aiv/YongJun_ws/matlab_ws/ros_msg/matlab_msg_gen/glnxa64/install/include/vision_msgs/vision_msgs/msg/detail/classification2_d__rosidl_typesupport_introspection_c.h
[17.100s] -- Installing: /home/aiv/YongJun_ws/matlab_ws/ros_msg/matlab_msg_gen/glnxa64/install/include/vision_msgs/vision_msgs/msg/detail/object_hypothesis__type_support.c
[17.100s] -- Installing: /home/aiv/YongJun_ws/matlab_ws/ros_msg/matlab_msg_gen/glnxa64/install/include/vision_msgs/vision_msgs/msg/detail/bounding_box3_d_array__rosidl_typesupport_introspection_c.h
[17.100s] -- Installing: /home/aiv/YongJun_ws/matlab_ws/ros_msg/matlab_msg_gen/glnxa64/install/include/vision_msgs/vision_msgs/msg/detail/bounding_box2_d_array__rosidl_typesupport_introspection_c.h
[17.101s] -- Installing: /home/aiv/YongJun_ws/matlab_ws/ros_msg/matlab_msg_gen/glnxa64/install/include/vision_msgs/vision_msgs/msg/detail/detection3_d__type_support.c
[17.101s] -- Installing: /home/aiv/YongJun_ws/matlab_ws/ros_msg/matlab_msg_gen/glnxa64/install/include/vision_msgs/vision_msgs/msg/detail/detection3_d__rosidl_typesupport_introspection_c.h
[17.101s] -- Installing: /home/aiv/YongJun_ws/matlab_ws/ros_msg/matlab_msg_gen/glnxa64/install/include/vision_msgs/vision_msgs/msg/detail/bounding_box2_d__rosidl_typesupport_introspection_c.h
[17.101s] -- Installing: /home/aiv/YongJun_ws/matlab_ws/ros_msg/matlab_msg_gen/glnxa64/install/include/vision_msgs/vision_msgs/msg/detail/detection2_d_array__rosidl_typesupport_introspection_c.h
[17.101s] -- Installing: /home/aiv/YongJun_ws/matlab_ws/ros_msg/matlab_msg_gen/glnxa64/install/include/vision_msgs/vision_msgs/msg/detail/bounding_box3_d_array__type_support.c
[17.101s] -- Installing: /home/aiv/YongJun_ws/matlab_ws/ros_msg/matlab_msg_gen/glnxa64/install/include/vision_msgs/vision_msgs/msg/detail/object_hypothesis_with_pose__type_support.c
[17.101s] -- Installing: /home/aiv/YongJun_ws/matlab_ws/ros_msg/matlab_msg_gen/glnxa64/install/include/vision_msgs/vision_msgs/msg/detail/classification3_d__type_support.c
[17.101s] -- Installing: /home/aiv/YongJun_ws/matlab_ws/ros_msg/matlab_msg_gen/glnxa64/install/include/vision_msgs/vision_msgs/msg/detail/vision_info__type_support.c
[17.101s] -- Installing: /home/aiv/YongJun_ws/matlab_ws/ros_msg/matlab_msg_gen/glnxa64/install/include/vision_msgs/vision_msgs/msg/detail/object_hypothesis__rosidl_typesupport_introspection_c.h
[17.101s] -- Installing: /home/aiv/YongJun_ws/matlab_ws/ros_msg/matlab_msg_gen/glnxa64/install/include/vision_msgs/vision_msgs/msg/detail/vision_info__rosidl_typesupport_introspection_c.h
[17.101s] -- Installing: /home/aiv/YongJun_ws/matlab_ws/ros_msg/matlab_msg_gen/glnxa64/install/include/vision_msgs/vision_msgs/msg/detail/bounding_box3_d__type_support.c
[17.101s] -- Installing: /home/aiv/YongJun_ws/matlab_ws/ros_msg/matlab_msg_gen/glnxa64/install/include/vision_msgs/vision_msgs/msg/detail/object_hypothesis_with_pose__rosidl_typesupport_introspection_c.h
[17.101s] -- Installing: /home/aiv/YongJun_ws/matlab_ws/ros_msg/matlab_msg_gen/glnxa64/install/include/vision_msgs/vision_msgs/msg/detail/detection3_d_array__rosidl_typesupport_introspection_c.h
[17.101s] -- Installing: /home/aiv/YongJun_ws/matlab_ws/ros_msg/matlab_msg_gen/glnxa64/install/include/vision_msgs/vision_msgs/msg/detail/detection3_d_array__type_support.c
[17.101s] -- Installing: /home/aiv/YongJun_ws/matlab_ws/ros_msg/matlab_msg_gen/glnxa64/install/include/vision_msgs/vision_msgs/msg/detail/detection2_d__rosidl_typesupport_introspection_c.h
[17.101s] -- Installing: /home/aiv/YongJun_ws/matlab_ws/ros_msg/matlab_msg_gen/glnxa64/install/include/vision_msgs/vision_msgs/msg/detail/classification2_d__type_support.c
[17.101s] -- Installing: /home/aiv/YongJun_ws/matlab_ws/ros_msg/matlab_msg_gen/glnxa64/install/include/vision_msgs/vision_msgs/msg/detail/classification3_d__rosidl_typesupport_introspection_c.h
[17.101s] -- Installing: /home/aiv/YongJun_ws/matlab_ws/ros_msg/matlab_msg_gen/glnxa64/install/include/vision_msgs/vision_msgs/msg/detail/bounding_box3_d__rosidl_typesupport_introspection_c.h
[17.101s] -- Installing: /home/aiv/YongJun_ws/matlab_ws/ros_msg/matlab_msg_gen/glnxa64/install/include/vision_msgs/vision_msgs/msg/detail/bounding_box2_d_array__type_support.c
[17.101s] -- Installing: /home/aiv/YongJun_ws/matlab_ws/ros_msg/matlab_msg_gen/glnxa64/install/lib/libvision_msgs__rosidl_typesupport_introspection_c.so
[17.101s] -- Installing: /home/aiv/YongJun_ws/matlab_ws/ros_msg/matlab_msg_gen/glnxa64/install/lib/libvision_msgs__rosidl_typesupport_c.so
[17.101s] -- Up-to-date: /home/aiv/YongJun_ws/matlab_ws/ros_msg/matlab_msg_gen/glnxa64/install/include/vision_msgs/vision_msgs
[17.102s] -- Up-to-date: /home/aiv/YongJun_ws/matlab_ws/ros_msg/matlab_msg_gen/glnxa64/install/include/vision_msgs/vision_msgs/msg
[17.102s] -- Installing: /home/aiv/YongJun_ws/matlab_ws/ros_msg/matlab_msg_gen/glnxa64/install/include/vision_msgs/vision_msgs/msg/object_hypothesis.hpp
[17.102s] -- Installing: /home/aiv/YongJun_ws/matlab_ws/ros_msg/matlab_msg_gen/glnxa64/install/include/vision_msgs/vision_msgs/msg/detection3_d_array.hpp
[17.102s] -- Installing: /home/aiv/YongJun_ws/matlab_ws/ros_msg/matlab_msg_gen/glnxa64/install/include/vision_msgs/vision_msgs/msg/bounding_box2_d_array.hpp
[17.102s] -- Installing: /home/aiv/YongJun_ws/matlab_ws/ros_msg/matlab_msg_gen/glnxa64/install/include/vision_msgs/vision_msgs/msg/bounding_box2_d.hpp
[17.102s] -- Installing: /home/aiv/YongJun_ws/matlab_ws/ros_msg/matlab_msg_gen/glnxa64/install/include/vision_msgs/vision_msgs/msg/classification3_d.hpp
[17.102s] -- Installing: /home/aiv/YongJun_ws/matlab_ws/ros_msg/matlab_msg_gen/glnxa64/install/include/vision_msgs/vision_msgs/msg/detection2_d_array.hpp
[17.102s] -- Installing: /home/aiv/YongJun_ws/matlab_ws/ros_msg/matlab_msg_gen/glnxa64/install/include/vision_msgs/vision_msgs/msg/detection2_d.hpp
[17.102s] -- Installing: /home/aiv/YongJun_ws/matlab_ws/ros_msg/matlab_msg_gen/glnxa64/install/include/vision_msgs/vision_msgs/msg/detection3_d.hpp
[17.102s] -- Installing: /home/aiv/YongJun_ws/matlab_ws/ros_msg/matlab_msg_gen/glnxa64/install/include/vision_msgs/vision_msgs/msg/object_hypothesis_with_pose.hpp
[17.102s] -- Installing: /home/aiv/YongJun_ws/matlab_ws/ros_msg/matlab_msg_gen/glnxa64/install/include/vision_msgs/vision_msgs/msg/classification2_d.hpp
[17.102s] -- Installing: /home/aiv/YongJun_ws/matlab_ws/ros_msg/matlab_msg_gen/glnxa64/install/include/vision_msgs/vision_msgs/msg/vision_info.hpp
[17.102s] -- Up-to-date: /home/aiv/YongJun_ws/matlab_ws/ros_msg/matlab_msg_gen/glnxa64/install/include/vision_msgs/vision_msgs/msg/detail
[17.102s] -- Installing: /home/aiv/YongJun_ws/matlab_ws/ros_msg/matlab_msg_gen/glnxa64/install/include/vision_msgs/vision_msgs/msg/detail/classification3_d__traits.hpp
[17.102s] -- Installing: /home/aiv/YongJun_ws/matlab_ws/ros_msg/matlab_msg_gen/glnxa64/install/include/vision_msgs/vision_msgs/msg/detail/classification2_d__traits.hpp
[17.102s] -- Installing: /home/aiv/YongJun_ws/matlab_ws/ros_msg/matlab_msg_gen/glnxa64/install/include/vision_msgs/vision_msgs/msg/detail/bounding_box3_d__builder.hpp
[17.102s] -- Installing: /home/aiv/YongJun_ws/matlab_ws/ros_msg/matlab_msg_gen/glnxa64/install/include/vision_msgs/vision_msgs/msg/detail/detection2_d_array__traits.hpp
[17.102s] -- Installing: /home/aiv/YongJun_ws/matlab_ws/ros_msg/matlab_msg_gen/glnxa64/install/include/vision_msgs/vision_msgs/msg/detail/detection3_d_array__traits.hpp
[17.102s] -- Installing: /home/aiv/YongJun_ws/matlab_ws/ros_msg/matlab_msg_gen/glnxa64/install/include/vision_msgs/vision_msgs/msg/detail/classification3_d__struct.hpp
[17.102s] -- Installing: /home/aiv/YongJun_ws/matlab_ws/ros_msg/matlab_msg_gen/glnxa64/install/include/vision_msgs/vision_msgs/msg/detail/detection2_d__builder.hpp
[17.102s] -- Installing: /home/aiv/YongJun_ws/matlab_ws/ros_msg/matlab_msg_gen/glnxa64/install/include/vision_msgs/vision_msgs/msg/detail/bounding_box3_d_array__struct.hpp
[17.102s] -- Installing: /home/aiv/YongJun_ws/matlab_ws/ros_msg/matlab_msg_gen/glnxa64/install/include/vision_msgs/vision_msgs/msg/detail/vision_info__builder.hpp
[17.102s] -- Installing: /home/aiv/YongJun_ws/matlab_ws/ros_msg/matlab_msg_gen/glnxa64/install/include/vision_msgs/vision_msgs/msg/detail/detection2_d__traits.hpp
[17.102s] -- Installing: /home/aiv/YongJun_ws/matlab_ws/ros_msg/matlab_msg_gen/glnxa64/install/include/vision_msgs/vision_msgs/msg/detail/detection3_d__traits.hpp
[17.103s] -- Installing: /home/aiv/YongJun_ws/matlab_ws/ros_msg/matlab_msg_gen/glnxa64/install/include/vision_msgs/vision_msgs/msg/detail/bounding_box3_d_array__traits.hpp
[17.103s] -- Installing: /home/aiv/YongJun_ws/matlab_ws/ros_msg/matlab_msg_gen/glnxa64/install/include/vision_msgs/vision_msgs/msg/detail/object_hypothesis__traits.hpp
[17.103s] -- Installing: /home/aiv/YongJun_ws/matlab_ws/ros_msg/matlab_msg_gen/glnxa64/install/include/vision_msgs/vision_msgs/msg/detail/classification2_d__struct.hpp
[17.103s] -- Installing: /home/aiv/YongJun_ws/matlab_ws/ros_msg/matlab_msg_gen/glnxa64/install/include/vision_msgs/vision_msgs/msg/detail/object_hypothesis__builder.hpp
[17.103s] -- Installing: /home/aiv/YongJun_ws/matlab_ws/ros_msg/matlab_msg_gen/glnxa64/install/include/vision_msgs/vision_msgs/msg/detail/vision_info__traits.hpp
[17.103s] -- Installing: /home/aiv/YongJun_ws/matlab_ws/ros_msg/matlab_msg_gen/glnxa64/install/include/vision_msgs/vision_msgs/msg/detail/object_hypothesis__struct.hpp
[17.103s] -- Installing: /home/aiv/YongJun_ws/matlab_ws/ros_msg/matlab_msg_gen/glnxa64/install/include/vision_msgs/vision_msgs/msg/detail/bounding_box2_d__struct.hpp
[17.103s] -- Installing: /home/aiv/YongJun_ws/matlab_ws/ros_msg/matlab_msg_gen/glnxa64/install/include/vision_msgs/vision_msgs/msg/detail/detection3_d__struct.hpp
[17.103s] -- Installing: /home/aiv/YongJun_ws/matlab_ws/ros_msg/matlab_msg_gen/glnxa64/install/include/vision_msgs/vision_msgs/msg/detail/bounding_box2_d_array__builder.hpp
[17.103s] -- Installing: /home/aiv/YongJun_ws/matlab_ws/ros_msg/matlab_msg_gen/glnxa64/install/include/vision_msgs/vision_msgs/msg/detail/classification3_d__builder.hpp
[17.103s] -- Installing: /home/aiv/YongJun_ws/matlab_ws/ros_msg/matlab_msg_gen/glnxa64/install/include/vision_msgs/vision_msgs/msg/detail/classification2_d__builder.hpp
[17.103s] -- Installing: /home/aiv/YongJun_ws/matlab_ws/ros_msg/matlab_msg_gen/glnxa64/install/include/vision_msgs/vision_msgs/msg/detail/object_hypothesis_with_pose__struct.hpp
[17.103s] -- Installing: /home/aiv/YongJun_ws/matlab_ws/ros_msg/matlab_msg_gen/glnxa64/install/include/vision_msgs/vision_msgs/msg/detail/bounding_box2_d_array__struct.hpp
[17.103s] -- Installing: /home/aiv/YongJun_ws/matlab_ws/ros_msg/matlab_msg_gen/glnxa64/install/include/vision_msgs/vision_msgs/msg/detail/bounding_box3_d__traits.hpp
[17.103s] -- Installing: /home/aiv/YongJun_ws/matlab_ws/ros_msg/matlab_msg_gen/glnxa64/install/include/vision_msgs/vision_msgs/msg/detail/detection3_d__builder.hpp
[17.103s] -- Installing: /home/aiv/YongJun_ws/matlab_ws/ros_msg/matlab_msg_gen/glnxa64/install/include/vision_msgs/vision_msgs/msg/detail/detection2_d_array__struct.hpp
[17.103s] -- Installing: /home/aiv/YongJun_ws/matlab_ws/ros_msg/matlab_msg_gen/glnxa64/install/include/vision_msgs/vision_msgs/msg/detail/detection2_d__struct.hpp
[17.103s] -- Installing: /home/aiv/YongJun_ws/matlab_ws/ros_msg/matlab_msg_gen/glnxa64/install/include/vision_msgs/vision_msgs/msg/detail/bounding_box3_d__struct.hpp
[17.103s] -- Installing: /home/aiv/YongJun_ws/matlab_ws/ros_msg/matlab_msg_gen/glnxa64/install/include/vision_msgs/vision_msgs/msg/detail/bounding_box2_d_array__traits.hpp
[17.103s] -- Installing: /home/aiv/YongJun_ws/matlab_ws/ros_msg/matlab_msg_gen/glnxa64/install/include/vision_msgs/vision_msgs/msg/detail/vision_info__struct.hpp
[17.104s] -- Installing: /home/aiv/YongJun_ws/matlab_ws/ros_msg/matlab_msg_gen/glnxa64/install/include/vision_msgs/vision_msgs/msg/detail/detection3_d_array__builder.hpp
[17.104s] -- Installing: /home/aiv/YongJun_ws/matlab_ws/ros_msg/matlab_msg_gen/glnxa64/install/include/vision_msgs/vision_msgs/msg/detail/bounding_box2_d__traits.hpp
[17.104s] -- Installing: /home/aiv/YongJun_ws/matlab_ws/ros_msg/matlab_msg_gen/glnxa64/install/include/vision_msgs/vision_msgs/msg/detail/object_hypothesis_with_pose__traits.hpp
[17.104s] -- Installing: /home/aiv/YongJun_ws/matlab_ws/ros_msg/matlab_msg_gen/glnxa64/install/include/vision_msgs/vision_msgs/msg/detail/object_hypothesis_with_pose__builder.hpp
[17.104s] -- Installing: /home/aiv/YongJun_ws/matlab_ws/ros_msg/matlab_msg_gen/glnxa64/install/include/vision_msgs/vision_msgs/msg/detail/detection2_d_array__builder.hpp
[17.104s] -- Installing: /home/aiv/YongJun_ws/matlab_ws/ros_msg/matlab_msg_gen/glnxa64/install/include/vision_msgs/vision_msgs/msg/detail/bounding_box3_d_array__builder.hpp
[17.104s] -- Installing: /home/aiv/YongJun_ws/matlab_ws/ros_msg/matlab_msg_gen/glnxa64/install/include/vision_msgs/vision_msgs/msg/detail/detection3_d_array__struct.hpp
[17.104s] -- Installing: /home/aiv/YongJun_ws/matlab_ws/ros_msg/matlab_msg_gen/glnxa64/install/include/vision_msgs/vision_msgs/msg/detail/bounding_box2_d__builder.hpp
[17.104s] -- Installing: /home/aiv/YongJun_ws/matlab_ws/ros_msg/matlab_msg_gen/glnxa64/install/include/vision_msgs/vision_msgs/msg/bounding_box3_d_array.hpp
[17.104s] -- Installing: /home/aiv/YongJun_ws/matlab_ws/ros_msg/matlab_msg_gen/glnxa64/install/include/vision_msgs/vision_msgs/msg/bounding_box3_d.hpp
[17.104s] -- Up-to-date: /home/aiv/YongJun_ws/matlab_ws/ros_msg/matlab_msg_gen/glnxa64/install/include/vision_msgs/vision_msgs
[17.104s] -- Up-to-date: /home/aiv/YongJun_ws/matlab_ws/ros_msg/matlab_msg_gen/glnxa64/install/include/vision_msgs/vision_msgs/msg
[17.104s] -- Installing: /home/aiv/YongJun_ws/matlab_ws/ros_msg/matlab_msg_gen/glnxa64/install/include/vision_msgs/vision_msgs/msg/rosidl_typesupport_fastrtps_cpp__visibility_control.h
[17.104s] -- Up-to-date: /home/aiv/YongJun_ws/matlab_ws/ros_msg/matlab_msg_gen/glnxa64/install/include/vision_msgs/vision_msgs/msg/detail
[17.104s] -- Installing: /home/aiv/YongJun_ws/matlab_ws/ros_msg/matlab_msg_gen/glnxa64/install/include/vision_msgs/vision_msgs/msg/detail/bounding_box3_d__rosidl_typesupport_fastrtps_cpp.hpp
[17.104s] -- Installing: /home/aiv/YongJun_ws/matlab_ws/ros_msg/matlab_msg_gen/glnxa64/install/include/vision_msgs/vision_msgs/msg/detail/dds_fastrtps
[17.104s] -- Installing: /home/aiv/YongJun_ws/matlab_ws/ros_msg/matlab_msg_gen/glnxa64/install/include/vision_msgs/vision_msgs/msg/detail/classification3_d__rosidl_typesupport_fastrtps_cpp.hpp
[17.104s] -- Installing: /home/aiv/YongJun_ws/matlab_ws/ros_msg/matlab_msg_gen/glnxa64/install/include/vision_msgs/vision_msgs/msg/detail/detection3_d_array__rosidl_typesupport_fastrtps_cpp.hpp
[17.104s] -- Installing: /home/aiv/YongJun_ws/matlab_ws/ros_msg/matlab_msg_gen/glnxa64/install/include/vision_msgs/vision_msgs/msg/detail/object_hypothesis_with_pose__rosidl_typesupport_fastrtps_cpp.hpp
[17.104s] -- Installing: /home/aiv/YongJun_ws/matlab_ws/ros_msg/matlab_msg_gen/glnxa64/install/include/vision_msgs/vision_msgs/msg/detail/vision_info__rosidl_typesupport_fastrtps_cpp.hpp
[17.104s] -- Installing: /home/aiv/YongJun_ws/matlab_ws/ros_msg/matlab_msg_gen/glnxa64/install/include/vision_msgs/vision_msgs/msg/detail/detection2_d__rosidl_typesupport_fastrtps_cpp.hpp
[17.104s] -- Installing: /home/aiv/YongJun_ws/matlab_ws/ros_msg/matlab_msg_gen/glnxa64/install/include/vision_msgs/vision_msgs/msg/detail/object_hypothesis__rosidl_typesupport_fastrtps_cpp.hpp
[17.104s] -- Installing: /home/aiv/YongJun_ws/matlab_ws/ros_msg/matlab_msg_gen/glnxa64/install/include/vision_msgs/vision_msgs/msg/detail/detection2_d_array__rosidl_typesupport_fastrtps_cpp.hpp
[17.105s] -- Installing: /home/aiv/YongJun_ws/matlab_ws/ros_msg/matlab_msg_gen/glnxa64/install/include/vision_msgs/vision_msgs/msg/detail/bounding_box2_d__rosidl_typesupport_fastrtps_cpp.hpp
[17.105s] -- Installing: /home/aiv/YongJun_ws/matlab_ws/ros_msg/matlab_msg_gen/glnxa64/install/include/vision_msgs/vision_msgs/msg/detail/detection3_d__rosidl_typesupport_fastrtps_cpp.hpp
[17.105s] -- Installing: /home/aiv/YongJun_ws/matlab_ws/ros_msg/matlab_msg_gen/glnxa64/install/include/vision_msgs/vision_msgs/msg/detail/classification2_d__rosidl_typesupport_fastrtps_cpp.hpp
[17.105s] -- Installing: /home/aiv/YongJun_ws/matlab_ws/ros_msg/matlab_msg_gen/glnxa64/install/include/vision_msgs/vision_msgs/msg/detail/bounding_box2_d_array__rosidl_typesupport_fastrtps_cpp.hpp
[17.105s] -- Installing: /home/aiv/YongJun_ws/matlab_ws/ros_msg/matlab_msg_gen/glnxa64/install/include/vision_msgs/vision_msgs/msg/detail/bounding_box3_d_array__rosidl_typesupport_fastrtps_cpp.hpp
[17.105s] -- Installing: /home/aiv/YongJun_ws/matlab_ws/ros_msg/matlab_msg_gen/glnxa64/install/lib/libvision_msgs__rosidl_typesupport_fastrtps_cpp.so
[17.105s] -- Up-to-date: /home/aiv/YongJun_ws/matlab_ws/ros_msg/matlab_msg_gen/glnxa64/install/include/vision_msgs/vision_msgs
[17.105s] -- Up-to-date: /home/aiv/YongJun_ws/matlab_ws/ros_msg/matlab_msg_gen/glnxa64/install/include/vision_msgs/vision_msgs/msg
[17.105s] -- Up-to-date: /home/aiv/YongJun_ws/matlab_ws/ros_msg/matlab_msg_gen/glnxa64/install/include/vision_msgs/vision_msgs/msg/detail
[17.105s] -- Installing: /home/aiv/YongJun_ws/matlab_ws/ros_msg/matlab_msg_gen/glnxa64/install/include/vision_msgs/vision_msgs/msg/detail/detection2_d_array__type_support.cpp
[17.105s] -- Installing: /home/aiv/YongJun_ws/matlab_ws/ros_msg/matlab_msg_gen/glnxa64/install/include/vision_msgs/vision_msgs/msg/detail/object_hypothesis__type_support.cpp
[17.105s] -- Installing: /home/aiv/YongJun_ws/matlab_ws/ros_msg/matlab_msg_gen/glnxa64/install/include/vision_msgs/vision_msgs/msg/detail/detection2_d__rosidl_typesupport_introspection_cpp.hpp
[17.105s] -- Installing: /home/aiv/YongJun_ws/matlab_ws/ros_msg/matlab_msg_gen/glnxa64/install/include/vision_msgs/vision_msgs/msg/detail/classification3_d__rosidl_typesupport_introspection_cpp.hpp
[17.105s] -- Installing: /home/aiv/YongJun_ws/matlab_ws/ros_msg/matlab_msg_gen/glnxa64/install/include/vision_msgs/vision_msgs/msg/detail/object_hypothesis__rosidl_typesupport_introspection_cpp.hpp
[17.105s] -- Installing: /home/aiv/YongJun_ws/matlab_ws/ros_msg/matlab_msg_gen/glnxa64/install/include/vision_msgs/vision_msgs/msg/detail/detection2_d__type_support.cpp
[17.105s] -- Installing: /home/aiv/YongJun_ws/matlab_ws/ros_msg/matlab_msg_gen/glnxa64/install/include/vision_msgs/vision_msgs/msg/detail/detection3_d__rosidl_typesupport_introspection_cpp.hpp
[17.105s] -- Installing: /home/aiv/YongJun_ws/matlab_ws/ros_msg/matlab_msg_gen/glnxa64/install/include/vision_msgs/vision_msgs/msg/detail/bounding_box3_d__rosidl_typesupport_introspection_cpp.hpp
[17.105s] -- Installing: /home/aiv/YongJun_ws/matlab_ws/ros_msg/matlab_msg_gen/glnxa64/install/include/vision_msgs/vision_msgs/msg/detail/detection3_d_array__type_support.cpp
[17.105s] -- Installing: /home/aiv/YongJun_ws/matlab_ws/ros_msg/matlab_msg_gen/glnxa64/install/include/vision_msgs/vision_msgs/msg/detail/bounding_box2_d_array__rosidl_typesupport_introspection_cpp.hpp
[17.105s] -- Installing: /home/aiv/YongJun_ws/matlab_ws/ros_msg/matlab_msg_gen/glnxa64/install/include/vision_msgs/vision_msgs/msg/detail/classification2_d__type_support.cpp
[17.105s] -- Installing: /home/aiv/YongJun_ws/matlab_ws/ros_msg/matlab_msg_gen/glnxa64/install/include/vision_msgs/vision_msgs/msg/detail/detection3_d_array__rosidl_typesupport_introspection_cpp.hpp
[17.105s] -- Installing: /home/aiv/YongJun_ws/matlab_ws/ros_msg/matlab_msg_gen/glnxa64/install/include/vision_msgs/vision_msgs/msg/detail/vision_info__rosidl_typesupport_introspection_cpp.hpp
[17.105s] -- Installing: /home/aiv/YongJun_ws/matlab_ws/ros_msg/matlab_msg_gen/glnxa64/install/include/vision_msgs/vision_msgs/msg/detail/object_hypothesis_with_pose__type_support.cpp
[17.105s] -- Installing: /home/aiv/YongJun_ws/matlab_ws/ros_msg/matlab_msg_gen/glnxa64/install/include/vision_msgs/vision_msgs/msg/detail/vision_info__type_support.cpp
[17.106s] -- Installing: /home/aiv/YongJun_ws/matlab_ws/ros_msg/matlab_msg_gen/glnxa64/install/include/vision_msgs/vision_msgs/msg/detail/bounding_box2_d__rosidl_typesupport_introspection_cpp.hpp
[17.106s] -- Installing: /home/aiv/YongJun_ws/matlab_ws/ros_msg/matlab_msg_gen/glnxa64/install/include/vision_msgs/vision_msgs/msg/detail/bounding_box2_d__type_support.cpp
[17.106s] -- Installing: /home/aiv/YongJun_ws/matlab_ws/ros_msg/matlab_msg_gen/glnxa64/install/include/vision_msgs/vision_msgs/msg/detail/bounding_box2_d_array__type_support.cpp
[17.106s] -- Installing: /home/aiv/YongJun_ws/matlab_ws/ros_msg/matlab_msg_gen/glnxa64/install/include/vision_msgs/vision_msgs/msg/detail/classification3_d__type_support.cpp
[17.106s] -- Installing: /home/aiv/YongJun_ws/matlab_ws/ros_msg/matlab_msg_gen/glnxa64/install/include/vision_msgs/vision_msgs/msg/detail/bounding_box3_d_array__rosidl_typesupport_introspection_cpp.hpp
[17.106s] -- Installing: /home/aiv/YongJun_ws/matlab_ws/ros_msg/matlab_msg_gen/glnxa64/install/include/vision_msgs/vision_msgs/msg/detail/detection2_d_array__rosidl_typesupport_introspection_cpp.hpp
[17.106s] -- Installing: /home/aiv/YongJun_ws/matlab_ws/ros_msg/matlab_msg_gen/glnxa64/install/include/vision_msgs/vision_msgs/msg/detail/classification2_d__rosidl_typesupport_introspection_cpp.hpp
[17.106s] -- Installing: /home/aiv/YongJun_ws/matlab_ws/ros_msg/matlab_msg_gen/glnxa64/install/include/vision_msgs/vision_msgs/msg/detail/object_hypothesis_with_pose__rosidl_typesupport_introspection_cpp.hpp
[17.106s] -- Installing: /home/aiv/YongJun_ws/matlab_ws/ros_msg/matlab_msg_gen/glnxa64/install/include/vision_msgs/vision_msgs/msg/detail/bounding_box3_d__type_support.cpp
[17.106s] -- Installing: /home/aiv/YongJun_ws/matlab_ws/ros_msg/matlab_msg_gen/glnxa64/install/include/vision_msgs/vision_msgs/msg/detail/bounding_box3_d_array__type_support.cpp
[17.106s] -- Installing: /home/aiv/YongJun_ws/matlab_ws/ros_msg/matlab_msg_gen/glnxa64/install/include/vision_msgs/vision_msgs/msg/detail/detection3_d__type_support.cpp
[17.106s] -- Installing: /home/aiv/YongJun_ws/matlab_ws/ros_msg/matlab_msg_gen/glnxa64/install/lib/libvision_msgs__rosidl_typesupport_introspection_cpp.so
[17.106s] -- Installing: /home/aiv/YongJun_ws/matlab_ws/ros_msg/matlab_msg_gen/glnxa64/install/lib/libvision_msgs__rosidl_typesupport_cpp.so
[17.106s] -- Installing: /home/aiv/YongJun_ws/matlab_ws/ros_msg/matlab_msg_gen/glnxa64/install/share/vision_msgs/msg/BoundingBox2D.idl
[17.106s] -- Installing: /home/aiv/YongJun_ws/matlab_ws/ros_msg/matlab_msg_gen/glnxa64/install/share/vision_msgs/msg/BoundingBox2DArray.idl
[17.106s] -- Installing: /home/aiv/YongJun_ws/matlab_ws/ros_msg/matlab_msg_gen/glnxa64/install/share/vision_msgs/msg/BoundingBox3D.idl
[17.106s] -- Installing: /home/aiv/YongJun_ws/matlab_ws/ros_msg/matlab_msg_gen/glnxa64/install/share/vision_msgs/msg/BoundingBox3DArray.idl
[17.106s] -- Installing: /home/aiv/YongJun_ws/matlab_ws/ros_msg/matlab_msg_gen/glnxa64/install/share/vision_msgs/msg/Classification2D.idl
[17.106s] -- Installing: /home/aiv/YongJun_ws/matlab_ws/ros_msg/matlab_msg_gen/glnxa64/install/share/vision_msgs/msg/Classification3D.idl
[17.106s] -- Installing: /home/aiv/YongJun_ws/matlab_ws/ros_msg/matlab_msg_gen/glnxa64/install/share/vision_msgs/msg/Detection2D.idl
[17.106s] -- Installing: /home/aiv/YongJun_ws/matlab_ws/ros_msg/matlab_msg_gen/glnxa64/install/share/vision_msgs/msg/Detection2DArray.idl
[17.106s] -- Installing: /home/aiv/YongJun_ws/matlab_ws/ros_msg/matlab_msg_gen/glnxa64/install/share/vision_msgs/msg/Detection3D.idl
[17.106s] -- Installing: /home/aiv/YongJun_ws/matlab_ws/ros_msg/matlab_msg_gen/glnxa64/install/share/vision_msgs/msg/Detection3DArray.idl
[17.106s] -- Installing: /home/aiv/YongJun_ws/matlab_ws/ros_msg/matlab_msg_gen/glnxa64/install/share/vision_msgs/msg/ObjectHypothesis.idl
[17.106s] -- Installing: /home/aiv/YongJun_ws/matlab_ws/ros_msg/matlab_msg_gen/glnxa64/install/share/vision_msgs/msg/ObjectHypothesisWithPose.idl
[17.106s] -- Installing: /home/aiv/YongJun_ws/matlab_ws/ros_msg/matlab_msg_gen/glnxa64/install/share/vision_msgs/msg/VisionInfo.idl
[17.106s] -- Installing: /home/aiv/YongJun_ws/matlab_ws/ros_msg/matlab_msg_gen/glnxa64/install/share/vision_msgs/msg/BoundingBox2D.msg
[17.106s] -- Installing: /home/aiv/YongJun_ws/matlab_ws/ros_msg/matlab_msg_gen/glnxa64/install/share/vision_msgs/msg/BoundingBox2DArray.msg
[17.106s] -- Installing: /home/aiv/YongJun_ws/matlab_ws/ros_msg/matlab_msg_gen/glnxa64/install/share/vision_msgs/msg/BoundingBox3D.msg
[17.106s] -- Installing: /home/aiv/YongJun_ws/matlab_ws/ros_msg/matlab_msg_gen/glnxa64/install/share/vision_msgs/msg/BoundingBox3DArray.msg
[17.106s] -- Installing: /home/aiv/YongJun_ws/matlab_ws/ros_msg/matlab_msg_gen/glnxa64/install/share/vision_msgs/msg/Classification2D.msg
[17.107s] -- Installing: /home/aiv/YongJun_ws/matlab_ws/ros_msg/matlab_msg_gen/glnxa64/install/share/vision_msgs/msg/Classification3D.msg
[17.107s] -- Installing: /home/aiv/YongJun_ws/matlab_ws/ros_msg/matlab_msg_gen/glnxa64/install/share/vision_msgs/msg/Detection2D.msg
[17.107s] -- Installing: /home/aiv/YongJun_ws/matlab_ws/ros_msg/matlab_msg_gen/glnxa64/install/share/vision_msgs/msg/Detection2DArray.msg
[17.107s] -- Installing: /home/aiv/YongJun_ws/matlab_ws/ros_msg/matlab_msg_gen/glnxa64/install/share/vision_msgs/msg/Detection3D.msg
[17.107s] -- Installing: /home/aiv/YongJun_ws/matlab_ws/ros_msg/matlab_msg_gen/glnxa64/install/share/vision_msgs/msg/Detection3DArray.msg
[17.107s] -- Installing: /home/aiv/YongJun_ws/matlab_ws/ros_msg/matlab_msg_gen/glnxa64/install/share/vision_msgs/msg/ObjectHypothesis.msg
[17.107s] -- Installing: /home/aiv/YongJun_ws/matlab_ws/ros_msg/matlab_msg_gen/glnxa64/install/share/vision_msgs/msg/ObjectHypothesisWithPose.msg
[17.107s] -- Installing: /home/aiv/YongJun_ws/matlab_ws/ros_msg/matlab_msg_gen/glnxa64/install/share/vision_msgs/msg/VisionInfo.msg
[17.107s] -- Up-to-date: /home/aiv/YongJun_ws/matlab_ws/ros_msg/matlab_msg_gen/glnxa64/install/include
[17.107s] -- Up-to-date: /home/aiv/YongJun_ws/matlab_ws/ros_msg/matlab_msg_gen/glnxa64/install/include/vision_msgs
[17.107s] -- Installing: /home/aiv/YongJun_ws/matlab_ws/ros_msg/matlab_msg_gen/glnxa64/install/include/vision_msgs/visibility_control.h
[17.107s] -- Installing: /home/aiv/YongJun_ws/matlab_ws/ros_msg/matlab_msg_gen/glnxa64/install/lib/libvision_msgs_matlab.so
[17.134s] -- Installing: /home/aiv/YongJun_ws/matlab_ws/ros_msg/matlab_msg_gen/glnxa64/install/m/
[17.134s] -- Installing: /home/aiv/YongJun_ws/matlab_ws/ros_msg/matlab_msg_gen/glnxa64/install/m//+ros
[17.135s] -- Installing: /home/aiv/YongJun_ws/matlab_ws/ros_msg/matlab_msg_gen/glnxa64/install/m//+ros/+internal
[17.135s] -- Installing: /home/aiv/YongJun_ws/matlab_ws/ros_msg/matlab_msg_gen/glnxa64/install/m//+ros/+internal/+ros2
[17.135s] -- Installing: /home/aiv/YongJun_ws/matlab_ws/ros_msg/matlab_msg_gen/glnxa64/install/m//+ros/+internal/+ros2/+custommessages
[17.135s] -- Installing: /home/aiv/YongJun_ws/matlab_ws/ros_msg/matlab_msg_gen/glnxa64/install/m//+ros/+internal/+ros2/+custommessages/+vision_msgs
[17.135s] -- Installing: /home/aiv/YongJun_ws/matlab_ws/ros_msg/matlab_msg_gen/glnxa64/install/m//+ros/+internal/+ros2/+custommessages/+vision_msgs/boundingBox2DArray.m
[17.135s] -- Installing: /home/aiv/YongJun_ws/matlab_ws/ros_msg/matlab_msg_gen/glnxa64/install/m//+ros/+internal/+ros2/+custommessages/+vision_msgs/detection3DArray.m
[17.135s] -- Installing: /home/aiv/YongJun_ws/matlab_ws/ros_msg/matlab_msg_gen/glnxa64/install/m//+ros/+internal/+ros2/+custommessages/+vision_msgs/boundingBox3DArray.m
[17.135s] -- Installing: /home/aiv/YongJun_ws/matlab_ws/ros_msg/matlab_msg_gen/glnxa64/install/m//+ros/+internal/+ros2/+custommessages/+vision_msgs/boundingBox2D.m
[17.135s] -- Installing: /home/aiv/YongJun_ws/matlab_ws/ros_msg/matlab_msg_gen/glnxa64/install/m//+ros/+internal/+ros2/+custommessages/+vision_msgs/objectHypothesisWithPose.m
[17.135s] -- Installing: /home/aiv/YongJun_ws/matlab_ws/ros_msg/matlab_msg_gen/glnxa64/install/m//+ros/+internal/+ros2/+custommessages/+vision_msgs/detection2D.m
[17.135s] -- Installing: /home/aiv/YongJun_ws/matlab_ws/ros_msg/matlab_msg_gen/glnxa64/install/m//+ros/+internal/+ros2/+custommessages/+vision_msgs/detection3D.m
[17.135s] -- Installing: /home/aiv/YongJun_ws/matlab_ws/ros_msg/matlab_msg_gen/glnxa64/install/m//+ros/+internal/+ros2/+custommessages/+vision_msgs/classification3D.m
[17.135s] -- Installing: /home/aiv/YongJun_ws/matlab_ws/ros_msg/matlab_msg_gen/glnxa64/install/m//+ros/+internal/+ros2/+custommessages/+vision_msgs/detection2DArray.m
[17.135s] -- Installing: /home/aiv/YongJun_ws/matlab_ws/ros_msg/matlab_msg_gen/glnxa64/install/m//+ros/+internal/+ros2/+custommessages/+vision_msgs/boundingBox3D.m
[17.135s] -- Installing: /home/aiv/YongJun_ws/matlab_ws/ros_msg/matlab_msg_gen/glnxa64/install/m//+ros/+internal/+ros2/+custommessages/+vision_msgs/objectHypothesis.m
[17.135s] -- Installing: /home/aiv/YongJun_ws/matlab_ws/ros_msg/matlab_msg_gen/glnxa64/install/m//+ros/+internal/+ros2/+custommessages/+vision_msgs/classification2D.m
[17.135s] -- Installing: /home/aiv/YongJun_ws/matlab_ws/ros_msg/matlab_msg_gen/glnxa64/install/m//+ros/+internal/+ros2/+custommessages/+vision_msgs/visionInfo.m
[17.135s] -- Installing: /home/aiv/YongJun_ws/matlab_ws/ros_msg/matlab_msg_gen/glnxa64/install/share/ament_index/resource_index/package_run_dependencies/vision_msgs
[17.135s] -- Installing: /home/aiv/YongJun_ws/matlab_ws/ros_msg/matlab_msg_gen/glnxa64/install/share/ament_index/resource_index/parent_prefix_path/vision_msgs
[17.135s] -- Installing: /home/aiv/YongJun_ws/matlab_ws/ros_msg/matlab_msg_gen/glnxa64/install/share/vision_msgs/environment/ament_prefix_path.sh
[17.135s] -- Installing: /home/aiv/YongJun_ws/matlab_ws/ros_msg/matlab_msg_gen/glnxa64/install/share/vision_msgs/environment/ament_prefix_path.dsv
[17.135s] -- Installing: /home/aiv/YongJun_ws/matlab_ws/ros_msg/matlab_msg_gen/glnxa64/install/share/vision_msgs/environment/path.sh
[17.135s] -- Installing: /home/aiv/YongJun_ws/matlab_ws/ros_msg/matlab_msg_gen/glnxa64/install/share/vision_msgs/environment/path.dsv
[17.135s] -- Installing: /home/aiv/YongJun_ws/matlab_ws/ros_msg/matlab_msg_gen/glnxa64/install/share/vision_msgs/local_setup.bash
[17.135s] -- Installing: /home/aiv/YongJun_ws/matlab_ws/ros_msg/matlab_msg_gen/glnxa64/install/share/vision_msgs/local_setup.sh
[17.136s] -- Installing: /home/aiv/YongJun_ws/matlab_ws/ros_msg/matlab_msg_gen/glnxa64/install/share/vision_msgs/local_setup.zsh
[17.136s] -- Installing: /home/aiv/YongJun_ws/matlab_ws/ros_msg/matlab_msg_gen/glnxa64/install/share/vision_msgs/local_setup.dsv
[17.136s] -- Installing: /home/aiv/YongJun_ws/matlab_ws/ros_msg/matlab_msg_gen/glnxa64/install/share/vision_msgs/package.dsv
[17.136s] -- Installing: /home/aiv/YongJun_ws/matlab_ws/ros_msg/matlab_msg_gen/glnxa64/install/share/ament_index/resource_index/packages/vision_msgs
[17.136s] -- Installing: /home/aiv/YongJun_ws/matlab_ws/ros_msg/matlab_msg_gen/glnxa64/install/share/vision_msgs/cmake/export_vision_msgs__rosidl_generator_cExport.cmake
[17.136s] -- Installing: /home/aiv/YongJun_ws/matlab_ws/ros_msg/matlab_msg_gen/glnxa64/install/share/vision_msgs/cmake/export_vision_msgs__rosidl_generator_cExport-release.cmake
[17.136s] -- Installing: /home/aiv/YongJun_ws/matlab_ws/ros_msg/matlab_msg_gen/glnxa64/install/share/vision_msgs/cmake/export_vision_msgs__rosidl_typesupport_fastrtps_cExport.cmake
[17.136s] -- Installing: /home/aiv/YongJun_ws/matlab_ws/ros_msg/matlab_msg_gen/glnxa64/install/share/vision_msgs/cmake/export_vision_msgs__rosidl_typesupport_fastrtps_cExport-release.cmake
[17.136s] -- Installing: /home/aiv/YongJun_ws/matlab_ws/ros_msg/matlab_msg_gen/glnxa64/install/share/vision_msgs/cmake/vision_msgs__rosidl_typesupport_introspection_cExport.cmake
[17.136s] -- Installing: /home/aiv/YongJun_ws/matlab_ws/ros_msg/matlab_msg_gen/glnxa64/install/share/vision_msgs/cmake/vision_msgs__rosidl_typesupport_introspection_cExport-release.cmake
[17.136s] -- Installing: /home/aiv/YongJun_ws/matlab_ws/ros_msg/matlab_msg_gen/glnxa64/install/share/vision_msgs/cmake/vision_msgs__rosidl_typesupport_cExport.cmake
[17.136s] -- Installing: /home/aiv/YongJun_ws/matlab_ws/ros_msg/matlab_msg_gen/glnxa64/install/share/vision_msgs/cmake/vision_msgs__rosidl_typesupport_cExport-release.cmake
[17.136s] -- Installing: /home/aiv/YongJun_ws/matlab_ws/ros_msg/matlab_msg_gen/glnxa64/install/share/vision_msgs/cmake/export_vision_msgs__rosidl_generator_cppExport.cmake
[17.136s] -- Installing: /home/aiv/YongJun_ws/matlab_ws/ros_msg/matlab_msg_gen/glnxa64/install/share/vision_msgs/cmake/export_vision_msgs__rosidl_typesupport_fastrtps_cppExport.cmake
[17.136s] -- Installing: /home/aiv/YongJun_ws/matlab_ws/ros_msg/matlab_msg_gen/glnxa64/install/share/vision_msgs/cmake/export_vision_msgs__rosidl_typesupport_fastrtps_cppExport-release.cmake
[17.136s] -- Installing: /home/aiv/YongJun_ws/matlab_ws/ros_msg/matlab_msg_gen/glnxa64/install/share/vision_msgs/cmake/vision_msgs__rosidl_typesupport_introspection_cppExport.cmake
[17.136s] -- Installing: /home/aiv/YongJun_ws/matlab_ws/ros_msg/matlab_msg_gen/glnxa64/install/share/vision_msgs/cmake/vision_msgs__rosidl_typesupport_introspection_cppExport-release.cmake
[17.136s] -- Installing: /home/aiv/YongJun_ws/matlab_ws/ros_msg/matlab_msg_gen/glnxa64/install/share/vision_msgs/cmake/vision_msgs__rosidl_typesupport_cppExport.cmake
[17.136s] -- Installing: /home/aiv/YongJun_ws/matlab_ws/ros_msg/matlab_msg_gen/glnxa64/install/share/vision_msgs/cmake/vision_msgs__rosidl_typesupport_cppExport-release.cmake
[17.136s] -- Installing: /home/aiv/YongJun_ws/matlab_ws/ros_msg/matlab_msg_gen/glnxa64/install/share/vision_msgs/cmake/rosidl_cmake-extras.cmake
[17.136s] -- Installing: /home/aiv/YongJun_ws/matlab_ws/ros_msg/matlab_msg_gen/glnxa64/install/share/vision_msgs/cmake/ament_cmake_export_dependencies-extras.cmake
[17.136s] -- Installing: /home/aiv/YongJun_ws/matlab_ws/ros_msg/matlab_msg_gen/glnxa64/install/share/vision_msgs/cmake/ament_cmake_export_include_directories-extras.cmake
[17.136s] -- Installing: /home/aiv/YongJun_ws/matlab_ws/ros_msg/matlab_msg_gen/glnxa64/install/share/vision_msgs/cmake/ament_cmake_export_libraries-extras.cmake
[17.136s] -- Installing: /home/aiv/YongJun_ws/matlab_ws/ros_msg/matlab_msg_gen/glnxa64/install/share/vision_msgs/cmake/ament_cmake_export_targets-extras.cmake
[17.136s] -- Installing: /home/aiv/YongJun_ws/matlab_ws/ros_msg/matlab_msg_gen/glnxa64/install/share/vision_msgs/cmake/rosidl_cmake_export_typesupport_targets-extras.cmake
[17.136s] -- Installing: /home/aiv/YongJun_ws/matlab_ws/ros_msg/matlab_msg_gen/glnxa64/install/share/vision_msgs/cmake/rosidl_cmake_export_typesupport_libraries-extras.cmake
[17.136s] -- Installing: /home/aiv/YongJun_ws/matlab_ws/ros_msg/matlab_msg_gen/glnxa64/install/share/vision_msgs/cmake/vision_msgsConfig.cmake
[17.136s] -- Installing: /home/aiv/YongJun_ws/matlab_ws/ros_msg/matlab_msg_gen/glnxa64/install/share/vision_msgs/cmake/vision_msgsConfig-version.cmake
[17.137s] -- Installing: /home/aiv/YongJun_ws/matlab_ws/ros_msg/matlab_msg_gen/glnxa64/install/share/vision_msgs/package.xml
[17.139s] Invoked command in '/home/aiv/YongJun_ws/matlab_ws/ros_msg/matlab_msg_gen/glnxa64/build/vision_msgs' returned '0': PS1=(venv) VIRTUAL_ENV_PROMPT=(venv) /usr/local/MATLAB/R2024a/bin/glnxa64/cmake/bin/cmake --install /home/aiv/YongJun_ws/matlab_ws/ros_msg/matlab_msg_gen/glnxa64/build/vision_msgs
