[0.010s] Invoking command in '/home/aiv/YongJun_ws/ros2_ws/build/yolov8_bringup': AMENT_PREFIX_PATH=/home/aiv/YongJun_ws/ros2_ws/install/yolov8_ros:/home/aiv/YongJun_ws/ros2_ws/install/yolov8_bringup:/home/aiv/YongJun_ws/ros2_ws/install/yolov8_msgs:/home/aiv/YongJun_ws/ros2_ws/install/usb_cam:/home/aiv/YongJun_ws/ros2_ws/install/realsense2_description:/home/aiv/YongJun_ws/ros2_ws/install/realsense2_camera:/home/aiv/YongJun_ws/ros2_ws/install/realsense2_camera_msgs:/opt/ros/foxy CMAKE_PREFIX_PATH=/home/aiv/YongJun_ws/ros2_ws/install/yolov8_msgs:/home/aiv/YongJun_ws/ros2_ws/install/yolov8_bringup:/home/aiv/YongJun_ws/ros2_ws/install/usb_cam:/home/aiv/YongJun_ws/ros2_ws/install/realsense2_description:/home/aiv/YongJun_ws/ros2_ws/install/realsense2_camera:/home/aiv/YongJun_ws/ros2_ws/install/realsense2_camera_msgs:/home/aiv/YongJun_ws/ros2_ws/install/yolov8_ros:/opt/ros/foxy LD_LIBRARY_PATH=/home/aiv/YongJun_ws/ros2_ws/install/yolov8_msgs/lib:/home/aiv/YongJun_ws/ros2_ws/install/usb_cam/lib:/home/aiv/YongJun_ws/ros2_ws/install/realsense2_camera/lib:/home/aiv/YongJun_ws/ros2_ws/install/realsense2_camera_msgs/lib:/opt/ros/foxy/opt/yaml_cpp_vendor/lib:/opt/ros/foxy/opt/rviz_ogre_vendor/lib:/opt/ros/foxy/lib/x86_64-linux-gnu:/opt/ros/foxy/lib:/usr/local/cuda-11.8/lib64 /home/aiv/.local/bin/cmake /home/aiv/YongJun_ws/ros2_ws/src/yolov8_ros/yolov8_bringup -DAMENT_CMAKE_SYMLINK_INSTALL=1 -DCMAKE_INSTALL_PREFIX=/home/aiv/YongJun_ws/ros2_ws/install/yolov8_bringup
[0.059s] -- The C compiler identification is GNU 9.4.0
[0.094s] -- The CXX compiler identification is GNU 9.4.0
[0.100s] -- Detecting C compiler ABI info
[0.135s] -- Detecting C compiler ABI info - done
[0.141s] -- Check for working C compiler: /usr/bin/cc - skipped
[0.142s] -- Detecting C compile features
[0.142s] -- Detecting C compile features - done
[0.144s] -- Detecting CXX compiler ABI info
[0.184s] -- Detecting CXX compiler ABI info - done
[0.191s] -- Check for working CXX compiler: /usr/bin/c++ - skipped
[0.191s] -- Detecting CXX compile features
[0.192s] -- Detecting CXX compile features - done
[0.193s] -- Found ament_cmake: 0.9.12 (/opt/ros/foxy/share/ament_cmake/cmake)
[0.211s] -- Found PythonInterp: /usr/bin/python3 (found suitable version "3.8.10", minimum required is "3") 
[0.212s] -- Using PYTHON_EXECUTABLE: /usr/bin/python3
[0.348s] -- Override CMake install command with custom implementation using symlinks instead of copying resources
[0.406s] -- Configuring done
[0.407s] -- Generating done
[0.408s] -- Build files have been written to: /home/aiv/YongJun_ws/ros2_ws/build/yolov8_bringup
[0.412s] Invoked command in '/home/aiv/YongJun_ws/ros2_ws/build/yolov8_bringup' returned '0': AMENT_PREFIX_PATH=/home/aiv/YongJun_ws/ros2_ws/install/yolov8_ros:/home/aiv/YongJun_ws/ros2_ws/install/yolov8_bringup:/home/aiv/YongJun_ws/ros2_ws/install/yolov8_msgs:/home/aiv/YongJun_ws/ros2_ws/install/usb_cam:/home/aiv/YongJun_ws/ros2_ws/install/realsense2_description:/home/aiv/YongJun_ws/ros2_ws/install/realsense2_camera:/home/aiv/YongJun_ws/ros2_ws/install/realsense2_camera_msgs:/opt/ros/foxy CMAKE_PREFIX_PATH=/home/aiv/YongJun_ws/ros2_ws/install/yolov8_msgs:/home/aiv/YongJun_ws/ros2_ws/install/yolov8_bringup:/home/aiv/YongJun_ws/ros2_ws/install/usb_cam:/home/aiv/YongJun_ws/ros2_ws/install/realsense2_description:/home/aiv/YongJun_ws/ros2_ws/install/realsense2_camera:/home/aiv/YongJun_ws/ros2_ws/install/realsense2_camera_msgs:/home/aiv/YongJun_ws/ros2_ws/install/yolov8_ros:/opt/ros/foxy LD_LIBRARY_PATH=/home/aiv/YongJun_ws/ros2_ws/install/yolov8_msgs/lib:/home/aiv/YongJun_ws/ros2_ws/install/usb_cam/lib:/home/aiv/YongJun_ws/ros2_ws/install/realsense2_camera/lib:/home/aiv/YongJun_ws/ros2_ws/install/realsense2_camera_msgs/lib:/opt/ros/foxy/opt/yaml_cpp_vendor/lib:/opt/ros/foxy/opt/rviz_ogre_vendor/lib:/opt/ros/foxy/lib/x86_64-linux-gnu:/opt/ros/foxy/lib:/usr/local/cuda-11.8/lib64 /home/aiv/.local/bin/cmake /home/aiv/YongJun_ws/ros2_ws/src/yolov8_ros/yolov8_bringup -DAMENT_CMAKE_SYMLINK_INSTALL=1 -DCMAKE_INSTALL_PREFIX=/home/aiv/YongJun_ws/ros2_ws/install/yolov8_bringup
[0.414s] Invoking command in '/home/aiv/YongJun_ws/ros2_ws/build/yolov8_bringup': AMENT_PREFIX_PATH=/home/aiv/YongJun_ws/ros2_ws/install/yolov8_ros:/home/aiv/YongJun_ws/ros2_ws/install/yolov8_bringup:/home/aiv/YongJun_ws/ros2_ws/install/yolov8_msgs:/home/aiv/YongJun_ws/ros2_ws/install/usb_cam:/home/aiv/YongJun_ws/ros2_ws/install/realsense2_description:/home/aiv/YongJun_ws/ros2_ws/install/realsense2_camera:/home/aiv/YongJun_ws/ros2_ws/install/realsense2_camera_msgs:/opt/ros/foxy CMAKE_PREFIX_PATH=/home/aiv/YongJun_ws/ros2_ws/install/yolov8_msgs:/home/aiv/YongJun_ws/ros2_ws/install/yolov8_bringup:/home/aiv/YongJun_ws/ros2_ws/install/usb_cam:/home/aiv/YongJun_ws/ros2_ws/install/realsense2_description:/home/aiv/YongJun_ws/ros2_ws/install/realsense2_camera:/home/aiv/YongJun_ws/ros2_ws/install/realsense2_camera_msgs:/home/aiv/YongJun_ws/ros2_ws/install/yolov8_ros:/opt/ros/foxy LD_LIBRARY_PATH=/home/aiv/YongJun_ws/ros2_ws/install/yolov8_msgs/lib:/home/aiv/YongJun_ws/ros2_ws/install/usb_cam/lib:/home/aiv/YongJun_ws/ros2_ws/install/realsense2_camera/lib:/home/aiv/YongJun_ws/ros2_ws/install/realsense2_camera_msgs/lib:/opt/ros/foxy/opt/yaml_cpp_vendor/lib:/opt/ros/foxy/opt/rviz_ogre_vendor/lib:/opt/ros/foxy/lib/x86_64-linux-gnu:/opt/ros/foxy/lib:/usr/local/cuda-11.8/lib64 /home/aiv/.local/bin/cmake --build /home/aiv/YongJun_ws/ros2_ws/build/yolov8_bringup -- -j32 -l32
[0.444s] Invoked command in '/home/aiv/YongJun_ws/ros2_ws/build/yolov8_bringup' returned '0': AMENT_PREFIX_PATH=/home/aiv/YongJun_ws/ros2_ws/install/yolov8_ros:/home/aiv/YongJun_ws/ros2_ws/install/yolov8_bringup:/home/aiv/YongJun_ws/ros2_ws/install/yolov8_msgs:/home/aiv/YongJun_ws/ros2_ws/install/usb_cam:/home/aiv/YongJun_ws/ros2_ws/install/realsense2_description:/home/aiv/YongJun_ws/ros2_ws/install/realsense2_camera:/home/aiv/YongJun_ws/ros2_ws/install/realsense2_camera_msgs:/opt/ros/foxy CMAKE_PREFIX_PATH=/home/aiv/YongJun_ws/ros2_ws/install/yolov8_msgs:/home/aiv/YongJun_ws/ros2_ws/install/yolov8_bringup:/home/aiv/YongJun_ws/ros2_ws/install/usb_cam:/home/aiv/YongJun_ws/ros2_ws/install/realsense2_description:/home/aiv/YongJun_ws/ros2_ws/install/realsense2_camera:/home/aiv/YongJun_ws/ros2_ws/install/realsense2_camera_msgs:/home/aiv/YongJun_ws/ros2_ws/install/yolov8_ros:/opt/ros/foxy LD_LIBRARY_PATH=/home/aiv/YongJun_ws/ros2_ws/install/yolov8_msgs/lib:/home/aiv/YongJun_ws/ros2_ws/install/usb_cam/lib:/home/aiv/YongJun_ws/ros2_ws/install/realsense2_camera/lib:/home/aiv/YongJun_ws/ros2_ws/install/realsense2_camera_msgs/lib:/opt/ros/foxy/opt/yaml_cpp_vendor/lib:/opt/ros/foxy/opt/rviz_ogre_vendor/lib:/opt/ros/foxy/lib/x86_64-linux-gnu:/opt/ros/foxy/lib:/usr/local/cuda-11.8/lib64 /home/aiv/.local/bin/cmake --build /home/aiv/YongJun_ws/ros2_ws/build/yolov8_bringup -- -j32 -l32
[0.475s] Invoking command in '/home/aiv/YongJun_ws/ros2_ws/build/yolov8_bringup': AMENT_PREFIX_PATH=/home/aiv/YongJun_ws/ros2_ws/install/yolov8_ros:/home/aiv/YongJun_ws/ros2_ws/install/yolov8_bringup:/home/aiv/YongJun_ws/ros2_ws/install/yolov8_msgs:/home/aiv/YongJun_ws/ros2_ws/install/usb_cam:/home/aiv/YongJun_ws/ros2_ws/install/realsense2_description:/home/aiv/YongJun_ws/ros2_ws/install/realsense2_camera:/home/aiv/YongJun_ws/ros2_ws/install/realsense2_camera_msgs:/opt/ros/foxy CMAKE_PREFIX_PATH=/home/aiv/YongJun_ws/ros2_ws/install/yolov8_msgs:/home/aiv/YongJun_ws/ros2_ws/install/yolov8_bringup:/home/aiv/YongJun_ws/ros2_ws/install/usb_cam:/home/aiv/YongJun_ws/ros2_ws/install/realsense2_description:/home/aiv/YongJun_ws/ros2_ws/install/realsense2_camera:/home/aiv/YongJun_ws/ros2_ws/install/realsense2_camera_msgs:/home/aiv/YongJun_ws/ros2_ws/install/yolov8_ros:/opt/ros/foxy LD_LIBRARY_PATH=/home/aiv/YongJun_ws/ros2_ws/install/yolov8_msgs/lib:/home/aiv/YongJun_ws/ros2_ws/install/usb_cam/lib:/home/aiv/YongJun_ws/ros2_ws/install/realsense2_camera/lib:/home/aiv/YongJun_ws/ros2_ws/install/realsense2_camera_msgs/lib:/opt/ros/foxy/opt/yaml_cpp_vendor/lib:/opt/ros/foxy/opt/rviz_ogre_vendor/lib:/opt/ros/foxy/lib/x86_64-linux-gnu:/opt/ros/foxy/lib:/usr/local/cuda-11.8/lib64 /home/aiv/.local/bin/cmake --install /home/aiv/YongJun_ws/ros2_ws/build/yolov8_bringup
[0.496s] -- Install configuration: ""
[0.496s] -- Execute custom install script
[0.496s] -- Symlinking: /home/aiv/YongJun_ws/ros2_ws/install/yolov8_bringup/share/yolov8_bringup//launch/yolo-nas.launch.py
[0.498s] -- Symlinking: /home/aiv/YongJun_ws/ros2_ws/install/yolov8_bringup/share/yolov8_bringup//launch/yolov10.launch.py
[0.499s] -- Symlinking: /home/aiv/YongJun_ws/ros2_ws/install/yolov8_bringup/share/yolov8_bringup//launch/yolov8.launch.py
[0.501s] -- Symlinking: /home/aiv/YongJun_ws/ros2_ws/install/yolov8_bringup/share/yolov8_bringup//launch/yolov8_3d.launch.py
[0.503s] -- Symlinking: /home/aiv/YongJun_ws/ros2_ws/install/yolov8_bringup/share/yolov8_bringup//launch/yolov9.launch.py
[0.504s] -- Symlinking: /home/aiv/YongJun_ws/ros2_ws/install/yolov8_bringup/share/ament_index/resource_index/package_run_dependencies/yolov8_bringup
[0.506s] -- Symlinking: /home/aiv/YongJun_ws/ros2_ws/install/yolov8_bringup/share/ament_index/resource_index/parent_prefix_path/yolov8_bringup
[0.508s] -- Symlinking: /home/aiv/YongJun_ws/ros2_ws/install/yolov8_bringup/share/yolov8_bringup/environment/ament_prefix_path.sh
[0.510s] -- Symlinking: /home/aiv/YongJun_ws/ros2_ws/install/yolov8_bringup/share/yolov8_bringup/environment/ament_prefix_path.dsv
[0.512s] -- Symlinking: /home/aiv/YongJun_ws/ros2_ws/install/yolov8_bringup/share/yolov8_bringup/environment/path.sh
[0.514s] -- Symlinking: /home/aiv/YongJun_ws/ros2_ws/install/yolov8_bringup/share/yolov8_bringup/environment/path.dsv
[0.515s] -- Symlinking: /home/aiv/YongJun_ws/ros2_ws/install/yolov8_bringup/share/yolov8_bringup/local_setup.bash
[0.517s] -- Symlinking: /home/aiv/YongJun_ws/ros2_ws/install/yolov8_bringup/share/yolov8_bringup/local_setup.sh
[0.519s] -- Symlinking: /home/aiv/YongJun_ws/ros2_ws/install/yolov8_bringup/share/yolov8_bringup/local_setup.zsh
[0.521s] -- Symlinking: /home/aiv/YongJun_ws/ros2_ws/install/yolov8_bringup/share/yolov8_bringup/local_setup.dsv
[0.522s] -- Symlinking: /home/aiv/YongJun_ws/ros2_ws/install/yolov8_bringup/share/yolov8_bringup/package.dsv
[0.524s] -- Symlinking: /home/aiv/YongJun_ws/ros2_ws/install/yolov8_bringup/share/ament_index/resource_index/packages/yolov8_bringup
[0.526s] -- Symlinking: /home/aiv/YongJun_ws/ros2_ws/install/yolov8_bringup/share/yolov8_bringup/cmake/yolov8_bringupConfig.cmake
[0.527s] -- Symlinking: /home/aiv/YongJun_ws/ros2_ws/install/yolov8_bringup/share/yolov8_bringup/cmake/yolov8_bringupConfig-version.cmake
[0.529s] -- Symlinking: /home/aiv/YongJun_ws/ros2_ws/install/yolov8_bringup/share/yolov8_bringup/package.xml
[0.534s] Invoked command in '/home/aiv/YongJun_ws/ros2_ws/build/yolov8_bringup' returned '0': AMENT_PREFIX_PATH=/home/aiv/YongJun_ws/ros2_ws/install/yolov8_ros:/home/aiv/YongJun_ws/ros2_ws/install/yolov8_bringup:/home/aiv/YongJun_ws/ros2_ws/install/yolov8_msgs:/home/aiv/YongJun_ws/ros2_ws/install/usb_cam:/home/aiv/YongJun_ws/ros2_ws/install/realsense2_description:/home/aiv/YongJun_ws/ros2_ws/install/realsense2_camera:/home/aiv/YongJun_ws/ros2_ws/install/realsense2_camera_msgs:/opt/ros/foxy CMAKE_PREFIX_PATH=/home/aiv/YongJun_ws/ros2_ws/install/yolov8_msgs:/home/aiv/YongJun_ws/ros2_ws/install/yolov8_bringup:/home/aiv/YongJun_ws/ros2_ws/install/usb_cam:/home/aiv/YongJun_ws/ros2_ws/install/realsense2_description:/home/aiv/YongJun_ws/ros2_ws/install/realsense2_camera:/home/aiv/YongJun_ws/ros2_ws/install/realsense2_camera_msgs:/home/aiv/YongJun_ws/ros2_ws/install/yolov8_ros:/opt/ros/foxy LD_LIBRARY_PATH=/home/aiv/YongJun_ws/ros2_ws/install/yolov8_msgs/lib:/home/aiv/YongJun_ws/ros2_ws/install/usb_cam/lib:/home/aiv/YongJun_ws/ros2_ws/install/realsense2_camera/lib:/home/aiv/YongJun_ws/ros2_ws/install/realsense2_camera_msgs/lib:/opt/ros/foxy/opt/yaml_cpp_vendor/lib:/opt/ros/foxy/opt/rviz_ogre_vendor/lib:/opt/ros/foxy/lib/x86_64-linux-gnu:/opt/ros/foxy/lib:/usr/local/cuda-11.8/lib64 /home/aiv/.local/bin/cmake --install /home/aiv/YongJun_ws/ros2_ws/build/yolov8_bringup
