[0.192s] Invoking command in '/home/yong/yolov8_ros/build/yolov8_msgs': CMAKE_PREFIX_PATH=${CMAKE_PREFIX_PATH}:/home/yong/yolov8_ros/install/yolov8_ros:/opt/ros/foxy /usr/bin/cmake /home/yong/yolov8_ros/src/yolov8_ros/yolov8_msgs -DAMENT_CMAKE_SYMLINK_INSTALL=1 -DCMAKE_INSTALL_PREFIX=/home/yong/yolov8_ros/install/yolov8_msgs
[0.201s] -- Found ament_cmake: 0.9.12 (/opt/ros/foxy/share/ament_cmake/cmake)
[0.217s] -- Found PythonInterp: /usr/bin/python3 (found suitable version "3.8.10", minimum required is "3") 
[0.217s] -- Using PYTHON_EXECUTABLE: /usr/bin/python3
[0.370s] -- Override CMake install command with custom implementation using symlinks instead of copying resources
[0.375s] -- Found rosidl_default_generators: 1.0.1 (/opt/ros/foxy/share/rosidl_default_generators/cmake)
[0.377s] -- Using all available rosidl_typesupport_c: rosidl_typesupport_fastrtps_c;rosidl_typesupport_introspection_c
[0.379s] -- Found rosidl_adapter: 1.3.1 (/opt/ros/foxy/share/rosidl_adapter/cmake)
[0.473s] -- Using all available rosidl_typesupport_cpp: rosidl_typesupport_fastrtps_cpp;rosidl_typesupport_introspection_cpp
[0.489s] -- Found std_msgs: 2.0.5 (/opt/ros/foxy/share/std_msgs/cmake)
[0.512s] -- Found geometry_msgs: 2.0.5 (/opt/ros/foxy/share/geometry_msgs/cmake)
[0.554s] -- Found PythonInterp: /usr/bin/python3 (found version "3.8.10") 
[0.723s] -- Found ament_cmake_ros: 0.9.2 (/opt/ros/foxy/share/ament_cmake_ros/cmake)
[0.895s] -- Using all available rosidl_typesupport_c: rosidl_typesupport_fastrtps_c;rosidl_typesupport_introspection_c
[0.976s] -- Using all available rosidl_typesupport_cpp: rosidl_typesupport_fastrtps_cpp;rosidl_typesupport_introspection_cpp
[0.999s] -- Found PythonInterp: /usr/bin/python3 (found suitable version "3.8.10", minimum required is "3.5") 
[0.999s] -- Found python_cmake_module: 0.8.1 (/opt/ros/foxy/share/python_cmake_module/cmake)
[1.021s] -- Using PYTHON_EXECUTABLE: /usr/bin/python3
[1.021s] -- Using PYTHON_INCLUDE_DIRS: /usr/include/python3.8
[1.021s] -- Using PYTHON_LIBRARIES: /usr/lib/x86_64-linux-gnu/libpython3.8.so
[1.071s] -- Configuring done
[1.123s] -- Generating done
[1.125s] -- Build files have been written to: /home/yong/yolov8_ros/build/yolov8_msgs
[1.130s] Invoked command in '/home/yong/yolov8_ros/build/yolov8_msgs' returned '0': CMAKE_PREFIX_PATH=${CMAKE_PREFIX_PATH}:/home/yong/yolov8_ros/install/yolov8_ros:/opt/ros/foxy /usr/bin/cmake /home/yong/yolov8_ros/src/yolov8_ros/yolov8_msgs -DAMENT_CMAKE_SYMLINK_INSTALL=1 -DCMAKE_INSTALL_PREFIX=/home/yong/yolov8_ros/install/yolov8_msgs
[1.132s] Invoking command in '/home/yong/yolov8_ros/build/yolov8_msgs': CMAKE_PREFIX_PATH=${CMAKE_PREFIX_PATH}:/home/yong/yolov8_ros/install/yolov8_ros:/opt/ros/foxy /usr/bin/cmake --build /home/yong/yolov8_ros/build/yolov8_msgs -- -j8 -l8
[1.168s] [  0%] Built target yolov8_msgs__cpp
[1.171s] [ 12%] Built target yolov8_msgs__rosidl_generator_c
[1.186s] [ 24%] Built target yolov8_msgs__rosidl_typesupport_cpp
[1.186s] [ 36%] Built target yolov8_msgs__rosidl_typesupport_introspection_cpp
[1.188s] [ 48%] Built target yolov8_msgs__rosidl_typesupport_c
[1.189s] [ 49%] [32m[1mLinking CXX shared library libyolov8_msgs__rosidl_typesupport_fastrtps_cpp.so[0m
[1.189s] [ 61%] Built target yolov8_msgs__rosidl_typesupport_introspection_c
[1.254s] [ 71%] Built target yolov8_msgs__rosidl_typesupport_fastrtps_cpp
[1.275s] [ 72%] [32m[1mLinking CXX shared library libyolov8_msgs__rosidl_typesupport_fastrtps_c.so[0m
[1.337s] [ 83%] Built target yolov8_msgs__rosidl_typesupport_fastrtps_c
[1.350s] [ 83%] Built target yolov8_msgs
[1.363s] [ 84%] Built target yolov8_msgs__py
[1.386s] [ 85%] [32m[1mLinking C shared library rosidl_generator_py/yolov8_msgs/libyolov8_msgs__python.so[0m
[1.418s] [ 95%] Built target yolov8_msgs__python
[1.436s] [ 98%] [32m[1mLinking C shared library rosidl_generator_py/yolov8_msgs/yolov8_msgs_s__rosidl_typesupport_introspection_c.cpython-38-x86_64-linux-gnu.so[0m
[1.436s] [ 98%] [32m[1mLinking CXX shared library rosidl_generator_py/yolov8_msgs/yolov8_msgs_s__rosidl_typesupport_fastrtps_c.cpython-38-x86_64-linux-gnu.so[0m
[1.436s] [ 98%] [32m[1mLinking C shared library rosidl_generator_py/yolov8_msgs/yolov8_msgs_s__rosidl_typesupport_c.cpython-38-x86_64-linux-gnu.so[0m
[1.463s] [ 99%] Built target yolov8_msgs__rosidl_typesupport_c__pyext
[1.463s] [ 99%] Built target yolov8_msgs__rosidl_typesupport_introspection_c__pyext
[1.484s] [100%] Built target yolov8_msgs__rosidl_typesupport_fastrtps_c__pyext
[1.491s] Invoked command in '/home/yong/yolov8_ros/build/yolov8_msgs' returned '0': CMAKE_PREFIX_PATH=${CMAKE_PREFIX_PATH}:/home/yong/yolov8_ros/install/yolov8_ros:/opt/ros/foxy /usr/bin/cmake --build /home/yong/yolov8_ros/build/yolov8_msgs -- -j8 -l8
[1.596s] Invoking command in '/home/yong/yolov8_ros/build/yolov8_msgs': CMAKE_PREFIX_PATH=${CMAKE_PREFIX_PATH}:/home/yong/yolov8_ros/install/yolov8_ros:/opt/ros/foxy /usr/bin/cmake --install /home/yong/yolov8_ros/build/yolov8_msgs
[1.602s] -- Install configuration: ""
[1.602s] -- Execute custom install script
[1.602s] -- Symlinking: /home/yong/yolov8_ros/install/yolov8_msgs/share/ament_index/resource_index/rosidl_interfaces/yolov8_msgs
[1.608s] -- Symlinking: /home/yong/yolov8_ros/install/yolov8_msgs/include/yolov8_msgs/msg/bounding_box2_d.h
[1.614s] -- Symlinking: /home/yong/yolov8_ros/install/yolov8_msgs/include/yolov8_msgs/msg/bounding_box3_d.h
[1.619s] -- Symlinking: /home/yong/yolov8_ros/install/yolov8_msgs/include/yolov8_msgs/msg/detail/bounding_box2_d__functions.h
[1.625s] -- Symlinking: /home/yong/yolov8_ros/install/yolov8_msgs/include/yolov8_msgs/msg/detail/bounding_box2_d__struct.h
[1.630s] -- Symlinking: /home/yong/yolov8_ros/install/yolov8_msgs/include/yolov8_msgs/msg/detail/bounding_box2_d__type_support.h
[1.636s] -- Symlinking: /home/yong/yolov8_ros/install/yolov8_msgs/include/yolov8_msgs/msg/detail/bounding_box3_d__functions.h
[1.641s] -- Symlinking: /home/yong/yolov8_ros/install/yolov8_msgs/include/yolov8_msgs/msg/detail/bounding_box3_d__struct.h
[1.646s] -- Symlinking: /home/yong/yolov8_ros/install/yolov8_msgs/include/yolov8_msgs/msg/detail/bounding_box3_d__type_support.h
[1.652s] -- Symlinking: /home/yong/yolov8_ros/install/yolov8_msgs/include/yolov8_msgs/msg/detail/detection__functions.h
[1.657s] -- Symlinking: /home/yong/yolov8_ros/install/yolov8_msgs/include/yolov8_msgs/msg/detail/detection__struct.h
[1.662s] -- Symlinking: /home/yong/yolov8_ros/install/yolov8_msgs/include/yolov8_msgs/msg/detail/detection__type_support.h
[1.667s] -- Symlinking: /home/yong/yolov8_ros/install/yolov8_msgs/include/yolov8_msgs/msg/detail/detection_array__functions.h
[1.673s] -- Symlinking: /home/yong/yolov8_ros/install/yolov8_msgs/include/yolov8_msgs/msg/detail/detection_array__struct.h
[1.678s] -- Symlinking: /home/yong/yolov8_ros/install/yolov8_msgs/include/yolov8_msgs/msg/detail/detection_array__type_support.h
[1.683s] -- Symlinking: /home/yong/yolov8_ros/install/yolov8_msgs/include/yolov8_msgs/msg/detail/key_point2_d__functions.h
[1.688s] -- Symlinking: /home/yong/yolov8_ros/install/yolov8_msgs/include/yolov8_msgs/msg/detail/key_point2_d__struct.h
[1.693s] -- Symlinking: /home/yong/yolov8_ros/install/yolov8_msgs/include/yolov8_msgs/msg/detail/key_point2_d__type_support.h
[1.698s] -- Symlinking: /home/yong/yolov8_ros/install/yolov8_msgs/include/yolov8_msgs/msg/detail/key_point2_d_array__functions.h
[1.703s] -- Symlinking: /home/yong/yolov8_ros/install/yolov8_msgs/include/yolov8_msgs/msg/detail/key_point2_d_array__struct.h
[1.708s] -- Symlinking: /home/yong/yolov8_ros/install/yolov8_msgs/include/yolov8_msgs/msg/detail/key_point2_d_array__type_support.h
[1.713s] -- Symlinking: /home/yong/yolov8_ros/install/yolov8_msgs/include/yolov8_msgs/msg/detail/key_point3_d__functions.h
[1.719s] -- Symlinking: /home/yong/yolov8_ros/install/yolov8_msgs/include/yolov8_msgs/msg/detail/key_point3_d__struct.h
[1.724s] -- Symlinking: /home/yong/yolov8_ros/install/yolov8_msgs/include/yolov8_msgs/msg/detail/key_point3_d__type_support.h
[1.729s] -- Symlinking: /home/yong/yolov8_ros/install/yolov8_msgs/include/yolov8_msgs/msg/detail/key_point3_d_array__functions.h
[1.735s] -- Symlinking: /home/yong/yolov8_ros/install/yolov8_msgs/include/yolov8_msgs/msg/detail/key_point3_d_array__struct.h
[1.740s] -- Symlinking: /home/yong/yolov8_ros/install/yolov8_msgs/include/yolov8_msgs/msg/detail/key_point3_d_array__type_support.h
[1.745s] -- Symlinking: /home/yong/yolov8_ros/install/yolov8_msgs/include/yolov8_msgs/msg/detail/mask__functions.h
[1.751s] -- Symlinking: /home/yong/yolov8_ros/install/yolov8_msgs/include/yolov8_msgs/msg/detail/mask__struct.h
[1.756s] -- Symlinking: /home/yong/yolov8_ros/install/yolov8_msgs/include/yolov8_msgs/msg/detail/mask__type_support.h
[1.761s] -- Symlinking: /home/yong/yolov8_ros/install/yolov8_msgs/include/yolov8_msgs/msg/detail/point2_d__functions.h
[1.766s] -- Symlinking: /home/yong/yolov8_ros/install/yolov8_msgs/include/yolov8_msgs/msg/detail/point2_d__struct.h
[1.771s] -- Symlinking: /home/yong/yolov8_ros/install/yolov8_msgs/include/yolov8_msgs/msg/detail/point2_d__type_support.h
[1.777s] -- Symlinking: /home/yong/yolov8_ros/install/yolov8_msgs/include/yolov8_msgs/msg/detail/pose2_d__functions.h
[1.782s] -- Symlinking: /home/yong/yolov8_ros/install/yolov8_msgs/include/yolov8_msgs/msg/detail/pose2_d__struct.h
[1.787s] -- Symlinking: /home/yong/yolov8_ros/install/yolov8_msgs/include/yolov8_msgs/msg/detail/pose2_d__type_support.h
[1.792s] -- Symlinking: /home/yong/yolov8_ros/install/yolov8_msgs/include/yolov8_msgs/msg/detail/vector2__functions.h
[1.797s] -- Symlinking: /home/yong/yolov8_ros/install/yolov8_msgs/include/yolov8_msgs/msg/detail/vector2__struct.h
[1.802s] -- Symlinking: /home/yong/yolov8_ros/install/yolov8_msgs/include/yolov8_msgs/msg/detail/vector2__type_support.h
[1.807s] -- Symlinking: /home/yong/yolov8_ros/install/yolov8_msgs/include/yolov8_msgs/msg/detection.h
[1.813s] -- Symlinking: /home/yong/yolov8_ros/install/yolov8_msgs/include/yolov8_msgs/msg/detection_array.h
[1.818s] -- Symlinking: /home/yong/yolov8_ros/install/yolov8_msgs/include/yolov8_msgs/msg/key_point2_d.h
[1.823s] -- Symlinking: /home/yong/yolov8_ros/install/yolov8_msgs/include/yolov8_msgs/msg/key_point2_d_array.h
[1.828s] -- Symlinking: /home/yong/yolov8_ros/install/yolov8_msgs/include/yolov8_msgs/msg/key_point3_d.h
[1.834s] -- Symlinking: /home/yong/yolov8_ros/install/yolov8_msgs/include/yolov8_msgs/msg/key_point3_d_array.h
[1.839s] -- Symlinking: /home/yong/yolov8_ros/install/yolov8_msgs/include/yolov8_msgs/msg/mask.h
[1.844s] -- Symlinking: /home/yong/yolov8_ros/install/yolov8_msgs/include/yolov8_msgs/msg/point2_d.h
[1.849s] -- Symlinking: /home/yong/yolov8_ros/install/yolov8_msgs/include/yolov8_msgs/msg/pose2_d.h
[1.854s] -- Symlinking: /home/yong/yolov8_ros/install/yolov8_msgs/include/yolov8_msgs/msg/rosidl_generator_c__visibility_control.h
[1.860s] -- Symlinking: /home/yong/yolov8_ros/install/yolov8_msgs/include/yolov8_msgs/msg/vector2.h
[1.865s] -- Symlinking: /home/yong/yolov8_ros/install/yolov8_msgs/share/yolov8_msgs/environment/library_path.sh
[1.870s] -- Symlinking: /home/yong/yolov8_ros/install/yolov8_msgs/share/yolov8_msgs/environment/library_path.dsv
[1.876s] -- Symlinking: /home/yong/yolov8_ros/install/yolov8_msgs/include/yolov8_msgs/msg/detail/bounding_box2_d__rosidl_typesupport_fastrtps_c.h
[1.881s] -- Symlinking: /home/yong/yolov8_ros/install/yolov8_msgs/include/yolov8_msgs/msg/detail/bounding_box3_d__rosidl_typesupport_fastrtps_c.h
[1.886s] -- Symlinking: /home/yong/yolov8_ros/install/yolov8_msgs/include/yolov8_msgs/msg/detail/detection__rosidl_typesupport_fastrtps_c.h
[1.891s] -- Symlinking: /home/yong/yolov8_ros/install/yolov8_msgs/include/yolov8_msgs/msg/detail/detection_array__rosidl_typesupport_fastrtps_c.h
[1.896s] -- Symlinking: /home/yong/yolov8_ros/install/yolov8_msgs/include/yolov8_msgs/msg/detail/key_point2_d__rosidl_typesupport_fastrtps_c.h
[1.902s] -- Symlinking: /home/yong/yolov8_ros/install/yolov8_msgs/include/yolov8_msgs/msg/detail/key_point2_d_array__rosidl_typesupport_fastrtps_c.h
[1.907s] -- Symlinking: /home/yong/yolov8_ros/install/yolov8_msgs/include/yolov8_msgs/msg/detail/key_point3_d__rosidl_typesupport_fastrtps_c.h
[1.912s] -- Symlinking: /home/yong/yolov8_ros/install/yolov8_msgs/include/yolov8_msgs/msg/detail/key_point3_d_array__rosidl_typesupport_fastrtps_c.h
[1.917s] -- Symlinking: /home/yong/yolov8_ros/install/yolov8_msgs/include/yolov8_msgs/msg/detail/mask__rosidl_typesupport_fastrtps_c.h
[1.922s] -- Symlinking: /home/yong/yolov8_ros/install/yolov8_msgs/include/yolov8_msgs/msg/detail/point2_d__rosidl_typesupport_fastrtps_c.h
[1.928s] -- Symlinking: /home/yong/yolov8_ros/install/yolov8_msgs/include/yolov8_msgs/msg/detail/pose2_d__rosidl_typesupport_fastrtps_c.h
[1.933s] -- Symlinking: /home/yong/yolov8_ros/install/yolov8_msgs/include/yolov8_msgs/msg/detail/vector2__rosidl_typesupport_fastrtps_c.h
[1.938s] -- Symlinking: /home/yong/yolov8_ros/install/yolov8_msgs/include/yolov8_msgs/msg/rosidl_typesupport_fastrtps_c__visibility_control.h
[1.944s] -- Symlinking: /home/yong/yolov8_ros/install/yolov8_msgs/lib/libyolov8_msgs__rosidl_typesupport_fastrtps_c.so
[1.949s] -- Symlinking: /home/yong/yolov8_ros/install/yolov8_msgs/include/yolov8_msgs/msg/detail/bounding_box2_d__rosidl_typesupport_fastrtps_cpp.hpp
[1.954s] -- Symlinking: /home/yong/yolov8_ros/install/yolov8_msgs/include/yolov8_msgs/msg/detail/bounding_box3_d__rosidl_typesupport_fastrtps_cpp.hpp
[1.960s] -- Symlinking: /home/yong/yolov8_ros/install/yolov8_msgs/include/yolov8_msgs/msg/detail/detection__rosidl_typesupport_fastrtps_cpp.hpp
[1.965s] -- Symlinking: /home/yong/yolov8_ros/install/yolov8_msgs/include/yolov8_msgs/msg/detail/detection_array__rosidl_typesupport_fastrtps_cpp.hpp
[1.970s] -- Symlinking: /home/yong/yolov8_ros/install/yolov8_msgs/include/yolov8_msgs/msg/detail/key_point2_d__rosidl_typesupport_fastrtps_cpp.hpp
[1.975s] -- Symlinking: /home/yong/yolov8_ros/install/yolov8_msgs/include/yolov8_msgs/msg/detail/key_point2_d_array__rosidl_typesupport_fastrtps_cpp.hpp
[1.980s] -- Symlinking: /home/yong/yolov8_ros/install/yolov8_msgs/include/yolov8_msgs/msg/detail/key_point3_d__rosidl_typesupport_fastrtps_cpp.hpp
[1.985s] -- Symlinking: /home/yong/yolov8_ros/install/yolov8_msgs/include/yolov8_msgs/msg/detail/key_point3_d_array__rosidl_typesupport_fastrtps_cpp.hpp
[1.990s] -- Symlinking: /home/yong/yolov8_ros/install/yolov8_msgs/include/yolov8_msgs/msg/detail/mask__rosidl_typesupport_fastrtps_cpp.hpp
[1.995s] -- Symlinking: /home/yong/yolov8_ros/install/yolov8_msgs/include/yolov8_msgs/msg/detail/point2_d__rosidl_typesupport_fastrtps_cpp.hpp
[2.000s] -- Symlinking: /home/yong/yolov8_ros/install/yolov8_msgs/include/yolov8_msgs/msg/detail/pose2_d__rosidl_typesupport_fastrtps_cpp.hpp
[2.006s] -- Symlinking: /home/yong/yolov8_ros/install/yolov8_msgs/include/yolov8_msgs/msg/detail/vector2__rosidl_typesupport_fastrtps_cpp.hpp
[2.011s] -- Symlinking: /home/yong/yolov8_ros/install/yolov8_msgs/include/yolov8_msgs/msg/rosidl_typesupport_fastrtps_cpp__visibility_control.h
[2.016s] -- Symlinking: /home/yong/yolov8_ros/install/yolov8_msgs/lib/libyolov8_msgs__rosidl_typesupport_fastrtps_cpp.so
[2.021s] -- Symlinking: /home/yong/yolov8_ros/install/yolov8_msgs/include/yolov8_msgs/msg/detail/bounding_box2_d__rosidl_typesupport_introspection_c.h
[2.027s] -- Symlinking: /home/yong/yolov8_ros/install/yolov8_msgs/include/yolov8_msgs/msg/detail/bounding_box3_d__rosidl_typesupport_introspection_c.h
[2.032s] -- Symlinking: /home/yong/yolov8_ros/install/yolov8_msgs/include/yolov8_msgs/msg/detail/detection__rosidl_typesupport_introspection_c.h
[2.037s] -- Symlinking: /home/yong/yolov8_ros/install/yolov8_msgs/include/yolov8_msgs/msg/detail/detection_array__rosidl_typesupport_introspection_c.h
[2.042s] -- Symlinking: /home/yong/yolov8_ros/install/yolov8_msgs/include/yolov8_msgs/msg/detail/key_point2_d__rosidl_typesupport_introspection_c.h
[2.048s] -- Symlinking: /home/yong/yolov8_ros/install/yolov8_msgs/include/yolov8_msgs/msg/detail/key_point2_d_array__rosidl_typesupport_introspection_c.h
[2.053s] -- Symlinking: /home/yong/yolov8_ros/install/yolov8_msgs/include/yolov8_msgs/msg/detail/key_point3_d__rosidl_typesupport_introspection_c.h
[2.058s] -- Symlinking: /home/yong/yolov8_ros/install/yolov8_msgs/include/yolov8_msgs/msg/detail/key_point3_d_array__rosidl_typesupport_introspection_c.h
[2.063s] -- Symlinking: /home/yong/yolov8_ros/install/yolov8_msgs/include/yolov8_msgs/msg/detail/mask__rosidl_typesupport_introspection_c.h
[2.068s] -- Symlinking: /home/yong/yolov8_ros/install/yolov8_msgs/include/yolov8_msgs/msg/detail/point2_d__rosidl_typesupport_introspection_c.h
[2.073s] -- Symlinking: /home/yong/yolov8_ros/install/yolov8_msgs/include/yolov8_msgs/msg/detail/pose2_d__rosidl_typesupport_introspection_c.h
[2.078s] -- Symlinking: /home/yong/yolov8_ros/install/yolov8_msgs/include/yolov8_msgs/msg/detail/vector2__rosidl_typesupport_introspection_c.h
[2.083s] -- Symlinking: /home/yong/yolov8_ros/install/yolov8_msgs/include/yolov8_msgs/msg/rosidl_typesupport_introspection_c__visibility_control.h
[2.089s] -- Symlinking: /home/yong/yolov8_ros/install/yolov8_msgs/include/yolov8_msgs/msg/bounding_box2_d.hpp
[2.094s] -- Symlinking: /home/yong/yolov8_ros/install/yolov8_msgs/include/yolov8_msgs/msg/bounding_box3_d.hpp
[2.099s] -- Symlinking: /home/yong/yolov8_ros/install/yolov8_msgs/include/yolov8_msgs/msg/detail/bounding_box2_d__builder.hpp
[2.104s] -- Symlinking: /home/yong/yolov8_ros/install/yolov8_msgs/include/yolov8_msgs/msg/detail/bounding_box2_d__struct.hpp
[2.109s] -- Symlinking: /home/yong/yolov8_ros/install/yolov8_msgs/include/yolov8_msgs/msg/detail/bounding_box2_d__traits.hpp
[2.115s] -- Symlinking: /home/yong/yolov8_ros/install/yolov8_msgs/include/yolov8_msgs/msg/detail/bounding_box2_d__type_support.hpp
[2.120s] -- Symlinking: /home/yong/yolov8_ros/install/yolov8_msgs/include/yolov8_msgs/msg/detail/bounding_box3_d__builder.hpp
[2.125s] -- Symlinking: /home/yong/yolov8_ros/install/yolov8_msgs/include/yolov8_msgs/msg/detail/bounding_box3_d__struct.hpp
[2.130s] -- Symlinking: /home/yong/yolov8_ros/install/yolov8_msgs/include/yolov8_msgs/msg/detail/bounding_box3_d__traits.hpp
[2.135s] -- Symlinking: /home/yong/yolov8_ros/install/yolov8_msgs/include/yolov8_msgs/msg/detail/bounding_box3_d__type_support.hpp
[2.141s] -- Symlinking: /home/yong/yolov8_ros/install/yolov8_msgs/include/yolov8_msgs/msg/detail/detection__builder.hpp
[2.146s] -- Symlinking: /home/yong/yolov8_ros/install/yolov8_msgs/include/yolov8_msgs/msg/detail/detection__struct.hpp
[2.151s] -- Symlinking: /home/yong/yolov8_ros/install/yolov8_msgs/include/yolov8_msgs/msg/detail/detection__traits.hpp
[2.156s] -- Symlinking: /home/yong/yolov8_ros/install/yolov8_msgs/include/yolov8_msgs/msg/detail/detection__type_support.hpp
[2.161s] -- Symlinking: /home/yong/yolov8_ros/install/yolov8_msgs/include/yolov8_msgs/msg/detail/detection_array__builder.hpp
[2.166s] -- Symlinking: /home/yong/yolov8_ros/install/yolov8_msgs/include/yolov8_msgs/msg/detail/detection_array__struct.hpp
[2.171s] -- Symlinking: /home/yong/yolov8_ros/install/yolov8_msgs/include/yolov8_msgs/msg/detail/detection_array__traits.hpp
[2.177s] -- Symlinking: /home/yong/yolov8_ros/install/yolov8_msgs/include/yolov8_msgs/msg/detail/detection_array__type_support.hpp
[2.182s] -- Symlinking: /home/yong/yolov8_ros/install/yolov8_msgs/include/yolov8_msgs/msg/detail/key_point2_d__builder.hpp
[2.187s] -- Symlinking: /home/yong/yolov8_ros/install/yolov8_msgs/include/yolov8_msgs/msg/detail/key_point2_d__struct.hpp
[2.192s] -- Symlinking: /home/yong/yolov8_ros/install/yolov8_msgs/include/yolov8_msgs/msg/detail/key_point2_d__traits.hpp
[2.197s] -- Symlinking: /home/yong/yolov8_ros/install/yolov8_msgs/include/yolov8_msgs/msg/detail/key_point2_d__type_support.hpp
[2.202s] -- Symlinking: /home/yong/yolov8_ros/install/yolov8_msgs/include/yolov8_msgs/msg/detail/key_point2_d_array__builder.hpp
[2.207s] -- Symlinking: /home/yong/yolov8_ros/install/yolov8_msgs/include/yolov8_msgs/msg/detail/key_point2_d_array__struct.hpp
[2.212s] -- Symlinking: /home/yong/yolov8_ros/install/yolov8_msgs/include/yolov8_msgs/msg/detail/key_point2_d_array__traits.hpp
[2.217s] -- Symlinking: /home/yong/yolov8_ros/install/yolov8_msgs/include/yolov8_msgs/msg/detail/key_point2_d_array__type_support.hpp
[2.222s] -- Symlinking: /home/yong/yolov8_ros/install/yolov8_msgs/include/yolov8_msgs/msg/detail/key_point3_d__builder.hpp
[2.228s] -- Symlinking: /home/yong/yolov8_ros/install/yolov8_msgs/include/yolov8_msgs/msg/detail/key_point3_d__struct.hpp
[2.233s] -- Symlinking: /home/yong/yolov8_ros/install/yolov8_msgs/include/yolov8_msgs/msg/detail/key_point3_d__traits.hpp
[2.238s] -- Symlinking: /home/yong/yolov8_ros/install/yolov8_msgs/include/yolov8_msgs/msg/detail/key_point3_d__type_support.hpp
[2.243s] -- Symlinking: /home/yong/yolov8_ros/install/yolov8_msgs/include/yolov8_msgs/msg/detail/key_point3_d_array__builder.hpp
[2.249s] -- Symlinking: /home/yong/yolov8_ros/install/yolov8_msgs/include/yolov8_msgs/msg/detail/key_point3_d_array__struct.hpp
[2.254s] -- Symlinking: /home/yong/yolov8_ros/install/yolov8_msgs/include/yolov8_msgs/msg/detail/key_point3_d_array__traits.hpp
[2.259s] -- Symlinking: /home/yong/yolov8_ros/install/yolov8_msgs/include/yolov8_msgs/msg/detail/key_point3_d_array__type_support.hpp
[2.264s] -- Symlinking: /home/yong/yolov8_ros/install/yolov8_msgs/include/yolov8_msgs/msg/detail/mask__builder.hpp
[2.269s] -- Symlinking: /home/yong/yolov8_ros/install/yolov8_msgs/include/yolov8_msgs/msg/detail/mask__struct.hpp
[2.274s] -- Symlinking: /home/yong/yolov8_ros/install/yolov8_msgs/include/yolov8_msgs/msg/detail/mask__traits.hpp
[2.279s] -- Symlinking: /home/yong/yolov8_ros/install/yolov8_msgs/include/yolov8_msgs/msg/detail/mask__type_support.hpp
[2.284s] -- Symlinking: /home/yong/yolov8_ros/install/yolov8_msgs/include/yolov8_msgs/msg/detail/point2_d__builder.hpp
[2.289s] -- Symlinking: /home/yong/yolov8_ros/install/yolov8_msgs/include/yolov8_msgs/msg/detail/point2_d__struct.hpp
[2.294s] -- Symlinking: /home/yong/yolov8_ros/install/yolov8_msgs/include/yolov8_msgs/msg/detail/point2_d__traits.hpp
[2.299s] -- Symlinking: /home/yong/yolov8_ros/install/yolov8_msgs/include/yolov8_msgs/msg/detail/point2_d__type_support.hpp
[2.304s] -- Symlinking: /home/yong/yolov8_ros/install/yolov8_msgs/include/yolov8_msgs/msg/detail/pose2_d__builder.hpp
[2.309s] -- Symlinking: /home/yong/yolov8_ros/install/yolov8_msgs/include/yolov8_msgs/msg/detail/pose2_d__struct.hpp
[2.315s] -- Symlinking: /home/yong/yolov8_ros/install/yolov8_msgs/include/yolov8_msgs/msg/detail/pose2_d__traits.hpp
[2.320s] -- Symlinking: /home/yong/yolov8_ros/install/yolov8_msgs/include/yolov8_msgs/msg/detail/pose2_d__type_support.hpp
[2.325s] -- Symlinking: /home/yong/yolov8_ros/install/yolov8_msgs/include/yolov8_msgs/msg/detail/vector2__builder.hpp
[2.330s] -- Symlinking: /home/yong/yolov8_ros/install/yolov8_msgs/include/yolov8_msgs/msg/detail/vector2__struct.hpp
[2.336s] -- Symlinking: /home/yong/yolov8_ros/install/yolov8_msgs/include/yolov8_msgs/msg/detail/vector2__traits.hpp
[2.341s] -- Symlinking: /home/yong/yolov8_ros/install/yolov8_msgs/include/yolov8_msgs/msg/detail/vector2__type_support.hpp
[2.346s] -- Symlinking: /home/yong/yolov8_ros/install/yolov8_msgs/include/yolov8_msgs/msg/detection.hpp
[2.351s] -- Symlinking: /home/yong/yolov8_ros/install/yolov8_msgs/include/yolov8_msgs/msg/detection_array.hpp
[2.356s] -- Symlinking: /home/yong/yolov8_ros/install/yolov8_msgs/include/yolov8_msgs/msg/key_point2_d.hpp
[2.361s] -- Symlinking: /home/yong/yolov8_ros/install/yolov8_msgs/include/yolov8_msgs/msg/key_point2_d_array.hpp
[2.366s] -- Symlinking: /home/yong/yolov8_ros/install/yolov8_msgs/include/yolov8_msgs/msg/key_point3_d.hpp
[2.372s] -- Symlinking: /home/yong/yolov8_ros/install/yolov8_msgs/include/yolov8_msgs/msg/key_point3_d_array.hpp
[2.377s] -- Symlinking: /home/yong/yolov8_ros/install/yolov8_msgs/include/yolov8_msgs/msg/mask.hpp
[2.382s] -- Symlinking: /home/yong/yolov8_ros/install/yolov8_msgs/include/yolov8_msgs/msg/point2_d.hpp
[2.387s] -- Symlinking: /home/yong/yolov8_ros/install/yolov8_msgs/include/yolov8_msgs/msg/pose2_d.hpp
[2.392s] -- Symlinking: /home/yong/yolov8_ros/install/yolov8_msgs/include/yolov8_msgs/msg/rosidl_generator_cpp__visibility_control.hpp
[2.397s] -- Symlinking: /home/yong/yolov8_ros/install/yolov8_msgs/include/yolov8_msgs/msg/vector2.hpp
[2.402s] -- Symlinking: /home/yong/yolov8_ros/install/yolov8_msgs/include/yolov8_msgs/msg/detail/bounding_box2_d__rosidl_typesupport_introspection_cpp.hpp
[2.408s] -- Symlinking: /home/yong/yolov8_ros/install/yolov8_msgs/include/yolov8_msgs/msg/detail/bounding_box3_d__rosidl_typesupport_introspection_cpp.hpp
[2.413s] -- Symlinking: /home/yong/yolov8_ros/install/yolov8_msgs/include/yolov8_msgs/msg/detail/detection__rosidl_typesupport_introspection_cpp.hpp
[2.418s] -- Symlinking: /home/yong/yolov8_ros/install/yolov8_msgs/include/yolov8_msgs/msg/detail/detection_array__rosidl_typesupport_introspection_cpp.hpp
[2.423s] -- Symlinking: /home/yong/yolov8_ros/install/yolov8_msgs/include/yolov8_msgs/msg/detail/key_point2_d__rosidl_typesupport_introspection_cpp.hpp
[2.429s] -- Symlinking: /home/yong/yolov8_ros/install/yolov8_msgs/include/yolov8_msgs/msg/detail/key_point2_d_array__rosidl_typesupport_introspection_cpp.hpp
[2.434s] -- Symlinking: /home/yong/yolov8_ros/install/yolov8_msgs/include/yolov8_msgs/msg/detail/key_point3_d__rosidl_typesupport_introspection_cpp.hpp
[2.439s] -- Symlinking: /home/yong/yolov8_ros/install/yolov8_msgs/include/yolov8_msgs/msg/detail/key_point3_d_array__rosidl_typesupport_introspection_cpp.hpp
[2.444s] -- Symlinking: /home/yong/yolov8_ros/install/yolov8_msgs/include/yolov8_msgs/msg/detail/mask__rosidl_typesupport_introspection_cpp.hpp
[2.449s] -- Symlinking: /home/yong/yolov8_ros/install/yolov8_msgs/include/yolov8_msgs/msg/detail/point2_d__rosidl_typesupport_introspection_cpp.hpp
[2.454s] -- Symlinking: /home/yong/yolov8_ros/install/yolov8_msgs/include/yolov8_msgs/msg/detail/pose2_d__rosidl_typesupport_introspection_cpp.hpp
[2.459s] -- Symlinking: /home/yong/yolov8_ros/install/yolov8_msgs/include/yolov8_msgs/msg/detail/vector2__rosidl_typesupport_introspection_cpp.hpp
[2.465s] -- Symlinking: /home/yong/yolov8_ros/install/yolov8_msgs/share/yolov8_msgs/environment/pythonpath.sh
[2.470s] -- Symlinking: /home/yong/yolov8_ros/install/yolov8_msgs/share/yolov8_msgs/environment/pythonpath.dsv
[2.475s] -- Symlinking: /home/yong/yolov8_ros/install/yolov8_msgs/lib/python3.8/site-packages/yolov8_msgs/__init__.py
[2.481s] -- Symlinking: /home/yong/yolov8_ros/install/yolov8_msgs/lib/python3.8/site-packages/yolov8_msgs/msg/__init__.py
[2.486s] -- Symlinking: /home/yong/yolov8_ros/install/yolov8_msgs/lib/python3.8/site-packages/yolov8_msgs/msg/_bounding_box2_d.py
[2.491s] -- Symlinking: /home/yong/yolov8_ros/install/yolov8_msgs/lib/python3.8/site-packages/yolov8_msgs/msg/_bounding_box3_d.py
[2.496s] -- Symlinking: /home/yong/yolov8_ros/install/yolov8_msgs/lib/python3.8/site-packages/yolov8_msgs/msg/_detection.py
[2.501s] -- Symlinking: /home/yong/yolov8_ros/install/yolov8_msgs/lib/python3.8/site-packages/yolov8_msgs/msg/_detection_array.py
[2.506s] -- Symlinking: /home/yong/yolov8_ros/install/yolov8_msgs/lib/python3.8/site-packages/yolov8_msgs/msg/_key_point2_d.py
[2.511s] -- Symlinking: /home/yong/yolov8_ros/install/yolov8_msgs/lib/python3.8/site-packages/yolov8_msgs/msg/_key_point2_d_array.py
[2.517s] -- Symlinking: /home/yong/yolov8_ros/install/yolov8_msgs/lib/python3.8/site-packages/yolov8_msgs/msg/_key_point3_d.py
[2.522s] -- Symlinking: /home/yong/yolov8_ros/install/yolov8_msgs/lib/python3.8/site-packages/yolov8_msgs/msg/_key_point3_d_array.py
[2.527s] -- Symlinking: /home/yong/yolov8_ros/install/yolov8_msgs/lib/python3.8/site-packages/yolov8_msgs/msg/_mask.py
[2.532s] -- Symlinking: /home/yong/yolov8_ros/install/yolov8_msgs/lib/python3.8/site-packages/yolov8_msgs/msg/_point2_d.py
[2.537s] -- Symlinking: /home/yong/yolov8_ros/install/yolov8_msgs/lib/python3.8/site-packages/yolov8_msgs/msg/_pose2_d.py
[2.543s] -- Symlinking: /home/yong/yolov8_ros/install/yolov8_msgs/lib/python3.8/site-packages/yolov8_msgs/msg/_vector2.py
[2.548s] -- Symlinking: /home/yong/yolov8_ros/install/yolov8_msgs/lib/python3.8/site-packages/yolov8_msgs/yolov8_msgs_s__rosidl_typesupport_fastrtps_c.cpython-38-x86_64-linux-gnu.so
[2.553s] -- Symlinking: /home/yong/yolov8_ros/install/yolov8_msgs/lib/python3.8/site-packages/yolov8_msgs/yolov8_msgs_s__rosidl_typesupport_introspection_c.cpython-38-x86_64-linux-gnu.so
[2.559s] -- Symlinking: /home/yong/yolov8_ros/install/yolov8_msgs/lib/python3.8/site-packages/yolov8_msgs/yolov8_msgs_s__rosidl_typesupport_c.cpython-38-x86_64-linux-gnu.so
[2.564s] -- Symlinking: /home/yong/yolov8_ros/install/yolov8_msgs/lib/libyolov8_msgs__python.so
[2.570s] -- Symlinking: /home/yong/yolov8_ros/install/yolov8_msgs/share/yolov8_msgs/msg/Point2D.idl
[2.575s] -- Symlinking: /home/yong/yolov8_ros/install/yolov8_msgs/share/yolov8_msgs/msg/Vector2.idl
[2.580s] -- Symlinking: /home/yong/yolov8_ros/install/yolov8_msgs/share/yolov8_msgs/msg/Pose2D.idl
[2.585s] -- Symlinking: /home/yong/yolov8_ros/install/yolov8_msgs/share/yolov8_msgs/msg/BoundingBox2D.idl
[2.590s] -- Symlinking: /home/yong/yolov8_ros/install/yolov8_msgs/share/yolov8_msgs/msg/BoundingBox3D.idl
[2.596s] -- Symlinking: /home/yong/yolov8_ros/install/yolov8_msgs/share/yolov8_msgs/msg/Mask.idl
[2.601s] -- Symlinking: /home/yong/yolov8_ros/install/yolov8_msgs/share/yolov8_msgs/msg/KeyPoint2D.idl
[2.606s] -- Symlinking: /home/yong/yolov8_ros/install/yolov8_msgs/share/yolov8_msgs/msg/KeyPoint2DArray.idl
[2.611s] -- Symlinking: /home/yong/yolov8_ros/install/yolov8_msgs/share/yolov8_msgs/msg/KeyPoint3D.idl
[2.616s] -- Symlinking: /home/yong/yolov8_ros/install/yolov8_msgs/share/yolov8_msgs/msg/KeyPoint3DArray.idl
[2.621s] -- Symlinking: /home/yong/yolov8_ros/install/yolov8_msgs/share/yolov8_msgs/msg/Detection.idl
[2.627s] -- Symlinking: /home/yong/yolov8_ros/install/yolov8_msgs/share/yolov8_msgs/msg/DetectionArray.idl
[2.632s] -- Symlinking: /home/yong/yolov8_ros/install/yolov8_msgs/share/yolov8_msgs/msg/Point2D.msg
[2.637s] -- Symlinking: /home/yong/yolov8_ros/install/yolov8_msgs/share/yolov8_msgs/msg/Vector2.msg
[2.643s] -- Symlinking: /home/yong/yolov8_ros/install/yolov8_msgs/share/yolov8_msgs/msg/Pose2D.msg
[2.648s] -- Symlinking: /home/yong/yolov8_ros/install/yolov8_msgs/share/yolov8_msgs/msg/BoundingBox2D.msg
[2.653s] -- Symlinking: /home/yong/yolov8_ros/install/yolov8_msgs/share/yolov8_msgs/msg/BoundingBox3D.msg
[2.658s] -- Symlinking: /home/yong/yolov8_ros/install/yolov8_msgs/share/yolov8_msgs/msg/Mask.msg
[2.663s] -- Symlinking: /home/yong/yolov8_ros/install/yolov8_msgs/share/yolov8_msgs/msg/KeyPoint2D.msg
[2.669s] -- Symlinking: /home/yong/yolov8_ros/install/yolov8_msgs/share/yolov8_msgs/msg/KeyPoint2DArray.msg
[2.674s] -- Symlinking: /home/yong/yolov8_ros/install/yolov8_msgs/share/yolov8_msgs/msg/KeyPoint3D.msg
[2.679s] -- Symlinking: /home/yong/yolov8_ros/install/yolov8_msgs/share/yolov8_msgs/msg/KeyPoint3DArray.msg
[2.684s] -- Symlinking: /home/yong/yolov8_ros/install/yolov8_msgs/share/yolov8_msgs/msg/Detection.msg
[2.689s] -- Symlinking: /home/yong/yolov8_ros/install/yolov8_msgs/share/yolov8_msgs/msg/DetectionArray.msg
[2.695s] -- Symlinking: /home/yong/yolov8_ros/install/yolov8_msgs/share/ament_index/resource_index/package_run_dependencies/yolov8_msgs
[2.700s] -- Symlinking: /home/yong/yolov8_ros/install/yolov8_msgs/share/ament_index/resource_index/parent_prefix_path/yolov8_msgs
[2.705s] -- Symlinking: /home/yong/yolov8_ros/install/yolov8_msgs/share/yolov8_msgs/environment/ament_prefix_path.sh
[2.710s] -- Symlinking: /home/yong/yolov8_ros/install/yolov8_msgs/share/yolov8_msgs/environment/ament_prefix_path.dsv
[2.715s] -- Symlinking: /home/yong/yolov8_ros/install/yolov8_msgs/share/yolov8_msgs/environment/path.sh
[2.721s] -- Symlinking: /home/yong/yolov8_ros/install/yolov8_msgs/share/yolov8_msgs/environment/path.dsv
[2.726s] -- Symlinking: /home/yong/yolov8_ros/install/yolov8_msgs/share/yolov8_msgs/local_setup.bash
[2.731s] -- Symlinking: /home/yong/yolov8_ros/install/yolov8_msgs/share/yolov8_msgs/local_setup.sh
[2.737s] -- Symlinking: /home/yong/yolov8_ros/install/yolov8_msgs/share/yolov8_msgs/local_setup.zsh
[2.742s] -- Symlinking: /home/yong/yolov8_ros/install/yolov8_msgs/share/yolov8_msgs/local_setup.dsv
[2.747s] -- Symlinking: /home/yong/yolov8_ros/install/yolov8_msgs/share/yolov8_msgs/package.dsv
[2.752s] -- Symlinking: /home/yong/yolov8_ros/install/yolov8_msgs/share/ament_index/resource_index/packages/yolov8_msgs
[2.757s] -- Symlinking: /home/yong/yolov8_ros/install/yolov8_msgs/share/yolov8_msgs/cmake/rosidl_cmake-extras.cmake
[2.762s] -- Symlinking: /home/yong/yolov8_ros/install/yolov8_msgs/share/yolov8_msgs/cmake/ament_cmake_export_dependencies-extras.cmake
[2.768s] -- Symlinking: /home/yong/yolov8_ros/install/yolov8_msgs/share/yolov8_msgs/cmake/ament_cmake_export_libraries-extras.cmake
[2.773s] -- Symlinking: /home/yong/yolov8_ros/install/yolov8_msgs/share/yolov8_msgs/cmake/ament_cmake_export_targets-extras.cmake
[2.778s] -- Symlinking: /home/yong/yolov8_ros/install/yolov8_msgs/share/yolov8_msgs/cmake/ament_cmake_export_include_directories-extras.cmake
[2.783s] -- Symlinking: /home/yong/yolov8_ros/install/yolov8_msgs/share/yolov8_msgs/cmake/rosidl_cmake_export_typesupport_libraries-extras.cmake
[2.788s] -- Symlinking: /home/yong/yolov8_ros/install/yolov8_msgs/share/yolov8_msgs/cmake/rosidl_cmake_export_typesupport_targets-extras.cmake
[2.793s] -- Symlinking: /home/yong/yolov8_ros/install/yolov8_msgs/share/yolov8_msgs/cmake/yolov8_msgsConfig.cmake
[2.798s] -- Symlinking: /home/yong/yolov8_ros/install/yolov8_msgs/share/yolov8_msgs/cmake/yolov8_msgsConfig-version.cmake
[2.805s] -- Symlinking: /home/yong/yolov8_ros/install/yolov8_msgs/share/yolov8_msgs/package.xml
[2.812s] -- Up-to-date: /home/yong/yolov8_ros/install/yolov8_msgs/lib/libyolov8_msgs__rosidl_generator_c.so
[2.812s] -- Up-to-date: /home/yong/yolov8_ros/install/yolov8_msgs/lib/libyolov8_msgs__rosidl_typesupport_introspection_c.so
[2.812s] -- Up-to-date: /home/yong/yolov8_ros/install/yolov8_msgs/lib/libyolov8_msgs__rosidl_typesupport_c.so
[2.812s] -- Up-to-date: /home/yong/yolov8_ros/install/yolov8_msgs/lib/libyolov8_msgs__rosidl_typesupport_introspection_cpp.so
[2.812s] -- Up-to-date: /home/yong/yolov8_ros/install/yolov8_msgs/lib/libyolov8_msgs__rosidl_typesupport_cpp.so
[2.835s] Compiling '/home/yong/yolov8_ros/install/yolov8_msgs/lib/python3.8/site-packages/yolov8_msgs/__init__.py'...
[2.838s] -- Up-to-date: /home/yong/yolov8_ros/install/yolov8_msgs/share/yolov8_msgs/cmake/yolov8_msgs__rosidl_generator_cExport.cmake
[2.838s] -- Installing: /home/yong/yolov8_ros/install/yolov8_msgs/share/yolov8_msgs/cmake/yolov8_msgs__rosidl_generator_cExport-noconfig.cmake
[2.838s] -- Up-to-date: /home/yong/yolov8_ros/install/yolov8_msgs/share/yolov8_msgs/cmake/yolov8_msgs__rosidl_typesupport_introspection_cExport.cmake
[2.838s] -- Installing: /home/yong/yolov8_ros/install/yolov8_msgs/share/yolov8_msgs/cmake/yolov8_msgs__rosidl_typesupport_introspection_cExport-noconfig.cmake
[2.838s] -- Up-to-date: /home/yong/yolov8_ros/install/yolov8_msgs/share/yolov8_msgs/cmake/yolov8_msgs__rosidl_typesupport_cExport.cmake
[2.838s] -- Installing: /home/yong/yolov8_ros/install/yolov8_msgs/share/yolov8_msgs/cmake/yolov8_msgs__rosidl_typesupport_cExport-noconfig.cmake
[2.839s] -- Up-to-date: /home/yong/yolov8_ros/install/yolov8_msgs/share/yolov8_msgs/cmake/yolov8_msgs__rosidl_generator_cppExport.cmake
[2.839s] -- Up-to-date: /home/yong/yolov8_ros/install/yolov8_msgs/share/yolov8_msgs/cmake/yolov8_msgs__rosidl_typesupport_introspection_cppExport.cmake
[2.839s] -- Installing: /home/yong/yolov8_ros/install/yolov8_msgs/share/yolov8_msgs/cmake/yolov8_msgs__rosidl_typesupport_introspection_cppExport-noconfig.cmake
[2.839s] -- Up-to-date: /home/yong/yolov8_ros/install/yolov8_msgs/share/yolov8_msgs/cmake/yolov8_msgs__rosidl_typesupport_cppExport.cmake
[2.839s] -- Installing: /home/yong/yolov8_ros/install/yolov8_msgs/share/yolov8_msgs/cmake/yolov8_msgs__rosidl_typesupport_cppExport-noconfig.cmake
[2.840s] Invoked command in '/home/yong/yolov8_ros/build/yolov8_msgs' returned '0': CMAKE_PREFIX_PATH=${CMAKE_PREFIX_PATH}:/home/yong/yolov8_ros/install/yolov8_ros:/opt/ros/foxy /usr/bin/cmake --install /home/yong/yolov8_ros/build/yolov8_msgs
