[0.496s] DEBUG:colcon:Command line arguments: ['/home/yong/.matlab/R2023b/ros2/glnxa64/venv/bin/colcon', 'build', '--merge-install', '--cmake-args', '-DCMAKE_BUILD_TYPE=Release', '-DCMAKE_SHARED_LINKER_FLAGS=-Wl,-no-as-needed', '-DBUILD_TESTING=OFF', '-DALIAS_ROS2_TF2=1', '-DCMAKE_CXX_FLAGS_RELEASE=-O0', '-G', 'Ninja']
[0.496s] DEBUG:colcon:Parsed command line arguments: Namespace(log_base=None, log_level=None, verb_name='build', build_base='build', install_base='install', merge_install=True, symlink_install=False, test_result_base=None, continue_on_error=False, executor='parallel', parallel_workers=8, event_handlers=None, ignore_user_meta=False, metas=['./colcon.meta'], base_paths=['.'], packages_ignore=None, packages_ignore_regex=None, paths=None, packages_up_to=None, packages_up_to_regex=None, packages_above=None, packages_above_and_dependencies=None, packages_above_depth=None, packages_select_by_dep=None, packages_skip_by_dep=None, packages_skip_up_to=None, packages_select_build_failed=False, packages_skip_build_finished=False, packages_select_test_failures=False, packages_skip_test_passed=False, packages_select=None, packages_skip=None, packages_select_regex=None, packages_skip_regex=None, packages_start=None, packages_end=None, cmake_args=['-DCMAKE_BUILD_TYPE=Release', '-DCMAKE_SHARED_LINKER_FLAGS=-Wl,-no-as-needed', '-DBUILD_TESTING=OFF', '-DALIAS_ROS2_TF2=1', '-DCMAKE_CXX_FLAGS_RELEASE=-O0', '-G', 'Ninja'], cmake_target=None, cmake_target_skip_unavailable=False, cmake_clean_cache=False, cmake_clean_first=False, cmake_force_configure=False, ament_cmake_args=None, catkin_cmake_args=None, catkin_skip_building_tests=False, verb_parser=<colcon_defaults.argument_parser.defaults.DefaultArgumentsDecorator object at 0x7fcf8656e550>, verb_extension=<colcon_core.verb.build.BuildVerb object at 0x7fcf865b2700>, main=<bound method BuildVerb.main of <colcon_core.verb.build.BuildVerb object at 0x7fcf865b2700>>)
[0.554s] Level 1:colcon.colcon_core.package_discovery:discover_packages(colcon_meta) check parameters
[0.554s] Level 1:colcon.colcon_core.package_discovery:discover_packages(recursive) check parameters
[0.554s] Level 1:colcon.colcon_core.package_discovery:discover_packages(ignore) check parameters
[0.554s] Level 1:colcon.colcon_core.package_discovery:discover_packages(path) check parameters
[0.554s] Level 1:colcon.colcon_core.package_discovery:discover_packages(colcon_meta) discover
[0.554s] Level 1:colcon.colcon_core.package_discovery:discover_packages(recursive) discover
[0.554s] INFO:colcon.colcon_core.package_discovery:Crawling recursively for packages in '/home/yong/YongJun_ws/src/YOLO/Yolov8/matlab_msg_gen/glnxa64'
[0.554s] Level 1:colcon.colcon_core.package_identification:_identify(.) by extensions ['ignore', 'ignore_ament_install']
[0.554s] Level 1:colcon.colcon_core.package_identification:_identify(.) by extension 'ignore'
[0.554s] Level 1:colcon.colcon_core.package_identification:_identify(.) by extension 'ignore_ament_install'
[0.554s] Level 1:colcon.colcon_core.package_identification:_identify(.) by extensions ['colcon_pkg']
[0.554s] Level 1:colcon.colcon_core.package_identification:_identify(.) by extension 'colcon_pkg'
[0.554s] Level 1:colcon.colcon_core.package_identification:_identify(.) by extensions ['colcon_meta']
[0.554s] Level 1:colcon.colcon_core.package_identification:_identify(.) by extension 'colcon_meta'
[0.554s] Level 1:colcon.colcon_core.package_identification:_identify(.) by extensions ['ros']
[0.554s] Level 1:colcon.colcon_core.package_identification:_identify(.) by extension 'ros'
[0.571s] Level 1:colcon.colcon_core.package_identification:_identify(.) by extensions ['cmake', 'python']
[0.571s] Level 1:colcon.colcon_core.package_identification:_identify(.) by extension 'cmake'
[0.571s] Level 1:colcon.colcon_core.package_identification:_identify(.) by extension 'python'
[0.572s] Level 1:colcon.colcon_core.package_identification:_identify(.) by extensions ['python_setup_py']
[0.572s] Level 1:colcon.colcon_core.package_identification:_identify(.) by extension 'python_setup_py'
[0.572s] Level 1:colcon.colcon_core.package_identification:_identify(build) by extensions ['ignore', 'ignore_ament_install']
[0.572s] Level 1:colcon.colcon_core.package_identification:_identify(build) by extension 'ignore'
[0.572s] Level 1:colcon.colcon_core.package_identification:_identify(build) ignored
[0.572s] Level 1:colcon.colcon_core.package_identification:_identify(install) by extensions ['ignore', 'ignore_ament_install']
[0.572s] Level 1:colcon.colcon_core.package_identification:_identify(install) by extension 'ignore'
[0.572s] Level 1:colcon.colcon_core.package_identification:_identify(install) ignored
[0.572s] Level 1:colcon.colcon_core.package_identification:_identify(log) by extensions ['ignore', 'ignore_ament_install']
[0.572s] Level 1:colcon.colcon_core.package_identification:_identify(log) by extension 'ignore'
[0.572s] Level 1:colcon.colcon_core.package_identification:_identify(log) ignored
[0.572s] Level 1:colcon.colcon_core.package_identification:_identify(src) by extensions ['ignore', 'ignore_ament_install']
[0.572s] Level 1:colcon.colcon_core.package_identification:_identify(src) by extension 'ignore'
[0.572s] Level 1:colcon.colcon_core.package_identification:_identify(src) by extension 'ignore_ament_install'
[0.572s] Level 1:colcon.colcon_core.package_identification:_identify(src) by extensions ['colcon_pkg']
[0.572s] Level 1:colcon.colcon_core.package_identification:_identify(src) by extension 'colcon_pkg'
[0.572s] Level 1:colcon.colcon_core.package_identification:_identify(src) by extensions ['colcon_meta']
[0.572s] Level 1:colcon.colcon_core.package_identification:_identify(src) by extension 'colcon_meta'
[0.572s] Level 1:colcon.colcon_core.package_identification:_identify(src) by extensions ['ros']
[0.572s] Level 1:colcon.colcon_core.package_identification:_identify(src) by extension 'ros'
[0.573s] Level 1:colcon.colcon_core.package_identification:_identify(src) by extensions ['cmake', 'python']
[0.573s] Level 1:colcon.colcon_core.package_identification:_identify(src) by extension 'cmake'
[0.573s] Level 1:colcon.colcon_core.package_identification:_identify(src) by extension 'python'
[0.573s] Level 1:colcon.colcon_core.package_identification:_identify(src) by extensions ['python_setup_py']
[0.573s] Level 1:colcon.colcon_core.package_identification:_identify(src) by extension 'python_setup_py'
[0.573s] Level 1:colcon.colcon_core.package_identification:_identify(src/yolov8_msgs) by extensions ['ignore', 'ignore_ament_install']
[0.573s] Level 1:colcon.colcon_core.package_identification:_identify(src/yolov8_msgs) by extension 'ignore'
[0.573s] Level 1:colcon.colcon_core.package_identification:_identify(src/yolov8_msgs) by extension 'ignore_ament_install'
[0.573s] Level 1:colcon.colcon_core.package_identification:_identify(src/yolov8_msgs) by extensions ['colcon_pkg']
[0.573s] Level 1:colcon.colcon_core.package_identification:_identify(src/yolov8_msgs) by extension 'colcon_pkg'
[0.573s] Level 1:colcon.colcon_core.package_identification:_identify(src/yolov8_msgs) by extensions ['colcon_meta']
[0.573s] Level 1:colcon.colcon_core.package_identification:_identify(src/yolov8_msgs) by extension 'colcon_meta'
[0.573s] Level 1:colcon.colcon_core.package_identification:_identify(src/yolov8_msgs) by extensions ['ros']
[0.573s] Level 1:colcon.colcon_core.package_identification:_identify(src/yolov8_msgs) by extension 'ros'
[0.575s] DEBUG:colcon.colcon_core.package_identification:Package 'src/yolov8_msgs' with type 'ros.ament_cmake' and name 'yolov8_msgs'
[0.575s] Level 1:colcon.colcon_core.package_discovery:discover_packages(recursive) using defaults
[0.575s] Level 1:colcon.colcon_core.package_discovery:discover_packages(ignore) discover
[0.575s] Level 1:colcon.colcon_core.package_discovery:discover_packages(ignore) using defaults
[0.575s] Level 1:colcon.colcon_core.package_discovery:discover_packages(path) discover
[0.575s] Level 1:colcon.colcon_core.package_discovery:discover_packages(path) using defaults
[0.615s] Level 5:colcon.colcon_core.verb:set package 'yolov8_msgs' build argument 'cmake_args' from command line to '['-DCMAKE_BUILD_TYPE=Release', '-DCMAKE_SHARED_LINKER_FLAGS=-Wl,-no-as-needed', '-DBUILD_TESTING=OFF', '-DALIAS_ROS2_TF2=1', '-DCMAKE_CXX_FLAGS_RELEASE=-O0', '-G', 'Ninja']'
[0.615s] Level 5:colcon.colcon_core.verb:set package 'yolov8_msgs' build argument 'cmake_target' from command line to 'None'
[0.615s] Level 5:colcon.colcon_core.verb:set package 'yolov8_msgs' build argument 'cmake_target_skip_unavailable' from command line to 'False'
[0.615s] Level 5:colcon.colcon_core.verb:set package 'yolov8_msgs' build argument 'cmake_clean_cache' from command line to 'False'
[0.615s] Level 5:colcon.colcon_core.verb:set package 'yolov8_msgs' build argument 'cmake_clean_first' from command line to 'False'
[0.615s] Level 5:colcon.colcon_core.verb:set package 'yolov8_msgs' build argument 'cmake_force_configure' from command line to 'False'
[0.615s] Level 5:colcon.colcon_core.verb:set package 'yolov8_msgs' build argument 'ament_cmake_args' from command line to 'None'
[0.615s] Level 5:colcon.colcon_core.verb:set package 'yolov8_msgs' build argument 'catkin_cmake_args' from command line to 'None'
[0.615s] Level 5:colcon.colcon_core.verb:set package 'yolov8_msgs' build argument 'catkin_skip_building_tests' from command line to 'False'
[0.615s] DEBUG:colcon.colcon_core.verb:Building package 'yolov8_msgs' with the following arguments: {'ament_cmake_args': None, 'build_base': '/home/yong/YongJun_ws/src/YOLO/Yolov8/matlab_msg_gen/glnxa64/build/yolov8_msgs', 'catkin_cmake_args': None, 'catkin_skip_building_tests': False, 'cmake_args': ['-DCMAKE_BUILD_TYPE=Release', '-DCMAKE_SHARED_LINKER_FLAGS=-Wl,-no-as-needed', '-DBUILD_TESTING=OFF', '-DALIAS_ROS2_TF2=1', '-DCMAKE_CXX_FLAGS_RELEASE=-O0', '-G', 'Ninja'], 'cmake_clean_cache': False, 'cmake_clean_first': False, 'cmake_force_configure': False, 'cmake_target': None, 'cmake_target_skip_unavailable': False, 'install_base': '/home/yong/YongJun_ws/src/YOLO/Yolov8/matlab_msg_gen/glnxa64/install', 'merge_install': True, 'path': '/home/yong/YongJun_ws/src/YOLO/Yolov8/matlab_msg_gen/glnxa64/src/yolov8_msgs', 'symlink_install': False, 'test_result_base': None}
[0.617s] INFO:colcon.colcon_core.executor:Executing jobs using 'parallel' executor
[0.629s] DEBUG:colcon.colcon_parallel_executor.executor.parallel:run_until_complete
[0.629s] INFO:colcon.colcon_ros.task.ament_cmake.build:Building ROS package in '/home/yong/YongJun_ws/src/YOLO/Yolov8/matlab_msg_gen/glnxa64/src/yolov8_msgs' with build type 'ament_cmake'
[0.629s] INFO:colcon.colcon_cmake.task.cmake.build:Building CMake package in '/home/yong/YongJun_ws/src/YOLO/Yolov8/matlab_msg_gen/glnxa64/src/yolov8_msgs'
[0.638s] INFO:colcon.colcon_core.plugin_system:Skipping extension 'colcon_core.shell.bat': Not used on non-Windows systems
[0.638s] INFO:colcon.colcon_core.shell:Skip shell extension 'powershell' for command environment: Not usable outside of PowerShell
[0.638s] DEBUG:colcon.colcon_core.shell:Skip shell extension 'dsv' for command environment
[0.655s] DEBUG:colcon.colcon_core.event_handler.log_command:Invoking command in '/home/yong/YongJun_ws/src/YOLO/Yolov8/matlab_msg_gen/glnxa64/build/yolov8_msgs': PS1=(venv) /usr/local/MATLAB/R2023b/bin/glnxa64/cmake/bin/cmake /home/yong/YongJun_ws/src/YOLO/Yolov8/matlab_msg_gen/glnxa64/src/yolov8_msgs -DCMAKE_BUILD_TYPE=Release -DCMAKE_SHARED_LINKER_FLAGS=-Wl,-no-as-needed -DBUILD_TESTING=OFF -DALIAS_ROS2_TF2=1 -DCMAKE_CXX_FLAGS_RELEASE=-O0 -G Ninja -DCMAKE_INSTALL_PREFIX=/home/yong/YongJun_ws/src/YOLO/Yolov8/matlab_msg_gen/glnxa64/install
[2.932s] DEBUG:colcon.colcon_core.event_handler.log_command:Invoked command in '/home/yong/YongJun_ws/src/YOLO/Yolov8/matlab_msg_gen/glnxa64/build/yolov8_msgs' returned '0': PS1=(venv) /usr/local/MATLAB/R2023b/bin/glnxa64/cmake/bin/cmake /home/yong/YongJun_ws/src/YOLO/Yolov8/matlab_msg_gen/glnxa64/src/yolov8_msgs -DCMAKE_BUILD_TYPE=Release -DCMAKE_SHARED_LINKER_FLAGS=-Wl,-no-as-needed -DBUILD_TESTING=OFF -DALIAS_ROS2_TF2=1 -DCMAKE_CXX_FLAGS_RELEASE=-O0 -G Ninja -DCMAKE_INSTALL_PREFIX=/home/yong/YongJun_ws/src/YOLO/Yolov8/matlab_msg_gen/glnxa64/install
[2.934s] DEBUG:colcon.colcon_core.event_handler.log_command:Invoking command in '/home/yong/YongJun_ws/src/YOLO/Yolov8/matlab_msg_gen/glnxa64/build/yolov8_msgs': PS1=(venv) /usr/local/MATLAB/R2023b/bin/glnxa64/cmake/bin/cmake --build /home/yong/YongJun_ws/src/YOLO/Yolov8/matlab_msg_gen/glnxa64/build/yolov8_msgs -- -j8 -l8
[26.142s] DEBUG:colcon.colcon_core.event_handler.log_command:Invoked command in '/home/yong/YongJun_ws/src/YOLO/Yolov8/matlab_msg_gen/glnxa64/build/yolov8_msgs' returned '0': PS1=(venv) /usr/local/MATLAB/R2023b/bin/glnxa64/cmake/bin/cmake --build /home/yong/YongJun_ws/src/YOLO/Yolov8/matlab_msg_gen/glnxa64/build/yolov8_msgs -- -j8 -l8
[26.158s] DEBUG:colcon.colcon_core.event_handler.log_command:Invoking command in '/home/yong/YongJun_ws/src/YOLO/Yolov8/matlab_msg_gen/glnxa64/build/yolov8_msgs': PS1=(venv) /usr/local/MATLAB/R2023b/bin/glnxa64/cmake/bin/cmake --install /home/yong/YongJun_ws/src/YOLO/Yolov8/matlab_msg_gen/glnxa64/build/yolov8_msgs
[26.204s] Level 1:colcon.colcon_core.environment:create_environment_scripts_only(yolov8_msgs)
[26.206s] DEBUG:colcon.colcon_core.event_handler.log_command:Invoked command in '/home/yong/YongJun_ws/src/YOLO/Yolov8/matlab_msg_gen/glnxa64/build/yolov8_msgs' returned '0': PS1=(venv) /usr/local/MATLAB/R2023b/bin/glnxa64/cmake/bin/cmake --install /home/yong/YongJun_ws/src/YOLO/Yolov8/matlab_msg_gen/glnxa64/build/yolov8_msgs
[26.220s] Level 1:colcon.colcon_core.environment:checking '/home/yong/YongJun_ws/src/YOLO/Yolov8/matlab_msg_gen/glnxa64/install' for CMake module files
[26.221s] Level 1:colcon.colcon_core.environment:checking '/home/yong/YongJun_ws/src/YOLO/Yolov8/matlab_msg_gen/glnxa64/install' for CMake config files
[26.221s] Level 1:colcon.colcon_core.shell:create_environment_hook('yolov8_msgs', 'cmake_prefix_path')
[26.226s] INFO:colcon.colcon_core.shell:Creating environment hook '/home/yong/YongJun_ws/src/YOLO/Yolov8/matlab_msg_gen/glnxa64/install/share/yolov8_msgs/hook/cmake_prefix_path.ps1'
[26.227s] INFO:colcon.colcon_core.shell:Creating environment descriptor '/home/yong/YongJun_ws/src/YOLO/Yolov8/matlab_msg_gen/glnxa64/install/share/yolov8_msgs/hook/cmake_prefix_path.dsv'
[26.227s] INFO:colcon.colcon_core.shell:Creating environment hook '/home/yong/YongJun_ws/src/YOLO/Yolov8/matlab_msg_gen/glnxa64/install/share/yolov8_msgs/hook/cmake_prefix_path.sh'
[26.228s] Level 1:colcon.colcon_core.environment:checking '/home/yong/YongJun_ws/src/YOLO/Yolov8/matlab_msg_gen/glnxa64/install/lib'
[26.228s] Level 1:colcon.colcon_core.shell:create_environment_hook('yolov8_msgs', 'ld_library_path_lib')
[26.233s] INFO:colcon.colcon_core.shell:Creating environment hook '/home/yong/YongJun_ws/src/YOLO/Yolov8/matlab_msg_gen/glnxa64/install/share/yolov8_msgs/hook/ld_library_path_lib.ps1'
[26.233s] INFO:colcon.colcon_core.shell:Creating environment descriptor '/home/yong/YongJun_ws/src/YOLO/Yolov8/matlab_msg_gen/glnxa64/install/share/yolov8_msgs/hook/ld_library_path_lib.dsv'
[26.234s] INFO:colcon.colcon_core.shell:Creating environment hook '/home/yong/YongJun_ws/src/YOLO/Yolov8/matlab_msg_gen/glnxa64/install/share/yolov8_msgs/hook/ld_library_path_lib.sh'
[26.234s] Level 1:colcon.colcon_core.environment:checking '/home/yong/YongJun_ws/src/YOLO/Yolov8/matlab_msg_gen/glnxa64/install/bin'
[26.234s] Level 1:colcon.colcon_core.environment:checking '/home/yong/YongJun_ws/src/YOLO/Yolov8/matlab_msg_gen/glnxa64/install/lib/pkgconfig/yolov8_msgs.pc'
[26.235s] Level 1:colcon.colcon_core.environment:checking '/home/yong/YongJun_ws/src/YOLO/Yolov8/matlab_msg_gen/glnxa64/install/lib/python3.9/site-packages'
[26.235s] Level 1:colcon.colcon_core.environment:checking '/home/yong/YongJun_ws/src/YOLO/Yolov8/matlab_msg_gen/glnxa64/install/bin'
[26.241s] INFO:colcon.colcon_core.shell:Creating package script '/home/yong/YongJun_ws/src/YOLO/Yolov8/matlab_msg_gen/glnxa64/install/share/yolov8_msgs/package.ps1'
[26.241s] INFO:colcon.colcon_core.shell:Creating package descriptor '/home/yong/YongJun_ws/src/YOLO/Yolov8/matlab_msg_gen/glnxa64/install/share/yolov8_msgs/package.dsv'
[26.242s] INFO:colcon.colcon_core.shell:Creating package script '/home/yong/YongJun_ws/src/YOLO/Yolov8/matlab_msg_gen/glnxa64/install/share/yolov8_msgs/package.sh'
[26.242s] INFO:colcon.colcon_core.shell:Creating package script '/home/yong/YongJun_ws/src/YOLO/Yolov8/matlab_msg_gen/glnxa64/install/share/yolov8_msgs/package.bash'
[26.243s] INFO:colcon.colcon_core.shell:Creating package script '/home/yong/YongJun_ws/src/YOLO/Yolov8/matlab_msg_gen/glnxa64/install/share/yolov8_msgs/package.zsh'
[26.243s] Level 1:colcon.colcon_core.environment:create_file_with_runtime_dependencies(/home/yong/YongJun_ws/src/YOLO/Yolov8/matlab_msg_gen/glnxa64/install/share/colcon-core/packages/yolov8_msgs)
[26.262s] Level 1:colcon.colcon_core.environment:create_environment_scripts_only(yolov8_msgs)
[26.268s] Level 1:colcon.colcon_core.environment:checking '/home/yong/YongJun_ws/src/YOLO/Yolov8/matlab_msg_gen/glnxa64/install' for CMake module files
[26.268s] Level 1:colcon.colcon_core.environment:checking '/home/yong/YongJun_ws/src/YOLO/Yolov8/matlab_msg_gen/glnxa64/install' for CMake config files
[26.268s] Level 1:colcon.colcon_core.shell:create_environment_hook('yolov8_msgs', 'cmake_prefix_path')
[26.274s] INFO:colcon.colcon_core.shell:Creating environment hook '/home/yong/YongJun_ws/src/YOLO/Yolov8/matlab_msg_gen/glnxa64/install/share/yolov8_msgs/hook/cmake_prefix_path.ps1'
[26.274s] INFO:colcon.colcon_core.shell:Creating environment descriptor '/home/yong/YongJun_ws/src/YOLO/Yolov8/matlab_msg_gen/glnxa64/install/share/yolov8_msgs/hook/cmake_prefix_path.dsv'
[26.274s] INFO:colcon.colcon_core.shell:Creating environment hook '/home/yong/YongJun_ws/src/YOLO/Yolov8/matlab_msg_gen/glnxa64/install/share/yolov8_msgs/hook/cmake_prefix_path.sh'
[26.274s] Level 1:colcon.colcon_core.environment:checking '/home/yong/YongJun_ws/src/YOLO/Yolov8/matlab_msg_gen/glnxa64/install/lib'
[26.275s] Level 1:colcon.colcon_core.shell:create_environment_hook('yolov8_msgs', 'ld_library_path_lib')
[26.280s] INFO:colcon.colcon_core.shell:Creating environment hook '/home/yong/YongJun_ws/src/YOLO/Yolov8/matlab_msg_gen/glnxa64/install/share/yolov8_msgs/hook/ld_library_path_lib.ps1'
[26.280s] INFO:colcon.colcon_core.shell:Creating environment descriptor '/home/yong/YongJun_ws/src/YOLO/Yolov8/matlab_msg_gen/glnxa64/install/share/yolov8_msgs/hook/ld_library_path_lib.dsv'
[26.280s] INFO:colcon.colcon_core.shell:Creating environment hook '/home/yong/YongJun_ws/src/YOLO/Yolov8/matlab_msg_gen/glnxa64/install/share/yolov8_msgs/hook/ld_library_path_lib.sh'
[26.280s] Level 1:colcon.colcon_core.environment:checking '/home/yong/YongJun_ws/src/YOLO/Yolov8/matlab_msg_gen/glnxa64/install/bin'
[26.280s] Level 1:colcon.colcon_core.environment:checking '/home/yong/YongJun_ws/src/YOLO/Yolov8/matlab_msg_gen/glnxa64/install/lib/pkgconfig/yolov8_msgs.pc'
[26.281s] Level 1:colcon.colcon_core.environment:checking '/home/yong/YongJun_ws/src/YOLO/Yolov8/matlab_msg_gen/glnxa64/install/lib/python3.9/site-packages'
[26.281s] Level 1:colcon.colcon_core.environment:checking '/home/yong/YongJun_ws/src/YOLO/Yolov8/matlab_msg_gen/glnxa64/install/bin'
[26.286s] INFO:colcon.colcon_core.shell:Creating package script '/home/yong/YongJun_ws/src/YOLO/Yolov8/matlab_msg_gen/glnxa64/install/share/yolov8_msgs/package.ps1'
[26.287s] INFO:colcon.colcon_core.shell:Creating package descriptor '/home/yong/YongJun_ws/src/YOLO/Yolov8/matlab_msg_gen/glnxa64/install/share/yolov8_msgs/package.dsv'
[26.287s] INFO:colcon.colcon_core.shell:Creating package script '/home/yong/YongJun_ws/src/YOLO/Yolov8/matlab_msg_gen/glnxa64/install/share/yolov8_msgs/package.sh'
[26.287s] INFO:colcon.colcon_core.shell:Creating package script '/home/yong/YongJun_ws/src/YOLO/Yolov8/matlab_msg_gen/glnxa64/install/share/yolov8_msgs/package.bash'
[26.288s] INFO:colcon.colcon_core.shell:Creating package script '/home/yong/YongJun_ws/src/YOLO/Yolov8/matlab_msg_gen/glnxa64/install/share/yolov8_msgs/package.zsh'
[26.288s] Level 1:colcon.colcon_core.environment:create_file_with_runtime_dependencies(/home/yong/YongJun_ws/src/YOLO/Yolov8/matlab_msg_gen/glnxa64/install/share/colcon-core/packages/yolov8_msgs)
[26.288s] DEBUG:colcon.colcon_parallel_executor.executor.parallel:closing loop
[26.288s] DEBUG:colcon.colcon_parallel_executor.executor.parallel:loop closed
[26.289s] DEBUG:colcon.colcon_parallel_executor.executor.parallel:run_until_complete finished with '0'
[26.289s] DEBUG:colcon.colcon_core.event_reactor:joining thread
[26.295s] INFO:colcon.colcon_core.plugin_system:Skipping extension 'colcon_notification.desktop_notification.notify2': 'notify2' not found
[26.295s] INFO:colcon.colcon_core.plugin_system:Skipping extension 'colcon_notification.desktop_notification.terminal_notifier': Not used on non-Darwin systems
[26.295s] INFO:colcon.colcon_core.plugin_system:Skipping extension 'colcon_notification.desktop_notification.win32': Not used on non-Windows systems
[26.295s] INFO:colcon.colcon_notification.desktop_notification:Sending desktop notification using 'notify_send'
[26.311s] DEBUG:colcon.colcon_core.event_reactor:joined thread
[26.317s] INFO:colcon.colcon_core.shell:Creating prefix script '/home/yong/YongJun_ws/src/YOLO/Yolov8/matlab_msg_gen/glnxa64/install/local_setup.ps1'
[26.318s] INFO:colcon.colcon_core.shell:Creating prefix util module '/home/yong/YongJun_ws/src/YOLO/Yolov8/matlab_msg_gen/glnxa64/install/_local_setup_util_ps1.py'
[26.319s] INFO:colcon.colcon_core.shell:Creating prefix chain script '/home/yong/YongJun_ws/src/YOLO/Yolov8/matlab_msg_gen/glnxa64/install/setup.ps1'
[26.324s] INFO:colcon.colcon_core.shell:Creating prefix script '/home/yong/YongJun_ws/src/YOLO/Yolov8/matlab_msg_gen/glnxa64/install/local_setup.sh'
[26.324s] INFO:colcon.colcon_core.shell:Creating prefix util module '/home/yong/YongJun_ws/src/YOLO/Yolov8/matlab_msg_gen/glnxa64/install/_local_setup_util_sh.py'
[26.324s] INFO:colcon.colcon_core.shell:Creating prefix chain script '/home/yong/YongJun_ws/src/YOLO/Yolov8/matlab_msg_gen/glnxa64/install/setup.sh'
[26.329s] INFO:colcon.colcon_core.shell:Creating prefix script '/home/yong/YongJun_ws/src/YOLO/Yolov8/matlab_msg_gen/glnxa64/install/local_setup.bash'
[26.329s] INFO:colcon.colcon_core.shell:Creating prefix chain script '/home/yong/YongJun_ws/src/YOLO/Yolov8/matlab_msg_gen/glnxa64/install/setup.bash'
[26.333s] INFO:colcon.colcon_core.shell:Creating prefix script '/home/yong/YongJun_ws/src/YOLO/Yolov8/matlab_msg_gen/glnxa64/install/local_setup.zsh'
[26.334s] INFO:colcon.colcon_core.shell:Creating prefix chain script '/home/yong/YongJun_ws/src/YOLO/Yolov8/matlab_msg_gen/glnxa64/install/setup.zsh'
