[0.013s] Invoking command in '/home/aiv/YongJun_ws/ros2_ws/build/rviz_plugin_zed_od': CMAKE_PREFIX_PATH=/home/aiv/YongJun_ws/ros2_ws/install/zed_interfaces:/home/aiv/rrr/install/realsense2_description:/home/aiv/rrr/install/realsense2_camera:/home/aiv/rrr/install/realsense2_camera_msgs:/home/aiv/YongJun_ws/ros2_ws/install/zed_ros2:/home/aiv/YongJun_ws/ros2_ws/install/zed_robot_integration:/home/aiv/YongJun_ws/ros2_ws/install/zed_multi_camera:/home/aiv/YongJun_ws/ros2_ws/install/zed_display_rviz2:/home/aiv/YongJun_ws/ros2_ws/install/zed_depth_to_laserscan:/home/aiv/YongJun_ws/ros2_ws/install/zed_wrapper:/home/aiv/YongJun_ws/ros2_ws/install/zed_tutorial_video:/home/aiv/YongJun_ws/ros2_ws/install/zed_tutorial_pos_tracking:/home/aiv/YongJun_ws/ros2_ws/install/zed_tutorial_depth:/home/aiv/YongJun_ws/ros2_ws/install/zed_topic_benchmark:/home/aiv/YongJun_ws/ros2_ws/install/zed_topic_benchmark_component:/home/aiv/YongJun_ws/ros2_ws/install/zed_topic_benchmark_interfaces:/home/aiv/YongJun_ws/ros2_ws/install/zed_rgb_convert:/home/aiv/YongJun_ws/ros2_ws/install/zed_aruco_localization:/home/aiv/YongJun_ws/ros2_ws/install/zed_components:/home/aiv/YongJun_ws/ros2_ws/install/rviz_plugin_zed_od:/home/aiv/YongJun_ws/ros2_ws/install/yolov8_bringup:/home/aiv/YongJun_ws/ros2_ws/install/yolov8_msgs:/home/aiv/YongJun_ws/ros2_ws/install/vision_msgs:/home/aiv/YongJun_ws/ros2_ws/install/usb_cam:/home/aiv/YongJun_ws/ros2_ws/install/yolov8_ros:/opt/ros/foxy LD_LIBRARY_PATH=/home/aiv/YongJun_ws/ros2_ws/install/zed_interfaces/lib:/home/aiv/rrr/install/realsense2_camera/lib:/home/aiv/rrr/install/realsense2_camera_msgs/lib:/home/aiv/YongJun_ws/ros2_ws/install/zed_rgb_convert/lib:/home/aiv/YongJun_ws/ros2_ws/install/zed_components/lib:/home/aiv/YongJun_ws/ros2_ws/install/rviz_plugin_zed_od/lib:/home/aiv/YongJun_ws/ros2_ws/install/yolov8_msgs/lib:/home/aiv/YongJun_ws/ros2_ws/install/vision_msgs/lib:/home/aiv/YongJun_ws/ros2_ws/install/usb_cam/lib:/opt/ros/foxy/opt/yaml_cpp_vendor/lib:/opt/ros/foxy/opt/rviz_ogre_vendor/lib:/opt/ros/foxy/lib/x86_64-linux-gnu:/opt/ros/foxy/lib:/usr/local/cuda/lib64 PYTHONPATH=/home/aiv/YongJun_ws/ros2_ws/install/zed_interfaces/lib/python3.8/site-packages:/home/aiv/rrr/install/realsense2_camera_msgs/lib/python3.8/site-packages:/home/aiv/YongJun_ws/ros2_ws/build/yolov8_ros:/home/aiv/YongJun_ws/ros2_ws/install/yolov8_ros/lib/python3.8/site-packages:/home/aiv/YongJun_ws/ros2_ws/install/yolov8_msgs/lib/python3.8/site-packages:/home/aiv/YongJun_ws/ros2_ws/install/vision_msgs/lib/python3.8/site-packages:/opt/ros/foxy/lib/python3.8/site-packages /usr/bin/cmake /home/aiv/YongJun_ws/ros2_ws/src/zed-ros2-examples/rviz-plugin-zed-od -DCMAKE_INSTALL_PREFIX=/home/aiv/YongJun_ws/ros2_ws/install/rviz_plugin_zed_od
[0.022s] -- Enabling tests requiring a display
[0.022s] -- Found ament_cmake_auto: 0.9.12 (/opt/ros/foxy/share/ament_cmake_auto/cmake)
[0.040s] -- Using PYTHON_EXECUTABLE: /usr/bin/python3
[0.202s] -- Override CMake install command with custom implementation using symlinks instead of copying resources
[0.259s] -- Setting OGRE_DIR to: '/opt/ros/foxy/share/rviz_ogre_vendor/cmake/../../../opt/rviz_ogre_vendor/lib/OGRE/cmake'
[0.262s] -- Found OGRE
[0.262s] --   static     : OFF
[0.262s] --   components : HLMS;MeshLodGenerator;Overlay;Paging;Property;RTShaderSystem;Terrain;Volume
[0.262s] --   plugins    : Plugin_BSPSceneManager;Plugin_OctreeSceneManager;Plugin_PCZSceneManager;Plugin_ParticleFX;RenderSystem_GL;RenderSystem_GL3Plus;Codec_STBI
[0.262s] --   media      : /opt/ros/foxy/opt/rviz_ogre_vendor/share/OGRE/Media
[0.262s] -- OGRE_LIBRARIES: OgreHLMS;OgreMeshLodGenerator;OgreOverlay;OgrePaging;OgreProperty;OgreRTShaderSystem;OgreTerrain;OgreVolume;OgreMain
[0.262s] -- OGRE_LIBRARY_DIRS: /opt/ros/foxy/opt/rviz_ogre_vendor/lib
[0.262s] -- OGRE_PLUGINS: Plugin_BSPSceneManager;Plugin_OctreeSceneManager;Plugin_PCZSceneManager;Plugin_ParticleFX;RenderSystem_GL;RenderSystem_GL3Plus;Codec_STBI
[0.262s] -- OGRE_PLUGIN_DIR: /opt/ros/foxy/opt/rviz_ogre_vendor/lib/OGRE
[0.263s] -- rviz_ogre_vendor::OgreOverlay for IMPORTED_LOCATION_RELEASE: /opt/ros/foxy/opt/rviz_ogre_vendor/lib/libOgreOverlay.so
[0.263s] -- rviz_ogre_vendor::OgreOverlay for IMPORTED_LOCATION_DEBUG: /opt/ros/foxy/opt/rviz_ogre_vendor/lib/libOgreOverlay.so
[0.263s] -- rviz_ogre_vendor::OgreMain for IMPORTED_LOCATION_RELEASE: /opt/ros/foxy/opt/rviz_ogre_vendor/lib/libOgreMain.so
[0.263s] -- rviz_ogre_vendor::OgreMain for IMPORTED_LOCATION_DEBUG: /opt/ros/foxy/opt/rviz_ogre_vendor/lib/libOgreMain.so
[0.272s] -- Could not find freeimage library
[0.301s] -- rviz_ogre_vendor::RenderSystem_GL for IMPORTED_LOCATION_RELEASE: _render_system_gl_static_library_abs-NOTFOUND
[0.301s] -- rviz_ogre_vendor::RenderSystem_GL for IMPORTED_LOCATION_DEBUG: _render_system_gl_static_library_abs-NOTFOUND
[0.313s] -- Using all available rosidl_typesupport_c: rosidl_typesupport_fastrtps_c;rosidl_typesupport_introspection_c
[0.315s] -- Found rosidl_adapter: 1.3.1 (/opt/ros/foxy/share/rosidl_adapter/cmake)
[0.417s] -- Using all available rosidl_typesupport_cpp: rosidl_typesupport_fastrtps_cpp;rosidl_typesupport_introspection_cpp
[0.692s] -- Found rviz_common: 8.2.8 (/opt/ros/foxy/share/rviz_common/cmake)
[0.705s] -- library: libassimp.so.5
[0.731s] -- library: /usr/lib/x86_64-linux-gnu/libcurl.so
[0.822s] -- Found rmw_implementation_cmake: 1.0.4 (/opt/ros/foxy/share/rmw_implementation_cmake/cmake)
[0.824s] -- Using RMW implementation 'rmw_fastrtps_cpp' as default
[1.265s] -- Setting yaml-cpp_DIR to: '/opt/ros/foxy/share/yaml_cpp_vendor/cmake/../../../opt/yaml_cpp_vendor/lib/cmake/yaml-cpp'
[1.268s] -- Found ament_lint_auto: 0.9.8 (/opt/ros/foxy/share/ament_lint_auto/cmake)
[1.286s] -- Added test 'copyright' to check source files copyright and LICENSE
[1.288s] -- Added test 'cppcheck' to perform static code analysis on C / C++ code
[1.288s] -- Configured cppcheck include dirs: /home/aiv/YongJun_ws/ros2_ws/src/zed-ros2-examples/rviz-plugin-zed-od/src/include;/home/aiv/YongJun_ws/ros2_ws/src/zed-ros2-examples/rviz-plugin-zed-od/src/plugin/include;$<BUILD_INTERFACE:/home/aiv/YongJun_ws/ros2_ws/src/zed-ros2-examples/rviz-plugin-zed-od/include>
[1.288s] -- Configured cppcheck exclude dirs and/or files: 
[1.288s] -- Added test 'cpplint' to check C / C++ code against the Google style
[1.288s] -- Configured cpplint exclude dirs and/or files: 
[1.289s] -- Added test 'lint_cmake' to check CMake code style
[1.289s] -- Added test 'uncrustify' to check C / C++ code style
[1.289s] -- Configured uncrustify additional arguments: 
[1.290s] -- Added test 'xmllint' to check XML markup files
[1.294s] -- Configuring done
[1.345s] -- Generating done
[1.347s] -- Build files have been written to: /home/aiv/YongJun_ws/ros2_ws/build/rviz_plugin_zed_od
[1.353s] Invoked command in '/home/aiv/YongJun_ws/ros2_ws/build/rviz_plugin_zed_od' returned '0': CMAKE_PREFIX_PATH=/home/aiv/YongJun_ws/ros2_ws/install/zed_interfaces:/home/aiv/rrr/install/realsense2_description:/home/aiv/rrr/install/realsense2_camera:/home/aiv/rrr/install/realsense2_camera_msgs:/home/aiv/YongJun_ws/ros2_ws/install/zed_ros2:/home/aiv/YongJun_ws/ros2_ws/install/zed_robot_integration:/home/aiv/YongJun_ws/ros2_ws/install/zed_multi_camera:/home/aiv/YongJun_ws/ros2_ws/install/zed_display_rviz2:/home/aiv/YongJun_ws/ros2_ws/install/zed_depth_to_laserscan:/home/aiv/YongJun_ws/ros2_ws/install/zed_wrapper:/home/aiv/YongJun_ws/ros2_ws/install/zed_tutorial_video:/home/aiv/YongJun_ws/ros2_ws/install/zed_tutorial_pos_tracking:/home/aiv/YongJun_ws/ros2_ws/install/zed_tutorial_depth:/home/aiv/YongJun_ws/ros2_ws/install/zed_topic_benchmark:/home/aiv/YongJun_ws/ros2_ws/install/zed_topic_benchmark_component:/home/aiv/YongJun_ws/ros2_ws/install/zed_topic_benchmark_interfaces:/home/aiv/YongJun_ws/ros2_ws/install/zed_rgb_convert:/home/aiv/YongJun_ws/ros2_ws/install/zed_aruco_localization:/home/aiv/YongJun_ws/ros2_ws/install/zed_components:/home/aiv/YongJun_ws/ros2_ws/install/rviz_plugin_zed_od:/home/aiv/YongJun_ws/ros2_ws/install/yolov8_bringup:/home/aiv/YongJun_ws/ros2_ws/install/yolov8_msgs:/home/aiv/YongJun_ws/ros2_ws/install/vision_msgs:/home/aiv/YongJun_ws/ros2_ws/install/usb_cam:/home/aiv/YongJun_ws/ros2_ws/install/yolov8_ros:/opt/ros/foxy LD_LIBRARY_PATH=/home/aiv/YongJun_ws/ros2_ws/install/zed_interfaces/lib:/home/aiv/rrr/install/realsense2_camera/lib:/home/aiv/rrr/install/realsense2_camera_msgs/lib:/home/aiv/YongJun_ws/ros2_ws/install/zed_rgb_convert/lib:/home/aiv/YongJun_ws/ros2_ws/install/zed_components/lib:/home/aiv/YongJun_ws/ros2_ws/install/rviz_plugin_zed_od/lib:/home/aiv/YongJun_ws/ros2_ws/install/yolov8_msgs/lib:/home/aiv/YongJun_ws/ros2_ws/install/vision_msgs/lib:/home/aiv/YongJun_ws/ros2_ws/install/usb_cam/lib:/opt/ros/foxy/opt/yaml_cpp_vendor/lib:/opt/ros/foxy/opt/rviz_ogre_vendor/lib:/opt/ros/foxy/lib/x86_64-linux-gnu:/opt/ros/foxy/lib:/usr/local/cuda/lib64 PYTHONPATH=/home/aiv/YongJun_ws/ros2_ws/install/zed_interfaces/lib/python3.8/site-packages:/home/aiv/rrr/install/realsense2_camera_msgs/lib/python3.8/site-packages:/home/aiv/YongJun_ws/ros2_ws/build/yolov8_ros:/home/aiv/YongJun_ws/ros2_ws/install/yolov8_ros/lib/python3.8/site-packages:/home/aiv/YongJun_ws/ros2_ws/install/yolov8_msgs/lib/python3.8/site-packages:/home/aiv/YongJun_ws/ros2_ws/install/vision_msgs/lib/python3.8/site-packages:/opt/ros/foxy/lib/python3.8/site-packages /usr/bin/cmake /home/aiv/YongJun_ws/ros2_ws/src/zed-ros2-examples/rviz-plugin-zed-od -DCMAKE_INSTALL_PREFIX=/home/aiv/YongJun_ws/ros2_ws/install/rviz_plugin_zed_od
[1.357s] Invoking command in '/home/aiv/YongJun_ws/ros2_ws/build/rviz_plugin_zed_od': CMAKE_PREFIX_PATH=/home/aiv/YongJun_ws/ros2_ws/install/zed_interfaces:/home/aiv/rrr/install/realsense2_description:/home/aiv/rrr/install/realsense2_camera:/home/aiv/rrr/install/realsense2_camera_msgs:/home/aiv/YongJun_ws/ros2_ws/install/zed_ros2:/home/aiv/YongJun_ws/ros2_ws/install/zed_robot_integration:/home/aiv/YongJun_ws/ros2_ws/install/zed_multi_camera:/home/aiv/YongJun_ws/ros2_ws/install/zed_display_rviz2:/home/aiv/YongJun_ws/ros2_ws/install/zed_depth_to_laserscan:/home/aiv/YongJun_ws/ros2_ws/install/zed_wrapper:/home/aiv/YongJun_ws/ros2_ws/install/zed_tutorial_video:/home/aiv/YongJun_ws/ros2_ws/install/zed_tutorial_pos_tracking:/home/aiv/YongJun_ws/ros2_ws/install/zed_tutorial_depth:/home/aiv/YongJun_ws/ros2_ws/install/zed_topic_benchmark:/home/aiv/YongJun_ws/ros2_ws/install/zed_topic_benchmark_component:/home/aiv/YongJun_ws/ros2_ws/install/zed_topic_benchmark_interfaces:/home/aiv/YongJun_ws/ros2_ws/install/zed_rgb_convert:/home/aiv/YongJun_ws/ros2_ws/install/zed_aruco_localization:/home/aiv/YongJun_ws/ros2_ws/install/zed_components:/home/aiv/YongJun_ws/ros2_ws/install/rviz_plugin_zed_od:/home/aiv/YongJun_ws/ros2_ws/install/yolov8_bringup:/home/aiv/YongJun_ws/ros2_ws/install/yolov8_msgs:/home/aiv/YongJun_ws/ros2_ws/install/vision_msgs:/home/aiv/YongJun_ws/ros2_ws/install/usb_cam:/home/aiv/YongJun_ws/ros2_ws/install/yolov8_ros:/opt/ros/foxy LD_LIBRARY_PATH=/home/aiv/YongJun_ws/ros2_ws/install/zed_interfaces/lib:/home/aiv/rrr/install/realsense2_camera/lib:/home/aiv/rrr/install/realsense2_camera_msgs/lib:/home/aiv/YongJun_ws/ros2_ws/install/zed_rgb_convert/lib:/home/aiv/YongJun_ws/ros2_ws/install/zed_components/lib:/home/aiv/YongJun_ws/ros2_ws/install/rviz_plugin_zed_od/lib:/home/aiv/YongJun_ws/ros2_ws/install/yolov8_msgs/lib:/home/aiv/YongJun_ws/ros2_ws/install/vision_msgs/lib:/home/aiv/YongJun_ws/ros2_ws/install/usb_cam/lib:/opt/ros/foxy/opt/yaml_cpp_vendor/lib:/opt/ros/foxy/opt/rviz_ogre_vendor/lib:/opt/ros/foxy/lib/x86_64-linux-gnu:/opt/ros/foxy/lib:/usr/local/cuda/lib64 PYTHONPATH=/home/aiv/YongJun_ws/ros2_ws/install/zed_interfaces/lib/python3.8/site-packages:/home/aiv/rrr/install/realsense2_camera_msgs/lib/python3.8/site-packages:/home/aiv/YongJun_ws/ros2_ws/build/yolov8_ros:/home/aiv/YongJun_ws/ros2_ws/install/yolov8_ros/lib/python3.8/site-packages:/home/aiv/YongJun_ws/ros2_ws/install/yolov8_msgs/lib/python3.8/site-packages:/home/aiv/YongJun_ws/ros2_ws/install/vision_msgs/lib/python3.8/site-packages:/opt/ros/foxy/lib/python3.8/site-packages /usr/bin/cmake --build /home/aiv/YongJun_ws/ros2_ws/build/rviz_plugin_zed_od -- -j32 -l32
[1.395s] [ 20%] [34m[1mAutomatic MOC and UIC for target rviz_plugin_zed_od[0m
[1.412s] [ 20%] Built target rviz_plugin_zed_od_autogen
[1.447s] [100%] Built target rviz_plugin_zed_od
[1.456s] Invoked command in '/home/aiv/YongJun_ws/ros2_ws/build/rviz_plugin_zed_od' returned '0': CMAKE_PREFIX_PATH=/home/aiv/YongJun_ws/ros2_ws/install/zed_interfaces:/home/aiv/rrr/install/realsense2_description:/home/aiv/rrr/install/realsense2_camera:/home/aiv/rrr/install/realsense2_camera_msgs:/home/aiv/YongJun_ws/ros2_ws/install/zed_ros2:/home/aiv/YongJun_ws/ros2_ws/install/zed_robot_integration:/home/aiv/YongJun_ws/ros2_ws/install/zed_multi_camera:/home/aiv/YongJun_ws/ros2_ws/install/zed_display_rviz2:/home/aiv/YongJun_ws/ros2_ws/install/zed_depth_to_laserscan:/home/aiv/YongJun_ws/ros2_ws/install/zed_wrapper:/home/aiv/YongJun_ws/ros2_ws/install/zed_tutorial_video:/home/aiv/YongJun_ws/ros2_ws/install/zed_tutorial_pos_tracking:/home/aiv/YongJun_ws/ros2_ws/install/zed_tutorial_depth:/home/aiv/YongJun_ws/ros2_ws/install/zed_topic_benchmark:/home/aiv/YongJun_ws/ros2_ws/install/zed_topic_benchmark_component:/home/aiv/YongJun_ws/ros2_ws/install/zed_topic_benchmark_interfaces:/home/aiv/YongJun_ws/ros2_ws/install/zed_rgb_convert:/home/aiv/YongJun_ws/ros2_ws/install/zed_aruco_localization:/home/aiv/YongJun_ws/ros2_ws/install/zed_components:/home/aiv/YongJun_ws/ros2_ws/install/rviz_plugin_zed_od:/home/aiv/YongJun_ws/ros2_ws/install/yolov8_bringup:/home/aiv/YongJun_ws/ros2_ws/install/yolov8_msgs:/home/aiv/YongJun_ws/ros2_ws/install/vision_msgs:/home/aiv/YongJun_ws/ros2_ws/install/usb_cam:/home/aiv/YongJun_ws/ros2_ws/install/yolov8_ros:/opt/ros/foxy LD_LIBRARY_PATH=/home/aiv/YongJun_ws/ros2_ws/install/zed_interfaces/lib:/home/aiv/rrr/install/realsense2_camera/lib:/home/aiv/rrr/install/realsense2_camera_msgs/lib:/home/aiv/YongJun_ws/ros2_ws/install/zed_rgb_convert/lib:/home/aiv/YongJun_ws/ros2_ws/install/zed_components/lib:/home/aiv/YongJun_ws/ros2_ws/install/rviz_plugin_zed_od/lib:/home/aiv/YongJun_ws/ros2_ws/install/yolov8_msgs/lib:/home/aiv/YongJun_ws/ros2_ws/install/vision_msgs/lib:/home/aiv/YongJun_ws/ros2_ws/install/usb_cam/lib:/opt/ros/foxy/opt/yaml_cpp_vendor/lib:/opt/ros/foxy/opt/rviz_ogre_vendor/lib:/opt/ros/foxy/lib/x86_64-linux-gnu:/opt/ros/foxy/lib:/usr/local/cuda/lib64 PYTHONPATH=/home/aiv/YongJun_ws/ros2_ws/install/zed_interfaces/lib/python3.8/site-packages:/home/aiv/rrr/install/realsense2_camera_msgs/lib/python3.8/site-packages:/home/aiv/YongJun_ws/ros2_ws/build/yolov8_ros:/home/aiv/YongJun_ws/ros2_ws/install/yolov8_ros/lib/python3.8/site-packages:/home/aiv/YongJun_ws/ros2_ws/install/yolov8_msgs/lib/python3.8/site-packages:/home/aiv/YongJun_ws/ros2_ws/install/vision_msgs/lib/python3.8/site-packages:/opt/ros/foxy/lib/python3.8/site-packages /usr/bin/cmake --build /home/aiv/YongJun_ws/ros2_ws/build/rviz_plugin_zed_od -- -j32 -l32
[1.483s] Invoking command in '/home/aiv/YongJun_ws/ros2_ws/build/rviz_plugin_zed_od': CMAKE_PREFIX_PATH=/home/aiv/YongJun_ws/ros2_ws/install/zed_interfaces:/home/aiv/rrr/install/realsense2_description:/home/aiv/rrr/install/realsense2_camera:/home/aiv/rrr/install/realsense2_camera_msgs:/home/aiv/YongJun_ws/ros2_ws/install/zed_ros2:/home/aiv/YongJun_ws/ros2_ws/install/zed_robot_integration:/home/aiv/YongJun_ws/ros2_ws/install/zed_multi_camera:/home/aiv/YongJun_ws/ros2_ws/install/zed_display_rviz2:/home/aiv/YongJun_ws/ros2_ws/install/zed_depth_to_laserscan:/home/aiv/YongJun_ws/ros2_ws/install/zed_wrapper:/home/aiv/YongJun_ws/ros2_ws/install/zed_tutorial_video:/home/aiv/YongJun_ws/ros2_ws/install/zed_tutorial_pos_tracking:/home/aiv/YongJun_ws/ros2_ws/install/zed_tutorial_depth:/home/aiv/YongJun_ws/ros2_ws/install/zed_topic_benchmark:/home/aiv/YongJun_ws/ros2_ws/install/zed_topic_benchmark_component:/home/aiv/YongJun_ws/ros2_ws/install/zed_topic_benchmark_interfaces:/home/aiv/YongJun_ws/ros2_ws/install/zed_rgb_convert:/home/aiv/YongJun_ws/ros2_ws/install/zed_aruco_localization:/home/aiv/YongJun_ws/ros2_ws/install/zed_components:/home/aiv/YongJun_ws/ros2_ws/install/rviz_plugin_zed_od:/home/aiv/YongJun_ws/ros2_ws/install/yolov8_bringup:/home/aiv/YongJun_ws/ros2_ws/install/yolov8_msgs:/home/aiv/YongJun_ws/ros2_ws/install/vision_msgs:/home/aiv/YongJun_ws/ros2_ws/install/usb_cam:/home/aiv/YongJun_ws/ros2_ws/install/yolov8_ros:/opt/ros/foxy LD_LIBRARY_PATH=/home/aiv/YongJun_ws/ros2_ws/install/zed_interfaces/lib:/home/aiv/rrr/install/realsense2_camera/lib:/home/aiv/rrr/install/realsense2_camera_msgs/lib:/home/aiv/YongJun_ws/ros2_ws/install/zed_rgb_convert/lib:/home/aiv/YongJun_ws/ros2_ws/install/zed_components/lib:/home/aiv/YongJun_ws/ros2_ws/install/rviz_plugin_zed_od/lib:/home/aiv/YongJun_ws/ros2_ws/install/yolov8_msgs/lib:/home/aiv/YongJun_ws/ros2_ws/install/vision_msgs/lib:/home/aiv/YongJun_ws/ros2_ws/install/usb_cam/lib:/opt/ros/foxy/opt/yaml_cpp_vendor/lib:/opt/ros/foxy/opt/rviz_ogre_vendor/lib:/opt/ros/foxy/lib/x86_64-linux-gnu:/opt/ros/foxy/lib:/usr/local/cuda/lib64 PYTHONPATH=/home/aiv/YongJun_ws/ros2_ws/install/zed_interfaces/lib/python3.8/site-packages:/home/aiv/rrr/install/realsense2_camera_msgs/lib/python3.8/site-packages:/home/aiv/YongJun_ws/ros2_ws/build/yolov8_ros:/home/aiv/YongJun_ws/ros2_ws/install/yolov8_ros/lib/python3.8/site-packages:/home/aiv/YongJun_ws/ros2_ws/install/yolov8_msgs/lib/python3.8/site-packages:/home/aiv/YongJun_ws/ros2_ws/install/vision_msgs/lib/python3.8/site-packages:/opt/ros/foxy/lib/python3.8/site-packages /usr/bin/cmake --install /home/aiv/YongJun_ws/ros2_ws/build/rviz_plugin_zed_od
[1.489s] -- Install configuration: ""
[1.489s] -- Execute custom install script
[1.489s] -- Up-to-date symlink: /home/aiv/YongJun_ws/ros2_ws/install/rviz_plugin_zed_od/share/rviz_plugin_zed_od//plugins_description.xml
[1.489s] -- Up-to-date symlink: /home/aiv/YongJun_ws/ros2_ws/install/rviz_plugin_zed_od/share/rviz_plugin_zed_od/environment/library_path.sh
[1.490s] -- Up-to-date symlink: /home/aiv/YongJun_ws/ros2_ws/install/rviz_plugin_zed_od/share/rviz_plugin_zed_od/environment/library_path.dsv
[1.490s] -- Up-to-date symlink: /home/aiv/YongJun_ws/ros2_ws/install/rviz_plugin_zed_od/include/rviz_plugin_zed_od//visibility_control.hpp
[1.490s] -- Up-to-date symlink: /home/aiv/YongJun_ws/ros2_ws/install/rviz_plugin_zed_od/include/rviz_plugin_zed_od//zed_body_parts.hpp
[1.490s] -- Up-to-date symlink: /home/aiv/YongJun_ws/ros2_ws/install/rviz_plugin_zed_od/include/rviz_plugin_zed_od//zed_od_display.hpp
[1.490s] -- Up-to-date symlink: /home/aiv/YongJun_ws/ros2_ws/install/rviz_plugin_zed_od/include/rviz_plugin_zed_od//zed_od_info.hpp
[1.491s] -- Up-to-date symlink: /home/aiv/YongJun_ws/ros2_ws/install/rviz_plugin_zed_od/share/rviz_plugin_zed_od/icons/ZedObjDet.png
[1.491s] -- Up-to-date symlink: /home/aiv/YongJun_ws/ros2_ws/install/rviz_plugin_zed_od/share/ament_index/resource_index/package_run_dependencies/rviz_plugin_zed_od
[1.491s] -- Up-to-date symlink: /home/aiv/YongJun_ws/ros2_ws/install/rviz_plugin_zed_od/share/ament_index/resource_index/parent_prefix_path/rviz_plugin_zed_od
[1.491s] -- Up-to-date symlink: /home/aiv/YongJun_ws/ros2_ws/install/rviz_plugin_zed_od/share/rviz_plugin_zed_od/environment/ament_prefix_path.sh
[1.491s] -- Up-to-date symlink: /home/aiv/YongJun_ws/ros2_ws/install/rviz_plugin_zed_od/share/rviz_plugin_zed_od/environment/ament_prefix_path.dsv
[1.492s] -- Up-to-date symlink: /home/aiv/YongJun_ws/ros2_ws/install/rviz_plugin_zed_od/share/rviz_plugin_zed_od/environment/path.sh
[1.492s] -- Up-to-date symlink: /home/aiv/YongJun_ws/ros2_ws/install/rviz_plugin_zed_od/share/rviz_plugin_zed_od/environment/path.dsv
[1.492s] -- Up-to-date symlink: /home/aiv/YongJun_ws/ros2_ws/install/rviz_plugin_zed_od/share/rviz_plugin_zed_od/local_setup.bash
[1.492s] -- Up-to-date symlink: /home/aiv/YongJun_ws/ros2_ws/install/rviz_plugin_zed_od/share/rviz_plugin_zed_od/local_setup.sh
[1.492s] -- Up-to-date symlink: /home/aiv/YongJun_ws/ros2_ws/install/rviz_plugin_zed_od/share/rviz_plugin_zed_od/local_setup.zsh
[1.492s] -- Up-to-date symlink: /home/aiv/YongJun_ws/ros2_ws/install/rviz_plugin_zed_od/share/rviz_plugin_zed_od/local_setup.dsv
[1.492s] -- Symlinking: /home/aiv/YongJun_ws/ros2_ws/install/rviz_plugin_zed_od/share/rviz_plugin_zed_od/package.dsv
[1.498s] -- Up-to-date symlink: /home/aiv/YongJun_ws/ros2_ws/install/rviz_plugin_zed_od/share/ament_index/resource_index/packages/rviz_plugin_zed_od
[1.498s] -- Up-to-date symlink: /home/aiv/YongJun_ws/ros2_ws/install/rviz_plugin_zed_od/share/ament_index/resource_index/rviz_common__pluginlib__plugin/rviz_plugin_zed_od
[1.499s] -- Up-to-date symlink: /home/aiv/YongJun_ws/ros2_ws/install/rviz_plugin_zed_od/share/rviz_plugin_zed_od/cmake/ament_cmake_export_include_directories-extras.cmake
[1.499s] -- Up-to-date symlink: /home/aiv/YongJun_ws/ros2_ws/install/rviz_plugin_zed_od/share/rviz_plugin_zed_od/cmake/ament_cmake_export_targets-extras.cmake
[1.499s] -- Up-to-date symlink: /home/aiv/YongJun_ws/ros2_ws/install/rviz_plugin_zed_od/share/rviz_plugin_zed_od/cmake/ament_cmake_export_dependencies-extras.cmake
[1.499s] -- Up-to-date symlink: /home/aiv/YongJun_ws/ros2_ws/install/rviz_plugin_zed_od/share/rviz_plugin_zed_od/cmake/rviz_plugin_zed_odConfig.cmake
[1.499s] -- Up-to-date symlink: /home/aiv/YongJun_ws/ros2_ws/install/rviz_plugin_zed_od/share/rviz_plugin_zed_od/cmake/rviz_plugin_zed_odConfig-version.cmake
[1.499s] -- Up-to-date symlink: /home/aiv/YongJun_ws/ros2_ws/install/rviz_plugin_zed_od/share/rviz_plugin_zed_od/package.xml
[1.500s] -- Up-to-date: /home/aiv/YongJun_ws/ros2_ws/install/rviz_plugin_zed_od/lib/librviz_plugin_zed_od.so
[1.500s] -- Up-to-date: /home/aiv/YongJun_ws/ros2_ws/install/rviz_plugin_zed_od/share/rviz_plugin_zed_od/cmake/rviz_plugin_zed_odExport.cmake
[1.500s] -- Installing: /home/aiv/YongJun_ws/ros2_ws/install/rviz_plugin_zed_od/share/rviz_plugin_zed_od/cmake/rviz_plugin_zed_odExport-noconfig.cmake
[1.502s] Invoked command in '/home/aiv/YongJun_ws/ros2_ws/build/rviz_plugin_zed_od' returned '0': CMAKE_PREFIX_PATH=/home/aiv/YongJun_ws/ros2_ws/install/zed_interfaces:/home/aiv/rrr/install/realsense2_description:/home/aiv/rrr/install/realsense2_camera:/home/aiv/rrr/install/realsense2_camera_msgs:/home/aiv/YongJun_ws/ros2_ws/install/zed_ros2:/home/aiv/YongJun_ws/ros2_ws/install/zed_robot_integration:/home/aiv/YongJun_ws/ros2_ws/install/zed_multi_camera:/home/aiv/YongJun_ws/ros2_ws/install/zed_display_rviz2:/home/aiv/YongJun_ws/ros2_ws/install/zed_depth_to_laserscan:/home/aiv/YongJun_ws/ros2_ws/install/zed_wrapper:/home/aiv/YongJun_ws/ros2_ws/install/zed_tutorial_video:/home/aiv/YongJun_ws/ros2_ws/install/zed_tutorial_pos_tracking:/home/aiv/YongJun_ws/ros2_ws/install/zed_tutorial_depth:/home/aiv/YongJun_ws/ros2_ws/install/zed_topic_benchmark:/home/aiv/YongJun_ws/ros2_ws/install/zed_topic_benchmark_component:/home/aiv/YongJun_ws/ros2_ws/install/zed_topic_benchmark_interfaces:/home/aiv/YongJun_ws/ros2_ws/install/zed_rgb_convert:/home/aiv/YongJun_ws/ros2_ws/install/zed_aruco_localization:/home/aiv/YongJun_ws/ros2_ws/install/zed_components:/home/aiv/YongJun_ws/ros2_ws/install/rviz_plugin_zed_od:/home/aiv/YongJun_ws/ros2_ws/install/yolov8_bringup:/home/aiv/YongJun_ws/ros2_ws/install/yolov8_msgs:/home/aiv/YongJun_ws/ros2_ws/install/vision_msgs:/home/aiv/YongJun_ws/ros2_ws/install/usb_cam:/home/aiv/YongJun_ws/ros2_ws/install/yolov8_ros:/opt/ros/foxy LD_LIBRARY_PATH=/home/aiv/YongJun_ws/ros2_ws/install/zed_interfaces/lib:/home/aiv/rrr/install/realsense2_camera/lib:/home/aiv/rrr/install/realsense2_camera_msgs/lib:/home/aiv/YongJun_ws/ros2_ws/install/zed_rgb_convert/lib:/home/aiv/YongJun_ws/ros2_ws/install/zed_components/lib:/home/aiv/YongJun_ws/ros2_ws/install/rviz_plugin_zed_od/lib:/home/aiv/YongJun_ws/ros2_ws/install/yolov8_msgs/lib:/home/aiv/YongJun_ws/ros2_ws/install/vision_msgs/lib:/home/aiv/YongJun_ws/ros2_ws/install/usb_cam/lib:/opt/ros/foxy/opt/yaml_cpp_vendor/lib:/opt/ros/foxy/opt/rviz_ogre_vendor/lib:/opt/ros/foxy/lib/x86_64-linux-gnu:/opt/ros/foxy/lib:/usr/local/cuda/lib64 PYTHONPATH=/home/aiv/YongJun_ws/ros2_ws/install/zed_interfaces/lib/python3.8/site-packages:/home/aiv/rrr/install/realsense2_camera_msgs/lib/python3.8/site-packages:/home/aiv/YongJun_ws/ros2_ws/build/yolov8_ros:/home/aiv/YongJun_ws/ros2_ws/install/yolov8_ros/lib/python3.8/site-packages:/home/aiv/YongJun_ws/ros2_ws/install/yolov8_msgs/lib/python3.8/site-packages:/home/aiv/YongJun_ws/ros2_ws/install/vision_msgs/lib/python3.8/site-packages:/opt/ros/foxy/lib/python3.8/site-packages /usr/bin/cmake --install /home/aiv/YongJun_ws/ros2_ws/build/rviz_plugin_zed_od
