[0.022s] Invoking command in '/home/aiv/YongJun_ws/matlab_ws/matlab/ros_msg/matlab_msg_gen/glnxa64/build/vision_msgs': PS1=(venv) VIRTUAL_ENV_PROMPT=(venv) /usr/local/MATLAB/R2024a/bin/glnxa64/cmake/bin/cmake /home/aiv/YongJun_ws/matlab_ws/matlab/ros_msg/matlab_msg_gen/glnxa64/src/vision_msgs -DCMAKE_BUILD_TYPE=Release -DCMAKE_SHARED_LINKER_FLAGS=-Wl,-no-as-needed -DBUILD_TESTING=OFF -DALIAS_ROS2_TF2=1 -DCMAKE_CXX_FLAGS_RELEASE=-O0 -G Ninja -DCMAKE_C_COMPILER=/usr/bin/gcc -DCMAKE_CXX_COMPILER=/usr/bin/g++ -DCMAKE_INSTALL_PREFIX=/home/aiv/YongJun_ws/matlab_ws/matlab/ros_msg/matlab_msg_gen/glnxa64/install
[0.078s] -- The C compiler identification is GNU 9.4.0
[0.144s] -- The CXX compiler identification is GNU 9.4.0
[0.153s] -- Detecting C compiler ABI info
[0.197s] -- Detecting C compiler ABI info - done
[0.206s] -- Check for working C compiler: /usr/bin/gcc - skipped
[0.207s] -- Detecting C compile features
[0.207s] -- Detecting C compile features - done
[0.211s] -- Detecting CXX compiler ABI info
[0.258s] -- Detecting CXX compiler ABI info - done
[0.265s] -- Check for working CXX compiler: /usr/bin/g++ - skipped
[0.265s] -- Detecting CXX compile features
[0.265s] -- Detecting CXX compile features - done
[0.272s] -- Found ament_cmake: 1.3.3 (/usr/local/MATLAB/R2024a/sys/ros2/glnxa64/ros2/share/ament_cmake/cmake)
[1.022s] -- Found Python3: /home/aiv/.matlab/R2024a/ros2/glnxa64/venv/bin/python3.10 (found version "3.10.14") found components: Interpreter 
[1.095s] -- Found ament_cmake_ros: 0.10.0 (/usr/local/MATLAB/R2024a/sys/ros2/glnxa64/ros2/share/ament_cmake_ros/cmake)
[1.102s] -- Found rosidl_typesupport_c: 2.0.0 (/usr/local/MATLAB/R2024a/sys/ros2/glnxa64/ros2/share/rosidl_typesupport_c/cmake)
[1.103s] -- Using all available rosidl_typesupport_c: rosidl_typesupport_fastrtps_c;rosidl_typesupport_introspection_c
[1.112s] -- Found rosidl_adapter: 3.1.4 (/usr/local/MATLAB/R2024a/sys/ros2/glnxa64/ros2/share/rosidl_adapter/cmake)
[1.155s] -- Found rosidl_typesupport_cpp: 2.0.0 (/usr/local/MATLAB/R2024a/sys/ros2/glnxa64/ros2/share/rosidl_typesupport_cpp/cmake)
[1.155s] -- Using all available rosidl_typesupport_cpp: rosidl_typesupport_fastrtps_cpp;rosidl_typesupport_introspection_cpp
[1.184s] -- Found rosidl_default_generators: 1.2.0 (/usr/local/MATLAB/R2024a/sys/ros2/glnxa64/ros2/share/rosidl_default_generators/cmake)
[1.187s] -- Found class_loader: 2.2.0 (/usr/local/MATLAB/R2024a/sys/ros2/glnxa64/ros2/share/class_loader/cmake)
[1.191s] -- Found geometry_msgs: 4.2.3 (/usr/local/MATLAB/R2024a/sys/ros2/glnxa64/ros2/share/geometry_msgs/cmake)
[1.288s] -- Found rclcpp: 16.0.5 (/usr/local/MATLAB/R2024a/sys/ros2/glnxa64/ros2/share/rclcpp/cmake)
[1.336s] -- Found rmw_implementation_cmake: 6.1.1 (/usr/local/MATLAB/R2024a/sys/ros2/glnxa64/ros2/share/rmw_implementation_cmake/cmake)
[1.338s] -- Found rmw_fastrtps_cpp: 6.2.2 (/usr/local/MATLAB/R2024a/sys/ros2/glnxa64/ros2/share/rmw_fastrtps_cpp/cmake)
[1.393s] -- Found FastRTPS: /usr/local/MATLAB/R2024a/sys/ros2/glnxa64/ros2/include  
[1.418s] -- Using RMW implementation 'rmw_fastrtps_cpp' as default
[1.425s] -- Performing Test CMAKE_HAVE_LIBC_PTHREAD
[1.471s] -- Performing Test CMAKE_HAVE_LIBC_PTHREAD - Failed
[1.471s] -- Looking for pthread_create in pthreads
[1.511s] -- Looking for pthread_create in pthreads - not found
[1.511s] -- Looking for pthread_create in pthread
[1.564s] -- Looking for pthread_create in pthread - found
[1.565s] -- Found Threads: TRUE  
[1.977s] -- Using all available rosidl_typesupport_c: rosidl_typesupport_fastrtps_c;rosidl_typesupport_introspection_c
[2.159s] -- Using all available rosidl_typesupport_cpp: rosidl_typesupport_fastrtps_cpp;rosidl_typesupport_introspection_cpp
[2.166s] -- Configuring done
[2.188s] -- Generating done
[2.194s] -- Build files have been written to: /home/aiv/YongJun_ws/matlab_ws/matlab/ros_msg/matlab_msg_gen/glnxa64/build/vision_msgs
[2.203s] Invoked command in '/home/aiv/YongJun_ws/matlab_ws/matlab/ros_msg/matlab_msg_gen/glnxa64/build/vision_msgs' returned '0': PS1=(venv) VIRTUAL_ENV_PROMPT=(venv) /usr/local/MATLAB/R2024a/bin/glnxa64/cmake/bin/cmake /home/aiv/YongJun_ws/matlab_ws/matlab/ros_msg/matlab_msg_gen/glnxa64/src/vision_msgs -DCMAKE_BUILD_TYPE=Release -DCMAKE_SHARED_LINKER_FLAGS=-Wl,-no-as-needed -DBUILD_TESTING=OFF -DALIAS_ROS2_TF2=1 -DCMAKE_CXX_FLAGS_RELEASE=-O0 -G Ninja -DCMAKE_C_COMPILER=/usr/bin/gcc -DCMAKE_CXX_COMPILER=/usr/bin/g++ -DCMAKE_INSTALL_PREFIX=/home/aiv/YongJun_ws/matlab_ws/matlab/ros_msg/matlab_msg_gen/glnxa64/install
[2.203s] Invoking command in '/home/aiv/YongJun_ws/matlab_ws/matlab/ros_msg/matlab_msg_gen/glnxa64/build/vision_msgs': PS1=(venv) VIRTUAL_ENV_PROMPT=(venv) /usr/local/MATLAB/R2024a/bin/glnxa64/cmake/bin/cmake --build /home/aiv/YongJun_ws/matlab_ws/matlab/ros_msg/matlab_msg_gen/glnxa64/build/vision_msgs -- -j32 -l32
[2.511s] [1/56] Generating C++ code for ROS interfaces
[2.524s] [2/56] Generating C code for ROS interfaces
[2.593s] [3/56] Building C object CMakeFiles/vision_msgs__rosidl_generator_c.dir/rosidl_generator_c/vision_msgs/msg/detail/object_hypothesis__functions.c.o
[2.593s] [4/56] Building C object CMakeFiles/vision_msgs__rosidl_generator_c.dir/rosidl_generator_c/vision_msgs/msg/detail/bounding_box3_d__functions.c.o
[2.593s] [5/56] Building C object CMakeFiles/vision_msgs__rosidl_generator_c.dir/rosidl_generator_c/vision_msgs/msg/detail/object_hypothesis_with_pose__functions.c.o
[2.595s] [6/56] Building C object CMakeFiles/vision_msgs__rosidl_generator_c.dir/rosidl_generator_c/vision_msgs/msg/detail/detection3_d_array__functions.c.o
[2.596s] [7/56] Building C object CMakeFiles/vision_msgs__rosidl_generator_c.dir/rosidl_generator_c/vision_msgs/msg/detail/detection3_d__functions.c.o
[2.610s] [8/56] Linking C shared library libvision_msgs__rosidl_generator_c.so
[2.781s] [9/56] Generating C++ type support dispatch for ROS interfaces
[2.813s] [10/56] Generating C++ introspection for ROS interfaces
[2.839s] [11/56] Generating C++ type support for eProsima Fast-RTPS
[2.893s] [12/56] Generating C type support dispatch for ROS interfaces
[2.918s] [13/56] Building CXX object CMakeFiles/vision_msgs__rosidl_typesupport_c.dir/rosidl_typesupport_c/vision_msgs/msg/object_hypothesis_with_pose__type_support.cpp.o
[2.921s] [14/56] Building CXX object CMakeFiles/vision_msgs__rosidl_typesupport_c.dir/rosidl_typesupport_c/vision_msgs/msg/detection3_d_array__type_support.cpp.o
[2.927s] [15/56] Building CXX object CMakeFiles/vision_msgs__rosidl_typesupport_c.dir/rosidl_typesupport_c/vision_msgs/msg/object_hypothesis__type_support.cpp.o
[2.929s] [16/56] Building CXX object CMakeFiles/vision_msgs__rosidl_typesupport_c.dir/rosidl_typesupport_c/vision_msgs/msg/bounding_box3_d__type_support.cpp.o
[2.930s] [17/56] Building CXX object CMakeFiles/vision_msgs__rosidl_typesupport_c.dir/rosidl_typesupport_c/vision_msgs/msg/detection3_d__type_support.cpp.o
[2.955s] [18/56] Generating C introspection for ROS interfaces
[2.969s] [19/56] Generating C type support for eProsima Fast-RTPS
[3.004s] [20/56] Building C object CMakeFiles/vision_msgs__rosidl_typesupport_introspection_c.dir/rosidl_typesupport_introspection_c/vision_msgs/msg/detail/object_hypothesis__type_support.c.o
[3.006s] [21/56] Building C object CMakeFiles/vision_msgs__rosidl_typesupport_introspection_c.dir/rosidl_typesupport_introspection_c/vision_msgs/msg/detail/bounding_box3_d__type_support.c.o
[3.006s] [22/56] Building C object CMakeFiles/vision_msgs__rosidl_typesupport_introspection_c.dir/rosidl_typesupport_introspection_c/vision_msgs/msg/detail/object_hypothesis_with_pose__type_support.c.o
[3.006s] [23/56] Linking CXX shared library libvision_msgs__rosidl_typesupport_c.so
[3.014s] [24/56] Building C object CMakeFiles/vision_msgs__rosidl_typesupport_introspection_c.dir/rosidl_typesupport_introspection_c/vision_msgs/msg/detail/detection3_d__type_support.c.o
[3.019s] [25/56] Building C object CMakeFiles/vision_msgs__rosidl_typesupport_introspection_c.dir/rosidl_typesupport_introspection_c/vision_msgs/msg/detail/detection3_d_array__type_support.c.o
[3.049s] [26/56] Linking C shared library libvision_msgs__rosidl_typesupport_introspection_c.so
[3.090s] [27/56] Building CXX object CMakeFiles/vision_msgs__rosidl_typesupport_cpp.dir/rosidl_typesupport_cpp/vision_msgs/msg/bounding_box3_d__type_support.cpp.o
[3.195s] [28/56] Building CXX object CMakeFiles/vision_msgs__rosidl_typesupport_cpp.dir/rosidl_typesupport_cpp/vision_msgs/msg/object_hypothesis__type_support.cpp.o
[3.196s] [29/56] Building CXX object CMakeFiles/vision_msgs__rosidl_typesupport_introspection_cpp.dir/rosidl_typesupport_introspection_cpp/vision_msgs/msg/detail/bounding_box3_d__type_support.cpp.o
[3.198s] [30/56] Building CXX object CMakeFiles/vision_msgs__rosidl_typesupport_cpp.dir/rosidl_typesupport_cpp/vision_msgs/msg/object_hypothesis_with_pose__type_support.cpp.o
[3.205s] [31/56] Building CXX object CMakeFiles/vision_msgs__rosidl_typesupport_cpp.dir/rosidl_typesupport_cpp/vision_msgs/msg/detection3_d__type_support.cpp.o
[3.210s] [32/56] Building CXX object CMakeFiles/vision_msgs__rosidl_typesupport_introspection_cpp.dir/rosidl_typesupport_introspection_cpp/vision_msgs/msg/detail/object_hypothesis_with_pose__type_support.cpp.o
[3.216s] [33/56] Building CXX object CMakeFiles/vision_msgs__rosidl_typesupport_cpp.dir/rosidl_typesupport_cpp/vision_msgs/msg/detection3_d_array__type_support.cpp.o
[3.225s] [34/56] Building CXX object CMakeFiles/vision_msgs__rosidl_typesupport_fastrtps_cpp.dir/rosidl_typesupport_fastrtps_cpp/vision_msgs/msg/detail/dds_fastrtps/bounding_box3_d__type_support.cpp.o
[3.265s] [35/56] Linking CXX shared library libvision_msgs__rosidl_typesupport_cpp.so
[3.288s] [36/56] Building CXX object CMakeFiles/vision_msgs__rosidl_typesupport_fastrtps_c.dir/rosidl_typesupport_fastrtps_c/vision_msgs/msg/detail/bounding_box3_d__type_support_c.cpp.o
[3.295s] [37/56] Building CXX object CMakeFiles/vision_msgs__rosidl_typesupport_introspection_cpp.dir/rosidl_typesupport_introspection_cpp/vision_msgs/msg/detail/detection3_d__type_support.cpp.o
[3.313s] [38/56] Building CXX object CMakeFiles/vision_msgs__rosidl_typesupport_fastrtps_c.dir/rosidl_typesupport_fastrtps_c/vision_msgs/msg/detail/detection3_d_array__type_support_c.cpp.o
[3.317s] [39/56] Building CXX object CMakeFiles/vision_msgs__rosidl_typesupport_introspection_cpp.dir/rosidl_typesupport_introspection_cpp/vision_msgs/msg/detail/detection3_d_array__type_support.cpp.o
[3.334s] [40/56] Building CXX object CMakeFiles/vision_msgs__rosidl_typesupport_fastrtps_c.dir/rosidl_typesupport_fastrtps_c/vision_msgs/msg/detail/object_hypothesis__type_support_c.cpp.o
[3.357s] [41/56] Building CXX object CMakeFiles/vision_msgs__rosidl_typesupport_fastrtps_cpp.dir/rosidl_typesupport_fastrtps_cpp/vision_msgs/msg/detail/dds_fastrtps/object_hypothesis_with_pose__type_support.cpp.o
[3.366s] [42/56] Building CXX object CMakeFiles/vision_msgs__rosidl_typesupport_fastrtps_c.dir/rosidl_typesupport_fastrtps_c/vision_msgs/msg/detail/detection3_d__type_support_c.cpp.o
[3.374s] [43/56] Building CXX object CMakeFiles/vision_msgs__rosidl_typesupport_introspection_cpp.dir/rosidl_typesupport_introspection_cpp/vision_msgs/msg/detail/object_hypothesis__type_support.cpp.o
[3.383s] [44/56] Building CXX object CMakeFiles/vision_msgs__rosidl_typesupport_fastrtps_cpp.dir/rosidl_typesupport_fastrtps_cpp/vision_msgs/msg/detail/dds_fastrtps/object_hypothesis__type_support.cpp.o
[3.420s] [45/56] Building CXX object CMakeFiles/vision_msgs__rosidl_typesupport_fastrtps_c.dir/rosidl_typesupport_fastrtps_c/vision_msgs/msg/detail/object_hypothesis_with_pose__type_support_c.cpp.o
[3.423s] [46/56] Linking CXX shared library libvision_msgs__rosidl_typesupport_introspection_cpp.so
[3.453s] [47/56] Building CXX object CMakeFiles/vision_msgs__rosidl_typesupport_fastrtps_cpp.dir/rosidl_typesupport_fastrtps_cpp/vision_msgs/msg/detail/dds_fastrtps/detection3_d_array__type_support.cpp.o
[3.454s] [48/56] Building CXX object CMakeFiles/vision_msgs__rosidl_typesupport_fastrtps_cpp.dir/rosidl_typesupport_fastrtps_cpp/vision_msgs/msg/detail/dds_fastrtps/detection3_d__type_support.cpp.o
[3.465s] [49/56] Linking CXX shared library libvision_msgs__rosidl_typesupport_fastrtps_c.so
[3.499s] [50/56] Linking CXX shared library libvision_msgs__rosidl_typesupport_fastrtps_cpp.so
[9.674s] [51/56] Building CXX object CMakeFiles/vision_msgs_matlab.dir/src/vision_msgs_ObjectHypothesis_message.cpp.o
[9.680s] [52/56] Building CXX object CMakeFiles/vision_msgs_matlab.dir/src/vision_msgs_BoundingBox3D_message.cpp.o
[9.778s] [53/56] Building CXX object CMakeFiles/vision_msgs_matlab.dir/src/vision_msgs_ObjectHypothesisWithPose_message.cpp.o
[9.819s] [54/56] Building CXX object CMakeFiles/vision_msgs_matlab.dir/src/vision_msgs_Detection3DArray_message.cpp.o
[9.877s] [55/56] Building CXX object CMakeFiles/vision_msgs_matlab.dir/src/vision_msgs_Detection3D_message.cpp.o
[10.731s] [56/56] Linking CXX shared library libvision_msgs_matlab.so
[10.733s] Invoked command in '/home/aiv/YongJun_ws/matlab_ws/matlab/ros_msg/matlab_msg_gen/glnxa64/build/vision_msgs' returned '0': PS1=(venv) VIRTUAL_ENV_PROMPT=(venv) /usr/local/MATLAB/R2024a/bin/glnxa64/cmake/bin/cmake --build /home/aiv/YongJun_ws/matlab_ws/matlab/ros_msg/matlab_msg_gen/glnxa64/build/vision_msgs -- -j32 -l32
[10.744s] Invoking command in '/home/aiv/YongJun_ws/matlab_ws/matlab/ros_msg/matlab_msg_gen/glnxa64/build/vision_msgs': PS1=(venv) VIRTUAL_ENV_PROMPT=(venv) /usr/local/MATLAB/R2024a/bin/glnxa64/cmake/bin/cmake --install /home/aiv/YongJun_ws/matlab_ws/matlab/ros_msg/matlab_msg_gen/glnxa64/build/vision_msgs
[10.746s] -- Install configuration: "Release"
[10.746s] -- Installing: /home/aiv/YongJun_ws/matlab_ws/matlab/ros_msg/matlab_msg_gen/glnxa64/install/share/ament_index/resource_index/rosidl_interfaces/vision_msgs
[10.746s] -- Installing: /home/aiv/YongJun_ws/matlab_ws/matlab/ros_msg/matlab_msg_gen/glnxa64/install/include/vision_msgs/vision_msgs
[10.746s] -- Installing: /home/aiv/YongJun_ws/matlab_ws/matlab/ros_msg/matlab_msg_gen/glnxa64/install/include/vision_msgs/vision_msgs/msg
[10.746s] -- Installing: /home/aiv/YongJun_ws/matlab_ws/matlab/ros_msg/matlab_msg_gen/glnxa64/install/include/vision_msgs/vision_msgs/msg/detection3_d.h
[10.746s] -- Installing: /home/aiv/YongJun_ws/matlab_ws/matlab/ros_msg/matlab_msg_gen/glnxa64/install/include/vision_msgs/vision_msgs/msg/object_hypothesis.h
[10.747s] -- Installing: /home/aiv/YongJun_ws/matlab_ws/matlab/ros_msg/matlab_msg_gen/glnxa64/install/include/vision_msgs/vision_msgs/msg/rosidl_generator_c__visibility_control.h
[10.747s] -- Installing: /home/aiv/YongJun_ws/matlab_ws/matlab/ros_msg/matlab_msg_gen/glnxa64/install/include/vision_msgs/vision_msgs/msg/object_hypothesis_with_pose.h
[10.747s] -- Installing: /home/aiv/YongJun_ws/matlab_ws/matlab/ros_msg/matlab_msg_gen/glnxa64/install/include/vision_msgs/vision_msgs/msg/detail
[10.747s] -- Installing: /home/aiv/YongJun_ws/matlab_ws/matlab/ros_msg/matlab_msg_gen/glnxa64/install/include/vision_msgs/vision_msgs/msg/detail/object_hypothesis_with_pose__type_support.h
[10.747s] -- Installing: /home/aiv/YongJun_ws/matlab_ws/matlab/ros_msg/matlab_msg_gen/glnxa64/install/include/vision_msgs/vision_msgs/msg/detail/detection3_d_array__functions.c
[10.747s] -- Installing: /home/aiv/YongJun_ws/matlab_ws/matlab/ros_msg/matlab_msg_gen/glnxa64/install/include/vision_msgs/vision_msgs/msg/detail/object_hypothesis__functions.h
[10.747s] -- Installing: /home/aiv/YongJun_ws/matlab_ws/matlab/ros_msg/matlab_msg_gen/glnxa64/install/include/vision_msgs/vision_msgs/msg/detail/object_hypothesis__functions.c
[10.747s] -- Installing: /home/aiv/YongJun_ws/matlab_ws/matlab/ros_msg/matlab_msg_gen/glnxa64/install/include/vision_msgs/vision_msgs/msg/detail/bounding_box3_d__struct.h
[10.748s] -- Installing: /home/aiv/YongJun_ws/matlab_ws/matlab/ros_msg/matlab_msg_gen/glnxa64/install/include/vision_msgs/vision_msgs/msg/detail/bounding_box3_d__functions.c
[10.748s] -- Installing: /home/aiv/YongJun_ws/matlab_ws/matlab/ros_msg/matlab_msg_gen/glnxa64/install/include/vision_msgs/vision_msgs/msg/detail/detection3_d__struct.h
[10.748s] -- Installing: /home/aiv/YongJun_ws/matlab_ws/matlab/ros_msg/matlab_msg_gen/glnxa64/install/include/vision_msgs/vision_msgs/msg/detail/object_hypothesis_with_pose__struct.h
[10.748s] -- Installing: /home/aiv/YongJun_ws/matlab_ws/matlab/ros_msg/matlab_msg_gen/glnxa64/install/include/vision_msgs/vision_msgs/msg/detail/detection3_d__functions.c
[10.748s] -- Installing: /home/aiv/YongJun_ws/matlab_ws/matlab/ros_msg/matlab_msg_gen/glnxa64/install/include/vision_msgs/vision_msgs/msg/detail/detection3_d__functions.h
[10.748s] -- Installing: /home/aiv/YongJun_ws/matlab_ws/matlab/ros_msg/matlab_msg_gen/glnxa64/install/include/vision_msgs/vision_msgs/msg/detail/object_hypothesis__type_support.h
[10.748s] -- Installing: /home/aiv/YongJun_ws/matlab_ws/matlab/ros_msg/matlab_msg_gen/glnxa64/install/include/vision_msgs/vision_msgs/msg/detail/bounding_box3_d__type_support.h
[10.748s] -- Installing: /home/aiv/YongJun_ws/matlab_ws/matlab/ros_msg/matlab_msg_gen/glnxa64/install/include/vision_msgs/vision_msgs/msg/detail/object_hypothesis_with_pose__functions.c
[10.748s] -- Installing: /home/aiv/YongJun_ws/matlab_ws/matlab/ros_msg/matlab_msg_gen/glnxa64/install/include/vision_msgs/vision_msgs/msg/detail/detection3_d_array__struct.h
[10.748s] -- Installing: /home/aiv/YongJun_ws/matlab_ws/matlab/ros_msg/matlab_msg_gen/glnxa64/install/include/vision_msgs/vision_msgs/msg/detail/object_hypothesis_with_pose__functions.h
[10.748s] -- Installing: /home/aiv/YongJun_ws/matlab_ws/matlab/ros_msg/matlab_msg_gen/glnxa64/install/include/vision_msgs/vision_msgs/msg/detail/detection3_d_array__type_support.h
[10.748s] -- Installing: /home/aiv/YongJun_ws/matlab_ws/matlab/ros_msg/matlab_msg_gen/glnxa64/install/include/vision_msgs/vision_msgs/msg/detail/object_hypothesis__struct.h
[10.748s] -- Installing: /home/aiv/YongJun_ws/matlab_ws/matlab/ros_msg/matlab_msg_gen/glnxa64/install/include/vision_msgs/vision_msgs/msg/detail/detection3_d__type_support.h
[10.748s] -- Installing: /home/aiv/YongJun_ws/matlab_ws/matlab/ros_msg/matlab_msg_gen/glnxa64/install/include/vision_msgs/vision_msgs/msg/detail/bounding_box3_d__functions.h
[10.748s] -- Installing: /home/aiv/YongJun_ws/matlab_ws/matlab/ros_msg/matlab_msg_gen/glnxa64/install/include/vision_msgs/vision_msgs/msg/detail/detection3_d_array__functions.h
[10.748s] -- Installing: /home/aiv/YongJun_ws/matlab_ws/matlab/ros_msg/matlab_msg_gen/glnxa64/install/include/vision_msgs/vision_msgs/msg/bounding_box3_d.h
[10.748s] -- Installing: /home/aiv/YongJun_ws/matlab_ws/matlab/ros_msg/matlab_msg_gen/glnxa64/install/include/vision_msgs/vision_msgs/msg/detection3_d_array.h
[10.748s] -- Installing: /home/aiv/YongJun_ws/matlab_ws/matlab/ros_msg/matlab_msg_gen/glnxa64/install/share/vision_msgs/environment/library_path.sh
[10.748s] -- Installing: /home/aiv/YongJun_ws/matlab_ws/matlab/ros_msg/matlab_msg_gen/glnxa64/install/share/vision_msgs/environment/library_path.dsv
[10.748s] -- Installing: /home/aiv/YongJun_ws/matlab_ws/matlab/ros_msg/matlab_msg_gen/glnxa64/install/lib/libvision_msgs__rosidl_generator_c.so
[10.748s] -- Up-to-date: /home/aiv/YongJun_ws/matlab_ws/matlab/ros_msg/matlab_msg_gen/glnxa64/install/include/vision_msgs/vision_msgs
[10.748s] -- Up-to-date: /home/aiv/YongJun_ws/matlab_ws/matlab/ros_msg/matlab_msg_gen/glnxa64/install/include/vision_msgs/vision_msgs/msg
[10.748s] -- Installing: /home/aiv/YongJun_ws/matlab_ws/matlab/ros_msg/matlab_msg_gen/glnxa64/install/include/vision_msgs/vision_msgs/msg/rosidl_typesupport_fastrtps_c__visibility_control.h
[10.748s] -- Up-to-date: /home/aiv/YongJun_ws/matlab_ws/matlab/ros_msg/matlab_msg_gen/glnxa64/install/include/vision_msgs/vision_msgs/msg/detail
[10.748s] -- Installing: /home/aiv/YongJun_ws/matlab_ws/matlab/ros_msg/matlab_msg_gen/glnxa64/install/include/vision_msgs/vision_msgs/msg/detail/detection3_d_array__rosidl_typesupport_fastrtps_c.h
[10.748s] -- Installing: /home/aiv/YongJun_ws/matlab_ws/matlab/ros_msg/matlab_msg_gen/glnxa64/install/include/vision_msgs/vision_msgs/msg/detail/detection3_d__rosidl_typesupport_fastrtps_c.h
[10.749s] -- Installing: /home/aiv/YongJun_ws/matlab_ws/matlab/ros_msg/matlab_msg_gen/glnxa64/install/include/vision_msgs/vision_msgs/msg/detail/bounding_box3_d__rosidl_typesupport_fastrtps_c.h
[10.749s] -- Installing: /home/aiv/YongJun_ws/matlab_ws/matlab/ros_msg/matlab_msg_gen/glnxa64/install/include/vision_msgs/vision_msgs/msg/detail/object_hypothesis_with_pose__rosidl_typesupport_fastrtps_c.h
[10.749s] -- Installing: /home/aiv/YongJun_ws/matlab_ws/matlab/ros_msg/matlab_msg_gen/glnxa64/install/include/vision_msgs/vision_msgs/msg/detail/object_hypothesis__rosidl_typesupport_fastrtps_c.h
[10.749s] -- Installing: /home/aiv/YongJun_ws/matlab_ws/matlab/ros_msg/matlab_msg_gen/glnxa64/install/lib/libvision_msgs__rosidl_typesupport_fastrtps_c.so
[10.749s] -- Up-to-date: /home/aiv/YongJun_ws/matlab_ws/matlab/ros_msg/matlab_msg_gen/glnxa64/install/include/vision_msgs/vision_msgs
[10.749s] -- Up-to-date: /home/aiv/YongJun_ws/matlab_ws/matlab/ros_msg/matlab_msg_gen/glnxa64/install/include/vision_msgs/vision_msgs/msg
[10.749s] -- Installing: /home/aiv/YongJun_ws/matlab_ws/matlab/ros_msg/matlab_msg_gen/glnxa64/install/include/vision_msgs/vision_msgs/msg/rosidl_typesupport_introspection_c__visibility_control.h
[10.749s] -- Up-to-date: /home/aiv/YongJun_ws/matlab_ws/matlab/ros_msg/matlab_msg_gen/glnxa64/install/include/vision_msgs/vision_msgs/msg/detail
[10.749s] -- Installing: /home/aiv/YongJun_ws/matlab_ws/matlab/ros_msg/matlab_msg_gen/glnxa64/install/include/vision_msgs/vision_msgs/msg/detail/object_hypothesis__type_support.c
[10.749s] -- Installing: /home/aiv/YongJun_ws/matlab_ws/matlab/ros_msg/matlab_msg_gen/glnxa64/install/include/vision_msgs/vision_msgs/msg/detail/detection3_d__type_support.c
[10.749s] -- Installing: /home/aiv/YongJun_ws/matlab_ws/matlab/ros_msg/matlab_msg_gen/glnxa64/install/include/vision_msgs/vision_msgs/msg/detail/detection3_d__rosidl_typesupport_introspection_c.h
[10.749s] -- Installing: /home/aiv/YongJun_ws/matlab_ws/matlab/ros_msg/matlab_msg_gen/glnxa64/install/include/vision_msgs/vision_msgs/msg/detail/object_hypothesis_with_pose__type_support.c
[10.749s] -- Installing: /home/aiv/YongJun_ws/matlab_ws/matlab/ros_msg/matlab_msg_gen/glnxa64/install/include/vision_msgs/vision_msgs/msg/detail/object_hypothesis__rosidl_typesupport_introspection_c.h
[10.749s] -- Installing: /home/aiv/YongJun_ws/matlab_ws/matlab/ros_msg/matlab_msg_gen/glnxa64/install/include/vision_msgs/vision_msgs/msg/detail/bounding_box3_d__type_support.c
[10.749s] -- Installing: /home/aiv/YongJun_ws/matlab_ws/matlab/ros_msg/matlab_msg_gen/glnxa64/install/include/vision_msgs/vision_msgs/msg/detail/object_hypothesis_with_pose__rosidl_typesupport_introspection_c.h
[10.749s] -- Installing: /home/aiv/YongJun_ws/matlab_ws/matlab/ros_msg/matlab_msg_gen/glnxa64/install/include/vision_msgs/vision_msgs/msg/detail/detection3_d_array__rosidl_typesupport_introspection_c.h
[10.749s] -- Installing: /home/aiv/YongJun_ws/matlab_ws/matlab/ros_msg/matlab_msg_gen/glnxa64/install/include/vision_msgs/vision_msgs/msg/detail/detection3_d_array__type_support.c
[10.749s] -- Installing: /home/aiv/YongJun_ws/matlab_ws/matlab/ros_msg/matlab_msg_gen/glnxa64/install/include/vision_msgs/vision_msgs/msg/detail/bounding_box3_d__rosidl_typesupport_introspection_c.h
[10.749s] -- Installing: /home/aiv/YongJun_ws/matlab_ws/matlab/ros_msg/matlab_msg_gen/glnxa64/install/lib/libvision_msgs__rosidl_typesupport_introspection_c.so
[10.749s] -- Installing: /home/aiv/YongJun_ws/matlab_ws/matlab/ros_msg/matlab_msg_gen/glnxa64/install/lib/libvision_msgs__rosidl_typesupport_c.so
[10.749s] -- Up-to-date: /home/aiv/YongJun_ws/matlab_ws/matlab/ros_msg/matlab_msg_gen/glnxa64/install/include/vision_msgs/vision_msgs
[10.749s] -- Up-to-date: /home/aiv/YongJun_ws/matlab_ws/matlab/ros_msg/matlab_msg_gen/glnxa64/install/include/vision_msgs/vision_msgs/msg
[10.749s] -- Installing: /home/aiv/YongJun_ws/matlab_ws/matlab/ros_msg/matlab_msg_gen/glnxa64/install/include/vision_msgs/vision_msgs/msg/object_hypothesis.hpp
[10.749s] -- Installing: /home/aiv/YongJun_ws/matlab_ws/matlab/ros_msg/matlab_msg_gen/glnxa64/install/include/vision_msgs/vision_msgs/msg/detection3_d_array.hpp
[10.749s] -- Installing: /home/aiv/YongJun_ws/matlab_ws/matlab/ros_msg/matlab_msg_gen/glnxa64/install/include/vision_msgs/vision_msgs/msg/detection3_d.hpp
[10.749s] -- Installing: /home/aiv/YongJun_ws/matlab_ws/matlab/ros_msg/matlab_msg_gen/glnxa64/install/include/vision_msgs/vision_msgs/msg/object_hypothesis_with_pose.hpp
[10.749s] -- Up-to-date: /home/aiv/YongJun_ws/matlab_ws/matlab/ros_msg/matlab_msg_gen/glnxa64/install/include/vision_msgs/vision_msgs/msg/detail
[10.749s] -- Installing: /home/aiv/YongJun_ws/matlab_ws/matlab/ros_msg/matlab_msg_gen/glnxa64/install/include/vision_msgs/vision_msgs/msg/detail/bounding_box3_d__builder.hpp
[10.749s] -- Installing: /home/aiv/YongJun_ws/matlab_ws/matlab/ros_msg/matlab_msg_gen/glnxa64/install/include/vision_msgs/vision_msgs/msg/detail/detection3_d_array__traits.hpp
[10.749s] -- Installing: /home/aiv/YongJun_ws/matlab_ws/matlab/ros_msg/matlab_msg_gen/glnxa64/install/include/vision_msgs/vision_msgs/msg/detail/detection3_d__traits.hpp
[10.749s] -- Installing: /home/aiv/YongJun_ws/matlab_ws/matlab/ros_msg/matlab_msg_gen/glnxa64/install/include/vision_msgs/vision_msgs/msg/detail/object_hypothesis__traits.hpp
[10.749s] -- Installing: /home/aiv/YongJun_ws/matlab_ws/matlab/ros_msg/matlab_msg_gen/glnxa64/install/include/vision_msgs/vision_msgs/msg/detail/object_hypothesis__builder.hpp
[10.749s] -- Installing: /home/aiv/YongJun_ws/matlab_ws/matlab/ros_msg/matlab_msg_gen/glnxa64/install/include/vision_msgs/vision_msgs/msg/detail/object_hypothesis__struct.hpp
[10.749s] -- Installing: /home/aiv/YongJun_ws/matlab_ws/matlab/ros_msg/matlab_msg_gen/glnxa64/install/include/vision_msgs/vision_msgs/msg/detail/detection3_d__struct.hpp
[10.749s] -- Installing: /home/aiv/YongJun_ws/matlab_ws/matlab/ros_msg/matlab_msg_gen/glnxa64/install/include/vision_msgs/vision_msgs/msg/detail/object_hypothesis_with_pose__struct.hpp
[10.750s] -- Installing: /home/aiv/YongJun_ws/matlab_ws/matlab/ros_msg/matlab_msg_gen/glnxa64/install/include/vision_msgs/vision_msgs/msg/detail/bounding_box3_d__traits.hpp
[10.750s] -- Installing: /home/aiv/YongJun_ws/matlab_ws/matlab/ros_msg/matlab_msg_gen/glnxa64/install/include/vision_msgs/vision_msgs/msg/detail/detection3_d__builder.hpp
[10.750s] -- Installing: /home/aiv/YongJun_ws/matlab_ws/matlab/ros_msg/matlab_msg_gen/glnxa64/install/include/vision_msgs/vision_msgs/msg/detail/bounding_box3_d__struct.hpp
[10.750s] -- Installing: /home/aiv/YongJun_ws/matlab_ws/matlab/ros_msg/matlab_msg_gen/glnxa64/install/include/vision_msgs/vision_msgs/msg/detail/detection3_d_array__builder.hpp
[10.750s] -- Installing: /home/aiv/YongJun_ws/matlab_ws/matlab/ros_msg/matlab_msg_gen/glnxa64/install/include/vision_msgs/vision_msgs/msg/detail/object_hypothesis_with_pose__traits.hpp
[10.757s] -- Installing: /home/aiv/YongJun_ws/matlab_ws/matlab/ros_msg/matlab_msg_gen/glnxa64/install/include/vision_msgs/vision_msgs/msg/detail/object_hypothesis_with_pose__builder.hpp
[10.757s] -- Installing: /home/aiv/YongJun_ws/matlab_ws/matlab/ros_msg/matlab_msg_gen/glnxa64/install/include/vision_msgs/vision_msgs/msg/detail/detection3_d_array__struct.hpp
[10.757s] -- Installing: /home/aiv/YongJun_ws/matlab_ws/matlab/ros_msg/matlab_msg_gen/glnxa64/install/include/vision_msgs/vision_msgs/msg/bounding_box3_d.hpp
[10.757s] -- Up-to-date: /home/aiv/YongJun_ws/matlab_ws/matlab/ros_msg/matlab_msg_gen/glnxa64/install/include/vision_msgs/vision_msgs
[10.757s] -- Up-to-date: /home/aiv/YongJun_ws/matlab_ws/matlab/ros_msg/matlab_msg_gen/glnxa64/install/include/vision_msgs/vision_msgs/msg
[10.757s] -- Installing: /home/aiv/YongJun_ws/matlab_ws/matlab/ros_msg/matlab_msg_gen/glnxa64/install/include/vision_msgs/vision_msgs/msg/rosidl_typesupport_fastrtps_cpp__visibility_control.h
[10.757s] -- Up-to-date: /home/aiv/YongJun_ws/matlab_ws/matlab/ros_msg/matlab_msg_gen/glnxa64/install/include/vision_msgs/vision_msgs/msg/detail
[10.757s] -- Installing: /home/aiv/YongJun_ws/matlab_ws/matlab/ros_msg/matlab_msg_gen/glnxa64/install/include/vision_msgs/vision_msgs/msg/detail/bounding_box3_d__rosidl_typesupport_fastrtps_cpp.hpp
[10.758s] -- Installing: /home/aiv/YongJun_ws/matlab_ws/matlab/ros_msg/matlab_msg_gen/glnxa64/install/include/vision_msgs/vision_msgs/msg/detail/dds_fastrtps
[10.758s] -- Installing: /home/aiv/YongJun_ws/matlab_ws/matlab/ros_msg/matlab_msg_gen/glnxa64/install/include/vision_msgs/vision_msgs/msg/detail/detection3_d_array__rosidl_typesupport_fastrtps_cpp.hpp
[10.758s] -- Installing: /home/aiv/YongJun_ws/matlab_ws/matlab/ros_msg/matlab_msg_gen/glnxa64/install/include/vision_msgs/vision_msgs/msg/detail/object_hypothesis_with_pose__rosidl_typesupport_fastrtps_cpp.hpp
[10.758s] -- Installing: /home/aiv/YongJun_ws/matlab_ws/matlab/ros_msg/matlab_msg_gen/glnxa64/install/include/vision_msgs/vision_msgs/msg/detail/object_hypothesis__rosidl_typesupport_fastrtps_cpp.hpp
[10.758s] -- Installing: /home/aiv/YongJun_ws/matlab_ws/matlab/ros_msg/matlab_msg_gen/glnxa64/install/include/vision_msgs/vision_msgs/msg/detail/detection3_d__rosidl_typesupport_fastrtps_cpp.hpp
[10.758s] -- Installing: /home/aiv/YongJun_ws/matlab_ws/matlab/ros_msg/matlab_msg_gen/glnxa64/install/lib/libvision_msgs__rosidl_typesupport_fastrtps_cpp.so
[10.758s] -- Up-to-date: /home/aiv/YongJun_ws/matlab_ws/matlab/ros_msg/matlab_msg_gen/glnxa64/install/include/vision_msgs/vision_msgs
[10.758s] -- Up-to-date: /home/aiv/YongJun_ws/matlab_ws/matlab/ros_msg/matlab_msg_gen/glnxa64/install/include/vision_msgs/vision_msgs/msg
[10.758s] -- Up-to-date: /home/aiv/YongJun_ws/matlab_ws/matlab/ros_msg/matlab_msg_gen/glnxa64/install/include/vision_msgs/vision_msgs/msg/detail
[10.758s] -- Installing: /home/aiv/YongJun_ws/matlab_ws/matlab/ros_msg/matlab_msg_gen/glnxa64/install/include/vision_msgs/vision_msgs/msg/detail/object_hypothesis__type_support.cpp
[10.758s] -- Installing: /home/aiv/YongJun_ws/matlab_ws/matlab/ros_msg/matlab_msg_gen/glnxa64/install/include/vision_msgs/vision_msgs/msg/detail/object_hypothesis__rosidl_typesupport_introspection_cpp.hpp
[10.758s] -- Installing: /home/aiv/YongJun_ws/matlab_ws/matlab/ros_msg/matlab_msg_gen/glnxa64/install/include/vision_msgs/vision_msgs/msg/detail/detection3_d__rosidl_typesupport_introspection_cpp.hpp
[10.758s] -- Installing: /home/aiv/YongJun_ws/matlab_ws/matlab/ros_msg/matlab_msg_gen/glnxa64/install/include/vision_msgs/vision_msgs/msg/detail/bounding_box3_d__rosidl_typesupport_introspection_cpp.hpp
[10.758s] -- Installing: /home/aiv/YongJun_ws/matlab_ws/matlab/ros_msg/matlab_msg_gen/glnxa64/install/include/vision_msgs/vision_msgs/msg/detail/detection3_d_array__type_support.cpp
[10.758s] -- Installing: /home/aiv/YongJun_ws/matlab_ws/matlab/ros_msg/matlab_msg_gen/glnxa64/install/include/vision_msgs/vision_msgs/msg/detail/detection3_d_array__rosidl_typesupport_introspection_cpp.hpp
[10.758s] -- Installing: /home/aiv/YongJun_ws/matlab_ws/matlab/ros_msg/matlab_msg_gen/glnxa64/install/include/vision_msgs/vision_msgs/msg/detail/object_hypothesis_with_pose__type_support.cpp
[10.759s] -- Installing: /home/aiv/YongJun_ws/matlab_ws/matlab/ros_msg/matlab_msg_gen/glnxa64/install/include/vision_msgs/vision_msgs/msg/detail/object_hypothesis_with_pose__rosidl_typesupport_introspection_cpp.hpp
[10.759s] -- Installing: /home/aiv/YongJun_ws/matlab_ws/matlab/ros_msg/matlab_msg_gen/glnxa64/install/include/vision_msgs/vision_msgs/msg/detail/bounding_box3_d__type_support.cpp
[10.759s] -- Installing: /home/aiv/YongJun_ws/matlab_ws/matlab/ros_msg/matlab_msg_gen/glnxa64/install/include/vision_msgs/vision_msgs/msg/detail/detection3_d__type_support.cpp
[10.759s] -- Installing: /home/aiv/YongJun_ws/matlab_ws/matlab/ros_msg/matlab_msg_gen/glnxa64/install/lib/libvision_msgs__rosidl_typesupport_introspection_cpp.so
[10.759s] -- Installing: /home/aiv/YongJun_ws/matlab_ws/matlab/ros_msg/matlab_msg_gen/glnxa64/install/lib/libvision_msgs__rosidl_typesupport_cpp.so
[10.759s] -- Installing: /home/aiv/YongJun_ws/matlab_ws/matlab/ros_msg/matlab_msg_gen/glnxa64/install/share/vision_msgs/msg/BoundingBox3D.idl
[10.759s] -- Installing: /home/aiv/YongJun_ws/matlab_ws/matlab/ros_msg/matlab_msg_gen/glnxa64/install/share/vision_msgs/msg/Detection3D.idl
[10.759s] -- Installing: /home/aiv/YongJun_ws/matlab_ws/matlab/ros_msg/matlab_msg_gen/glnxa64/install/share/vision_msgs/msg/Detection3DArray.idl
[10.759s] -- Installing: /home/aiv/YongJun_ws/matlab_ws/matlab/ros_msg/matlab_msg_gen/glnxa64/install/share/vision_msgs/msg/ObjectHypothesis.idl
[10.759s] -- Installing: /home/aiv/YongJun_ws/matlab_ws/matlab/ros_msg/matlab_msg_gen/glnxa64/install/share/vision_msgs/msg/ObjectHypothesisWithPose.idl
[10.759s] -- Installing: /home/aiv/YongJun_ws/matlab_ws/matlab/ros_msg/matlab_msg_gen/glnxa64/install/share/vision_msgs/msg/BoundingBox3D.msg
[10.759s] -- Installing: /home/aiv/YongJun_ws/matlab_ws/matlab/ros_msg/matlab_msg_gen/glnxa64/install/share/vision_msgs/msg/Detection3D.msg
[10.759s] -- Installing: /home/aiv/YongJun_ws/matlab_ws/matlab/ros_msg/matlab_msg_gen/glnxa64/install/share/vision_msgs/msg/Detection3DArray.msg
[10.759s] -- Installing: /home/aiv/YongJun_ws/matlab_ws/matlab/ros_msg/matlab_msg_gen/glnxa64/install/share/vision_msgs/msg/ObjectHypothesis.msg
[10.760s] -- Installing: /home/aiv/YongJun_ws/matlab_ws/matlab/ros_msg/matlab_msg_gen/glnxa64/install/share/vision_msgs/msg/ObjectHypothesisWithPose.msg
[10.760s] -- Up-to-date: /home/aiv/YongJun_ws/matlab_ws/matlab/ros_msg/matlab_msg_gen/glnxa64/install/include
[10.760s] -- Up-to-date: /home/aiv/YongJun_ws/matlab_ws/matlab/ros_msg/matlab_msg_gen/glnxa64/install/include/vision_msgs
[10.760s] -- Installing: /home/aiv/YongJun_ws/matlab_ws/matlab/ros_msg/matlab_msg_gen/glnxa64/install/include/vision_msgs/visibility_control.h
[10.760s] -- Installing: /home/aiv/YongJun_ws/matlab_ws/matlab/ros_msg/matlab_msg_gen/glnxa64/install/lib/libvision_msgs_matlab.so
[10.778s] -- Installing: /home/aiv/YongJun_ws/matlab_ws/matlab/ros_msg/matlab_msg_gen/glnxa64/install/m/
[10.778s] -- Installing: /home/aiv/YongJun_ws/matlab_ws/matlab/ros_msg/matlab_msg_gen/glnxa64/install/m//+ros
[10.778s] -- Installing: /home/aiv/YongJun_ws/matlab_ws/matlab/ros_msg/matlab_msg_gen/glnxa64/install/m//+ros/+internal
[10.779s] -- Installing: /home/aiv/YongJun_ws/matlab_ws/matlab/ros_msg/matlab_msg_gen/glnxa64/install/m//+ros/+internal/+ros2
[10.779s] -- Installing: /home/aiv/YongJun_ws/matlab_ws/matlab/ros_msg/matlab_msg_gen/glnxa64/install/m//+ros/+internal/+ros2/+custommessages
[10.779s] -- Installing: /home/aiv/YongJun_ws/matlab_ws/matlab/ros_msg/matlab_msg_gen/glnxa64/install/m//+ros/+internal/+ros2/+custommessages/+vision_msgs
[10.779s] -- Installing: /home/aiv/YongJun_ws/matlab_ws/matlab/ros_msg/matlab_msg_gen/glnxa64/install/m//+ros/+internal/+ros2/+custommessages/+vision_msgs/detection3DArray.m
[10.779s] -- Installing: /home/aiv/YongJun_ws/matlab_ws/matlab/ros_msg/matlab_msg_gen/glnxa64/install/m//+ros/+internal/+ros2/+custommessages/+vision_msgs/objectHypothesisWithPose.m
[10.779s] -- Installing: /home/aiv/YongJun_ws/matlab_ws/matlab/ros_msg/matlab_msg_gen/glnxa64/install/m//+ros/+internal/+ros2/+custommessages/+vision_msgs/detection3D.m
[10.779s] -- Installing: /home/aiv/YongJun_ws/matlab_ws/matlab/ros_msg/matlab_msg_gen/glnxa64/install/m//+ros/+internal/+ros2/+custommessages/+vision_msgs/boundingBox3D.m
[10.779s] -- Installing: /home/aiv/YongJun_ws/matlab_ws/matlab/ros_msg/matlab_msg_gen/glnxa64/install/m//+ros/+internal/+ros2/+custommessages/+vision_msgs/objectHypothesis.m
[10.779s] -- Installing: /home/aiv/YongJun_ws/matlab_ws/matlab/ros_msg/matlab_msg_gen/glnxa64/install/share/ament_index/resource_index/package_run_dependencies/vision_msgs
[10.779s] -- Installing: /home/aiv/YongJun_ws/matlab_ws/matlab/ros_msg/matlab_msg_gen/glnxa64/install/share/ament_index/resource_index/parent_prefix_path/vision_msgs
[10.779s] -- Installing: /home/aiv/YongJun_ws/matlab_ws/matlab/ros_msg/matlab_msg_gen/glnxa64/install/share/vision_msgs/environment/ament_prefix_path.sh
[10.779s] -- Installing: /home/aiv/YongJun_ws/matlab_ws/matlab/ros_msg/matlab_msg_gen/glnxa64/install/share/vision_msgs/environment/ament_prefix_path.dsv
[10.779s] -- Installing: /home/aiv/YongJun_ws/matlab_ws/matlab/ros_msg/matlab_msg_gen/glnxa64/install/share/vision_msgs/environment/path.sh
[10.779s] -- Installing: /home/aiv/YongJun_ws/matlab_ws/matlab/ros_msg/matlab_msg_gen/glnxa64/install/share/vision_msgs/environment/path.dsv
[10.779s] -- Installing: /home/aiv/YongJun_ws/matlab_ws/matlab/ros_msg/matlab_msg_gen/glnxa64/install/share/vision_msgs/local_setup.bash
[10.779s] -- Installing: /home/aiv/YongJun_ws/matlab_ws/matlab/ros_msg/matlab_msg_gen/glnxa64/install/share/vision_msgs/local_setup.sh
[10.779s] -- Installing: /home/aiv/YongJun_ws/matlab_ws/matlab/ros_msg/matlab_msg_gen/glnxa64/install/share/vision_msgs/local_setup.zsh
[10.779s] -- Installing: /home/aiv/YongJun_ws/matlab_ws/matlab/ros_msg/matlab_msg_gen/glnxa64/install/share/vision_msgs/local_setup.dsv
[10.779s] -- Installing: /home/aiv/YongJun_ws/matlab_ws/matlab/ros_msg/matlab_msg_gen/glnxa64/install/share/vision_msgs/package.dsv
[10.779s] -- Installing: /home/aiv/YongJun_ws/matlab_ws/matlab/ros_msg/matlab_msg_gen/glnxa64/install/share/ament_index/resource_index/packages/vision_msgs
[10.779s] -- Installing: /home/aiv/YongJun_ws/matlab_ws/matlab/ros_msg/matlab_msg_gen/glnxa64/install/share/vision_msgs/cmake/export_vision_msgs__rosidl_generator_cExport.cmake
[10.779s] -- Installing: /home/aiv/YongJun_ws/matlab_ws/matlab/ros_msg/matlab_msg_gen/glnxa64/install/share/vision_msgs/cmake/export_vision_msgs__rosidl_generator_cExport-release.cmake
[10.779s] -- Installing: /home/aiv/YongJun_ws/matlab_ws/matlab/ros_msg/matlab_msg_gen/glnxa64/install/share/vision_msgs/cmake/export_vision_msgs__rosidl_typesupport_fastrtps_cExport.cmake
[10.779s] -- Installing: /home/aiv/YongJun_ws/matlab_ws/matlab/ros_msg/matlab_msg_gen/glnxa64/install/share/vision_msgs/cmake/export_vision_msgs__rosidl_typesupport_fastrtps_cExport-release.cmake
[10.779s] -- Installing: /home/aiv/YongJun_ws/matlab_ws/matlab/ros_msg/matlab_msg_gen/glnxa64/install/share/vision_msgs/cmake/vision_msgs__rosidl_typesupport_introspection_cExport.cmake
[10.779s] -- Installing: /home/aiv/YongJun_ws/matlab_ws/matlab/ros_msg/matlab_msg_gen/glnxa64/install/share/vision_msgs/cmake/vision_msgs__rosidl_typesupport_introspection_cExport-release.cmake
[10.779s] -- Installing: /home/aiv/YongJun_ws/matlab_ws/matlab/ros_msg/matlab_msg_gen/glnxa64/install/share/vision_msgs/cmake/vision_msgs__rosidl_typesupport_cExport.cmake
[10.779s] -- Installing: /home/aiv/YongJun_ws/matlab_ws/matlab/ros_msg/matlab_msg_gen/glnxa64/install/share/vision_msgs/cmake/vision_msgs__rosidl_typesupport_cExport-release.cmake
[10.779s] -- Installing: /home/aiv/YongJun_ws/matlab_ws/matlab/ros_msg/matlab_msg_gen/glnxa64/install/share/vision_msgs/cmake/export_vision_msgs__rosidl_generator_cppExport.cmake
[10.779s] -- Installing: /home/aiv/YongJun_ws/matlab_ws/matlab/ros_msg/matlab_msg_gen/glnxa64/install/share/vision_msgs/cmake/export_vision_msgs__rosidl_typesupport_fastrtps_cppExport.cmake
[10.780s] -- Installing: /home/aiv/YongJun_ws/matlab_ws/matlab/ros_msg/matlab_msg_gen/glnxa64/install/share/vision_msgs/cmake/export_vision_msgs__rosidl_typesupport_fastrtps_cppExport-release.cmake
[10.780s] -- Installing: /home/aiv/YongJun_ws/matlab_ws/matlab/ros_msg/matlab_msg_gen/glnxa64/install/share/vision_msgs/cmake/vision_msgs__rosidl_typesupport_introspection_cppExport.cmake
[10.780s] -- Installing: /home/aiv/YongJun_ws/matlab_ws/matlab/ros_msg/matlab_msg_gen/glnxa64/install/share/vision_msgs/cmake/vision_msgs__rosidl_typesupport_introspection_cppExport-release.cmake
[10.780s] -- Installing: /home/aiv/YongJun_ws/matlab_ws/matlab/ros_msg/matlab_msg_gen/glnxa64/install/share/vision_msgs/cmake/vision_msgs__rosidl_typesupport_cppExport.cmake
[10.780s] -- Installing: /home/aiv/YongJun_ws/matlab_ws/matlab/ros_msg/matlab_msg_gen/glnxa64/install/share/vision_msgs/cmake/vision_msgs__rosidl_typesupport_cppExport-release.cmake
[10.780s] -- Installing: /home/aiv/YongJun_ws/matlab_ws/matlab/ros_msg/matlab_msg_gen/glnxa64/install/share/vision_msgs/cmake/rosidl_cmake-extras.cmake
[10.780s] -- Installing: /home/aiv/YongJun_ws/matlab_ws/matlab/ros_msg/matlab_msg_gen/glnxa64/install/share/vision_msgs/cmake/ament_cmake_export_dependencies-extras.cmake
[10.780s] -- Installing: /home/aiv/YongJun_ws/matlab_ws/matlab/ros_msg/matlab_msg_gen/glnxa64/install/share/vision_msgs/cmake/ament_cmake_export_include_directories-extras.cmake
[10.780s] -- Installing: /home/aiv/YongJun_ws/matlab_ws/matlab/ros_msg/matlab_msg_gen/glnxa64/install/share/vision_msgs/cmake/ament_cmake_export_libraries-extras.cmake
[10.780s] -- Installing: /home/aiv/YongJun_ws/matlab_ws/matlab/ros_msg/matlab_msg_gen/glnxa64/install/share/vision_msgs/cmake/ament_cmake_export_targets-extras.cmake
[10.780s] -- Installing: /home/aiv/YongJun_ws/matlab_ws/matlab/ros_msg/matlab_msg_gen/glnxa64/install/share/vision_msgs/cmake/rosidl_cmake_export_typesupport_targets-extras.cmake
[10.780s] -- Installing: /home/aiv/YongJun_ws/matlab_ws/matlab/ros_msg/matlab_msg_gen/glnxa64/install/share/vision_msgs/cmake/rosidl_cmake_export_typesupport_libraries-extras.cmake
[10.780s] -- Installing: /home/aiv/YongJun_ws/matlab_ws/matlab/ros_msg/matlab_msg_gen/glnxa64/install/share/vision_msgs/cmake/vision_msgsConfig.cmake
[10.780s] -- Installing: /home/aiv/YongJun_ws/matlab_ws/matlab/ros_msg/matlab_msg_gen/glnxa64/install/share/vision_msgs/cmake/vision_msgsConfig-version.cmake
[10.780s] -- Installing: /home/aiv/YongJun_ws/matlab_ws/matlab/ros_msg/matlab_msg_gen/glnxa64/install/share/vision_msgs/package.xml
[10.782s] Invoked command in '/home/aiv/YongJun_ws/matlab_ws/matlab/ros_msg/matlab_msg_gen/glnxa64/build/vision_msgs' returned '0': PS1=(venv) VIRTUAL_ENV_PROMPT=(venv) /usr/local/MATLAB/R2024a/bin/glnxa64/cmake/bin/cmake --install /home/aiv/YongJun_ws/matlab_ws/matlab/ros_msg/matlab_msg_gen/glnxa64/build/vision_msgs
