-- The C compiler identification is GNU 9.4.0
-- The CXX compiler identification is GNU 9.4.0
-- Check for working C compiler: /usr/bin/cc
-- Check for working C compiler: /usr/bin/cc -- works
-- Detecting C compiler ABI info
-- Detecting C compiler ABI info - done
-- Detecting C compile features
-- Detecting C compile features - done
-- Check for working CXX compiler: /usr/bin/c++
-- Check for working CXX compiler: /usr/bin/c++ -- works
-- Detecting CXX compiler ABI info
-- Detecting CXX compiler ABI info - done
-- Detecting CXX compile features
-- Detecting CXX compile features - done
-- Found ament_cmake: 0.9.12 (/opt/ros/foxy/share/ament_cmake/cmake)
-- Found PythonInterp: /usr/bin/python3 (found suitable version "3.8.10", minimum required is "3") 
-- Using PYTHON_EXECUTABLE: /usr/bin/python3
-- Override CMake install command with custom implementation using symlinks instead of copying resources
-- Configuring done
-- Generating done
-- Build files have been written to: /home/yong/YongJun_ws/YongJun/build/yolov8_bringup
-- Install configuration: ""
-- Execute custom install script
-- Symlinking: /home/yong/YongJun_ws/YongJun/install/yolov8_bringup/share/yolov8_bringup//launch/yolov8.launch.py
-- Symlinking: /home/yong/YongJun_ws/YongJun/install/yolov8_bringup/share/yolov8_bringup//launch/yolov8_3d.launch.py
-- Symlinking: /home/yong/YongJun_ws/YongJun/install/yolov8_bringup/share/yolov8_bringup//launch/yolov9.launch.py
-- Symlinking: /home/yong/YongJun_ws/YongJun/install/yolov8_bringup/share/ament_index/resource_index/package_run_dependencies/yolov8_bringup
-- Symlinking: /home/yong/YongJun_ws/YongJun/install/yolov8_bringup/share/ament_index/resource_index/parent_prefix_path/yolov8_bringup
-- Symlinking: /home/yong/YongJun_ws/YongJun/install/yolov8_bringup/share/yolov8_bringup/environment/ament_prefix_path.sh
-- Symlinking: /home/yong/YongJun_ws/YongJun/install/yolov8_bringup/share/yolov8_bringup/environment/ament_prefix_path.dsv
-- Symlinking: /home/yong/YongJun_ws/YongJun/install/yolov8_bringup/share/yolov8_bringup/environment/path.sh
-- Symlinking: /home/yong/YongJun_ws/YongJun/install/yolov8_bringup/share/yolov8_bringup/environment/path.dsv
-- Symlinking: /home/yong/YongJun_ws/YongJun/install/yolov8_bringup/share/yolov8_bringup/local_setup.bash
-- Symlinking: /home/yong/YongJun_ws/YongJun/install/yolov8_bringup/share/yolov8_bringup/local_setup.sh
-- Symlinking: /home/yong/YongJun_ws/YongJun/install/yolov8_bringup/share/yolov8_bringup/local_setup.zsh
-- Symlinking: /home/yong/YongJun_ws/YongJun/install/yolov8_bringup/share/yolov8_bringup/local_setup.dsv
-- Symlinking: /home/yong/YongJun_ws/YongJun/install/yolov8_bringup/share/yolov8_bringup/package.dsv
-- Symlinking: /home/yong/YongJun_ws/YongJun/install/yolov8_bringup/share/ament_index/resource_index/packages/yolov8_bringup
-- Symlinking: /home/yong/YongJun_ws/YongJun/install/yolov8_bringup/share/yolov8_bringup/cmake/yolov8_bringupConfig.cmake
-- Symlinking: /home/yong/YongJun_ws/YongJun/install/yolov8_bringup/share/yolov8_bringup/cmake/yolov8_bringupConfig-version.cmake
-- Symlinking: /home/yong/YongJun_ws/YongJun/install/yolov8_bringup/share/yolov8_bringup/package.xml
