[0.008s] Invoking command in '/home/yong/YongJun_ws/YongJun/build/yolov8_bringup': CMAKE_PREFIX_PATH=${CMAKE_PREFIX_PATH}:/home/yong/YongJun_ws/YongJun/install/yolov8_ros:/home/yong/YongJun/install/yolov8_ros:/opt/ros/foxy PYTHONPATH=/home/yong/YongJun_ws/YongJun/build/yolov8_ros:${PYTHONPATH} /usr/bin/cmake /home/yong/YongJun_ws/YongJun/src/yolov8_ros/src/yolov8_ros/yolov8_bringup -DAMENT_CMAKE_SYMLINK_INSTALL=1 -DCMAKE_INSTALL_PREFIX=/home/yong/YongJun_ws/YongJun/install/yolov8_bringup
[0.042s] -- The C compiler identification is GNU 9.4.0
[0.079s] -- The CXX compiler identification is GNU 9.4.0
[0.082s] -- Check for working C compiler: /usr/bin/cc
[0.126s] -- Check for working C compiler: /usr/bin/cc -- works
[0.126s] -- Detecting C compiler ABI info
[0.170s] -- Detecting C compiler ABI info - done
[0.178s] -- Detecting C compile features
[0.178s] -- Detecting C compile features - done
[0.180s] -- Check for working CXX compiler: /usr/bin/c++
[0.231s] -- Check for working CXX compiler: /usr/bin/c++ -- works
[0.232s] -- Detecting CXX compiler ABI info
[0.283s] -- Detecting CXX compiler ABI info - done
[0.292s] -- Detecting CXX compile features
[0.293s] -- Detecting CXX compile features - done
[0.294s] -- Found ament_cmake: 0.9.12 (/opt/ros/foxy/share/ament_cmake/cmake)
[0.315s] -- Found PythonInterp: /usr/bin/python3 (found suitable version "3.8.10", minimum required is "3") 
[0.315s] -- Using PYTHON_EXECUTABLE: /usr/bin/python3
[0.478s] -- Override CMake install command with custom implementation using symlinks instead of copying resources
[0.540s] -- Configuring done
[0.541s] -- Generating done
[0.542s] -- Build files have been written to: /home/yong/YongJun_ws/YongJun/build/yolov8_bringup
[0.546s] Invoked command in '/home/yong/YongJun_ws/YongJun/build/yolov8_bringup' returned '0': CMAKE_PREFIX_PATH=${CMAKE_PREFIX_PATH}:/home/yong/YongJun_ws/YongJun/install/yolov8_ros:/home/yong/YongJun/install/yolov8_ros:/opt/ros/foxy PYTHONPATH=/home/yong/YongJun_ws/YongJun/build/yolov8_ros:${PYTHONPATH} /usr/bin/cmake /home/yong/YongJun_ws/YongJun/src/yolov8_ros/src/yolov8_ros/yolov8_bringup -DAMENT_CMAKE_SYMLINK_INSTALL=1 -DCMAKE_INSTALL_PREFIX=/home/yong/YongJun_ws/YongJun/install/yolov8_bringup
[0.547s] Invoking command in '/home/yong/YongJun_ws/YongJun/build/yolov8_bringup': CMAKE_PREFIX_PATH=${CMAKE_PREFIX_PATH}:/home/yong/YongJun_ws/YongJun/install/yolov8_ros:/home/yong/YongJun/install/yolov8_ros:/opt/ros/foxy PYTHONPATH=/home/yong/YongJun_ws/YongJun/build/yolov8_ros:${PYTHONPATH} /usr/bin/cmake --build /home/yong/YongJun_ws/YongJun/build/yolov8_bringup -- -j8 -l8
[0.573s] Invoked command in '/home/yong/YongJun_ws/YongJun/build/yolov8_bringup' returned '0': CMAKE_PREFIX_PATH=${CMAKE_PREFIX_PATH}:/home/yong/YongJun_ws/YongJun/install/yolov8_ros:/home/yong/YongJun/install/yolov8_ros:/opt/ros/foxy PYTHONPATH=/home/yong/YongJun_ws/YongJun/build/yolov8_ros:${PYTHONPATH} /usr/bin/cmake --build /home/yong/YongJun_ws/YongJun/build/yolov8_bringup -- -j8 -l8
[0.595s] Invoking command in '/home/yong/YongJun_ws/YongJun/build/yolov8_bringup': CMAKE_PREFIX_PATH=${CMAKE_PREFIX_PATH}:/home/yong/YongJun_ws/YongJun/install/yolov8_ros:/home/yong/YongJun/install/yolov8_ros:/opt/ros/foxy PYTHONPATH=/home/yong/YongJun_ws/YongJun/build/yolov8_ros:${PYTHONPATH} /usr/bin/cmake --install /home/yong/YongJun_ws/YongJun/build/yolov8_bringup
[0.601s] -- Install configuration: ""
[0.601s] -- Execute custom install script
[0.602s] -- Symlinking: /home/yong/YongJun_ws/YongJun/install/yolov8_bringup/share/yolov8_bringup//launch/yolov8.launch.py
[0.607s] -- Symlinking: /home/yong/YongJun_ws/YongJun/install/yolov8_bringup/share/yolov8_bringup//launch/yolov8_3d.launch.py
[0.613s] -- Symlinking: /home/yong/YongJun_ws/YongJun/install/yolov8_bringup/share/yolov8_bringup//launch/yolov9.launch.py
[0.619s] -- Symlinking: /home/yong/YongJun_ws/YongJun/install/yolov8_bringup/share/ament_index/resource_index/package_run_dependencies/yolov8_bringup
[0.625s] -- Symlinking: /home/yong/YongJun_ws/YongJun/install/yolov8_bringup/share/ament_index/resource_index/parent_prefix_path/yolov8_bringup
[0.631s] -- Symlinking: /home/yong/YongJun_ws/YongJun/install/yolov8_bringup/share/yolov8_bringup/environment/ament_prefix_path.sh
[0.637s] -- Symlinking: /home/yong/YongJun_ws/YongJun/install/yolov8_bringup/share/yolov8_bringup/environment/ament_prefix_path.dsv
[0.643s] -- Symlinking: /home/yong/YongJun_ws/YongJun/install/yolov8_bringup/share/yolov8_bringup/environment/path.sh
[0.649s] -- Symlinking: /home/yong/YongJun_ws/YongJun/install/yolov8_bringup/share/yolov8_bringup/environment/path.dsv
[0.655s] -- Symlinking: /home/yong/YongJun_ws/YongJun/install/yolov8_bringup/share/yolov8_bringup/local_setup.bash
[0.660s] -- Symlinking: /home/yong/YongJun_ws/YongJun/install/yolov8_bringup/share/yolov8_bringup/local_setup.sh
[0.666s] -- Symlinking: /home/yong/YongJun_ws/YongJun/install/yolov8_bringup/share/yolov8_bringup/local_setup.zsh
[0.672s] -- Symlinking: /home/yong/YongJun_ws/YongJun/install/yolov8_bringup/share/yolov8_bringup/local_setup.dsv
[0.678s] -- Symlinking: /home/yong/YongJun_ws/YongJun/install/yolov8_bringup/share/yolov8_bringup/package.dsv
[0.684s] -- Symlinking: /home/yong/YongJun_ws/YongJun/install/yolov8_bringup/share/ament_index/resource_index/packages/yolov8_bringup
[0.690s] -- Symlinking: /home/yong/YongJun_ws/YongJun/install/yolov8_bringup/share/yolov8_bringup/cmake/yolov8_bringupConfig.cmake
[0.696s] -- Symlinking: /home/yong/YongJun_ws/YongJun/install/yolov8_bringup/share/yolov8_bringup/cmake/yolov8_bringupConfig-version.cmake
[0.701s] -- Symlinking: /home/yong/YongJun_ws/YongJun/install/yolov8_bringup/share/yolov8_bringup/package.xml
[0.709s] Invoked command in '/home/yong/YongJun_ws/YongJun/build/yolov8_bringup' returned '0': CMAKE_PREFIX_PATH=${CMAKE_PREFIX_PATH}:/home/yong/YongJun_ws/YongJun/install/yolov8_ros:/home/yong/YongJun/install/yolov8_ros:/opt/ros/foxy PYTHONPATH=/home/yong/YongJun_ws/YongJun/build/yolov8_ros:${PYTHONPATH} /usr/bin/cmake --install /home/yong/YongJun_ws/YongJun/build/yolov8_bringup
