[0.030s] Invoking command in '/home/aiv/YongJun_ws/ros2_ws/build/vision_msgs': CMAKE_PREFIX_PATH=${CMAKE_PREFIX_PATH}:/home/aiv/YongJun_ws/ros2_ws/install/yolov8_ros:/opt/ros/foxy /usr/bin/cmake /home/aiv/YongJun_ws/ros2_ws/src/vision_msgs -DAMENT_CMAKE_SYMLINK_INSTALL=1 -DCMAKE_INSTALL_PREFIX=/home/aiv/YongJun_ws/ros2_ws/install/vision_msgs
[0.041s] -- Found ament_cmake: 0.9.12 (/opt/ros/foxy/share/ament_cmake/cmake)
[0.064s] -- Found PythonInterp: /usr/bin/python3 (found suitable version "3.8.10", minimum required is "3") 
[0.064s] -- Using PYTHON_EXECUTABLE: /usr/bin/python3
[0.220s] -- Override CMake install command with custom implementation using symlinks instead of copying resources
[0.228s] -- Found ament_cmake_ros: 0.9.2 (/opt/ros/foxy/share/ament_cmake_ros/cmake)
[0.233s] -- Found rosidl_typesupport_c: 1.0.3 (/opt/ros/foxy/share/rosidl_typesupport_c/cmake)
[0.234s] -- Using all available rosidl_typesupport_c: rosidl_typesupport_fastrtps_c;rosidl_typesupport_introspection_c
[0.238s] -- Found rosidl_adapter: 1.3.1 (/opt/ros/foxy/share/rosidl_adapter/cmake)
[0.346s] -- Found rosidl_typesupport_cpp: 1.0.3 (/opt/ros/foxy/share/rosidl_typesupport_cpp/cmake)
[0.347s] -- Using all available rosidl_typesupport_cpp: rosidl_typesupport_fastrtps_cpp;rosidl_typesupport_introspection_cpp
[0.358s] -- Found rosidl_default_generators: 1.0.1 (/opt/ros/foxy/share/rosidl_default_generators/cmake)
[0.366s] -- Found builtin_interfaces: 1.0.0 (/opt/ros/foxy/share/builtin_interfaces/cmake)
[0.375s] -- Found geometry_msgs: 2.0.5 (/opt/ros/foxy/share/geometry_msgs/cmake)
[0.436s] -- Found PythonInterp: /usr/bin/python3 (found version "3.8.10") 
[0.786s] -- Using all available rosidl_typesupport_c: rosidl_typesupport_fastrtps_c;rosidl_typesupport_introspection_c
[0.867s] -- Using all available rosidl_typesupport_cpp: rosidl_typesupport_fastrtps_cpp;rosidl_typesupport_introspection_cpp
[0.893s] -- Found PythonInterp: /usr/bin/python3 (found suitable version "3.8.10", minimum required is "3.5") 
[0.893s] -- Found python_cmake_module: 0.8.1 (/opt/ros/foxy/share/python_cmake_module/cmake)
[0.917s] -- Using PYTHON_EXECUTABLE: /usr/bin/python3
[0.917s] -- Using PYTHON_INCLUDE_DIRS: /usr/include/python3.8
[0.917s] -- Using PYTHON_LIBRARIES: /usr/lib/x86_64-linux-gnu/libpython3.8.so
[0.975s] -- Configuring done
[1.019s] -- Generating done
[1.021s] -- Build files have been written to: /home/aiv/YongJun_ws/ros2_ws/build/vision_msgs
[1.027s] Invoked command in '/home/aiv/YongJun_ws/ros2_ws/build/vision_msgs' returned '0': CMAKE_PREFIX_PATH=${CMAKE_PREFIX_PATH}:/home/aiv/YongJun_ws/ros2_ws/install/yolov8_ros:/opt/ros/foxy /usr/bin/cmake /home/aiv/YongJun_ws/ros2_ws/src/vision_msgs -DAMENT_CMAKE_SYMLINK_INSTALL=1 -DCMAKE_INSTALL_PREFIX=/home/aiv/YongJun_ws/ros2_ws/install/vision_msgs
[1.029s] Invoking command in '/home/aiv/YongJun_ws/ros2_ws/build/vision_msgs': CMAKE_PREFIX_PATH=${CMAKE_PREFIX_PATH}:/home/aiv/YongJun_ws/ros2_ws/install/yolov8_ros:/opt/ros/foxy /usr/bin/cmake --build /home/aiv/YongJun_ws/ros2_ws/build/vision_msgs -- -j32 -l32
[1.041s] /usr/bin/cmake -S/home/aiv/YongJun_ws/ros2_ws/src/vision_msgs -B/home/aiv/YongJun_ws/ros2_ws/build/vision_msgs --check-build-system CMakeFiles/Makefile.cmake 0
[1.050s] /usr/bin/cmake -E cmake_progress_start /home/aiv/YongJun_ws/ros2_ws/build/vision_msgs/CMakeFiles /home/aiv/YongJun_ws/ros2_ws/build/vision_msgs/CMakeFiles/progress.marks
[1.059s] /usr/bin/make -f CMakeFiles/Makefile2 all
[1.059s] make[1]: Entering directory '/home/aiv/YongJun_ws/ros2_ws/build/vision_msgs'
[1.059s] /usr/bin/make -f CMakeFiles/vision_msgs__cpp.dir/build.make CMakeFiles/vision_msgs__cpp.dir/depend
[1.059s] /usr/bin/make -f CMakeFiles/vision_msgs__rosidl_generator_c.dir/build.make CMakeFiles/vision_msgs__rosidl_generator_c.dir/depend
[1.060s] make[2]: Entering directory '/home/aiv/YongJun_ws/ros2_ws/build/vision_msgs'
[1.060s] cd /home/aiv/YongJun_ws/ros2_ws/build/vision_msgs && /usr/bin/cmake -E cmake_depends "Unix Makefiles" /home/aiv/YongJun_ws/ros2_ws/src/vision_msgs /home/aiv/YongJun_ws/ros2_ws/src/vision_msgs /home/aiv/YongJun_ws/ros2_ws/build/vision_msgs /home/aiv/YongJun_ws/ros2_ws/build/vision_msgs /home/aiv/YongJun_ws/ros2_ws/build/vision_msgs/CMakeFiles/vision_msgs__cpp.dir/DependInfo.cmake --color=
[1.061s] make[2]: Entering directory '/home/aiv/YongJun_ws/ros2_ws/build/vision_msgs'
[1.061s] cd /home/aiv/YongJun_ws/ros2_ws/build/vision_msgs && /usr/bin/cmake -E cmake_depends "Unix Makefiles" /home/aiv/YongJun_ws/ros2_ws/src/vision_msgs /home/aiv/YongJun_ws/ros2_ws/src/vision_msgs /home/aiv/YongJun_ws/ros2_ws/build/vision_msgs /home/aiv/YongJun_ws/ros2_ws/build/vision_msgs /home/aiv/YongJun_ws/ros2_ws/build/vision_msgs/CMakeFiles/vision_msgs__rosidl_generator_c.dir/DependInfo.cmake --color=
[1.067s] make[2]: Leaving directory '/home/aiv/YongJun_ws/ros2_ws/build/vision_msgs'
[1.067s] /usr/bin/make -f CMakeFiles/vision_msgs__cpp.dir/build.make CMakeFiles/vision_msgs__cpp.dir/build
[1.069s] make[2]: Leaving directory '/home/aiv/YongJun_ws/ros2_ws/build/vision_msgs'
[1.069s] make[2]: Entering directory '/home/aiv/YongJun_ws/ros2_ws/build/vision_msgs'
[1.069s] make[2]: Nothing to be done for 'CMakeFiles/vision_msgs__cpp.dir/build'.
[1.069s] make[2]: Leaving directory '/home/aiv/YongJun_ws/ros2_ws/build/vision_msgs'
[1.069s] /usr/bin/make -f CMakeFiles/vision_msgs__rosidl_generator_c.dir/build.make CMakeFiles/vision_msgs__rosidl_generator_c.dir/build
[1.072s] make[2]: Entering directory '/home/aiv/YongJun_ws/ros2_ws/build/vision_msgs'
[1.072s] make[2]: Nothing to be done for 'CMakeFiles/vision_msgs__rosidl_generator_c.dir/build'.
[1.073s] make[2]: Leaving directory '/home/aiv/YongJun_ws/ros2_ws/build/vision_msgs'
[1.076s] [  1%] Built target vision_msgs__cpp
[1.077s] /usr/bin/make -f CMakeFiles/vision_msgs__rosidl_typesupport_cpp.dir/build.make CMakeFiles/vision_msgs__rosidl_typesupport_cpp.dir/depend
[1.077s] /usr/bin/make -f CMakeFiles/vision_msgs__rosidl_typesupport_fastrtps_cpp.dir/build.make CMakeFiles/vision_msgs__rosidl_typesupport_fastrtps_cpp.dir/depend
[1.077s] /usr/bin/make -f CMakeFiles/vision_msgs__rosidl_typesupport_introspection_cpp.dir/build.make CMakeFiles/vision_msgs__rosidl_typesupport_introspection_cpp.dir/depend
[1.078s] make[2]: Entering directory '/home/aiv/YongJun_ws/ros2_ws/build/vision_msgs'
[1.078s] cd /home/aiv/YongJun_ws/ros2_ws/build/vision_msgs && /usr/bin/cmake -E cmake_depends "Unix Makefiles" /home/aiv/YongJun_ws/ros2_ws/src/vision_msgs /home/aiv/YongJun_ws/ros2_ws/src/vision_msgs /home/aiv/YongJun_ws/ros2_ws/build/vision_msgs /home/aiv/YongJun_ws/ros2_ws/build/vision_msgs /home/aiv/YongJun_ws/ros2_ws/build/vision_msgs/CMakeFiles/vision_msgs__rosidl_typesupport_cpp.dir/DependInfo.cmake --color=
[1.079s] make[2]: Entering directory '/home/aiv/YongJun_ws/ros2_ws/build/vision_msgs'
[1.079s] cd /home/aiv/YongJun_ws/ros2_ws/build/vision_msgs && /usr/bin/cmake -E cmake_depends "Unix Makefiles" /home/aiv/YongJun_ws/ros2_ws/src/vision_msgs /home/aiv/YongJun_ws/ros2_ws/src/vision_msgs /home/aiv/YongJun_ws/ros2_ws/build/vision_msgs /home/aiv/YongJun_ws/ros2_ws/build/vision_msgs /home/aiv/YongJun_ws/ros2_ws/build/vision_msgs/CMakeFiles/vision_msgs__rosidl_typesupport_fastrtps_cpp.dir/DependInfo.cmake --color=
[1.079s] [ 12%] Built target vision_msgs__rosidl_generator_c
[1.080s] /usr/bin/make -f CMakeFiles/vision_msgs__rosidl_typesupport_introspection_c.dir/build.make CMakeFiles/vision_msgs__rosidl_typesupport_introspection_c.dir/depend
[1.080s] make[2]: Entering directory '/home/aiv/YongJun_ws/ros2_ws/build/vision_msgs'
[1.080s] cd /home/aiv/YongJun_ws/ros2_ws/build/vision_msgs && /usr/bin/cmake -E cmake_depends "Unix Makefiles" /home/aiv/YongJun_ws/ros2_ws/src/vision_msgs /home/aiv/YongJun_ws/ros2_ws/src/vision_msgs /home/aiv/YongJun_ws/ros2_ws/build/vision_msgs /home/aiv/YongJun_ws/ros2_ws/build/vision_msgs /home/aiv/YongJun_ws/ros2_ws/build/vision_msgs/CMakeFiles/vision_msgs__rosidl_typesupport_introspection_cpp.dir/DependInfo.cmake --color=
[1.081s] /usr/bin/make -f CMakeFiles/vision_msgs__rosidl_typesupport_c.dir/build.make CMakeFiles/vision_msgs__rosidl_typesupport_c.dir/depend
[1.082s] make[2]: Entering directory '/home/aiv/YongJun_ws/ros2_ws/build/vision_msgs'
[1.082s] cd /home/aiv/YongJun_ws/ros2_ws/build/vision_msgs && /usr/bin/cmake -E cmake_depends "Unix Makefiles" /home/aiv/YongJun_ws/ros2_ws/src/vision_msgs /home/aiv/YongJun_ws/ros2_ws/src/vision_msgs /home/aiv/YongJun_ws/ros2_ws/build/vision_msgs /home/aiv/YongJun_ws/ros2_ws/build/vision_msgs /home/aiv/YongJun_ws/ros2_ws/build/vision_msgs/CMakeFiles/vision_msgs__rosidl_typesupport_introspection_c.dir/DependInfo.cmake --color=
[1.083s] make[2]: Entering directory '/home/aiv/YongJun_ws/ros2_ws/build/vision_msgs'
[1.083s] cd /home/aiv/YongJun_ws/ros2_ws/build/vision_msgs && /usr/bin/cmake -E cmake_depends "Unix Makefiles" /home/aiv/YongJun_ws/ros2_ws/src/vision_msgs /home/aiv/YongJun_ws/ros2_ws/src/vision_msgs /home/aiv/YongJun_ws/ros2_ws/build/vision_msgs /home/aiv/YongJun_ws/ros2_ws/build/vision_msgs /home/aiv/YongJun_ws/ros2_ws/build/vision_msgs/CMakeFiles/vision_msgs__rosidl_typesupport_c.dir/DependInfo.cmake --color=
[1.087s] make[2]: Leaving directory '/home/aiv/YongJun_ws/ros2_ws/build/vision_msgs'
[1.087s] /usr/bin/make -f CMakeFiles/vision_msgs__rosidl_typesupport_cpp.dir/build.make CMakeFiles/vision_msgs__rosidl_typesupport_cpp.dir/build
[1.088s] make[2]: Leaving directory '/home/aiv/YongJun_ws/ros2_ws/build/vision_msgs'
[1.088s] /usr/bin/make -f CMakeFiles/vision_msgs__rosidl_typesupport_fastrtps_cpp.dir/build.make CMakeFiles/vision_msgs__rosidl_typesupport_fastrtps_cpp.dir/build
[1.091s] make[2]: Entering directory '/home/aiv/YongJun_ws/ros2_ws/build/vision_msgs'
[1.091s] make[2]: Nothing to be done for 'CMakeFiles/vision_msgs__rosidl_typesupport_cpp.dir/build'.
[1.091s] make[2]: Leaving directory '/home/aiv/YongJun_ws/ros2_ws/build/vision_msgs'
[1.092s] make[2]: Leaving directory '/home/aiv/YongJun_ws/ros2_ws/build/vision_msgs'
[1.093s] make[2]: Leaving directory '/home/aiv/YongJun_ws/ros2_ws/build/vision_msgs'
[1.093s] /usr/bin/make -f CMakeFiles/vision_msgs__rosidl_typesupport_introspection_cpp.dir/build.make CMakeFiles/vision_msgs__rosidl_typesupport_introspection_cpp.dir/build
[1.093s] /usr/bin/make -f CMakeFiles/vision_msgs__rosidl_typesupport_introspection_c.dir/build.make CMakeFiles/vision_msgs__rosidl_typesupport_introspection_c.dir/build
[1.095s] make[2]: Entering directory '/home/aiv/YongJun_ws/ros2_ws/build/vision_msgs'
[1.095s] make[2]: Nothing to be done for 'CMakeFiles/vision_msgs__rosidl_typesupport_fastrtps_cpp.dir/build'.
[1.095s] make[2]: Leaving directory '/home/aiv/YongJun_ws/ros2_ws/build/vision_msgs'
[1.096s] make[2]: Leaving directory '/home/aiv/YongJun_ws/ros2_ws/build/vision_msgs'
[1.096s] /usr/bin/make -f CMakeFiles/vision_msgs__rosidl_typesupport_c.dir/build.make CMakeFiles/vision_msgs__rosidl_typesupport_c.dir/build
[1.098s] make[2]: Entering directory '/home/aiv/YongJun_ws/ros2_ws/build/vision_msgs'
[1.098s] make[2]: Nothing to be done for 'CMakeFiles/vision_msgs__rosidl_typesupport_introspection_cpp.dir/build'.
[1.098s] make[2]: Leaving directory '/home/aiv/YongJun_ws/ros2_ws/build/vision_msgs'
[1.098s] [ 23%] Built target vision_msgs__rosidl_typesupport_cpp
[1.099s] make[2]: Entering directory '/home/aiv/YongJun_ws/ros2_ws/build/vision_msgs'
[1.099s] make[2]: Nothing to be done for 'CMakeFiles/vision_msgs__rosidl_typesupport_introspection_c.dir/build'.
[1.099s] make[2]: Leaving directory '/home/aiv/YongJun_ws/ros2_ws/build/vision_msgs'
[1.100s] make[2]: Entering directory '/home/aiv/YongJun_ws/ros2_ws/build/vision_msgs'
[1.100s] make[2]: Nothing to be done for 'CMakeFiles/vision_msgs__rosidl_typesupport_c.dir/build'.
[1.100s] make[2]: Leaving directory '/home/aiv/YongJun_ws/ros2_ws/build/vision_msgs'
[1.106s] [ 34%] Built target vision_msgs__rosidl_typesupport_fastrtps_cpp
[1.107s] [ 46%] Built target vision_msgs__rosidl_typesupport_c
[1.108s] /usr/bin/make -f CMakeFiles/vision_msgs__rosidl_typesupport_fastrtps_c.dir/build.make CMakeFiles/vision_msgs__rosidl_typesupport_fastrtps_c.dir/depend
[1.110s] [ 57%] Built target vision_msgs__rosidl_typesupport_introspection_cpp
[1.110s] [ 68%] Built target vision_msgs__rosidl_typesupport_introspection_c
[1.111s] make[2]: Entering directory '/home/aiv/YongJun_ws/ros2_ws/build/vision_msgs'
[1.112s] cd /home/aiv/YongJun_ws/ros2_ws/build/vision_msgs && /usr/bin/cmake -E cmake_depends "Unix Makefiles" /home/aiv/YongJun_ws/ros2_ws/src/vision_msgs /home/aiv/YongJun_ws/ros2_ws/src/vision_msgs /home/aiv/YongJun_ws/ros2_ws/build/vision_msgs /home/aiv/YongJun_ws/ros2_ws/build/vision_msgs /home/aiv/YongJun_ws/ros2_ws/build/vision_msgs/CMakeFiles/vision_msgs__rosidl_typesupport_fastrtps_c.dir/DependInfo.cmake --color=
[1.124s] make[2]: Leaving directory '/home/aiv/YongJun_ws/ros2_ws/build/vision_msgs'
[1.125s] /usr/bin/make -f CMakeFiles/vision_msgs__rosidl_typesupport_fastrtps_c.dir/build.make CMakeFiles/vision_msgs__rosidl_typesupport_fastrtps_c.dir/build
[1.129s] make[2]: Entering directory '/home/aiv/YongJun_ws/ros2_ws/build/vision_msgs'
[1.129s] make[2]: Nothing to be done for 'CMakeFiles/vision_msgs__rosidl_typesupport_fastrtps_c.dir/build'.
[1.129s] make[2]: Leaving directory '/home/aiv/YongJun_ws/ros2_ws/build/vision_msgs'
[1.136s] [ 79%] Built target vision_msgs__rosidl_typesupport_fastrtps_c
[1.137s] /usr/bin/make -f CMakeFiles/vision_msgs.dir/build.make CMakeFiles/vision_msgs.dir/depend
[1.138s] make[2]: Entering directory '/home/aiv/YongJun_ws/ros2_ws/build/vision_msgs'
[1.138s] cd /home/aiv/YongJun_ws/ros2_ws/build/vision_msgs && /usr/bin/cmake -E cmake_depends "Unix Makefiles" /home/aiv/YongJun_ws/ros2_ws/src/vision_msgs /home/aiv/YongJun_ws/ros2_ws/src/vision_msgs /home/aiv/YongJun_ws/ros2_ws/build/vision_msgs /home/aiv/YongJun_ws/ros2_ws/build/vision_msgs /home/aiv/YongJun_ws/ros2_ws/build/vision_msgs/CMakeFiles/vision_msgs.dir/DependInfo.cmake --color=
[1.145s] make[2]: Leaving directory '/home/aiv/YongJun_ws/ros2_ws/build/vision_msgs'
[1.145s] /usr/bin/make -f CMakeFiles/vision_msgs.dir/build.make CMakeFiles/vision_msgs.dir/build
[1.147s] make[2]: Entering directory '/home/aiv/YongJun_ws/ros2_ws/build/vision_msgs'
[1.147s] make[2]: Nothing to be done for 'CMakeFiles/vision_msgs.dir/build'.
[1.147s] make[2]: Leaving directory '/home/aiv/YongJun_ws/ros2_ws/build/vision_msgs'
[1.154s] [ 79%] Built target vision_msgs
[1.154s] /usr/bin/make -f vision_msgs__py/CMakeFiles/vision_msgs__py.dir/build.make vision_msgs__py/CMakeFiles/vision_msgs__py.dir/depend
[1.156s] make[2]: Entering directory '/home/aiv/YongJun_ws/ros2_ws/build/vision_msgs'
[1.156s] cd /home/aiv/YongJun_ws/ros2_ws/build/vision_msgs && /usr/bin/cmake -E cmake_depends "Unix Makefiles" /home/aiv/YongJun_ws/ros2_ws/src/vision_msgs /home/aiv/YongJun_ws/ros2_ws/build/vision_msgs/vision_msgs__py /home/aiv/YongJun_ws/ros2_ws/build/vision_msgs /home/aiv/YongJun_ws/ros2_ws/build/vision_msgs/vision_msgs__py /home/aiv/YongJun_ws/ros2_ws/build/vision_msgs/vision_msgs__py/CMakeFiles/vision_msgs__py.dir/DependInfo.cmake --color=
[1.163s] make[2]: Leaving directory '/home/aiv/YongJun_ws/ros2_ws/build/vision_msgs'
[1.164s] /usr/bin/make -f vision_msgs__py/CMakeFiles/vision_msgs__py.dir/build.make vision_msgs__py/CMakeFiles/vision_msgs__py.dir/build
[1.165s] make[2]: Entering directory '/home/aiv/YongJun_ws/ros2_ws/build/vision_msgs'
[1.165s] make[2]: Nothing to be done for 'vision_msgs__py/CMakeFiles/vision_msgs__py.dir/build'.
[1.165s] make[2]: Leaving directory '/home/aiv/YongJun_ws/ros2_ws/build/vision_msgs'
[1.172s] [ 80%] Built target vision_msgs__py
[1.173s] /usr/bin/make -f CMakeFiles/vision_msgs__python.dir/build.make CMakeFiles/vision_msgs__python.dir/depend
[1.175s] make[2]: Entering directory '/home/aiv/YongJun_ws/ros2_ws/build/vision_msgs'
[1.175s] cd /home/aiv/YongJun_ws/ros2_ws/build/vision_msgs && /usr/bin/cmake -E cmake_depends "Unix Makefiles" /home/aiv/YongJun_ws/ros2_ws/src/vision_msgs /home/aiv/YongJun_ws/ros2_ws/src/vision_msgs /home/aiv/YongJun_ws/ros2_ws/build/vision_msgs /home/aiv/YongJun_ws/ros2_ws/build/vision_msgs /home/aiv/YongJun_ws/ros2_ws/build/vision_msgs/CMakeFiles/vision_msgs__python.dir/DependInfo.cmake --color=
[1.183s] make[2]: Leaving directory '/home/aiv/YongJun_ws/ros2_ws/build/vision_msgs'
[1.183s] /usr/bin/make -f CMakeFiles/vision_msgs__python.dir/build.make CMakeFiles/vision_msgs__python.dir/build
[1.190s] make[2]: Entering directory '/home/aiv/YongJun_ws/ros2_ws/build/vision_msgs'
[1.190s] make[2]: Nothing to be done for 'CMakeFiles/vision_msgs__python.dir/build'.
[1.190s] make[2]: Leaving directory '/home/aiv/YongJun_ws/ros2_ws/build/vision_msgs'
[1.197s] [ 90%] Built target vision_msgs__python
[1.197s] /usr/bin/make -f CMakeFiles/vision_msgs__rosidl_typesupport_c__pyext.dir/build.make CMakeFiles/vision_msgs__rosidl_typesupport_c__pyext.dir/depend
[1.198s] /usr/bin/make -f CMakeFiles/vision_msgs__rosidl_typesupport_fastrtps_c__pyext.dir/build.make CMakeFiles/vision_msgs__rosidl_typesupport_fastrtps_c__pyext.dir/depend
[1.198s] /usr/bin/make -f CMakeFiles/vision_msgs__rosidl_typesupport_introspection_c__pyext.dir/build.make CMakeFiles/vision_msgs__rosidl_typesupport_introspection_c__pyext.dir/depend
[1.199s] make[2]: Entering directory '/home/aiv/YongJun_ws/ros2_ws/build/vision_msgs'
[1.199s] cd /home/aiv/YongJun_ws/ros2_ws/build/vision_msgs && /usr/bin/cmake -E cmake_depends "Unix Makefiles" /home/aiv/YongJun_ws/ros2_ws/src/vision_msgs /home/aiv/YongJun_ws/ros2_ws/src/vision_msgs /home/aiv/YongJun_ws/ros2_ws/build/vision_msgs /home/aiv/YongJun_ws/ros2_ws/build/vision_msgs /home/aiv/YongJun_ws/ros2_ws/build/vision_msgs/CMakeFiles/vision_msgs__rosidl_typesupport_c__pyext.dir/DependInfo.cmake --color=
[1.200s] make[2]: Entering directory '/home/aiv/YongJun_ws/ros2_ws/build/vision_msgs'
[1.200s] cd /home/aiv/YongJun_ws/ros2_ws/build/vision_msgs && /usr/bin/cmake -E cmake_depends "Unix Makefiles" /home/aiv/YongJun_ws/ros2_ws/src/vision_msgs /home/aiv/YongJun_ws/ros2_ws/src/vision_msgs /home/aiv/YongJun_ws/ros2_ws/build/vision_msgs /home/aiv/YongJun_ws/ros2_ws/build/vision_msgs /home/aiv/YongJun_ws/ros2_ws/build/vision_msgs/CMakeFiles/vision_msgs__rosidl_typesupport_fastrtps_c__pyext.dir/DependInfo.cmake --color=
[1.201s] make[2]: Entering directory '/home/aiv/YongJun_ws/ros2_ws/build/vision_msgs'
[1.201s] cd /home/aiv/YongJun_ws/ros2_ws/build/vision_msgs && /usr/bin/cmake -E cmake_depends "Unix Makefiles" /home/aiv/YongJun_ws/ros2_ws/src/vision_msgs /home/aiv/YongJun_ws/ros2_ws/src/vision_msgs /home/aiv/YongJun_ws/ros2_ws/build/vision_msgs /home/aiv/YongJun_ws/ros2_ws/build/vision_msgs /home/aiv/YongJun_ws/ros2_ws/build/vision_msgs/CMakeFiles/vision_msgs__rosidl_typesupport_introspection_c__pyext.dir/DependInfo.cmake --color=
[1.207s] make[2]: Leaving directory '/home/aiv/YongJun_ws/ros2_ws/build/vision_msgs'
[1.207s] /usr/bin/make -f CMakeFiles/vision_msgs__rosidl_typesupport_c__pyext.dir/build.make CMakeFiles/vision_msgs__rosidl_typesupport_c__pyext.dir/build
[1.209s] make[2]: Leaving directory '/home/aiv/YongJun_ws/ros2_ws/build/vision_msgs'
[1.209s] /usr/bin/make -f CMakeFiles/vision_msgs__rosidl_typesupport_introspection_c__pyext.dir/build.make CMakeFiles/vision_msgs__rosidl_typesupport_introspection_c__pyext.dir/build
[1.212s] make[2]: Leaving directory '/home/aiv/YongJun_ws/ros2_ws/build/vision_msgs'
[1.212s] /usr/bin/make -f CMakeFiles/vision_msgs__rosidl_typesupport_fastrtps_c__pyext.dir/build.make CMakeFiles/vision_msgs__rosidl_typesupport_fastrtps_c__pyext.dir/build
[1.213s] make[2]: Entering directory '/home/aiv/YongJun_ws/ros2_ws/build/vision_msgs'
[1.213s] make[2]: Nothing to be done for 'CMakeFiles/vision_msgs__rosidl_typesupport_c__pyext.dir/build'.
[1.213s] make[2]: Leaving directory '/home/aiv/YongJun_ws/ros2_ws/build/vision_msgs'
[1.215s] make[2]: Entering directory '/home/aiv/YongJun_ws/ros2_ws/build/vision_msgs'
[1.215s] make[2]: Nothing to be done for 'CMakeFiles/vision_msgs__rosidl_typesupport_introspection_c__pyext.dir/build'.
[1.215s] make[2]: Leaving directory '/home/aiv/YongJun_ws/ros2_ws/build/vision_msgs'
[1.220s] [ 93%] Built target vision_msgs__rosidl_typesupport_c__pyext
[1.221s] make[2]: Entering directory '/home/aiv/YongJun_ws/ros2_ws/build/vision_msgs'
[1.222s] make[2]: Nothing to be done for 'CMakeFiles/vision_msgs__rosidl_typesupport_fastrtps_c__pyext.dir/build'.
[1.222s] make[2]: Leaving directory '/home/aiv/YongJun_ws/ros2_ws/build/vision_msgs'
[1.222s] [ 96%] Built target vision_msgs__rosidl_typesupport_introspection_c__pyext
[1.228s] [100%] Built target vision_msgs__rosidl_typesupport_fastrtps_c__pyext
[1.229s] make[1]: Leaving directory '/home/aiv/YongJun_ws/ros2_ws/build/vision_msgs'
[1.229s] /usr/bin/cmake -E cmake_progress_start /home/aiv/YongJun_ws/ros2_ws/build/vision_msgs/CMakeFiles 0
[1.240s] Invoked command in '/home/aiv/YongJun_ws/ros2_ws/build/vision_msgs' returned '0': CMAKE_PREFIX_PATH=${CMAKE_PREFIX_PATH}:/home/aiv/YongJun_ws/ros2_ws/install/yolov8_ros:/opt/ros/foxy /usr/bin/cmake --build /home/aiv/YongJun_ws/ros2_ws/build/vision_msgs -- -j32 -l32
[1.337s] Invoking command in '/home/aiv/YongJun_ws/ros2_ws/build/vision_msgs': CMAKE_PREFIX_PATH=${CMAKE_PREFIX_PATH}:/home/aiv/YongJun_ws/ros2_ws/install/yolov8_ros:/opt/ros/foxy /usr/bin/cmake --install /home/aiv/YongJun_ws/ros2_ws/build/vision_msgs
[1.343s] -- Install configuration: "Release"
[1.344s] -- Execute custom install script
[1.344s] -- Symlinking: /home/aiv/YongJun_ws/ros2_ws/install/vision_msgs/share/ament_index/resource_index/rosidl_interfaces/vision_msgs
[1.353s] -- Symlinking: /home/aiv/YongJun_ws/ros2_ws/install/vision_msgs/include/vision_msgs/msg/bounding_box3_d.h
[1.358s] -- Symlinking: /home/aiv/YongJun_ws/ros2_ws/install/vision_msgs/include/vision_msgs/msg/detail/bounding_box3_d__functions.h
[1.365s] -- Symlinking: /home/aiv/YongJun_ws/ros2_ws/install/vision_msgs/include/vision_msgs/msg/detail/bounding_box3_d__struct.h
[1.372s] -- Symlinking: /home/aiv/YongJun_ws/ros2_ws/install/vision_msgs/include/vision_msgs/msg/detail/bounding_box3_d__type_support.h
[1.380s] -- Symlinking: /home/aiv/YongJun_ws/ros2_ws/install/vision_msgs/include/vision_msgs/msg/detail/detection3_d__functions.h
[1.387s] -- Symlinking: /home/aiv/YongJun_ws/ros2_ws/install/vision_msgs/include/vision_msgs/msg/detail/detection3_d__struct.h
[1.394s] -- Symlinking: /home/aiv/YongJun_ws/ros2_ws/install/vision_msgs/include/vision_msgs/msg/detail/detection3_d__type_support.h
[1.405s] -- Symlinking: /home/aiv/YongJun_ws/ros2_ws/install/vision_msgs/include/vision_msgs/msg/detail/detection3_d_array__functions.h
[1.413s] -- Symlinking: /home/aiv/YongJun_ws/ros2_ws/install/vision_msgs/include/vision_msgs/msg/detail/detection3_d_array__struct.h
[1.420s] -- Symlinking: /home/aiv/YongJun_ws/ros2_ws/install/vision_msgs/include/vision_msgs/msg/detail/detection3_d_array__type_support.h
[1.428s] -- Symlinking: /home/aiv/YongJun_ws/ros2_ws/install/vision_msgs/include/vision_msgs/msg/detail/object_hypothesis__functions.h
[1.435s] -- Symlinking: /home/aiv/YongJun_ws/ros2_ws/install/vision_msgs/include/vision_msgs/msg/detail/object_hypothesis__struct.h
[1.443s] -- Symlinking: /home/aiv/YongJun_ws/ros2_ws/install/vision_msgs/include/vision_msgs/msg/detail/object_hypothesis__type_support.h
[1.453s] -- Symlinking: /home/aiv/YongJun_ws/ros2_ws/install/vision_msgs/include/vision_msgs/msg/detail/object_hypothesis_with_pose__functions.h
[1.464s] -- Symlinking: /home/aiv/YongJun_ws/ros2_ws/install/vision_msgs/include/vision_msgs/msg/detail/object_hypothesis_with_pose__struct.h
[1.474s] -- Symlinking: /home/aiv/YongJun_ws/ros2_ws/install/vision_msgs/include/vision_msgs/msg/detail/object_hypothesis_with_pose__type_support.h
[1.482s] -- Symlinking: /home/aiv/YongJun_ws/ros2_ws/install/vision_msgs/include/vision_msgs/msg/detection3_d.h
[1.490s] -- Symlinking: /home/aiv/YongJun_ws/ros2_ws/install/vision_msgs/include/vision_msgs/msg/detection3_d_array.h
[1.497s] -- Symlinking: /home/aiv/YongJun_ws/ros2_ws/install/vision_msgs/include/vision_msgs/msg/object_hypothesis.h
[1.504s] -- Symlinking: /home/aiv/YongJun_ws/ros2_ws/install/vision_msgs/include/vision_msgs/msg/object_hypothesis_with_pose.h
[1.514s] -- Symlinking: /home/aiv/YongJun_ws/ros2_ws/install/vision_msgs/include/vision_msgs/msg/rosidl_generator_c__visibility_control.h
[1.519s] -- Symlinking: /home/aiv/YongJun_ws/ros2_ws/install/vision_msgs/share/vision_msgs/environment/library_path.sh
[1.529s] -- Symlinking: /home/aiv/YongJun_ws/ros2_ws/install/vision_msgs/share/vision_msgs/environment/library_path.dsv
[1.535s] -- Symlinking: /home/aiv/YongJun_ws/ros2_ws/install/vision_msgs/include/vision_msgs/msg/detail/bounding_box3_d__rosidl_typesupport_fastrtps_c.h
[1.543s] -- Symlinking: /home/aiv/YongJun_ws/ros2_ws/install/vision_msgs/include/vision_msgs/msg/detail/detection3_d__rosidl_typesupport_fastrtps_c.h
[1.550s] -- Symlinking: /home/aiv/YongJun_ws/ros2_ws/install/vision_msgs/include/vision_msgs/msg/detail/detection3_d_array__rosidl_typesupport_fastrtps_c.h
[1.557s] -- Symlinking: /home/aiv/YongJun_ws/ros2_ws/install/vision_msgs/include/vision_msgs/msg/detail/object_hypothesis__rosidl_typesupport_fastrtps_c.h
[1.564s] -- Symlinking: /home/aiv/YongJun_ws/ros2_ws/install/vision_msgs/include/vision_msgs/msg/detail/object_hypothesis_with_pose__rosidl_typesupport_fastrtps_c.h
[1.571s] -- Symlinking: /home/aiv/YongJun_ws/ros2_ws/install/vision_msgs/include/vision_msgs/msg/rosidl_typesupport_fastrtps_c__visibility_control.h
[1.578s] -- Symlinking: /home/aiv/YongJun_ws/ros2_ws/install/vision_msgs/lib/libvision_msgs__rosidl_typesupport_fastrtps_c.so
[1.586s] -- Symlinking: /home/aiv/YongJun_ws/ros2_ws/install/vision_msgs/include/vision_msgs/msg/detail/bounding_box3_d__rosidl_typesupport_fastrtps_cpp.hpp
[1.594s] -- Symlinking: /home/aiv/YongJun_ws/ros2_ws/install/vision_msgs/include/vision_msgs/msg/detail/detection3_d__rosidl_typesupport_fastrtps_cpp.hpp
[1.601s] -- Symlinking: /home/aiv/YongJun_ws/ros2_ws/install/vision_msgs/include/vision_msgs/msg/detail/detection3_d_array__rosidl_typesupport_fastrtps_cpp.hpp
[1.609s] -- Symlinking: /home/aiv/YongJun_ws/ros2_ws/install/vision_msgs/include/vision_msgs/msg/detail/object_hypothesis__rosidl_typesupport_fastrtps_cpp.hpp
[1.617s] -- Symlinking: /home/aiv/YongJun_ws/ros2_ws/install/vision_msgs/include/vision_msgs/msg/detail/object_hypothesis_with_pose__rosidl_typesupport_fastrtps_cpp.hpp
[1.626s] -- Symlinking: /home/aiv/YongJun_ws/ros2_ws/install/vision_msgs/include/vision_msgs/msg/rosidl_typesupport_fastrtps_cpp__visibility_control.h
[1.635s] -- Symlinking: /home/aiv/YongJun_ws/ros2_ws/install/vision_msgs/lib/libvision_msgs__rosidl_typesupport_fastrtps_cpp.so
[1.648s] -- Symlinking: /home/aiv/YongJun_ws/ros2_ws/install/vision_msgs/include/vision_msgs/msg/detail/bounding_box3_d__rosidl_typesupport_introspection_c.h
[1.657s] -- Symlinking: /home/aiv/YongJun_ws/ros2_ws/install/vision_msgs/include/vision_msgs/msg/detail/detection3_d__rosidl_typesupport_introspection_c.h
[1.665s] -- Symlinking: /home/aiv/YongJun_ws/ros2_ws/install/vision_msgs/include/vision_msgs/msg/detail/detection3_d_array__rosidl_typesupport_introspection_c.h
[1.672s] -- Symlinking: /home/aiv/YongJun_ws/ros2_ws/install/vision_msgs/include/vision_msgs/msg/detail/object_hypothesis__rosidl_typesupport_introspection_c.h
[1.680s] -- Symlinking: /home/aiv/YongJun_ws/ros2_ws/install/vision_msgs/include/vision_msgs/msg/detail/object_hypothesis_with_pose__rosidl_typesupport_introspection_c.h
[1.686s] -- Symlinking: /home/aiv/YongJun_ws/ros2_ws/install/vision_msgs/include/vision_msgs/msg/rosidl_typesupport_introspection_c__visibility_control.h
[1.695s] -- Symlinking: /home/aiv/YongJun_ws/ros2_ws/install/vision_msgs/include/vision_msgs/msg/bounding_box3_d.hpp
[1.705s] -- Symlinking: /home/aiv/YongJun_ws/ros2_ws/install/vision_msgs/include/vision_msgs/msg/detail/bounding_box3_d__builder.hpp
[1.710s] -- Symlinking: /home/aiv/YongJun_ws/ros2_ws/install/vision_msgs/include/vision_msgs/msg/detail/bounding_box3_d__struct.hpp
[1.717s] -- Symlinking: /home/aiv/YongJun_ws/ros2_ws/install/vision_msgs/include/vision_msgs/msg/detail/bounding_box3_d__traits.hpp
[1.724s] -- Symlinking: /home/aiv/YongJun_ws/ros2_ws/install/vision_msgs/include/vision_msgs/msg/detail/bounding_box3_d__type_support.hpp
[1.731s] -- Symlinking: /home/aiv/YongJun_ws/ros2_ws/install/vision_msgs/include/vision_msgs/msg/detail/detection3_d__builder.hpp
[1.739s] -- Symlinking: /home/aiv/YongJun_ws/ros2_ws/install/vision_msgs/include/vision_msgs/msg/detail/detection3_d__struct.hpp
[1.749s] -- Symlinking: /home/aiv/YongJun_ws/ros2_ws/install/vision_msgs/include/vision_msgs/msg/detail/detection3_d__traits.hpp
[1.756s] -- Symlinking: /home/aiv/YongJun_ws/ros2_ws/install/vision_msgs/include/vision_msgs/msg/detail/detection3_d__type_support.hpp
[1.766s] -- Symlinking: /home/aiv/YongJun_ws/ros2_ws/install/vision_msgs/include/vision_msgs/msg/detail/detection3_d_array__builder.hpp
[1.777s] -- Symlinking: /home/aiv/YongJun_ws/ros2_ws/install/vision_msgs/include/vision_msgs/msg/detail/detection3_d_array__struct.hpp
[1.788s] -- Symlinking: /home/aiv/YongJun_ws/ros2_ws/install/vision_msgs/include/vision_msgs/msg/detail/detection3_d_array__traits.hpp
[1.799s] -- Symlinking: /home/aiv/YongJun_ws/ros2_ws/install/vision_msgs/include/vision_msgs/msg/detail/detection3_d_array__type_support.hpp
[1.810s] -- Symlinking: /home/aiv/YongJun_ws/ros2_ws/install/vision_msgs/include/vision_msgs/msg/detail/object_hypothesis__builder.hpp
[1.818s] -- Symlinking: /home/aiv/YongJun_ws/ros2_ws/install/vision_msgs/include/vision_msgs/msg/detail/object_hypothesis__struct.hpp
[1.825s] -- Symlinking: /home/aiv/YongJun_ws/ros2_ws/install/vision_msgs/include/vision_msgs/msg/detail/object_hypothesis__traits.hpp
[1.833s] -- Symlinking: /home/aiv/YongJun_ws/ros2_ws/install/vision_msgs/include/vision_msgs/msg/detail/object_hypothesis__type_support.hpp
[1.840s] -- Symlinking: /home/aiv/YongJun_ws/ros2_ws/install/vision_msgs/include/vision_msgs/msg/detail/object_hypothesis_with_pose__builder.hpp
[1.848s] -- Symlinking: /home/aiv/YongJun_ws/ros2_ws/install/vision_msgs/include/vision_msgs/msg/detail/object_hypothesis_with_pose__struct.hpp
[1.854s] -- Symlinking: /home/aiv/YongJun_ws/ros2_ws/install/vision_msgs/include/vision_msgs/msg/detail/object_hypothesis_with_pose__traits.hpp
[1.862s] -- Symlinking: /home/aiv/YongJun_ws/ros2_ws/install/vision_msgs/include/vision_msgs/msg/detail/object_hypothesis_with_pose__type_support.hpp
[1.869s] -- Symlinking: /home/aiv/YongJun_ws/ros2_ws/install/vision_msgs/include/vision_msgs/msg/detection3_d.hpp
[1.876s] -- Symlinking: /home/aiv/YongJun_ws/ros2_ws/install/vision_msgs/include/vision_msgs/msg/detection3_d_array.hpp
[1.883s] -- Symlinking: /home/aiv/YongJun_ws/ros2_ws/install/vision_msgs/include/vision_msgs/msg/object_hypothesis.hpp
[1.891s] -- Symlinking: /home/aiv/YongJun_ws/ros2_ws/install/vision_msgs/include/vision_msgs/msg/object_hypothesis_with_pose.hpp
[1.898s] -- Symlinking: /home/aiv/YongJun_ws/ros2_ws/install/vision_msgs/include/vision_msgs/msg/rosidl_generator_cpp__visibility_control.hpp
[1.906s] -- Symlinking: /home/aiv/YongJun_ws/ros2_ws/install/vision_msgs/include/vision_msgs/msg/detail/bounding_box3_d__rosidl_typesupport_introspection_cpp.hpp
[1.913s] -- Symlinking: /home/aiv/YongJun_ws/ros2_ws/install/vision_msgs/include/vision_msgs/msg/detail/detection3_d__rosidl_typesupport_introspection_cpp.hpp
[1.920s] -- Symlinking: /home/aiv/YongJun_ws/ros2_ws/install/vision_msgs/include/vision_msgs/msg/detail/detection3_d_array__rosidl_typesupport_introspection_cpp.hpp
[1.928s] -- Symlinking: /home/aiv/YongJun_ws/ros2_ws/install/vision_msgs/include/vision_msgs/msg/detail/object_hypothesis__rosidl_typesupport_introspection_cpp.hpp
[1.936s] -- Symlinking: /home/aiv/YongJun_ws/ros2_ws/install/vision_msgs/include/vision_msgs/msg/detail/object_hypothesis_with_pose__rosidl_typesupport_introspection_cpp.hpp
[1.943s] -- Symlinking: /home/aiv/YongJun_ws/ros2_ws/install/vision_msgs/share/vision_msgs/environment/pythonpath.sh
[1.950s] -- Symlinking: /home/aiv/YongJun_ws/ros2_ws/install/vision_msgs/share/vision_msgs/environment/pythonpath.dsv
[1.958s] -- Symlinking: /home/aiv/YongJun_ws/ros2_ws/install/vision_msgs/lib/python3.8/site-packages/vision_msgs/__init__.py
[1.966s] -- Symlinking: /home/aiv/YongJun_ws/ros2_ws/install/vision_msgs/lib/python3.8/site-packages/vision_msgs/msg/__init__.py
[1.973s] -- Symlinking: /home/aiv/YongJun_ws/ros2_ws/install/vision_msgs/lib/python3.8/site-packages/vision_msgs/msg/_bounding_box3_d.py
[1.980s] -- Symlinking: /home/aiv/YongJun_ws/ros2_ws/install/vision_msgs/lib/python3.8/site-packages/vision_msgs/msg/_detection3_d.py
[1.987s] -- Symlinking: /home/aiv/YongJun_ws/ros2_ws/install/vision_msgs/lib/python3.8/site-packages/vision_msgs/msg/_detection3_d_array.py
[1.995s] -- Symlinking: /home/aiv/YongJun_ws/ros2_ws/install/vision_msgs/lib/python3.8/site-packages/vision_msgs/msg/_object_hypothesis.py
[2.002s] -- Symlinking: /home/aiv/YongJun_ws/ros2_ws/install/vision_msgs/lib/python3.8/site-packages/vision_msgs/msg/_object_hypothesis_with_pose.py
[2.010s] -- Symlinking: /home/aiv/YongJun_ws/ros2_ws/install/vision_msgs/lib/python3.8/site-packages/vision_msgs/vision_msgs_s__rosidl_typesupport_fastrtps_c.cpython-38-x86_64-linux-gnu.so
[2.017s] -- Symlinking: /home/aiv/YongJun_ws/ros2_ws/install/vision_msgs/lib/python3.8/site-packages/vision_msgs/vision_msgs_s__rosidl_typesupport_introspection_c.cpython-38-x86_64-linux-gnu.so
[2.025s] -- Symlinking: /home/aiv/YongJun_ws/ros2_ws/install/vision_msgs/lib/python3.8/site-packages/vision_msgs/vision_msgs_s__rosidl_typesupport_c.cpython-38-x86_64-linux-gnu.so
[2.033s] -- Symlinking: /home/aiv/YongJun_ws/ros2_ws/install/vision_msgs/lib/libvision_msgs__python.so
[2.041s] -- Symlinking: /home/aiv/YongJun_ws/ros2_ws/install/vision_msgs/share/vision_msgs/msg/BoundingBox3D.idl
[2.048s] -- Symlinking: /home/aiv/YongJun_ws/ros2_ws/install/vision_msgs/share/vision_msgs/msg/Detection3D.idl
[2.056s] -- Symlinking: /home/aiv/YongJun_ws/ros2_ws/install/vision_msgs/share/vision_msgs/msg/Detection3DArray.idl
[2.063s] -- Symlinking: /home/aiv/YongJun_ws/ros2_ws/install/vision_msgs/share/vision_msgs/msg/ObjectHypothesis.idl
[2.071s] -- Symlinking: /home/aiv/YongJun_ws/ros2_ws/install/vision_msgs/share/vision_msgs/msg/ObjectHypothesisWithPose.idl
[2.078s] -- Symlinking: /home/aiv/YongJun_ws/ros2_ws/install/vision_msgs/share/vision_msgs/msg/BoundingBox3D.msg
[2.086s] -- Symlinking: /home/aiv/YongJun_ws/ros2_ws/install/vision_msgs/share/vision_msgs/msg/Detection3D.msg
[2.093s] -- Symlinking: /home/aiv/YongJun_ws/ros2_ws/install/vision_msgs/share/vision_msgs/msg/Detection3DArray.msg
[2.102s] -- Symlinking: /home/aiv/YongJun_ws/ros2_ws/install/vision_msgs/share/vision_msgs/msg/ObjectHypothesis.msg
[2.108s] -- Symlinking: /home/aiv/YongJun_ws/ros2_ws/install/vision_msgs/share/vision_msgs/msg/ObjectHypothesisWithPose.msg
[2.117s] -- Symlinking: /home/aiv/YongJun_ws/ros2_ws/install/vision_msgs/share/ament_index/resource_index/package_run_dependencies/vision_msgs
[2.124s] -- Symlinking: /home/aiv/YongJun_ws/ros2_ws/install/vision_msgs/share/ament_index/resource_index/parent_prefix_path/vision_msgs
[2.131s] -- Symlinking: /home/aiv/YongJun_ws/ros2_ws/install/vision_msgs/share/vision_msgs/environment/ament_prefix_path.sh
[2.141s] -- Symlinking: /home/aiv/YongJun_ws/ros2_ws/install/vision_msgs/share/vision_msgs/environment/ament_prefix_path.dsv
[2.148s] -- Symlinking: /home/aiv/YongJun_ws/ros2_ws/install/vision_msgs/share/vision_msgs/environment/path.sh
[2.155s] -- Symlinking: /home/aiv/YongJun_ws/ros2_ws/install/vision_msgs/share/vision_msgs/environment/path.dsv
[2.162s] -- Symlinking: /home/aiv/YongJun_ws/ros2_ws/install/vision_msgs/share/vision_msgs/local_setup.bash
[2.170s] -- Symlinking: /home/aiv/YongJun_ws/ros2_ws/install/vision_msgs/share/vision_msgs/local_setup.sh
[2.176s] -- Symlinking: /home/aiv/YongJun_ws/ros2_ws/install/vision_msgs/share/vision_msgs/local_setup.zsh
[2.183s] -- Symlinking: /home/aiv/YongJun_ws/ros2_ws/install/vision_msgs/share/vision_msgs/local_setup.dsv
[2.191s] -- Symlinking: /home/aiv/YongJun_ws/ros2_ws/install/vision_msgs/share/vision_msgs/package.dsv
[2.198s] -- Symlinking: /home/aiv/YongJun_ws/ros2_ws/install/vision_msgs/share/ament_index/resource_index/packages/vision_msgs
[2.206s] -- Symlinking: /home/aiv/YongJun_ws/ros2_ws/install/vision_msgs/share/vision_msgs/cmake/rosidl_cmake-extras.cmake
[2.212s] -- Symlinking: /home/aiv/YongJun_ws/ros2_ws/install/vision_msgs/share/vision_msgs/cmake/ament_cmake_export_dependencies-extras.cmake
[2.219s] -- Symlinking: /home/aiv/YongJun_ws/ros2_ws/install/vision_msgs/share/vision_msgs/cmake/ament_cmake_export_libraries-extras.cmake
[2.227s] -- Symlinking: /home/aiv/YongJun_ws/ros2_ws/install/vision_msgs/share/vision_msgs/cmake/ament_cmake_export_targets-extras.cmake
[2.234s] -- Symlinking: /home/aiv/YongJun_ws/ros2_ws/install/vision_msgs/share/vision_msgs/cmake/ament_cmake_export_include_directories-extras.cmake
[2.241s] -- Symlinking: /home/aiv/YongJun_ws/ros2_ws/install/vision_msgs/share/vision_msgs/cmake/rosidl_cmake_export_typesupport_libraries-extras.cmake
[2.249s] -- Symlinking: /home/aiv/YongJun_ws/ros2_ws/install/vision_msgs/share/vision_msgs/cmake/rosidl_cmake_export_typesupport_targets-extras.cmake
[2.260s] -- Symlinking: /home/aiv/YongJun_ws/ros2_ws/install/vision_msgs/share/vision_msgs/cmake/vision_msgsConfig.cmake
[2.265s] -- Symlinking: /home/aiv/YongJun_ws/ros2_ws/install/vision_msgs/share/vision_msgs/cmake/vision_msgsConfig-version.cmake
[2.273s] -- Symlinking: /home/aiv/YongJun_ws/ros2_ws/install/vision_msgs/share/vision_msgs/package.xml
[2.281s] -- Up-to-date: /home/aiv/YongJun_ws/ros2_ws/install/vision_msgs/lib/libvision_msgs__rosidl_generator_c.so
[2.281s] -- Up-to-date: /home/aiv/YongJun_ws/ros2_ws/install/vision_msgs/lib/libvision_msgs__rosidl_typesupport_introspection_c.so
[2.281s] -- Up-to-date: /home/aiv/YongJun_ws/ros2_ws/install/vision_msgs/lib/libvision_msgs__rosidl_typesupport_c.so
[2.282s] -- Up-to-date: /home/aiv/YongJun_ws/ros2_ws/install/vision_msgs/lib/libvision_msgs__rosidl_typesupport_introspection_cpp.so
[2.282s] -- Up-to-date: /home/aiv/YongJun_ws/ros2_ws/install/vision_msgs/lib/libvision_msgs__rosidl_typesupport_cpp.so
[2.307s] Compiling '/home/aiv/YongJun_ws/ros2_ws/install/vision_msgs/lib/python3.8/site-packages/vision_msgs/__init__.py'...
[2.310s] -- Up-to-date: /home/aiv/YongJun_ws/ros2_ws/install/vision_msgs/share/vision_msgs/cmake/vision_msgs__rosidl_generator_cExport.cmake
[2.310s] -- Installing: /home/aiv/YongJun_ws/ros2_ws/install/vision_msgs/share/vision_msgs/cmake/vision_msgs__rosidl_generator_cExport-release.cmake
[2.310s] -- Up-to-date: /home/aiv/YongJun_ws/ros2_ws/install/vision_msgs/share/vision_msgs/cmake/vision_msgs__rosidl_typesupport_introspection_cExport.cmake
[2.310s] -- Installing: /home/aiv/YongJun_ws/ros2_ws/install/vision_msgs/share/vision_msgs/cmake/vision_msgs__rosidl_typesupport_introspection_cExport-release.cmake
[2.310s] -- Up-to-date: /home/aiv/YongJun_ws/ros2_ws/install/vision_msgs/share/vision_msgs/cmake/vision_msgs__rosidl_typesupport_cExport.cmake
[2.311s] -- Installing: /home/aiv/YongJun_ws/ros2_ws/install/vision_msgs/share/vision_msgs/cmake/vision_msgs__rosidl_typesupport_cExport-release.cmake
[2.311s] -- Up-to-date: /home/aiv/YongJun_ws/ros2_ws/install/vision_msgs/share/vision_msgs/cmake/vision_msgs__rosidl_generator_cppExport.cmake
[2.311s] -- Up-to-date: /home/aiv/YongJun_ws/ros2_ws/install/vision_msgs/share/vision_msgs/cmake/vision_msgs__rosidl_typesupport_introspection_cppExport.cmake
[2.311s] -- Installing: /home/aiv/YongJun_ws/ros2_ws/install/vision_msgs/share/vision_msgs/cmake/vision_msgs__rosidl_typesupport_introspection_cppExport-release.cmake
[2.311s] -- Up-to-date: /home/aiv/YongJun_ws/ros2_ws/install/vision_msgs/share/vision_msgs/cmake/vision_msgs__rosidl_typesupport_cppExport.cmake
[2.312s] -- Installing: /home/aiv/YongJun_ws/ros2_ws/install/vision_msgs/share/vision_msgs/cmake/vision_msgs__rosidl_typesupport_cppExport-release.cmake
[2.315s] Invoked command in '/home/aiv/YongJun_ws/ros2_ws/build/vision_msgs' returned '0': CMAKE_PREFIX_PATH=${CMAKE_PREFIX_PATH}:/home/aiv/YongJun_ws/ros2_ws/install/yolov8_ros:/opt/ros/foxy /usr/bin/cmake --install /home/aiv/YongJun_ws/ros2_ws/build/vision_msgs
