[0.021s] Invoking command in '/home/aiv/YongJun_ws/ros2_ws/build/zed_ros2': AMENT_PREFIX_PATH=/home/aiv/YongJun_ws/ros2_ws/install/zed_wrapper:/home/aiv/YongJun_ws/ros2_ws/install/zed_components:/home/aiv/YongJun_ws/ros2_ws/install/zed_interfaces:${AMENT_PREFIX_PATH} CMAKE_PREFIX_PATH=/home/aiv/YongJun_ws/ros2_ws/install/zed_wrapper:/home/aiv/YongJun_ws/ros2_ws/install/zed_components:/home/aiv/YongJun_ws/ros2_ws/install/zed_interfaces:/opt/ros/foxy LD_LIBRARY_PATH=/home/aiv/YongJun_ws/ros2_ws/install/zed_components/lib:/home/aiv/YongJun_ws/ros2_ws/install/zed_interfaces/lib:/opt/ros/foxy/opt/yaml_cpp_vendor/lib:/opt/ros/foxy/opt/rviz_ogre_vendor/lib:/opt/ros/foxy/lib/x86_64-linux-gnu:/opt/ros/foxy/lib:/usr/local/cuda/lib64 PYTHONPATH=/home/aiv/YongJun_ws/ros2_ws/install/zed_interfaces/lib/python3.8/site-packages:${PYTHONPATH} /usr/bin/cmake /home/aiv/YongJun_ws/ros2_ws/src/zed-ros2-wrapper/zed_ros2 -DCMAKE_INSTALL_PREFIX=/home/aiv/YongJun_ws/ros2_ws/install/zed_ros2
[0.030s] -- Found ament_cmake_auto: 0.9.12 (/opt/ros/foxy/share/ament_cmake_auto/cmake)
[0.050s] -- Found PythonInterp: /usr/bin/python3 (found suitable version "3.8.10", minimum required is "3") 
[0.050s] -- Using PYTHON_EXECUTABLE: /usr/bin/python3
[0.246s] -- Found ament_lint_auto: 0.9.8 (/opt/ros/foxy/share/ament_lint_auto/cmake)
[0.255s] -- Added test 'copyright' to check source files copyright and LICENSE
[0.255s] -- Added test 'lint_cmake' to check CMake code style
[0.256s] -- Added test 'xmllint' to check XML markup files
[0.257s] -- Configuring done
[0.258s] -- Generating done
[0.258s] -- Build files have been written to: /home/aiv/YongJun_ws/ros2_ws/build/zed_ros2
[0.262s] Invoked command in '/home/aiv/YongJun_ws/ros2_ws/build/zed_ros2' returned '0': AMENT_PREFIX_PATH=/home/aiv/YongJun_ws/ros2_ws/install/zed_wrapper:/home/aiv/YongJun_ws/ros2_ws/install/zed_components:/home/aiv/YongJun_ws/ros2_ws/install/zed_interfaces:${AMENT_PREFIX_PATH} CMAKE_PREFIX_PATH=/home/aiv/YongJun_ws/ros2_ws/install/zed_wrapper:/home/aiv/YongJun_ws/ros2_ws/install/zed_components:/home/aiv/YongJun_ws/ros2_ws/install/zed_interfaces:/opt/ros/foxy LD_LIBRARY_PATH=/home/aiv/YongJun_ws/ros2_ws/install/zed_components/lib:/home/aiv/YongJun_ws/ros2_ws/install/zed_interfaces/lib:/opt/ros/foxy/opt/yaml_cpp_vendor/lib:/opt/ros/foxy/opt/rviz_ogre_vendor/lib:/opt/ros/foxy/lib/x86_64-linux-gnu:/opt/ros/foxy/lib:/usr/local/cuda/lib64 PYTHONPATH=/home/aiv/YongJun_ws/ros2_ws/install/zed_interfaces/lib/python3.8/site-packages:${PYTHONPATH} /usr/bin/cmake /home/aiv/YongJun_ws/ros2_ws/src/zed-ros2-wrapper/zed_ros2 -DCMAKE_INSTALL_PREFIX=/home/aiv/YongJun_ws/ros2_ws/install/zed_ros2
[0.262s] Invoking command in '/home/aiv/YongJun_ws/ros2_ws/build/zed_ros2': AMENT_PREFIX_PATH=/home/aiv/YongJun_ws/ros2_ws/install/zed_wrapper:/home/aiv/YongJun_ws/ros2_ws/install/zed_components:/home/aiv/YongJun_ws/ros2_ws/install/zed_interfaces:${AMENT_PREFIX_PATH} CMAKE_PREFIX_PATH=/home/aiv/YongJun_ws/ros2_ws/install/zed_wrapper:/home/aiv/YongJun_ws/ros2_ws/install/zed_components:/home/aiv/YongJun_ws/ros2_ws/install/zed_interfaces:/opt/ros/foxy LD_LIBRARY_PATH=/home/aiv/YongJun_ws/ros2_ws/install/zed_components/lib:/home/aiv/YongJun_ws/ros2_ws/install/zed_interfaces/lib:/opt/ros/foxy/opt/yaml_cpp_vendor/lib:/opt/ros/foxy/opt/rviz_ogre_vendor/lib:/opt/ros/foxy/lib/x86_64-linux-gnu:/opt/ros/foxy/lib:/usr/local/cuda/lib64 PYTHONPATH=/home/aiv/YongJun_ws/ros2_ws/install/zed_interfaces/lib/python3.8/site-packages:${PYTHONPATH} /usr/bin/cmake --build /home/aiv/YongJun_ws/ros2_ws/build/zed_ros2 -- -j32 -l32
[0.286s] Invoked command in '/home/aiv/YongJun_ws/ros2_ws/build/zed_ros2' returned '0': AMENT_PREFIX_PATH=/home/aiv/YongJun_ws/ros2_ws/install/zed_wrapper:/home/aiv/YongJun_ws/ros2_ws/install/zed_components:/home/aiv/YongJun_ws/ros2_ws/install/zed_interfaces:${AMENT_PREFIX_PATH} CMAKE_PREFIX_PATH=/home/aiv/YongJun_ws/ros2_ws/install/zed_wrapper:/home/aiv/YongJun_ws/ros2_ws/install/zed_components:/home/aiv/YongJun_ws/ros2_ws/install/zed_interfaces:/opt/ros/foxy LD_LIBRARY_PATH=/home/aiv/YongJun_ws/ros2_ws/install/zed_components/lib:/home/aiv/YongJun_ws/ros2_ws/install/zed_interfaces/lib:/opt/ros/foxy/opt/yaml_cpp_vendor/lib:/opt/ros/foxy/opt/rviz_ogre_vendor/lib:/opt/ros/foxy/lib/x86_64-linux-gnu:/opt/ros/foxy/lib:/usr/local/cuda/lib64 PYTHONPATH=/home/aiv/YongJun_ws/ros2_ws/install/zed_interfaces/lib/python3.8/site-packages:${PYTHONPATH} /usr/bin/cmake --build /home/aiv/YongJun_ws/ros2_ws/build/zed_ros2 -- -j32 -l32
[0.305s] Invoking command in '/home/aiv/YongJun_ws/ros2_ws/build/zed_ros2': AMENT_PREFIX_PATH=/home/aiv/YongJun_ws/ros2_ws/install/zed_wrapper:/home/aiv/YongJun_ws/ros2_ws/install/zed_components:/home/aiv/YongJun_ws/ros2_ws/install/zed_interfaces:${AMENT_PREFIX_PATH} CMAKE_PREFIX_PATH=/home/aiv/YongJun_ws/ros2_ws/install/zed_wrapper:/home/aiv/YongJun_ws/ros2_ws/install/zed_components:/home/aiv/YongJun_ws/ros2_ws/install/zed_interfaces:/opt/ros/foxy LD_LIBRARY_PATH=/home/aiv/YongJun_ws/ros2_ws/install/zed_components/lib:/home/aiv/YongJun_ws/ros2_ws/install/zed_interfaces/lib:/opt/ros/foxy/opt/yaml_cpp_vendor/lib:/opt/ros/foxy/opt/rviz_ogre_vendor/lib:/opt/ros/foxy/lib/x86_64-linux-gnu:/opt/ros/foxy/lib:/usr/local/cuda/lib64 PYTHONPATH=/home/aiv/YongJun_ws/ros2_ws/install/zed_interfaces/lib/python3.8/site-packages:${PYTHONPATH} /usr/bin/cmake --install /home/aiv/YongJun_ws/ros2_ws/build/zed_ros2
[0.311s] -- Install configuration: ""
[0.311s] -- Installing: /home/aiv/YongJun_ws/ros2_ws/install/zed_ros2/share/ament_index/resource_index/package_run_dependencies/zed_ros2
[0.311s] -- Installing: /home/aiv/YongJun_ws/ros2_ws/install/zed_ros2/share/ament_index/resource_index/parent_prefix_path/zed_ros2
[0.311s] -- Installing: /home/aiv/YongJun_ws/ros2_ws/install/zed_ros2/share/zed_ros2/environment/ament_prefix_path.sh
[0.311s] -- Installing: /home/aiv/YongJun_ws/ros2_ws/install/zed_ros2/share/zed_ros2/environment/ament_prefix_path.dsv
[0.311s] -- Installing: /home/aiv/YongJun_ws/ros2_ws/install/zed_ros2/share/zed_ros2/environment/path.sh
[0.311s] -- Installing: /home/aiv/YongJun_ws/ros2_ws/install/zed_ros2/share/zed_ros2/environment/path.dsv
[0.311s] -- Installing: /home/aiv/YongJun_ws/ros2_ws/install/zed_ros2/share/zed_ros2/local_setup.bash
[0.311s] -- Installing: /home/aiv/YongJun_ws/ros2_ws/install/zed_ros2/share/zed_ros2/local_setup.sh
[0.311s] -- Installing: /home/aiv/YongJun_ws/ros2_ws/install/zed_ros2/share/zed_ros2/local_setup.zsh
[0.311s] -- Installing: /home/aiv/YongJun_ws/ros2_ws/install/zed_ros2/share/zed_ros2/local_setup.dsv
[0.311s] -- Installing: /home/aiv/YongJun_ws/ros2_ws/install/zed_ros2/share/zed_ros2/package.dsv
[0.311s] -- Installing: /home/aiv/YongJun_ws/ros2_ws/install/zed_ros2/share/ament_index/resource_index/packages/zed_ros2
[0.311s] -- Installing: /home/aiv/YongJun_ws/ros2_ws/install/zed_ros2/share/zed_ros2/cmake/zed_ros2Config.cmake
[0.312s] -- Installing: /home/aiv/YongJun_ws/ros2_ws/install/zed_ros2/share/zed_ros2/cmake/zed_ros2Config-version.cmake
[0.312s] -- Installing: /home/aiv/YongJun_ws/ros2_ws/install/zed_ros2/share/zed_ros2/package.xml
[0.313s] Invoked command in '/home/aiv/YongJun_ws/ros2_ws/build/zed_ros2' returned '0': AMENT_PREFIX_PATH=/home/aiv/YongJun_ws/ros2_ws/install/zed_wrapper:/home/aiv/YongJun_ws/ros2_ws/install/zed_components:/home/aiv/YongJun_ws/ros2_ws/install/zed_interfaces:${AMENT_PREFIX_PATH} CMAKE_PREFIX_PATH=/home/aiv/YongJun_ws/ros2_ws/install/zed_wrapper:/home/aiv/YongJun_ws/ros2_ws/install/zed_components:/home/aiv/YongJun_ws/ros2_ws/install/zed_interfaces:/opt/ros/foxy LD_LIBRARY_PATH=/home/aiv/YongJun_ws/ros2_ws/install/zed_components/lib:/home/aiv/YongJun_ws/ros2_ws/install/zed_interfaces/lib:/opt/ros/foxy/opt/yaml_cpp_vendor/lib:/opt/ros/foxy/opt/rviz_ogre_vendor/lib:/opt/ros/foxy/lib/x86_64-linux-gnu:/opt/ros/foxy/lib:/usr/local/cuda/lib64 PYTHONPATH=/home/aiv/YongJun_ws/ros2_ws/install/zed_interfaces/lib/python3.8/site-packages:${PYTHONPATH} /usr/bin/cmake --install /home/aiv/YongJun_ws/ros2_ws/build/zed_ros2
