-- Found ament_cmake: 0.9.12 (/opt/ros/foxy/share/ament_cmake/cmake)
-- Using PYTHON_EXECUTABLE: /usr/bin/python3
-- Override CMake install command with custom implementation using symlinks instead of copying resources
-- Configuring done
-- Generating done
-- Build files have been written to: /home/aiv/YongJun_ws/ros2_ws/build/yolov8_bringup
-- Install configuration: ""
-- Execute custom install script
-- Symlinking: /home/aiv/YongJun_ws/ros2_ws/install/yolov8_bringup/share/yolov8_bringup//launch/yolov10.launch.py
-- Symlinking: /home/aiv/YongJun_ws/ros2_ws/install/yolov8_bringup/share/yolov8_bringup//launch/yolov8.launch.py
-- Symlinking: /home/aiv/YongJun_ws/ros2_ws/install/yolov8_bringup/share/yolov8_bringup//launch/yolov8_3d.launch.py
-- Symlinking: /home/aiv/YongJun_ws/ros2_ws/install/yolov8_bringup/share/yolov8_bringup//launch/yolov9.launch.py
-- Symlinking: /home/aiv/YongJun_ws/ros2_ws/install/yolov8_bringup/share/ament_index/resource_index/package_run_dependencies/yolov8_bringup
-- Symlinking: /home/aiv/YongJun_ws/ros2_ws/install/yolov8_bringup/share/ament_index/resource_index/parent_prefix_path/yolov8_bringup
-- Symlinking: /home/aiv/YongJun_ws/ros2_ws/install/yolov8_bringup/share/yolov8_bringup/environment/ament_prefix_path.sh
-- Symlinking: /home/aiv/YongJun_ws/ros2_ws/install/yolov8_bringup/share/yolov8_bringup/environment/ament_prefix_path.dsv
-- Symlinking: /home/aiv/YongJun_ws/ros2_ws/install/yolov8_bringup/share/yolov8_bringup/environment/path.sh
-- Symlinking: /home/aiv/YongJun_ws/ros2_ws/install/yolov8_bringup/share/yolov8_bringup/environment/path.dsv
-- Symlinking: /home/aiv/YongJun_ws/ros2_ws/install/yolov8_bringup/share/yolov8_bringup/local_setup.bash
-- Symlinking: /home/aiv/YongJun_ws/ros2_ws/install/yolov8_bringup/share/yolov8_bringup/local_setup.sh
-- Symlinking: /home/aiv/YongJun_ws/ros2_ws/install/yolov8_bringup/share/yolov8_bringup/local_setup.zsh
-- Symlinking: /home/aiv/YongJun_ws/ros2_ws/install/yolov8_bringup/share/yolov8_bringup/local_setup.dsv
-- Symlinking: /home/aiv/YongJun_ws/ros2_ws/install/yolov8_bringup/share/yolov8_bringup/package.dsv
-- Symlinking: /home/aiv/YongJun_ws/ros2_ws/install/yolov8_bringup/share/ament_index/resource_index/packages/yolov8_bringup
-- Symlinking: /home/aiv/YongJun_ws/ros2_ws/install/yolov8_bringup/share/yolov8_bringup/cmake/yolov8_bringupConfig.cmake
-- Symlinking: /home/aiv/YongJun_ws/ros2_ws/install/yolov8_bringup/share/yolov8_bringup/cmake/yolov8_bringupConfig-version.cmake
-- Symlinking: /home/aiv/YongJun_ws/ros2_ws/install/yolov8_bringup/share/yolov8_bringup/package.xml
