-- The C compiler identification is GNU 9.4.0
-- The CXX compiler identification is GNU 9.4.0
-- Check for working C compiler: /usr/bin/cc
-- Check for working C compiler: /usr/bin/cc -- works
-- Detecting C compiler ABI info
-- Detecting C compiler ABI info - done
-- Detecting C compile features
-- Detecting C compile features - done
-- Check for working CXX compiler: /usr/bin/c++
-- Check for working CXX compiler: /usr/bin/c++ -- works
-- Detecting CXX compiler ABI info
-- Detecting CXX compiler ABI info - done
-- Detecting CXX compile features
-- Detecting CXX compile features - done
-- Found ament_cmake_auto: 0.9.12 (/opt/ros/foxy/share/ament_cmake_auto/cmake)
-- Found PythonInterp: /usr/bin/python3 (found suitable version "3.8.10", minimum required is "3") 
-- Using PYTHON_EXECUTABLE: /usr/bin/python3
-- Override CMake install command with custom implementation using symlinks instead of copying resources
-- Using all available rosidl_typesupport_c: rosidl_typesupport_fastrtps_c;rosidl_typesupport_introspection_c
-- Found rosidl_adapter: 1.3.1 (/opt/ros/foxy/share/rosidl_adapter/cmake)
-- Found OpenSSL: /usr/lib/x86_64-linux-gnu/libcrypto.so (found version "1.1.1f")  
-- Found FastRTPS: /opt/ros/foxy/include  
-- Using all available rosidl_typesupport_cpp: rosidl_typesupport_fastrtps_cpp;rosidl_typesupport_introspection_cpp
-- Found rmw_implementation_cmake: 1.0.4 (/opt/ros/foxy/share/rmw_implementation_cmake/cmake)
-- Using RMW implementation 'rmw_fastrtps_cpp' as default
-- Looking for pthread.h
-- Looking for pthread.h - found
-- Performing Test CMAKE_HAVE_LIBC_PTHREAD
-- Performing Test CMAKE_HAVE_LIBC_PTHREAD - Failed
-- Looking for pthread_create in pthreads
-- Looking for pthread_create in pthreads - not found
-- Looking for pthread_create in pthread
-- Looking for pthread_create in pthread - found
-- Found Threads: TRUE  
-- Setting yaml-cpp_DIR to: '/opt/ros/foxy/share/yaml_cpp_vendor/cmake/../../../opt/yaml_cpp_vendor/lib/cmake/yaml-cpp'
-- Found OpenCV: /usr (found version "4.2.0") 
-- Found PkgConfig: /usr/bin/pkg-config (found version "0.29.1") 
-- Checking for module 'libavcodec'
--   Found libavcodec, version 58.54.100
-- Checking for module 'libavutil'
--   Found libavutil, version 56.31.100
-- Checking for module 'libswscale'
--   Found libswscale, version 5.5.100
-- Found ament_lint_auto: 0.9.8 (/opt/ros/foxy/share/ament_lint_auto/cmake)
-- Found gtest sources under '/opt/ros/foxy/src/gtest_vendor': C++ tests using 'Google Test' will be built
-- Check if compiler accepts -pthread
-- Check if compiler accepts -pthread - yes
-- Added test 'copyright' to check source files copyright and LICENSE
-- Added test 'cppcheck' to perform static code analysis on C / C++ code
-- Configured cppcheck include dirs: /home/yong/YongJun/src/sensor/src/usb_cam/include
-- Configured cppcheck exclude dirs and/or files: 
-- Added test 'cpplint' to check C / C++ code against the Google style
-- Configured cpplint exclude dirs and/or files: 
-- Added test 'flake8' to check Python code syntax and style conventions
-- Added test 'lint_cmake' to check CMake code style
-- Added test 'pep257' to check Python code against some of the style conventions in PEP 257
-- Added test 'uncrustify' to check C / C++ code style
-- Configured uncrustify additional arguments: 
-- Added test 'xmllint' to check XML markup files
-- Configuring done
-- Generating done
-- Build files have been written to: /home/yong/YongJun/build/usb_cam
[35m[1mScanning dependencies of target usb_cam_node_exe[0m
[35m[1mScanning dependencies of target gtest_main[0m
[35m[1mScanning dependencies of target gtest[0m
[35m[1mScanning dependencies of target usb_cam[0m
[ 14%] [32mBuilding CXX object gtest/CMakeFiles/gtest_main.dir/src/gtest_main.cc.o[0m
[ 14%] [32mBuilding CXX object gtest/CMakeFiles/gtest.dir/src/gtest-all.cc.o[0m
[ 21%] [32mBuilding CXX object CMakeFiles/usb_cam.dir/src/usb_cam.cpp.o[0m
[ 28%] [32mBuilding CXX object CMakeFiles/usb_cam_node_exe.dir/rclcpp_components/node_main_usb_cam_node_exe.cpp.o[0m
[ 35%] [32m[1mLinking CXX static library libgtest_main.a[0m
[ 35%] Built target gtest_main
[ 42%] [32m[1mLinking CXX executable usb_cam_node_exe[0m
[ 50%] [32m[1mLinking CXX shared library libusb_cam.so[0m
[ 50%] Built target usb_cam_node_exe
[ 50%] Built target usb_cam
[35m[1mScanning dependencies of target usb_cam_node[0m
[ 57%] [32mBuilding CXX object CMakeFiles/usb_cam_node.dir/src/ros2/usb_cam_node.cpp.o[0m
[ 64%] [32m[1mLinking CXX static library libgtest.a[0m
[ 64%] Built target gtest
[35m[1mScanning dependencies of target test_usb_cam_utils[0m
[35m[1mScanning dependencies of target test_pixel_formats[0m
[ 71%] [32mBuilding CXX object CMakeFiles/test_usb_cam_utils.dir/test/test_usb_cam_utils.cpp.o[0m
[ 78%] [32mBuilding CXX object CMakeFiles/test_pixel_formats.dir/test/test_pixel_formats.cpp.o[0m
[ 85%] [32m[1mLinking CXX executable test_usb_cam_utils[0m
[ 85%] Built target test_usb_cam_utils
[ 92%] [32m[1mLinking CXX executable test_pixel_formats[0m
[ 92%] Built target test_pixel_formats
[100%] [32m[1mLinking CXX shared library libusb_cam_node.so[0m
[100%] Built target usb_cam_node
-- Install configuration: ""
-- Execute custom install script
-- Symlinking: /home/yong/YongJun/install/usb_cam/share/usb_cam/environment/library_path.sh
-- Symlinking: /home/yong/YongJun/install/usb_cam/share/usb_cam/environment/library_path.dsv
-- Symlinking: /home/yong/YongJun/install/usb_cam/lib/usb_cam/usb_cam_node_exe
-- Symlinking: /home/yong/YongJun/install/usb_cam/lib/usb_cam/show_image.py
-- Symlinking: /home/yong/YongJun/install/usb_cam/lib/libusb_cam.so
-- Symlinking: /home/yong/YongJun/install/usb_cam/lib/libusb_cam_node.so
-- Symlinking: /home/yong/YongJun/install/usb_cam/include/usb_cam/constants.hpp
-- Symlinking: /home/yong/YongJun/install/usb_cam/include/usb_cam/conversions.hpp
-- Symlinking: /home/yong/YongJun/install/usb_cam/include/usb_cam/formats/av_pixel_format_helper.hpp
-- Symlinking: /home/yong/YongJun/install/usb_cam/include/usb_cam/formats/m420.hpp
-- Symlinking: /home/yong/YongJun/install/usb_cam/include/usb_cam/formats/mjpeg.hpp
-- Symlinking: /home/yong/YongJun/install/usb_cam/include/usb_cam/formats/mono.hpp
-- Symlinking: /home/yong/YongJun/install/usb_cam/include/usb_cam/formats/pixel_format_base.hpp
-- Symlinking: /home/yong/YongJun/install/usb_cam/include/usb_cam/formats/rgb.hpp
-- Symlinking: /home/yong/YongJun/install/usb_cam/include/usb_cam/formats/utils.hpp
-- Symlinking: /home/yong/YongJun/install/usb_cam/include/usb_cam/formats/uyvy.hpp
-- Symlinking: /home/yong/YongJun/install/usb_cam/include/usb_cam/formats/yuyv.hpp
-- Symlinking: /home/yong/YongJun/install/usb_cam/include/usb_cam/usb_cam.hpp
-- Symlinking: /home/yong/YongJun/install/usb_cam/include/usb_cam/usb_cam_node.hpp
-- Symlinking: /home/yong/YongJun/install/usb_cam/include/usb_cam/utils.hpp
-- Up-to-date symlink: /home/yong/YongJun/install/usb_cam/lib/libusb_cam_node.so
-- Symlinking: /home/yong/YongJun/install/usb_cam/share/usb_cam/launch/__init__.py
-- Symlinking: /home/yong/YongJun/install/usb_cam/share/usb_cam/launch/__pycache__/camera_config.cpython-38.pyc
-- Symlinking: /home/yong/YongJun/install/usb_cam/share/usb_cam/launch/camera.launch.py
-- Symlinking: /home/yong/YongJun/install/usb_cam/share/usb_cam/launch/camera_config.py
-- Symlinking: /home/yong/YongJun/install/usb_cam/share/usb_cam/config/camera_info.yaml
-- Symlinking: /home/yong/YongJun/install/usb_cam/share/usb_cam/config/params_1.yaml
-- Symlinking: /home/yong/YongJun/install/usb_cam/share/usb_cam/config/params_2.yaml
-- Symlinking: /home/yong/YongJun/install/usb_cam/share/ament_index/resource_index/package_run_dependencies/usb_cam
-- Symlinking: /home/yong/YongJun/install/usb_cam/share/ament_index/resource_index/parent_prefix_path/usb_cam
-- Symlinking: /home/yong/YongJun/install/usb_cam/share/usb_cam/environment/ament_prefix_path.sh
-- Symlinking: /home/yong/YongJun/install/usb_cam/share/usb_cam/environment/ament_prefix_path.dsv
-- Symlinking: /home/yong/YongJun/install/usb_cam/share/usb_cam/environment/path.sh
-- Symlinking: /home/yong/YongJun/install/usb_cam/share/usb_cam/environment/path.dsv
-- Symlinking: /home/yong/YongJun/install/usb_cam/share/usb_cam/local_setup.bash
-- Symlinking: /home/yong/YongJun/install/usb_cam/share/usb_cam/local_setup.sh
-- Symlinking: /home/yong/YongJun/install/usb_cam/share/usb_cam/local_setup.zsh
-- Symlinking: /home/yong/YongJun/install/usb_cam/share/usb_cam/local_setup.dsv
-- Symlinking: /home/yong/YongJun/install/usb_cam/share/usb_cam/package.dsv
-- Symlinking: /home/yong/YongJun/install/usb_cam/share/ament_index/resource_index/packages/usb_cam
-- Symlinking: /home/yong/YongJun/install/usb_cam/share/ament_index/resource_index/rclcpp_components/usb_cam
-- Symlinking: /home/yong/YongJun/install/usb_cam/share/usb_cam/cmake/ament_cmake_export_libraries-extras.cmake
-- Symlinking: /home/yong/YongJun/install/usb_cam/share/usb_cam/cmake/ament_cmake_export_dependencies-extras.cmake
-- Symlinking: /home/yong/YongJun/install/usb_cam/share/usb_cam/cmake/ament_cmake_export_include_directories-extras.cmake
-- Symlinking: /home/yong/YongJun/install/usb_cam/share/usb_cam/cmake/usb_camConfig.cmake
-- Symlinking: /home/yong/YongJun/install/usb_cam/share/usb_cam/cmake/usb_camConfig-version.cmake
-- Symlinking: /home/yong/YongJun/install/usb_cam/share/usb_cam/package.xml
