[0.200s] Invoking command in '/home/yong/YongJun/build/usb_cam': CMAKE_PREFIX_PATH=/opt/ros/foxy /usr/bin/cmake /home/yong/YongJun/src/sensor/src/usb_cam -DAMENT_CMAKE_SYMLINK_INSTALL=1 -DCMAKE_INSTALL_PREFIX=/home/yong/YongJun/install/usb_cam
[0.237s] -- The C compiler identification is GNU 9.4.0
[0.272s] -- The CXX compiler identification is GNU 9.4.0
[0.275s] -- Check for working C compiler: /usr/bin/cc
[0.318s] -- Check for working C compiler: /usr/bin/cc -- works
[0.319s] -- Detecting C compiler ABI info
[0.363s] -- Detecting C compiler ABI info - done
[0.371s] -- Detecting C compile features
[0.371s] -- Detecting C compile features - done
[0.373s] -- Check for working CXX compiler: /usr/bin/c++
[0.424s] -- Check for working CXX compiler: /usr/bin/c++ -- works
[0.425s] -- Detecting CXX compiler ABI info
[0.477s] -- Detecting CXX compiler ABI info - done
[0.486s] -- Detecting CXX compile features
[0.486s] -- Detecting CXX compile features - done
[0.487s] -- Found ament_cmake_auto: 0.9.12 (/opt/ros/foxy/share/ament_cmake_auto/cmake)
[0.505s] -- Found PythonInterp: /usr/bin/python3 (found suitable version "3.8.10", minimum required is "3") 
[0.505s] -- Using PYTHON_EXECUTABLE: /usr/bin/python3
[0.659s] -- Override CMake install command with custom implementation using symlinks instead of copying resources
[0.750s] -- Using all available rosidl_typesupport_c: rosidl_typesupport_fastrtps_c;rosidl_typesupport_introspection_c
[0.755s] -- Found rosidl_adapter: 1.3.1 (/opt/ros/foxy/share/rosidl_adapter/cmake)
[0.802s] -- Found OpenSSL: /usr/lib/x86_64-linux-gnu/libcrypto.so (found version "1.1.1f")  
[0.823s] -- Found FastRTPS: /opt/ros/foxy/include  
[0.877s] -- Using all available rosidl_typesupport_cpp: rosidl_typesupport_fastrtps_cpp;rosidl_typesupport_introspection_cpp
[0.918s] -- Found rmw_implementation_cmake: 1.0.4 (/opt/ros/foxy/share/rmw_implementation_cmake/cmake)
[0.919s] -- Using RMW implementation 'rmw_fastrtps_cpp' as default
[0.919s] -- Looking for pthread.h
[0.966s] -- Looking for pthread.h - found
[0.966s] -- Performing Test CMAKE_HAVE_LIBC_PTHREAD
[1.012s] -- Performing Test CMAKE_HAVE_LIBC_PTHREAD - Failed
[1.012s] -- Looking for pthread_create in pthreads
[1.051s] -- Looking for pthread_create in pthreads - not found
[1.051s] -- Looking for pthread_create in pthread
[1.095s] -- Looking for pthread_create in pthread - found
[1.096s] -- Found Threads: TRUE  
[1.399s] -- Setting yaml-cpp_DIR to: '/opt/ros/foxy/share/yaml_cpp_vendor/cmake/../../../opt/yaml_cpp_vendor/lib/cmake/yaml-cpp'
[1.494s] -- Found OpenCV: /usr (found version "4.2.0") 
[1.496s] -- Found PkgConfig: /usr/bin/pkg-config (found version "0.29.1") 
[1.497s] -- Checking for module 'libavcodec'
[1.507s] --   Found libavcodec, version 58.54.100
[1.532s] -- Checking for module 'libavutil'
[1.542s] --   Found libavutil, version 56.31.100
[1.566s] -- Checking for module 'libswscale'
[1.577s] --   Found libswscale, version 5.5.100
[1.654s] -- Found ament_lint_auto: 0.9.8 (/opt/ros/foxy/share/ament_lint_auto/cmake)
[1.669s] -- Found gtest sources under '/opt/ros/foxy/src/gtest_vendor': C++ tests using 'Google Test' will be built
[1.671s] -- Check if compiler accepts -pthread
[1.718s] -- Check if compiler accepts -pthread - yes
[1.727s] -- Added test 'copyright' to check source files copyright and LICENSE
[1.732s] -- Added test 'cppcheck' to perform static code analysis on C / C++ code
[1.732s] -- Configured cppcheck include dirs: /home/yong/YongJun/src/sensor/src/usb_cam/include
[1.732s] -- Configured cppcheck exclude dirs and/or files: 
[1.735s] -- Added test 'cpplint' to check C / C++ code against the Google style
[1.735s] -- Configured cpplint exclude dirs and/or files: 
[1.735s] -- Added test 'flake8' to check Python code syntax and style conventions
[1.736s] -- Added test 'lint_cmake' to check CMake code style
[1.737s] -- Added test 'pep257' to check Python code against some of the style conventions in PEP 257
[1.740s] -- Added test 'uncrustify' to check C / C++ code style
[1.740s] -- Configured uncrustify additional arguments: 
[1.740s] -- Added test 'xmllint' to check XML markup files
[1.744s] -- Configuring done
[1.776s] -- Generating done
[1.777s] -- Build files have been written to: /home/yong/YongJun/build/usb_cam
[1.786s] Invoked command in '/home/yong/YongJun/build/usb_cam' returned '0': CMAKE_PREFIX_PATH=/opt/ros/foxy /usr/bin/cmake /home/yong/YongJun/src/sensor/src/usb_cam -DAMENT_CMAKE_SYMLINK_INSTALL=1 -DCMAKE_INSTALL_PREFIX=/home/yong/YongJun/install/usb_cam
[1.786s] Invoking command in '/home/yong/YongJun/build/usb_cam': CMAKE_PREFIX_PATH=/opt/ros/foxy /usr/bin/cmake --build /home/yong/YongJun/build/usb_cam -- -j8 -l8
[1.813s] [35m[1mScanning dependencies of target usb_cam_node_exe[0m
[1.814s] [35m[1mScanning dependencies of target gtest_main[0m
[1.814s] [35m[1mScanning dependencies of target gtest[0m
[1.814s] [35m[1mScanning dependencies of target usb_cam[0m
[1.827s] [ 14%] [32mBuilding CXX object gtest/CMakeFiles/gtest_main.dir/src/gtest_main.cc.o[0m
[1.827s] [ 14%] [32mBuilding CXX object gtest/CMakeFiles/gtest.dir/src/gtest-all.cc.o[0m
[1.853s] [ 21%] [32mBuilding CXX object CMakeFiles/usb_cam.dir/src/usb_cam.cpp.o[0m
[1.868s] [ 28%] [32mBuilding CXX object CMakeFiles/usb_cam_node_exe.dir/rclcpp_components/node_main_usb_cam_node_exe.cpp.o[0m
[2.646s] [ 35%] [32m[1mLinking CXX static library libgtest_main.a[0m
[2.743s] [ 35%] Built target gtest_main
[3.582s] [ 42%] [32m[1mLinking CXX executable usb_cam_node_exe[0m
[3.732s] [ 50%] [32m[1mLinking CXX shared library libusb_cam.so[0m
[3.793s] [ 50%] Built target usb_cam_node_exe
[3.909s] [ 50%] Built target usb_cam
[3.933s] [35m[1mScanning dependencies of target usb_cam_node[0m
[3.984s] [ 57%] [32mBuilding CXX object CMakeFiles/usb_cam_node.dir/src/ros2/usb_cam_node.cpp.o[0m
[4.598s] [ 64%] [32m[1mLinking CXX static library libgtest.a[0m
[4.679s] [ 64%] Built target gtest
[4.707s] [35m[1mScanning dependencies of target test_usb_cam_utils[0m
[4.729s] [35m[1mScanning dependencies of target test_pixel_formats[0m
[4.730s] [ 71%] [32mBuilding CXX object CMakeFiles/test_usb_cam_utils.dir/test/test_usb_cam_utils.cpp.o[0m
[4.815s] [ 78%] [32mBuilding CXX object CMakeFiles/test_pixel_formats.dir/test/test_pixel_formats.cpp.o[0m
[5.968s] [ 85%] [32m[1mLinking CXX executable test_usb_cam_utils[0m
[6.204s] [ 85%] Built target test_usb_cam_utils
[6.314s] [ 92%] [32m[1mLinking CXX executable test_pixel_formats[0m
[6.427s] [ 92%] Built target test_pixel_formats
[8.554s] [100%] [32m[1mLinking CXX shared library libusb_cam_node.so[0m
[8.814s] [100%] Built target usb_cam_node
[8.821s] Invoked command in '/home/yong/YongJun/build/usb_cam' returned '0': CMAKE_PREFIX_PATH=/opt/ros/foxy /usr/bin/cmake --build /home/yong/YongJun/build/usb_cam -- -j8 -l8
[8.842s] Invoking command in '/home/yong/YongJun/build/usb_cam': CMAKE_PREFIX_PATH=/opt/ros/foxy /usr/bin/cmake --install /home/yong/YongJun/build/usb_cam
[8.847s] -- Install configuration: ""
[8.848s] -- Execute custom install script
[8.848s] -- Symlinking: /home/yong/YongJun/install/usb_cam/share/usb_cam/environment/library_path.sh
[8.854s] -- Symlinking: /home/yong/YongJun/install/usb_cam/share/usb_cam/environment/library_path.dsv
[8.859s] -- Symlinking: /home/yong/YongJun/install/usb_cam/lib/usb_cam/usb_cam_node_exe
[8.865s] -- Symlinking: /home/yong/YongJun/install/usb_cam/lib/usb_cam/show_image.py
[8.871s] -- Symlinking: /home/yong/YongJun/install/usb_cam/lib/libusb_cam.so
[8.877s] -- Symlinking: /home/yong/YongJun/install/usb_cam/lib/libusb_cam_node.so
[8.882s] -- Symlinking: /home/yong/YongJun/install/usb_cam/include/usb_cam/constants.hpp
[8.888s] -- Symlinking: /home/yong/YongJun/install/usb_cam/include/usb_cam/conversions.hpp
[8.893s] -- Symlinking: /home/yong/YongJun/install/usb_cam/include/usb_cam/formats/av_pixel_format_helper.hpp
[8.899s] -- Symlinking: /home/yong/YongJun/install/usb_cam/include/usb_cam/formats/m420.hpp
[8.905s] -- Symlinking: /home/yong/YongJun/install/usb_cam/include/usb_cam/formats/mjpeg.hpp
[8.910s] -- Symlinking: /home/yong/YongJun/install/usb_cam/include/usb_cam/formats/mono.hpp
[8.916s] -- Symlinking: /home/yong/YongJun/install/usb_cam/include/usb_cam/formats/pixel_format_base.hpp
[8.921s] -- Symlinking: /home/yong/YongJun/install/usb_cam/include/usb_cam/formats/rgb.hpp
[8.927s] -- Symlinking: /home/yong/YongJun/install/usb_cam/include/usb_cam/formats/utils.hpp
[8.932s] -- Symlinking: /home/yong/YongJun/install/usb_cam/include/usb_cam/formats/uyvy.hpp
[8.938s] -- Symlinking: /home/yong/YongJun/install/usb_cam/include/usb_cam/formats/yuyv.hpp
[8.944s] -- Symlinking: /home/yong/YongJun/install/usb_cam/include/usb_cam/usb_cam.hpp
[8.949s] -- Symlinking: /home/yong/YongJun/install/usb_cam/include/usb_cam/usb_cam_node.hpp
[8.955s] -- Symlinking: /home/yong/YongJun/install/usb_cam/include/usb_cam/utils.hpp
[8.961s] -- Up-to-date symlink: /home/yong/YongJun/install/usb_cam/lib/libusb_cam_node.so
[8.961s] -- Symlinking: /home/yong/YongJun/install/usb_cam/share/usb_cam/launch/__init__.py
[8.966s] -- Symlinking: /home/yong/YongJun/install/usb_cam/share/usb_cam/launch/__pycache__/camera_config.cpython-38.pyc
[8.972s] -- Symlinking: /home/yong/YongJun/install/usb_cam/share/usb_cam/launch/camera.launch.py
[8.978s] -- Symlinking: /home/yong/YongJun/install/usb_cam/share/usb_cam/launch/camera_config.py
[8.983s] -- Symlinking: /home/yong/YongJun/install/usb_cam/share/usb_cam/config/camera_info.yaml
[8.988s] -- Symlinking: /home/yong/YongJun/install/usb_cam/share/usb_cam/config/params_1.yaml
[8.994s] -- Symlinking: /home/yong/YongJun/install/usb_cam/share/usb_cam/config/params_2.yaml
[9.000s] -- Symlinking: /home/yong/YongJun/install/usb_cam/share/ament_index/resource_index/package_run_dependencies/usb_cam
[9.005s] -- Symlinking: /home/yong/YongJun/install/usb_cam/share/ament_index/resource_index/parent_prefix_path/usb_cam
[9.011s] -- Symlinking: /home/yong/YongJun/install/usb_cam/share/usb_cam/environment/ament_prefix_path.sh
[9.016s] -- Symlinking: /home/yong/YongJun/install/usb_cam/share/usb_cam/environment/ament_prefix_path.dsv
[9.022s] -- Symlinking: /home/yong/YongJun/install/usb_cam/share/usb_cam/environment/path.sh
[9.028s] -- Symlinking: /home/yong/YongJun/install/usb_cam/share/usb_cam/environment/path.dsv
[9.033s] -- Symlinking: /home/yong/YongJun/install/usb_cam/share/usb_cam/local_setup.bash
[9.039s] -- Symlinking: /home/yong/YongJun/install/usb_cam/share/usb_cam/local_setup.sh
[9.045s] -- Symlinking: /home/yong/YongJun/install/usb_cam/share/usb_cam/local_setup.zsh
[9.050s] -- Symlinking: /home/yong/YongJun/install/usb_cam/share/usb_cam/local_setup.dsv
[9.056s] -- Symlinking: /home/yong/YongJun/install/usb_cam/share/usb_cam/package.dsv
[9.061s] -- Symlinking: /home/yong/YongJun/install/usb_cam/share/ament_index/resource_index/packages/usb_cam
[9.067s] -- Symlinking: /home/yong/YongJun/install/usb_cam/share/ament_index/resource_index/rclcpp_components/usb_cam
[9.072s] -- Symlinking: /home/yong/YongJun/install/usb_cam/share/usb_cam/cmake/ament_cmake_export_libraries-extras.cmake
[9.078s] -- Symlinking: /home/yong/YongJun/install/usb_cam/share/usb_cam/cmake/ament_cmake_export_dependencies-extras.cmake
[9.083s] -- Symlinking: /home/yong/YongJun/install/usb_cam/share/usb_cam/cmake/ament_cmake_export_include_directories-extras.cmake
[9.089s] -- Symlinking: /home/yong/YongJun/install/usb_cam/share/usb_cam/cmake/usb_camConfig.cmake
[9.094s] -- Symlinking: /home/yong/YongJun/install/usb_cam/share/usb_cam/cmake/usb_camConfig-version.cmake
[9.100s] -- Symlinking: /home/yong/YongJun/install/usb_cam/share/usb_cam/package.xml
[9.107s] Invoked command in '/home/yong/YongJun/build/usb_cam' returned '0': CMAKE_PREFIX_PATH=/opt/ros/foxy /usr/bin/cmake --install /home/yong/YongJun/build/usb_cam
