[0.035s] Invoking command in '/home/aiv/YongJun_ws/ros2_ws/build/zed_tutorial_depth': CMAKE_PREFIX_PATH=${CMAKE_PREFIX_PATH}:/home/aiv/YongJun_ws/ros2_ws/install/yolov8_ros:/opt/ros/foxy /usr/bin/cmake /home/aiv/YongJun_ws/ros2_ws/src/zed-ros2-examples/tutorials/zed_depth_tutorial -DCMAKE_INSTALL_PREFIX=/home/aiv/YongJun_ws/ros2_ws/install/zed_tutorial_depth
[0.050s] -- Found ament_cmake_auto: 0.9.12 (/opt/ros/foxy/share/ament_cmake_auto/cmake)
[0.069s] -- Using PYTHON_EXECUTABLE: /usr/bin/python3
[0.234s] -- Override CMake install command with custom implementation using symlinks instead of copying resources
[0.327s] -- Using all available rosidl_typesupport_c: rosidl_typesupport_fastrtps_c;rosidl_typesupport_introspection_c
[0.329s] -- Found rosidl_adapter: 1.3.1 (/opt/ros/foxy/share/rosidl_adapter/cmake)
[0.422s] -- Using all available rosidl_typesupport_cpp: rosidl_typesupport_fastrtps_cpp;rosidl_typesupport_introspection_cpp
[0.458s] -- Found rmw_implementation_cmake: 1.0.4 (/opt/ros/foxy/share/rmw_implementation_cmake/cmake)
[0.460s] -- Using RMW implementation 'rmw_fastrtps_cpp' as default
[0.659s] -- Found ament_lint_auto: 0.9.8 (/opt/ros/foxy/share/ament_lint_auto/cmake)
[0.675s] -- Added test 'copyright' to check source files copyright and LICENSE
[0.676s] -- Added test 'cppcheck' to perform static code analysis on C / C++ code
[0.676s] -- Configured cppcheck include dirs: 
[0.676s] -- Configured cppcheck exclude dirs and/or files: 
[0.676s] -- Added test 'cpplint' to check C / C++ code against the Google style
[0.676s] -- Configured cpplint exclude dirs and/or files: 
[0.677s] -- Added test 'lint_cmake' to check CMake code style
[0.677s] -- Added test 'uncrustify' to check C / C++ code style
[0.677s] -- Configured uncrustify additional arguments: 
[0.677s] -- Added test 'xmllint' to check XML markup files
[0.680s] -- Configuring done
[0.689s] -- Generating done
[0.690s] -- Build files have been written to: /home/aiv/YongJun_ws/ros2_ws/build/zed_tutorial_depth
[0.698s] Invoked command in '/home/aiv/YongJun_ws/ros2_ws/build/zed_tutorial_depth' returned '0': CMAKE_PREFIX_PATH=${CMAKE_PREFIX_PATH}:/home/aiv/YongJun_ws/ros2_ws/install/yolov8_ros:/opt/ros/foxy /usr/bin/cmake /home/aiv/YongJun_ws/ros2_ws/src/zed-ros2-examples/tutorials/zed_depth_tutorial -DCMAKE_INSTALL_PREFIX=/home/aiv/YongJun_ws/ros2_ws/install/zed_tutorial_depth
[0.699s] Invoking command in '/home/aiv/YongJun_ws/ros2_ws/build/zed_tutorial_depth': CMAKE_PREFIX_PATH=${CMAKE_PREFIX_PATH}:/home/aiv/YongJun_ws/ros2_ws/install/yolov8_ros:/opt/ros/foxy /usr/bin/cmake --build /home/aiv/YongJun_ws/ros2_ws/build/zed_tutorial_depth -- -j32 -l32
[0.750s] [100%] Built target zed_tutorial_depth
[0.761s] Invoked command in '/home/aiv/YongJun_ws/ros2_ws/build/zed_tutorial_depth' returned '0': CMAKE_PREFIX_PATH=${CMAKE_PREFIX_PATH}:/home/aiv/YongJun_ws/ros2_ws/install/yolov8_ros:/opt/ros/foxy /usr/bin/cmake --build /home/aiv/YongJun_ws/ros2_ws/build/zed_tutorial_depth -- -j32 -l32
[0.785s] Invoking command in '/home/aiv/YongJun_ws/ros2_ws/build/zed_tutorial_depth': CMAKE_PREFIX_PATH=${CMAKE_PREFIX_PATH}:/home/aiv/YongJun_ws/ros2_ws/install/yolov8_ros:/opt/ros/foxy /usr/bin/cmake --install /home/aiv/YongJun_ws/ros2_ws/build/zed_tutorial_depth
[0.791s] -- Install configuration: "Release"
[0.791s] -- Execute custom install script
[0.792s] -- Up-to-date symlink: /home/aiv/YongJun_ws/ros2_ws/install/zed_tutorial_depth/lib/zed_tutorial_depth/zed_tutorial_depth
[0.792s] -- Up-to-date symlink: /home/aiv/YongJun_ws/ros2_ws/install/zed_tutorial_depth/share/ament_index/resource_index/package_run_dependencies/zed_tutorial_depth
[0.792s] -- Up-to-date symlink: /home/aiv/YongJun_ws/ros2_ws/install/zed_tutorial_depth/share/ament_index/resource_index/parent_prefix_path/zed_tutorial_depth
[0.793s] -- Up-to-date symlink: /home/aiv/YongJun_ws/ros2_ws/install/zed_tutorial_depth/share/zed_tutorial_depth/environment/ament_prefix_path.sh
[0.793s] -- Up-to-date symlink: /home/aiv/YongJun_ws/ros2_ws/install/zed_tutorial_depth/share/zed_tutorial_depth/environment/ament_prefix_path.dsv
[0.793s] -- Up-to-date symlink: /home/aiv/YongJun_ws/ros2_ws/install/zed_tutorial_depth/share/zed_tutorial_depth/environment/path.sh
[0.793s] -- Up-to-date symlink: /home/aiv/YongJun_ws/ros2_ws/install/zed_tutorial_depth/share/zed_tutorial_depth/environment/path.dsv
[0.794s] -- Up-to-date symlink: /home/aiv/YongJun_ws/ros2_ws/install/zed_tutorial_depth/share/zed_tutorial_depth/local_setup.bash
[0.794s] -- Up-to-date symlink: /home/aiv/YongJun_ws/ros2_ws/install/zed_tutorial_depth/share/zed_tutorial_depth/local_setup.sh
[0.794s] -- Up-to-date symlink: /home/aiv/YongJun_ws/ros2_ws/install/zed_tutorial_depth/share/zed_tutorial_depth/local_setup.zsh
[0.794s] -- Up-to-date symlink: /home/aiv/YongJun_ws/ros2_ws/install/zed_tutorial_depth/share/zed_tutorial_depth/local_setup.dsv
[0.795s] -- Symlinking: /home/aiv/YongJun_ws/ros2_ws/install/zed_tutorial_depth/share/zed_tutorial_depth/package.dsv
[0.801s] -- Up-to-date symlink: /home/aiv/YongJun_ws/ros2_ws/install/zed_tutorial_depth/share/ament_index/resource_index/packages/zed_tutorial_depth
[0.802s] -- Up-to-date symlink: /home/aiv/YongJun_ws/ros2_ws/install/zed_tutorial_depth/share/zed_tutorial_depth/cmake/zed_tutorial_depthConfig.cmake
[0.802s] -- Up-to-date symlink: /home/aiv/YongJun_ws/ros2_ws/install/zed_tutorial_depth/share/zed_tutorial_depth/cmake/zed_tutorial_depthConfig-version.cmake
[0.803s] -- Up-to-date symlink: /home/aiv/YongJun_ws/ros2_ws/install/zed_tutorial_depth/share/zed_tutorial_depth/package.xml
[0.811s] Invoked command in '/home/aiv/YongJun_ws/ros2_ws/build/zed_tutorial_depth' returned '0': CMAKE_PREFIX_PATH=${CMAKE_PREFIX_PATH}:/home/aiv/YongJun_ws/ros2_ws/install/yolov8_ros:/opt/ros/foxy /usr/bin/cmake --install /home/aiv/YongJun_ws/ros2_ws/build/zed_tutorial_depth
