[0.019s] Invoking command in '/home/aiv/YongJun_ws/ros2_ws/build/zed_wrapper': AMENT_PREFIX_PATH=/home/aiv/YongJun_ws/ros2_ws/install/zed_components:/home/aiv/YongJun_ws/ros2_ws/install/zed_interfaces:${AMENT_PREFIX_PATH} CMAKE_PREFIX_PATH=/home/aiv/YongJun_ws/ros2_ws/install/zed_components:/home/aiv/YongJun_ws/ros2_ws/install/zed_interfaces:/opt/ros/foxy LD_LIBRARY_PATH=/home/aiv/YongJun_ws/ros2_ws/install/zed_components/lib:/home/aiv/YongJun_ws/ros2_ws/install/zed_interfaces/lib:/opt/ros/foxy/opt/yaml_cpp_vendor/lib:/opt/ros/foxy/opt/rviz_ogre_vendor/lib:/opt/ros/foxy/lib/x86_64-linux-gnu:/opt/ros/foxy/lib:/usr/local/cuda/lib64 PYTHONPATH=/home/aiv/YongJun_ws/ros2_ws/install/zed_interfaces/lib/python3.8/site-packages:${PYTHONPATH} /usr/bin/cmake --build /home/aiv/YongJun_ws/ros2_ws/build/zed_wrapper -- -j32 -l32
[0.064s] [100%] Built target zed_wrapper
[0.075s] Invoked command in '/home/aiv/YongJun_ws/ros2_ws/build/zed_wrapper' returned '0': AMENT_PREFIX_PATH=/home/aiv/YongJun_ws/ros2_ws/install/zed_components:/home/aiv/YongJun_ws/ros2_ws/install/zed_interfaces:${AMENT_PREFIX_PATH} CMAKE_PREFIX_PATH=/home/aiv/YongJun_ws/ros2_ws/install/zed_components:/home/aiv/YongJun_ws/ros2_ws/install/zed_interfaces:/opt/ros/foxy LD_LIBRARY_PATH=/home/aiv/YongJun_ws/ros2_ws/install/zed_components/lib:/home/aiv/YongJun_ws/ros2_ws/install/zed_interfaces/lib:/opt/ros/foxy/opt/yaml_cpp_vendor/lib:/opt/ros/foxy/opt/rviz_ogre_vendor/lib:/opt/ros/foxy/lib/x86_64-linux-gnu:/opt/ros/foxy/lib:/usr/local/cuda/lib64 PYTHONPATH=/home/aiv/YongJun_ws/ros2_ws/install/zed_interfaces/lib/python3.8/site-packages:${PYTHONPATH} /usr/bin/cmake --build /home/aiv/YongJun_ws/ros2_ws/build/zed_wrapper -- -j32 -l32
[0.092s] Invoking command in '/home/aiv/YongJun_ws/ros2_ws/build/zed_wrapper': AMENT_PREFIX_PATH=/home/aiv/YongJun_ws/ros2_ws/install/zed_components:/home/aiv/YongJun_ws/ros2_ws/install/zed_interfaces:${AMENT_PREFIX_PATH} CMAKE_PREFIX_PATH=/home/aiv/YongJun_ws/ros2_ws/install/zed_components:/home/aiv/YongJun_ws/ros2_ws/install/zed_interfaces:/opt/ros/foxy LD_LIBRARY_PATH=/home/aiv/YongJun_ws/ros2_ws/install/zed_components/lib:/home/aiv/YongJun_ws/ros2_ws/install/zed_interfaces/lib:/opt/ros/foxy/opt/yaml_cpp_vendor/lib:/opt/ros/foxy/opt/rviz_ogre_vendor/lib:/opt/ros/foxy/lib/x86_64-linux-gnu:/opt/ros/foxy/lib:/usr/local/cuda/lib64 PYTHONPATH=/home/aiv/YongJun_ws/ros2_ws/install/zed_interfaces/lib/python3.8/site-packages:${PYTHONPATH} /usr/bin/cmake --install /home/aiv/YongJun_ws/ros2_ws/build/zed_wrapper
[0.096s] -- Install configuration: "Release"
[0.096s] -- Up-to-date: /home/aiv/YongJun_ws/ros2_ws/install/zed_wrapper/lib/zed_wrapper/zed_wrapper
[0.097s] -- Up-to-date: /home/aiv/YongJun_ws/ros2_ws/install/zed_wrapper/share/zed_wrapper/config
[0.097s] -- Up-to-date: /home/aiv/YongJun_ws/ros2_ws/install/zed_wrapper/share/zed_wrapper/config/zedxm.yaml
[0.097s] -- Up-to-date: /home/aiv/YongJun_ws/ros2_ws/install/zed_wrapper/share/zed_wrapper/config/zed2i.yaml
[0.097s] -- Up-to-date: /home/aiv/YongJun_ws/ros2_ws/install/zed_wrapper/share/zed_wrapper/config/virtual.yaml
[0.097s] -- Up-to-date: /home/aiv/YongJun_ws/ros2_ws/install/zed_wrapper/share/zed_wrapper/config/zed.yaml
[0.097s] -- Up-to-date: /home/aiv/YongJun_ws/ros2_ws/install/zed_wrapper/share/zed_wrapper/config/zedm.yaml
[0.097s] -- Up-to-date: /home/aiv/YongJun_ws/ros2_ws/install/zed_wrapper/share/zed_wrapper/config/zed2.yaml
[0.097s] -- Up-to-date: /home/aiv/YongJun_ws/ros2_ws/install/zed_wrapper/share/zed_wrapper/config/common.yaml
[0.097s] -- Up-to-date: /home/aiv/YongJun_ws/ros2_ws/install/zed_wrapper/share/zed_wrapper/config/zedx.yaml
[0.097s] -- Up-to-date: /home/aiv/YongJun_ws/ros2_ws/install/zed_wrapper/share/zed_wrapper/urdf
[0.097s] -- Up-to-date: /home/aiv/YongJun_ws/ros2_ws/install/zed_wrapper/share/zed_wrapper/urdf/include
[0.097s] -- Up-to-date: /home/aiv/YongJun_ws/ros2_ws/install/zed_wrapper/share/zed_wrapper/urdf/include/materials.urdf.xacro
[0.097s] -- Up-to-date: /home/aiv/YongJun_ws/ros2_ws/install/zed_wrapper/share/zed_wrapper/urdf/zed_descr.urdf.xacro
[0.097s] -- Up-to-date: /home/aiv/YongJun_ws/ros2_ws/install/zed_wrapper/share/zed_wrapper/urdf/zed_macro.urdf.xacro
[0.097s] -- Up-to-date: /home/aiv/YongJun_ws/ros2_ws/install/zed_wrapper/share/zed_wrapper/launch
[0.097s] -- Up-to-date: /home/aiv/YongJun_ws/ros2_ws/install/zed_wrapper/share/zed_wrapper/launch/zed_camera.launch.py
[0.097s] -- Up-to-date: /home/aiv/YongJun_ws/ros2_ws/install/zed_wrapper/share/ament_index/resource_index/package_run_dependencies/zed_wrapper
[0.097s] -- Up-to-date: /home/aiv/YongJun_ws/ros2_ws/install/zed_wrapper/share/ament_index/resource_index/parent_prefix_path/zed_wrapper
[0.097s] -- Up-to-date: /home/aiv/YongJun_ws/ros2_ws/install/zed_wrapper/share/zed_wrapper/environment/ament_prefix_path.sh
[0.097s] -- Up-to-date: /home/aiv/YongJun_ws/ros2_ws/install/zed_wrapper/share/zed_wrapper/environment/ament_prefix_path.dsv
[0.097s] -- Up-to-date: /home/aiv/YongJun_ws/ros2_ws/install/zed_wrapper/share/zed_wrapper/environment/path.sh
[0.097s] -- Up-to-date: /home/aiv/YongJun_ws/ros2_ws/install/zed_wrapper/share/zed_wrapper/environment/path.dsv
[0.097s] -- Up-to-date: /home/aiv/YongJun_ws/ros2_ws/install/zed_wrapper/share/zed_wrapper/local_setup.bash
[0.097s] -- Up-to-date: /home/aiv/YongJun_ws/ros2_ws/install/zed_wrapper/share/zed_wrapper/local_setup.sh
[0.097s] -- Up-to-date: /home/aiv/YongJun_ws/ros2_ws/install/zed_wrapper/share/zed_wrapper/local_setup.zsh
[0.097s] -- Up-to-date: /home/aiv/YongJun_ws/ros2_ws/install/zed_wrapper/share/zed_wrapper/local_setup.dsv
[0.098s] -- Installing: /home/aiv/YongJun_ws/ros2_ws/install/zed_wrapper/share/zed_wrapper/package.dsv
[0.098s] -- Up-to-date: /home/aiv/YongJun_ws/ros2_ws/install/zed_wrapper/share/ament_index/resource_index/packages/zed_wrapper
[0.098s] -- Up-to-date: /home/aiv/YongJun_ws/ros2_ws/install/zed_wrapper/share/zed_wrapper/cmake/zed_wrapperConfig.cmake
[0.098s] -- Up-to-date: /home/aiv/YongJun_ws/ros2_ws/install/zed_wrapper/share/zed_wrapper/cmake/zed_wrapperConfig-version.cmake
[0.098s] -- Up-to-date: /home/aiv/YongJun_ws/ros2_ws/install/zed_wrapper/share/zed_wrapper/package.xml
[0.098s] Invoked command in '/home/aiv/YongJun_ws/ros2_ws/build/zed_wrapper' returned '0': AMENT_PREFIX_PATH=/home/aiv/YongJun_ws/ros2_ws/install/zed_components:/home/aiv/YongJun_ws/ros2_ws/install/zed_interfaces:${AMENT_PREFIX_PATH} CMAKE_PREFIX_PATH=/home/aiv/YongJun_ws/ros2_ws/install/zed_components:/home/aiv/YongJun_ws/ros2_ws/install/zed_interfaces:/opt/ros/foxy LD_LIBRARY_PATH=/home/aiv/YongJun_ws/ros2_ws/install/zed_components/lib:/home/aiv/YongJun_ws/ros2_ws/install/zed_interfaces/lib:/opt/ros/foxy/opt/yaml_cpp_vendor/lib:/opt/ros/foxy/opt/rviz_ogre_vendor/lib:/opt/ros/foxy/lib/x86_64-linux-gnu:/opt/ros/foxy/lib:/usr/local/cuda/lib64 PYTHONPATH=/home/aiv/YongJun_ws/ros2_ws/install/zed_interfaces/lib/python3.8/site-packages:${PYTHONPATH} /usr/bin/cmake --install /home/aiv/YongJun_ws/ros2_ws/build/zed_wrapper
