-- The C compiler identification is GNU 9.4.0
-- The CXX compiler identification is GNU 9.4.0
-- Detecting C compiler ABI info
-- Detecting C compiler ABI info - done
-- Check for working C compiler: /usr/bin/cc - skipped
-- Detecting C compile features
-- Detecting C compile features - done
-- Detecting CXX compiler ABI info
-- Detecting CXX compiler ABI info - done
-- Check for working CXX compiler: /usr/bin/c++ - skipped
-- Detecting CXX compile features
-- Detecting CXX compile features - done
-- Found ament_cmake: 0.9.12 (/opt/ros/foxy/share/ament_cmake/cmake)
-- Found PythonInterp: /usr/bin/python3 (found suitable version "3.8.10", minimum required is "3") 
-- Using PYTHON_EXECUTABLE: /usr/bin/python3
-- Override CMake install command with custom implementation using symlinks instead of copying resources
-- Found builtin_interfaces: 1.0.0 (/opt/ros/foxy/share/builtin_interfaces/cmake)
-- Using all available rosidl_typesupport_c: rosidl_typesupport_fastrtps_c;rosidl_typesupport_introspection_c
-- Found rosidl_adapter: 1.3.1 (/opt/ros/foxy/share/rosidl_adapter/cmake)
-- Found OpenSSL: /usr/lib/x86_64-linux-gnu/libcrypto.so (found version "1.1.1f")  
-- Found FastRTPS: /opt/ros/foxy/include  
-- Using all available rosidl_typesupport_cpp: rosidl_typesupport_fastrtps_cpp;rosidl_typesupport_introspection_cpp
-- Found rosidl_default_generators: 1.0.1 (/opt/ros/foxy/share/rosidl_default_generators/cmake)
-- Found std_msgs: 2.0.5 (/opt/ros/foxy/share/std_msgs/cmake)
-- Found PythonInterp: /usr/bin/python3 (found version "3.8.10") 
-- Found ament_cmake_ros: 0.9.2 (/opt/ros/foxy/share/ament_cmake_ros/cmake)
-- Using all available rosidl_typesupport_c: rosidl_typesupport_fastrtps_c;rosidl_typesupport_introspection_c
-- Using all available rosidl_typesupport_cpp: rosidl_typesupport_fastrtps_cpp;rosidl_typesupport_introspection_cpp
-- Found PythonInterp: /usr/bin/python3 (found suitable version "3.8.10", minimum required is "3.5") 
-- Found python_cmake_module: 0.8.1 (/opt/ros/foxy/share/python_cmake_module/cmake)
-- Found PythonLibs: /usr/lib/x86_64-linux-gnu/libpython3.8.so (found suitable version "3.8.10", minimum required is "3.5") 
-- Using PYTHON_EXECUTABLE: /usr/bin/python3
-- Using PYTHON_INCLUDE_DIRS: /usr/include/python3.8
-- Using PYTHON_LIBRARIES: /usr/lib/x86_64-linux-gnu/libpython3.8.so
-- Found PythonExtra: .so  
-- Found ament_lint_auto: 0.9.8 (/opt/ros/foxy/share/ament_lint_auto/cmake)
-- Added test 'copyright' to check source files copyright and LICENSE
-- Added test 'lint_cmake' to check CMake code style
-- Added test 'xmllint' to check XML markup files
-- Configuring done
-- Generating done
-- Build files have been written to: /home/aiv/YongJun_ws/ros2_ws/build/scout_msgs
[  1%] [34m[1mGenerating C code for ROS interfaces[0m
[  3%] [34m[1mGenerating C++ code for ROS interfaces[0m
[  3%] Built target scout_msgs__cpp
[  4%] [34m[1mGenerating C++ type support dispatch for ROS interfaces[0m
[  6%] [34m[1mGenerating C++ type support for eProsima Fast-RTPS[0m
[  7%] [34m[1mGenerating C++ introspection for ROS interfaces[0m
[  9%] [32mBuilding C object CMakeFiles/scout_msgs__rosidl_generator_c.dir/rosidl_generator_c/scout_msgs/msg/detail/scout_actuator_state__functions.c.o[0m
[ 11%] [32mBuilding C object CMakeFiles/scout_msgs__rosidl_generator_c.dir/rosidl_generator_c/scout_msgs/msg/detail/scout_light_cmd__functions.c.o[0m
[ 12%] [32mBuilding C object CMakeFiles/scout_msgs__rosidl_generator_c.dir/rosidl_generator_c/scout_msgs/msg/detail/scout_rc_state__functions.c.o[0m
[ 14%] [32mBuilding C object CMakeFiles/scout_msgs__rosidl_generator_c.dir/rosidl_generator_c/scout_msgs/msg/detail/scout_light_state__functions.c.o[0m
[ 15%] [32mBuilding C object CMakeFiles/scout_msgs__rosidl_generator_c.dir/rosidl_generator_c/scout_msgs/msg/detail/scout_status__functions.c.o[0m
[ 17%] [32m[1mLinking C shared library libscout_msgs__rosidl_generator_c.so[0m
[ 17%] Built target scout_msgs__rosidl_generator_c
[ 19%] [34m[1mGenerating C introspection for ROS interfaces[0m
[ 20%] [34m[1mGenerating C type support dispatch for ROS interfaces[0m
[ 22%] [32mBuilding CXX object CMakeFiles/scout_msgs__rosidl_typesupport_cpp.dir/rosidl_typesupport_cpp/scout_msgs/msg/scout_actuator_state__type_support.cpp.o[0m
[ 23%] [32mBuilding CXX object CMakeFiles/scout_msgs__rosidl_typesupport_cpp.dir/rosidl_typesupport_cpp/scout_msgs/msg/scout_light_cmd__type_support.cpp.o[0m
[ 25%] [32mBuilding CXX object CMakeFiles/scout_msgs__rosidl_typesupport_cpp.dir/rosidl_typesupport_cpp/scout_msgs/msg/scout_light_state__type_support.cpp.o[0m
[ 28%] [32mBuilding CXX object CMakeFiles/scout_msgs__rosidl_typesupport_cpp.dir/rosidl_typesupport_cpp/scout_msgs/msg/scout_rc_state__type_support.cpp.o[0m
[ 28%] [32mBuilding CXX object CMakeFiles/scout_msgs__rosidl_typesupport_cpp.dir/rosidl_typesupport_cpp/scout_msgs/msg/scout_status__type_support.cpp.o[0m
[ 30%] [32mBuilding CXX object CMakeFiles/scout_msgs__rosidl_typesupport_introspection_cpp.dir/rosidl_typesupport_introspection_cpp/scout_msgs/msg/detail/scout_actuator_state__type_support.cpp.o[0m
[ 31%] [32mBuilding CXX object CMakeFiles/scout_msgs__rosidl_typesupport_introspection_cpp.dir/rosidl_typesupport_introspection_cpp/scout_msgs/msg/detail/scout_light_cmd__type_support.cpp.o[0m
[ 33%] [32mBuilding CXX object CMakeFiles/scout_msgs__rosidl_typesupport_introspection_cpp.dir/rosidl_typesupport_introspection_cpp/scout_msgs/msg/detail/scout_light_state__type_support.cpp.o[0m
[ 34%] [32mBuilding CXX object CMakeFiles/scout_msgs__rosidl_typesupport_introspection_cpp.dir/rosidl_typesupport_introspection_cpp/scout_msgs/msg/detail/scout_rc_state__type_support.cpp.o[0m
[ 36%] [32mBuilding CXX object CMakeFiles/scout_msgs__rosidl_typesupport_introspection_cpp.dir/rosidl_typesupport_introspection_cpp/scout_msgs/msg/detail/scout_status__type_support.cpp.o[0m
[ 38%] [32mBuilding CXX object CMakeFiles/scout_msgs__rosidl_typesupport_fastrtps_cpp.dir/rosidl_typesupport_fastrtps_cpp/scout_msgs/msg/detail/dds_fastrtps/scout_actuator_state__type_support.cpp.o[0m
[ 41%] [32mBuilding CXX object CMakeFiles/scout_msgs__rosidl_typesupport_fastrtps_cpp.dir/rosidl_typesupport_fastrtps_cpp/scout_msgs/msg/detail/dds_fastrtps/scout_light_cmd__type_support.cpp.o[0m
[ 41%] [32mBuilding CXX object CMakeFiles/scout_msgs__rosidl_typesupport_fastrtps_cpp.dir/rosidl_typesupport_fastrtps_cpp/scout_msgs/msg/detail/dds_fastrtps/scout_light_state__type_support.cpp.o[0m
[ 42%] [32mBuilding CXX object CMakeFiles/scout_msgs__rosidl_typesupport_fastrtps_cpp.dir/rosidl_typesupport_fastrtps_cpp/scout_msgs/msg/detail/dds_fastrtps/scout_rc_state__type_support.cpp.o[0m
[ 44%] [32mBuilding CXX object CMakeFiles/scout_msgs__rosidl_typesupport_fastrtps_cpp.dir/rosidl_typesupport_fastrtps_cpp/scout_msgs/msg/detail/dds_fastrtps/scout_status__type_support.cpp.o[0m
[ 46%] [32mBuilding CXX object CMakeFiles/scout_msgs__rosidl_typesupport_c.dir/rosidl_typesupport_c/scout_msgs/msg/scout_actuator_state__type_support.cpp.o[0m
[ 47%] [32mBuilding CXX object CMakeFiles/scout_msgs__rosidl_typesupport_c.dir/rosidl_typesupport_c/scout_msgs/msg/scout_light_cmd__type_support.cpp.o[0m
[ 49%] [32mBuilding CXX object CMakeFiles/scout_msgs__rosidl_typesupport_c.dir/rosidl_typesupport_c/scout_msgs/msg/scout_light_state__type_support.cpp.o[0m
[ 50%] [32mBuilding CXX object CMakeFiles/scout_msgs__rosidl_typesupport_c.dir/rosidl_typesupport_c/scout_msgs/msg/scout_rc_state__type_support.cpp.o[0m
[ 52%] [32mBuilding CXX object CMakeFiles/scout_msgs__rosidl_typesupport_c.dir/rosidl_typesupport_c/scout_msgs/msg/scout_status__type_support.cpp.o[0m
[ 53%] [32m[1mLinking CXX shared library libscout_msgs__rosidl_typesupport_c.so[0m
[ 53%] Built target scout_msgs__rosidl_typesupport_c
[ 55%] [32mBuilding C object CMakeFiles/scout_msgs__rosidl_typesupport_introspection_c.dir/rosidl_typesupport_introspection_c/scout_msgs/msg/detail/scout_actuator_state__type_support.c.o[0m
[ 57%] [32mBuilding C object CMakeFiles/scout_msgs__rosidl_typesupport_introspection_c.dir/rosidl_typesupport_introspection_c/scout_msgs/msg/detail/scout_light_cmd__type_support.c.o[0m
[ 58%] [32mBuilding C object CMakeFiles/scout_msgs__rosidl_typesupport_introspection_c.dir/rosidl_typesupport_introspection_c/scout_msgs/msg/detail/scout_light_state__type_support.c.o[0m
[ 60%] [32mBuilding C object CMakeFiles/scout_msgs__rosidl_typesupport_introspection_c.dir/rosidl_typesupport_introspection_c/scout_msgs/msg/detail/scout_rc_state__type_support.c.o[0m
[ 61%] [32mBuilding C object CMakeFiles/scout_msgs__rosidl_typesupport_introspection_c.dir/rosidl_typesupport_introspection_c/scout_msgs/msg/detail/scout_status__type_support.c.o[0m
[ 63%] [32m[1mLinking C shared library libscout_msgs__rosidl_typesupport_introspection_c.so[0m
[ 63%] Built target scout_msgs__rosidl_typesupport_introspection_c
[ 65%] [32m[1mLinking CXX shared library libscout_msgs__rosidl_typesupport_introspection_cpp.so[0m
[ 66%] [32m[1mLinking CXX shared library libscout_msgs__rosidl_typesupport_cpp.so[0m
[ 66%] Built target scout_msgs__rosidl_typesupport_cpp
[ 66%] Built target scout_msgs__rosidl_typesupport_introspection_cpp
[ 68%] [32m[1mLinking CXX shared library libscout_msgs__rosidl_typesupport_fastrtps_cpp.so[0m
[ 68%] Built target scout_msgs__rosidl_typesupport_fastrtps_cpp
[ 69%] [34m[1mGenerating C type support for eProsima Fast-RTPS[0m
[ 71%] [32mBuilding CXX object CMakeFiles/scout_msgs__rosidl_typesupport_fastrtps_c.dir/rosidl_typesupport_fastrtps_c/scout_msgs/msg/detail/scout_actuator_state__type_support_c.cpp.o[0m
[ 73%] [32mBuilding CXX object CMakeFiles/scout_msgs__rosidl_typesupport_fastrtps_c.dir/rosidl_typesupport_fastrtps_c/scout_msgs/msg/detail/scout_light_cmd__type_support_c.cpp.o[0m
[ 74%] [32mBuilding CXX object CMakeFiles/scout_msgs__rosidl_typesupport_fastrtps_c.dir/rosidl_typesupport_fastrtps_c/scout_msgs/msg/detail/scout_light_state__type_support_c.cpp.o[0m
[ 76%] [32mBuilding CXX object CMakeFiles/scout_msgs__rosidl_typesupport_fastrtps_c.dir/rosidl_typesupport_fastrtps_c/scout_msgs/msg/detail/scout_rc_state__type_support_c.cpp.o[0m
[ 77%] [32mBuilding CXX object CMakeFiles/scout_msgs__rosidl_typesupport_fastrtps_c.dir/rosidl_typesupport_fastrtps_c/scout_msgs/msg/detail/scout_status__type_support_c.cpp.o[0m
[ 79%] [32m[1mLinking CXX shared library libscout_msgs__rosidl_typesupport_fastrtps_c.so[0m
[ 79%] Built target scout_msgs__rosidl_typesupport_fastrtps_c
[ 79%] Built target scout_msgs
[ 80%] [34m[1mGenerating Python code for ROS interfaces[0m
[ 80%] Built target scout_msgs__py
[ 82%] [32mBuilding C object CMakeFiles/scout_msgs__python.dir/rosidl_generator_py/scout_msgs/msg/_scout_actuator_state_s.c.o[0m
[ 84%] [32mBuilding C object CMakeFiles/scout_msgs__python.dir/rosidl_generator_py/scout_msgs/msg/_scout_light_cmd_s.c.o[0m
[ 85%] [32mBuilding C object CMakeFiles/scout_msgs__python.dir/rosidl_generator_py/scout_msgs/msg/_scout_light_state_s.c.o[0m
[ 87%] [32mBuilding C object CMakeFiles/scout_msgs__python.dir/rosidl_generator_py/scout_msgs/msg/_scout_rc_state_s.c.o[0m
[ 88%] [32mBuilding C object CMakeFiles/scout_msgs__python.dir/rosidl_generator_py/scout_msgs/msg/_scout_status_s.c.o[0m
[ 90%] [32m[1mLinking C shared library rosidl_generator_py/scout_msgs/libscout_msgs__python.so[0m
[ 90%] Built target scout_msgs__python
[ 92%] [32mBuilding C object CMakeFiles/scout_msgs__rosidl_typesupport_fastrtps_c__pyext.dir/rosidl_generator_py/scout_msgs/_scout_msgs_s.ep.rosidl_typesupport_fastrtps_c.c.o[0m
[ 93%] [32mBuilding C object CMakeFiles/scout_msgs__rosidl_typesupport_introspection_c__pyext.dir/rosidl_generator_py/scout_msgs/_scout_msgs_s.ep.rosidl_typesupport_introspection_c.c.o[0m
[ 95%] [32mBuilding C object CMakeFiles/scout_msgs__rosidl_typesupport_c__pyext.dir/rosidl_generator_py/scout_msgs/_scout_msgs_s.ep.rosidl_typesupport_c.c.o[0m
[100%] [32m[1mLinking C shared library rosidl_generator_py/scout_msgs/scout_msgs_s__rosidl_typesupport_introspection_c.cpython-38-x86_64-linux-gnu.so[0m
[100%] [32m[1mLinking C shared library rosidl_generator_py/scout_msgs/scout_msgs_s__rosidl_typesupport_c.cpython-38-x86_64-linux-gnu.so[0m
[100%] [32m[1mLinking CXX shared library rosidl_generator_py/scout_msgs/scout_msgs_s__rosidl_typesupport_fastrtps_c.cpython-38-x86_64-linux-gnu.so[0m
[100%] Built target scout_msgs__rosidl_typesupport_c__pyext
[100%] Built target scout_msgs__rosidl_typesupport_introspection_c__pyext
[100%] Built target scout_msgs__rosidl_typesupport_fastrtps_c__pyext
-- Install configuration: ""
-- Execute custom install script
-- Symlinking: /home/aiv/YongJun_ws/ros2_ws/install/scout_msgs/share/ament_index/resource_index/rosidl_interfaces/scout_msgs
-- Symlinking: /home/aiv/YongJun_ws/ros2_ws/install/scout_msgs/include/scout_msgs/msg/detail/scout_actuator_state__functions.h
-- Symlinking: /home/aiv/YongJun_ws/ros2_ws/install/scout_msgs/include/scout_msgs/msg/detail/scout_actuator_state__struct.h
-- Symlinking: /home/aiv/YongJun_ws/ros2_ws/install/scout_msgs/include/scout_msgs/msg/detail/scout_actuator_state__type_support.h
-- Symlinking: /home/aiv/YongJun_ws/ros2_ws/install/scout_msgs/include/scout_msgs/msg/detail/scout_light_cmd__functions.h
-- Symlinking: /home/aiv/YongJun_ws/ros2_ws/install/scout_msgs/include/scout_msgs/msg/detail/scout_light_cmd__struct.h
-- Symlinking: /home/aiv/YongJun_ws/ros2_ws/install/scout_msgs/include/scout_msgs/msg/detail/scout_light_cmd__type_support.h
-- Symlinking: /home/aiv/YongJun_ws/ros2_ws/install/scout_msgs/include/scout_msgs/msg/detail/scout_light_state__functions.h
-- Symlinking: /home/aiv/YongJun_ws/ros2_ws/install/scout_msgs/include/scout_msgs/msg/detail/scout_light_state__struct.h
-- Symlinking: /home/aiv/YongJun_ws/ros2_ws/install/scout_msgs/include/scout_msgs/msg/detail/scout_light_state__type_support.h
-- Symlinking: /home/aiv/YongJun_ws/ros2_ws/install/scout_msgs/include/scout_msgs/msg/detail/scout_rc_state__functions.h
-- Symlinking: /home/aiv/YongJun_ws/ros2_ws/install/scout_msgs/include/scout_msgs/msg/detail/scout_rc_state__struct.h
-- Symlinking: /home/aiv/YongJun_ws/ros2_ws/install/scout_msgs/include/scout_msgs/msg/detail/scout_rc_state__type_support.h
-- Symlinking: /home/aiv/YongJun_ws/ros2_ws/install/scout_msgs/include/scout_msgs/msg/detail/scout_status__functions.h
-- Symlinking: /home/aiv/YongJun_ws/ros2_ws/install/scout_msgs/include/scout_msgs/msg/detail/scout_status__struct.h
-- Symlinking: /home/aiv/YongJun_ws/ros2_ws/install/scout_msgs/include/scout_msgs/msg/detail/scout_status__type_support.h
-- Symlinking: /home/aiv/YongJun_ws/ros2_ws/install/scout_msgs/include/scout_msgs/msg/rosidl_generator_c__visibility_control.h
-- Symlinking: /home/aiv/YongJun_ws/ros2_ws/install/scout_msgs/include/scout_msgs/msg/scout_actuator_state.h
-- Symlinking: /home/aiv/YongJun_ws/ros2_ws/install/scout_msgs/include/scout_msgs/msg/scout_light_cmd.h
-- Symlinking: /home/aiv/YongJun_ws/ros2_ws/install/scout_msgs/include/scout_msgs/msg/scout_light_state.h
-- Symlinking: /home/aiv/YongJun_ws/ros2_ws/install/scout_msgs/include/scout_msgs/msg/scout_rc_state.h
-- Symlinking: /home/aiv/YongJun_ws/ros2_ws/install/scout_msgs/include/scout_msgs/msg/scout_status.h
-- Symlinking: /home/aiv/YongJun_ws/ros2_ws/install/scout_msgs/share/scout_msgs/environment/library_path.sh
-- Symlinking: /home/aiv/YongJun_ws/ros2_ws/install/scout_msgs/share/scout_msgs/environment/library_path.dsv
-- Symlinking: /home/aiv/YongJun_ws/ros2_ws/install/scout_msgs/include/scout_msgs/msg/detail/scout_actuator_state__rosidl_typesupport_fastrtps_c.h
-- Symlinking: /home/aiv/YongJun_ws/ros2_ws/install/scout_msgs/include/scout_msgs/msg/detail/scout_light_cmd__rosidl_typesupport_fastrtps_c.h
-- Symlinking: /home/aiv/YongJun_ws/ros2_ws/install/scout_msgs/include/scout_msgs/msg/detail/scout_light_state__rosidl_typesupport_fastrtps_c.h
-- Symlinking: /home/aiv/YongJun_ws/ros2_ws/install/scout_msgs/include/scout_msgs/msg/detail/scout_rc_state__rosidl_typesupport_fastrtps_c.h
-- Symlinking: /home/aiv/YongJun_ws/ros2_ws/install/scout_msgs/include/scout_msgs/msg/detail/scout_status__rosidl_typesupport_fastrtps_c.h
-- Symlinking: /home/aiv/YongJun_ws/ros2_ws/install/scout_msgs/include/scout_msgs/msg/rosidl_typesupport_fastrtps_c__visibility_control.h
-- Symlinking: /home/aiv/YongJun_ws/ros2_ws/install/scout_msgs/lib/libscout_msgs__rosidl_typesupport_fastrtps_c.so
-- Symlinking: /home/aiv/YongJun_ws/ros2_ws/install/scout_msgs/include/scout_msgs/msg/detail/scout_actuator_state__rosidl_typesupport_fastrtps_cpp.hpp
-- Symlinking: /home/aiv/YongJun_ws/ros2_ws/install/scout_msgs/include/scout_msgs/msg/detail/scout_light_cmd__rosidl_typesupport_fastrtps_cpp.hpp
-- Symlinking: /home/aiv/YongJun_ws/ros2_ws/install/scout_msgs/include/scout_msgs/msg/detail/scout_light_state__rosidl_typesupport_fastrtps_cpp.hpp
-- Symlinking: /home/aiv/YongJun_ws/ros2_ws/install/scout_msgs/include/scout_msgs/msg/detail/scout_rc_state__rosidl_typesupport_fastrtps_cpp.hpp
-- Symlinking: /home/aiv/YongJun_ws/ros2_ws/install/scout_msgs/include/scout_msgs/msg/detail/scout_status__rosidl_typesupport_fastrtps_cpp.hpp
-- Symlinking: /home/aiv/YongJun_ws/ros2_ws/install/scout_msgs/include/scout_msgs/msg/rosidl_typesupport_fastrtps_cpp__visibility_control.h
-- Symlinking: /home/aiv/YongJun_ws/ros2_ws/install/scout_msgs/lib/libscout_msgs__rosidl_typesupport_fastrtps_cpp.so
-- Symlinking: /home/aiv/YongJun_ws/ros2_ws/install/scout_msgs/include/scout_msgs/msg/detail/scout_actuator_state__rosidl_typesupport_introspection_c.h
-- Symlinking: /home/aiv/YongJun_ws/ros2_ws/install/scout_msgs/include/scout_msgs/msg/detail/scout_light_cmd__rosidl_typesupport_introspection_c.h
-- Symlinking: /home/aiv/YongJun_ws/ros2_ws/install/scout_msgs/include/scout_msgs/msg/detail/scout_light_state__rosidl_typesupport_introspection_c.h
-- Symlinking: /home/aiv/YongJun_ws/ros2_ws/install/scout_msgs/include/scout_msgs/msg/detail/scout_rc_state__rosidl_typesupport_introspection_c.h
-- Symlinking: /home/aiv/YongJun_ws/ros2_ws/install/scout_msgs/include/scout_msgs/msg/detail/scout_status__rosidl_typesupport_introspection_c.h
-- Symlinking: /home/aiv/YongJun_ws/ros2_ws/install/scout_msgs/include/scout_msgs/msg/rosidl_typesupport_introspection_c__visibility_control.h
-- Symlinking: /home/aiv/YongJun_ws/ros2_ws/install/scout_msgs/include/scout_msgs/msg/detail/scout_actuator_state__builder.hpp
-- Symlinking: /home/aiv/YongJun_ws/ros2_ws/install/scout_msgs/include/scout_msgs/msg/detail/scout_actuator_state__struct.hpp
-- Symlinking: /home/aiv/YongJun_ws/ros2_ws/install/scout_msgs/include/scout_msgs/msg/detail/scout_actuator_state__traits.hpp
-- Symlinking: /home/aiv/YongJun_ws/ros2_ws/install/scout_msgs/include/scout_msgs/msg/detail/scout_actuator_state__type_support.hpp
-- Symlinking: /home/aiv/YongJun_ws/ros2_ws/install/scout_msgs/include/scout_msgs/msg/detail/scout_light_cmd__builder.hpp
-- Symlinking: /home/aiv/YongJun_ws/ros2_ws/install/scout_msgs/include/scout_msgs/msg/detail/scout_light_cmd__struct.hpp
-- Symlinking: /home/aiv/YongJun_ws/ros2_ws/install/scout_msgs/include/scout_msgs/msg/detail/scout_light_cmd__traits.hpp
-- Symlinking: /home/aiv/YongJun_ws/ros2_ws/install/scout_msgs/include/scout_msgs/msg/detail/scout_light_cmd__type_support.hpp
-- Symlinking: /home/aiv/YongJun_ws/ros2_ws/install/scout_msgs/include/scout_msgs/msg/detail/scout_light_state__builder.hpp
-- Symlinking: /home/aiv/YongJun_ws/ros2_ws/install/scout_msgs/include/scout_msgs/msg/detail/scout_light_state__struct.hpp
-- Symlinking: /home/aiv/YongJun_ws/ros2_ws/install/scout_msgs/include/scout_msgs/msg/detail/scout_light_state__traits.hpp
-- Symlinking: /home/aiv/YongJun_ws/ros2_ws/install/scout_msgs/include/scout_msgs/msg/detail/scout_light_state__type_support.hpp
-- Symlinking: /home/aiv/YongJun_ws/ros2_ws/install/scout_msgs/include/scout_msgs/msg/detail/scout_rc_state__builder.hpp
-- Symlinking: /home/aiv/YongJun_ws/ros2_ws/install/scout_msgs/include/scout_msgs/msg/detail/scout_rc_state__struct.hpp
-- Symlinking: /home/aiv/YongJun_ws/ros2_ws/install/scout_msgs/include/scout_msgs/msg/detail/scout_rc_state__traits.hpp
-- Symlinking: /home/aiv/YongJun_ws/ros2_ws/install/scout_msgs/include/scout_msgs/msg/detail/scout_rc_state__type_support.hpp
-- Symlinking: /home/aiv/YongJun_ws/ros2_ws/install/scout_msgs/include/scout_msgs/msg/detail/scout_status__builder.hpp
-- Symlinking: /home/aiv/YongJun_ws/ros2_ws/install/scout_msgs/include/scout_msgs/msg/detail/scout_status__struct.hpp
-- Symlinking: /home/aiv/YongJun_ws/ros2_ws/install/scout_msgs/include/scout_msgs/msg/detail/scout_status__traits.hpp
-- Symlinking: /home/aiv/YongJun_ws/ros2_ws/install/scout_msgs/include/scout_msgs/msg/detail/scout_status__type_support.hpp
-- Symlinking: /home/aiv/YongJun_ws/ros2_ws/install/scout_msgs/include/scout_msgs/msg/rosidl_generator_cpp__visibility_control.hpp
-- Symlinking: /home/aiv/YongJun_ws/ros2_ws/install/scout_msgs/include/scout_msgs/msg/scout_actuator_state.hpp
-- Symlinking: /home/aiv/YongJun_ws/ros2_ws/install/scout_msgs/include/scout_msgs/msg/scout_light_cmd.hpp
-- Symlinking: /home/aiv/YongJun_ws/ros2_ws/install/scout_msgs/include/scout_msgs/msg/scout_light_state.hpp
-- Symlinking: /home/aiv/YongJun_ws/ros2_ws/install/scout_msgs/include/scout_msgs/msg/scout_rc_state.hpp
-- Symlinking: /home/aiv/YongJun_ws/ros2_ws/install/scout_msgs/include/scout_msgs/msg/scout_status.hpp
-- Symlinking: /home/aiv/YongJun_ws/ros2_ws/install/scout_msgs/include/scout_msgs/msg/detail/scout_actuator_state__rosidl_typesupport_introspection_cpp.hpp
-- Symlinking: /home/aiv/YongJun_ws/ros2_ws/install/scout_msgs/include/scout_msgs/msg/detail/scout_light_cmd__rosidl_typesupport_introspection_cpp.hpp
-- Symlinking: /home/aiv/YongJun_ws/ros2_ws/install/scout_msgs/include/scout_msgs/msg/detail/scout_light_state__rosidl_typesupport_introspection_cpp.hpp
-- Symlinking: /home/aiv/YongJun_ws/ros2_ws/install/scout_msgs/include/scout_msgs/msg/detail/scout_rc_state__rosidl_typesupport_introspection_cpp.hpp
-- Symlinking: /home/aiv/YongJun_ws/ros2_ws/install/scout_msgs/include/scout_msgs/msg/detail/scout_status__rosidl_typesupport_introspection_cpp.hpp
-- Symlinking: /home/aiv/YongJun_ws/ros2_ws/install/scout_msgs/share/scout_msgs/environment/pythonpath.sh
-- Symlinking: /home/aiv/YongJun_ws/ros2_ws/install/scout_msgs/share/scout_msgs/environment/pythonpath.dsv
-- Symlinking: /home/aiv/YongJun_ws/ros2_ws/install/scout_msgs/lib/python3.8/site-packages/scout_msgs/__init__.py
-- Symlinking: /home/aiv/YongJun_ws/ros2_ws/install/scout_msgs/lib/python3.8/site-packages/scout_msgs/msg/__init__.py
-- Symlinking: /home/aiv/YongJun_ws/ros2_ws/install/scout_msgs/lib/python3.8/site-packages/scout_msgs/msg/_scout_actuator_state.py
-- Symlinking: /home/aiv/YongJun_ws/ros2_ws/install/scout_msgs/lib/python3.8/site-packages/scout_msgs/msg/_scout_light_cmd.py
-- Symlinking: /home/aiv/YongJun_ws/ros2_ws/install/scout_msgs/lib/python3.8/site-packages/scout_msgs/msg/_scout_light_state.py
-- Symlinking: /home/aiv/YongJun_ws/ros2_ws/install/scout_msgs/lib/python3.8/site-packages/scout_msgs/msg/_scout_rc_state.py
-- Symlinking: /home/aiv/YongJun_ws/ros2_ws/install/scout_msgs/lib/python3.8/site-packages/scout_msgs/msg/_scout_status.py
-- Symlinking: /home/aiv/YongJun_ws/ros2_ws/install/scout_msgs/lib/python3.8/site-packages/scout_msgs/scout_msgs_s__rosidl_typesupport_fastrtps_c.cpython-38-x86_64-linux-gnu.so
-- Symlinking: /home/aiv/YongJun_ws/ros2_ws/install/scout_msgs/lib/python3.8/site-packages/scout_msgs/scout_msgs_s__rosidl_typesupport_introspection_c.cpython-38-x86_64-linux-gnu.so
-- Symlinking: /home/aiv/YongJun_ws/ros2_ws/install/scout_msgs/lib/python3.8/site-packages/scout_msgs/scout_msgs_s__rosidl_typesupport_c.cpython-38-x86_64-linux-gnu.so
-- Symlinking: /home/aiv/YongJun_ws/ros2_ws/install/scout_msgs/lib/libscout_msgs__python.so
-- Symlinking: /home/aiv/YongJun_ws/ros2_ws/install/scout_msgs/share/scout_msgs/msg/ScoutActuatorState.idl
-- Symlinking: /home/aiv/YongJun_ws/ros2_ws/install/scout_msgs/share/scout_msgs/msg/ScoutLightCmd.idl
-- Symlinking: /home/aiv/YongJun_ws/ros2_ws/install/scout_msgs/share/scout_msgs/msg/ScoutLightState.idl
-- Symlinking: /home/aiv/YongJun_ws/ros2_ws/install/scout_msgs/share/scout_msgs/msg/ScoutRCState.idl
-- Symlinking: /home/aiv/YongJun_ws/ros2_ws/install/scout_msgs/share/scout_msgs/msg/ScoutStatus.idl
-- Symlinking: /home/aiv/YongJun_ws/ros2_ws/install/scout_msgs/share/scout_msgs/msg/ScoutActuatorState.msg
-- Symlinking: /home/aiv/YongJun_ws/ros2_ws/install/scout_msgs/share/scout_msgs/msg/ScoutLightCmd.msg
-- Symlinking: /home/aiv/YongJun_ws/ros2_ws/install/scout_msgs/share/scout_msgs/msg/ScoutLightState.msg
-- Symlinking: /home/aiv/YongJun_ws/ros2_ws/install/scout_msgs/share/scout_msgs/msg/ScoutRCState.msg
-- Symlinking: /home/aiv/YongJun_ws/ros2_ws/install/scout_msgs/share/scout_msgs/msg/ScoutStatus.msg
-- Symlinking: /home/aiv/YongJun_ws/ros2_ws/install/scout_msgs/share/ament_index/resource_index/package_run_dependencies/scout_msgs
-- Symlinking: /home/aiv/YongJun_ws/ros2_ws/install/scout_msgs/share/ament_index/resource_index/parent_prefix_path/scout_msgs
-- Symlinking: /home/aiv/YongJun_ws/ros2_ws/install/scout_msgs/share/scout_msgs/environment/ament_prefix_path.sh
-- Symlinking: /home/aiv/YongJun_ws/ros2_ws/install/scout_msgs/share/scout_msgs/environment/ament_prefix_path.dsv
-- Symlinking: /home/aiv/YongJun_ws/ros2_ws/install/scout_msgs/share/scout_msgs/environment/path.sh
-- Symlinking: /home/aiv/YongJun_ws/ros2_ws/install/scout_msgs/share/scout_msgs/environment/path.dsv
-- Symlinking: /home/aiv/YongJun_ws/ros2_ws/install/scout_msgs/share/scout_msgs/local_setup.bash
-- Symlinking: /home/aiv/YongJun_ws/ros2_ws/install/scout_msgs/share/scout_msgs/local_setup.sh
-- Symlinking: /home/aiv/YongJun_ws/ros2_ws/install/scout_msgs/share/scout_msgs/local_setup.zsh
-- Symlinking: /home/aiv/YongJun_ws/ros2_ws/install/scout_msgs/share/scout_msgs/local_setup.dsv
-- Symlinking: /home/aiv/YongJun_ws/ros2_ws/install/scout_msgs/share/scout_msgs/package.dsv
-- Symlinking: /home/aiv/YongJun_ws/ros2_ws/install/scout_msgs/share/ament_index/resource_index/packages/scout_msgs
-- Symlinking: /home/aiv/YongJun_ws/ros2_ws/install/scout_msgs/share/scout_msgs/cmake/rosidl_cmake-extras.cmake
-- Symlinking: /home/aiv/YongJun_ws/ros2_ws/install/scout_msgs/share/scout_msgs/cmake/ament_cmake_export_dependencies-extras.cmake
-- Symlinking: /home/aiv/YongJun_ws/ros2_ws/install/scout_msgs/share/scout_msgs/cmake/ament_cmake_export_libraries-extras.cmake
-- Symlinking: /home/aiv/YongJun_ws/ros2_ws/install/scout_msgs/share/scout_msgs/cmake/ament_cmake_export_targets-extras.cmake
-- Symlinking: /home/aiv/YongJun_ws/ros2_ws/install/scout_msgs/share/scout_msgs/cmake/ament_cmake_export_include_directories-extras.cmake
-- Symlinking: /home/aiv/YongJun_ws/ros2_ws/install/scout_msgs/share/scout_msgs/cmake/rosidl_cmake_export_typesupport_libraries-extras.cmake
-- Symlinking: /home/aiv/YongJun_ws/ros2_ws/install/scout_msgs/share/scout_msgs/cmake/rosidl_cmake_export_typesupport_targets-extras.cmake
-- Symlinking: /home/aiv/YongJun_ws/ros2_ws/install/scout_msgs/share/scout_msgs/cmake/scout_msgsConfig.cmake
-- Symlinking: /home/aiv/YongJun_ws/ros2_ws/install/scout_msgs/share/scout_msgs/cmake/scout_msgsConfig-version.cmake
-- Symlinking: /home/aiv/YongJun_ws/ros2_ws/install/scout_msgs/share/scout_msgs/package.xml
-- Installing: /home/aiv/YongJun_ws/ros2_ws/install/scout_msgs/lib/libscout_msgs__rosidl_generator_c.so
-- Set runtime path of "/home/aiv/YongJun_ws/ros2_ws/install/scout_msgs/lib/libscout_msgs__rosidl_generator_c.so" to ""
-- Installing: /home/aiv/YongJun_ws/ros2_ws/install/scout_msgs/lib/libscout_msgs__rosidl_typesupport_introspection_c.so
-- Set runtime path of "/home/aiv/YongJun_ws/ros2_ws/install/scout_msgs/lib/libscout_msgs__rosidl_typesupport_introspection_c.so" to ""
-- Installing: /home/aiv/YongJun_ws/ros2_ws/install/scout_msgs/lib/libscout_msgs__rosidl_typesupport_c.so
-- Set runtime path of "/home/aiv/YongJun_ws/ros2_ws/install/scout_msgs/lib/libscout_msgs__rosidl_typesupport_c.so" to ""
-- Installing: /home/aiv/YongJun_ws/ros2_ws/install/scout_msgs/lib/libscout_msgs__rosidl_typesupport_introspection_cpp.so
-- Set runtime path of "/home/aiv/YongJun_ws/ros2_ws/install/scout_msgs/lib/libscout_msgs__rosidl_typesupport_introspection_cpp.so" to ""
-- Installing: /home/aiv/YongJun_ws/ros2_ws/install/scout_msgs/lib/libscout_msgs__rosidl_typesupport_cpp.so
-- Set runtime path of "/home/aiv/YongJun_ws/ros2_ws/install/scout_msgs/lib/libscout_msgs__rosidl_typesupport_cpp.so" to ""
Compiling '/home/aiv/YongJun_ws/ros2_ws/install/scout_msgs/lib/python3.8/site-packages/scout_msgs/__init__.py'...
-- Installing: /home/aiv/YongJun_ws/ros2_ws/install/scout_msgs/share/scout_msgs/cmake/scout_msgs__rosidl_generator_cExport.cmake
-- Installing: /home/aiv/YongJun_ws/ros2_ws/install/scout_msgs/share/scout_msgs/cmake/scout_msgs__rosidl_generator_cExport-noconfig.cmake
-- Installing: /home/aiv/YongJun_ws/ros2_ws/install/scout_msgs/share/scout_msgs/cmake/scout_msgs__rosidl_typesupport_introspection_cExport.cmake
-- Installing: /home/aiv/YongJun_ws/ros2_ws/install/scout_msgs/share/scout_msgs/cmake/scout_msgs__rosidl_typesupport_introspection_cExport-noconfig.cmake
-- Installing: /home/aiv/YongJun_ws/ros2_ws/install/scout_msgs/share/scout_msgs/cmake/scout_msgs__rosidl_typesupport_cExport.cmake
-- Installing: /home/aiv/YongJun_ws/ros2_ws/install/scout_msgs/share/scout_msgs/cmake/scout_msgs__rosidl_typesupport_cExport-noconfig.cmake
-- Installing: /home/aiv/YongJun_ws/ros2_ws/install/scout_msgs/share/scout_msgs/cmake/scout_msgs__rosidl_generator_cppExport.cmake
-- Installing: /home/aiv/YongJun_ws/ros2_ws/install/scout_msgs/share/scout_msgs/cmake/scout_msgs__rosidl_typesupport_introspection_cppExport.cmake
-- Installing: /home/aiv/YongJun_ws/ros2_ws/install/scout_msgs/share/scout_msgs/cmake/scout_msgs__rosidl_typesupport_introspection_cppExport-noconfig.cmake
-- Installing: /home/aiv/YongJun_ws/ros2_ws/install/scout_msgs/share/scout_msgs/cmake/scout_msgs__rosidl_typesupport_cppExport.cmake
-- Installing: /home/aiv/YongJun_ws/ros2_ws/install/scout_msgs/share/scout_msgs/cmake/scout_msgs__rosidl_typesupport_cppExport-noconfig.cmake
