[0.145s] Invoking command in '/home/aiv/YongJun_ws/build/yolov8_msgs': CMAKE_PREFIX_PATH=${CMAKE_PREFIX_PATH}:/home/aiv/YongJun_ws/install/yolov8_ros:/opt/ros/foxy /usr/bin/cmake /home/aiv/YongJun_ws/src/YOLO/Yolov8/yolov8_msgs -DAMENT_CMAKE_SYMLINK_INSTALL=1 -DCMAKE_INSTALL_PREFIX=/home/aiv/YongJun_ws/install/yolov8_msgs
[0.177s] -- The C compiler identification is GNU 9.4.0
[0.209s] -- The CXX compiler identification is GNU 9.4.0
[0.212s] -- Check for working C compiler: /usr/bin/cc
[0.253s] -- Check for working C compiler: /usr/bin/cc -- works
[0.254s] -- Detecting C compiler ABI info
[0.295s] -- Detecting C compiler ABI info - done
[0.303s] -- Detecting C compile features
[0.303s] -- Detecting C compile features - done
[0.305s] -- Check for working CXX compiler: /usr/bin/c++
[0.350s] -- Check for working CXX compiler: /usr/bin/c++ -- works
[0.351s] -- Detecting CXX compiler ABI info
[0.399s] -- Detecting CXX compiler ABI info - done
[0.407s] -- Detecting CXX compile features
[0.407s] -- Detecting CXX compile features - done
[0.408s] -- Found ament_cmake: 0.9.12 (/opt/ros/foxy/share/ament_cmake/cmake)
[0.424s] -- Found PythonInterp: /usr/bin/python3 (found suitable version "3.8.10", minimum required is "3") 
[0.424s] -- Using PYTHON_EXECUTABLE: /usr/bin/python3
[0.529s] -- Override CMake install command with custom implementation using symlinks instead of copying resources
[0.542s] -- Found rosidl_default_generators: 1.0.1 (/opt/ros/foxy/share/rosidl_default_generators/cmake)
[0.544s] -- Using all available rosidl_typesupport_c: rosidl_typesupport_fastrtps_c;rosidl_typesupport_introspection_c
[0.548s] -- Found rosidl_adapter: 1.3.1 (/opt/ros/foxy/share/rosidl_adapter/cmake)
[0.606s] -- Found OpenSSL: /usr/lib/x86_64-linux-gnu/libcrypto.so (found version "1.1.1f")  
[0.624s] -- Found FastRTPS: /opt/ros/foxy/include  
[0.674s] -- Using all available rosidl_typesupport_cpp: rosidl_typesupport_fastrtps_cpp;rosidl_typesupport_introspection_cpp
[0.691s] -- Found std_msgs: 2.0.5 (/opt/ros/foxy/share/std_msgs/cmake)
[0.712s] -- Found geometry_msgs: 2.0.5 (/opt/ros/foxy/share/geometry_msgs/cmake)
[0.752s] -- Found PythonInterp: /usr/bin/python3 (found version "3.8.10") 
[0.895s] -- Found ament_cmake_ros: 0.9.2 (/opt/ros/foxy/share/ament_cmake_ros/cmake)
[1.043s] -- Using all available rosidl_typesupport_c: rosidl_typesupport_fastrtps_c;rosidl_typesupport_introspection_c
[1.109s] -- Using all available rosidl_typesupport_cpp: rosidl_typesupport_fastrtps_cpp;rosidl_typesupport_introspection_cpp
[1.129s] -- Found PythonInterp: /usr/bin/python3 (found suitable version "3.8.10", minimum required is "3.5") 
[1.129s] -- Found python_cmake_module: 0.8.1 (/opt/ros/foxy/share/python_cmake_module/cmake)
[1.150s] -- Found PythonLibs: /usr/lib/x86_64-linux-gnu/libpython3.8.so (found suitable version "3.8.10", minimum required is "3.5") 
[1.150s] -- Using PYTHON_EXECUTABLE: /usr/bin/python3
[1.150s] -- Using PYTHON_INCLUDE_DIRS: /usr/include/python3.8
[1.150s] -- Using PYTHON_LIBRARIES: /usr/lib/x86_64-linux-gnu/libpython3.8.so
[1.167s] -- Found PythonExtra: .so  
[1.230s] -- Configuring done
[1.273s] -- Generating done
[1.275s] -- Build files have been written to: /home/aiv/YongJun_ws/build/yolov8_msgs
[1.280s] Invoked command in '/home/aiv/YongJun_ws/build/yolov8_msgs' returned '0': CMAKE_PREFIX_PATH=${CMAKE_PREFIX_PATH}:/home/aiv/YongJun_ws/install/yolov8_ros:/opt/ros/foxy /usr/bin/cmake /home/aiv/YongJun_ws/src/YOLO/Yolov8/yolov8_msgs -DAMENT_CMAKE_SYMLINK_INSTALL=1 -DCMAKE_INSTALL_PREFIX=/home/aiv/YongJun_ws/install/yolov8_msgs
[1.282s] Invoking command in '/home/aiv/YongJun_ws/build/yolov8_msgs': CMAKE_PREFIX_PATH=${CMAKE_PREFIX_PATH}:/home/aiv/YongJun_ws/install/yolov8_ros:/opt/ros/foxy /usr/bin/cmake --build /home/aiv/YongJun_ws/build/yolov8_msgs -- -j32 -l32
[1.307s] [35m[1mScanning dependencies of target yolov8_msgs__cpp[0m
[1.308s] [  1%] [34m[1mGenerating C code for ROS interfaces[0m
[1.314s] [  1%] [34m[1mGenerating C++ code for ROS interfaces[0m
[1.912s] [  1%] Built target yolov8_msgs__cpp
[1.920s] [  1%] [34m[1mGenerating C++ type support for eProsima Fast-RTPS[0m
[1.925s] [  2%] [34m[1mGenerating C++ type support dispatch for ROS interfaces[0m
[1.925s] [  3%] [34m[1mGenerating C++ introspection for ROS interfaces[0m
[1.971s] [35m[1mScanning dependencies of target yolov8_msgs__rosidl_generator_c[0m
[1.994s] [  5%] [32mBuilding C object CMakeFiles/yolov8_msgs__rosidl_generator_c.dir/rosidl_generator_c/yolov8_msgs/msg/detail/vector2__functions.c.o[0m
[1.994s] [  5%] [32mBuilding C object CMakeFiles/yolov8_msgs__rosidl_generator_c.dir/rosidl_generator_c/yolov8_msgs/msg/detail/point2_d__functions.c.o[0m
[1.994s] [  5%] [32mBuilding C object CMakeFiles/yolov8_msgs__rosidl_generator_c.dir/rosidl_generator_c/yolov8_msgs/msg/detail/pose2_d__functions.c.o[0m
[1.994s] [  6%] [32mBuilding C object CMakeFiles/yolov8_msgs__rosidl_generator_c.dir/rosidl_generator_c/yolov8_msgs/msg/detail/bounding_box2_d__functions.c.o[0m
[1.994s] [  7%] [32mBuilding C object CMakeFiles/yolov8_msgs__rosidl_generator_c.dir/rosidl_generator_c/yolov8_msgs/msg/detail/mask__functions.c.o[0m
[1.995s] [  8%] [32mBuilding C object CMakeFiles/yolov8_msgs__rosidl_generator_c.dir/rosidl_generator_c/yolov8_msgs/msg/detail/bounding_box3_d__functions.c.o[0m
[1.995s] [  9%] [32mBuilding C object CMakeFiles/yolov8_msgs__rosidl_generator_c.dir/rosidl_generator_c/yolov8_msgs/msg/detail/key_point2_d_array__functions.c.o[0m
[1.995s] [ 10%] [32mBuilding C object CMakeFiles/yolov8_msgs__rosidl_generator_c.dir/rosidl_generator_c/yolov8_msgs/msg/detail/key_point2_d__functions.c.o[0m
[1.996s] [ 11%] [32mBuilding C object CMakeFiles/yolov8_msgs__rosidl_generator_c.dir/rosidl_generator_c/yolov8_msgs/msg/detail/key_point3_d__functions.c.o[0m
[1.996s] [ 12%] [32mBuilding C object CMakeFiles/yolov8_msgs__rosidl_generator_c.dir/rosidl_generator_c/yolov8_msgs/msg/detail/detection__functions.c.o[0m
[1.996s] [ 12%] [32mBuilding C object CMakeFiles/yolov8_msgs__rosidl_generator_c.dir/rosidl_generator_c/yolov8_msgs/msg/detail/key_point3_d_array__functions.c.o[0m
[1.998s] [ 13%] [32mBuilding C object CMakeFiles/yolov8_msgs__rosidl_generator_c.dir/rosidl_generator_c/yolov8_msgs/msg/detail/detection_array__functions.c.o[0m
[2.063s] [ 14%] [32m[1mLinking C shared library libyolov8_msgs__rosidl_generator_c.so[0m
[2.115s] [ 14%] Built target yolov8_msgs__rosidl_generator_c
[2.129s] [ 15%] [34m[1mGenerating C introspection for ROS interfaces[0m
[2.130s] [ 16%] [34m[1mGenerating C type support dispatch for ROS interfaces[0m
[2.536s] [35m[1mScanning dependencies of target yolov8_msgs__rosidl_typesupport_cpp[0m
[2.551s] [ 17%] [32mBuilding CXX object CMakeFiles/yolov8_msgs__rosidl_typesupport_cpp.dir/rosidl_typesupport_cpp/yolov8_msgs/msg/point2_d__type_support.cpp.o[0m
[2.554s] [ 19%] [32mBuilding CXX object CMakeFiles/yolov8_msgs__rosidl_typesupport_cpp.dir/rosidl_typesupport_cpp/yolov8_msgs/msg/vector2__type_support.cpp.o[0m
[2.554s] [ 19%] [32mBuilding CXX object CMakeFiles/yolov8_msgs__rosidl_typesupport_cpp.dir/rosidl_typesupport_cpp/yolov8_msgs/msg/pose2_d__type_support.cpp.o[0m
[2.555s] [ 20%] [32mBuilding CXX object CMakeFiles/yolov8_msgs__rosidl_typesupport_cpp.dir/rosidl_typesupport_cpp/yolov8_msgs/msg/key_point2_d__type_support.cpp.o[0m
[2.555s] [ 21%] [32mBuilding CXX object CMakeFiles/yolov8_msgs__rosidl_typesupport_cpp.dir/rosidl_typesupport_cpp/yolov8_msgs/msg/bounding_box2_d__type_support.cpp.o[0m
[2.555s] [ 21%] [32mBuilding CXX object CMakeFiles/yolov8_msgs__rosidl_typesupport_cpp.dir/rosidl_typesupport_cpp/yolov8_msgs/msg/detection__type_support.cpp.o[0m
[2.555s] [ 21%] [32mBuilding CXX object CMakeFiles/yolov8_msgs__rosidl_typesupport_cpp.dir/rosidl_typesupport_cpp/yolov8_msgs/msg/bounding_box3_d__type_support.cpp.o[0m
[2.555s] [ 22%] [32mBuilding CXX object CMakeFiles/yolov8_msgs__rosidl_typesupport_cpp.dir/rosidl_typesupport_cpp/yolov8_msgs/msg/mask__type_support.cpp.o[0m
[2.556s] [ 23%] [32mBuilding CXX object CMakeFiles/yolov8_msgs__rosidl_typesupport_cpp.dir/rosidl_typesupport_cpp/yolov8_msgs/msg/key_point3_d_array__type_support.cpp.o[0m
[2.556s] [ 24%] [32mBuilding CXX object CMakeFiles/yolov8_msgs__rosidl_typesupport_cpp.dir/rosidl_typesupport_cpp/yolov8_msgs/msg/key_point2_d_array__type_support.cpp.o[0m
[2.557s] [ 25%] [32mBuilding CXX object CMakeFiles/yolov8_msgs__rosidl_typesupport_cpp.dir/rosidl_typesupport_cpp/yolov8_msgs/msg/key_point3_d__type_support.cpp.o[0m
[2.558s] [ 26%] [32mBuilding CXX object CMakeFiles/yolov8_msgs__rosidl_typesupport_cpp.dir/rosidl_typesupport_cpp/yolov8_msgs/msg/detection_array__type_support.cpp.o[0m
[2.621s] [35m[1mScanning dependencies of target yolov8_msgs__rosidl_typesupport_introspection_cpp[0m
[2.640s] [ 26%] [32mBuilding CXX object CMakeFiles/yolov8_msgs__rosidl_typesupport_introspection_cpp.dir/rosidl_typesupport_introspection_cpp/yolov8_msgs/msg/detail/point2_d__type_support.cpp.o[0m
[2.640s] [ 28%] [32mBuilding CXX object CMakeFiles/yolov8_msgs__rosidl_typesupport_introspection_cpp.dir/rosidl_typesupport_introspection_cpp/yolov8_msgs/msg/detail/vector2__type_support.cpp.o[0m
[2.640s] [ 28%] [32mBuilding CXX object CMakeFiles/yolov8_msgs__rosidl_typesupport_introspection_cpp.dir/rosidl_typesupport_introspection_cpp/yolov8_msgs/msg/detail/bounding_box2_d__type_support.cpp.o[0m
[2.640s] [ 29%] [32mBuilding CXX object CMakeFiles/yolov8_msgs__rosidl_typesupport_introspection_cpp.dir/rosidl_typesupport_introspection_cpp/yolov8_msgs/msg/detail/pose2_d__type_support.cpp.o[0m
[2.641s] [ 30%] [32mBuilding CXX object CMakeFiles/yolov8_msgs__rosidl_typesupport_introspection_cpp.dir/rosidl_typesupport_introspection_cpp/yolov8_msgs/msg/detail/bounding_box3_d__type_support.cpp.o[0m
[2.641s] [ 31%] [32mBuilding CXX object CMakeFiles/yolov8_msgs__rosidl_typesupport_introspection_cpp.dir/rosidl_typesupport_introspection_cpp/yolov8_msgs/msg/detail/mask__type_support.cpp.o[0m
[2.641s] [ 31%] [32mBuilding CXX object CMakeFiles/yolov8_msgs__rosidl_typesupport_introspection_cpp.dir/rosidl_typesupport_introspection_cpp/yolov8_msgs/msg/detail/key_point2_d__type_support.cpp.o[0m
[2.641s] [ 32%] [32mBuilding CXX object CMakeFiles/yolov8_msgs__rosidl_typesupport_introspection_cpp.dir/rosidl_typesupport_introspection_cpp/yolov8_msgs/msg/detail/key_point2_d_array__type_support.cpp.o[0m
[2.655s] [ 33%] [32mBuilding CXX object CMakeFiles/yolov8_msgs__rosidl_typesupport_introspection_cpp.dir/rosidl_typesupport_introspection_cpp/yolov8_msgs/msg/detail/key_point3_d__type_support.cpp.o[0m
[2.664s] [ 34%] [32mBuilding CXX object CMakeFiles/yolov8_msgs__rosidl_typesupport_introspection_cpp.dir/rosidl_typesupport_introspection_cpp/yolov8_msgs/msg/detail/detection__type_support.cpp.o[0m
[2.672s] [ 35%] [32mBuilding CXX object CMakeFiles/yolov8_msgs__rosidl_typesupport_introspection_cpp.dir/rosidl_typesupport_introspection_cpp/yolov8_msgs/msg/detail/key_point3_d_array__type_support.cpp.o[0m
[2.674s] [ 36%] [32mBuilding CXX object CMakeFiles/yolov8_msgs__rosidl_typesupport_introspection_cpp.dir/rosidl_typesupport_introspection_cpp/yolov8_msgs/msg/detail/detection_array__type_support.cpp.o[0m
[2.899s] [35m[1mScanning dependencies of target yolov8_msgs__rosidl_typesupport_fastrtps_cpp[0m
[2.919s] [ 37%] [32mBuilding CXX object CMakeFiles/yolov8_msgs__rosidl_typesupport_fastrtps_cpp.dir/rosidl_typesupport_fastrtps_cpp/yolov8_msgs/msg/detail/dds_fastrtps/bounding_box2_d__type_support.cpp.o[0m
[2.921s] [ 38%] [32mBuilding CXX object CMakeFiles/yolov8_msgs__rosidl_typesupport_fastrtps_cpp.dir/rosidl_typesupport_fastrtps_cpp/yolov8_msgs/msg/detail/dds_fastrtps/vector2__type_support.cpp.o[0m
[2.922s] [ 39%] [32mBuilding CXX object CMakeFiles/yolov8_msgs__rosidl_typesupport_fastrtps_cpp.dir/rosidl_typesupport_fastrtps_cpp/yolov8_msgs/msg/detail/dds_fastrtps/pose2_d__type_support.cpp.o[0m
[2.922s] [ 39%] [32mBuilding CXX object CMakeFiles/yolov8_msgs__rosidl_typesupport_fastrtps_cpp.dir/rosidl_typesupport_fastrtps_cpp/yolov8_msgs/msg/detail/dds_fastrtps/mask__type_support.cpp.o[0m
[2.922s] [ 41%] [32mBuilding CXX object CMakeFiles/yolov8_msgs__rosidl_typesupport_fastrtps_cpp.dir/rosidl_typesupport_fastrtps_cpp/yolov8_msgs/msg/detail/dds_fastrtps/bounding_box3_d__type_support.cpp.o[0m
[2.923s] [ 41%] [32mBuilding CXX object CMakeFiles/yolov8_msgs__rosidl_typesupport_fastrtps_cpp.dir/rosidl_typesupport_fastrtps_cpp/yolov8_msgs/msg/detail/dds_fastrtps/point2_d__type_support.cpp.o[0m
[2.927s] [ 42%] [32mBuilding CXX object CMakeFiles/yolov8_msgs__rosidl_typesupport_fastrtps_cpp.dir/rosidl_typesupport_fastrtps_cpp/yolov8_msgs/msg/detail/dds_fastrtps/key_point2_d__type_support.cpp.o[0m
[2.940s] [ 43%] [32mBuilding CXX object CMakeFiles/yolov8_msgs__rosidl_typesupport_fastrtps_cpp.dir/rosidl_typesupport_fastrtps_cpp/yolov8_msgs/msg/detail/dds_fastrtps/key_point2_d_array__type_support.cpp.o[0m
[2.942s] [ 44%] [32mBuilding CXX object CMakeFiles/yolov8_msgs__rosidl_typesupport_fastrtps_cpp.dir/rosidl_typesupport_fastrtps_cpp/yolov8_msgs/msg/detail/dds_fastrtps/detection__type_support.cpp.o[0m
[2.952s] [ 46%] [32mBuilding CXX object CMakeFiles/yolov8_msgs__rosidl_typesupport_fastrtps_cpp.dir/rosidl_typesupport_fastrtps_cpp/yolov8_msgs/msg/detail/dds_fastrtps/key_point3_d__type_support.cpp.o[0m
[2.952s] [ 45%] [32mBuilding CXX object CMakeFiles/yolov8_msgs__rosidl_typesupport_fastrtps_cpp.dir/rosidl_typesupport_fastrtps_cpp/yolov8_msgs/msg/detail/dds_fastrtps/key_point3_d_array__type_support.cpp.o[0m
[2.984s] [ 46%] [32mBuilding CXX object CMakeFiles/yolov8_msgs__rosidl_typesupport_fastrtps_cpp.dir/rosidl_typesupport_fastrtps_cpp/yolov8_msgs/msg/detail/dds_fastrtps/detection_array__type_support.cpp.o[0m
[2.990s] [ 47%] [32m[1mLinking CXX shared library libyolov8_msgs__rosidl_typesupport_cpp.so[0m
[3.037s] [ 47%] Built target yolov8_msgs__rosidl_typesupport_cpp
[3.074s] [35m[1mScanning dependencies of target yolov8_msgs__rosidl_typesupport_c[0m
[3.094s] [ 50%] [32mBuilding CXX object CMakeFiles/yolov8_msgs__rosidl_typesupport_c.dir/rosidl_typesupport_c/yolov8_msgs/msg/vector2__type_support.cpp.o[0m
[3.094s] [ 50%] [32mBuilding CXX object CMakeFiles/yolov8_msgs__rosidl_typesupport_c.dir/rosidl_typesupport_c/yolov8_msgs/msg/point2_d__type_support.cpp.o[0m
[3.094s] [ 50%] [32mBuilding CXX object CMakeFiles/yolov8_msgs__rosidl_typesupport_c.dir/rosidl_typesupport_c/yolov8_msgs/msg/bounding_box2_d__type_support.cpp.o[0m
[3.094s] [ 50%] [32mBuilding CXX object CMakeFiles/yolov8_msgs__rosidl_typesupport_c.dir/rosidl_typesupport_c/yolov8_msgs/msg/pose2_d__type_support.cpp.o[0m
[3.095s] [ 51%] [32mBuilding CXX object CMakeFiles/yolov8_msgs__rosidl_typesupport_c.dir/rosidl_typesupport_c/yolov8_msgs/msg/bounding_box3_d__type_support.cpp.o[0m
[3.095s] [ 53%] [32mBuilding CXX object CMakeFiles/yolov8_msgs__rosidl_typesupport_c.dir/rosidl_typesupport_c/yolov8_msgs/msg/mask__type_support.cpp.o[0m
[3.095s] [ 53%] [32mBuilding CXX object CMakeFiles/yolov8_msgs__rosidl_typesupport_c.dir/rosidl_typesupport_c/yolov8_msgs/msg/key_point2_d__type_support.cpp.o[0m
[3.095s] [ 54%] [32mBuilding CXX object CMakeFiles/yolov8_msgs__rosidl_typesupport_c.dir/rosidl_typesupport_c/yolov8_msgs/msg/key_point3_d__type_support.cpp.o[0m
[3.095s] [ 54%] [32mBuilding CXX object CMakeFiles/yolov8_msgs__rosidl_typesupport_c.dir/rosidl_typesupport_c/yolov8_msgs/msg/key_point2_d_array__type_support.cpp.o[0m
[3.101s] [ 55%] [32mBuilding CXX object CMakeFiles/yolov8_msgs__rosidl_typesupport_c.dir/rosidl_typesupport_c/yolov8_msgs/msg/key_point3_d_array__type_support.cpp.o[0m
[3.106s] [ 56%] [32mBuilding CXX object CMakeFiles/yolov8_msgs__rosidl_typesupport_c.dir/rosidl_typesupport_c/yolov8_msgs/msg/detection__type_support.cpp.o[0m
[3.112s] [ 57%] [32mBuilding CXX object CMakeFiles/yolov8_msgs__rosidl_typesupport_c.dir/rosidl_typesupport_c/yolov8_msgs/msg/detection_array__type_support.cpp.o[0m
[3.160s] [ 58%] [32m[1mLinking CXX shared library libyolov8_msgs__rosidl_typesupport_c.so[0m
[3.197s] [ 58%] Built target yolov8_msgs__rosidl_typesupport_c
[3.249s] [35m[1mScanning dependencies of target yolov8_msgs__rosidl_typesupport_introspection_c[0m
[3.269s] [ 59%] [32mBuilding C object CMakeFiles/yolov8_msgs__rosidl_typesupport_introspection_c.dir/rosidl_typesupport_introspection_c/yolov8_msgs/msg/detail/point2_d__type_support.c.o[0m
[3.270s] [ 61%] [32mBuilding C object CMakeFiles/yolov8_msgs__rosidl_typesupport_introspection_c.dir/rosidl_typesupport_introspection_c/yolov8_msgs/msg/detail/vector2__type_support.c.o[0m
[3.271s] [ 61%] [32mBuilding C object CMakeFiles/yolov8_msgs__rosidl_typesupport_introspection_c.dir/rosidl_typesupport_introspection_c/yolov8_msgs/msg/detail/pose2_d__type_support.c.o[0m
[3.271s] [ 61%] [32mBuilding C object CMakeFiles/yolov8_msgs__rosidl_typesupport_introspection_c.dir/rosidl_typesupport_introspection_c/yolov8_msgs/msg/detail/bounding_box2_d__type_support.c.o[0m
[3.271s] [ 62%] [32mBuilding C object CMakeFiles/yolov8_msgs__rosidl_typesupport_introspection_c.dir/rosidl_typesupport_introspection_c/yolov8_msgs/msg/detail/bounding_box3_d__type_support.c.o[0m
[3.271s] [ 63%] [32mBuilding C object CMakeFiles/yolov8_msgs__rosidl_typesupport_introspection_c.dir/rosidl_typesupport_introspection_c/yolov8_msgs/msg/detail/key_point2_d_array__type_support.c.o[0m
[3.271s] [ 64%] [32mBuilding C object CMakeFiles/yolov8_msgs__rosidl_typesupport_introspection_c.dir/rosidl_typesupport_introspection_c/yolov8_msgs/msg/detail/mask__type_support.c.o[0m
[3.272s] [ 66%] [32mBuilding C object CMakeFiles/yolov8_msgs__rosidl_typesupport_introspection_c.dir/rosidl_typesupport_introspection_c/yolov8_msgs/msg/detail/key_point3_d__type_support.c.o[0m
[3.272s] [ 66%] [32mBuilding C object CMakeFiles/yolov8_msgs__rosidl_typesupport_introspection_c.dir/rosidl_typesupport_introspection_c/yolov8_msgs/msg/detail/key_point2_d__type_support.c.o[0m
[3.273s] [ 66%] [32mBuilding C object CMakeFiles/yolov8_msgs__rosidl_typesupport_introspection_c.dir/rosidl_typesupport_introspection_c/yolov8_msgs/msg/detail/detection__type_support.c.o[0m
[3.274s] [ 67%] [32mBuilding C object CMakeFiles/yolov8_msgs__rosidl_typesupport_introspection_c.dir/rosidl_typesupport_introspection_c/yolov8_msgs/msg/detail/key_point3_d_array__type_support.c.o[0m
[3.274s] [ 68%] [32mBuilding C object CMakeFiles/yolov8_msgs__rosidl_typesupport_introspection_c.dir/rosidl_typesupport_introspection_c/yolov8_msgs/msg/detail/detection_array__type_support.c.o[0m
[3.288s] [ 69%] [32m[1mLinking CXX shared library libyolov8_msgs__rosidl_typesupport_introspection_cpp.so[0m
[3.321s] [ 70%] [32m[1mLinking C shared library libyolov8_msgs__rosidl_typesupport_introspection_c.so[0m
[3.351s] [ 70%] Built target yolov8_msgs__rosidl_typesupport_introspection_c
[3.360s] [ 70%] Built target yolov8_msgs__rosidl_typesupport_introspection_cpp
[3.492s] [ 71%] [32m[1mLinking CXX shared library libyolov8_msgs__rosidl_typesupport_fastrtps_cpp.so[0m
[3.554s] [ 71%] Built target yolov8_msgs__rosidl_typesupport_fastrtps_cpp
[3.562s] [ 72%] [34m[1mGenerating C type support for eProsima Fast-RTPS[0m
[4.219s] [35m[1mScanning dependencies of target yolov8_msgs__rosidl_typesupport_fastrtps_c[0m
[4.236s] [ 73%] [32mBuilding CXX object CMakeFiles/yolov8_msgs__rosidl_typesupport_fastrtps_c.dir/rosidl_typesupport_fastrtps_c/yolov8_msgs/msg/detail/point2_d__type_support_c.cpp.o[0m
[4.236s] [ 74%] [32mBuilding CXX object CMakeFiles/yolov8_msgs__rosidl_typesupport_fastrtps_c.dir/rosidl_typesupport_fastrtps_c/yolov8_msgs/msg/detail/vector2__type_support_c.cpp.o[0m
[4.236s] [ 74%] [32mBuilding CXX object CMakeFiles/yolov8_msgs__rosidl_typesupport_fastrtps_c.dir/rosidl_typesupport_fastrtps_c/yolov8_msgs/msg/detail/pose2_d__type_support_c.cpp.o[0m
[4.236s] [ 75%] [32mBuilding CXX object CMakeFiles/yolov8_msgs__rosidl_typesupport_fastrtps_c.dir/rosidl_typesupport_fastrtps_c/yolov8_msgs/msg/detail/bounding_box2_d__type_support_c.cpp.o[0m
[4.237s] [ 76%] [32mBuilding CXX object CMakeFiles/yolov8_msgs__rosidl_typesupport_fastrtps_c.dir/rosidl_typesupport_fastrtps_c/yolov8_msgs/msg/detail/bounding_box3_d__type_support_c.cpp.o[0m
[4.240s] [ 77%] [32mBuilding CXX object CMakeFiles/yolov8_msgs__rosidl_typesupport_fastrtps_c.dir/rosidl_typesupport_fastrtps_c/yolov8_msgs/msg/detail/detection_array__type_support_c.cpp.o[0m
[4.240s] [ 78%] [32mBuilding CXX object CMakeFiles/yolov8_msgs__rosidl_typesupport_fastrtps_c.dir/rosidl_typesupport_fastrtps_c/yolov8_msgs/msg/detail/mask__type_support_c.cpp.o[0m
[4.240s] [ 79%] [32mBuilding CXX object CMakeFiles/yolov8_msgs__rosidl_typesupport_fastrtps_c.dir/rosidl_typesupport_fastrtps_c/yolov8_msgs/msg/detail/key_point2_d__type_support_c.cpp.o[0m
[4.240s] [ 80%] [32mBuilding CXX object CMakeFiles/yolov8_msgs__rosidl_typesupport_fastrtps_c.dir/rosidl_typesupport_fastrtps_c/yolov8_msgs/msg/detail/key_point2_d_array__type_support_c.cpp.o[0m
[4.240s] [ 80%] [32mBuilding CXX object CMakeFiles/yolov8_msgs__rosidl_typesupport_fastrtps_c.dir/rosidl_typesupport_fastrtps_c/yolov8_msgs/msg/detail/key_point3_d__type_support_c.cpp.o[0m
[4.241s] [ 82%] [32mBuilding CXX object CMakeFiles/yolov8_msgs__rosidl_typesupport_fastrtps_c.dir/rosidl_typesupport_fastrtps_c/yolov8_msgs/msg/detail/detection__type_support_c.cpp.o[0m
[4.241s] [ 82%] [32mBuilding CXX object CMakeFiles/yolov8_msgs__rosidl_typesupport_fastrtps_c.dir/rosidl_typesupport_fastrtps_c/yolov8_msgs/msg/detail/key_point3_d_array__type_support_c.cpp.o[0m
[4.615s] [ 83%] [32m[1mLinking CXX shared library libyolov8_msgs__rosidl_typesupport_fastrtps_c.so[0m
[4.674s] [ 83%] Built target yolov8_msgs__rosidl_typesupport_fastrtps_c
[4.680s] [35m[1mScanning dependencies of target yolov8_msgs[0m
[4.688s] [ 83%] Built target yolov8_msgs
[4.695s] [35m[1mScanning dependencies of target yolov8_msgs__py[0m
[4.703s] [ 84%] [34m[1mGenerating Python code for ROS interfaces[0m
[5.759s] [ 84%] Built target yolov8_msgs__py
[5.765s] [35m[1mScanning dependencies of target yolov8_msgs__python[0m
[5.790s] [ 85%] [32mBuilding C object CMakeFiles/yolov8_msgs__python.dir/rosidl_generator_py/yolov8_msgs/msg/_point2_d_s.c.o[0m
[5.791s] [ 86%] [32mBuilding C object CMakeFiles/yolov8_msgs__python.dir/rosidl_generator_py/yolov8_msgs/msg/_vector2_s.c.o[0m
[5.791s] [ 87%] [32mBuilding C object CMakeFiles/yolov8_msgs__python.dir/rosidl_generator_py/yolov8_msgs/msg/_pose2_d_s.c.o[0m
[5.791s] [ 88%] [32mBuilding C object CMakeFiles/yolov8_msgs__python.dir/rosidl_generator_py/yolov8_msgs/msg/_bounding_box2_d_s.c.o[0m
[5.791s] [ 88%] [32mBuilding C object CMakeFiles/yolov8_msgs__python.dir/rosidl_generator_py/yolov8_msgs/msg/_bounding_box3_d_s.c.o[0m
[5.795s] [ 90%] [32mBuilding C object CMakeFiles/yolov8_msgs__python.dir/rosidl_generator_py/yolov8_msgs/msg/_key_point2_d_s.c.o[0m
[5.795s] [ 90%] [32mBuilding C object CMakeFiles/yolov8_msgs__python.dir/rosidl_generator_py/yolov8_msgs/msg/_mask_s.c.o[0m
[5.795s] [ 91%] [32mBuilding C object CMakeFiles/yolov8_msgs__python.dir/rosidl_generator_py/yolov8_msgs/msg/_key_point2_d_array_s.c.o[0m
[5.796s] [ 93%] [32mBuilding C object CMakeFiles/yolov8_msgs__python.dir/rosidl_generator_py/yolov8_msgs/msg/_key_point3_d_array_s.c.o[0m
[5.796s] [ 93%] [32mBuilding C object CMakeFiles/yolov8_msgs__python.dir/rosidl_generator_py/yolov8_msgs/msg/_key_point3_d_s.c.o[0m
[5.797s] [ 93%] [32mBuilding C object CMakeFiles/yolov8_msgs__python.dir/rosidl_generator_py/yolov8_msgs/msg/_detection_s.c.o[0m
[5.797s] [ 94%] [32mBuilding C object CMakeFiles/yolov8_msgs__python.dir/rosidl_generator_py/yolov8_msgs/msg/_detection_array_s.c.o[0m
[5.901s] [ 95%] [32m[1mLinking C shared library rosidl_generator_py/yolov8_msgs/libyolov8_msgs__python.so[0m
[5.934s] [ 95%] Built target yolov8_msgs__python
[5.940s] [35m[1mScanning dependencies of target yolov8_msgs__rosidl_typesupport_c__pyext[0m
[5.940s] [35m[1mScanning dependencies of target yolov8_msgs__rosidl_typesupport_fastrtps_c__pyext[0m
[5.941s] [35m[1mScanning dependencies of target yolov8_msgs__rosidl_typesupport_introspection_c__pyext[0m
[5.953s] [ 95%] [32mBuilding C object CMakeFiles/yolov8_msgs__rosidl_typesupport_c__pyext.dir/rosidl_generator_py/yolov8_msgs/_yolov8_msgs_s.ep.rosidl_typesupport_c.c.o[0m
[5.954s] [ 96%] [32mBuilding C object CMakeFiles/yolov8_msgs__rosidl_typesupport_introspection_c__pyext.dir/rosidl_generator_py/yolov8_msgs/_yolov8_msgs_s.ep.rosidl_typesupport_introspection_c.c.o[0m
[5.957s] [ 97%] [32mBuilding C object CMakeFiles/yolov8_msgs__rosidl_typesupport_fastrtps_c__pyext.dir/rosidl_generator_py/yolov8_msgs/_yolov8_msgs_s.ep.rosidl_typesupport_fastrtps_c.c.o[0m
[6.024s] [ 99%] [32m[1mLinking C shared library rosidl_generator_py/yolov8_msgs/yolov8_msgs_s__rosidl_typesupport_introspection_c.cpython-38-x86_64-linux-gnu.so[0m
[6.024s] [ 99%] [32m[1mLinking C shared library rosidl_generator_py/yolov8_msgs/yolov8_msgs_s__rosidl_typesupport_c.cpython-38-x86_64-linux-gnu.so[0m
[6.028s] [100%] [32m[1mLinking CXX shared library rosidl_generator_py/yolov8_msgs/yolov8_msgs_s__rosidl_typesupport_fastrtps_c.cpython-38-x86_64-linux-gnu.so[0m
[6.048s] [100%] Built target yolov8_msgs__rosidl_typesupport_c__pyext
[6.048s] [100%] Built target yolov8_msgs__rosidl_typesupport_introspection_c__pyext
[6.071s] [100%] Built target yolov8_msgs__rosidl_typesupport_fastrtps_c__pyext
[6.078s] Invoked command in '/home/aiv/YongJun_ws/build/yolov8_msgs' returned '0': CMAKE_PREFIX_PATH=${CMAKE_PREFIX_PATH}:/home/aiv/YongJun_ws/install/yolov8_ros:/opt/ros/foxy /usr/bin/cmake --build /home/aiv/YongJun_ws/build/yolov8_msgs -- -j32 -l32
[6.186s] Invoking command in '/home/aiv/YongJun_ws/build/yolov8_msgs': CMAKE_PREFIX_PATH=${CMAKE_PREFIX_PATH}:/home/aiv/YongJun_ws/install/yolov8_ros:/opt/ros/foxy /usr/bin/cmake --install /home/aiv/YongJun_ws/build/yolov8_msgs
[6.191s] -- Install configuration: ""
[6.192s] -- Execute custom install script
[6.192s] -- Symlinking: /home/aiv/YongJun_ws/install/yolov8_msgs/share/ament_index/resource_index/rosidl_interfaces/yolov8_msgs
[6.198s] -- Symlinking: /home/aiv/YongJun_ws/install/yolov8_msgs/include/yolov8_msgs/msg/bounding_box2_d.h
[6.202s] -- Symlinking: /home/aiv/YongJun_ws/install/yolov8_msgs/include/yolov8_msgs/msg/bounding_box3_d.h
[6.207s] -- Symlinking: /home/aiv/YongJun_ws/install/yolov8_msgs/include/yolov8_msgs/msg/detail/bounding_box2_d__functions.h
[6.212s] -- Symlinking: /home/aiv/YongJun_ws/install/yolov8_msgs/include/yolov8_msgs/msg/detail/bounding_box2_d__struct.h
[6.217s] -- Symlinking: /home/aiv/YongJun_ws/install/yolov8_msgs/include/yolov8_msgs/msg/detail/bounding_box2_d__type_support.h
[6.222s] -- Symlinking: /home/aiv/YongJun_ws/install/yolov8_msgs/include/yolov8_msgs/msg/detail/bounding_box3_d__functions.h
[6.227s] -- Symlinking: /home/aiv/YongJun_ws/install/yolov8_msgs/include/yolov8_msgs/msg/detail/bounding_box3_d__struct.h
[6.231s] -- Symlinking: /home/aiv/YongJun_ws/install/yolov8_msgs/include/yolov8_msgs/msg/detail/bounding_box3_d__type_support.h
[6.236s] -- Symlinking: /home/aiv/YongJun_ws/install/yolov8_msgs/include/yolov8_msgs/msg/detail/detection__functions.h
[6.241s] -- Symlinking: /home/aiv/YongJun_ws/install/yolov8_msgs/include/yolov8_msgs/msg/detail/detection__struct.h
[6.245s] -- Symlinking: /home/aiv/YongJun_ws/install/yolov8_msgs/include/yolov8_msgs/msg/detail/detection__type_support.h
[6.250s] -- Symlinking: /home/aiv/YongJun_ws/install/yolov8_msgs/include/yolov8_msgs/msg/detail/detection_array__functions.h
[6.255s] -- Symlinking: /home/aiv/YongJun_ws/install/yolov8_msgs/include/yolov8_msgs/msg/detail/detection_array__struct.h
[6.259s] -- Symlinking: /home/aiv/YongJun_ws/install/yolov8_msgs/include/yolov8_msgs/msg/detail/detection_array__type_support.h
[6.264s] -- Symlinking: /home/aiv/YongJun_ws/install/yolov8_msgs/include/yolov8_msgs/msg/detail/key_point2_d__functions.h
[6.269s] -- Symlinking: /home/aiv/YongJun_ws/install/yolov8_msgs/include/yolov8_msgs/msg/detail/key_point2_d__struct.h
[6.274s] -- Symlinking: /home/aiv/YongJun_ws/install/yolov8_msgs/include/yolov8_msgs/msg/detail/key_point2_d__type_support.h
[6.279s] -- Symlinking: /home/aiv/YongJun_ws/install/yolov8_msgs/include/yolov8_msgs/msg/detail/key_point2_d_array__functions.h
[6.283s] -- Symlinking: /home/aiv/YongJun_ws/install/yolov8_msgs/include/yolov8_msgs/msg/detail/key_point2_d_array__struct.h
[6.288s] -- Symlinking: /home/aiv/YongJun_ws/install/yolov8_msgs/include/yolov8_msgs/msg/detail/key_point2_d_array__type_support.h
[6.293s] -- Symlinking: /home/aiv/YongJun_ws/install/yolov8_msgs/include/yolov8_msgs/msg/detail/key_point3_d__functions.h
[6.297s] -- Symlinking: /home/aiv/YongJun_ws/install/yolov8_msgs/include/yolov8_msgs/msg/detail/key_point3_d__struct.h
[6.302s] -- Symlinking: /home/aiv/YongJun_ws/install/yolov8_msgs/include/yolov8_msgs/msg/detail/key_point3_d__type_support.h
[6.307s] -- Symlinking: /home/aiv/YongJun_ws/install/yolov8_msgs/include/yolov8_msgs/msg/detail/key_point3_d_array__functions.h
[6.312s] -- Symlinking: /home/aiv/YongJun_ws/install/yolov8_msgs/include/yolov8_msgs/msg/detail/key_point3_d_array__struct.h
[6.317s] -- Symlinking: /home/aiv/YongJun_ws/install/yolov8_msgs/include/yolov8_msgs/msg/detail/key_point3_d_array__type_support.h
[6.322s] -- Symlinking: /home/aiv/YongJun_ws/install/yolov8_msgs/include/yolov8_msgs/msg/detail/mask__functions.h
[6.326s] -- Symlinking: /home/aiv/YongJun_ws/install/yolov8_msgs/include/yolov8_msgs/msg/detail/mask__struct.h
[6.331s] -- Symlinking: /home/aiv/YongJun_ws/install/yolov8_msgs/include/yolov8_msgs/msg/detail/mask__type_support.h
[6.336s] -- Symlinking: /home/aiv/YongJun_ws/install/yolov8_msgs/include/yolov8_msgs/msg/detail/point2_d__functions.h
[6.341s] -- Symlinking: /home/aiv/YongJun_ws/install/yolov8_msgs/include/yolov8_msgs/msg/detail/point2_d__struct.h
[6.346s] -- Symlinking: /home/aiv/YongJun_ws/install/yolov8_msgs/include/yolov8_msgs/msg/detail/point2_d__type_support.h
[6.350s] -- Symlinking: /home/aiv/YongJun_ws/install/yolov8_msgs/include/yolov8_msgs/msg/detail/pose2_d__functions.h
[6.355s] -- Symlinking: /home/aiv/YongJun_ws/install/yolov8_msgs/include/yolov8_msgs/msg/detail/pose2_d__struct.h
[6.360s] -- Symlinking: /home/aiv/YongJun_ws/install/yolov8_msgs/include/yolov8_msgs/msg/detail/pose2_d__type_support.h
[6.365s] -- Symlinking: /home/aiv/YongJun_ws/install/yolov8_msgs/include/yolov8_msgs/msg/detail/vector2__functions.h
[6.369s] -- Symlinking: /home/aiv/YongJun_ws/install/yolov8_msgs/include/yolov8_msgs/msg/detail/vector2__struct.h
[6.374s] -- Symlinking: /home/aiv/YongJun_ws/install/yolov8_msgs/include/yolov8_msgs/msg/detail/vector2__type_support.h
[6.379s] -- Symlinking: /home/aiv/YongJun_ws/install/yolov8_msgs/include/yolov8_msgs/msg/detection.h
[6.384s] -- Symlinking: /home/aiv/YongJun_ws/install/yolov8_msgs/include/yolov8_msgs/msg/detection_array.h
[6.389s] -- Symlinking: /home/aiv/YongJun_ws/install/yolov8_msgs/include/yolov8_msgs/msg/key_point2_d.h
[6.393s] -- Symlinking: /home/aiv/YongJun_ws/install/yolov8_msgs/include/yolov8_msgs/msg/key_point2_d_array.h
[6.398s] -- Symlinking: /home/aiv/YongJun_ws/install/yolov8_msgs/include/yolov8_msgs/msg/key_point3_d.h
[6.403s] -- Symlinking: /home/aiv/YongJun_ws/install/yolov8_msgs/include/yolov8_msgs/msg/key_point3_d_array.h
[6.408s] -- Symlinking: /home/aiv/YongJun_ws/install/yolov8_msgs/include/yolov8_msgs/msg/mask.h
[6.413s] -- Symlinking: /home/aiv/YongJun_ws/install/yolov8_msgs/include/yolov8_msgs/msg/point2_d.h
[6.417s] -- Symlinking: /home/aiv/YongJun_ws/install/yolov8_msgs/include/yolov8_msgs/msg/pose2_d.h
[6.422s] -- Symlinking: /home/aiv/YongJun_ws/install/yolov8_msgs/include/yolov8_msgs/msg/rosidl_generator_c__visibility_control.h
[6.427s] -- Symlinking: /home/aiv/YongJun_ws/install/yolov8_msgs/include/yolov8_msgs/msg/vector2.h
[6.433s] -- Symlinking: /home/aiv/YongJun_ws/install/yolov8_msgs/share/yolov8_msgs/environment/library_path.sh
[6.439s] -- Symlinking: /home/aiv/YongJun_ws/install/yolov8_msgs/share/yolov8_msgs/environment/library_path.dsv
[6.444s] -- Symlinking: /home/aiv/YongJun_ws/install/yolov8_msgs/include/yolov8_msgs/msg/detail/bounding_box2_d__rosidl_typesupport_fastrtps_c.h
[6.449s] -- Symlinking: /home/aiv/YongJun_ws/install/yolov8_msgs/include/yolov8_msgs/msg/detail/bounding_box3_d__rosidl_typesupport_fastrtps_c.h
[6.454s] -- Symlinking: /home/aiv/YongJun_ws/install/yolov8_msgs/include/yolov8_msgs/msg/detail/detection__rosidl_typesupport_fastrtps_c.h
[6.459s] -- Symlinking: /home/aiv/YongJun_ws/install/yolov8_msgs/include/yolov8_msgs/msg/detail/detection_array__rosidl_typesupport_fastrtps_c.h
[6.464s] -- Symlinking: /home/aiv/YongJun_ws/install/yolov8_msgs/include/yolov8_msgs/msg/detail/key_point2_d__rosidl_typesupport_fastrtps_c.h
[6.469s] -- Symlinking: /home/aiv/YongJun_ws/install/yolov8_msgs/include/yolov8_msgs/msg/detail/key_point2_d_array__rosidl_typesupport_fastrtps_c.h
[6.473s] -- Symlinking: /home/aiv/YongJun_ws/install/yolov8_msgs/include/yolov8_msgs/msg/detail/key_point3_d__rosidl_typesupport_fastrtps_c.h
[6.478s] -- Symlinking: /home/aiv/YongJun_ws/install/yolov8_msgs/include/yolov8_msgs/msg/detail/key_point3_d_array__rosidl_typesupport_fastrtps_c.h
[6.483s] -- Symlinking: /home/aiv/YongJun_ws/install/yolov8_msgs/include/yolov8_msgs/msg/detail/mask__rosidl_typesupport_fastrtps_c.h
[6.488s] -- Symlinking: /home/aiv/YongJun_ws/install/yolov8_msgs/include/yolov8_msgs/msg/detail/point2_d__rosidl_typesupport_fastrtps_c.h
[6.493s] -- Symlinking: /home/aiv/YongJun_ws/install/yolov8_msgs/include/yolov8_msgs/msg/detail/pose2_d__rosidl_typesupport_fastrtps_c.h
[6.497s] -- Symlinking: /home/aiv/YongJun_ws/install/yolov8_msgs/include/yolov8_msgs/msg/detail/vector2__rosidl_typesupport_fastrtps_c.h
[6.502s] -- Symlinking: /home/aiv/YongJun_ws/install/yolov8_msgs/include/yolov8_msgs/msg/rosidl_typesupport_fastrtps_c__visibility_control.h
[6.507s] -- Symlinking: /home/aiv/YongJun_ws/install/yolov8_msgs/lib/libyolov8_msgs__rosidl_typesupport_fastrtps_c.so
[6.512s] -- Symlinking: /home/aiv/YongJun_ws/install/yolov8_msgs/include/yolov8_msgs/msg/detail/bounding_box2_d__rosidl_typesupport_fastrtps_cpp.hpp
[6.517s] -- Symlinking: /home/aiv/YongJun_ws/install/yolov8_msgs/include/yolov8_msgs/msg/detail/bounding_box3_d__rosidl_typesupport_fastrtps_cpp.hpp
[6.522s] -- Symlinking: /home/aiv/YongJun_ws/install/yolov8_msgs/include/yolov8_msgs/msg/detail/detection__rosidl_typesupport_fastrtps_cpp.hpp
[6.526s] -- Symlinking: /home/aiv/YongJun_ws/install/yolov8_msgs/include/yolov8_msgs/msg/detail/detection_array__rosidl_typesupport_fastrtps_cpp.hpp
[6.531s] -- Symlinking: /home/aiv/YongJun_ws/install/yolov8_msgs/include/yolov8_msgs/msg/detail/key_point2_d__rosidl_typesupport_fastrtps_cpp.hpp
[6.536s] -- Symlinking: /home/aiv/YongJun_ws/install/yolov8_msgs/include/yolov8_msgs/msg/detail/key_point2_d_array__rosidl_typesupport_fastrtps_cpp.hpp
[6.541s] -- Symlinking: /home/aiv/YongJun_ws/install/yolov8_msgs/include/yolov8_msgs/msg/detail/key_point3_d__rosidl_typesupport_fastrtps_cpp.hpp
[6.546s] -- Symlinking: /home/aiv/YongJun_ws/install/yolov8_msgs/include/yolov8_msgs/msg/detail/key_point3_d_array__rosidl_typesupport_fastrtps_cpp.hpp
[6.552s] -- Symlinking: /home/aiv/YongJun_ws/install/yolov8_msgs/include/yolov8_msgs/msg/detail/mask__rosidl_typesupport_fastrtps_cpp.hpp
[6.557s] -- Symlinking: /home/aiv/YongJun_ws/install/yolov8_msgs/include/yolov8_msgs/msg/detail/point2_d__rosidl_typesupport_fastrtps_cpp.hpp
[6.562s] -- Symlinking: /home/aiv/YongJun_ws/install/yolov8_msgs/include/yolov8_msgs/msg/detail/pose2_d__rosidl_typesupport_fastrtps_cpp.hpp
[6.567s] -- Symlinking: /home/aiv/YongJun_ws/install/yolov8_msgs/include/yolov8_msgs/msg/detail/vector2__rosidl_typesupport_fastrtps_cpp.hpp
[6.571s] -- Symlinking: /home/aiv/YongJun_ws/install/yolov8_msgs/include/yolov8_msgs/msg/rosidl_typesupport_fastrtps_cpp__visibility_control.h
[6.577s] -- Symlinking: /home/aiv/YongJun_ws/install/yolov8_msgs/lib/libyolov8_msgs__rosidl_typesupport_fastrtps_cpp.so
[6.582s] -- Symlinking: /home/aiv/YongJun_ws/install/yolov8_msgs/include/yolov8_msgs/msg/detail/bounding_box2_d__rosidl_typesupport_introspection_c.h
[6.587s] -- Symlinking: /home/aiv/YongJun_ws/install/yolov8_msgs/include/yolov8_msgs/msg/detail/bounding_box3_d__rosidl_typesupport_introspection_c.h
[6.592s] -- Symlinking: /home/aiv/YongJun_ws/install/yolov8_msgs/include/yolov8_msgs/msg/detail/detection__rosidl_typesupport_introspection_c.h
[6.598s] -- Symlinking: /home/aiv/YongJun_ws/install/yolov8_msgs/include/yolov8_msgs/msg/detail/detection_array__rosidl_typesupport_introspection_c.h
[6.602s] -- Symlinking: /home/aiv/YongJun_ws/install/yolov8_msgs/include/yolov8_msgs/msg/detail/key_point2_d__rosidl_typesupport_introspection_c.h
[6.607s] -- Symlinking: /home/aiv/YongJun_ws/install/yolov8_msgs/include/yolov8_msgs/msg/detail/key_point2_d_array__rosidl_typesupport_introspection_c.h
[6.612s] -- Symlinking: /home/aiv/YongJun_ws/install/yolov8_msgs/include/yolov8_msgs/msg/detail/key_point3_d__rosidl_typesupport_introspection_c.h
[6.617s] -- Symlinking: /home/aiv/YongJun_ws/install/yolov8_msgs/include/yolov8_msgs/msg/detail/key_point3_d_array__rosidl_typesupport_introspection_c.h
[6.622s] -- Symlinking: /home/aiv/YongJun_ws/install/yolov8_msgs/include/yolov8_msgs/msg/detail/mask__rosidl_typesupport_introspection_c.h
[6.627s] -- Symlinking: /home/aiv/YongJun_ws/install/yolov8_msgs/include/yolov8_msgs/msg/detail/point2_d__rosidl_typesupport_introspection_c.h
[6.632s] -- Symlinking: /home/aiv/YongJun_ws/install/yolov8_msgs/include/yolov8_msgs/msg/detail/pose2_d__rosidl_typesupport_introspection_c.h
[6.636s] -- Symlinking: /home/aiv/YongJun_ws/install/yolov8_msgs/include/yolov8_msgs/msg/detail/vector2__rosidl_typesupport_introspection_c.h
[6.641s] -- Symlinking: /home/aiv/YongJun_ws/install/yolov8_msgs/include/yolov8_msgs/msg/rosidl_typesupport_introspection_c__visibility_control.h
[6.647s] -- Symlinking: /home/aiv/YongJun_ws/install/yolov8_msgs/include/yolov8_msgs/msg/bounding_box2_d.hpp
[6.652s] -- Symlinking: /home/aiv/YongJun_ws/install/yolov8_msgs/include/yolov8_msgs/msg/bounding_box3_d.hpp
[6.657s] -- Symlinking: /home/aiv/YongJun_ws/install/yolov8_msgs/include/yolov8_msgs/msg/detail/bounding_box2_d__builder.hpp
[6.662s] -- Symlinking: /home/aiv/YongJun_ws/install/yolov8_msgs/include/yolov8_msgs/msg/detail/bounding_box2_d__struct.hpp
[6.667s] -- Symlinking: /home/aiv/YongJun_ws/install/yolov8_msgs/include/yolov8_msgs/msg/detail/bounding_box2_d__traits.hpp
[6.671s] -- Symlinking: /home/aiv/YongJun_ws/install/yolov8_msgs/include/yolov8_msgs/msg/detail/bounding_box2_d__type_support.hpp
[6.676s] -- Symlinking: /home/aiv/YongJun_ws/install/yolov8_msgs/include/yolov8_msgs/msg/detail/bounding_box3_d__builder.hpp
[6.681s] -- Symlinking: /home/aiv/YongJun_ws/install/yolov8_msgs/include/yolov8_msgs/msg/detail/bounding_box3_d__struct.hpp
[6.686s] -- Symlinking: /home/aiv/YongJun_ws/install/yolov8_msgs/include/yolov8_msgs/msg/detail/bounding_box3_d__traits.hpp
[6.691s] -- Symlinking: /home/aiv/YongJun_ws/install/yolov8_msgs/include/yolov8_msgs/msg/detail/bounding_box3_d__type_support.hpp
[6.696s] -- Symlinking: /home/aiv/YongJun_ws/install/yolov8_msgs/include/yolov8_msgs/msg/detail/detection__builder.hpp
[6.701s] -- Symlinking: /home/aiv/YongJun_ws/install/yolov8_msgs/include/yolov8_msgs/msg/detail/detection__struct.hpp
[6.705s] -- Symlinking: /home/aiv/YongJun_ws/install/yolov8_msgs/include/yolov8_msgs/msg/detail/detection__traits.hpp
[6.710s] -- Symlinking: /home/aiv/YongJun_ws/install/yolov8_msgs/include/yolov8_msgs/msg/detail/detection__type_support.hpp
[6.715s] -- Symlinking: /home/aiv/YongJun_ws/install/yolov8_msgs/include/yolov8_msgs/msg/detail/detection_array__builder.hpp
[6.720s] -- Symlinking: /home/aiv/YongJun_ws/install/yolov8_msgs/include/yolov8_msgs/msg/detail/detection_array__struct.hpp
[6.725s] -- Symlinking: /home/aiv/YongJun_ws/install/yolov8_msgs/include/yolov8_msgs/msg/detail/detection_array__traits.hpp
[6.730s] -- Symlinking: /home/aiv/YongJun_ws/install/yolov8_msgs/include/yolov8_msgs/msg/detail/detection_array__type_support.hpp
[6.735s] -- Symlinking: /home/aiv/YongJun_ws/install/yolov8_msgs/include/yolov8_msgs/msg/detail/key_point2_d__builder.hpp
[6.740s] -- Symlinking: /home/aiv/YongJun_ws/install/yolov8_msgs/include/yolov8_msgs/msg/detail/key_point2_d__struct.hpp
[6.745s] -- Symlinking: /home/aiv/YongJun_ws/install/yolov8_msgs/include/yolov8_msgs/msg/detail/key_point2_d__traits.hpp
[6.750s] -- Symlinking: /home/aiv/YongJun_ws/install/yolov8_msgs/include/yolov8_msgs/msg/detail/key_point2_d__type_support.hpp
[6.754s] -- Symlinking: /home/aiv/YongJun_ws/install/yolov8_msgs/include/yolov8_msgs/msg/detail/key_point2_d_array__builder.hpp
[6.759s] -- Symlinking: /home/aiv/YongJun_ws/install/yolov8_msgs/include/yolov8_msgs/msg/detail/key_point2_d_array__struct.hpp
[6.764s] -- Symlinking: /home/aiv/YongJun_ws/install/yolov8_msgs/include/yolov8_msgs/msg/detail/key_point2_d_array__traits.hpp
[6.769s] -- Symlinking: /home/aiv/YongJun_ws/install/yolov8_msgs/include/yolov8_msgs/msg/detail/key_point2_d_array__type_support.hpp
[6.774s] -- Symlinking: /home/aiv/YongJun_ws/install/yolov8_msgs/include/yolov8_msgs/msg/detail/key_point3_d__builder.hpp
[6.779s] -- Symlinking: /home/aiv/YongJun_ws/install/yolov8_msgs/include/yolov8_msgs/msg/detail/key_point3_d__struct.hpp
[6.783s] -- Symlinking: /home/aiv/YongJun_ws/install/yolov8_msgs/include/yolov8_msgs/msg/detail/key_point3_d__traits.hpp
[6.788s] -- Symlinking: /home/aiv/YongJun_ws/install/yolov8_msgs/include/yolov8_msgs/msg/detail/key_point3_d__type_support.hpp
[6.793s] -- Symlinking: /home/aiv/YongJun_ws/install/yolov8_msgs/include/yolov8_msgs/msg/detail/key_point3_d_array__builder.hpp
[6.798s] -- Symlinking: /home/aiv/YongJun_ws/install/yolov8_msgs/include/yolov8_msgs/msg/detail/key_point3_d_array__struct.hpp
[6.803s] -- Symlinking: /home/aiv/YongJun_ws/install/yolov8_msgs/include/yolov8_msgs/msg/detail/key_point3_d_array__traits.hpp
[6.808s] -- Symlinking: /home/aiv/YongJun_ws/install/yolov8_msgs/include/yolov8_msgs/msg/detail/key_point3_d_array__type_support.hpp
[6.813s] -- Symlinking: /home/aiv/YongJun_ws/install/yolov8_msgs/include/yolov8_msgs/msg/detail/mask__builder.hpp
[6.818s] -- Symlinking: /home/aiv/YongJun_ws/install/yolov8_msgs/include/yolov8_msgs/msg/detail/mask__struct.hpp
[6.823s] -- Symlinking: /home/aiv/YongJun_ws/install/yolov8_msgs/include/yolov8_msgs/msg/detail/mask__traits.hpp
[6.829s] -- Symlinking: /home/aiv/YongJun_ws/install/yolov8_msgs/include/yolov8_msgs/msg/detail/mask__type_support.hpp
[6.834s] -- Symlinking: /home/aiv/YongJun_ws/install/yolov8_msgs/include/yolov8_msgs/msg/detail/point2_d__builder.hpp
[6.839s] -- Symlinking: /home/aiv/YongJun_ws/install/yolov8_msgs/include/yolov8_msgs/msg/detail/point2_d__struct.hpp
[6.844s] -- Symlinking: /home/aiv/YongJun_ws/install/yolov8_msgs/include/yolov8_msgs/msg/detail/point2_d__traits.hpp
[6.848s] -- Symlinking: /home/aiv/YongJun_ws/install/yolov8_msgs/include/yolov8_msgs/msg/detail/point2_d__type_support.hpp
[6.853s] -- Symlinking: /home/aiv/YongJun_ws/install/yolov8_msgs/include/yolov8_msgs/msg/detail/pose2_d__builder.hpp
[6.857s] -- Symlinking: /home/aiv/YongJun_ws/install/yolov8_msgs/include/yolov8_msgs/msg/detail/pose2_d__struct.hpp
[6.862s] -- Symlinking: /home/aiv/YongJun_ws/install/yolov8_msgs/include/yolov8_msgs/msg/detail/pose2_d__traits.hpp
[6.867s] -- Symlinking: /home/aiv/YongJun_ws/install/yolov8_msgs/include/yolov8_msgs/msg/detail/pose2_d__type_support.hpp
[6.871s] -- Symlinking: /home/aiv/YongJun_ws/install/yolov8_msgs/include/yolov8_msgs/msg/detail/vector2__builder.hpp
[6.876s] -- Symlinking: /home/aiv/YongJun_ws/install/yolov8_msgs/include/yolov8_msgs/msg/detail/vector2__struct.hpp
[6.881s] -- Symlinking: /home/aiv/YongJun_ws/install/yolov8_msgs/include/yolov8_msgs/msg/detail/vector2__traits.hpp
[6.886s] -- Symlinking: /home/aiv/YongJun_ws/install/yolov8_msgs/include/yolov8_msgs/msg/detail/vector2__type_support.hpp
[6.891s] -- Symlinking: /home/aiv/YongJun_ws/install/yolov8_msgs/include/yolov8_msgs/msg/detection.hpp
[6.896s] -- Symlinking: /home/aiv/YongJun_ws/install/yolov8_msgs/include/yolov8_msgs/msg/detection_array.hpp
[6.901s] -- Symlinking: /home/aiv/YongJun_ws/install/yolov8_msgs/include/yolov8_msgs/msg/key_point2_d.hpp
[6.905s] -- Symlinking: /home/aiv/YongJun_ws/install/yolov8_msgs/include/yolov8_msgs/msg/key_point2_d_array.hpp
[6.910s] -- Symlinking: /home/aiv/YongJun_ws/install/yolov8_msgs/include/yolov8_msgs/msg/key_point3_d.hpp
[6.915s] -- Symlinking: /home/aiv/YongJun_ws/install/yolov8_msgs/include/yolov8_msgs/msg/key_point3_d_array.hpp
[6.920s] -- Symlinking: /home/aiv/YongJun_ws/install/yolov8_msgs/include/yolov8_msgs/msg/mask.hpp
[6.925s] -- Symlinking: /home/aiv/YongJun_ws/install/yolov8_msgs/include/yolov8_msgs/msg/point2_d.hpp
[6.930s] -- Symlinking: /home/aiv/YongJun_ws/install/yolov8_msgs/include/yolov8_msgs/msg/pose2_d.hpp
[6.935s] -- Symlinking: /home/aiv/YongJun_ws/install/yolov8_msgs/include/yolov8_msgs/msg/rosidl_generator_cpp__visibility_control.hpp
[6.939s] -- Symlinking: /home/aiv/YongJun_ws/install/yolov8_msgs/include/yolov8_msgs/msg/vector2.hpp
[6.945s] -- Symlinking: /home/aiv/YongJun_ws/install/yolov8_msgs/include/yolov8_msgs/msg/detail/bounding_box2_d__rosidl_typesupport_introspection_cpp.hpp
[6.950s] -- Symlinking: /home/aiv/YongJun_ws/install/yolov8_msgs/include/yolov8_msgs/msg/detail/bounding_box3_d__rosidl_typesupport_introspection_cpp.hpp
[6.954s] -- Symlinking: /home/aiv/YongJun_ws/install/yolov8_msgs/include/yolov8_msgs/msg/detail/detection__rosidl_typesupport_introspection_cpp.hpp
[6.959s] -- Symlinking: /home/aiv/YongJun_ws/install/yolov8_msgs/include/yolov8_msgs/msg/detail/detection_array__rosidl_typesupport_introspection_cpp.hpp
[6.964s] -- Symlinking: /home/aiv/YongJun_ws/install/yolov8_msgs/include/yolov8_msgs/msg/detail/key_point2_d__rosidl_typesupport_introspection_cpp.hpp
[6.969s] -- Symlinking: /home/aiv/YongJun_ws/install/yolov8_msgs/include/yolov8_msgs/msg/detail/key_point2_d_array__rosidl_typesupport_introspection_cpp.hpp
[6.974s] -- Symlinking: /home/aiv/YongJun_ws/install/yolov8_msgs/include/yolov8_msgs/msg/detail/key_point3_d__rosidl_typesupport_introspection_cpp.hpp
[6.978s] -- Symlinking: /home/aiv/YongJun_ws/install/yolov8_msgs/include/yolov8_msgs/msg/detail/key_point3_d_array__rosidl_typesupport_introspection_cpp.hpp
[6.983s] -- Symlinking: /home/aiv/YongJun_ws/install/yolov8_msgs/include/yolov8_msgs/msg/detail/mask__rosidl_typesupport_introspection_cpp.hpp
[6.988s] -- Symlinking: /home/aiv/YongJun_ws/install/yolov8_msgs/include/yolov8_msgs/msg/detail/point2_d__rosidl_typesupport_introspection_cpp.hpp
[6.992s] -- Symlinking: /home/aiv/YongJun_ws/install/yolov8_msgs/include/yolov8_msgs/msg/detail/pose2_d__rosidl_typesupport_introspection_cpp.hpp
[6.997s] -- Symlinking: /home/aiv/YongJun_ws/install/yolov8_msgs/include/yolov8_msgs/msg/detail/vector2__rosidl_typesupport_introspection_cpp.hpp
[7.002s] -- Symlinking: /home/aiv/YongJun_ws/install/yolov8_msgs/share/yolov8_msgs/environment/pythonpath.sh
[7.007s] -- Symlinking: /home/aiv/YongJun_ws/install/yolov8_msgs/share/yolov8_msgs/environment/pythonpath.dsv
[7.012s] -- Symlinking: /home/aiv/YongJun_ws/install/yolov8_msgs/lib/python3.8/site-packages/yolov8_msgs/__init__.py
[7.017s] -- Symlinking: /home/aiv/YongJun_ws/install/yolov8_msgs/lib/python3.8/site-packages/yolov8_msgs/msg/__init__.py
[7.021s] -- Symlinking: /home/aiv/YongJun_ws/install/yolov8_msgs/lib/python3.8/site-packages/yolov8_msgs/msg/_bounding_box2_d.py
[7.026s] -- Symlinking: /home/aiv/YongJun_ws/install/yolov8_msgs/lib/python3.8/site-packages/yolov8_msgs/msg/_bounding_box3_d.py
[7.031s] -- Symlinking: /home/aiv/YongJun_ws/install/yolov8_msgs/lib/python3.8/site-packages/yolov8_msgs/msg/_detection.py
[7.036s] -- Symlinking: /home/aiv/YongJun_ws/install/yolov8_msgs/lib/python3.8/site-packages/yolov8_msgs/msg/_detection_array.py
[7.040s] -- Symlinking: /home/aiv/YongJun_ws/install/yolov8_msgs/lib/python3.8/site-packages/yolov8_msgs/msg/_key_point2_d.py
[7.045s] -- Symlinking: /home/aiv/YongJun_ws/install/yolov8_msgs/lib/python3.8/site-packages/yolov8_msgs/msg/_key_point2_d_array.py
[7.050s] -- Symlinking: /home/aiv/YongJun_ws/install/yolov8_msgs/lib/python3.8/site-packages/yolov8_msgs/msg/_key_point3_d.py
[7.055s] -- Symlinking: /home/aiv/YongJun_ws/install/yolov8_msgs/lib/python3.8/site-packages/yolov8_msgs/msg/_key_point3_d_array.py
[7.059s] -- Symlinking: /home/aiv/YongJun_ws/install/yolov8_msgs/lib/python3.8/site-packages/yolov8_msgs/msg/_mask.py
[7.064s] -- Symlinking: /home/aiv/YongJun_ws/install/yolov8_msgs/lib/python3.8/site-packages/yolov8_msgs/msg/_point2_d.py
[7.069s] -- Symlinking: /home/aiv/YongJun_ws/install/yolov8_msgs/lib/python3.8/site-packages/yolov8_msgs/msg/_pose2_d.py
[7.073s] -- Symlinking: /home/aiv/YongJun_ws/install/yolov8_msgs/lib/python3.8/site-packages/yolov8_msgs/msg/_vector2.py
[7.078s] -- Symlinking: /home/aiv/YongJun_ws/install/yolov8_msgs/lib/python3.8/site-packages/yolov8_msgs/yolov8_msgs_s__rosidl_typesupport_fastrtps_c.cpython-38-x86_64-linux-gnu.so
[7.083s] -- Symlinking: /home/aiv/YongJun_ws/install/yolov8_msgs/lib/python3.8/site-packages/yolov8_msgs/yolov8_msgs_s__rosidl_typesupport_introspection_c.cpython-38-x86_64-linux-gnu.so
[7.088s] -- Symlinking: /home/aiv/YongJun_ws/install/yolov8_msgs/lib/python3.8/site-packages/yolov8_msgs/yolov8_msgs_s__rosidl_typesupport_c.cpython-38-x86_64-linux-gnu.so
[7.093s] -- Symlinking: /home/aiv/YongJun_ws/install/yolov8_msgs/lib/libyolov8_msgs__python.so
[7.098s] -- Symlinking: /home/aiv/YongJun_ws/install/yolov8_msgs/share/yolov8_msgs/msg/Point2D.idl
[7.103s] -- Symlinking: /home/aiv/YongJun_ws/install/yolov8_msgs/share/yolov8_msgs/msg/Vector2.idl
[7.107s] -- Symlinking: /home/aiv/YongJun_ws/install/yolov8_msgs/share/yolov8_msgs/msg/Pose2D.idl
[7.112s] -- Symlinking: /home/aiv/YongJun_ws/install/yolov8_msgs/share/yolov8_msgs/msg/BoundingBox2D.idl
[7.117s] -- Symlinking: /home/aiv/YongJun_ws/install/yolov8_msgs/share/yolov8_msgs/msg/BoundingBox3D.idl
[7.122s] -- Symlinking: /home/aiv/YongJun_ws/install/yolov8_msgs/share/yolov8_msgs/msg/Mask.idl
[7.127s] -- Symlinking: /home/aiv/YongJun_ws/install/yolov8_msgs/share/yolov8_msgs/msg/KeyPoint2D.idl
[7.131s] -- Symlinking: /home/aiv/YongJun_ws/install/yolov8_msgs/share/yolov8_msgs/msg/KeyPoint2DArray.idl
[7.136s] -- Symlinking: /home/aiv/YongJun_ws/install/yolov8_msgs/share/yolov8_msgs/msg/KeyPoint3D.idl
[7.141s] -- Symlinking: /home/aiv/YongJun_ws/install/yolov8_msgs/share/yolov8_msgs/msg/KeyPoint3DArray.idl
[7.146s] -- Symlinking: /home/aiv/YongJun_ws/install/yolov8_msgs/share/yolov8_msgs/msg/Detection.idl
[7.151s] -- Symlinking: /home/aiv/YongJun_ws/install/yolov8_msgs/share/yolov8_msgs/msg/DetectionArray.idl
[7.155s] -- Symlinking: /home/aiv/YongJun_ws/install/yolov8_msgs/share/yolov8_msgs/msg/Point2D.msg
[7.160s] -- Symlinking: /home/aiv/YongJun_ws/install/yolov8_msgs/share/yolov8_msgs/msg/Vector2.msg
[7.165s] -- Symlinking: /home/aiv/YongJun_ws/install/yolov8_msgs/share/yolov8_msgs/msg/Pose2D.msg
[7.170s] -- Symlinking: /home/aiv/YongJun_ws/install/yolov8_msgs/share/yolov8_msgs/msg/BoundingBox2D.msg
[7.175s] -- Symlinking: /home/aiv/YongJun_ws/install/yolov8_msgs/share/yolov8_msgs/msg/BoundingBox3D.msg
[7.179s] -- Symlinking: /home/aiv/YongJun_ws/install/yolov8_msgs/share/yolov8_msgs/msg/Mask.msg
[7.184s] -- Symlinking: /home/aiv/YongJun_ws/install/yolov8_msgs/share/yolov8_msgs/msg/KeyPoint2D.msg
[7.189s] -- Symlinking: /home/aiv/YongJun_ws/install/yolov8_msgs/share/yolov8_msgs/msg/KeyPoint2DArray.msg
[7.194s] -- Symlinking: /home/aiv/YongJun_ws/install/yolov8_msgs/share/yolov8_msgs/msg/KeyPoint3D.msg
[7.198s] -- Symlinking: /home/aiv/YongJun_ws/install/yolov8_msgs/share/yolov8_msgs/msg/KeyPoint3DArray.msg
[7.203s] -- Symlinking: /home/aiv/YongJun_ws/install/yolov8_msgs/share/yolov8_msgs/msg/Detection.msg
[7.208s] -- Symlinking: /home/aiv/YongJun_ws/install/yolov8_msgs/share/yolov8_msgs/msg/DetectionArray.msg
[7.213s] -- Symlinking: /home/aiv/YongJun_ws/install/yolov8_msgs/share/ament_index/resource_index/package_run_dependencies/yolov8_msgs
[7.218s] -- Symlinking: /home/aiv/YongJun_ws/install/yolov8_msgs/share/ament_index/resource_index/parent_prefix_path/yolov8_msgs
[7.223s] -- Symlinking: /home/aiv/YongJun_ws/install/yolov8_msgs/share/yolov8_msgs/environment/ament_prefix_path.sh
[7.228s] -- Symlinking: /home/aiv/YongJun_ws/install/yolov8_msgs/share/yolov8_msgs/environment/ament_prefix_path.dsv
[7.232s] -- Symlinking: /home/aiv/YongJun_ws/install/yolov8_msgs/share/yolov8_msgs/environment/path.sh
[7.237s] -- Symlinking: /home/aiv/YongJun_ws/install/yolov8_msgs/share/yolov8_msgs/environment/path.dsv
[7.242s] -- Symlinking: /home/aiv/YongJun_ws/install/yolov8_msgs/share/yolov8_msgs/local_setup.bash
[7.247s] -- Symlinking: /home/aiv/YongJun_ws/install/yolov8_msgs/share/yolov8_msgs/local_setup.sh
[7.252s] -- Symlinking: /home/aiv/YongJun_ws/install/yolov8_msgs/share/yolov8_msgs/local_setup.zsh
[7.257s] -- Symlinking: /home/aiv/YongJun_ws/install/yolov8_msgs/share/yolov8_msgs/local_setup.dsv
[7.261s] -- Symlinking: /home/aiv/YongJun_ws/install/yolov8_msgs/share/yolov8_msgs/package.dsv
[7.266s] -- Symlinking: /home/aiv/YongJun_ws/install/yolov8_msgs/share/ament_index/resource_index/packages/yolov8_msgs
[7.271s] -- Symlinking: /home/aiv/YongJun_ws/install/yolov8_msgs/share/yolov8_msgs/cmake/rosidl_cmake-extras.cmake
[7.276s] -- Symlinking: /home/aiv/YongJun_ws/install/yolov8_msgs/share/yolov8_msgs/cmake/ament_cmake_export_dependencies-extras.cmake
[7.281s] -- Symlinking: /home/aiv/YongJun_ws/install/yolov8_msgs/share/yolov8_msgs/cmake/ament_cmake_export_libraries-extras.cmake
[7.286s] -- Symlinking: /home/aiv/YongJun_ws/install/yolov8_msgs/share/yolov8_msgs/cmake/ament_cmake_export_targets-extras.cmake
[7.290s] -- Symlinking: /home/aiv/YongJun_ws/install/yolov8_msgs/share/yolov8_msgs/cmake/ament_cmake_export_include_directories-extras.cmake
[7.295s] -- Symlinking: /home/aiv/YongJun_ws/install/yolov8_msgs/share/yolov8_msgs/cmake/rosidl_cmake_export_typesupport_libraries-extras.cmake
[7.300s] -- Symlinking: /home/aiv/YongJun_ws/install/yolov8_msgs/share/yolov8_msgs/cmake/rosidl_cmake_export_typesupport_targets-extras.cmake
[7.305s] -- Symlinking: /home/aiv/YongJun_ws/install/yolov8_msgs/share/yolov8_msgs/cmake/yolov8_msgsConfig.cmake
[7.310s] -- Symlinking: /home/aiv/YongJun_ws/install/yolov8_msgs/share/yolov8_msgs/cmake/yolov8_msgsConfig-version.cmake
[7.315s] -- Symlinking: /home/aiv/YongJun_ws/install/yolov8_msgs/share/yolov8_msgs/package.xml
[7.320s] -- Installing: /home/aiv/YongJun_ws/install/yolov8_msgs/lib/libyolov8_msgs__rosidl_generator_c.so
[7.320s] -- Set runtime path of "/home/aiv/YongJun_ws/install/yolov8_msgs/lib/libyolov8_msgs__rosidl_generator_c.so" to ""
[7.320s] -- Installing: /home/aiv/YongJun_ws/install/yolov8_msgs/lib/libyolov8_msgs__rosidl_typesupport_introspection_c.so
[7.320s] -- Set runtime path of "/home/aiv/YongJun_ws/install/yolov8_msgs/lib/libyolov8_msgs__rosidl_typesupport_introspection_c.so" to ""
[7.320s] -- Installing: /home/aiv/YongJun_ws/install/yolov8_msgs/lib/libyolov8_msgs__rosidl_typesupport_c.so
[7.320s] -- Set runtime path of "/home/aiv/YongJun_ws/install/yolov8_msgs/lib/libyolov8_msgs__rosidl_typesupport_c.so" to ""
[7.320s] -- Installing: /home/aiv/YongJun_ws/install/yolov8_msgs/lib/libyolov8_msgs__rosidl_typesupport_introspection_cpp.so
[7.320s] -- Set runtime path of "/home/aiv/YongJun_ws/install/yolov8_msgs/lib/libyolov8_msgs__rosidl_typesupport_introspection_cpp.so" to ""
[7.320s] -- Installing: /home/aiv/YongJun_ws/install/yolov8_msgs/lib/libyolov8_msgs__rosidl_typesupport_cpp.so
[7.320s] -- Set runtime path of "/home/aiv/YongJun_ws/install/yolov8_msgs/lib/libyolov8_msgs__rosidl_typesupport_cpp.so" to ""
[7.341s] Compiling '/home/aiv/YongJun_ws/install/yolov8_msgs/lib/python3.8/site-packages/yolov8_msgs/__init__.py'...
[7.343s] -- Installing: /home/aiv/YongJun_ws/install/yolov8_msgs/share/yolov8_msgs/cmake/yolov8_msgs__rosidl_generator_cExport.cmake
[7.343s] -- Installing: /home/aiv/YongJun_ws/install/yolov8_msgs/share/yolov8_msgs/cmake/yolov8_msgs__rosidl_generator_cExport-noconfig.cmake
[7.343s] -- Installing: /home/aiv/YongJun_ws/install/yolov8_msgs/share/yolov8_msgs/cmake/yolov8_msgs__rosidl_typesupport_introspection_cExport.cmake
[7.343s] -- Installing: /home/aiv/YongJun_ws/install/yolov8_msgs/share/yolov8_msgs/cmake/yolov8_msgs__rosidl_typesupport_introspection_cExport-noconfig.cmake
[7.343s] -- Installing: /home/aiv/YongJun_ws/install/yolov8_msgs/share/yolov8_msgs/cmake/yolov8_msgs__rosidl_typesupport_cExport.cmake
[7.344s] -- Installing: /home/aiv/YongJun_ws/install/yolov8_msgs/share/yolov8_msgs/cmake/yolov8_msgs__rosidl_typesupport_cExport-noconfig.cmake
[7.344s] -- Installing: /home/aiv/YongJun_ws/install/yolov8_msgs/share/yolov8_msgs/cmake/yolov8_msgs__rosidl_generator_cppExport.cmake
[7.344s] -- Installing: /home/aiv/YongJun_ws/install/yolov8_msgs/share/yolov8_msgs/cmake/yolov8_msgs__rosidl_typesupport_introspection_cppExport.cmake
[7.344s] -- Installing: /home/aiv/YongJun_ws/install/yolov8_msgs/share/yolov8_msgs/cmake/yolov8_msgs__rosidl_typesupport_introspection_cppExport-noconfig.cmake
[7.344s] -- Installing: /home/aiv/YongJun_ws/install/yolov8_msgs/share/yolov8_msgs/cmake/yolov8_msgs__rosidl_typesupport_cppExport.cmake
[7.344s] -- Installing: /home/aiv/YongJun_ws/install/yolov8_msgs/share/yolov8_msgs/cmake/yolov8_msgs__rosidl_typesupport_cppExport-noconfig.cmake
