[0.019s] Invoking command in '/home/aiv/YongJun_ws/ros2_ws/src/yolov8_ros/matlab_msg_gen/glnxa64/build/yolov8_msgs': PS1=(venv) VIRTUAL_ENV_PROMPT=(venv) /usr/local/MATLAB/R2024a/bin/glnxa64/cmake/bin/cmake /home/aiv/YongJun_ws/ros2_ws/src/yolov8_ros/matlab_msg_gen/glnxa64/src/yolov8_msgs -DCMAKE_BUILD_TYPE=Release -DCMAKE_SHARED_LINKER_FLAGS=-Wl,-no-as-needed -DBUILD_TESTING=OFF -DALIAS_ROS2_TF2=1 -DCMAKE_CXX_FLAGS_RELEASE=-O0 -G Ninja -DCMAKE_C_COMPILER=/usr/bin/gcc -DCMAKE_CXX_COMPILER=/usr/bin/g++ -DCMAKE_INSTALL_PREFIX=/home/aiv/YongJun_ws/ros2_ws/src/yolov8_ros/matlab_msg_gen/glnxa64/install
[0.051s] -- The C compiler identification is GNU 9.4.0
[0.086s] -- The CXX compiler identification is GNU 9.4.0
[0.093s] -- Detecting C compiler ABI info
[0.123s] -- Detecting C compiler ABI info - done
[0.129s] -- Check for working C compiler: /usr/bin/gcc - skipped
[0.130s] -- Detecting C compile features
[0.130s] -- Detecting C compile features - done
[0.132s] -- Detecting CXX compiler ABI info
[0.169s] -- Detecting CXX compiler ABI info - done
[0.176s] -- Check for working CXX compiler: /usr/bin/g++ - skipped
[0.176s] -- Detecting CXX compile features
[0.176s] -- Detecting CXX compile features - done
[0.177s] -- Found ament_cmake: 1.3.3 (/usr/local/MATLAB/R2024a/sys/ros2/glnxa64/ros2/share/ament_cmake/cmake)
[0.828s] -- Found Python3: /home/aiv/.matlab/R2024a/ros2/glnxa64/venv/bin/python3.10 (found version "3.10.14") found components: Interpreter 
[0.880s] -- Found ament_cmake_ros: 0.10.0 (/usr/local/MATLAB/R2024a/sys/ros2/glnxa64/ros2/share/ament_cmake_ros/cmake)
[0.884s] -- Found rosidl_typesupport_c: 2.0.0 (/usr/local/MATLAB/R2024a/sys/ros2/glnxa64/ros2/share/rosidl_typesupport_c/cmake)
[0.884s] -- Using all available rosidl_typesupport_c: rosidl_typesupport_fastrtps_c;rosidl_typesupport_introspection_c
[0.888s] -- Found rosidl_adapter: 3.1.4 (/usr/local/MATLAB/R2024a/sys/ros2/glnxa64/ros2/share/rosidl_adapter/cmake)
[0.920s] -- Found rosidl_typesupport_cpp: 2.0.0 (/usr/local/MATLAB/R2024a/sys/ros2/glnxa64/ros2/share/rosidl_typesupport_cpp/cmake)
[0.920s] -- Using all available rosidl_typesupport_cpp: rosidl_typesupport_fastrtps_cpp;rosidl_typesupport_introspection_cpp
[0.944s] -- Found rosidl_default_generators: 1.2.0 (/usr/local/MATLAB/R2024a/sys/ros2/glnxa64/ros2/share/rosidl_default_generators/cmake)
[0.946s] -- Found class_loader: 2.2.0 (/usr/local/MATLAB/R2024a/sys/ros2/glnxa64/ros2/share/class_loader/cmake)
[0.949s] -- Found geometry_msgs: 4.2.3 (/usr/local/MATLAB/R2024a/sys/ros2/glnxa64/ros2/share/geometry_msgs/cmake)
[1.039s] -- Found rclcpp: 16.0.5 (/usr/local/MATLAB/R2024a/sys/ros2/glnxa64/ros2/share/rclcpp/cmake)
[1.080s] -- Found rmw_implementation_cmake: 6.1.1 (/usr/local/MATLAB/R2024a/sys/ros2/glnxa64/ros2/share/rmw_implementation_cmake/cmake)
[1.081s] -- Found rmw_fastrtps_cpp: 6.2.2 (/usr/local/MATLAB/R2024a/sys/ros2/glnxa64/ros2/share/rmw_fastrtps_cpp/cmake)
[1.132s] -- Found FastRTPS: /usr/local/MATLAB/R2024a/sys/ros2/glnxa64/ros2/include  
[1.157s] -- Using RMW implementation 'rmw_fastrtps_cpp' as default
[1.162s] -- Performing Test CMAKE_HAVE_LIBC_PTHREAD
[1.197s] -- Performing Test CMAKE_HAVE_LIBC_PTHREAD - Failed
[1.197s] -- Looking for pthread_create in pthreads
[1.222s] -- Looking for pthread_create in pthreads - not found
[1.222s] -- Looking for pthread_create in pthread
[1.254s] -- Looking for pthread_create in pthread - found
[1.255s] -- Found Threads: TRUE  
[1.678s] -- Using all available rosidl_typesupport_c: rosidl_typesupport_fastrtps_c;rosidl_typesupport_introspection_c
[1.858s] -- Using all available rosidl_typesupport_cpp: rosidl_typesupport_fastrtps_cpp;rosidl_typesupport_introspection_cpp
[1.863s] -- Configuring done
[1.887s] -- Generating done
[1.895s] -- Build files have been written to: /home/aiv/YongJun_ws/ros2_ws/src/yolov8_ros/matlab_msg_gen/glnxa64/build/yolov8_msgs
[1.903s] Invoked command in '/home/aiv/YongJun_ws/ros2_ws/src/yolov8_ros/matlab_msg_gen/glnxa64/build/yolov8_msgs' returned '0': PS1=(venv) VIRTUAL_ENV_PROMPT=(venv) /usr/local/MATLAB/R2024a/bin/glnxa64/cmake/bin/cmake /home/aiv/YongJun_ws/ros2_ws/src/yolov8_ros/matlab_msg_gen/glnxa64/src/yolov8_msgs -DCMAKE_BUILD_TYPE=Release -DCMAKE_SHARED_LINKER_FLAGS=-Wl,-no-as-needed -DBUILD_TESTING=OFF -DALIAS_ROS2_TF2=1 -DCMAKE_CXX_FLAGS_RELEASE=-O0 -G Ninja -DCMAKE_C_COMPILER=/usr/bin/gcc -DCMAKE_CXX_COMPILER=/usr/bin/g++ -DCMAKE_INSTALL_PREFIX=/home/aiv/YongJun_ws/ros2_ws/src/yolov8_ros/matlab_msg_gen/glnxa64/install
[1.904s] Invoking command in '/home/aiv/YongJun_ws/ros2_ws/src/yolov8_ros/matlab_msg_gen/glnxa64/build/yolov8_msgs': PS1=(venv) VIRTUAL_ENV_PROMPT=(venv) /usr/local/MATLAB/R2024a/bin/glnxa64/cmake/bin/cmake --build /home/aiv/YongJun_ws/ros2_ws/src/yolov8_ros/matlab_msg_gen/glnxa64/build/yolov8_msgs -- -j32 -l32
[2.423s] [1/112] Generating C++ code for ROS interfaces
[2.449s] [2/112] Generating C code for ROS interfaces
[2.526s] [3/112] Building C object CMakeFiles/yolov8_msgs__rosidl_generator_c.dir/rosidl_generator_c/yolov8_msgs/msg/detail/bounding_box2_d__functions.c.o
[2.526s] [4/112] Building C object CMakeFiles/yolov8_msgs__rosidl_generator_c.dir/rosidl_generator_c/yolov8_msgs/msg/detail/detection_array__functions.c.o
[2.526s] [5/112] Building C object CMakeFiles/yolov8_msgs__rosidl_generator_c.dir/rosidl_generator_c/yolov8_msgs/msg/detail/bounding_box3_d__functions.c.o
[2.533s] [6/112] Building C object CMakeFiles/yolov8_msgs__rosidl_generator_c.dir/rosidl_generator_c/yolov8_msgs/msg/detail/detection__functions.c.o
[2.546s] [7/112] Building C object CMakeFiles/yolov8_msgs__rosidl_generator_c.dir/rosidl_generator_c/yolov8_msgs/msg/detail/key_point2_d__functions.c.o
[2.550s] [8/112] Building C object CMakeFiles/yolov8_msgs__rosidl_generator_c.dir/rosidl_generator_c/yolov8_msgs/msg/detail/point2_d__functions.c.o
[2.550s] [9/112] Building C object CMakeFiles/yolov8_msgs__rosidl_generator_c.dir/rosidl_generator_c/yolov8_msgs/msg/detail/vector2__functions.c.o
[2.551s] [10/112] Building C object CMakeFiles/yolov8_msgs__rosidl_generator_c.dir/rosidl_generator_c/yolov8_msgs/msg/detail/key_point2_d_array__functions.c.o
[2.554s] [11/112] Building C object CMakeFiles/yolov8_msgs__rosidl_generator_c.dir/rosidl_generator_c/yolov8_msgs/msg/detail/mask__functions.c.o
[2.555s] [12/112] Building C object CMakeFiles/yolov8_msgs__rosidl_generator_c.dir/rosidl_generator_c/yolov8_msgs/msg/detail/key_point3_d__functions.c.o
[2.555s] [13/112] Building C object CMakeFiles/yolov8_msgs__rosidl_generator_c.dir/rosidl_generator_c/yolov8_msgs/msg/detail/pose2_d__functions.c.o
[2.557s] [14/112] Building C object CMakeFiles/yolov8_msgs__rosidl_generator_c.dir/rosidl_generator_c/yolov8_msgs/msg/detail/key_point3_d_array__functions.c.o
[2.570s] [15/112] Linking C shared library libyolov8_msgs__rosidl_generator_c.so
[2.840s] [16/112] Generating C++ type support dispatch for ROS interfaces
[2.960s] [17/112] Generating C++ introspection for ROS interfaces
[3.067s] [18/112] Generating C type support dispatch for ROS interfaces
[3.098s] [19/112] Generating C++ type support for eProsima Fast-RTPS
[3.132s] [20/112] Building CXX object CMakeFiles/yolov8_msgs__rosidl_typesupport_c.dir/rosidl_typesupport_c/yolov8_msgs/msg/bounding_box2_d__type_support.cpp.o
[3.173s] [21/112] Building CXX object CMakeFiles/yolov8_msgs__rosidl_typesupport_c.dir/rosidl_typesupport_c/yolov8_msgs/msg/bounding_box3_d__type_support.cpp.o
[3.173s] [22/112] Building CXX object CMakeFiles/yolov8_msgs__rosidl_typesupport_cpp.dir/rosidl_typesupport_cpp/yolov8_msgs/msg/point2_d__type_support.cpp.o
[3.195s] [23/112] Building CXX object CMakeFiles/yolov8_msgs__rosidl_typesupport_c.dir/rosidl_typesupport_c/yolov8_msgs/msg/detection__type_support.cpp.o
[3.224s] [24/112] Building CXX object CMakeFiles/yolov8_msgs__rosidl_typesupport_cpp.dir/rosidl_typesupport_cpp/yolov8_msgs/msg/bounding_box2_d__type_support.cpp.o
[3.225s] [25/112] Building CXX object CMakeFiles/yolov8_msgs__rosidl_typesupport_cpp.dir/rosidl_typesupport_cpp/yolov8_msgs/msg/bounding_box3_d__type_support.cpp.o
[3.226s] [26/112] Building CXX object CMakeFiles/yolov8_msgs__rosidl_typesupport_c.dir/rosidl_typesupport_c/yolov8_msgs/msg/key_point2_d__type_support.cpp.o
[3.233s] [27/112] Building CXX object CMakeFiles/yolov8_msgs__rosidl_typesupport_c.dir/rosidl_typesupport_c/yolov8_msgs/msg/key_point2_d_array__type_support.cpp.o
[3.235s] [28/112] Building CXX object CMakeFiles/yolov8_msgs__rosidl_typesupport_c.dir/rosidl_typesupport_c/yolov8_msgs/msg/detection_array__type_support.cpp.o
[3.264s] [29/112] Building CXX object CMakeFiles/yolov8_msgs__rosidl_typesupport_c.dir/rosidl_typesupport_c/yolov8_msgs/msg/key_point3_d__type_support.cpp.o
[3.276s] [30/112] Building CXX object CMakeFiles/yolov8_msgs__rosidl_typesupport_c.dir/rosidl_typesupport_c/yolov8_msgs/msg/mask__type_support.cpp.o
[3.277s] [31/112] Building CXX object CMakeFiles/yolov8_msgs__rosidl_typesupport_c.dir/rosidl_typesupport_c/yolov8_msgs/msg/point2_d__type_support.cpp.o
[3.279s] [32/112] Building CXX object CMakeFiles/yolov8_msgs__rosidl_typesupport_cpp.dir/rosidl_typesupport_cpp/yolov8_msgs/msg/key_point2_d__type_support.cpp.o
[3.281s] [33/112] Building CXX object CMakeFiles/yolov8_msgs__rosidl_typesupport_cpp.dir/rosidl_typesupport_cpp/yolov8_msgs/msg/key_point2_d_array__type_support.cpp.o
[3.281s] [34/112] Building CXX object CMakeFiles/yolov8_msgs__rosidl_typesupport_cpp.dir/rosidl_typesupport_cpp/yolov8_msgs/msg/vector2__type_support.cpp.o
[3.282s] [35/112] Building CXX object CMakeFiles/yolov8_msgs__rosidl_typesupport_c.dir/rosidl_typesupport_c/yolov8_msgs/msg/key_point3_d_array__type_support.cpp.o
[3.284s] [36/112] Building CXX object CMakeFiles/yolov8_msgs__rosidl_typesupport_cpp.dir/rosidl_typesupport_cpp/yolov8_msgs/msg/key_point3_d_array__type_support.cpp.o
[3.291s] [37/112] Building CXX object CMakeFiles/yolov8_msgs__rosidl_typesupport_cpp.dir/rosidl_typesupport_cpp/yolov8_msgs/msg/detection_array__type_support.cpp.o
[3.291s] [38/112] Building CXX object CMakeFiles/yolov8_msgs__rosidl_typesupport_cpp.dir/rosidl_typesupport_cpp/yolov8_msgs/msg/key_point3_d__type_support.cpp.o
[3.293s] [39/112] Building CXX object CMakeFiles/yolov8_msgs__rosidl_typesupport_cpp.dir/rosidl_typesupport_cpp/yolov8_msgs/msg/mask__type_support.cpp.o
[3.293s] [40/112] Building CXX object CMakeFiles/yolov8_msgs__rosidl_typesupport_cpp.dir/rosidl_typesupport_cpp/yolov8_msgs/msg/pose2_d__type_support.cpp.o
[3.294s] [41/112] Building CXX object CMakeFiles/yolov8_msgs__rosidl_typesupport_c.dir/rosidl_typesupport_c/yolov8_msgs/msg/pose2_d__type_support.cpp.o
[3.294s] [42/112] Building CXX object CMakeFiles/yolov8_msgs__rosidl_typesupport_cpp.dir/rosidl_typesupport_cpp/yolov8_msgs/msg/detection__type_support.cpp.o
[3.314s] [43/112] Building CXX object CMakeFiles/yolov8_msgs__rosidl_typesupport_c.dir/rosidl_typesupport_c/yolov8_msgs/msg/vector2__type_support.cpp.o
[3.371s] [44/112] Generating C introspection for ROS interfaces
[3.423s] [45/112] Generating C type support for eProsima Fast-RTPS
[3.434s] [46/112] Linking CXX shared library libyolov8_msgs__rosidl_typesupport_c.so
[3.533s] [47/112] Building C object CMakeFiles/yolov8_msgs__rosidl_typesupport_introspection_c.dir/rosidl_typesupport_introspection_c/yolov8_msgs/msg/detail/bounding_box2_d__type_support.c.o
[3.564s] [48/112] Building CXX object CMakeFiles/yolov8_msgs__rosidl_typesupport_introspection_cpp.dir/rosidl_typesupport_introspection_cpp/yolov8_msgs/msg/detail/bounding_box2_d__type_support.cpp.o
[3.596s] [49/112] Building CXX object CMakeFiles/yolov8_msgs__rosidl_typesupport_introspection_cpp.dir/rosidl_typesupport_introspection_cpp/yolov8_msgs/msg/detail/bounding_box3_d__type_support.cpp.o
[3.629s] [50/112] Building CXX object CMakeFiles/yolov8_msgs__rosidl_typesupport_introspection_cpp.dir/rosidl_typesupport_introspection_cpp/yolov8_msgs/msg/detail/detection__type_support.cpp.o
[3.879s] [51/112] Building CXX object CMakeFiles/yolov8_msgs__rosidl_typesupport_fastrtps_cpp.dir/rosidl_typesupport_fastrtps_cpp/yolov8_msgs/msg/detail/dds_fastrtps/key_point3_d__type_support.cpp.o
[3.895s] [52/112] Building CXX object CMakeFiles/yolov8_msgs__rosidl_typesupport_fastrtps_cpp.dir/rosidl_typesupport_fastrtps_cpp/yolov8_msgs/msg/detail/dds_fastrtps/pose2_d__type_support.cpp.o
[3.915s] [53/112] Building CXX object CMakeFiles/yolov8_msgs__rosidl_typesupport_fastrtps_cpp.dir/rosidl_typesupport_fastrtps_cpp/yolov8_msgs/msg/detail/dds_fastrtps/point2_d__type_support.cpp.o
[3.944s] [54/112] Building CXX object CMakeFiles/yolov8_msgs__rosidl_typesupport_fastrtps_cpp.dir/rosidl_typesupport_fastrtps_cpp/yolov8_msgs/msg/detail/dds_fastrtps/bounding_box2_d__type_support.cpp.o
[3.952s] [55/112] Building CXX object CMakeFiles/yolov8_msgs__rosidl_typesupport_fastrtps_cpp.dir/rosidl_typesupport_fastrtps_cpp/yolov8_msgs/msg/detail/dds_fastrtps/bounding_box3_d__type_support.cpp.o
[3.957s] [56/112] Building CXX object CMakeFiles/yolov8_msgs__rosidl_typesupport_fastrtps_c.dir/rosidl_typesupport_fastrtps_c/yolov8_msgs/msg/detail/bounding_box2_d__type_support_c.cpp.o
[3.959s] [57/112] Building CXX object CMakeFiles/yolov8_msgs__rosidl_typesupport_fastrtps_cpp.dir/rosidl_typesupport_fastrtps_cpp/yolov8_msgs/msg/detail/dds_fastrtps/key_point2_d__type_support.cpp.o
[3.971s] [58/112] Building CXX object CMakeFiles/yolov8_msgs__rosidl_typesupport_introspection_cpp.dir/rosidl_typesupport_introspection_cpp/yolov8_msgs/msg/detail/detection_array__type_support.cpp.o
[3.972s] [59/112] Building CXX object CMakeFiles/yolov8_msgs__rosidl_typesupport_introspection_cpp.dir/rosidl_typesupport_introspection_cpp/yolov8_msgs/msg/detail/key_point2_d__type_support.cpp.o
[3.973s] [60/112] Building CXX object CMakeFiles/yolov8_msgs__rosidl_typesupport_fastrtps_c.dir/rosidl_typesupport_fastrtps_c/yolov8_msgs/msg/detail/bounding_box3_d__type_support_c.cpp.o
[4.007s] [61/112] Building CXX object CMakeFiles/yolov8_msgs__rosidl_typesupport_fastrtps_cpp.dir/rosidl_typesupport_fastrtps_cpp/yolov8_msgs/msg/detail/dds_fastrtps/detection__type_support.cpp.o
[4.020s] [62/112] Building CXX object CMakeFiles/yolov8_msgs__rosidl_typesupport_fastrtps_cpp.dir/rosidl_typesupport_fastrtps_cpp/yolov8_msgs/msg/detail/dds_fastrtps/key_point3_d_array__type_support.cpp.o
[4.028s] [63/112] Building CXX object CMakeFiles/yolov8_msgs__rosidl_typesupport_fastrtps_cpp.dir/rosidl_typesupport_fastrtps_cpp/yolov8_msgs/msg/detail/dds_fastrtps/vector2__type_support.cpp.o
[4.030s] [64/112] Building C object CMakeFiles/yolov8_msgs__rosidl_typesupport_introspection_c.dir/rosidl_typesupport_introspection_c/yolov8_msgs/msg/detail/key_point2_d__type_support.c.o
[4.031s] [65/112] Building CXX object CMakeFiles/yolov8_msgs__rosidl_typesupport_fastrtps_cpp.dir/rosidl_typesupport_fastrtps_cpp/yolov8_msgs/msg/detail/dds_fastrtps/key_point2_d_array__type_support.cpp.o
[4.040s] [66/112] Building C object CMakeFiles/yolov8_msgs__rosidl_typesupport_introspection_c.dir/rosidl_typesupport_introspection_c/yolov8_msgs/msg/detail/bounding_box3_d__type_support.c.o
[4.045s] [67/112] Building C object CMakeFiles/yolov8_msgs__rosidl_typesupport_introspection_c.dir/rosidl_typesupport_introspection_c/yolov8_msgs/msg/detail/detection__type_support.c.o
[4.055s] [68/112] Building C object CMakeFiles/yolov8_msgs__rosidl_typesupport_introspection_c.dir/rosidl_typesupport_introspection_c/yolov8_msgs/msg/detail/detection_array__type_support.c.o
[4.060s] [69/112] Building CXX object CMakeFiles/yolov8_msgs__rosidl_typesupport_fastrtps_cpp.dir/rosidl_typesupport_fastrtps_cpp/yolov8_msgs/msg/detail/dds_fastrtps/mask__type_support.cpp.o
[4.074s] [70/112] Building C object CMakeFiles/yolov8_msgs__rosidl_typesupport_introspection_c.dir/rosidl_typesupport_introspection_c/yolov8_msgs/msg/detail/key_point2_d_array__type_support.c.o
[4.081s] [71/112] Building C object CMakeFiles/yolov8_msgs__rosidl_typesupport_introspection_c.dir/rosidl_typesupport_introspection_c/yolov8_msgs/msg/detail/key_point3_d__type_support.c.o
[4.081s] [72/112] Building C object CMakeFiles/yolov8_msgs__rosidl_typesupport_introspection_c.dir/rosidl_typesupport_introspection_c/yolov8_msgs/msg/detail/point2_d__type_support.c.o
[4.097s] [73/112] Building C object CMakeFiles/yolov8_msgs__rosidl_typesupport_introspection_c.dir/rosidl_typesupport_introspection_c/yolov8_msgs/msg/detail/key_point3_d_array__type_support.c.o
[4.098s] [74/112] Building C object CMakeFiles/yolov8_msgs__rosidl_typesupport_introspection_c.dir/rosidl_typesupport_introspection_c/yolov8_msgs/msg/detail/mask__type_support.c.o
[4.105s] [75/112] Building C object CMakeFiles/yolov8_msgs__rosidl_typesupport_introspection_c.dir/rosidl_typesupport_introspection_c/yolov8_msgs/msg/detail/vector2__type_support.c.o
[4.106s] [76/112] Building C object CMakeFiles/yolov8_msgs__rosidl_typesupport_introspection_c.dir/rosidl_typesupport_introspection_c/yolov8_msgs/msg/detail/pose2_d__type_support.c.o
[4.115s] [77/112] Building CXX object CMakeFiles/yolov8_msgs__rosidl_typesupport_fastrtps_c.dir/rosidl_typesupport_fastrtps_c/yolov8_msgs/msg/detail/key_point2_d__type_support_c.cpp.o
[4.137s] [78/112] Building CXX object CMakeFiles/yolov8_msgs__rosidl_typesupport_fastrtps_c.dir/rosidl_typesupport_fastrtps_c/yolov8_msgs/msg/detail/detection__type_support_c.cpp.o
[4.141s] [79/112] Linking C shared library libyolov8_msgs__rosidl_typesupport_introspection_c.so
[4.147s] [80/112] Building CXX object CMakeFiles/yolov8_msgs__rosidl_typesupport_fastrtps_cpp.dir/rosidl_typesupport_fastrtps_cpp/yolov8_msgs/msg/detail/dds_fastrtps/detection_array__type_support.cpp.o
[4.191s] [81/112] Linking CXX shared library libyolov8_msgs__rosidl_typesupport_cpp.so
[4.221s] [82/112] Building CXX object CMakeFiles/yolov8_msgs__rosidl_typesupport_fastrtps_c.dir/rosidl_typesupport_fastrtps_c/yolov8_msgs/msg/detail/detection_array__type_support_c.cpp.o
[4.240s] [83/112] Linking CXX shared library libyolov8_msgs__rosidl_typesupport_fastrtps_cpp.so
[4.246s] [84/112] Building CXX object CMakeFiles/yolov8_msgs__rosidl_typesupport_fastrtps_c.dir/rosidl_typesupport_fastrtps_c/yolov8_msgs/msg/detail/key_point3_d__type_support_c.cpp.o
[4.438s] [85/112] Building CXX object CMakeFiles/yolov8_msgs__rosidl_typesupport_fastrtps_c.dir/rosidl_typesupport_fastrtps_c/yolov8_msgs/msg/detail/key_point3_d_array__type_support_c.cpp.o
[4.445s] [86/112] Building CXX object CMakeFiles/yolov8_msgs__rosidl_typesupport_fastrtps_c.dir/rosidl_typesupport_fastrtps_c/yolov8_msgs/msg/detail/key_point2_d_array__type_support_c.cpp.o
[4.454s] [87/112] Building CXX object CMakeFiles/yolov8_msgs__rosidl_typesupport_fastrtps_c.dir/rosidl_typesupport_fastrtps_c/yolov8_msgs/msg/detail/pose2_d__type_support_c.cpp.o
[4.482s] [88/112] Building CXX object CMakeFiles/yolov8_msgs__rosidl_typesupport_introspection_cpp.dir/rosidl_typesupport_introspection_cpp/yolov8_msgs/msg/detail/vector2__type_support.cpp.o
[4.484s] [89/112] Building CXX object CMakeFiles/yolov8_msgs__rosidl_typesupport_fastrtps_c.dir/rosidl_typesupport_fastrtps_c/yolov8_msgs/msg/detail/mask__type_support_c.cpp.o
[4.493s] [90/112] Building CXX object CMakeFiles/yolov8_msgs__rosidl_typesupport_fastrtps_c.dir/rosidl_typesupport_fastrtps_c/yolov8_msgs/msg/detail/point2_d__type_support_c.cpp.o
[4.519s] [91/112] Building CXX object CMakeFiles/yolov8_msgs__rosidl_typesupport_introspection_cpp.dir/rosidl_typesupport_introspection_cpp/yolov8_msgs/msg/detail/mask__type_support.cpp.o
[4.553s] [92/112] Building CXX object CMakeFiles/yolov8_msgs__rosidl_typesupport_fastrtps_c.dir/rosidl_typesupport_fastrtps_c/yolov8_msgs/msg/detail/vector2__type_support_c.cpp.o
[4.628s] [93/112] Building CXX object CMakeFiles/yolov8_msgs__rosidl_typesupport_introspection_cpp.dir/rosidl_typesupport_introspection_cpp/yolov8_msgs/msg/detail/point2_d__type_support.cpp.o
[4.631s] [94/112] Linking CXX shared library libyolov8_msgs__rosidl_typesupport_fastrtps_c.so
[4.661s] [95/112] Building CXX object CMakeFiles/yolov8_msgs__rosidl_typesupport_introspection_cpp.dir/rosidl_typesupport_introspection_cpp/yolov8_msgs/msg/detail/key_point3_d_array__type_support.cpp.o
[4.670s] [96/112] Building CXX object CMakeFiles/yolov8_msgs__rosidl_typesupport_introspection_cpp.dir/rosidl_typesupport_introspection_cpp/yolov8_msgs/msg/detail/key_point3_d__type_support.cpp.o
[4.728s] [97/112] Building CXX object CMakeFiles/yolov8_msgs__rosidl_typesupport_introspection_cpp.dir/rosidl_typesupport_introspection_cpp/yolov8_msgs/msg/detail/pose2_d__type_support.cpp.o
[4.739s] [98/112] Building CXX object CMakeFiles/yolov8_msgs__rosidl_typesupport_introspection_cpp.dir/rosidl_typesupport_introspection_cpp/yolov8_msgs/msg/detail/key_point2_d_array__type_support.cpp.o
[4.808s] [99/112] Linking CXX shared library libyolov8_msgs__rosidl_typesupport_introspection_cpp.so
[11.418s] [100/112] Building CXX object CMakeFiles/yolov8_msgs_matlab.dir/src/yolov8_msgs_Point2D_message.cpp.o
[11.697s] [101/112] Building CXX object CMakeFiles/yolov8_msgs_matlab.dir/src/yolov8_msgs_Pose2D_message.cpp.o
[11.799s] [102/112] Building CXX object CMakeFiles/yolov8_msgs_matlab.dir/src/yolov8_msgs_BoundingBox3D_message.cpp.o
[11.825s] [103/112] Building CXX object CMakeFiles/yolov8_msgs_matlab.dir/src/yolov8_msgs_KeyPoint2DArray_message.cpp.o
[11.854s] [104/112] Building CXX object CMakeFiles/yolov8_msgs_matlab.dir/src/yolov8_msgs_KeyPoint3DArray_message.cpp.o
[12.126s] [105/112] Building CXX object CMakeFiles/yolov8_msgs_matlab.dir/src/yolov8_msgs_Detection_message.cpp.o
[12.507s] [106/112] Building CXX object CMakeFiles/yolov8_msgs_matlab.dir/src/yolov8_msgs_KeyPoint2D_message.cpp.o
[12.814s] [107/112] Building CXX object CMakeFiles/yolov8_msgs_matlab.dir/src/yolov8_msgs_Mask_message.cpp.o
[12.957s] [108/112] Building CXX object CMakeFiles/yolov8_msgs_matlab.dir/src/yolov8_msgs_BoundingBox2D_message.cpp.o
[13.916s] [109/112] Building CXX object CMakeFiles/yolov8_msgs_matlab.dir/src/yolov8_msgs_DetectionArray_message.cpp.o
[14.265s] [110/112] Building CXX object CMakeFiles/yolov8_msgs_matlab.dir/src/yolov8_msgs_Vector2_message.cpp.o
[14.299s] [111/112] Building CXX object CMakeFiles/yolov8_msgs_matlab.dir/src/yolov8_msgs_KeyPoint3D_message.cpp.o
[16.250s] [112/112] Linking CXX shared library libyolov8_msgs_matlab.so
[16.252s] Invoked command in '/home/aiv/YongJun_ws/ros2_ws/src/yolov8_ros/matlab_msg_gen/glnxa64/build/yolov8_msgs' returned '0': PS1=(venv) VIRTUAL_ENV_PROMPT=(venv) /usr/local/MATLAB/R2024a/bin/glnxa64/cmake/bin/cmake --build /home/aiv/YongJun_ws/ros2_ws/src/yolov8_ros/matlab_msg_gen/glnxa64/build/yolov8_msgs -- -j32 -l32
[16.266s] Invoking command in '/home/aiv/YongJun_ws/ros2_ws/src/yolov8_ros/matlab_msg_gen/glnxa64/build/yolov8_msgs': PS1=(venv) VIRTUAL_ENV_PROMPT=(venv) /usr/local/MATLAB/R2024a/bin/glnxa64/cmake/bin/cmake --install /home/aiv/YongJun_ws/ros2_ws/src/yolov8_ros/matlab_msg_gen/glnxa64/build/yolov8_msgs
[16.267s] -- Install configuration: "Release"
[16.267s] -- Installing: /home/aiv/YongJun_ws/ros2_ws/src/yolov8_ros/matlab_msg_gen/glnxa64/install/share/ament_index/resource_index/rosidl_interfaces/yolov8_msgs
[16.268s] -- Installing: /home/aiv/YongJun_ws/ros2_ws/src/yolov8_ros/matlab_msg_gen/glnxa64/install/include/yolov8_msgs/yolov8_msgs
[16.268s] -- Installing: /home/aiv/YongJun_ws/ros2_ws/src/yolov8_ros/matlab_msg_gen/glnxa64/install/include/yolov8_msgs/yolov8_msgs/msg
[16.268s] -- Installing: /home/aiv/YongJun_ws/ros2_ws/src/yolov8_ros/matlab_msg_gen/glnxa64/install/include/yolov8_msgs/yolov8_msgs/msg/pose2_d.h
[16.268s] -- Installing: /home/aiv/YongJun_ws/ros2_ws/src/yolov8_ros/matlab_msg_gen/glnxa64/install/include/yolov8_msgs/yolov8_msgs/msg/mask.h
[16.268s] -- Installing: /home/aiv/YongJun_ws/ros2_ws/src/yolov8_ros/matlab_msg_gen/glnxa64/install/include/yolov8_msgs/yolov8_msgs/msg/detection_array.h
[16.268s] -- Installing: /home/aiv/YongJun_ws/ros2_ws/src/yolov8_ros/matlab_msg_gen/glnxa64/install/include/yolov8_msgs/yolov8_msgs/msg/key_point2_d_array.h
[16.268s] -- Installing: /home/aiv/YongJun_ws/ros2_ws/src/yolov8_ros/matlab_msg_gen/glnxa64/install/include/yolov8_msgs/yolov8_msgs/msg/detection.h
[16.268s] -- Installing: /home/aiv/YongJun_ws/ros2_ws/src/yolov8_ros/matlab_msg_gen/glnxa64/install/include/yolov8_msgs/yolov8_msgs/msg/key_point2_d.h
[16.268s] -- Installing: /home/aiv/YongJun_ws/ros2_ws/src/yolov8_ros/matlab_msg_gen/glnxa64/install/include/yolov8_msgs/yolov8_msgs/msg/key_point3_d_array.h
[16.268s] -- Installing: /home/aiv/YongJun_ws/ros2_ws/src/yolov8_ros/matlab_msg_gen/glnxa64/install/include/yolov8_msgs/yolov8_msgs/msg/vector2.h
[16.269s] -- Installing: /home/aiv/YongJun_ws/ros2_ws/src/yolov8_ros/matlab_msg_gen/glnxa64/install/include/yolov8_msgs/yolov8_msgs/msg/rosidl_generator_c__visibility_control.h
[16.269s] -- Installing: /home/aiv/YongJun_ws/ros2_ws/src/yolov8_ros/matlab_msg_gen/glnxa64/install/include/yolov8_msgs/yolov8_msgs/msg/bounding_box2_d.h
[16.269s] -- Installing: /home/aiv/YongJun_ws/ros2_ws/src/yolov8_ros/matlab_msg_gen/glnxa64/install/include/yolov8_msgs/yolov8_msgs/msg/point2_d.h
[16.269s] -- Installing: /home/aiv/YongJun_ws/ros2_ws/src/yolov8_ros/matlab_msg_gen/glnxa64/install/include/yolov8_msgs/yolov8_msgs/msg/detail
[16.269s] -- Installing: /home/aiv/YongJun_ws/ros2_ws/src/yolov8_ros/matlab_msg_gen/glnxa64/install/include/yolov8_msgs/yolov8_msgs/msg/detail/key_point3_d__struct.h
[16.269s] -- Installing: /home/aiv/YongJun_ws/ros2_ws/src/yolov8_ros/matlab_msg_gen/glnxa64/install/include/yolov8_msgs/yolov8_msgs/msg/detail/bounding_box2_d__type_support.h
[16.269s] -- Installing: /home/aiv/YongJun_ws/ros2_ws/src/yolov8_ros/matlab_msg_gen/glnxa64/install/include/yolov8_msgs/yolov8_msgs/msg/detail/detection_array__functions.c
[16.269s] -- Installing: /home/aiv/YongJun_ws/ros2_ws/src/yolov8_ros/matlab_msg_gen/glnxa64/install/include/yolov8_msgs/yolov8_msgs/msg/detail/detection__functions.c
[16.269s] -- Installing: /home/aiv/YongJun_ws/ros2_ws/src/yolov8_ros/matlab_msg_gen/glnxa64/install/include/yolov8_msgs/yolov8_msgs/msg/detail/key_point2_d_array__struct.h
[16.269s] -- Installing: /home/aiv/YongJun_ws/ros2_ws/src/yolov8_ros/matlab_msg_gen/glnxa64/install/include/yolov8_msgs/yolov8_msgs/msg/detail/key_point2_d__functions.c
[16.269s] -- Installing: /home/aiv/YongJun_ws/ros2_ws/src/yolov8_ros/matlab_msg_gen/glnxa64/install/include/yolov8_msgs/yolov8_msgs/msg/detail/detection__type_support.h
[16.270s] -- Installing: /home/aiv/YongJun_ws/ros2_ws/src/yolov8_ros/matlab_msg_gen/glnxa64/install/include/yolov8_msgs/yolov8_msgs/msg/detail/key_point3_d_array__struct.h
[16.270s] -- Installing: /home/aiv/YongJun_ws/ros2_ws/src/yolov8_ros/matlab_msg_gen/glnxa64/install/include/yolov8_msgs/yolov8_msgs/msg/detail/key_point3_d_array__type_support.h
[16.270s] -- Installing: /home/aiv/YongJun_ws/ros2_ws/src/yolov8_ros/matlab_msg_gen/glnxa64/install/include/yolov8_msgs/yolov8_msgs/msg/detail/point2_d__functions.h
[16.270s] -- Installing: /home/aiv/YongJun_ws/ros2_ws/src/yolov8_ros/matlab_msg_gen/glnxa64/install/include/yolov8_msgs/yolov8_msgs/msg/detail/bounding_box3_d__struct.h
[16.270s] -- Installing: /home/aiv/YongJun_ws/ros2_ws/src/yolov8_ros/matlab_msg_gen/glnxa64/install/include/yolov8_msgs/yolov8_msgs/msg/detail/point2_d__struct.h
[16.270s] -- Installing: /home/aiv/YongJun_ws/ros2_ws/src/yolov8_ros/matlab_msg_gen/glnxa64/install/include/yolov8_msgs/yolov8_msgs/msg/detail/bounding_box3_d__functions.c
[16.270s] -- Installing: /home/aiv/YongJun_ws/ros2_ws/src/yolov8_ros/matlab_msg_gen/glnxa64/install/include/yolov8_msgs/yolov8_msgs/msg/detail/pose2_d__type_support.h
[16.270s] -- Installing: /home/aiv/YongJun_ws/ros2_ws/src/yolov8_ros/matlab_msg_gen/glnxa64/install/include/yolov8_msgs/yolov8_msgs/msg/detail/detection__struct.h
[16.270s] -- Installing: /home/aiv/YongJun_ws/ros2_ws/src/yolov8_ros/matlab_msg_gen/glnxa64/install/include/yolov8_msgs/yolov8_msgs/msg/detail/vector2__struct.h
[16.270s] -- Installing: /home/aiv/YongJun_ws/ros2_ws/src/yolov8_ros/matlab_msg_gen/glnxa64/install/include/yolov8_msgs/yolov8_msgs/msg/detail/point2_d__type_support.h
[16.270s] -- Installing: /home/aiv/YongJun_ws/ros2_ws/src/yolov8_ros/matlab_msg_gen/glnxa64/install/include/yolov8_msgs/yolov8_msgs/msg/detail/detection__functions.h
[16.271s] -- Installing: /home/aiv/YongJun_ws/ros2_ws/src/yolov8_ros/matlab_msg_gen/glnxa64/install/include/yolov8_msgs/yolov8_msgs/msg/detail/key_point3_d_array__functions.c
[16.271s] -- Installing: /home/aiv/YongJun_ws/ros2_ws/src/yolov8_ros/matlab_msg_gen/glnxa64/install/include/yolov8_msgs/yolov8_msgs/msg/detail/key_point2_d__functions.h
[16.271s] -- Installing: /home/aiv/YongJun_ws/ros2_ws/src/yolov8_ros/matlab_msg_gen/glnxa64/install/include/yolov8_msgs/yolov8_msgs/msg/detail/mask__struct.h
[16.271s] -- Installing: /home/aiv/YongJun_ws/ros2_ws/src/yolov8_ros/matlab_msg_gen/glnxa64/install/include/yolov8_msgs/yolov8_msgs/msg/detail/mask__functions.h
[16.271s] -- Installing: /home/aiv/YongJun_ws/ros2_ws/src/yolov8_ros/matlab_msg_gen/glnxa64/install/include/yolov8_msgs/yolov8_msgs/msg/detail/vector2__type_support.h
[16.271s] -- Installing: /home/aiv/YongJun_ws/ros2_ws/src/yolov8_ros/matlab_msg_gen/glnxa64/install/include/yolov8_msgs/yolov8_msgs/msg/detail/detection_array__struct.h
[16.271s] -- Installing: /home/aiv/YongJun_ws/ros2_ws/src/yolov8_ros/matlab_msg_gen/glnxa64/install/include/yolov8_msgs/yolov8_msgs/msg/detail/key_point3_d_array__functions.h
[16.271s] -- Installing: /home/aiv/YongJun_ws/ros2_ws/src/yolov8_ros/matlab_msg_gen/glnxa64/install/include/yolov8_msgs/yolov8_msgs/msg/detail/mask__type_support.h
[16.271s] -- Installing: /home/aiv/YongJun_ws/ros2_ws/src/yolov8_ros/matlab_msg_gen/glnxa64/install/include/yolov8_msgs/yolov8_msgs/msg/detail/key_point3_d__functions.h
[16.271s] -- Installing: /home/aiv/YongJun_ws/ros2_ws/src/yolov8_ros/matlab_msg_gen/glnxa64/install/include/yolov8_msgs/yolov8_msgs/msg/detail/bounding_box3_d__type_support.h
[16.271s] -- Installing: /home/aiv/YongJun_ws/ros2_ws/src/yolov8_ros/matlab_msg_gen/glnxa64/install/include/yolov8_msgs/yolov8_msgs/msg/detail/pose2_d__functions.c
[16.272s] -- Installing: /home/aiv/YongJun_ws/ros2_ws/src/yolov8_ros/matlab_msg_gen/glnxa64/install/include/yolov8_msgs/yolov8_msgs/msg/detail/bounding_box2_d__struct.h
[16.272s] -- Installing: /home/aiv/YongJun_ws/ros2_ws/src/yolov8_ros/matlab_msg_gen/glnxa64/install/include/yolov8_msgs/yolov8_msgs/msg/detail/mask__functions.c
[16.272s] -- Installing: /home/aiv/YongJun_ws/ros2_ws/src/yolov8_ros/matlab_msg_gen/glnxa64/install/include/yolov8_msgs/yolov8_msgs/msg/detail/key_point2_d_array__type_support.h
[16.272s] -- Installing: /home/aiv/YongJun_ws/ros2_ws/src/yolov8_ros/matlab_msg_gen/glnxa64/install/include/yolov8_msgs/yolov8_msgs/msg/detail/pose2_d__functions.h
[16.272s] -- Installing: /home/aiv/YongJun_ws/ros2_ws/src/yolov8_ros/matlab_msg_gen/glnxa64/install/include/yolov8_msgs/yolov8_msgs/msg/detail/vector2__functions.h
[16.272s] -- Installing: /home/aiv/YongJun_ws/ros2_ws/src/yolov8_ros/matlab_msg_gen/glnxa64/install/include/yolov8_msgs/yolov8_msgs/msg/detail/bounding_box2_d__functions.h
[16.272s] -- Installing: /home/aiv/YongJun_ws/ros2_ws/src/yolov8_ros/matlab_msg_gen/glnxa64/install/include/yolov8_msgs/yolov8_msgs/msg/detail/key_point2_d__type_support.h
[16.272s] -- Installing: /home/aiv/YongJun_ws/ros2_ws/src/yolov8_ros/matlab_msg_gen/glnxa64/install/include/yolov8_msgs/yolov8_msgs/msg/detail/key_point3_d__functions.c
[16.272s] -- Installing: /home/aiv/YongJun_ws/ros2_ws/src/yolov8_ros/matlab_msg_gen/glnxa64/install/include/yolov8_msgs/yolov8_msgs/msg/detail/point2_d__functions.c
[16.272s] -- Installing: /home/aiv/YongJun_ws/ros2_ws/src/yolov8_ros/matlab_msg_gen/glnxa64/install/include/yolov8_msgs/yolov8_msgs/msg/detail/detection_array__functions.h
[16.273s] -- Installing: /home/aiv/YongJun_ws/ros2_ws/src/yolov8_ros/matlab_msg_gen/glnxa64/install/include/yolov8_msgs/yolov8_msgs/msg/detail/vector2__functions.c
[16.273s] -- Installing: /home/aiv/YongJun_ws/ros2_ws/src/yolov8_ros/matlab_msg_gen/glnxa64/install/include/yolov8_msgs/yolov8_msgs/msg/detail/key_point2_d_array__functions.c
[16.273s] -- Installing: /home/aiv/YongJun_ws/ros2_ws/src/yolov8_ros/matlab_msg_gen/glnxa64/install/include/yolov8_msgs/yolov8_msgs/msg/detail/key_point2_d_array__functions.h
[16.273s] -- Installing: /home/aiv/YongJun_ws/ros2_ws/src/yolov8_ros/matlab_msg_gen/glnxa64/install/include/yolov8_msgs/yolov8_msgs/msg/detail/key_point3_d__type_support.h
[16.273s] -- Installing: /home/aiv/YongJun_ws/ros2_ws/src/yolov8_ros/matlab_msg_gen/glnxa64/install/include/yolov8_msgs/yolov8_msgs/msg/detail/bounding_box2_d__functions.c
[16.273s] -- Installing: /home/aiv/YongJun_ws/ros2_ws/src/yolov8_ros/matlab_msg_gen/glnxa64/install/include/yolov8_msgs/yolov8_msgs/msg/detail/pose2_d__struct.h
[16.273s] -- Installing: /home/aiv/YongJun_ws/ros2_ws/src/yolov8_ros/matlab_msg_gen/glnxa64/install/include/yolov8_msgs/yolov8_msgs/msg/detail/key_point2_d__struct.h
[16.273s] -- Installing: /home/aiv/YongJun_ws/ros2_ws/src/yolov8_ros/matlab_msg_gen/glnxa64/install/include/yolov8_msgs/yolov8_msgs/msg/detail/detection_array__type_support.h
[16.273s] -- Installing: /home/aiv/YongJun_ws/ros2_ws/src/yolov8_ros/matlab_msg_gen/glnxa64/install/include/yolov8_msgs/yolov8_msgs/msg/detail/bounding_box3_d__functions.h
[16.273s] -- Installing: /home/aiv/YongJun_ws/ros2_ws/src/yolov8_ros/matlab_msg_gen/glnxa64/install/include/yolov8_msgs/yolov8_msgs/msg/bounding_box3_d.h
[16.273s] -- Installing: /home/aiv/YongJun_ws/ros2_ws/src/yolov8_ros/matlab_msg_gen/glnxa64/install/include/yolov8_msgs/yolov8_msgs/msg/key_point3_d.h
[16.274s] -- Installing: /home/aiv/YongJun_ws/ros2_ws/src/yolov8_ros/matlab_msg_gen/glnxa64/install/share/yolov8_msgs/environment/library_path.sh
[16.274s] -- Installing: /home/aiv/YongJun_ws/ros2_ws/src/yolov8_ros/matlab_msg_gen/glnxa64/install/share/yolov8_msgs/environment/library_path.dsv
[16.274s] -- Installing: /home/aiv/YongJun_ws/ros2_ws/src/yolov8_ros/matlab_msg_gen/glnxa64/install/lib/libyolov8_msgs__rosidl_generator_c.so
[16.274s] -- Up-to-date: /home/aiv/YongJun_ws/ros2_ws/src/yolov8_ros/matlab_msg_gen/glnxa64/install/include/yolov8_msgs/yolov8_msgs
[16.274s] -- Up-to-date: /home/aiv/YongJun_ws/ros2_ws/src/yolov8_ros/matlab_msg_gen/glnxa64/install/include/yolov8_msgs/yolov8_msgs/msg
[16.274s] -- Installing: /home/aiv/YongJun_ws/ros2_ws/src/yolov8_ros/matlab_msg_gen/glnxa64/install/include/yolov8_msgs/yolov8_msgs/msg/rosidl_typesupport_fastrtps_c__visibility_control.h
[16.274s] -- Up-to-date: /home/aiv/YongJun_ws/ros2_ws/src/yolov8_ros/matlab_msg_gen/glnxa64/install/include/yolov8_msgs/yolov8_msgs/msg/detail
[16.274s] -- Installing: /home/aiv/YongJun_ws/ros2_ws/src/yolov8_ros/matlab_msg_gen/glnxa64/install/include/yolov8_msgs/yolov8_msgs/msg/detail/key_point2_d_array__rosidl_typesupport_fastrtps_c.h
[16.274s] -- Installing: /home/aiv/YongJun_ws/ros2_ws/src/yolov8_ros/matlab_msg_gen/glnxa64/install/include/yolov8_msgs/yolov8_msgs/msg/detail/vector2__rosidl_typesupport_fastrtps_c.h
[16.274s] -- Installing: /home/aiv/YongJun_ws/ros2_ws/src/yolov8_ros/matlab_msg_gen/glnxa64/install/include/yolov8_msgs/yolov8_msgs/msg/detail/point2_d__rosidl_typesupport_fastrtps_c.h
[16.274s] -- Installing: /home/aiv/YongJun_ws/ros2_ws/src/yolov8_ros/matlab_msg_gen/glnxa64/install/include/yolov8_msgs/yolov8_msgs/msg/detail/pose2_d__rosidl_typesupport_fastrtps_c.h
[16.274s] -- Installing: /home/aiv/YongJun_ws/ros2_ws/src/yolov8_ros/matlab_msg_gen/glnxa64/install/include/yolov8_msgs/yolov8_msgs/msg/detail/mask__rosidl_typesupport_fastrtps_c.h
[16.275s] -- Installing: /home/aiv/YongJun_ws/ros2_ws/src/yolov8_ros/matlab_msg_gen/glnxa64/install/include/yolov8_msgs/yolov8_msgs/msg/detail/detection__rosidl_typesupport_fastrtps_c.h
[16.275s] -- Installing: /home/aiv/YongJun_ws/ros2_ws/src/yolov8_ros/matlab_msg_gen/glnxa64/install/include/yolov8_msgs/yolov8_msgs/msg/detail/bounding_box3_d__rosidl_typesupport_fastrtps_c.h
[16.275s] -- Installing: /home/aiv/YongJun_ws/ros2_ws/src/yolov8_ros/matlab_msg_gen/glnxa64/install/include/yolov8_msgs/yolov8_msgs/msg/detail/detection_array__rosidl_typesupport_fastrtps_c.h
[16.275s] -- Installing: /home/aiv/YongJun_ws/ros2_ws/src/yolov8_ros/matlab_msg_gen/glnxa64/install/include/yolov8_msgs/yolov8_msgs/msg/detail/key_point3_d__rosidl_typesupport_fastrtps_c.h
[16.275s] -- Installing: /home/aiv/YongJun_ws/ros2_ws/src/yolov8_ros/matlab_msg_gen/glnxa64/install/include/yolov8_msgs/yolov8_msgs/msg/detail/key_point3_d_array__rosidl_typesupport_fastrtps_c.h
[16.275s] -- Installing: /home/aiv/YongJun_ws/ros2_ws/src/yolov8_ros/matlab_msg_gen/glnxa64/install/include/yolov8_msgs/yolov8_msgs/msg/detail/bounding_box2_d__rosidl_typesupport_fastrtps_c.h
[16.275s] -- Installing: /home/aiv/YongJun_ws/ros2_ws/src/yolov8_ros/matlab_msg_gen/glnxa64/install/include/yolov8_msgs/yolov8_msgs/msg/detail/key_point2_d__rosidl_typesupport_fastrtps_c.h
[16.275s] -- Installing: /home/aiv/YongJun_ws/ros2_ws/src/yolov8_ros/matlab_msg_gen/glnxa64/install/lib/libyolov8_msgs__rosidl_typesupport_fastrtps_c.so
[16.275s] -- Up-to-date: /home/aiv/YongJun_ws/ros2_ws/src/yolov8_ros/matlab_msg_gen/glnxa64/install/include/yolov8_msgs/yolov8_msgs
[16.275s] -- Up-to-date: /home/aiv/YongJun_ws/ros2_ws/src/yolov8_ros/matlab_msg_gen/glnxa64/install/include/yolov8_msgs/yolov8_msgs/msg
[16.275s] -- Installing: /home/aiv/YongJun_ws/ros2_ws/src/yolov8_ros/matlab_msg_gen/glnxa64/install/include/yolov8_msgs/yolov8_msgs/msg/rosidl_typesupport_introspection_c__visibility_control.h
[16.275s] -- Up-to-date: /home/aiv/YongJun_ws/ros2_ws/src/yolov8_ros/matlab_msg_gen/glnxa64/install/include/yolov8_msgs/yolov8_msgs/msg/detail
[16.275s] -- Installing: /home/aiv/YongJun_ws/ros2_ws/src/yolov8_ros/matlab_msg_gen/glnxa64/install/include/yolov8_msgs/yolov8_msgs/msg/detail/point2_d__rosidl_typesupport_introspection_c.h
[16.276s] -- Installing: /home/aiv/YongJun_ws/ros2_ws/src/yolov8_ros/matlab_msg_gen/glnxa64/install/include/yolov8_msgs/yolov8_msgs/msg/detail/bounding_box2_d__type_support.c
[16.276s] -- Installing: /home/aiv/YongJun_ws/ros2_ws/src/yolov8_ros/matlab_msg_gen/glnxa64/install/include/yolov8_msgs/yolov8_msgs/msg/detail/key_point2_d_array__type_support.c
[16.276s] -- Installing: /home/aiv/YongJun_ws/ros2_ws/src/yolov8_ros/matlab_msg_gen/glnxa64/install/include/yolov8_msgs/yolov8_msgs/msg/detail/detection__type_support.c
[16.276s] -- Installing: /home/aiv/YongJun_ws/ros2_ws/src/yolov8_ros/matlab_msg_gen/glnxa64/install/include/yolov8_msgs/yolov8_msgs/msg/detail/key_point3_d_array__rosidl_typesupport_introspection_c.h
[16.276s] -- Installing: /home/aiv/YongJun_ws/ros2_ws/src/yolov8_ros/matlab_msg_gen/glnxa64/install/include/yolov8_msgs/yolov8_msgs/msg/detail/bounding_box2_d__rosidl_typesupport_introspection_c.h
[16.276s] -- Installing: /home/aiv/YongJun_ws/ros2_ws/src/yolov8_ros/matlab_msg_gen/glnxa64/install/include/yolov8_msgs/yolov8_msgs/msg/detail/pose2_d__rosidl_typesupport_introspection_c.h
[16.276s] -- Installing: /home/aiv/YongJun_ws/ros2_ws/src/yolov8_ros/matlab_msg_gen/glnxa64/install/include/yolov8_msgs/yolov8_msgs/msg/detail/mask__rosidl_typesupport_introspection_c.h
[16.276s] -- Installing: /home/aiv/YongJun_ws/ros2_ws/src/yolov8_ros/matlab_msg_gen/glnxa64/install/include/yolov8_msgs/yolov8_msgs/msg/detail/key_point3_d__type_support.c
[16.276s] -- Installing: /home/aiv/YongJun_ws/ros2_ws/src/yolov8_ros/matlab_msg_gen/glnxa64/install/include/yolov8_msgs/yolov8_msgs/msg/detail/point2_d__type_support.c
[16.276s] -- Installing: /home/aiv/YongJun_ws/ros2_ws/src/yolov8_ros/matlab_msg_gen/glnxa64/install/include/yolov8_msgs/yolov8_msgs/msg/detail/key_point3_d_array__type_support.c
[16.276s] -- Installing: /home/aiv/YongJun_ws/ros2_ws/src/yolov8_ros/matlab_msg_gen/glnxa64/install/include/yolov8_msgs/yolov8_msgs/msg/detail/detection__rosidl_typesupport_introspection_c.h
[16.276s] -- Installing: /home/aiv/YongJun_ws/ros2_ws/src/yolov8_ros/matlab_msg_gen/glnxa64/install/include/yolov8_msgs/yolov8_msgs/msg/detail/detection_array__type_support.c
[16.276s] -- Installing: /home/aiv/YongJun_ws/ros2_ws/src/yolov8_ros/matlab_msg_gen/glnxa64/install/include/yolov8_msgs/yolov8_msgs/msg/detail/key_point2_d__type_support.c
[16.276s] -- Installing: /home/aiv/YongJun_ws/ros2_ws/src/yolov8_ros/matlab_msg_gen/glnxa64/install/include/yolov8_msgs/yolov8_msgs/msg/detail/detection_array__rosidl_typesupport_introspection_c.h
[16.276s] -- Installing: /home/aiv/YongJun_ws/ros2_ws/src/yolov8_ros/matlab_msg_gen/glnxa64/install/include/yolov8_msgs/yolov8_msgs/msg/detail/bounding_box3_d__type_support.c
[16.276s] -- Installing: /home/aiv/YongJun_ws/ros2_ws/src/yolov8_ros/matlab_msg_gen/glnxa64/install/include/yolov8_msgs/yolov8_msgs/msg/detail/vector2__rosidl_typesupport_introspection_c.h
[16.277s] -- Installing: /home/aiv/YongJun_ws/ros2_ws/src/yolov8_ros/matlab_msg_gen/glnxa64/install/include/yolov8_msgs/yolov8_msgs/msg/detail/key_point3_d__rosidl_typesupport_introspection_c.h
[16.277s] -- Installing: /home/aiv/YongJun_ws/ros2_ws/src/yolov8_ros/matlab_msg_gen/glnxa64/install/include/yolov8_msgs/yolov8_msgs/msg/detail/mask__type_support.c
[16.277s] -- Installing: /home/aiv/YongJun_ws/ros2_ws/src/yolov8_ros/matlab_msg_gen/glnxa64/install/include/yolov8_msgs/yolov8_msgs/msg/detail/key_point2_d_array__rosidl_typesupport_introspection_c.h
[16.277s] -- Installing: /home/aiv/YongJun_ws/ros2_ws/src/yolov8_ros/matlab_msg_gen/glnxa64/install/include/yolov8_msgs/yolov8_msgs/msg/detail/pose2_d__type_support.c
[16.277s] -- Installing: /home/aiv/YongJun_ws/ros2_ws/src/yolov8_ros/matlab_msg_gen/glnxa64/install/include/yolov8_msgs/yolov8_msgs/msg/detail/vector2__type_support.c
[16.277s] -- Installing: /home/aiv/YongJun_ws/ros2_ws/src/yolov8_ros/matlab_msg_gen/glnxa64/install/include/yolov8_msgs/yolov8_msgs/msg/detail/key_point2_d__rosidl_typesupport_introspection_c.h
[16.277s] -- Installing: /home/aiv/YongJun_ws/ros2_ws/src/yolov8_ros/matlab_msg_gen/glnxa64/install/include/yolov8_msgs/yolov8_msgs/msg/detail/bounding_box3_d__rosidl_typesupport_introspection_c.h
[16.277s] -- Installing: /home/aiv/YongJun_ws/ros2_ws/src/yolov8_ros/matlab_msg_gen/glnxa64/install/lib/libyolov8_msgs__rosidl_typesupport_introspection_c.so
[16.277s] -- Installing: /home/aiv/YongJun_ws/ros2_ws/src/yolov8_ros/matlab_msg_gen/glnxa64/install/lib/libyolov8_msgs__rosidl_typesupport_c.so
[16.277s] -- Up-to-date: /home/aiv/YongJun_ws/ros2_ws/src/yolov8_ros/matlab_msg_gen/glnxa64/install/include/yolov8_msgs/yolov8_msgs
[16.277s] -- Up-to-date: /home/aiv/YongJun_ws/ros2_ws/src/yolov8_ros/matlab_msg_gen/glnxa64/install/include/yolov8_msgs/yolov8_msgs/msg
[16.277s] -- Installing: /home/aiv/YongJun_ws/ros2_ws/src/yolov8_ros/matlab_msg_gen/glnxa64/install/include/yolov8_msgs/yolov8_msgs/msg/mask.hpp
[16.277s] -- Installing: /home/aiv/YongJun_ws/ros2_ws/src/yolov8_ros/matlab_msg_gen/glnxa64/install/include/yolov8_msgs/yolov8_msgs/msg/detection.hpp
[16.277s] -- Installing: /home/aiv/YongJun_ws/ros2_ws/src/yolov8_ros/matlab_msg_gen/glnxa64/install/include/yolov8_msgs/yolov8_msgs/msg/bounding_box2_d.hpp
[16.277s] -- Installing: /home/aiv/YongJun_ws/ros2_ws/src/yolov8_ros/matlab_msg_gen/glnxa64/install/include/yolov8_msgs/yolov8_msgs/msg/key_point2_d.hpp
[16.277s] -- Installing: /home/aiv/YongJun_ws/ros2_ws/src/yolov8_ros/matlab_msg_gen/glnxa64/install/include/yolov8_msgs/yolov8_msgs/msg/point2_d.hpp
[16.278s] -- Installing: /home/aiv/YongJun_ws/ros2_ws/src/yolov8_ros/matlab_msg_gen/glnxa64/install/include/yolov8_msgs/yolov8_msgs/msg/key_point3_d_array.hpp
[16.278s] -- Installing: /home/aiv/YongJun_ws/ros2_ws/src/yolov8_ros/matlab_msg_gen/glnxa64/install/include/yolov8_msgs/yolov8_msgs/msg/vector2.hpp
[16.278s] -- Installing: /home/aiv/YongJun_ws/ros2_ws/src/yolov8_ros/matlab_msg_gen/glnxa64/install/include/yolov8_msgs/yolov8_msgs/msg/key_point2_d_array.hpp
[16.278s] -- Installing: /home/aiv/YongJun_ws/ros2_ws/src/yolov8_ros/matlab_msg_gen/glnxa64/install/include/yolov8_msgs/yolov8_msgs/msg/key_point3_d.hpp
[16.278s] -- Up-to-date: /home/aiv/YongJun_ws/ros2_ws/src/yolov8_ros/matlab_msg_gen/glnxa64/install/include/yolov8_msgs/yolov8_msgs/msg/detail
[16.278s] -- Installing: /home/aiv/YongJun_ws/ros2_ws/src/yolov8_ros/matlab_msg_gen/glnxa64/install/include/yolov8_msgs/yolov8_msgs/msg/detail/key_point2_d__struct.hpp
[16.278s] -- Installing: /home/aiv/YongJun_ws/ros2_ws/src/yolov8_ros/matlab_msg_gen/glnxa64/install/include/yolov8_msgs/yolov8_msgs/msg/detail/point2_d__builder.hpp
[16.278s] -- Installing: /home/aiv/YongJun_ws/ros2_ws/src/yolov8_ros/matlab_msg_gen/glnxa64/install/include/yolov8_msgs/yolov8_msgs/msg/detail/key_point2_d__traits.hpp
[16.278s] -- Installing: /home/aiv/YongJun_ws/ros2_ws/src/yolov8_ros/matlab_msg_gen/glnxa64/install/include/yolov8_msgs/yolov8_msgs/msg/detail/bounding_box3_d__builder.hpp
[16.278s] -- Installing: /home/aiv/YongJun_ws/ros2_ws/src/yolov8_ros/matlab_msg_gen/glnxa64/install/include/yolov8_msgs/yolov8_msgs/msg/detail/key_point2_d__builder.hpp
[16.278s] -- Installing: /home/aiv/YongJun_ws/ros2_ws/src/yolov8_ros/matlab_msg_gen/glnxa64/install/include/yolov8_msgs/yolov8_msgs/msg/detail/detection__struct.hpp
[16.278s] -- Installing: /home/aiv/YongJun_ws/ros2_ws/src/yolov8_ros/matlab_msg_gen/glnxa64/install/include/yolov8_msgs/yolov8_msgs/msg/detail/mask__builder.hpp
[16.278s] -- Installing: /home/aiv/YongJun_ws/ros2_ws/src/yolov8_ros/matlab_msg_gen/glnxa64/install/include/yolov8_msgs/yolov8_msgs/msg/detail/key_point3_d__traits.hpp
[16.278s] -- Installing: /home/aiv/YongJun_ws/ros2_ws/src/yolov8_ros/matlab_msg_gen/glnxa64/install/include/yolov8_msgs/yolov8_msgs/msg/detail/key_point3_d__builder.hpp
[16.278s] -- Installing: /home/aiv/YongJun_ws/ros2_ws/src/yolov8_ros/matlab_msg_gen/glnxa64/install/include/yolov8_msgs/yolov8_msgs/msg/detail/detection_array__builder.hpp
[16.279s] -- Installing: /home/aiv/YongJun_ws/ros2_ws/src/yolov8_ros/matlab_msg_gen/glnxa64/install/include/yolov8_msgs/yolov8_msgs/msg/detail/key_point3_d_array__traits.hpp
[16.279s] -- Installing: /home/aiv/YongJun_ws/ros2_ws/src/yolov8_ros/matlab_msg_gen/glnxa64/install/include/yolov8_msgs/yolov8_msgs/msg/detail/mask__traits.hpp
[16.279s] -- Installing: /home/aiv/YongJun_ws/ros2_ws/src/yolov8_ros/matlab_msg_gen/glnxa64/install/include/yolov8_msgs/yolov8_msgs/msg/detail/mask__struct.hpp
[16.279s] -- Installing: /home/aiv/YongJun_ws/ros2_ws/src/yolov8_ros/matlab_msg_gen/glnxa64/install/include/yolov8_msgs/yolov8_msgs/msg/detail/bounding_box2_d__struct.hpp
[16.279s] -- Installing: /home/aiv/YongJun_ws/ros2_ws/src/yolov8_ros/matlab_msg_gen/glnxa64/install/include/yolov8_msgs/yolov8_msgs/msg/detail/detection__traits.hpp
[16.279s] -- Installing: /home/aiv/YongJun_ws/ros2_ws/src/yolov8_ros/matlab_msg_gen/glnxa64/install/include/yolov8_msgs/yolov8_msgs/msg/detail/key_point2_d_array__struct.hpp
[16.279s] -- Installing: /home/aiv/YongJun_ws/ros2_ws/src/yolov8_ros/matlab_msg_gen/glnxa64/install/include/yolov8_msgs/yolov8_msgs/msg/detail/pose2_d__struct.hpp
[16.279s] -- Installing: /home/aiv/YongJun_ws/ros2_ws/src/yolov8_ros/matlab_msg_gen/glnxa64/install/include/yolov8_msgs/yolov8_msgs/msg/detail/detection__builder.hpp
[16.279s] -- Installing: /home/aiv/YongJun_ws/ros2_ws/src/yolov8_ros/matlab_msg_gen/glnxa64/install/include/yolov8_msgs/yolov8_msgs/msg/detail/key_point2_d_array__builder.hpp
[16.279s] -- Installing: /home/aiv/YongJun_ws/ros2_ws/src/yolov8_ros/matlab_msg_gen/glnxa64/install/include/yolov8_msgs/yolov8_msgs/msg/detail/point2_d__struct.hpp
[16.279s] -- Installing: /home/aiv/YongJun_ws/ros2_ws/src/yolov8_ros/matlab_msg_gen/glnxa64/install/include/yolov8_msgs/yolov8_msgs/msg/detail/key_point3_d_array__struct.hpp
[16.279s] -- Installing: /home/aiv/YongJun_ws/ros2_ws/src/yolov8_ros/matlab_msg_gen/glnxa64/install/include/yolov8_msgs/yolov8_msgs/msg/detail/detection_array__traits.hpp
[16.279s] -- Installing: /home/aiv/YongJun_ws/ros2_ws/src/yolov8_ros/matlab_msg_gen/glnxa64/install/include/yolov8_msgs/yolov8_msgs/msg/detail/bounding_box3_d__traits.hpp
[16.279s] -- Installing: /home/aiv/YongJun_ws/ros2_ws/src/yolov8_ros/matlab_msg_gen/glnxa64/install/include/yolov8_msgs/yolov8_msgs/msg/detail/key_point3_d_array__builder.hpp
[16.279s] -- Installing: /home/aiv/YongJun_ws/ros2_ws/src/yolov8_ros/matlab_msg_gen/glnxa64/install/include/yolov8_msgs/yolov8_msgs/msg/detail/bounding_box3_d__struct.hpp
[16.279s] -- Installing: /home/aiv/YongJun_ws/ros2_ws/src/yolov8_ros/matlab_msg_gen/glnxa64/install/include/yolov8_msgs/yolov8_msgs/msg/detail/vector2__builder.hpp
[16.279s] -- Installing: /home/aiv/YongJun_ws/ros2_ws/src/yolov8_ros/matlab_msg_gen/glnxa64/install/include/yolov8_msgs/yolov8_msgs/msg/detail/detection_array__struct.hpp
[16.279s] -- Installing: /home/aiv/YongJun_ws/ros2_ws/src/yolov8_ros/matlab_msg_gen/glnxa64/install/include/yolov8_msgs/yolov8_msgs/msg/detail/key_point3_d__struct.hpp
[16.279s] -- Installing: /home/aiv/YongJun_ws/ros2_ws/src/yolov8_ros/matlab_msg_gen/glnxa64/install/include/yolov8_msgs/yolov8_msgs/msg/detail/vector2__traits.hpp
[16.279s] -- Installing: /home/aiv/YongJun_ws/ros2_ws/src/yolov8_ros/matlab_msg_gen/glnxa64/install/include/yolov8_msgs/yolov8_msgs/msg/detail/bounding_box2_d__traits.hpp
[16.279s] -- Installing: /home/aiv/YongJun_ws/ros2_ws/src/yolov8_ros/matlab_msg_gen/glnxa64/install/include/yolov8_msgs/yolov8_msgs/msg/detail/key_point2_d_array__traits.hpp
[16.279s] -- Installing: /home/aiv/YongJun_ws/ros2_ws/src/yolov8_ros/matlab_msg_gen/glnxa64/install/include/yolov8_msgs/yolov8_msgs/msg/detail/point2_d__traits.hpp
[16.279s] -- Installing: /home/aiv/YongJun_ws/ros2_ws/src/yolov8_ros/matlab_msg_gen/glnxa64/install/include/yolov8_msgs/yolov8_msgs/msg/detail/bounding_box2_d__builder.hpp
[16.280s] -- Installing: /home/aiv/YongJun_ws/ros2_ws/src/yolov8_ros/matlab_msg_gen/glnxa64/install/include/yolov8_msgs/yolov8_msgs/msg/detail/pose2_d__traits.hpp
[16.280s] -- Installing: /home/aiv/YongJun_ws/ros2_ws/src/yolov8_ros/matlab_msg_gen/glnxa64/install/include/yolov8_msgs/yolov8_msgs/msg/detail/vector2__struct.hpp
[16.280s] -- Installing: /home/aiv/YongJun_ws/ros2_ws/src/yolov8_ros/matlab_msg_gen/glnxa64/install/include/yolov8_msgs/yolov8_msgs/msg/detail/pose2_d__builder.hpp
[16.280s] -- Installing: /home/aiv/YongJun_ws/ros2_ws/src/yolov8_ros/matlab_msg_gen/glnxa64/install/include/yolov8_msgs/yolov8_msgs/msg/pose2_d.hpp
[16.280s] -- Installing: /home/aiv/YongJun_ws/ros2_ws/src/yolov8_ros/matlab_msg_gen/glnxa64/install/include/yolov8_msgs/yolov8_msgs/msg/bounding_box3_d.hpp
[16.280s] -- Installing: /home/aiv/YongJun_ws/ros2_ws/src/yolov8_ros/matlab_msg_gen/glnxa64/install/include/yolov8_msgs/yolov8_msgs/msg/detection_array.hpp
[16.280s] -- Up-to-date: /home/aiv/YongJun_ws/ros2_ws/src/yolov8_ros/matlab_msg_gen/glnxa64/install/include/yolov8_msgs/yolov8_msgs
[16.280s] -- Up-to-date: /home/aiv/YongJun_ws/ros2_ws/src/yolov8_ros/matlab_msg_gen/glnxa64/install/include/yolov8_msgs/yolov8_msgs/msg
[16.280s] -- Installing: /home/aiv/YongJun_ws/ros2_ws/src/yolov8_ros/matlab_msg_gen/glnxa64/install/include/yolov8_msgs/yolov8_msgs/msg/rosidl_typesupport_fastrtps_cpp__visibility_control.h
[16.280s] -- Up-to-date: /home/aiv/YongJun_ws/ros2_ws/src/yolov8_ros/matlab_msg_gen/glnxa64/install/include/yolov8_msgs/yolov8_msgs/msg/detail
[16.280s] -- Installing: /home/aiv/YongJun_ws/ros2_ws/src/yolov8_ros/matlab_msg_gen/glnxa64/install/include/yolov8_msgs/yolov8_msgs/msg/detail/bounding_box3_d__rosidl_typesupport_fastrtps_cpp.hpp
[16.280s] -- Installing: /home/aiv/YongJun_ws/ros2_ws/src/yolov8_ros/matlab_msg_gen/glnxa64/install/include/yolov8_msgs/yolov8_msgs/msg/detail/detection__rosidl_typesupport_fastrtps_cpp.hpp
[16.280s] -- Installing: /home/aiv/YongJun_ws/ros2_ws/src/yolov8_ros/matlab_msg_gen/glnxa64/install/include/yolov8_msgs/yolov8_msgs/msg/detail/key_point2_d__rosidl_typesupport_fastrtps_cpp.hpp
[16.280s] -- Installing: /home/aiv/YongJun_ws/ros2_ws/src/yolov8_ros/matlab_msg_gen/glnxa64/install/include/yolov8_msgs/yolov8_msgs/msg/detail/dds_fastrtps
[16.280s] -- Installing: /home/aiv/YongJun_ws/ros2_ws/src/yolov8_ros/matlab_msg_gen/glnxa64/install/include/yolov8_msgs/yolov8_msgs/msg/detail/pose2_d__rosidl_typesupport_fastrtps_cpp.hpp
[16.280s] -- Installing: /home/aiv/YongJun_ws/ros2_ws/src/yolov8_ros/matlab_msg_gen/glnxa64/install/include/yolov8_msgs/yolov8_msgs/msg/detail/key_point2_d_array__rosidl_typesupport_fastrtps_cpp.hpp
[16.280s] -- Installing: /home/aiv/YongJun_ws/ros2_ws/src/yolov8_ros/matlab_msg_gen/glnxa64/install/include/yolov8_msgs/yolov8_msgs/msg/detail/mask__rosidl_typesupport_fastrtps_cpp.hpp
[16.280s] -- Installing: /home/aiv/YongJun_ws/ros2_ws/src/yolov8_ros/matlab_msg_gen/glnxa64/install/include/yolov8_msgs/yolov8_msgs/msg/detail/bounding_box2_d__rosidl_typesupport_fastrtps_cpp.hpp
[16.280s] -- Installing: /home/aiv/YongJun_ws/ros2_ws/src/yolov8_ros/matlab_msg_gen/glnxa64/install/include/yolov8_msgs/yolov8_msgs/msg/detail/key_point3_d__rosidl_typesupport_fastrtps_cpp.hpp
[16.280s] -- Installing: /home/aiv/YongJun_ws/ros2_ws/src/yolov8_ros/matlab_msg_gen/glnxa64/install/include/yolov8_msgs/yolov8_msgs/msg/detail/detection_array__rosidl_typesupport_fastrtps_cpp.hpp
[16.280s] -- Installing: /home/aiv/YongJun_ws/ros2_ws/src/yolov8_ros/matlab_msg_gen/glnxa64/install/include/yolov8_msgs/yolov8_msgs/msg/detail/vector2__rosidl_typesupport_fastrtps_cpp.hpp
[16.280s] -- Installing: /home/aiv/YongJun_ws/ros2_ws/src/yolov8_ros/matlab_msg_gen/glnxa64/install/include/yolov8_msgs/yolov8_msgs/msg/detail/key_point3_d_array__rosidl_typesupport_fastrtps_cpp.hpp
[16.280s] -- Installing: /home/aiv/YongJun_ws/ros2_ws/src/yolov8_ros/matlab_msg_gen/glnxa64/install/include/yolov8_msgs/yolov8_msgs/msg/detail/point2_d__rosidl_typesupport_fastrtps_cpp.hpp
[16.280s] -- Installing: /home/aiv/YongJun_ws/ros2_ws/src/yolov8_ros/matlab_msg_gen/glnxa64/install/lib/libyolov8_msgs__rosidl_typesupport_fastrtps_cpp.so
[16.280s] -- Up-to-date: /home/aiv/YongJun_ws/ros2_ws/src/yolov8_ros/matlab_msg_gen/glnxa64/install/include/yolov8_msgs/yolov8_msgs
[16.280s] -- Up-to-date: /home/aiv/YongJun_ws/ros2_ws/src/yolov8_ros/matlab_msg_gen/glnxa64/install/include/yolov8_msgs/yolov8_msgs/msg
[16.280s] -- Up-to-date: /home/aiv/YongJun_ws/ros2_ws/src/yolov8_ros/matlab_msg_gen/glnxa64/install/include/yolov8_msgs/yolov8_msgs/msg/detail
[16.280s] -- Installing: /home/aiv/YongJun_ws/ros2_ws/src/yolov8_ros/matlab_msg_gen/glnxa64/install/include/yolov8_msgs/yolov8_msgs/msg/detail/key_point2_d__rosidl_typesupport_introspection_cpp.hpp
[16.280s] -- Installing: /home/aiv/YongJun_ws/ros2_ws/src/yolov8_ros/matlab_msg_gen/glnxa64/install/include/yolov8_msgs/yolov8_msgs/msg/detail/detection_array__type_support.cpp
[16.280s] -- Installing: /home/aiv/YongJun_ws/ros2_ws/src/yolov8_ros/matlab_msg_gen/glnxa64/install/include/yolov8_msgs/yolov8_msgs/msg/detail/key_point2_d_array__type_support.cpp
[16.280s] -- Installing: /home/aiv/YongJun_ws/ros2_ws/src/yolov8_ros/matlab_msg_gen/glnxa64/install/include/yolov8_msgs/yolov8_msgs/msg/detail/detection_array__rosidl_typesupport_introspection_cpp.hpp
[16.280s] -- Installing: /home/aiv/YongJun_ws/ros2_ws/src/yolov8_ros/matlab_msg_gen/glnxa64/install/include/yolov8_msgs/yolov8_msgs/msg/detail/bounding_box3_d__rosidl_typesupport_introspection_cpp.hpp
[16.280s] -- Installing: /home/aiv/YongJun_ws/ros2_ws/src/yolov8_ros/matlab_msg_gen/glnxa64/install/include/yolov8_msgs/yolov8_msgs/msg/detail/mask__rosidl_typesupport_introspection_cpp.hpp
[16.280s] -- Installing: /home/aiv/YongJun_ws/ros2_ws/src/yolov8_ros/matlab_msg_gen/glnxa64/install/include/yolov8_msgs/yolov8_msgs/msg/detail/point2_d__type_support.cpp
[16.281s] -- Installing: /home/aiv/YongJun_ws/ros2_ws/src/yolov8_ros/matlab_msg_gen/glnxa64/install/include/yolov8_msgs/yolov8_msgs/msg/detail/key_point2_d_array__rosidl_typesupport_introspection_cpp.hpp
[16.281s] -- Installing: /home/aiv/YongJun_ws/ros2_ws/src/yolov8_ros/matlab_msg_gen/glnxa64/install/include/yolov8_msgs/yolov8_msgs/msg/detail/key_point3_d_array__rosidl_typesupport_introspection_cpp.hpp
[16.281s] -- Installing: /home/aiv/YongJun_ws/ros2_ws/src/yolov8_ros/matlab_msg_gen/glnxa64/install/include/yolov8_msgs/yolov8_msgs/msg/detail/mask__type_support.cpp
[16.281s] -- Installing: /home/aiv/YongJun_ws/ros2_ws/src/yolov8_ros/matlab_msg_gen/glnxa64/install/include/yolov8_msgs/yolov8_msgs/msg/detail/pose2_d__type_support.cpp
[16.281s] -- Installing: /home/aiv/YongJun_ws/ros2_ws/src/yolov8_ros/matlab_msg_gen/glnxa64/install/include/yolov8_msgs/yolov8_msgs/msg/detail/bounding_box2_d__rosidl_typesupport_introspection_cpp.hpp
[16.281s] -- Installing: /home/aiv/YongJun_ws/ros2_ws/src/yolov8_ros/matlab_msg_gen/glnxa64/install/include/yolov8_msgs/yolov8_msgs/msg/detail/key_point2_d__type_support.cpp
[16.281s] -- Installing: /home/aiv/YongJun_ws/ros2_ws/src/yolov8_ros/matlab_msg_gen/glnxa64/install/include/yolov8_msgs/yolov8_msgs/msg/detail/point2_d__rosidl_typesupport_introspection_cpp.hpp
[16.281s] -- Installing: /home/aiv/YongJun_ws/ros2_ws/src/yolov8_ros/matlab_msg_gen/glnxa64/install/include/yolov8_msgs/yolov8_msgs/msg/detail/bounding_box2_d__type_support.cpp
[16.281s] -- Installing: /home/aiv/YongJun_ws/ros2_ws/src/yolov8_ros/matlab_msg_gen/glnxa64/install/include/yolov8_msgs/yolov8_msgs/msg/detail/detection__type_support.cpp
[16.281s] -- Installing: /home/aiv/YongJun_ws/ros2_ws/src/yolov8_ros/matlab_msg_gen/glnxa64/install/include/yolov8_msgs/yolov8_msgs/msg/detail/pose2_d__rosidl_typesupport_introspection_cpp.hpp
[16.281s] -- Installing: /home/aiv/YongJun_ws/ros2_ws/src/yolov8_ros/matlab_msg_gen/glnxa64/install/include/yolov8_msgs/yolov8_msgs/msg/detail/key_point3_d_array__type_support.cpp
[16.281s] -- Installing: /home/aiv/YongJun_ws/ros2_ws/src/yolov8_ros/matlab_msg_gen/glnxa64/install/include/yolov8_msgs/yolov8_msgs/msg/detail/vector2__rosidl_typesupport_introspection_cpp.hpp
[16.281s] -- Installing: /home/aiv/YongJun_ws/ros2_ws/src/yolov8_ros/matlab_msg_gen/glnxa64/install/include/yolov8_msgs/yolov8_msgs/msg/detail/vector2__type_support.cpp
[16.281s] -- Installing: /home/aiv/YongJun_ws/ros2_ws/src/yolov8_ros/matlab_msg_gen/glnxa64/install/include/yolov8_msgs/yolov8_msgs/msg/detail/bounding_box3_d__type_support.cpp
[16.281s] -- Installing: /home/aiv/YongJun_ws/ros2_ws/src/yolov8_ros/matlab_msg_gen/glnxa64/install/include/yolov8_msgs/yolov8_msgs/msg/detail/key_point3_d__type_support.cpp
[16.281s] -- Installing: /home/aiv/YongJun_ws/ros2_ws/src/yolov8_ros/matlab_msg_gen/glnxa64/install/include/yolov8_msgs/yolov8_msgs/msg/detail/detection__rosidl_typesupport_introspection_cpp.hpp
[16.281s] -- Installing: /home/aiv/YongJun_ws/ros2_ws/src/yolov8_ros/matlab_msg_gen/glnxa64/install/include/yolov8_msgs/yolov8_msgs/msg/detail/key_point3_d__rosidl_typesupport_introspection_cpp.hpp
[16.281s] -- Installing: /home/aiv/YongJun_ws/ros2_ws/src/yolov8_ros/matlab_msg_gen/glnxa64/install/lib/libyolov8_msgs__rosidl_typesupport_introspection_cpp.so
[16.281s] -- Installing: /home/aiv/YongJun_ws/ros2_ws/src/yolov8_ros/matlab_msg_gen/glnxa64/install/lib/libyolov8_msgs__rosidl_typesupport_cpp.so
[16.281s] -- Installing: /home/aiv/YongJun_ws/ros2_ws/src/yolov8_ros/matlab_msg_gen/glnxa64/install/share/yolov8_msgs/msg/BoundingBox2D.idl
[16.281s] -- Installing: /home/aiv/YongJun_ws/ros2_ws/src/yolov8_ros/matlab_msg_gen/glnxa64/install/share/yolov8_msgs/msg/BoundingBox3D.idl
[16.281s] -- Installing: /home/aiv/YongJun_ws/ros2_ws/src/yolov8_ros/matlab_msg_gen/glnxa64/install/share/yolov8_msgs/msg/Detection.idl
[16.281s] -- Installing: /home/aiv/YongJun_ws/ros2_ws/src/yolov8_ros/matlab_msg_gen/glnxa64/install/share/yolov8_msgs/msg/DetectionArray.idl
[16.281s] -- Installing: /home/aiv/YongJun_ws/ros2_ws/src/yolov8_ros/matlab_msg_gen/glnxa64/install/share/yolov8_msgs/msg/KeyPoint2D.idl
[16.281s] -- Installing: /home/aiv/YongJun_ws/ros2_ws/src/yolov8_ros/matlab_msg_gen/glnxa64/install/share/yolov8_msgs/msg/KeyPoint2DArray.idl
[16.281s] -- Installing: /home/aiv/YongJun_ws/ros2_ws/src/yolov8_ros/matlab_msg_gen/glnxa64/install/share/yolov8_msgs/msg/KeyPoint3D.idl
[16.281s] -- Installing: /home/aiv/YongJun_ws/ros2_ws/src/yolov8_ros/matlab_msg_gen/glnxa64/install/share/yolov8_msgs/msg/KeyPoint3DArray.idl
[16.281s] -- Installing: /home/aiv/YongJun_ws/ros2_ws/src/yolov8_ros/matlab_msg_gen/glnxa64/install/share/yolov8_msgs/msg/Mask.idl
[16.281s] -- Installing: /home/aiv/YongJun_ws/ros2_ws/src/yolov8_ros/matlab_msg_gen/glnxa64/install/share/yolov8_msgs/msg/Point2D.idl
[16.281s] -- Installing: /home/aiv/YongJun_ws/ros2_ws/src/yolov8_ros/matlab_msg_gen/glnxa64/install/share/yolov8_msgs/msg/Pose2D.idl
[16.281s] -- Installing: /home/aiv/YongJun_ws/ros2_ws/src/yolov8_ros/matlab_msg_gen/glnxa64/install/share/yolov8_msgs/msg/Vector2.idl
[16.281s] -- Installing: /home/aiv/YongJun_ws/ros2_ws/src/yolov8_ros/matlab_msg_gen/glnxa64/install/share/yolov8_msgs/msg/BoundingBox2D.msg
[16.281s] -- Installing: /home/aiv/YongJun_ws/ros2_ws/src/yolov8_ros/matlab_msg_gen/glnxa64/install/share/yolov8_msgs/msg/BoundingBox3D.msg
[16.281s] -- Installing: /home/aiv/YongJun_ws/ros2_ws/src/yolov8_ros/matlab_msg_gen/glnxa64/install/share/yolov8_msgs/msg/Detection.msg
[16.281s] -- Installing: /home/aiv/YongJun_ws/ros2_ws/src/yolov8_ros/matlab_msg_gen/glnxa64/install/share/yolov8_msgs/msg/DetectionArray.msg
[16.281s] -- Installing: /home/aiv/YongJun_ws/ros2_ws/src/yolov8_ros/matlab_msg_gen/glnxa64/install/share/yolov8_msgs/msg/KeyPoint2D.msg
[16.282s] -- Installing: /home/aiv/YongJun_ws/ros2_ws/src/yolov8_ros/matlab_msg_gen/glnxa64/install/share/yolov8_msgs/msg/KeyPoint2DArray.msg
[16.282s] -- Installing: /home/aiv/YongJun_ws/ros2_ws/src/yolov8_ros/matlab_msg_gen/glnxa64/install/share/yolov8_msgs/msg/KeyPoint3D.msg
[16.282s] -- Installing: /home/aiv/YongJun_ws/ros2_ws/src/yolov8_ros/matlab_msg_gen/glnxa64/install/share/yolov8_msgs/msg/KeyPoint3DArray.msg
[16.282s] -- Installing: /home/aiv/YongJun_ws/ros2_ws/src/yolov8_ros/matlab_msg_gen/glnxa64/install/share/yolov8_msgs/msg/Mask.msg
[16.282s] -- Installing: /home/aiv/YongJun_ws/ros2_ws/src/yolov8_ros/matlab_msg_gen/glnxa64/install/share/yolov8_msgs/msg/Point2D.msg
[16.282s] -- Installing: /home/aiv/YongJun_ws/ros2_ws/src/yolov8_ros/matlab_msg_gen/glnxa64/install/share/yolov8_msgs/msg/Pose2D.msg
[16.282s] -- Installing: /home/aiv/YongJun_ws/ros2_ws/src/yolov8_ros/matlab_msg_gen/glnxa64/install/share/yolov8_msgs/msg/Vector2.msg
[16.282s] -- Up-to-date: /home/aiv/YongJun_ws/ros2_ws/src/yolov8_ros/matlab_msg_gen/glnxa64/install/include
[16.282s] -- Up-to-date: /home/aiv/YongJun_ws/ros2_ws/src/yolov8_ros/matlab_msg_gen/glnxa64/install/include/yolov8_msgs
[16.282s] -- Installing: /home/aiv/YongJun_ws/ros2_ws/src/yolov8_ros/matlab_msg_gen/glnxa64/install/include/yolov8_msgs/visibility_control.h
[16.282s] -- Installing: /home/aiv/YongJun_ws/ros2_ws/src/yolov8_ros/matlab_msg_gen/glnxa64/install/lib/libyolov8_msgs_matlab.so
[16.301s] -- Installing: /home/aiv/YongJun_ws/ros2_ws/src/yolov8_ros/matlab_msg_gen/glnxa64/install/m/
[16.301s] -- Installing: /home/aiv/YongJun_ws/ros2_ws/src/yolov8_ros/matlab_msg_gen/glnxa64/install/m//+ros
[16.301s] -- Installing: /home/aiv/YongJun_ws/ros2_ws/src/yolov8_ros/matlab_msg_gen/glnxa64/install/m//+ros/+internal
[16.301s] -- Installing: /home/aiv/YongJun_ws/ros2_ws/src/yolov8_ros/matlab_msg_gen/glnxa64/install/m//+ros/+internal/+ros2
[16.301s] -- Installing: /home/aiv/YongJun_ws/ros2_ws/src/yolov8_ros/matlab_msg_gen/glnxa64/install/m//+ros/+internal/+ros2/+custommessages
[16.301s] -- Installing: /home/aiv/YongJun_ws/ros2_ws/src/yolov8_ros/matlab_msg_gen/glnxa64/install/m//+ros/+internal/+ros2/+custommessages/+yolov8_msgs
[16.301s] -- Installing: /home/aiv/YongJun_ws/ros2_ws/src/yolov8_ros/matlab_msg_gen/glnxa64/install/m//+ros/+internal/+ros2/+custommessages/+yolov8_msgs/mask.m
[16.301s] -- Installing: /home/aiv/YongJun_ws/ros2_ws/src/yolov8_ros/matlab_msg_gen/glnxa64/install/m//+ros/+internal/+ros2/+custommessages/+yolov8_msgs/vector2.m
[16.301s] -- Installing: /home/aiv/YongJun_ws/ros2_ws/src/yolov8_ros/matlab_msg_gen/glnxa64/install/m//+ros/+internal/+ros2/+custommessages/+yolov8_msgs/keyPoint3D.m
[16.302s] -- Installing: /home/aiv/YongJun_ws/ros2_ws/src/yolov8_ros/matlab_msg_gen/glnxa64/install/m//+ros/+internal/+ros2/+custommessages/+yolov8_msgs/boundingBox2D.m
[16.302s] -- Installing: /home/aiv/YongJun_ws/ros2_ws/src/yolov8_ros/matlab_msg_gen/glnxa64/install/m//+ros/+internal/+ros2/+custommessages/+yolov8_msgs/pose2D.m
[16.302s] -- Installing: /home/aiv/YongJun_ws/ros2_ws/src/yolov8_ros/matlab_msg_gen/glnxa64/install/m//+ros/+internal/+ros2/+custommessages/+yolov8_msgs/detection.m
[16.302s] -- Installing: /home/aiv/YongJun_ws/ros2_ws/src/yolov8_ros/matlab_msg_gen/glnxa64/install/m//+ros/+internal/+ros2/+custommessages/+yolov8_msgs/keyPoint2D.m
[16.302s] -- Installing: /home/aiv/YongJun_ws/ros2_ws/src/yolov8_ros/matlab_msg_gen/glnxa64/install/m//+ros/+internal/+ros2/+custommessages/+yolov8_msgs/keyPoint2DArray.m
[16.302s] -- Installing: /home/aiv/YongJun_ws/ros2_ws/src/yolov8_ros/matlab_msg_gen/glnxa64/install/m//+ros/+internal/+ros2/+custommessages/+yolov8_msgs/detectionArray.m
[16.302s] -- Installing: /home/aiv/YongJun_ws/ros2_ws/src/yolov8_ros/matlab_msg_gen/glnxa64/install/m//+ros/+internal/+ros2/+custommessages/+yolov8_msgs/point2D.m
[16.302s] -- Installing: /home/aiv/YongJun_ws/ros2_ws/src/yolov8_ros/matlab_msg_gen/glnxa64/install/m//+ros/+internal/+ros2/+custommessages/+yolov8_msgs/boundingBox3D.m
[16.302s] -- Installing: /home/aiv/YongJun_ws/ros2_ws/src/yolov8_ros/matlab_msg_gen/glnxa64/install/m//+ros/+internal/+ros2/+custommessages/+yolov8_msgs/keyPoint3DArray.m
[16.302s] -- Installing: /home/aiv/YongJun_ws/ros2_ws/src/yolov8_ros/matlab_msg_gen/glnxa64/install/share/ament_index/resource_index/package_run_dependencies/yolov8_msgs
[16.302s] -- Installing: /home/aiv/YongJun_ws/ros2_ws/src/yolov8_ros/matlab_msg_gen/glnxa64/install/share/ament_index/resource_index/parent_prefix_path/yolov8_msgs
[16.302s] -- Installing: /home/aiv/YongJun_ws/ros2_ws/src/yolov8_ros/matlab_msg_gen/glnxa64/install/share/yolov8_msgs/environment/ament_prefix_path.sh
[16.302s] -- Installing: /home/aiv/YongJun_ws/ros2_ws/src/yolov8_ros/matlab_msg_gen/glnxa64/install/share/yolov8_msgs/environment/ament_prefix_path.dsv
[16.302s] -- Installing: /home/aiv/YongJun_ws/ros2_ws/src/yolov8_ros/matlab_msg_gen/glnxa64/install/share/yolov8_msgs/environment/path.sh
[16.302s] -- Installing: /home/aiv/YongJun_ws/ros2_ws/src/yolov8_ros/matlab_msg_gen/glnxa64/install/share/yolov8_msgs/environment/path.dsv
[16.302s] -- Installing: /home/aiv/YongJun_ws/ros2_ws/src/yolov8_ros/matlab_msg_gen/glnxa64/install/share/yolov8_msgs/local_setup.bash
[16.302s] -- Installing: /home/aiv/YongJun_ws/ros2_ws/src/yolov8_ros/matlab_msg_gen/glnxa64/install/share/yolov8_msgs/local_setup.sh
[16.302s] -- Installing: /home/aiv/YongJun_ws/ros2_ws/src/yolov8_ros/matlab_msg_gen/glnxa64/install/share/yolov8_msgs/local_setup.zsh
[16.302s] -- Installing: /home/aiv/YongJun_ws/ros2_ws/src/yolov8_ros/matlab_msg_gen/glnxa64/install/share/yolov8_msgs/local_setup.dsv
[16.302s] -- Installing: /home/aiv/YongJun_ws/ros2_ws/src/yolov8_ros/matlab_msg_gen/glnxa64/install/share/yolov8_msgs/package.dsv
[16.302s] -- Installing: /home/aiv/YongJun_ws/ros2_ws/src/yolov8_ros/matlab_msg_gen/glnxa64/install/share/ament_index/resource_index/packages/yolov8_msgs
[16.302s] -- Installing: /home/aiv/YongJun_ws/ros2_ws/src/yolov8_ros/matlab_msg_gen/glnxa64/install/share/yolov8_msgs/cmake/export_yolov8_msgs__rosidl_generator_cExport.cmake
[16.302s] -- Installing: /home/aiv/YongJun_ws/ros2_ws/src/yolov8_ros/matlab_msg_gen/glnxa64/install/share/yolov8_msgs/cmake/export_yolov8_msgs__rosidl_generator_cExport-release.cmake
[16.302s] -- Installing: /home/aiv/YongJun_ws/ros2_ws/src/yolov8_ros/matlab_msg_gen/glnxa64/install/share/yolov8_msgs/cmake/export_yolov8_msgs__rosidl_typesupport_fastrtps_cExport.cmake
[16.302s] -- Installing: /home/aiv/YongJun_ws/ros2_ws/src/yolov8_ros/matlab_msg_gen/glnxa64/install/share/yolov8_msgs/cmake/export_yolov8_msgs__rosidl_typesupport_fastrtps_cExport-release.cmake
[16.302s] -- Installing: /home/aiv/YongJun_ws/ros2_ws/src/yolov8_ros/matlab_msg_gen/glnxa64/install/share/yolov8_msgs/cmake/yolov8_msgs__rosidl_typesupport_introspection_cExport.cmake
[16.303s] -- Installing: /home/aiv/YongJun_ws/ros2_ws/src/yolov8_ros/matlab_msg_gen/glnxa64/install/share/yolov8_msgs/cmake/yolov8_msgs__rosidl_typesupport_introspection_cExport-release.cmake
[16.303s] -- Installing: /home/aiv/YongJun_ws/ros2_ws/src/yolov8_ros/matlab_msg_gen/glnxa64/install/share/yolov8_msgs/cmake/yolov8_msgs__rosidl_typesupport_cExport.cmake
[16.303s] -- Installing: /home/aiv/YongJun_ws/ros2_ws/src/yolov8_ros/matlab_msg_gen/glnxa64/install/share/yolov8_msgs/cmake/yolov8_msgs__rosidl_typesupport_cExport-release.cmake
[16.303s] -- Installing: /home/aiv/YongJun_ws/ros2_ws/src/yolov8_ros/matlab_msg_gen/glnxa64/install/share/yolov8_msgs/cmake/export_yolov8_msgs__rosidl_generator_cppExport.cmake
[16.303s] -- Installing: /home/aiv/YongJun_ws/ros2_ws/src/yolov8_ros/matlab_msg_gen/glnxa64/install/share/yolov8_msgs/cmake/export_yolov8_msgs__rosidl_typesupport_fastrtps_cppExport.cmake
[16.303s] -- Installing: /home/aiv/YongJun_ws/ros2_ws/src/yolov8_ros/matlab_msg_gen/glnxa64/install/share/yolov8_msgs/cmake/export_yolov8_msgs__rosidl_typesupport_fastrtps_cppExport-release.cmake
[16.303s] -- Installing: /home/aiv/YongJun_ws/ros2_ws/src/yolov8_ros/matlab_msg_gen/glnxa64/install/share/yolov8_msgs/cmake/yolov8_msgs__rosidl_typesupport_introspection_cppExport.cmake
[16.303s] -- Installing: /home/aiv/YongJun_ws/ros2_ws/src/yolov8_ros/matlab_msg_gen/glnxa64/install/share/yolov8_msgs/cmake/yolov8_msgs__rosidl_typesupport_introspection_cppExport-release.cmake
[16.303s] -- Installing: /home/aiv/YongJun_ws/ros2_ws/src/yolov8_ros/matlab_msg_gen/glnxa64/install/share/yolov8_msgs/cmake/yolov8_msgs__rosidl_typesupport_cppExport.cmake
[16.303s] -- Installing: /home/aiv/YongJun_ws/ros2_ws/src/yolov8_ros/matlab_msg_gen/glnxa64/install/share/yolov8_msgs/cmake/yolov8_msgs__rosidl_typesupport_cppExport-release.cmake
[16.303s] -- Installing: /home/aiv/YongJun_ws/ros2_ws/src/yolov8_ros/matlab_msg_gen/glnxa64/install/share/yolov8_msgs/cmake/rosidl_cmake-extras.cmake
[16.303s] -- Installing: /home/aiv/YongJun_ws/ros2_ws/src/yolov8_ros/matlab_msg_gen/glnxa64/install/share/yolov8_msgs/cmake/ament_cmake_export_dependencies-extras.cmake
[16.303s] -- Installing: /home/aiv/YongJun_ws/ros2_ws/src/yolov8_ros/matlab_msg_gen/glnxa64/install/share/yolov8_msgs/cmake/ament_cmake_export_include_directories-extras.cmake
[16.303s] -- Installing: /home/aiv/YongJun_ws/ros2_ws/src/yolov8_ros/matlab_msg_gen/glnxa64/install/share/yolov8_msgs/cmake/ament_cmake_export_libraries-extras.cmake
[16.303s] -- Installing: /home/aiv/YongJun_ws/ros2_ws/src/yolov8_ros/matlab_msg_gen/glnxa64/install/share/yolov8_msgs/cmake/ament_cmake_export_targets-extras.cmake
[16.303s] -- Installing: /home/aiv/YongJun_ws/ros2_ws/src/yolov8_ros/matlab_msg_gen/glnxa64/install/share/yolov8_msgs/cmake/rosidl_cmake_export_typesupport_targets-extras.cmake
[16.303s] -- Installing: /home/aiv/YongJun_ws/ros2_ws/src/yolov8_ros/matlab_msg_gen/glnxa64/install/share/yolov8_msgs/cmake/rosidl_cmake_export_typesupport_libraries-extras.cmake
[16.303s] -- Installing: /home/aiv/YongJun_ws/ros2_ws/src/yolov8_ros/matlab_msg_gen/glnxa64/install/share/yolov8_msgs/cmake/yolov8_msgsConfig.cmake
[16.303s] -- Installing: /home/aiv/YongJun_ws/ros2_ws/src/yolov8_ros/matlab_msg_gen/glnxa64/install/share/yolov8_msgs/cmake/yolov8_msgsConfig-version.cmake
[16.303s] -- Installing: /home/aiv/YongJun_ws/ros2_ws/src/yolov8_ros/matlab_msg_gen/glnxa64/install/share/yolov8_msgs/package.xml
[16.307s] Invoked command in '/home/aiv/YongJun_ws/ros2_ws/src/yolov8_ros/matlab_msg_gen/glnxa64/build/yolov8_msgs' returned '0': PS1=(venv) VIRTUAL_ENV_PROMPT=(venv) /usr/local/MATLAB/R2024a/bin/glnxa64/cmake/bin/cmake --install /home/aiv/YongJun_ws/ros2_ws/src/yolov8_ros/matlab_msg_gen/glnxa64/build/yolov8_msgs
