[0.030s] Invoking command in '/home/aiv/YongJun_ws/ros2_ws/build/zed_tutorial_pos_tracking': CMAKE_PREFIX_PATH=/opt/ros/foxy /usr/bin/cmake /home/aiv/YongJun_ws/ros2_ws/src/zed-ros2-examples/tutorials/zed_pose_tutorial -DCMAKE_INSTALL_PREFIX=/home/aiv/YongJun_ws/ros2_ws/install/zed_tutorial_pos_tracking
[0.064s] -- The C compiler identification is GNU 9.4.0
[0.109s] -- The CXX compiler identification is GNU 9.4.0
[0.113s] -- Check for working C compiler: /usr/bin/cc
[0.162s] -- Check for working C compiler: /usr/bin/cc -- works
[0.163s] -- Detecting C compiler ABI info
[0.212s] -- Detecting C compiler ABI info - done
[0.220s] -- Detecting C compile features
[0.220s] -- Detecting C compile features - done
[0.222s] -- Check for working CXX compiler: /usr/bin/c++
[0.277s] -- Check for working CXX compiler: /usr/bin/c++ -- works
[0.278s] -- Detecting CXX compiler ABI info
[0.334s] -- Detecting CXX compiler ABI info - done
[0.342s] -- Detecting CXX compile features
[0.342s] -- Detecting CXX compile features - done
[0.343s] -- Found ament_cmake_auto: 0.9.12 (/opt/ros/foxy/share/ament_cmake_auto/cmake)
[0.364s] -- Found PythonInterp: /usr/bin/python3 (found suitable version "3.8.10", minimum required is "3") 
[0.364s] -- Using PYTHON_EXECUTABLE: /usr/bin/python3
[0.597s] -- Using all available rosidl_typesupport_c: rosidl_typesupport_fastrtps_c;rosidl_typesupport_introspection_c
[0.602s] -- Found rosidl_adapter: 1.3.1 (/opt/ros/foxy/share/rosidl_adapter/cmake)
[0.661s] -- Found OpenSSL: /usr/lib/x86_64-linux-gnu/libcrypto.so (found version "1.1.1f")  
[0.685s] -- Found FastRTPS: /opt/ros/foxy/include  
[0.738s] -- Using all available rosidl_typesupport_cpp: rosidl_typesupport_fastrtps_cpp;rosidl_typesupport_introspection_cpp
[0.778s] -- Found rmw_implementation_cmake: 1.0.4 (/opt/ros/foxy/share/rmw_implementation_cmake/cmake)
[0.779s] -- Using RMW implementation 'rmw_fastrtps_cpp' as default
[0.779s] -- Looking for pthread.h
[0.828s] -- Looking for pthread.h - found
[0.828s] -- Performing Test CMAKE_HAVE_LIBC_PTHREAD
[0.882s] -- Performing Test CMAKE_HAVE_LIBC_PTHREAD - Failed
[0.882s] -- Looking for pthread_create in pthreads
[0.926s] -- Looking for pthread_create in pthreads - not found
[0.926s] -- Looking for pthread_create in pthread
[0.975s] -- Looking for pthread_create in pthread - found
[0.976s] -- Found Threads: TRUE  
[1.436s] -- Found ament_lint_auto: 0.9.8 (/opt/ros/foxy/share/ament_lint_auto/cmake)
[1.456s] -- Added test 'copyright' to check source files copyright and LICENSE
[1.457s] -- Added test 'cppcheck' to perform static code analysis on C / C++ code
[1.457s] -- Configured cppcheck include dirs: 
[1.457s] -- Configured cppcheck exclude dirs and/or files: 
[1.457s] -- Added test 'cpplint' to check C / C++ code against the Google style
[1.457s] -- Configured cpplint exclude dirs and/or files: 
[1.457s] -- Added test 'lint_cmake' to check CMake code style
[1.458s] -- Added test 'uncrustify' to check C / C++ code style
[1.458s] -- Configured uncrustify additional arguments: 
[1.459s] -- Added test 'xmllint' to check XML markup files
[1.460s] -- Configuring done
[1.468s] -- Generating done
[1.469s] -- Build files have been written to: /home/aiv/YongJun_ws/ros2_ws/build/zed_tutorial_pos_tracking
[1.477s] Invoked command in '/home/aiv/YongJun_ws/ros2_ws/build/zed_tutorial_pos_tracking' returned '0': CMAKE_PREFIX_PATH=/opt/ros/foxy /usr/bin/cmake /home/aiv/YongJun_ws/ros2_ws/src/zed-ros2-examples/tutorials/zed_pose_tutorial -DCMAKE_INSTALL_PREFIX=/home/aiv/YongJun_ws/ros2_ws/install/zed_tutorial_pos_tracking
[1.480s] Invoking command in '/home/aiv/YongJun_ws/ros2_ws/build/zed_tutorial_pos_tracking': CMAKE_PREFIX_PATH=/opt/ros/foxy /usr/bin/cmake --build /home/aiv/YongJun_ws/ros2_ws/build/zed_tutorial_pos_tracking -- -j32 -l32
[1.509s] [35m[1mScanning dependencies of target zed_tutorial_pos_tracking[0m
[1.536s] [ 50%] [32mBuilding CXX object CMakeFiles/zed_tutorial_pos_tracking.dir/src/zed_tutorial_pos_tracking.cpp.o[0m
[9.181s] [100%] [32m[1mLinking CXX executable zed_tutorial_pos_tracking[0m
[9.289s] [100%] Built target zed_tutorial_pos_tracking
[9.301s] Invoked command in '/home/aiv/YongJun_ws/ros2_ws/build/zed_tutorial_pos_tracking' returned '0': CMAKE_PREFIX_PATH=/opt/ros/foxy /usr/bin/cmake --build /home/aiv/YongJun_ws/ros2_ws/build/zed_tutorial_pos_tracking -- -j32 -l32
[9.337s] Invoking command in '/home/aiv/YongJun_ws/ros2_ws/build/zed_tutorial_pos_tracking': CMAKE_PREFIX_PATH=/opt/ros/foxy /usr/bin/cmake --install /home/aiv/YongJun_ws/ros2_ws/build/zed_tutorial_pos_tracking
[9.350s] -- Install configuration: "Release"
[9.350s] -- Installing: /home/aiv/YongJun_ws/ros2_ws/install/zed_tutorial_pos_tracking/lib/zed_tutorial_pos_tracking/zed_tutorial_pos_tracking
[9.351s] -- Set runtime path of "/home/aiv/YongJun_ws/ros2_ws/install/zed_tutorial_pos_tracking/lib/zed_tutorial_pos_tracking/zed_tutorial_pos_tracking" to ""
[9.351s] -- Installing: /home/aiv/YongJun_ws/ros2_ws/install/zed_tutorial_pos_tracking/share/ament_index/resource_index/package_run_dependencies/zed_tutorial_pos_tracking
[9.351s] -- Installing: /home/aiv/YongJun_ws/ros2_ws/install/zed_tutorial_pos_tracking/share/ament_index/resource_index/parent_prefix_path/zed_tutorial_pos_tracking
[9.351s] -- Installing: /home/aiv/YongJun_ws/ros2_ws/install/zed_tutorial_pos_tracking/share/zed_tutorial_pos_tracking/environment/ament_prefix_path.sh
[9.352s] -- Installing: /home/aiv/YongJun_ws/ros2_ws/install/zed_tutorial_pos_tracking/share/zed_tutorial_pos_tracking/environment/ament_prefix_path.dsv
[9.352s] -- Installing: /home/aiv/YongJun_ws/ros2_ws/install/zed_tutorial_pos_tracking/share/zed_tutorial_pos_tracking/environment/path.sh
[9.352s] -- Installing: /home/aiv/YongJun_ws/ros2_ws/install/zed_tutorial_pos_tracking/share/zed_tutorial_pos_tracking/environment/path.dsv
[9.352s] -- Installing: /home/aiv/YongJun_ws/ros2_ws/install/zed_tutorial_pos_tracking/share/zed_tutorial_pos_tracking/local_setup.bash
[9.353s] -- Installing: /home/aiv/YongJun_ws/ros2_ws/install/zed_tutorial_pos_tracking/share/zed_tutorial_pos_tracking/local_setup.sh
[9.353s] -- Installing: /home/aiv/YongJun_ws/ros2_ws/install/zed_tutorial_pos_tracking/share/zed_tutorial_pos_tracking/local_setup.zsh
[9.353s] -- Installing: /home/aiv/YongJun_ws/ros2_ws/install/zed_tutorial_pos_tracking/share/zed_tutorial_pos_tracking/local_setup.dsv
[9.353s] -- Installing: /home/aiv/YongJun_ws/ros2_ws/install/zed_tutorial_pos_tracking/share/zed_tutorial_pos_tracking/package.dsv
[9.353s] -- Installing: /home/aiv/YongJun_ws/ros2_ws/install/zed_tutorial_pos_tracking/share/ament_index/resource_index/packages/zed_tutorial_pos_tracking
[9.353s] -- Installing: /home/aiv/YongJun_ws/ros2_ws/install/zed_tutorial_pos_tracking/share/zed_tutorial_pos_tracking/cmake/zed_tutorial_pos_trackingConfig.cmake
[9.353s] -- Installing: /home/aiv/YongJun_ws/ros2_ws/install/zed_tutorial_pos_tracking/share/zed_tutorial_pos_tracking/cmake/zed_tutorial_pos_trackingConfig-version.cmake
[9.353s] -- Installing: /home/aiv/YongJun_ws/ros2_ws/install/zed_tutorial_pos_tracking/share/zed_tutorial_pos_tracking/package.xml
[9.356s] Invoked command in '/home/aiv/YongJun_ws/ros2_ws/build/zed_tutorial_pos_tracking' returned '0': CMAKE_PREFIX_PATH=/opt/ros/foxy /usr/bin/cmake --install /home/aiv/YongJun_ws/ros2_ws/build/zed_tutorial_pos_tracking
