[0.013s] Invoking command in '/home/aiv/YongJun_ws/ros2_ws/build/usb_cam': CMAKE_PREFIX_PATH=/opt/ros/foxy /home/aiv/.local/bin/cmake /home/aiv/YongJun_ws/ros2_ws/src/sensor/usb_cam -DAMENT_CMAKE_SYMLINK_INSTALL=1 -DCMAKE_INSTALL_PREFIX=/home/aiv/YongJun_ws/ros2_ws/install/usb_cam
[0.057s] -- The C compiler identification is GNU 9.4.0
[0.090s] -- The CXX compiler identification is GNU 9.4.0
[0.096s] -- Detecting C compiler ABI info
[0.128s] -- Detecting C compiler ABI info - done
[0.134s] -- Check for working C compiler: /usr/bin/cc - skipped
[0.134s] -- Detecting C compile features
[0.134s] -- Detecting C compile features - done
[0.137s] -- Detecting CXX compiler ABI info
[0.175s] -- Detecting CXX compiler ABI info - done
[0.182s] -- Check for working CXX compiler: /usr/bin/c++ - skipped
[0.182s] -- Detecting CXX compile features
[0.183s] -- Detecting CXX compile features - done
[0.184s] -- Found ament_cmake_auto: 0.9.12 (/opt/ros/foxy/share/ament_cmake_auto/cmake)
[0.202s] -- Found PythonInterp: /usr/bin/python3 (found suitable version "3.8.10", minimum required is "3") 
[0.202s] -- Using PYTHON_EXECUTABLE: /usr/bin/python3
[0.333s] -- Override CMake install command with custom implementation using symlinks instead of copying resources
[0.435s] -- Using all available rosidl_typesupport_c: rosidl_typesupport_fastrtps_c;rosidl_typesupport_introspection_c
[0.439s] -- Found rosidl_adapter: 1.3.1 (/opt/ros/foxy/share/rosidl_adapter/cmake)
[0.485s] -- Found OpenSSL: /usr/lib/x86_64-linux-gnu/libcrypto.so (found version "1.1.1f")  
[0.505s] -- Found FastRTPS: /opt/ros/foxy/include  
[0.555s] -- Using all available rosidl_typesupport_cpp: rosidl_typesupport_fastrtps_cpp;rosidl_typesupport_introspection_cpp
[0.593s] -- Found rmw_implementation_cmake: 1.0.4 (/opt/ros/foxy/share/rmw_implementation_cmake/cmake)
[0.594s] -- Using RMW implementation 'rmw_fastrtps_cpp' as default
[0.595s] -- Performing Test CMAKE_HAVE_LIBC_PTHREAD
[0.630s] -- Performing Test CMAKE_HAVE_LIBC_PTHREAD - Failed
[0.630s] -- Looking for pthread_create in pthreads
[0.656s] -- Looking for pthread_create in pthreads - not found
[0.656s] -- Looking for pthread_create in pthread
[0.691s] -- Looking for pthread_create in pthread - found
[0.691s] -- Found Threads: TRUE  
[0.940s] -- Setting yaml-cpp_DIR to: '/opt/ros/foxy/share/yaml_cpp_vendor/cmake/../../../opt/yaml_cpp_vendor/lib/cmake/yaml-cpp'
[1.026s] -- Found OpenCV: /usr (found version "4.2.0") 
[1.029s] -- Found PkgConfig: /usr/bin/pkg-config (found version "0.29.1") 
[1.029s] -- Checking for module 'libavcodec'
[1.038s] --   Found libavcodec, version 58.54.100
[1.060s] -- Checking for module 'libavutil'
[1.068s] --   Found libavutil, version 56.31.100
[1.090s] -- Checking for module 'libswscale'
[1.099s] --   Found libswscale, version 5.5.100
[1.162s] -- Found ament_lint_auto: 0.9.8 (/opt/ros/foxy/share/ament_lint_auto/cmake)
[1.177s] -- Found gtest sources under '/opt/ros/foxy/src/gtest_vendor': C++ tests using 'Google Test' will be built
[1.180s] -- Check if compiler accepts -pthread
[1.216s] -- Check if compiler accepts -pthread - yes
[1.224s] -- Added test 'copyright' to check source files copyright and LICENSE
[1.225s] -- Added test 'cppcheck' to perform static code analysis on C / C++ code
[1.225s] -- Configured cppcheck include dirs: /home/aiv/YongJun_ws/ros2_ws/src/sensor/usb_cam/include
[1.225s] -- Configured cppcheck exclude dirs and/or files: 
[1.227s] -- Added test 'cpplint' to check C / C++ code against the Google style
[1.227s] -- Configured cpplint exclude dirs and/or files: 
[1.228s] -- Added test 'flake8' to check Python code syntax and style conventions
[1.228s] -- Added test 'lint_cmake' to check CMake code style
[1.229s] -- Added test 'pep257' to check Python code against some of the style conventions in PEP 257
[1.230s] -- Added test 'uncrustify' to check C / C++ code style
[1.230s] -- Configured uncrustify additional arguments: 
[1.230s] -- Added test 'xmllint' to check XML markup files
[1.232s] -- Configuring done
[1.255s] -- Generating done
[1.256s] -- Build files have been written to: /home/aiv/YongJun_ws/ros2_ws/build/usb_cam
[1.265s] Invoked command in '/home/aiv/YongJun_ws/ros2_ws/build/usb_cam' returned '0': CMAKE_PREFIX_PATH=/opt/ros/foxy /home/aiv/.local/bin/cmake /home/aiv/YongJun_ws/ros2_ws/src/sensor/usb_cam -DAMENT_CMAKE_SYMLINK_INSTALL=1 -DCMAKE_INSTALL_PREFIX=/home/aiv/YongJun_ws/ros2_ws/install/usb_cam
[1.268s] Invoking command in '/home/aiv/YongJun_ws/ros2_ws/build/usb_cam': CMAKE_PREFIX_PATH=/opt/ros/foxy /home/aiv/.local/bin/cmake --build /home/aiv/YongJun_ws/ros2_ws/build/usb_cam -- -j32 -l32
[1.299s] [  7%] [32mBuilding CXX object CMakeFiles/usb_cam.dir/src/usb_cam.cpp.o[0m
[1.299s] [ 14%] [32mBuilding CXX object gtest/CMakeFiles/gtest_main.dir/src/gtest_main.cc.o[0m
[1.300s] [ 21%] [32mBuilding CXX object CMakeFiles/usb_cam_node_exe.dir/rclcpp_components/node_main_usb_cam_node_exe.cpp.o[0m
[1.300s] [ 28%] [32mBuilding CXX object gtest/CMakeFiles/gtest.dir/src/gtest-all.cc.o[0m
[2.027s] [ 35%] [32m[1mLinking CXX static library libgtest_main.a[0m
[2.044s] [ 35%] Built target gtest_main
[3.037s] [ 42%] [32m[1mLinking CXX executable usb_cam_node_exe[0m
[3.062s] [ 50%] [32m[1mLinking CXX shared library libusb_cam.so[0m
[3.137s] [ 50%] Built target usb_cam_node_exe
[3.275s] [ 50%] Built target usb_cam
[3.285s] [ 57%] [32mBuilding CXX object CMakeFiles/usb_cam_node.dir/src/ros2/usb_cam_node.cpp.o[0m
[4.193s] [ 64%] [32m[1mLinking CXX static library libgtest.a[0m
[4.218s] [ 64%] Built target gtest
[4.225s] [ 71%] [32mBuilding CXX object CMakeFiles/test_usb_cam_utils.dir/test/test_usb_cam_utils.cpp.o[0m
[4.229s] [ 78%] [32mBuilding CXX object CMakeFiles/test_pixel_formats.dir/test/test_pixel_formats.cpp.o[0m
[5.197s] [ 85%] [32m[1mLinking CXX executable test_usb_cam_utils[0m
[5.290s] [ 85%] Built target test_usb_cam_utils
[5.493s] [ 92%] [32m[1mLinking CXX executable test_pixel_formats[0m
[5.580s] [ 92%] Built target test_pixel_formats
[7.178s] [100%] [32m[1mLinking CXX shared library libusb_cam_node.so[0m
[7.400s] [100%] Built target usb_cam_node
[7.405s] Invoked command in '/home/aiv/YongJun_ws/ros2_ws/build/usb_cam' returned '0': CMAKE_PREFIX_PATH=/opt/ros/foxy /home/aiv/.local/bin/cmake --build /home/aiv/YongJun_ws/ros2_ws/build/usb_cam -- -j32 -l32
[7.447s] Invoking command in '/home/aiv/YongJun_ws/ros2_ws/build/usb_cam': CMAKE_PREFIX_PATH=/opt/ros/foxy /home/aiv/.local/bin/cmake --install /home/aiv/YongJun_ws/ros2_ws/build/usb_cam
[7.466s] -- Install configuration: ""
[7.466s] -- Execute custom install script
[7.466s] -- Symlinking: /home/aiv/YongJun_ws/ros2_ws/install/usb_cam/share/usb_cam/environment/library_path.sh
[7.468s] -- Symlinking: /home/aiv/YongJun_ws/ros2_ws/install/usb_cam/share/usb_cam/environment/library_path.dsv
[7.469s] -- Symlinking: /home/aiv/YongJun_ws/ros2_ws/install/usb_cam/lib/usb_cam/usb_cam_node_exe
[7.471s] -- Symlinking: /home/aiv/YongJun_ws/ros2_ws/install/usb_cam/lib/usb_cam/show_image.py
[7.473s] -- Symlinking: /home/aiv/YongJun_ws/ros2_ws/install/usb_cam/lib/libusb_cam.so
[7.474s] -- Symlinking: /home/aiv/YongJun_ws/ros2_ws/install/usb_cam/lib/libusb_cam_node.so
[7.476s] -- Symlinking: /home/aiv/YongJun_ws/ros2_ws/install/usb_cam/include/usb_cam/constants.hpp
[7.477s] -- Symlinking: /home/aiv/YongJun_ws/ros2_ws/install/usb_cam/include/usb_cam/conversions.hpp
[7.478s] -- Symlinking: /home/aiv/YongJun_ws/ros2_ws/install/usb_cam/include/usb_cam/formats/av_pixel_format_helper.hpp
[7.480s] -- Symlinking: /home/aiv/YongJun_ws/ros2_ws/install/usb_cam/include/usb_cam/formats/m420.hpp
[7.481s] -- Symlinking: /home/aiv/YongJun_ws/ros2_ws/install/usb_cam/include/usb_cam/formats/mjpeg.hpp
[7.483s] -- Symlinking: /home/aiv/YongJun_ws/ros2_ws/install/usb_cam/include/usb_cam/formats/mono.hpp
[7.484s] -- Symlinking: /home/aiv/YongJun_ws/ros2_ws/install/usb_cam/include/usb_cam/formats/pixel_format_base.hpp
[7.486s] -- Symlinking: /home/aiv/YongJun_ws/ros2_ws/install/usb_cam/include/usb_cam/formats/rgb.hpp
[7.487s] -- Symlinking: /home/aiv/YongJun_ws/ros2_ws/install/usb_cam/include/usb_cam/formats/utils.hpp
[7.488s] -- Symlinking: /home/aiv/YongJun_ws/ros2_ws/install/usb_cam/include/usb_cam/formats/uyvy.hpp
[7.490s] -- Symlinking: /home/aiv/YongJun_ws/ros2_ws/install/usb_cam/include/usb_cam/formats/yuyv.hpp
[7.491s] -- Symlinking: /home/aiv/YongJun_ws/ros2_ws/install/usb_cam/include/usb_cam/usb_cam.hpp
[7.493s] -- Symlinking: /home/aiv/YongJun_ws/ros2_ws/install/usb_cam/include/usb_cam/usb_cam_node.hpp
[7.494s] -- Symlinking: /home/aiv/YongJun_ws/ros2_ws/install/usb_cam/include/usb_cam/utils.hpp
[7.496s] -- Up-to-date symlink: /home/aiv/YongJun_ws/ros2_ws/install/usb_cam/lib/libusb_cam_node.so
[7.496s] -- Symlinking: /home/aiv/YongJun_ws/ros2_ws/install/usb_cam/share/usb_cam/launch/__init__.py
[7.498s] -- Symlinking: /home/aiv/YongJun_ws/ros2_ws/install/usb_cam/share/usb_cam/launch/__pycache__/camera_config.cpython-38.pyc
[7.499s] -- Symlinking: /home/aiv/YongJun_ws/ros2_ws/install/usb_cam/share/usb_cam/launch/camera.launch.py
[7.501s] -- Symlinking: /home/aiv/YongJun_ws/ros2_ws/install/usb_cam/share/usb_cam/launch/camera_config.py
[7.503s] -- Symlinking: /home/aiv/YongJun_ws/ros2_ws/install/usb_cam/share/usb_cam/config/camera_info.yaml
[7.504s] -- Symlinking: /home/aiv/YongJun_ws/ros2_ws/install/usb_cam/share/usb_cam/config/params_1.yaml
[7.506s] -- Symlinking: /home/aiv/YongJun_ws/ros2_ws/install/usb_cam/share/usb_cam/config/params_2.yaml
[7.507s] -- Symlinking: /home/aiv/YongJun_ws/ros2_ws/install/usb_cam/share/ament_index/resource_index/package_run_dependencies/usb_cam
[7.509s] -- Symlinking: /home/aiv/YongJun_ws/ros2_ws/install/usb_cam/share/ament_index/resource_index/parent_prefix_path/usb_cam
[7.510s] -- Symlinking: /home/aiv/YongJun_ws/ros2_ws/install/usb_cam/share/usb_cam/environment/ament_prefix_path.sh
[7.512s] -- Symlinking: /home/aiv/YongJun_ws/ros2_ws/install/usb_cam/share/usb_cam/environment/ament_prefix_path.dsv
[7.513s] -- Symlinking: /home/aiv/YongJun_ws/ros2_ws/install/usb_cam/share/usb_cam/environment/path.sh
[7.515s] -- Symlinking: /home/aiv/YongJun_ws/ros2_ws/install/usb_cam/share/usb_cam/environment/path.dsv
[7.517s] -- Symlinking: /home/aiv/YongJun_ws/ros2_ws/install/usb_cam/share/usb_cam/local_setup.bash
[7.518s] -- Symlinking: /home/aiv/YongJun_ws/ros2_ws/install/usb_cam/share/usb_cam/local_setup.sh
[7.520s] -- Symlinking: /home/aiv/YongJun_ws/ros2_ws/install/usb_cam/share/usb_cam/local_setup.zsh
[7.521s] -- Symlinking: /home/aiv/YongJun_ws/ros2_ws/install/usb_cam/share/usb_cam/local_setup.dsv
[7.523s] -- Symlinking: /home/aiv/YongJun_ws/ros2_ws/install/usb_cam/share/usb_cam/package.dsv
[7.525s] -- Symlinking: /home/aiv/YongJun_ws/ros2_ws/install/usb_cam/share/ament_index/resource_index/packages/usb_cam
[7.526s] -- Symlinking: /home/aiv/YongJun_ws/ros2_ws/install/usb_cam/share/ament_index/resource_index/rclcpp_components/usb_cam
[7.528s] -- Symlinking: /home/aiv/YongJun_ws/ros2_ws/install/usb_cam/share/usb_cam/cmake/ament_cmake_export_libraries-extras.cmake
[7.529s] -- Symlinking: /home/aiv/YongJun_ws/ros2_ws/install/usb_cam/share/usb_cam/cmake/ament_cmake_export_dependencies-extras.cmake
[7.531s] -- Symlinking: /home/aiv/YongJun_ws/ros2_ws/install/usb_cam/share/usb_cam/cmake/ament_cmake_export_include_directories-extras.cmake
[7.532s] -- Symlinking: /home/aiv/YongJun_ws/ros2_ws/install/usb_cam/share/usb_cam/cmake/usb_camConfig.cmake
[7.534s] -- Symlinking: /home/aiv/YongJun_ws/ros2_ws/install/usb_cam/share/usb_cam/cmake/usb_camConfig-version.cmake
[7.536s] -- Symlinking: /home/aiv/YongJun_ws/ros2_ws/install/usb_cam/share/usb_cam/package.xml
[7.541s] Invoked command in '/home/aiv/YongJun_ws/ros2_ws/build/usb_cam' returned '0': CMAKE_PREFIX_PATH=/opt/ros/foxy /home/aiv/.local/bin/cmake --install /home/aiv/YongJun_ws/ros2_ws/build/usb_cam
