[0.470s] Invoking command in '/home/aiv/YongJun_ws/build/yolov8_ros': PYTHONPATH=/home/aiv/YongJun_ws/build/yolov8_ros/prefix_override:/home/aiv/YongJun_ws/install/yolov8_ros/lib/python3.8/site-packages:${PYTHONPATH} /usr/bin/python3 -W ignore:setup.py install is deprecated setup.py develop --editable --build-directory /home/aiv/YongJun_ws/build/yolov8_ros/build --no-deps symlink_data
[0.613s] running develop
[0.690s] running egg_info
[0.690s] writing yolov8_ros.egg-info/PKG-INFO
[0.690s] writing dependency_links to yolov8_ros.egg-info/dependency_links.txt
[0.690s] writing entry points to yolov8_ros.egg-info/entry_points.txt
[0.690s] writing requirements to yolov8_ros.egg-info/requires.txt
[0.690s] writing top-level names to yolov8_ros.egg-info/top_level.txt
[0.710s] reading manifest file 'yolov8_ros.egg-info/SOURCES.txt'
[0.711s] writing manifest file 'yolov8_ros.egg-info/SOURCES.txt'
[0.729s] running build_ext
[0.730s] Creating /home/aiv/YongJun_ws/install/yolov8_ros/lib/python3.8/site-packages/yolov8-ros.egg-link (link to .)
[0.730s] Installing debug_node script to /home/aiv/YongJun_ws/install/yolov8_ros/lib/yolov8_ros
[0.730s] Installing detect_3d_node script to /home/aiv/YongJun_ws/install/yolov8_ros/lib/yolov8_ros
[0.730s] Installing tracking_node script to /home/aiv/YongJun_ws/install/yolov8_ros/lib/yolov8_ros
[0.730s] Installing yolov8_node script to /home/aiv/YongJun_ws/install/yolov8_ros/lib/yolov8_ros
[0.730s] 
[0.730s] Installed /home/aiv/YongJun_ws/build/yolov8_ros
[0.730s] running symlink_data
[0.746s] Invoked command in '/home/aiv/YongJun_ws/build/yolov8_ros' returned '0': PYTHONPATH=/home/aiv/YongJun_ws/build/yolov8_ros/prefix_override:/home/aiv/YongJun_ws/install/yolov8_ros/lib/python3.8/site-packages:${PYTHONPATH} /usr/bin/python3 -W ignore:setup.py install is deprecated setup.py develop --editable --build-directory /home/aiv/YongJun_ws/build/yolov8_ros/build --no-deps symlink_data
