In file included from [01m[K/home/aiv/YongJun_ws/src/deployedpointpillarmodel/src/MWCNNLayer.cpp:3[m[K:
[01m[K/home/aiv/YongJun_ws/src/deployedpointpillarmodel/include/deployedpointpillarmodel/MWCNNLayer.hpp:[m[K In member function ‘[01m[Kvoid MWCNNLayer::setInPlaceIndex(int, int)[m[K’:
[01m[K/home/aiv/YongJun_ws/src/deployedpointpillarmodel/include/deployedpointpillarmodel/MWCNNLayer.hpp:89:38:[m[K [01;35m[Kwarning: [m[Kvariable ‘[01m[Kit[m[K’ set but not used [[01;35m[K-Wunused-but-set-variable[m[K]
   89 |         std::map<int, int>::iterator [01;35m[Kit[m[K = m_inPlaceIndexMap.find(outIdx);
      |                                      [01;35m[K^~[m[K
In file included from [01m[K/home/aiv/YongJun_ws/src/deployedpointpillarmodel/include/deployedpointpillarmodel/MWBatchNormalizationLayer.hpp:6[m[K,
                 from [01m[K/home/aiv/YongJun_ws/src/deployedpointpillarmodel/src/MWBatchNormalizationLayer.cpp:3[m[K:
[01m[K/home/aiv/YongJun_ws/src/deployedpointpillarmodel/include/deployedpointpillarmodel/MWCNNLayer.hpp:[m[K In member function ‘[01m[Kvoid MWCNNLayer::setInPlaceIndex(int, int)[m[K’:
[01m[K/home/aiv/YongJun_ws/src/deployedpointpillarmodel/include/deployedpointpillarmodel/MWCNNLayer.hpp:89:38:[m[K [01;35m[Kwarning: [m[Kvariable ‘[01m[Kit[m[K’ set but not used [[01;35m[K-Wunused-but-set-variable[m[K]
   89 |         std::map<int, int>::iterator [01;35m[Kit[m[K = m_inPlaceIndexMap.find(outIdx);
      |                                      [01;35m[K^~[m[K
In file included from [01m[K/home/aiv/YongJun_ws/src/deployedpointpillarmodel/include/deployedpointpillarmodel/MWConcatenationLayer.hpp:6[m[K,
                 from [01m[K/home/aiv/YongJun_ws/src/deployedpointpillarmodel/src/MWConcatenationLayer.cpp:3[m[K:
[01m[K/home/aiv/YongJun_ws/src/deployedpointpillarmodel/include/deployedpointpillarmodel/MWCNNLayer.hpp:[m[K In member function ‘[01m[Kvoid MWCNNLayer::setInPlaceIndex(int, int)[m[K’:
[01m[K/home/aiv/YongJun_ws/src/deployedpointpillarmodel/include/deployedpointpillarmodel/MWCNNLayer.hpp:89:38:[m[K [01;35m[Kwarning: [m[Kvariable ‘[01m[Kit[m[K’ set but not used [[01;35m[K-Wunused-but-set-variable[m[K]
   89 |         std::map<int, int>::iterator [01;35m[Kit[m[K = m_inPlaceIndexMap.find(outIdx);
      |                                      [01;35m[K^~[m[K
In file included from [01m[K/home/aiv/YongJun_ws/src/deployedpointpillarmodel/include/deployedpointpillarmodel/MWInputLayer.hpp:6[m[K,
                 from [01m[K/home/aiv/YongJun_ws/src/deployedpointpillarmodel/src/MWInputLayer.cpp:3[m[K:
[01m[K/home/aiv/YongJun_ws/src/deployedpointpillarmodel/include/deployedpointpillarmodel/MWCNNLayer.hpp:[m[K In member function ‘[01m[Kvoid MWCNNLayer::setInPlaceIndex(int, int)[m[K’:
[01m[K/home/aiv/YongJun_ws/src/deployedpointpillarmodel/include/deployedpointpillarmodel/MWCNNLayer.hpp:89:38:[m[K [01;35m[Kwarning: [m[Kvariable ‘[01m[Kit[m[K’ set but not used [[01;35m[K-Wunused-but-set-variable[m[K]
   89 |         std::map<int, int>::iterator [01;35m[Kit[m[K = m_inPlaceIndexMap.find(outIdx);
      |                                      [01;35m[K^~[m[K
In file included from [01m[K/home/aiv/YongJun_ws/src/deployedpointpillarmodel/include/deployedpointpillarmodel/MWFusedConvActivationLayer.hpp:6[m[K,
                 from [01m[K/home/aiv/YongJun_ws/src/deployedpointpillarmodel/src/MWFusedConvActivationLayer.cpp:3[m[K:
[01m[K/home/aiv/YongJun_ws/src/deployedpointpillarmodel/include/deployedpointpillarmodel/MWCNNLayer.hpp:[m[K In member function ‘[01m[Kvoid MWCNNLayer::setInPlaceIndex(int, int)[m[K’:
[01m[K/home/aiv/YongJun_ws/src/deployedpointpillarmodel/include/deployedpointpillarmodel/MWCNNLayer.hpp:89:38:[m[K [01;35m[Kwarning: [m[Kvariable ‘[01m[Kit[m[K’ set but not used [[01;35m[K-Wunused-but-set-variable[m[K]
   89 |         std::map<int, int>::iterator [01;35m[Kit[m[K = m_inPlaceIndexMap.find(outIdx);
      |                                      [01;35m[K^~[m[K
[01m[K/home/aiv/YongJun_ws/src/deployedpointpillarmodel/src/MWCNNLayer.cpp:[m[K In member function ‘[01m[KMWTensorBase* MWCNNLayer::getOutputTensor(size_t)[m[K’:
[01m[K/home/aiv/YongJun_ws/src/deployedpointpillarmodel/src/MWCNNLayer.cpp:145:91:[m[K [01;35m[Kwarning: [m[Ktype qualifiers ignored on cast result type [[01;35m[K-Wignored-qualifiers[m[K]
  145 |     std::map<int, MWTensorBase*>::iterator it = m_output.find(static_cast<const int>(index[01;35m[K)[m[K);
      |                                                                                           [01;35m[K^[m[K
In file included from [01m[K/home/aiv/YongJun_ws/src/deployedpointpillarmodel/include/deployedpointpillarmodel/MWConvLayer.hpp:6[m[K,
                 from [01m[K/home/aiv/YongJun_ws/src/deployedpointpillarmodel/src/MWConvLayer.cpp:3[m[K:
[01m[K/home/aiv/YongJun_ws/src/deployedpointpillarmodel/include/deployedpointpillarmodel/MWCNNLayer.hpp:[m[K In member function ‘[01m[Kvoid MWCNNLayer::setInPlaceIndex(int, int)[m[K’:
[01m[K/home/aiv/YongJun_ws/src/deployedpointpillarmodel/include/deployedpointpillarmodel/MWCNNLayer.hpp:89:38:[m[K [01;35m[Kwarning: [m[Kvariable ‘[01m[Kit[m[K’ set but not used [[01;35m[K-Wunused-but-set-variable[m[K]
   89 |         std::map<int, int>::iterator [01;35m[Kit[m[K = m_inPlaceIndexMap.find(outIdx);
      |                                      [01;35m[K^~[m[K
/home/aiv/YongJun_ws/src/deployedpointpillarmodel/include/deployedpointpillarmodel/MWCNNLayer.hpp: In instantiation of ‘[01m[Kvoid MWCNNLayer::allocateOutputTensor(int, int, int, int, int, T*, const char*, int) [with T = float][m[K’:
[01m[K/home/aiv/YongJun_ws/src/deployedpointpillarmodel/src/MWBatchNormalizationLayer.cpp:32:79:[m[K   required from here
[01m[K/home/aiv/YongJun_ws/src/deployedpointpillarmodel/include/deployedpointpillarmodel/MWCNNLayer.hpp:209:44:[m[K [01;35m[Kwarning: [m[Kvariable ‘[01m[Kit[m[K’ set but not used [[01;35m[K-Wunused-but-set-variable[m[K]
  209 |     std::map<int, MWTensorBase*>::iterator [01;35m[Kit[m[K = m_output.find(index);
      |                                            [01;35m[K^~[m[K
/home/aiv/YongJun_ws/src/deployedpointpillarmodel/include/deployedpointpillarmodel/MWCNNLayer.hpp: In instantiation of ‘[01m[Kvoid MWCNNLayer::allocateOutputTensor(int, int, int, int, int, T*, const char*, int) [with T = float][m[K’:
[01m[K/home/aiv/YongJun_ws/src/deployedpointpillarmodel/src/MWConcatenationLayer.cpp:34:68:[m[K   required from here
[01m[K/home/aiv/YongJun_ws/src/deployedpointpillarmodel/include/deployedpointpillarmodel/MWCNNLayer.hpp:209:44:[m[K [01;35m[Kwarning: [m[Kvariable ‘[01m[Kit[m[K’ set but not used [[01;35m[K-Wunused-but-set-variable[m[K]
  209 |     std::map<int, MWTensorBase*>::iterator [01;35m[Kit[m[K = m_output.find(index);
      |                                            [01;35m[K^~[m[K
In file included from [01m[K/home/aiv/YongJun_ws/src/deployedpointpillarmodel/include/deployedpointpillarmodel/MWSigmoidLayer.hpp:7[m[K,
                 from [01m[K/home/aiv/YongJun_ws/src/deployedpointpillarmodel/src/MWSigmoidLayer.cpp:4[m[K:
[01m[K/home/aiv/YongJun_ws/src/deployedpointpillarmodel/include/deployedpointpillarmodel/MWCNNLayer.hpp:[m[K In member function ‘[01m[Kvoid MWCNNLayer::setInPlaceIndex(int, int)[m[K’:
[01m[K/home/aiv/YongJun_ws/src/deployedpointpillarmodel/include/deployedpointpillarmodel/MWCNNLayer.hpp:89:38:[m[K [01;35m[Kwarning: [m[Kvariable ‘[01m[Kit[m[K’ set but not used [[01;35m[K-Wunused-but-set-variable[m[K]
   89 |         std::map<int, int>::iterator [01;35m[Kit[m[K = m_inPlaceIndexMap.find(outIdx);
      |                                      [01;35m[K^~[m[K
In file included from [01m[K/home/aiv/YongJun_ws/src/deployedpointpillarmodel/include/deployedpointpillarmodel/MWSplittingLayer.hpp:6[m[K,
                 from [01m[K/home/aiv/YongJun_ws/src/deployedpointpillarmodel/src/MWSplittingLayer.cpp:3[m[K:
[01m[K/home/aiv/YongJun_ws/src/deployedpointpillarmodel/include/deployedpointpillarmodel/MWCNNLayer.hpp:[m[K In member function ‘[01m[Kvoid MWCNNLayer::setInPlaceIndex(int, int)[m[K’:
[01m[K/home/aiv/YongJun_ws/src/deployedpointpillarmodel/include/deployedpointpillarmodel/MWCNNLayer.hpp:89:38:[m[K [01;35m[Kwarning: [m[Kvariable ‘[01m[Kit[m[K’ set but not used [[01;35m[K-Wunused-but-set-variable[m[K]
   89 |         std::map<int, int>::iterator [01;35m[Kit[m[K = m_inPlaceIndexMap.find(outIdx);
      |                                      [01;35m[K^~[m[K
/home/aiv/YongJun_ws/src/deployedpointpillarmodel/include/deployedpointpillarmodel/MWCNNLayer.hpp: In instantiation of ‘[01m[Kvoid MWCNNLayer::allocateOutputTensor(int, int, int, int, int, T*, const char*, int) [with T = float][m[K’:
[01m[K/home/aiv/YongJun_ws/src/deployedpointpillarmodel/src/MWInputLayer.cpp:18:68:[m[K   required from here
[01m[K/home/aiv/YongJun_ws/src/deployedpointpillarmodel/include/deployedpointpillarmodel/MWCNNLayer.hpp:209:44:[m[K [01;35m[Kwarning: [m[Kvariable ‘[01m[Kit[m[K’ set but not used [[01;35m[K-Wunused-but-set-variable[m[K]
  209 |     std::map<int, MWTensorBase*>::iterator [01;35m[Kit[m[K = m_output.find(index);
      |                                            [01;35m[K^~[m[K
In file included from [01m[K/home/aiv/YongJun_ws/src/deployedpointpillarmodel/include/deployedpointpillarmodel/MWOutputLayer.hpp:5[m[K,
                 from [01m[K/home/aiv/YongJun_ws/src/deployedpointpillarmodel/src/MWOutputLayer.cpp:3[m[K:
[01m[K/home/aiv/YongJun_ws/src/deployedpointpillarmodel/include/deployedpointpillarmodel/MWCNNLayer.hpp:[m[K In member function ‘[01m[Kvoid MWCNNLayer::setInPlaceIndex(int, int)[m[K’:
[01m[K/home/aiv/YongJun_ws/src/deployedpointpillarmodel/include/deployedpointpillarmodel/MWCNNLayer.hpp:89:38:[m[K [01;35m[Kwarning: [m[Kvariable ‘[01m[Kit[m[K’ set but not used [[01;35m[K-Wunused-but-set-variable[m[K]
   89 |         std::map<int, int>::iterator [01;35m[Kit[m[K = m_inPlaceIndexMap.find(outIdx);
      |                                      [01;35m[K^~[m[K
In file included from [01m[K/home/aiv/YongJun_ws/src/deployedpointpillarmodel/include/deployedpointpillarmodel/MWMaxPoolingLayer.hpp:6[m[K,
                 from [01m[K/home/aiv/YongJun_ws/src/deployedpointpillarmodel/src/MWMaxPoolingLayer.cpp:3[m[K:
[01m[K/home/aiv/YongJun_ws/src/deployedpointpillarmodel/include/deployedpointpillarmodel/MWCNNLayer.hpp:[m[K In member function ‘[01m[Kvoid MWCNNLayer::setInPlaceIndex(int, int)[m[K’:
[01m[K/home/aiv/YongJun_ws/src/deployedpointpillarmodel/include/deployedpointpillarmodel/MWCNNLayer.hpp:89:38:[m[K [01;35m[Kwarning: [m[Kvariable ‘[01m[Kit[m[K’ set but not used [[01;35m[K-Wunused-but-set-variable[m[K]
   89 |         std::map<int, int>::iterator [01;35m[Kit[m[K = m_inPlaceIndexMap.find(outIdx);
      |                                      [01;35m[K^~[m[K
/home/aiv/YongJun_ws/src/deployedpointpillarmodel/include/deployedpointpillarmodel/MWCNNLayer.hpp: In instantiation of ‘[01m[Kvoid MWCNNLayer::allocateOutputTensor(int, int, int, int, int, T*, const char*, int) [with T = float][m[K’:
[01m[K/home/aiv/YongJun_ws/src/deployedpointpillarmodel/src/MWFusedConvActivationLayer.cpp:58:68:[m[K   required from here
[01m[K/home/aiv/YongJun_ws/src/deployedpointpillarmodel/include/deployedpointpillarmodel/MWCNNLayer.hpp:209:44:[m[K [01;35m[Kwarning: [m[Kvariable ‘[01m[Kit[m[K’ set but not used [[01;35m[K-Wunused-but-set-variable[m[K]
  209 |     std::map<int, MWTensorBase*>::iterator [01;35m[Kit[m[K = m_output.find(index);
      |                                            [01;35m[K^~[m[K
In file included from [01m[K/home/aiv/YongJun_ws/src/deployedpointpillarmodel/src/MWCNNLayer.cpp:3[m[K:
/home/aiv/YongJun_ws/src/deployedpointpillarmodel/include/deployedpointpillarmodel/MWCNNLayer.hpp: In instantiation of ‘[01m[Kvoid MWCNNLayer::allocateOutputTensor(int, int, int, int, int, T*, const char*, int) [with T = float][m[K’:
[01m[K/home/aiv/YongJun_ws/src/deployedpointpillarmodel/src/MWCNNLayer.cpp:220:91:[m[K   required from here
[01m[K/home/aiv/YongJun_ws/src/deployedpointpillarmodel/include/deployedpointpillarmodel/MWCNNLayer.hpp:209:44:[m[K [01;35m[Kwarning: [m[Kvariable ‘[01m[Kit[m[K’ set but not used [[01;35m[K-Wunused-but-set-variable[m[K]
  209 |     std::map<int, MWTensorBase*>::iterator [01;35m[Kit[m[K = m_output.find(index);
      |                                            [01;35m[K^~[m[K
/home/aiv/YongJun_ws/src/deployedpointpillarmodel/include/deployedpointpillarmodel/MWCNNLayer.hpp: In instantiation of ‘[01m[Kvoid MWCNNLayer::allocateOutputTensor(int, int, int, int, int, T*, const char*, int) [with T = float][m[K’:
[01m[K/home/aiv/YongJun_ws/src/deployedpointpillarmodel/src/MWConvLayer.cpp:61:70:[m[K   required from here
[01m[K/home/aiv/YongJun_ws/src/deployedpointpillarmodel/include/deployedpointpillarmodel/MWCNNLayer.hpp:209:44:[m[K [01;35m[Kwarning: [m[Kvariable ‘[01m[Kit[m[K’ set but not used [[01;35m[K-Wunused-but-set-variable[m[K]
  209 |     std::map<int, MWTensorBase*>::iterator [01;35m[Kit[m[K = m_output.find(index);
      |                                            [01;35m[K^~[m[K
/home/aiv/YongJun_ws/src/deployedpointpillarmodel/include/deployedpointpillarmodel/MWCNNLayer.hpp: In instantiation of ‘[01m[Kvoid MWCNNLayer::allocateOutputTensor(int, int, int, int, int, T*, const char*, int) [with T = float][m[K’:
[01m[K/home/aiv/YongJun_ws/src/deployedpointpillarmodel/src/MWSigmoidLayer.cpp:22:68:[m[K   required from here
[01m[K/home/aiv/YongJun_ws/src/deployedpointpillarmodel/include/deployedpointpillarmodel/MWCNNLayer.hpp:209:44:[m[K [01;35m[Kwarning: [m[Kvariable ‘[01m[Kit[m[K’ set but not used [[01;35m[K-Wunused-but-set-variable[m[K]
  209 |     std::map<int, MWTensorBase*>::iterator [01;35m[Kit[m[K = m_output.find(index);
      |                                            [01;35m[K^~[m[K
/home/aiv/YongJun_ws/src/deployedpointpillarmodel/include/deployedpointpillarmodel/MWCNNLayer.hpp: In instantiation of ‘[01m[Kvoid MWCNNLayer::allocateOutputTensor(int, int, int, int, int, T*, const char*, int) [with T = float][m[K’:
[01m[K/home/aiv/YongJun_ws/src/deployedpointpillarmodel/src/MWSplittingLayer.cpp:47:79:[m[K   required from here
[01m[K/home/aiv/YongJun_ws/src/deployedpointpillarmodel/include/deployedpointpillarmodel/MWCNNLayer.hpp:209:44:[m[K [01;35m[Kwarning: [m[Kvariable ‘[01m[Kit[m[K’ set but not used [[01;35m[K-Wunused-but-set-variable[m[K]
  209 |     std::map<int, MWTensorBase*>::iterator [01;35m[Kit[m[K = m_output.find(index);
      |                                            [01;35m[K^~[m[K
/home/aiv/YongJun_ws/src/deployedpointpillarmodel/include/deployedpointpillarmodel/MWCNNLayer.hpp: In instantiation of ‘[01m[Kvoid MWCNNLayer::allocateOutputTensor(int, int, int, int, int, T*, const char*, int) [with T = float][m[K’:
[01m[K/home/aiv/YongJun_ws/src/deployedpointpillarmodel/src/MWOutputLayer.cpp:19:68:[m[K   required from here
[01m[K/home/aiv/YongJun_ws/src/deployedpointpillarmodel/include/deployedpointpillarmodel/MWCNNLayer.hpp:209:44:[m[K [01;35m[Kwarning: [m[Kvariable ‘[01m[Kit[m[K’ set but not used [[01;35m[K-Wunused-but-set-variable[m[K]
  209 |     std::map<int, MWTensorBase*>::iterator [01;35m[Kit[m[K = m_output.find(index);
      |                                            [01;35m[K^~[m[K
/home/aiv/YongJun_ws/src/deployedpointpillarmodel/include/deployedpointpillarmodel/MWCNNLayer.hpp: In instantiation of ‘[01m[Kvoid MWCNNLayer::allocateOutputTensor(int, int, int, int, int, T*, const char*, int) [with T = signed char][m[K’:
[01m[K/home/aiv/YongJun_ws/src/deployedpointpillarmodel/src/MWMaxPoolingLayer.cpp:101:13:[m[K   required from ‘[01m[Kvoid MWMaxPoolingLayer::createMaxPoolingLayer(MWTargetNetworkImplBase*, MWTensorBase*, int, int, int, int, int, int, int, int, bool, int, const char*, int, ...) [with T1 = signed char; T2 = signed char][m[K’
[01m[K/home/aiv/YongJun_ws/src/deployedpointpillarmodel/src/MWMaxPoolingLayer.cpp:34:8:[m[K   required from here
[01m[K/home/aiv/YongJun_ws/src/deployedpointpillarmodel/include/deployedpointpillarmodel/MWCNNLayer.hpp:209:44:[m[K [01;35m[Kwarning: [m[Kvariable ‘[01m[Kit[m[K’ set but not used [[01;35m[K-Wunused-but-set-variable[m[K]
  209 |     std::map<int, MWTensorBase*>::iterator [01;35m[Kit[m[K = m_output.find(index);
      |                                            [01;35m[K^~[m[K
/home/aiv/YongJun_ws/src/deployedpointpillarmodel/include/deployedpointpillarmodel/MWCNNLayer.hpp: In instantiation of ‘[01m[Kvoid MWCNNLayer::allocateOutputTensor(int, int, int, int, int, T*, const char*, int) [with T = float][m[K’:
[01m[K/home/aiv/YongJun_ws/src/deployedpointpillarmodel/src/MWMaxPoolingLayer.cpp:101:13:[m[K   required from ‘[01m[Kvoid MWMaxPoolingLayer::createMaxPoolingLayer(MWTargetNetworkImplBase*, MWTensorBase*, int, int, int, int, int, int, int, int, bool, int, const char*, int, ...) [with T1 = float; T2 = float][m[K’
[01m[K/home/aiv/YongJun_ws/src/deployedpointpillarmodel/src/MWMaxPoolingLayer.cpp:50:73:[m[K   required from here
[01m[K/home/aiv/YongJun_ws/src/deployedpointpillarmodel/include/deployedpointpillarmodel/MWCNNLayer.hpp:209:44:[m[K [01;35m[Kwarning: [m[Kvariable ‘[01m[Kit[m[K’ set but not used [[01;35m[K-Wunused-but-set-variable[m[K]
/home/aiv/YongJun_ws/src/deployedpointpillarmodel/src/createPillarsImpl.cpp: In instantiation of ‘[01m[Kvoid createPillarsImpl(T*, T*, const T*, int, int, int, T, T, T, T, T, T, T, T) [with T = double][m[K’:
[01m[K/home/aiv/YongJun_ws/src/deployedpointpillarmodel/src/createPillarsImpl.cpp:109:59:[m[K   required from here
[01m[K/home/aiv/YongJun_ws/src/deployedpointpillarmodel/src/createPillarsImpl.cpp:29:15:[m[K [01;35m[Kwarning: [m[Kunused variable ‘[01m[KXn[m[K’ [[01;35m[K-Wunused-variable[m[K]
   29 |     const int [01;35m[KXn[m[K = (int)std::floor((xMax - xMin) / xStep);
      |               [01;35m[K^~[m[K
[01m[K/home/aiv/YongJun_ws/src/deployedpointpillarmodel/src/createPillarsImpl.cpp:30:15:[m[K [01;35m[Kwarning: [m[Kunused variable ‘[01m[KYn[m[K’ [[01;35m[K-Wunused-variable[m[K]
   30 |     const int [01;35m[KYn[m[K = (int)std::floor((yMax - yMin) / yStep);
      |               [01;35m[K^~[m[K
/home/aiv/YongJun_ws/src/deployedpointpillarmodel/src/createPillarsImpl.cpp: In instantiation of ‘[01m[Kvoid createPillarsImpl(T*, T*, const T*, int, int, int, T, T, T, T, T, T, T, T) [with T = float][m[K’:
[01m[K/home/aiv/YongJun_ws/src/deployedpointpillarmodel/src/createPillarsImpl.cpp:120:59:[m[K   required from here
[01m[K/home/aiv/YongJun_ws/src/deployedpointpillarmodel/src/createPillarsImpl.cpp:29:15:[m[K [01;35m[Kwarning: [m[Kunused variable ‘[01m[KXn[m[K’ [[01;35m[K-Wunused-variable[m[K]
   29 |     const int [01;35m[KXn[m[K = (int)std::floor((xMax - xMin) / xStep);
      |               [01;35m[K^~[m[K
[01m[K/home/aiv/YongJun_ws/src/deployedpointpillarmodel/src/createPillarsImpl.cpp:30:15:[m[K [01;35m[Kwarning: [m[Kunused variable ‘[01m[KYn[m[K’ [[01;35m[K-Wunused-variable[m[K]
   30 |     const int [01;35m[KYn[m[K = (int)std::floor((yMax - yMin) / yStep);
      |               [01;35m[K^~[m[K
[01m[0m[01m/home/aiv/YongJun_ws/src/deployedpointpillarmodel/include/deployedpointpillarmodel/MWSortWithIndexUtility.h(473)[0m: [01;35mwarning[0m #20011-D: calling a __host__ function("[01mvoid  ::thrustSortImplWithIndex<float> (T1 *, double *, int, const int *, int, char, bool)[0m") from a __host__ __device__ function("[01mgpu_thrust_sort_with_index<float> [0m") is not allowed

[01;36m[0m[01;36mRemark[0m: The warnings can be suppressed with "-diag-suppress <warning-number>"

nvlink warning : SM Arch ('sm_52') not found in 'CMakeFiles/deployedPointPillarModel.dir/src/MWCudnnBatchNormalizationLayerImpl.cu.o'
nvlink warning : SM Arch ('sm_52') not found in 'CMakeFiles/deployedPointPillarModel.dir/src/MWCudnnCNNLayerImpl.cu.o'
nvlink warning : SM Arch ('sm_52') not found in 'CMakeFiles/deployedPointPillarModel.dir/src/MWCudnnConcatenationLayerImpl.cu.o'
nvlink warning : SM Arch ('sm_52') not found in 'CMakeFiles/deployedPointPillarModel.dir/src/MWCudnnConvLayerImpl.cu.o'
nvlink warning : SM Arch ('sm_52') not found in 'CMakeFiles/deployedPointPillarModel.dir/src/MWCudnnCustomLayerBase.cu.o'
nvlink warning : SM Arch ('sm_52') not found in 'CMakeFiles/deployedPointPillarModel.dir/src/MWCudnnFusedConvActivationLayerImpl.cu.o'
nvlink warning : SM Arch ('sm_52') not found in 'CMakeFiles/deployedPointPillarModel.dir/src/MWCudnnLayerImplFactory.cu.o'
nvlink warning : SM Arch ('sm_52') not found in 'CMakeFiles/deployedPointPillarModel.dir/src/MWCudnnMaxPoolingLayerImpl.cu.o'
nvlink warning : SM Arch ('sm_52') not found in 'CMakeFiles/deployedPointPillarModel.dir/src/MWCudnnOutputLayerImpl.cu.o'
nvlink warning : SM Arch ('sm_52') not found in 'CMakeFiles/deployedPointPillarModel.dir/src/MWCudnnSigmoidLayerImpl.cu.o'
nvlink warning : SM Arch ('sm_52') not found in 'CMakeFiles/deployedPointPillarModel.dir/src/MWCudnnSplittingLayerImpl.cu.o'
nvlink warning : SM Arch ('sm_52') not found in 'CMakeFiles/deployedPointPillarModel.dir/src/MWCudnnTargetNetworkImpl.cu.o'
nvlink warning : SM Arch ('sm_52') not found in 'CMakeFiles/deployedPointPillarModel.dir/src/PointCloud2Types.cu.o'
nvlink warning : SM Arch ('sm_52') not found in 'CMakeFiles/deployedPointPillarModel.dir/src/PointCloudImpl.cu.o'
nvlink warning : SM Arch ('sm_52') not found in 'CMakeFiles/deployedPointPillarModel.dir/src/Resize2DLayer.cu.o'
nvlink warning : SM Arch ('sm_52') not found in 'CMakeFiles/deployedPointPillarModel.dir/src/SpecialMsgUtil.cu.o'
nvlink warning : SM Arch ('sm_52') not found in 'CMakeFiles/deployedPointPillarModel.dir/src/arrayfun.cu.o'
nvlink warning : SM Arch ('sm_52') not found in 'CMakeFiles/deployedPointPillarModel.dir/src/bbox2poly.cu.o'
nvlink warning : SM Arch ('sm_52') not found in 'CMakeFiles/deployedPointPillarModel.dir/src/builtin_interfaces_TimeStruct.cu.o'
nvlink warning : SM Arch ('sm_52') not found in 'CMakeFiles/deployedPointPillarModel.dir/src/cat.cu.o'
nvlink warning : SM Arch ('sm_52') not found in 'CMakeFiles/deployedPointPillarModel.dir/src/cellstr_sort.cu.o'
nvlink warning : SM Arch ('sm_52') not found in 'CMakeFiles/deployedPointPillarModel.dir/src/cellstr_strtrim.cu.o'
nvlink warning : SM Arch ('sm_52') not found in 'CMakeFiles/deployedPointPillarModel.dir/src/cellstr_unique.cu.o'
nvlink warning : SM Arch ('sm_52') not found in 'CMakeFiles/deployedPointPillarModel.dir/src/colon.cu.o'
nvlink warning : SM Arch ('sm_52') not found in 'CMakeFiles/deployedPointPillarModel.dir/src/cosd.cu.o'
nvlink warning : SM Arch ('sm_52') not found in 'CMakeFiles/deployedPointPillarModel.dir/src/createAnchorMaskPointPillars.cu.o'
nvlink warning : SM Arch ('sm_52') not found in 'CMakeFiles/deployedPointPillarModel.dir/src/createAnchorsPointPillars.cu.o'
nvlink warning : SM Arch ('sm_52') not found in 'CMakeFiles/deployedPointPillarModel.dir/src/deployedPointPillarModel.cu.o'
nvlink warning : SM Arch ('sm_52') not found in 'CMakeFiles/deployedPointPillarModel.dir/src/deployedPointPillarModel_data.cu.o'
nvlink warning : SM Arch ('sm_52') not found in 'CMakeFiles/deployedPointPillarModel.dir/src/deployedPointPillarModel_initialize.cu.o'
nvlink warning : SM Arch ('sm_52') not found in 'CMakeFiles/deployedPointPillarModel.dir/src/deployedPointPillarModel_rtwutil.cu.o'
nvlink warning : SM Arch ('sm_52') not found in 'CMakeFiles/deployedPointPillarModel.dir/src/deployedPointPillarModel_terminate.cu.o'
nvlink warning : SM Arch ('sm_52') not found in 'CMakeFiles/deployedPointPillarModel.dir/src/div.cu.o'
nvlink warning : SM Arch ('sm_52') not found in 'CMakeFiles/deployedPointPillarModel.dir/src/dlnetwork.cu.o'
nvlink warning : SM Arch ('sm_52') not found in 'CMakeFiles/deployedPointPillarModel.dir/src/find.cu.o'
nvlink warning : SM Arch ('sm_52') not found in 'CMakeFiles/deployedPointPillarModel.dir/src/geometry_msgs_PointStruct.cu.o'
nvlink warning : SM Arch ('sm_52') not found in 'CMakeFiles/deployedPointPillarModel.dir/src/geometry_msgs_PoseStruct.cu.o'
nvlink warning : SM Arch ('sm_52') not found in 'CMakeFiles/deployedPointPillarModel.dir/src/geometry_msgs_PoseWithCovarianceStruct.cu.o'
nvlink warning : SM Arch ('sm_52') not found in 'CMakeFiles/deployedPointPillarModel.dir/src/geometry_msgs_QuaternionStruct.cu.o'
nvlink warning : SM Arch ('sm_52') not found in 'CMakeFiles/deployedPointPillarModel.dir/src/geometry_msgs_Vector3Struct.cu.o'
nvlink warning : SM Arch ('sm_52') not found in 'CMakeFiles/deployedPointPillarModel.dir/src/getCategoryNames.cu.o'
nvlink warning : SM Arch ('sm_52') not found in 'CMakeFiles/deployedPointPillarModel.dir/src/getSubsetPoints.cu.o'
nvlink warning : SM Arch ('sm_52') not found in 'CMakeFiles/deployedPointPillarModel.dir/src/heapsort.cu.o'
nvlink warning : SM Arch ('sm_52') not found in 'CMakeFiles/deployedPointPillarModel.dir/src/inpolygon.cu.o'
nvlink warning : SM Arch ('sm_52') not found in 'CMakeFiles/deployedPointPillarModel.dir/src/insertionsort.cu.o'
nvlink warning : SM Arch ('sm_52') not found in 'CMakeFiles/deployedPointPillarModel.dir/src/introsort.cu.o'
nvlink warning : SM Arch ('sm_52') not found in 'CMakeFiles/deployedPointPillarModel.dir/src/ipermute.cu.o'
nvlink warning : SM Arch ('sm_52') not found in 'CMakeFiles/deployedPointPillarModel.dir/src/minOrMax.cu.o'
nvlink warning : SM Arch ('sm_52') not found in 'CMakeFiles/deployedPointPillarModel.dir/src/mtimes.cu.o'
nvlink warning : SM Arch ('sm_52') not found in 'CMakeFiles/deployedPointPillarModel.dir/src/overlapPolygonRotatedRects.cu.o'
nvlink warning : SM Arch ('sm_52') not found in 'CMakeFiles/deployedPointPillarModel.dir/src/pause.cu.o'
nvlink warning : SM Arch ('sm_52') not found in 'CMakeFiles/deployedPointPillarModel.dir/src/permute.cu.o'
nvlink warning : SM Arch ('sm_52') not found in 'CMakeFiles/deployedPointPillarModel.dir/src/pointCloudBase.cu.o'
nvlink warning : SM Arch ('sm_52') not found in 'CMakeFiles/deployedPointPillarModel.dir/src/pointPillarsObjectDetector.cu.o'
nvlink warning : SM Arch ('sm_52') not found in 'CMakeFiles/deployedPointPillarModel.dir/src/predict.cu.o'
nvlink warning : SM Arch ('sm_52') not found in 'CMakeFiles/deployedPointPillarModel.dir/src/repelem.cu.o'
nvlink warning : SM Arch ('sm_52') not found in 'CMakeFiles/deployedPointPillarModel.dir/src/ros2publisher.cu.o'
nvlink warning : SM Arch ('sm_52') not found in 'CMakeFiles/deployedPointPillarModel.dir/src/ros2rate.cu.o'
nvlink warning : SM Arch ('sm_52') not found in 'CMakeFiles/deployedPointPillarModel.dir/src/ros2subscriber.cu.o'
nvlink warning : SM Arch ('sm_52') not found in 'CMakeFiles/deployedPointPillarModel.dir/src/rosReadField.cu.o'
nvlink warning : SM Arch ('sm_52') not found in 'CMakeFiles/deployedPointPillarModel.dir/src/rosReadXYZ.cu.o'
nvlink warning : SM Arch ('sm_52') not found in 'CMakeFiles/deployedPointPillarModel.dir/src/rtGetInf.cu.o'
nvlink warning : SM Arch ('sm_52') not found in 'CMakeFiles/deployedPointPillarModel.dir/src/rtGetNaN.cu.o'
nvlink warning : SM Arch ('sm_52') not found in 'CMakeFiles/deployedPointPillarModel.dir/src/rt_nonfinite.cu.o'
nvlink warning : SM Arch ('sm_52') not found in 'CMakeFiles/deployedPointPillarModel.dir/src/sensor_msgs_PointCloud2Struct.cu.o'
nvlink warning : SM Arch ('sm_52') not found in 'CMakeFiles/deployedPointPillarModel.dir/src/sensor_msgs_PointFieldStruct.cu.o'
nvlink warning : SM Arch ('sm_52') not found in 'CMakeFiles/deployedPointPillarModel.dir/src/setQOSProfile.cu.o'
nvlink warning : SM Arch ('sm_52') not found in 'CMakeFiles/deployedPointPillarModel.dir/src/sind.cu.o'
nvlink warning : SM Arch ('sm_52') not found in 'CMakeFiles/deployedPointPillarModel.dir/src/sort.cu.o'
nvlink warning : SM Arch ('sm_52') not found in 'CMakeFiles/deployedPointPillarModel.dir/src/sortIdx.cu.o'
nvlink warning : SM Arch ('sm_52') not found in 'CMakeFiles/deployedPointPillarModel.dir/src/std_msgs_HeaderStruct.cu.o'
nvlink warning : SM Arch ('sm_52') not found in 'CMakeFiles/deployedPointPillarModel.dir/src/strcmp.cu.o'
nvlink warning : SM Arch ('sm_52') not found in 'CMakeFiles/deployedPointPillarModel.dir/src/vision_msgs_BoundingBox3DStruct.cu.o'
nvlink warning : SM Arch ('sm_52') not found in 'CMakeFiles/deployedPointPillarModel.dir/src/vision_msgs_Detection3DArrayStruct.cu.o'
nvlink warning : SM Arch ('sm_52') not found in 'CMakeFiles/deployedPointPillarModel.dir/src/vision_msgs_Detection3DStruct.cu.o'
nvlink warning : SM Arch ('sm_52') not found in 'CMakeFiles/deployedPointPillarModel.dir/src/vision_msgs_ObjectHypothesisStruct.cu.o'
nvlink warning : SM Arch ('sm_52') not found in 'CMakeFiles/deployedPointPillarModel.dir/src/vision_msgs_ObjectHypothesisWithPoseStruct.cu.o'
