[0.007s] Invoking command in '/home/yong/YongJun_ws/build/yolov8_bringup': AMENT_PREFIX_PATH=/home/yong/YongJun_ws/install/yolov8_ros:${AMENT_PREFIX_PATH} CMAKE_PREFIX_PATH=/opt/ros/foxy PYTHONPATH=/home/yong/YongJun_ws/build/yolov8_ros:/home/yong/YongJun_ws/install/yolov8_ros/lib/python3.8/site-packages:${PYTHONPATH} /usr/bin/cmake --build /home/yong/YongJun_ws/build/yolov8_bringup -- -j8 -l8
[0.032s] Invoked command in '/home/yong/YongJun_ws/build/yolov8_bringup' returned '0': AMENT_PREFIX_PATH=/home/yong/YongJun_ws/install/yolov8_ros:${AMENT_PREFIX_PATH} CMAKE_PREFIX_PATH=/opt/ros/foxy PYTHONPATH=/home/yong/YongJun_ws/build/yolov8_ros:/home/yong/YongJun_ws/install/yolov8_ros/lib/python3.8/site-packages:${PYTHONPATH} /usr/bin/cmake --build /home/yong/YongJun_ws/build/yolov8_bringup -- -j8 -l8
[0.044s] Invoking command in '/home/yong/YongJun_ws/build/yolov8_bringup': AMENT_PREFIX_PATH=/home/yong/YongJun_ws/install/yolov8_ros:${AMENT_PREFIX_PATH} CMAKE_PREFIX_PATH=/opt/ros/foxy PYTHONPATH=/home/yong/YongJun_ws/build/yolov8_ros:/home/yong/YongJun_ws/install/yolov8_ros/lib/python3.8/site-packages:${PYTHONPATH} /usr/bin/cmake --install /home/yong/YongJun_ws/build/yolov8_bringup
[0.051s] -- Install configuration: ""
[0.051s] -- Execute custom install script
[0.051s] -- Up-to-date symlink: /home/yong/YongJun_ws/install/yolov8_bringup/share/yolov8_bringup//launch/yolov8.launch.py
[0.051s] -- Up-to-date symlink: /home/yong/YongJun_ws/install/yolov8_bringup/share/yolov8_bringup//launch/yolov8_3d.launch.py
[0.052s] -- Up-to-date symlink: /home/yong/YongJun_ws/install/yolov8_bringup/share/yolov8_bringup//launch/yolov9.launch.py
[0.052s] -- Up-to-date symlink: /home/yong/YongJun_ws/install/yolov8_bringup/share/ament_index/resource_index/package_run_dependencies/yolov8_bringup
[0.052s] -- Up-to-date symlink: /home/yong/YongJun_ws/install/yolov8_bringup/share/ament_index/resource_index/parent_prefix_path/yolov8_bringup
[0.052s] -- Up-to-date symlink: /home/yong/YongJun_ws/install/yolov8_bringup/share/yolov8_bringup/environment/ament_prefix_path.sh
[0.052s] -- Up-to-date symlink: /home/yong/YongJun_ws/install/yolov8_bringup/share/yolov8_bringup/environment/ament_prefix_path.dsv
[0.052s] -- Up-to-date symlink: /home/yong/YongJun_ws/install/yolov8_bringup/share/yolov8_bringup/environment/path.sh
[0.052s] -- Up-to-date symlink: /home/yong/YongJun_ws/install/yolov8_bringup/share/yolov8_bringup/environment/path.dsv
[0.053s] -- Up-to-date symlink: /home/yong/YongJun_ws/install/yolov8_bringup/share/yolov8_bringup/local_setup.bash
[0.053s] -- Up-to-date symlink: /home/yong/YongJun_ws/install/yolov8_bringup/share/yolov8_bringup/local_setup.sh
[0.053s] -- Up-to-date symlink: /home/yong/YongJun_ws/install/yolov8_bringup/share/yolov8_bringup/local_setup.zsh
[0.053s] -- Up-to-date symlink: /home/yong/YongJun_ws/install/yolov8_bringup/share/yolov8_bringup/local_setup.dsv
[0.054s] -- Symlinking: /home/yong/YongJun_ws/install/yolov8_bringup/share/yolov8_bringup/package.dsv
[0.060s] -- Up-to-date symlink: /home/yong/YongJun_ws/install/yolov8_bringup/share/ament_index/resource_index/packages/yolov8_bringup
[0.060s] -- Up-to-date symlink: /home/yong/YongJun_ws/install/yolov8_bringup/share/yolov8_bringup/cmake/yolov8_bringupConfig.cmake
[0.060s] -- Up-to-date symlink: /home/yong/YongJun_ws/install/yolov8_bringup/share/yolov8_bringup/cmake/yolov8_bringupConfig-version.cmake
[0.060s] -- Up-to-date symlink: /home/yong/YongJun_ws/install/yolov8_bringup/share/yolov8_bringup/package.xml
[0.062s] Invoked command in '/home/yong/YongJun_ws/build/yolov8_bringup' returned '0': AMENT_PREFIX_PATH=/home/yong/YongJun_ws/install/yolov8_ros:${AMENT_PREFIX_PATH} CMAKE_PREFIX_PATH=/opt/ros/foxy PYTHONPATH=/home/yong/YongJun_ws/build/yolov8_ros:/home/yong/YongJun_ws/install/yolov8_ros/lib/python3.8/site-packages:${PYTHONPATH} /usr/bin/cmake --install /home/yong/YongJun_ws/build/yolov8_bringup
