[0.011s] Invoking command in '/home/aiv/YongJun_ws/ros2_ws/build/zed_components': AMENT_PREFIX_PATH=/home/aiv/YongJun_ws/ros2_ws/install/zed_interfaces:${AMENT_PREFIX_PATH} CMAKE_PREFIX_PATH=/home/aiv/YongJun_ws/ros2_ws/install/zed_interfaces:/opt/ros/foxy LD_LIBRARY_PATH=/home/aiv/YongJun_ws/ros2_ws/install/zed_interfaces/lib:/opt/ros/foxy/opt/yaml_cpp_vendor/lib:/opt/ros/foxy/opt/rviz_ogre_vendor/lib:/opt/ros/foxy/lib/x86_64-linux-gnu:/opt/ros/foxy/lib:/usr/local/cuda/lib64 PYTHONPATH=/home/aiv/YongJun_ws/ros2_ws/install/zed_interfaces/lib/python3.8/site-packages:${PYTHONPATH} /usr/bin/cmake --build /home/aiv/YongJun_ws/ros2_ws/build/zed_components -- -j32 -l32
[0.059s] [100%] Built target zed_camera_component
[0.066s] Invoked command in '/home/aiv/YongJun_ws/ros2_ws/build/zed_components' returned '0': AMENT_PREFIX_PATH=/home/aiv/YongJun_ws/ros2_ws/install/zed_interfaces:${AMENT_PREFIX_PATH} CMAKE_PREFIX_PATH=/home/aiv/YongJun_ws/ros2_ws/install/zed_interfaces:/opt/ros/foxy LD_LIBRARY_PATH=/home/aiv/YongJun_ws/ros2_ws/install/zed_interfaces/lib:/opt/ros/foxy/opt/yaml_cpp_vendor/lib:/opt/ros/foxy/opt/rviz_ogre_vendor/lib:/opt/ros/foxy/lib/x86_64-linux-gnu:/opt/ros/foxy/lib:/usr/local/cuda/lib64 PYTHONPATH=/home/aiv/YongJun_ws/ros2_ws/install/zed_interfaces/lib/python3.8/site-packages:${PYTHONPATH} /usr/bin/cmake --build /home/aiv/YongJun_ws/ros2_ws/build/zed_components -- -j32 -l32
[0.086s] Invoking command in '/home/aiv/YongJun_ws/ros2_ws/build/zed_components': AMENT_PREFIX_PATH=/home/aiv/YongJun_ws/ros2_ws/install/zed_interfaces:${AMENT_PREFIX_PATH} CMAKE_PREFIX_PATH=/home/aiv/YongJun_ws/ros2_ws/install/zed_interfaces:/opt/ros/foxy LD_LIBRARY_PATH=/home/aiv/YongJun_ws/ros2_ws/install/zed_interfaces/lib:/opt/ros/foxy/opt/yaml_cpp_vendor/lib:/opt/ros/foxy/opt/rviz_ogre_vendor/lib:/opt/ros/foxy/lib/x86_64-linux-gnu:/opt/ros/foxy/lib:/usr/local/cuda/lib64 PYTHONPATH=/home/aiv/YongJun_ws/ros2_ws/install/zed_interfaces/lib/python3.8/site-packages:${PYTHONPATH} /usr/bin/cmake --install /home/aiv/YongJun_ws/ros2_ws/build/zed_components
[0.091s] -- Install configuration: "Release"
[0.091s] -- Up-to-date: /home/aiv/YongJun_ws/ros2_ws/install/zed_components/lib/libzed_camera_component.so
[0.092s] -- Up-to-date: /home/aiv/YongJun_ws/ros2_ws/install/zed_components/include/zed_components/
[0.092s] -- Up-to-date: /home/aiv/YongJun_ws/ros2_ws/install/zed_components/include/zed_components//cost_traversability.hpp
[0.092s] -- Up-to-date: /home/aiv/YongJun_ws/ros2_ws/install/zed_components/include/zed_components//sl_types.hpp
[0.092s] -- Up-to-date: /home/aiv/YongJun_ws/ros2_ws/install/zed_components/include/zed_components//zed_camera_component.hpp
[0.092s] -- Up-to-date: /home/aiv/YongJun_ws/ros2_ws/install/zed_components/include/zed_components/
[0.092s] -- Up-to-date: /home/aiv/YongJun_ws/ros2_ws/install/zed_components/include/zed_components//sl_win_avg.hpp
[0.092s] -- Up-to-date: /home/aiv/YongJun_ws/ros2_ws/install/zed_components/include/zed_components//gnss_replay.hpp
[0.092s] -- Up-to-date: /home/aiv/YongJun_ws/ros2_ws/install/zed_components/include/zed_components//sl_logging.hpp
[0.092s] -- Up-to-date: /home/aiv/YongJun_ws/ros2_ws/install/zed_components/include/zed_components//sl_tools.hpp
[0.092s] -- Up-to-date: /home/aiv/YongJun_ws/ros2_ws/install/zed_components/include/zed_components//json.hpp
[0.092s] -- Up-to-date: /home/aiv/YongJun_ws/ros2_ws/install/zed_components/include/zed_components/
[0.092s] -- Up-to-date: /home/aiv/YongJun_ws/ros2_ws/install/zed_components/include/zed_components//visibility_control.hpp
[0.092s] -- Up-to-date: /home/aiv/YongJun_ws/ros2_ws/install/zed_components/share/zed_components/environment/library_path.sh
[0.092s] -- Up-to-date: /home/aiv/YongJun_ws/ros2_ws/install/zed_components/share/zed_components/environment/library_path.dsv
[0.092s] -- Up-to-date: /home/aiv/YongJun_ws/ros2_ws/install/zed_components/share/ament_index/resource_index/package_run_dependencies/zed_components
[0.092s] -- Up-to-date: /home/aiv/YongJun_ws/ros2_ws/install/zed_components/share/ament_index/resource_index/parent_prefix_path/zed_components
[0.092s] -- Up-to-date: /home/aiv/YongJun_ws/ros2_ws/install/zed_components/share/zed_components/environment/ament_prefix_path.sh
[0.092s] -- Up-to-date: /home/aiv/YongJun_ws/ros2_ws/install/zed_components/share/zed_components/environment/ament_prefix_path.dsv
[0.092s] -- Up-to-date: /home/aiv/YongJun_ws/ros2_ws/install/zed_components/share/zed_components/environment/path.sh
[0.092s] -- Up-to-date: /home/aiv/YongJun_ws/ros2_ws/install/zed_components/share/zed_components/environment/path.dsv
[0.093s] -- Up-to-date: /home/aiv/YongJun_ws/ros2_ws/install/zed_components/share/zed_components/local_setup.bash
[0.093s] -- Up-to-date: /home/aiv/YongJun_ws/ros2_ws/install/zed_components/share/zed_components/local_setup.sh
[0.093s] -- Up-to-date: /home/aiv/YongJun_ws/ros2_ws/install/zed_components/share/zed_components/local_setup.zsh
[0.093s] -- Up-to-date: /home/aiv/YongJun_ws/ros2_ws/install/zed_components/share/zed_components/local_setup.dsv
[0.093s] -- Installing: /home/aiv/YongJun_ws/ros2_ws/install/zed_components/share/zed_components/package.dsv
[0.093s] -- Up-to-date: /home/aiv/YongJun_ws/ros2_ws/install/zed_components/share/ament_index/resource_index/packages/zed_components
[0.093s] -- Up-to-date: /home/aiv/YongJun_ws/ros2_ws/install/zed_components/share/ament_index/resource_index/rclcpp_components/zed_components
[0.093s] -- Up-to-date: /home/aiv/YongJun_ws/ros2_ws/install/zed_components/share/zed_components/cmake/ament_cmake_export_include_directories-extras.cmake
[0.093s] -- Up-to-date: /home/aiv/YongJun_ws/ros2_ws/install/zed_components/share/zed_components/cmake/ament_cmake_export_libraries-extras.cmake
[0.093s] -- Up-to-date: /home/aiv/YongJun_ws/ros2_ws/install/zed_components/share/zed_components/cmake/ament_cmake_export_dependencies-extras.cmake
[0.093s] -- Up-to-date: /home/aiv/YongJun_ws/ros2_ws/install/zed_components/share/zed_components/cmake/zed_componentsConfig.cmake
[0.093s] -- Up-to-date: /home/aiv/YongJun_ws/ros2_ws/install/zed_components/share/zed_components/cmake/zed_componentsConfig-version.cmake
[0.093s] -- Up-to-date: /home/aiv/YongJun_ws/ros2_ws/install/zed_components/share/zed_components/package.xml
[0.097s] Invoked command in '/home/aiv/YongJun_ws/ros2_ws/build/zed_components' returned '0': AMENT_PREFIX_PATH=/home/aiv/YongJun_ws/ros2_ws/install/zed_interfaces:${AMENT_PREFIX_PATH} CMAKE_PREFIX_PATH=/home/aiv/YongJun_ws/ros2_ws/install/zed_interfaces:/opt/ros/foxy LD_LIBRARY_PATH=/home/aiv/YongJun_ws/ros2_ws/install/zed_interfaces/lib:/opt/ros/foxy/opt/yaml_cpp_vendor/lib:/opt/ros/foxy/opt/rviz_ogre_vendor/lib:/opt/ros/foxy/lib/x86_64-linux-gnu:/opt/ros/foxy/lib:/usr/local/cuda/lib64 PYTHONPATH=/home/aiv/YongJun_ws/ros2_ws/install/zed_interfaces/lib/python3.8/site-packages:${PYTHONPATH} /usr/bin/cmake --install /home/aiv/YongJun_ws/ros2_ws/build/zed_components
