[0.011s] Invoking command in '/home/aiv/YongJun_ws/ros2_ws/build/zed_components': AMENT_PREFIX_PATH=/home/aiv/YongJun_ws/ros2_ws/install/zed_interfaces:${AMENT_PREFIX_PATH} CMAKE_PREFIX_PATH=/home/aiv/YongJun_ws/ros2_ws/install/zed_interfaces:/opt/ros/foxy LD_LIBRARY_PATH=/home/aiv/YongJun_ws/ros2_ws/install/zed_interfaces/lib:/opt/ros/foxy/opt/yaml_cpp_vendor/lib:/opt/ros/foxy/opt/rviz_ogre_vendor/lib:/opt/ros/foxy/lib/x86_64-linux-gnu:/opt/ros/foxy/lib:/usr/local/cuda/lib64 PYTHONPATH=/home/aiv/YongJun_ws/ros2_ws/install/zed_interfaces/lib/python3.8/site-packages:${PYTHONPATH} /usr/bin/cmake /home/aiv/YongJun_ws/ros2_ws/src/zed-ros2-wrapper/zed_components -DCMAKE_INSTALL_PREFIX=/home/aiv/YongJun_ws/ros2_ws/install/zed_components
[0.050s] -- The C compiler identification is GNU 9.4.0
[0.083s] -- The CXX compiler identification is GNU 9.4.0
[0.086s] -- Check for working C compiler: /usr/bin/cc
[0.133s] -- Check for working C compiler: /usr/bin/cc -- works
[0.133s] -- Detecting C compiler ABI info
[0.174s] -- Detecting C compiler ABI info - done
[0.182s] -- Detecting C compile features
[0.182s] -- Detecting C compile features - done
[0.183s] -- Check for working CXX compiler: /usr/bin/c++
[0.231s] -- Check for working CXX compiler: /usr/bin/c++ -- works
[0.232s] -- Detecting CXX compiler ABI info
[0.280s] -- Detecting CXX compiler ABI info - done
[0.288s] -- Detecting CXX compile features
[0.288s] -- Detecting CXX compile features - done
[0.291s] -- Looking for sgemm_
[0.333s] -- Looking for sgemm_ - not found
[0.334s] -- Looking for pthread.h
[0.378s] -- Looking for pthread.h - found
[0.378s] -- Performing Test CMAKE_HAVE_LIBC_PTHREAD
[0.421s] -- Performing Test CMAKE_HAVE_LIBC_PTHREAD - Failed
[0.421s] -- Looking for pthread_create in pthreads
[0.457s] -- Looking for pthread_create in pthreads - not found
[0.457s] -- Looking for pthread_create in pthread
[0.499s] -- Looking for pthread_create in pthread - found
[0.500s] -- Found Threads: TRUE  
[0.515s] -- Looking for sgemm_
[0.580s] -- Looking for sgemm_ - found
[0.580s] -- Found BLAS: /usr/lib/x86_64-linux-gnu/libopenblas.so  
[0.594s] -- Found CUDA: /usr/local/cuda-12.2 (found suitable version "12.2", minimum required is "12") 
[0.686s] -- Found CUDA: /usr/local/cuda-12.2 (found version "12.2") 
[0.688s] -- Found ament_cmake_auto: 0.9.12 (/opt/ros/foxy/share/ament_cmake_auto/cmake)
[0.707s] -- Found PythonInterp: /usr/bin/python3 (found suitable version "3.8.10", minimum required is "3") 
[0.707s] -- Using PYTHON_EXECUTABLE: /usr/bin/python3
[0.905s] -- Using all available rosidl_typesupport_c: rosidl_typesupport_fastrtps_c;rosidl_typesupport_introspection_c
[0.909s] -- Found rosidl_adapter: 1.3.1 (/opt/ros/foxy/share/rosidl_adapter/cmake)
[0.958s] -- Found OpenSSL: /usr/lib/x86_64-linux-gnu/libcrypto.so (found version "1.1.1f")  
[0.975s] -- Found FastRTPS: /opt/ros/foxy/include  
[1.024s] -- Using all available rosidl_typesupport_cpp: rosidl_typesupport_fastrtps_cpp;rosidl_typesupport_introspection_cpp
[1.243s] -- Found rmw_implementation_cmake: 1.0.4 (/opt/ros/foxy/share/rmw_implementation_cmake/cmake)
[1.244s] -- Using RMW implementation 'rmw_fastrtps_cpp' as default
[1.854s] -- Found eigen3_cmake_module: 0.1.1 (/opt/ros/foxy/share/eigen3_cmake_module/cmake)
[1.856s] -- Found Eigen3: TRUE (found version "3.3.7") 
[2.152s] -- Found ament_lint_auto: 0.9.8 (/opt/ros/foxy/share/ament_lint_auto/cmake)
[2.170s] -- Added test 'copyright' to check source files copyright and LICENSE
[2.171s] -- Added test 'cppcheck' to perform static code analysis on C / C++ code
[2.171s] -- Configured cppcheck include dirs: /home/aiv/YongJun_ws/ros2_ws/src/zed-ros2-wrapper/zed_components/src/include;/home/aiv/YongJun_ws/ros2_ws/src/zed-ros2-wrapper/zed_components/src/zed_camera/include;/home/aiv/YongJun_ws/ros2_ws/src/zed-ros2-wrapper/zed_components/src/tools/include
[2.171s] -- Configured cppcheck exclude dirs and/or files: 
[2.171s] -- Added test 'lint_cmake' to check CMake code style
[2.172s] -- Added test 'uncrustify' to check C / C++ code style
[2.172s] -- Configured uncrustify additional arguments: 
[2.173s] -- Added test 'xmllint' to check XML markup files
[2.176s] -- Configuring done
[2.195s] -- Generating done
[2.196s] -- Build files have been written to: /home/aiv/YongJun_ws/ros2_ws/build/zed_components
[2.202s] Invoked command in '/home/aiv/YongJun_ws/ros2_ws/build/zed_components' returned '0': AMENT_PREFIX_PATH=/home/aiv/YongJun_ws/ros2_ws/install/zed_interfaces:${AMENT_PREFIX_PATH} CMAKE_PREFIX_PATH=/home/aiv/YongJun_ws/ros2_ws/install/zed_interfaces:/opt/ros/foxy LD_LIBRARY_PATH=/home/aiv/YongJun_ws/ros2_ws/install/zed_interfaces/lib:/opt/ros/foxy/opt/yaml_cpp_vendor/lib:/opt/ros/foxy/opt/rviz_ogre_vendor/lib:/opt/ros/foxy/lib/x86_64-linux-gnu:/opt/ros/foxy/lib:/usr/local/cuda/lib64 PYTHONPATH=/home/aiv/YongJun_ws/ros2_ws/install/zed_interfaces/lib/python3.8/site-packages:${PYTHONPATH} /usr/bin/cmake /home/aiv/YongJun_ws/ros2_ws/src/zed-ros2-wrapper/zed_components -DCMAKE_INSTALL_PREFIX=/home/aiv/YongJun_ws/ros2_ws/install/zed_components
[2.204s] Invoking command in '/home/aiv/YongJun_ws/ros2_ws/build/zed_components': AMENT_PREFIX_PATH=/home/aiv/YongJun_ws/ros2_ws/install/zed_interfaces:${AMENT_PREFIX_PATH} CMAKE_PREFIX_PATH=/home/aiv/YongJun_ws/ros2_ws/install/zed_interfaces:/opt/ros/foxy LD_LIBRARY_PATH=/home/aiv/YongJun_ws/ros2_ws/install/zed_interfaces/lib:/opt/ros/foxy/opt/yaml_cpp_vendor/lib:/opt/ros/foxy/opt/rviz_ogre_vendor/lib:/opt/ros/foxy/lib/x86_64-linux-gnu:/opt/ros/foxy/lib:/usr/local/cuda/lib64 PYTHONPATH=/home/aiv/YongJun_ws/ros2_ws/install/zed_interfaces/lib/python3.8/site-packages:${PYTHONPATH} /usr/bin/cmake --build /home/aiv/YongJun_ws/ros2_ws/build/zed_components -- -j32 -l32
[2.230s] [35m[1mScanning dependencies of target zed_camera_component[0m
[2.303s] [ 20%] [32mBuilding CXX object CMakeFiles/zed_camera_component.dir/src/tools/src/sl_tools.cpp.o[0m
[2.303s] [ 60%] [32mBuilding CXX object CMakeFiles/zed_camera_component.dir/src/tools/src/gnss_replay.cpp.o[0m
[2.303s] [ 60%] [32mBuilding CXX object CMakeFiles/zed_camera_component.dir/src/tools/src/sl_win_avg.cpp.o[0m
[2.310s] [ 80%] [32mBuilding CXX object CMakeFiles/zed_camera_component.dir/src/zed_camera/src/zed_camera_component.cpp.o[0m
[36.631s] [100%] [32m[1mLinking CXX shared library libzed_camera_component.so[0m
[36.927s] [100%] Built target zed_camera_component
[36.938s] Invoked command in '/home/aiv/YongJun_ws/ros2_ws/build/zed_components' returned '0': AMENT_PREFIX_PATH=/home/aiv/YongJun_ws/ros2_ws/install/zed_interfaces:${AMENT_PREFIX_PATH} CMAKE_PREFIX_PATH=/home/aiv/YongJun_ws/ros2_ws/install/zed_interfaces:/opt/ros/foxy LD_LIBRARY_PATH=/home/aiv/YongJun_ws/ros2_ws/install/zed_interfaces/lib:/opt/ros/foxy/opt/yaml_cpp_vendor/lib:/opt/ros/foxy/opt/rviz_ogre_vendor/lib:/opt/ros/foxy/lib/x86_64-linux-gnu:/opt/ros/foxy/lib:/usr/local/cuda/lib64 PYTHONPATH=/home/aiv/YongJun_ws/ros2_ws/install/zed_interfaces/lib/python3.8/site-packages:${PYTHONPATH} /usr/bin/cmake --build /home/aiv/YongJun_ws/ros2_ws/build/zed_components -- -j32 -l32
[36.962s] Invoking command in '/home/aiv/YongJun_ws/ros2_ws/build/zed_components': AMENT_PREFIX_PATH=/home/aiv/YongJun_ws/ros2_ws/install/zed_interfaces:${AMENT_PREFIX_PATH} CMAKE_PREFIX_PATH=/home/aiv/YongJun_ws/ros2_ws/install/zed_interfaces:/opt/ros/foxy LD_LIBRARY_PATH=/home/aiv/YongJun_ws/ros2_ws/install/zed_interfaces/lib:/opt/ros/foxy/opt/yaml_cpp_vendor/lib:/opt/ros/foxy/opt/rviz_ogre_vendor/lib:/opt/ros/foxy/lib/x86_64-linux-gnu:/opt/ros/foxy/lib:/usr/local/cuda/lib64 PYTHONPATH=/home/aiv/YongJun_ws/ros2_ws/install/zed_interfaces/lib/python3.8/site-packages:${PYTHONPATH} /usr/bin/cmake --install /home/aiv/YongJun_ws/ros2_ws/build/zed_components
[36.970s] -- Install configuration: "Release"
[36.970s] -- Installing: /home/aiv/YongJun_ws/ros2_ws/install/zed_components/lib/libzed_camera_component.so
[36.974s] -- Set runtime path of "/home/aiv/YongJun_ws/ros2_ws/install/zed_components/lib/libzed_camera_component.so" to ""
[36.974s] -- Installing: /home/aiv/YongJun_ws/ros2_ws/install/zed_components/include/zed_components/
[36.974s] -- Installing: /home/aiv/YongJun_ws/ros2_ws/install/zed_components/include/zed_components//cost_traversability.hpp
[36.974s] -- Installing: /home/aiv/YongJun_ws/ros2_ws/install/zed_components/include/zed_components//sl_types.hpp
[36.974s] -- Installing: /home/aiv/YongJun_ws/ros2_ws/install/zed_components/include/zed_components//zed_camera_component.hpp
[36.974s] -- Up-to-date: /home/aiv/YongJun_ws/ros2_ws/install/zed_components/include/zed_components/
[36.974s] -- Installing: /home/aiv/YongJun_ws/ros2_ws/install/zed_components/include/zed_components//sl_win_avg.hpp
[36.974s] -- Installing: /home/aiv/YongJun_ws/ros2_ws/install/zed_components/include/zed_components//gnss_replay.hpp
[36.974s] -- Installing: /home/aiv/YongJun_ws/ros2_ws/install/zed_components/include/zed_components//sl_logging.hpp
[36.974s] -- Installing: /home/aiv/YongJun_ws/ros2_ws/install/zed_components/include/zed_components//sl_tools.hpp
[36.974s] -- Installing: /home/aiv/YongJun_ws/ros2_ws/install/zed_components/include/zed_components//json.hpp
[36.975s] -- Up-to-date: /home/aiv/YongJun_ws/ros2_ws/install/zed_components/include/zed_components/
[36.975s] -- Installing: /home/aiv/YongJun_ws/ros2_ws/install/zed_components/include/zed_components//visibility_control.hpp
[36.975s] -- Installing: /home/aiv/YongJun_ws/ros2_ws/install/zed_components/share/zed_components/environment/library_path.sh
[36.975s] -- Installing: /home/aiv/YongJun_ws/ros2_ws/install/zed_components/share/zed_components/environment/library_path.dsv
[36.975s] -- Installing: /home/aiv/YongJun_ws/ros2_ws/install/zed_components/share/ament_index/resource_index/package_run_dependencies/zed_components
[36.975s] -- Installing: /home/aiv/YongJun_ws/ros2_ws/install/zed_components/share/ament_index/resource_index/parent_prefix_path/zed_components
[36.975s] -- Installing: /home/aiv/YongJun_ws/ros2_ws/install/zed_components/share/zed_components/environment/ament_prefix_path.sh
[36.975s] -- Installing: /home/aiv/YongJun_ws/ros2_ws/install/zed_components/share/zed_components/environment/ament_prefix_path.dsv
[36.975s] -- Installing: /home/aiv/YongJun_ws/ros2_ws/install/zed_components/share/zed_components/environment/path.sh
[36.975s] -- Installing: /home/aiv/YongJun_ws/ros2_ws/install/zed_components/share/zed_components/environment/path.dsv
[36.976s] -- Installing: /home/aiv/YongJun_ws/ros2_ws/install/zed_components/share/zed_components/local_setup.bash
[36.976s] -- Installing: /home/aiv/YongJun_ws/ros2_ws/install/zed_components/share/zed_components/local_setup.sh
[36.976s] -- Installing: /home/aiv/YongJun_ws/ros2_ws/install/zed_components/share/zed_components/local_setup.zsh
[36.976s] -- Installing: /home/aiv/YongJun_ws/ros2_ws/install/zed_components/share/zed_components/local_setup.dsv
[36.976s] -- Installing: /home/aiv/YongJun_ws/ros2_ws/install/zed_components/share/zed_components/package.dsv
[36.976s] -- Installing: /home/aiv/YongJun_ws/ros2_ws/install/zed_components/share/ament_index/resource_index/packages/zed_components
[36.976s] -- Installing: /home/aiv/YongJun_ws/ros2_ws/install/zed_components/share/ament_index/resource_index/rclcpp_components/zed_components
[36.976s] -- Installing: /home/aiv/YongJun_ws/ros2_ws/install/zed_components/share/zed_components/cmake/ament_cmake_export_include_directories-extras.cmake
[36.976s] -- Installing: /home/aiv/YongJun_ws/ros2_ws/install/zed_components/share/zed_components/cmake/ament_cmake_export_libraries-extras.cmake
[36.976s] -- Installing: /home/aiv/YongJun_ws/ros2_ws/install/zed_components/share/zed_components/cmake/ament_cmake_export_dependencies-extras.cmake
[36.976s] -- Installing: /home/aiv/YongJun_ws/ros2_ws/install/zed_components/share/zed_components/cmake/zed_componentsConfig.cmake
[36.976s] -- Installing: /home/aiv/YongJun_ws/ros2_ws/install/zed_components/share/zed_components/cmake/zed_componentsConfig-version.cmake
[36.976s] -- Installing: /home/aiv/YongJun_ws/ros2_ws/install/zed_components/share/zed_components/package.xml
[36.978s] Invoked command in '/home/aiv/YongJun_ws/ros2_ws/build/zed_components' returned '0': AMENT_PREFIX_PATH=/home/aiv/YongJun_ws/ros2_ws/install/zed_interfaces:${AMENT_PREFIX_PATH} CMAKE_PREFIX_PATH=/home/aiv/YongJun_ws/ros2_ws/install/zed_interfaces:/opt/ros/foxy LD_LIBRARY_PATH=/home/aiv/YongJun_ws/ros2_ws/install/zed_interfaces/lib:/opt/ros/foxy/opt/yaml_cpp_vendor/lib:/opt/ros/foxy/opt/rviz_ogre_vendor/lib:/opt/ros/foxy/lib/x86_64-linux-gnu:/opt/ros/foxy/lib:/usr/local/cuda/lib64 PYTHONPATH=/home/aiv/YongJun_ws/ros2_ws/install/zed_interfaces/lib/python3.8/site-packages:${PYTHONPATH} /usr/bin/cmake --install /home/aiv/YongJun_ws/ros2_ws/build/zed_components
