-- Found ament_cmake_auto: 0.9.12 (/opt/ros/foxy/share/ament_cmake_auto/cmake)
-- Found PythonInterp: /usr/bin/python3 (found suitable version "3.8.10", minimum required is "3") 
-- Using PYTHON_EXECUTABLE: /usr/bin/python3
-- Override CMake install command with custom implementation using symlinks instead of copying resources
-- Using all available rosidl_typesupport_c: rosidl_typesupport_fastrtps_c;rosidl_typesupport_introspection_c
-- Found rosidl_adapter: 1.3.1 (/opt/ros/foxy/share/rosidl_adapter/cmake)
-- Using all available rosidl_typesupport_cpp: rosidl_typesupport_fastrtps_cpp;rosidl_typesupport_introspection_cpp
-- Found ament_lint_auto: 0.9.8 (/opt/ros/foxy/share/ament_lint_auto/cmake)
-- Found PythonInterp: /usr/bin/python3 (found version "3.8.10") 
-- Found ament_cmake_ros: 0.9.2 (/opt/ros/foxy/share/ament_cmake_ros/cmake)
-- Using all available rosidl_typesupport_c: rosidl_typesupport_fastrtps_c;rosidl_typesupport_introspection_c
-- Using all available rosidl_typesupport_cpp: rosidl_typesupport_fastrtps_cpp;rosidl_typesupport_introspection_cpp
-- Found PythonInterp: /usr/bin/python3 (found suitable version "3.8.10", minimum required is "3.5") 
-- Found python_cmake_module: 0.8.1 (/opt/ros/foxy/share/python_cmake_module/cmake)
-- Using PYTHON_EXECUTABLE: /usr/bin/python3
-- Using PYTHON_INCLUDE_DIRS: /usr/include/python3.8
-- Using PYTHON_LIBRARIES: /usr/lib/x86_64-linux-gnu/libpython3.8.so
-- Added test 'copyright' to check source files copyright and LICENSE
-- Added test 'lint_cmake' to check CMake code style
-- Added test 'xmllint' to check XML markup files
-- Configuring done
-- Generating done
-- Build files have been written to: /home/aiv/YongJun_ws/ros2_ws/build/zed_interfaces
[ 12%] Built target zed_interfaces__rosidl_generator_c
[ 12%] Built target zed_interfaces__cpp
[ 24%] Built target zed_interfaces__rosidl_typesupport_c
[ 36%] Built target zed_interfaces__rosidl_typesupport_introspection_c
[ 48%] Built target zed_interfaces__rosidl_typesupport_introspection_cpp
[ 60%] Built target zed_interfaces__rosidl_typesupport_cpp
[ 60%] [32m[1mLinking CXX shared library libzed_interfaces__rosidl_typesupport_fastrtps_cpp.so[0m
[ 72%] Built target zed_interfaces__rosidl_typesupport_fastrtps_cpp
[ 72%] [32m[1mLinking CXX shared library libzed_interfaces__rosidl_typesupport_fastrtps_c.so[0m
[ 84%] Built target zed_interfaces__rosidl_typesupport_fastrtps_c
[ 84%] Built target zed_interfaces
[ 85%] Built target zed_interfaces__py
[ 85%] [32m[1mLinking C shared library rosidl_generator_py/zed_interfaces/libzed_interfaces__python.so[0m
[ 96%] Built target zed_interfaces__python
[ 97%] [32m[1mLinking C shared library rosidl_generator_py/zed_interfaces/zed_interfaces_s__rosidl_typesupport_introspection_c.cpython-38-x86_64-linux-gnu.so[0m
[ 97%] [32m[1mLinking CXX shared library rosidl_generator_py/zed_interfaces/zed_interfaces_s__rosidl_typesupport_fastrtps_c.cpython-38-x86_64-linux-gnu.so[0m
[ 97%] [32m[1mLinking C shared library rosidl_generator_py/zed_interfaces/zed_interfaces_s__rosidl_typesupport_c.cpython-38-x86_64-linux-gnu.so[0m
[ 98%] Built target zed_interfaces__rosidl_typesupport_c__pyext
[ 99%] Built target zed_interfaces__rosidl_typesupport_introspection_c__pyext
[100%] Built target zed_interfaces__rosidl_typesupport_fastrtps_c__pyext
-- Install configuration: ""
-- Execute custom install script
-- Symlinking: /home/aiv/YongJun_ws/ros2_ws/install/zed_interfaces/share/ament_index/resource_index/rosidl_interfaces/zed_interfaces
-- Symlinking: /home/aiv/YongJun_ws/ros2_ws/install/zed_interfaces/include/zed_interfaces/msg/bounding_box2_df.h
-- Symlinking: /home/aiv/YongJun_ws/ros2_ws/install/zed_interfaces/include/zed_interfaces/msg/bounding_box2_di.h
-- Symlinking: /home/aiv/YongJun_ws/ros2_ws/install/zed_interfaces/include/zed_interfaces/msg/bounding_box3_d.h
-- Symlinking: /home/aiv/YongJun_ws/ros2_ws/install/zed_interfaces/include/zed_interfaces/msg/depth_info_stamped.h
-- Symlinking: /home/aiv/YongJun_ws/ros2_ws/install/zed_interfaces/include/zed_interfaces/msg/detail/bounding_box2_df__functions.h
-- Symlinking: /home/aiv/YongJun_ws/ros2_ws/install/zed_interfaces/include/zed_interfaces/msg/detail/bounding_box2_df__struct.h
-- Symlinking: /home/aiv/YongJun_ws/ros2_ws/install/zed_interfaces/include/zed_interfaces/msg/detail/bounding_box2_df__type_support.h
-- Symlinking: /home/aiv/YongJun_ws/ros2_ws/install/zed_interfaces/include/zed_interfaces/msg/detail/bounding_box2_di__functions.h
-- Symlinking: /home/aiv/YongJun_ws/ros2_ws/install/zed_interfaces/include/zed_interfaces/msg/detail/bounding_box2_di__struct.h
-- Symlinking: /home/aiv/YongJun_ws/ros2_ws/install/zed_interfaces/include/zed_interfaces/msg/detail/bounding_box2_di__type_support.h
-- Symlinking: /home/aiv/YongJun_ws/ros2_ws/install/zed_interfaces/include/zed_interfaces/msg/detail/bounding_box3_d__functions.h
-- Symlinking: /home/aiv/YongJun_ws/ros2_ws/install/zed_interfaces/include/zed_interfaces/msg/detail/bounding_box3_d__struct.h
-- Symlinking: /home/aiv/YongJun_ws/ros2_ws/install/zed_interfaces/include/zed_interfaces/msg/detail/bounding_box3_d__type_support.h
-- Symlinking: /home/aiv/YongJun_ws/ros2_ws/install/zed_interfaces/include/zed_interfaces/msg/detail/depth_info_stamped__functions.h
-- Symlinking: /home/aiv/YongJun_ws/ros2_ws/install/zed_interfaces/include/zed_interfaces/msg/detail/depth_info_stamped__struct.h
-- Symlinking: /home/aiv/YongJun_ws/ros2_ws/install/zed_interfaces/include/zed_interfaces/msg/detail/depth_info_stamped__type_support.h
-- Symlinking: /home/aiv/YongJun_ws/ros2_ws/install/zed_interfaces/include/zed_interfaces/msg/detail/gnss_fusion_status__functions.h
-- Symlinking: /home/aiv/YongJun_ws/ros2_ws/install/zed_interfaces/include/zed_interfaces/msg/detail/gnss_fusion_status__struct.h
-- Symlinking: /home/aiv/YongJun_ws/ros2_ws/install/zed_interfaces/include/zed_interfaces/msg/detail/gnss_fusion_status__type_support.h
-- Symlinking: /home/aiv/YongJun_ws/ros2_ws/install/zed_interfaces/include/zed_interfaces/msg/detail/heartbeat__functions.h
-- Symlinking: /home/aiv/YongJun_ws/ros2_ws/install/zed_interfaces/include/zed_interfaces/msg/detail/heartbeat__struct.h
-- Symlinking: /home/aiv/YongJun_ws/ros2_ws/install/zed_interfaces/include/zed_interfaces/msg/detail/heartbeat__type_support.h
-- Symlinking: /home/aiv/YongJun_ws/ros2_ws/install/zed_interfaces/include/zed_interfaces/msg/detail/keypoint2_df__functions.h
-- Symlinking: /home/aiv/YongJun_ws/ros2_ws/install/zed_interfaces/include/zed_interfaces/msg/detail/keypoint2_df__struct.h
-- Symlinking: /home/aiv/YongJun_ws/ros2_ws/install/zed_interfaces/include/zed_interfaces/msg/detail/keypoint2_df__type_support.h
-- Symlinking: /home/aiv/YongJun_ws/ros2_ws/install/zed_interfaces/include/zed_interfaces/msg/detail/keypoint2_di__functions.h
-- Symlinking: /home/aiv/YongJun_ws/ros2_ws/install/zed_interfaces/include/zed_interfaces/msg/detail/keypoint2_di__struct.h
-- Symlinking: /home/aiv/YongJun_ws/ros2_ws/install/zed_interfaces/include/zed_interfaces/msg/detail/keypoint2_di__type_support.h
-- Symlinking: /home/aiv/YongJun_ws/ros2_ws/install/zed_interfaces/include/zed_interfaces/msg/detail/keypoint3_d__functions.h
-- Symlinking: /home/aiv/YongJun_ws/ros2_ws/install/zed_interfaces/include/zed_interfaces/msg/detail/keypoint3_d__struct.h
-- Symlinking: /home/aiv/YongJun_ws/ros2_ws/install/zed_interfaces/include/zed_interfaces/msg/detail/keypoint3_d__type_support.h
-- Symlinking: /home/aiv/YongJun_ws/ros2_ws/install/zed_interfaces/include/zed_interfaces/msg/detail/mag_heading_status__functions.h
-- Symlinking: /home/aiv/YongJun_ws/ros2_ws/install/zed_interfaces/include/zed_interfaces/msg/detail/mag_heading_status__struct.h
-- Symlinking: /home/aiv/YongJun_ws/ros2_ws/install/zed_interfaces/include/zed_interfaces/msg/detail/mag_heading_status__type_support.h
-- Symlinking: /home/aiv/YongJun_ws/ros2_ws/install/zed_interfaces/include/zed_interfaces/msg/detail/object__functions.h
-- Symlinking: /home/aiv/YongJun_ws/ros2_ws/install/zed_interfaces/include/zed_interfaces/msg/detail/object__struct.h
-- Symlinking: /home/aiv/YongJun_ws/ros2_ws/install/zed_interfaces/include/zed_interfaces/msg/detail/object__type_support.h
-- Symlinking: /home/aiv/YongJun_ws/ros2_ws/install/zed_interfaces/include/zed_interfaces/msg/detail/objects_stamped__functions.h
-- Symlinking: /home/aiv/YongJun_ws/ros2_ws/install/zed_interfaces/include/zed_interfaces/msg/detail/objects_stamped__struct.h
-- Symlinking: /home/aiv/YongJun_ws/ros2_ws/install/zed_interfaces/include/zed_interfaces/msg/detail/objects_stamped__type_support.h
-- Symlinking: /home/aiv/YongJun_ws/ros2_ws/install/zed_interfaces/include/zed_interfaces/msg/detail/plane_stamped__functions.h
-- Symlinking: /home/aiv/YongJun_ws/ros2_ws/install/zed_interfaces/include/zed_interfaces/msg/detail/plane_stamped__struct.h
-- Symlinking: /home/aiv/YongJun_ws/ros2_ws/install/zed_interfaces/include/zed_interfaces/msg/detail/plane_stamped__type_support.h
-- Symlinking: /home/aiv/YongJun_ws/ros2_ws/install/zed_interfaces/include/zed_interfaces/msg/detail/pos_track_status__functions.h
-- Symlinking: /home/aiv/YongJun_ws/ros2_ws/install/zed_interfaces/include/zed_interfaces/msg/detail/pos_track_status__struct.h
-- Symlinking: /home/aiv/YongJun_ws/ros2_ws/install/zed_interfaces/include/zed_interfaces/msg/detail/pos_track_status__type_support.h
-- Symlinking: /home/aiv/YongJun_ws/ros2_ws/install/zed_interfaces/include/zed_interfaces/msg/detail/skeleton2_d__functions.h
-- Symlinking: /home/aiv/YongJun_ws/ros2_ws/install/zed_interfaces/include/zed_interfaces/msg/detail/skeleton2_d__struct.h
-- Symlinking: /home/aiv/YongJun_ws/ros2_ws/install/zed_interfaces/include/zed_interfaces/msg/detail/skeleton2_d__type_support.h
-- Symlinking: /home/aiv/YongJun_ws/ros2_ws/install/zed_interfaces/include/zed_interfaces/msg/detail/skeleton3_d__functions.h
-- Symlinking: /home/aiv/YongJun_ws/ros2_ws/install/zed_interfaces/include/zed_interfaces/msg/detail/skeleton3_d__struct.h
-- Symlinking: /home/aiv/YongJun_ws/ros2_ws/install/zed_interfaces/include/zed_interfaces/msg/detail/skeleton3_d__type_support.h
-- Symlinking: /home/aiv/YongJun_ws/ros2_ws/install/zed_interfaces/include/zed_interfaces/msg/gnss_fusion_status.h
-- Symlinking: /home/aiv/YongJun_ws/ros2_ws/install/zed_interfaces/include/zed_interfaces/msg/heartbeat.h
-- Symlinking: /home/aiv/YongJun_ws/ros2_ws/install/zed_interfaces/include/zed_interfaces/msg/keypoint2_df.h
-- Symlinking: /home/aiv/YongJun_ws/ros2_ws/install/zed_interfaces/include/zed_interfaces/msg/keypoint2_di.h
-- Symlinking: /home/aiv/YongJun_ws/ros2_ws/install/zed_interfaces/include/zed_interfaces/msg/keypoint3_d.h
-- Symlinking: /home/aiv/YongJun_ws/ros2_ws/install/zed_interfaces/include/zed_interfaces/msg/mag_heading_status.h
-- Symlinking: /home/aiv/YongJun_ws/ros2_ws/install/zed_interfaces/include/zed_interfaces/msg/object.h
-- Symlinking: /home/aiv/YongJun_ws/ros2_ws/install/zed_interfaces/include/zed_interfaces/msg/objects_stamped.h
-- Symlinking: /home/aiv/YongJun_ws/ros2_ws/install/zed_interfaces/include/zed_interfaces/msg/plane_stamped.h
-- Symlinking: /home/aiv/YongJun_ws/ros2_ws/install/zed_interfaces/include/zed_interfaces/msg/pos_track_status.h
-- Symlinking: /home/aiv/YongJun_ws/ros2_ws/install/zed_interfaces/include/zed_interfaces/msg/rosidl_generator_c__visibility_control.h
-- Symlinking: /home/aiv/YongJun_ws/ros2_ws/install/zed_interfaces/include/zed_interfaces/msg/skeleton2_d.h
-- Symlinking: /home/aiv/YongJun_ws/ros2_ws/install/zed_interfaces/include/zed_interfaces/msg/skeleton3_d.h
-- Symlinking: /home/aiv/YongJun_ws/ros2_ws/install/zed_interfaces/include/zed_interfaces/srv/detail/set_pose__functions.h
-- Symlinking: /home/aiv/YongJun_ws/ros2_ws/install/zed_interfaces/include/zed_interfaces/srv/detail/set_pose__struct.h
-- Symlinking: /home/aiv/YongJun_ws/ros2_ws/install/zed_interfaces/include/zed_interfaces/srv/detail/set_pose__type_support.h
-- Symlinking: /home/aiv/YongJun_ws/ros2_ws/install/zed_interfaces/include/zed_interfaces/srv/detail/set_roi__functions.h
-- Symlinking: /home/aiv/YongJun_ws/ros2_ws/install/zed_interfaces/include/zed_interfaces/srv/detail/set_roi__struct.h
-- Symlinking: /home/aiv/YongJun_ws/ros2_ws/install/zed_interfaces/include/zed_interfaces/srv/detail/set_roi__type_support.h
-- Symlinking: /home/aiv/YongJun_ws/ros2_ws/install/zed_interfaces/include/zed_interfaces/srv/detail/start_svo_rec__functions.h
-- Symlinking: /home/aiv/YongJun_ws/ros2_ws/install/zed_interfaces/include/zed_interfaces/srv/detail/start_svo_rec__struct.h
-- Symlinking: /home/aiv/YongJun_ws/ros2_ws/install/zed_interfaces/include/zed_interfaces/srv/detail/start_svo_rec__type_support.h
-- Symlinking: /home/aiv/YongJun_ws/ros2_ws/install/zed_interfaces/include/zed_interfaces/srv/set_pose.h
-- Symlinking: /home/aiv/YongJun_ws/ros2_ws/install/zed_interfaces/include/zed_interfaces/srv/set_roi.h
-- Symlinking: /home/aiv/YongJun_ws/ros2_ws/install/zed_interfaces/include/zed_interfaces/srv/start_svo_rec.h
-- Symlinking: /home/aiv/YongJun_ws/ros2_ws/install/zed_interfaces/share/zed_interfaces/environment/library_path.sh
-- Symlinking: /home/aiv/YongJun_ws/ros2_ws/install/zed_interfaces/share/zed_interfaces/environment/library_path.dsv
-- Symlinking: /home/aiv/YongJun_ws/ros2_ws/install/zed_interfaces/include/zed_interfaces/msg/detail/bounding_box2_df__rosidl_typesupport_fastrtps_c.h
-- Symlinking: /home/aiv/YongJun_ws/ros2_ws/install/zed_interfaces/include/zed_interfaces/msg/detail/bounding_box2_di__rosidl_typesupport_fastrtps_c.h
-- Symlinking: /home/aiv/YongJun_ws/ros2_ws/install/zed_interfaces/include/zed_interfaces/msg/detail/bounding_box3_d__rosidl_typesupport_fastrtps_c.h
-- Symlinking: /home/aiv/YongJun_ws/ros2_ws/install/zed_interfaces/include/zed_interfaces/msg/detail/depth_info_stamped__rosidl_typesupport_fastrtps_c.h
-- Symlinking: /home/aiv/YongJun_ws/ros2_ws/install/zed_interfaces/include/zed_interfaces/msg/detail/gnss_fusion_status__rosidl_typesupport_fastrtps_c.h
-- Symlinking: /home/aiv/YongJun_ws/ros2_ws/install/zed_interfaces/include/zed_interfaces/msg/detail/heartbeat__rosidl_typesupport_fastrtps_c.h
-- Symlinking: /home/aiv/YongJun_ws/ros2_ws/install/zed_interfaces/include/zed_interfaces/msg/detail/keypoint2_df__rosidl_typesupport_fastrtps_c.h
-- Symlinking: /home/aiv/YongJun_ws/ros2_ws/install/zed_interfaces/include/zed_interfaces/msg/detail/keypoint2_di__rosidl_typesupport_fastrtps_c.h
-- Symlinking: /home/aiv/YongJun_ws/ros2_ws/install/zed_interfaces/include/zed_interfaces/msg/detail/keypoint3_d__rosidl_typesupport_fastrtps_c.h
-- Symlinking: /home/aiv/YongJun_ws/ros2_ws/install/zed_interfaces/include/zed_interfaces/msg/detail/mag_heading_status__rosidl_typesupport_fastrtps_c.h
-- Symlinking: /home/aiv/YongJun_ws/ros2_ws/install/zed_interfaces/include/zed_interfaces/msg/detail/object__rosidl_typesupport_fastrtps_c.h
-- Symlinking: /home/aiv/YongJun_ws/ros2_ws/install/zed_interfaces/include/zed_interfaces/msg/detail/objects_stamped__rosidl_typesupport_fastrtps_c.h
-- Symlinking: /home/aiv/YongJun_ws/ros2_ws/install/zed_interfaces/include/zed_interfaces/msg/detail/plane_stamped__rosidl_typesupport_fastrtps_c.h
-- Symlinking: /home/aiv/YongJun_ws/ros2_ws/install/zed_interfaces/include/zed_interfaces/msg/detail/pos_track_status__rosidl_typesupport_fastrtps_c.h
-- Symlinking: /home/aiv/YongJun_ws/ros2_ws/install/zed_interfaces/include/zed_interfaces/msg/detail/skeleton2_d__rosidl_typesupport_fastrtps_c.h
-- Symlinking: /home/aiv/YongJun_ws/ros2_ws/install/zed_interfaces/include/zed_interfaces/msg/detail/skeleton3_d__rosidl_typesupport_fastrtps_c.h
-- Symlinking: /home/aiv/YongJun_ws/ros2_ws/install/zed_interfaces/include/zed_interfaces/msg/rosidl_typesupport_fastrtps_c__visibility_control.h
-- Symlinking: /home/aiv/YongJun_ws/ros2_ws/install/zed_interfaces/include/zed_interfaces/srv/detail/set_pose__rosidl_typesupport_fastrtps_c.h
-- Symlinking: /home/aiv/YongJun_ws/ros2_ws/install/zed_interfaces/include/zed_interfaces/srv/detail/set_roi__rosidl_typesupport_fastrtps_c.h
-- Symlinking: /home/aiv/YongJun_ws/ros2_ws/install/zed_interfaces/include/zed_interfaces/srv/detail/start_svo_rec__rosidl_typesupport_fastrtps_c.h
-- Symlinking: /home/aiv/YongJun_ws/ros2_ws/install/zed_interfaces/lib/libzed_interfaces__rosidl_typesupport_fastrtps_c.so
-- Symlinking: /home/aiv/YongJun_ws/ros2_ws/install/zed_interfaces/include/zed_interfaces/msg/detail/bounding_box2_df__rosidl_typesupport_fastrtps_cpp.hpp
-- Symlinking: /home/aiv/YongJun_ws/ros2_ws/install/zed_interfaces/include/zed_interfaces/msg/detail/bounding_box2_di__rosidl_typesupport_fastrtps_cpp.hpp
-- Symlinking: /home/aiv/YongJun_ws/ros2_ws/install/zed_interfaces/include/zed_interfaces/msg/detail/bounding_box3_d__rosidl_typesupport_fastrtps_cpp.hpp
-- Symlinking: /home/aiv/YongJun_ws/ros2_ws/install/zed_interfaces/include/zed_interfaces/msg/detail/depth_info_stamped__rosidl_typesupport_fastrtps_cpp.hpp
-- Symlinking: /home/aiv/YongJun_ws/ros2_ws/install/zed_interfaces/include/zed_interfaces/msg/detail/gnss_fusion_status__rosidl_typesupport_fastrtps_cpp.hpp
-- Symlinking: /home/aiv/YongJun_ws/ros2_ws/install/zed_interfaces/include/zed_interfaces/msg/detail/heartbeat__rosidl_typesupport_fastrtps_cpp.hpp
-- Symlinking: /home/aiv/YongJun_ws/ros2_ws/install/zed_interfaces/include/zed_interfaces/msg/detail/keypoint2_df__rosidl_typesupport_fastrtps_cpp.hpp
-- Symlinking: /home/aiv/YongJun_ws/ros2_ws/install/zed_interfaces/include/zed_interfaces/msg/detail/keypoint2_di__rosidl_typesupport_fastrtps_cpp.hpp
-- Symlinking: /home/aiv/YongJun_ws/ros2_ws/install/zed_interfaces/include/zed_interfaces/msg/detail/keypoint3_d__rosidl_typesupport_fastrtps_cpp.hpp
-- Symlinking: /home/aiv/YongJun_ws/ros2_ws/install/zed_interfaces/include/zed_interfaces/msg/detail/mag_heading_status__rosidl_typesupport_fastrtps_cpp.hpp
-- Symlinking: /home/aiv/YongJun_ws/ros2_ws/install/zed_interfaces/include/zed_interfaces/msg/detail/object__rosidl_typesupport_fastrtps_cpp.hpp
-- Symlinking: /home/aiv/YongJun_ws/ros2_ws/install/zed_interfaces/include/zed_interfaces/msg/detail/objects_stamped__rosidl_typesupport_fastrtps_cpp.hpp
-- Symlinking: /home/aiv/YongJun_ws/ros2_ws/install/zed_interfaces/include/zed_interfaces/msg/detail/plane_stamped__rosidl_typesupport_fastrtps_cpp.hpp
-- Symlinking: /home/aiv/YongJun_ws/ros2_ws/install/zed_interfaces/include/zed_interfaces/msg/detail/pos_track_status__rosidl_typesupport_fastrtps_cpp.hpp
-- Symlinking: /home/aiv/YongJun_ws/ros2_ws/install/zed_interfaces/include/zed_interfaces/msg/detail/skeleton2_d__rosidl_typesupport_fastrtps_cpp.hpp
-- Symlinking: /home/aiv/YongJun_ws/ros2_ws/install/zed_interfaces/include/zed_interfaces/msg/detail/skeleton3_d__rosidl_typesupport_fastrtps_cpp.hpp
-- Symlinking: /home/aiv/YongJun_ws/ros2_ws/install/zed_interfaces/include/zed_interfaces/msg/rosidl_typesupport_fastrtps_cpp__visibility_control.h
-- Symlinking: /home/aiv/YongJun_ws/ros2_ws/install/zed_interfaces/include/zed_interfaces/srv/detail/set_pose__rosidl_typesupport_fastrtps_cpp.hpp
-- Symlinking: /home/aiv/YongJun_ws/ros2_ws/install/zed_interfaces/include/zed_interfaces/srv/detail/set_roi__rosidl_typesupport_fastrtps_cpp.hpp
-- Symlinking: /home/aiv/YongJun_ws/ros2_ws/install/zed_interfaces/include/zed_interfaces/srv/detail/start_svo_rec__rosidl_typesupport_fastrtps_cpp.hpp
-- Symlinking: /home/aiv/YongJun_ws/ros2_ws/install/zed_interfaces/lib/libzed_interfaces__rosidl_typesupport_fastrtps_cpp.so
-- Symlinking: /home/aiv/YongJun_ws/ros2_ws/install/zed_interfaces/include/zed_interfaces/msg/detail/bounding_box2_df__rosidl_typesupport_introspection_c.h
-- Symlinking: /home/aiv/YongJun_ws/ros2_ws/install/zed_interfaces/include/zed_interfaces/msg/detail/bounding_box2_di__rosidl_typesupport_introspection_c.h
-- Symlinking: /home/aiv/YongJun_ws/ros2_ws/install/zed_interfaces/include/zed_interfaces/msg/detail/bounding_box3_d__rosidl_typesupport_introspection_c.h
-- Symlinking: /home/aiv/YongJun_ws/ros2_ws/install/zed_interfaces/include/zed_interfaces/msg/detail/depth_info_stamped__rosidl_typesupport_introspection_c.h
-- Symlinking: /home/aiv/YongJun_ws/ros2_ws/install/zed_interfaces/include/zed_interfaces/msg/detail/gnss_fusion_status__rosidl_typesupport_introspection_c.h
-- Symlinking: /home/aiv/YongJun_ws/ros2_ws/install/zed_interfaces/include/zed_interfaces/msg/detail/heartbeat__rosidl_typesupport_introspection_c.h
-- Symlinking: /home/aiv/YongJun_ws/ros2_ws/install/zed_interfaces/include/zed_interfaces/msg/detail/keypoint2_df__rosidl_typesupport_introspection_c.h
-- Symlinking: /home/aiv/YongJun_ws/ros2_ws/install/zed_interfaces/include/zed_interfaces/msg/detail/keypoint2_di__rosidl_typesupport_introspection_c.h
-- Symlinking: /home/aiv/YongJun_ws/ros2_ws/install/zed_interfaces/include/zed_interfaces/msg/detail/keypoint3_d__rosidl_typesupport_introspection_c.h
-- Symlinking: /home/aiv/YongJun_ws/ros2_ws/install/zed_interfaces/include/zed_interfaces/msg/detail/mag_heading_status__rosidl_typesupport_introspection_c.h
-- Symlinking: /home/aiv/YongJun_ws/ros2_ws/install/zed_interfaces/include/zed_interfaces/msg/detail/object__rosidl_typesupport_introspection_c.h
-- Symlinking: /home/aiv/YongJun_ws/ros2_ws/install/zed_interfaces/include/zed_interfaces/msg/detail/objects_stamped__rosidl_typesupport_introspection_c.h
-- Symlinking: /home/aiv/YongJun_ws/ros2_ws/install/zed_interfaces/include/zed_interfaces/msg/detail/plane_stamped__rosidl_typesupport_introspection_c.h
-- Symlinking: /home/aiv/YongJun_ws/ros2_ws/install/zed_interfaces/include/zed_interfaces/msg/detail/pos_track_status__rosidl_typesupport_introspection_c.h
-- Symlinking: /home/aiv/YongJun_ws/ros2_ws/install/zed_interfaces/include/zed_interfaces/msg/detail/skeleton2_d__rosidl_typesupport_introspection_c.h
-- Symlinking: /home/aiv/YongJun_ws/ros2_ws/install/zed_interfaces/include/zed_interfaces/msg/detail/skeleton3_d__rosidl_typesupport_introspection_c.h
-- Symlinking: /home/aiv/YongJun_ws/ros2_ws/install/zed_interfaces/include/zed_interfaces/msg/rosidl_typesupport_introspection_c__visibility_control.h
-- Symlinking: /home/aiv/YongJun_ws/ros2_ws/install/zed_interfaces/include/zed_interfaces/srv/detail/set_pose__rosidl_typesupport_introspection_c.h
-- Symlinking: /home/aiv/YongJun_ws/ros2_ws/install/zed_interfaces/include/zed_interfaces/srv/detail/set_roi__rosidl_typesupport_introspection_c.h
-- Symlinking: /home/aiv/YongJun_ws/ros2_ws/install/zed_interfaces/include/zed_interfaces/srv/detail/start_svo_rec__rosidl_typesupport_introspection_c.h
-- Symlinking: /home/aiv/YongJun_ws/ros2_ws/install/zed_interfaces/include/zed_interfaces/msg/bounding_box2_df.hpp
-- Symlinking: /home/aiv/YongJun_ws/ros2_ws/install/zed_interfaces/include/zed_interfaces/msg/bounding_box2_di.hpp
-- Symlinking: /home/aiv/YongJun_ws/ros2_ws/install/zed_interfaces/include/zed_interfaces/msg/bounding_box3_d.hpp
-- Symlinking: /home/aiv/YongJun_ws/ros2_ws/install/zed_interfaces/include/zed_interfaces/msg/depth_info_stamped.hpp
-- Symlinking: /home/aiv/YongJun_ws/ros2_ws/install/zed_interfaces/include/zed_interfaces/msg/detail/bounding_box2_df__builder.hpp
-- Symlinking: /home/aiv/YongJun_ws/ros2_ws/install/zed_interfaces/include/zed_interfaces/msg/detail/bounding_box2_df__struct.hpp
-- Symlinking: /home/aiv/YongJun_ws/ros2_ws/install/zed_interfaces/include/zed_interfaces/msg/detail/bounding_box2_df__traits.hpp
-- Symlinking: /home/aiv/YongJun_ws/ros2_ws/install/zed_interfaces/include/zed_interfaces/msg/detail/bounding_box2_df__type_support.hpp
-- Symlinking: /home/aiv/YongJun_ws/ros2_ws/install/zed_interfaces/include/zed_interfaces/msg/detail/bounding_box2_di__builder.hpp
-- Symlinking: /home/aiv/YongJun_ws/ros2_ws/install/zed_interfaces/include/zed_interfaces/msg/detail/bounding_box2_di__struct.hpp
-- Symlinking: /home/aiv/YongJun_ws/ros2_ws/install/zed_interfaces/include/zed_interfaces/msg/detail/bounding_box2_di__traits.hpp
-- Symlinking: /home/aiv/YongJun_ws/ros2_ws/install/zed_interfaces/include/zed_interfaces/msg/detail/bounding_box2_di__type_support.hpp
-- Symlinking: /home/aiv/YongJun_ws/ros2_ws/install/zed_interfaces/include/zed_interfaces/msg/detail/bounding_box3_d__builder.hpp
-- Symlinking: /home/aiv/YongJun_ws/ros2_ws/install/zed_interfaces/include/zed_interfaces/msg/detail/bounding_box3_d__struct.hpp
-- Symlinking: /home/aiv/YongJun_ws/ros2_ws/install/zed_interfaces/include/zed_interfaces/msg/detail/bounding_box3_d__traits.hpp
-- Symlinking: /home/aiv/YongJun_ws/ros2_ws/install/zed_interfaces/include/zed_interfaces/msg/detail/bounding_box3_d__type_support.hpp
-- Symlinking: /home/aiv/YongJun_ws/ros2_ws/install/zed_interfaces/include/zed_interfaces/msg/detail/depth_info_stamped__builder.hpp
-- Symlinking: /home/aiv/YongJun_ws/ros2_ws/install/zed_interfaces/include/zed_interfaces/msg/detail/depth_info_stamped__struct.hpp
-- Symlinking: /home/aiv/YongJun_ws/ros2_ws/install/zed_interfaces/include/zed_interfaces/msg/detail/depth_info_stamped__traits.hpp
-- Symlinking: /home/aiv/YongJun_ws/ros2_ws/install/zed_interfaces/include/zed_interfaces/msg/detail/depth_info_stamped__type_support.hpp
-- Symlinking: /home/aiv/YongJun_ws/ros2_ws/install/zed_interfaces/include/zed_interfaces/msg/detail/gnss_fusion_status__builder.hpp
-- Symlinking: /home/aiv/YongJun_ws/ros2_ws/install/zed_interfaces/include/zed_interfaces/msg/detail/gnss_fusion_status__struct.hpp
-- Symlinking: /home/aiv/YongJun_ws/ros2_ws/install/zed_interfaces/include/zed_interfaces/msg/detail/gnss_fusion_status__traits.hpp
-- Symlinking: /home/aiv/YongJun_ws/ros2_ws/install/zed_interfaces/include/zed_interfaces/msg/detail/gnss_fusion_status__type_support.hpp
-- Symlinking: /home/aiv/YongJun_ws/ros2_ws/install/zed_interfaces/include/zed_interfaces/msg/detail/heartbeat__builder.hpp
-- Symlinking: /home/aiv/YongJun_ws/ros2_ws/install/zed_interfaces/include/zed_interfaces/msg/detail/heartbeat__struct.hpp
-- Symlinking: /home/aiv/YongJun_ws/ros2_ws/install/zed_interfaces/include/zed_interfaces/msg/detail/heartbeat__traits.hpp
-- Symlinking: /home/aiv/YongJun_ws/ros2_ws/install/zed_interfaces/include/zed_interfaces/msg/detail/heartbeat__type_support.hpp
-- Symlinking: /home/aiv/YongJun_ws/ros2_ws/install/zed_interfaces/include/zed_interfaces/msg/detail/keypoint2_df__builder.hpp
-- Symlinking: /home/aiv/YongJun_ws/ros2_ws/install/zed_interfaces/include/zed_interfaces/msg/detail/keypoint2_df__struct.hpp
-- Symlinking: /home/aiv/YongJun_ws/ros2_ws/install/zed_interfaces/include/zed_interfaces/msg/detail/keypoint2_df__traits.hpp
-- Symlinking: /home/aiv/YongJun_ws/ros2_ws/install/zed_interfaces/include/zed_interfaces/msg/detail/keypoint2_df__type_support.hpp
-- Symlinking: /home/aiv/YongJun_ws/ros2_ws/install/zed_interfaces/include/zed_interfaces/msg/detail/keypoint2_di__builder.hpp
-- Symlinking: /home/aiv/YongJun_ws/ros2_ws/install/zed_interfaces/include/zed_interfaces/msg/detail/keypoint2_di__struct.hpp
-- Symlinking: /home/aiv/YongJun_ws/ros2_ws/install/zed_interfaces/include/zed_interfaces/msg/detail/keypoint2_di__traits.hpp
-- Symlinking: /home/aiv/YongJun_ws/ros2_ws/install/zed_interfaces/include/zed_interfaces/msg/detail/keypoint2_di__type_support.hpp
-- Symlinking: /home/aiv/YongJun_ws/ros2_ws/install/zed_interfaces/include/zed_interfaces/msg/detail/keypoint3_d__builder.hpp
-- Symlinking: /home/aiv/YongJun_ws/ros2_ws/install/zed_interfaces/include/zed_interfaces/msg/detail/keypoint3_d__struct.hpp
-- Symlinking: /home/aiv/YongJun_ws/ros2_ws/install/zed_interfaces/include/zed_interfaces/msg/detail/keypoint3_d__traits.hpp
-- Symlinking: /home/aiv/YongJun_ws/ros2_ws/install/zed_interfaces/include/zed_interfaces/msg/detail/keypoint3_d__type_support.hpp
-- Symlinking: /home/aiv/YongJun_ws/ros2_ws/install/zed_interfaces/include/zed_interfaces/msg/detail/mag_heading_status__builder.hpp
-- Symlinking: /home/aiv/YongJun_ws/ros2_ws/install/zed_interfaces/include/zed_interfaces/msg/detail/mag_heading_status__struct.hpp
-- Symlinking: /home/aiv/YongJun_ws/ros2_ws/install/zed_interfaces/include/zed_interfaces/msg/detail/mag_heading_status__traits.hpp
-- Symlinking: /home/aiv/YongJun_ws/ros2_ws/install/zed_interfaces/include/zed_interfaces/msg/detail/mag_heading_status__type_support.hpp
-- Symlinking: /home/aiv/YongJun_ws/ros2_ws/install/zed_interfaces/include/zed_interfaces/msg/detail/object__builder.hpp
-- Symlinking: /home/aiv/YongJun_ws/ros2_ws/install/zed_interfaces/include/zed_interfaces/msg/detail/object__struct.hpp
-- Symlinking: /home/aiv/YongJun_ws/ros2_ws/install/zed_interfaces/include/zed_interfaces/msg/detail/object__traits.hpp
-- Symlinking: /home/aiv/YongJun_ws/ros2_ws/install/zed_interfaces/include/zed_interfaces/msg/detail/object__type_support.hpp
-- Symlinking: /home/aiv/YongJun_ws/ros2_ws/install/zed_interfaces/include/zed_interfaces/msg/detail/objects_stamped__builder.hpp
-- Symlinking: /home/aiv/YongJun_ws/ros2_ws/install/zed_interfaces/include/zed_interfaces/msg/detail/objects_stamped__struct.hpp
-- Symlinking: /home/aiv/YongJun_ws/ros2_ws/install/zed_interfaces/include/zed_interfaces/msg/detail/objects_stamped__traits.hpp
-- Symlinking: /home/aiv/YongJun_ws/ros2_ws/install/zed_interfaces/include/zed_interfaces/msg/detail/objects_stamped__type_support.hpp
-- Symlinking: /home/aiv/YongJun_ws/ros2_ws/install/zed_interfaces/include/zed_interfaces/msg/detail/plane_stamped__builder.hpp
-- Symlinking: /home/aiv/YongJun_ws/ros2_ws/install/zed_interfaces/include/zed_interfaces/msg/detail/plane_stamped__struct.hpp
-- Symlinking: /home/aiv/YongJun_ws/ros2_ws/install/zed_interfaces/include/zed_interfaces/msg/detail/plane_stamped__traits.hpp
-- Symlinking: /home/aiv/YongJun_ws/ros2_ws/install/zed_interfaces/include/zed_interfaces/msg/detail/plane_stamped__type_support.hpp
-- Symlinking: /home/aiv/YongJun_ws/ros2_ws/install/zed_interfaces/include/zed_interfaces/msg/detail/pos_track_status__builder.hpp
-- Symlinking: /home/aiv/YongJun_ws/ros2_ws/install/zed_interfaces/include/zed_interfaces/msg/detail/pos_track_status__struct.hpp
-- Symlinking: /home/aiv/YongJun_ws/ros2_ws/install/zed_interfaces/include/zed_interfaces/msg/detail/pos_track_status__traits.hpp
-- Symlinking: /home/aiv/YongJun_ws/ros2_ws/install/zed_interfaces/include/zed_interfaces/msg/detail/pos_track_status__type_support.hpp
-- Symlinking: /home/aiv/YongJun_ws/ros2_ws/install/zed_interfaces/include/zed_interfaces/msg/detail/skeleton2_d__builder.hpp
-- Symlinking: /home/aiv/YongJun_ws/ros2_ws/install/zed_interfaces/include/zed_interfaces/msg/detail/skeleton2_d__struct.hpp
-- Symlinking: /home/aiv/YongJun_ws/ros2_ws/install/zed_interfaces/include/zed_interfaces/msg/detail/skeleton2_d__traits.hpp
-- Symlinking: /home/aiv/YongJun_ws/ros2_ws/install/zed_interfaces/include/zed_interfaces/msg/detail/skeleton2_d__type_support.hpp
-- Symlinking: /home/aiv/YongJun_ws/ros2_ws/install/zed_interfaces/include/zed_interfaces/msg/detail/skeleton3_d__builder.hpp
-- Symlinking: /home/aiv/YongJun_ws/ros2_ws/install/zed_interfaces/include/zed_interfaces/msg/detail/skeleton3_d__struct.hpp
-- Symlinking: /home/aiv/YongJun_ws/ros2_ws/install/zed_interfaces/include/zed_interfaces/msg/detail/skeleton3_d__traits.hpp
-- Symlinking: /home/aiv/YongJun_ws/ros2_ws/install/zed_interfaces/include/zed_interfaces/msg/detail/skeleton3_d__type_support.hpp
-- Symlinking: /home/aiv/YongJun_ws/ros2_ws/install/zed_interfaces/include/zed_interfaces/msg/gnss_fusion_status.hpp
-- Symlinking: /home/aiv/YongJun_ws/ros2_ws/install/zed_interfaces/include/zed_interfaces/msg/heartbeat.hpp
-- Symlinking: /home/aiv/YongJun_ws/ros2_ws/install/zed_interfaces/include/zed_interfaces/msg/keypoint2_df.hpp
-- Symlinking: /home/aiv/YongJun_ws/ros2_ws/install/zed_interfaces/include/zed_interfaces/msg/keypoint2_di.hpp
-- Symlinking: /home/aiv/YongJun_ws/ros2_ws/install/zed_interfaces/include/zed_interfaces/msg/keypoint3_d.hpp
-- Symlinking: /home/aiv/YongJun_ws/ros2_ws/install/zed_interfaces/include/zed_interfaces/msg/mag_heading_status.hpp
-- Symlinking: /home/aiv/YongJun_ws/ros2_ws/install/zed_interfaces/include/zed_interfaces/msg/object.hpp
-- Symlinking: /home/aiv/YongJun_ws/ros2_ws/install/zed_interfaces/include/zed_interfaces/msg/objects_stamped.hpp
-- Symlinking: /home/aiv/YongJun_ws/ros2_ws/install/zed_interfaces/include/zed_interfaces/msg/plane_stamped.hpp
-- Symlinking: /home/aiv/YongJun_ws/ros2_ws/install/zed_interfaces/include/zed_interfaces/msg/pos_track_status.hpp
-- Symlinking: /home/aiv/YongJun_ws/ros2_ws/install/zed_interfaces/include/zed_interfaces/msg/rosidl_generator_cpp__visibility_control.hpp
-- Symlinking: /home/aiv/YongJun_ws/ros2_ws/install/zed_interfaces/include/zed_interfaces/msg/skeleton2_d.hpp
-- Symlinking: /home/aiv/YongJun_ws/ros2_ws/install/zed_interfaces/include/zed_interfaces/msg/skeleton3_d.hpp
-- Symlinking: /home/aiv/YongJun_ws/ros2_ws/install/zed_interfaces/include/zed_interfaces/srv/detail/set_pose__builder.hpp
-- Symlinking: /home/aiv/YongJun_ws/ros2_ws/install/zed_interfaces/include/zed_interfaces/srv/detail/set_pose__struct.hpp
-- Symlinking: /home/aiv/YongJun_ws/ros2_ws/install/zed_interfaces/include/zed_interfaces/srv/detail/set_pose__traits.hpp
-- Symlinking: /home/aiv/YongJun_ws/ros2_ws/install/zed_interfaces/include/zed_interfaces/srv/detail/set_pose__type_support.hpp
-- Symlinking: /home/aiv/YongJun_ws/ros2_ws/install/zed_interfaces/include/zed_interfaces/srv/detail/set_roi__builder.hpp
-- Symlinking: /home/aiv/YongJun_ws/ros2_ws/install/zed_interfaces/include/zed_interfaces/srv/detail/set_roi__struct.hpp
-- Symlinking: /home/aiv/YongJun_ws/ros2_ws/install/zed_interfaces/include/zed_interfaces/srv/detail/set_roi__traits.hpp
-- Symlinking: /home/aiv/YongJun_ws/ros2_ws/install/zed_interfaces/include/zed_interfaces/srv/detail/set_roi__type_support.hpp
-- Symlinking: /home/aiv/YongJun_ws/ros2_ws/install/zed_interfaces/include/zed_interfaces/srv/detail/start_svo_rec__builder.hpp
-- Symlinking: /home/aiv/YongJun_ws/ros2_ws/install/zed_interfaces/include/zed_interfaces/srv/detail/start_svo_rec__struct.hpp
-- Symlinking: /home/aiv/YongJun_ws/ros2_ws/install/zed_interfaces/include/zed_interfaces/srv/detail/start_svo_rec__traits.hpp
-- Symlinking: /home/aiv/YongJun_ws/ros2_ws/install/zed_interfaces/include/zed_interfaces/srv/detail/start_svo_rec__type_support.hpp
-- Symlinking: /home/aiv/YongJun_ws/ros2_ws/install/zed_interfaces/include/zed_interfaces/srv/set_pose.hpp
-- Symlinking: /home/aiv/YongJun_ws/ros2_ws/install/zed_interfaces/include/zed_interfaces/srv/set_roi.hpp
-- Symlinking: /home/aiv/YongJun_ws/ros2_ws/install/zed_interfaces/include/zed_interfaces/srv/start_svo_rec.hpp
-- Symlinking: /home/aiv/YongJun_ws/ros2_ws/install/zed_interfaces/include/zed_interfaces/msg/detail/bounding_box2_df__rosidl_typesupport_introspection_cpp.hpp
-- Symlinking: /home/aiv/YongJun_ws/ros2_ws/install/zed_interfaces/include/zed_interfaces/msg/detail/bounding_box2_di__rosidl_typesupport_introspection_cpp.hpp
-- Symlinking: /home/aiv/YongJun_ws/ros2_ws/install/zed_interfaces/include/zed_interfaces/msg/detail/bounding_box3_d__rosidl_typesupport_introspection_cpp.hpp
-- Symlinking: /home/aiv/YongJun_ws/ros2_ws/install/zed_interfaces/include/zed_interfaces/msg/detail/depth_info_stamped__rosidl_typesupport_introspection_cpp.hpp
-- Symlinking: /home/aiv/YongJun_ws/ros2_ws/install/zed_interfaces/include/zed_interfaces/msg/detail/gnss_fusion_status__rosidl_typesupport_introspection_cpp.hpp
-- Symlinking: /home/aiv/YongJun_ws/ros2_ws/install/zed_interfaces/include/zed_interfaces/msg/detail/heartbeat__rosidl_typesupport_introspection_cpp.hpp
-- Symlinking: /home/aiv/YongJun_ws/ros2_ws/install/zed_interfaces/include/zed_interfaces/msg/detail/keypoint2_df__rosidl_typesupport_introspection_cpp.hpp
-- Symlinking: /home/aiv/YongJun_ws/ros2_ws/install/zed_interfaces/include/zed_interfaces/msg/detail/keypoint2_di__rosidl_typesupport_introspection_cpp.hpp
-- Symlinking: /home/aiv/YongJun_ws/ros2_ws/install/zed_interfaces/include/zed_interfaces/msg/detail/keypoint3_d__rosidl_typesupport_introspection_cpp.hpp
-- Symlinking: /home/aiv/YongJun_ws/ros2_ws/install/zed_interfaces/include/zed_interfaces/msg/detail/mag_heading_status__rosidl_typesupport_introspection_cpp.hpp
-- Symlinking: /home/aiv/YongJun_ws/ros2_ws/install/zed_interfaces/include/zed_interfaces/msg/detail/object__rosidl_typesupport_introspection_cpp.hpp
-- Symlinking: /home/aiv/YongJun_ws/ros2_ws/install/zed_interfaces/include/zed_interfaces/msg/detail/objects_stamped__rosidl_typesupport_introspection_cpp.hpp
-- Symlinking: /home/aiv/YongJun_ws/ros2_ws/install/zed_interfaces/include/zed_interfaces/msg/detail/plane_stamped__rosidl_typesupport_introspection_cpp.hpp
-- Symlinking: /home/aiv/YongJun_ws/ros2_ws/install/zed_interfaces/include/zed_interfaces/msg/detail/pos_track_status__rosidl_typesupport_introspection_cpp.hpp
-- Symlinking: /home/aiv/YongJun_ws/ros2_ws/install/zed_interfaces/include/zed_interfaces/msg/detail/skeleton2_d__rosidl_typesupport_introspection_cpp.hpp
-- Symlinking: /home/aiv/YongJun_ws/ros2_ws/install/zed_interfaces/include/zed_interfaces/msg/detail/skeleton3_d__rosidl_typesupport_introspection_cpp.hpp
-- Symlinking: /home/aiv/YongJun_ws/ros2_ws/install/zed_interfaces/include/zed_interfaces/srv/detail/set_pose__rosidl_typesupport_introspection_cpp.hpp
-- Symlinking: /home/aiv/YongJun_ws/ros2_ws/install/zed_interfaces/include/zed_interfaces/srv/detail/set_roi__rosidl_typesupport_introspection_cpp.hpp
-- Symlinking: /home/aiv/YongJun_ws/ros2_ws/install/zed_interfaces/include/zed_interfaces/srv/detail/start_svo_rec__rosidl_typesupport_introspection_cpp.hpp
-- Symlinking: /home/aiv/YongJun_ws/ros2_ws/install/zed_interfaces/share/zed_interfaces/environment/pythonpath.sh
-- Symlinking: /home/aiv/YongJun_ws/ros2_ws/install/zed_interfaces/share/zed_interfaces/environment/pythonpath.dsv
-- Symlinking: /home/aiv/YongJun_ws/ros2_ws/install/zed_interfaces/lib/python3.8/site-packages/zed_interfaces/__init__.py
-- Symlinking: /home/aiv/YongJun_ws/ros2_ws/install/zed_interfaces/lib/python3.8/site-packages/zed_interfaces/msg/__init__.py
-- Symlinking: /home/aiv/YongJun_ws/ros2_ws/install/zed_interfaces/lib/python3.8/site-packages/zed_interfaces/msg/_bounding_box2_df.py
-- Symlinking: /home/aiv/YongJun_ws/ros2_ws/install/zed_interfaces/lib/python3.8/site-packages/zed_interfaces/msg/_bounding_box2_di.py
-- Symlinking: /home/aiv/YongJun_ws/ros2_ws/install/zed_interfaces/lib/python3.8/site-packages/zed_interfaces/msg/_bounding_box3_d.py
-- Symlinking: /home/aiv/YongJun_ws/ros2_ws/install/zed_interfaces/lib/python3.8/site-packages/zed_interfaces/msg/_depth_info_stamped.py
-- Symlinking: /home/aiv/YongJun_ws/ros2_ws/install/zed_interfaces/lib/python3.8/site-packages/zed_interfaces/msg/_gnss_fusion_status.py
-- Symlinking: /home/aiv/YongJun_ws/ros2_ws/install/zed_interfaces/lib/python3.8/site-packages/zed_interfaces/msg/_heartbeat.py
-- Symlinking: /home/aiv/YongJun_ws/ros2_ws/install/zed_interfaces/lib/python3.8/site-packages/zed_interfaces/msg/_keypoint2_df.py
-- Symlinking: /home/aiv/YongJun_ws/ros2_ws/install/zed_interfaces/lib/python3.8/site-packages/zed_interfaces/msg/_keypoint2_di.py
-- Symlinking: /home/aiv/YongJun_ws/ros2_ws/install/zed_interfaces/lib/python3.8/site-packages/zed_interfaces/msg/_keypoint3_d.py
-- Symlinking: /home/aiv/YongJun_ws/ros2_ws/install/zed_interfaces/lib/python3.8/site-packages/zed_interfaces/msg/_mag_heading_status.py
-- Symlinking: /home/aiv/YongJun_ws/ros2_ws/install/zed_interfaces/lib/python3.8/site-packages/zed_interfaces/msg/_object.py
-- Symlinking: /home/aiv/YongJun_ws/ros2_ws/install/zed_interfaces/lib/python3.8/site-packages/zed_interfaces/msg/_objects_stamped.py
-- Symlinking: /home/aiv/YongJun_ws/ros2_ws/install/zed_interfaces/lib/python3.8/site-packages/zed_interfaces/msg/_plane_stamped.py
-- Symlinking: /home/aiv/YongJun_ws/ros2_ws/install/zed_interfaces/lib/python3.8/site-packages/zed_interfaces/msg/_pos_track_status.py
-- Symlinking: /home/aiv/YongJun_ws/ros2_ws/install/zed_interfaces/lib/python3.8/site-packages/zed_interfaces/msg/_skeleton2_d.py
-- Symlinking: /home/aiv/YongJun_ws/ros2_ws/install/zed_interfaces/lib/python3.8/site-packages/zed_interfaces/msg/_skeleton3_d.py
-- Symlinking: /home/aiv/YongJun_ws/ros2_ws/install/zed_interfaces/lib/python3.8/site-packages/zed_interfaces/srv/__init__.py
-- Symlinking: /home/aiv/YongJun_ws/ros2_ws/install/zed_interfaces/lib/python3.8/site-packages/zed_interfaces/srv/_set_pose.py
-- Symlinking: /home/aiv/YongJun_ws/ros2_ws/install/zed_interfaces/lib/python3.8/site-packages/zed_interfaces/srv/_set_roi.py
-- Symlinking: /home/aiv/YongJun_ws/ros2_ws/install/zed_interfaces/lib/python3.8/site-packages/zed_interfaces/srv/_start_svo_rec.py
-- Symlinking: /home/aiv/YongJun_ws/ros2_ws/install/zed_interfaces/lib/python3.8/site-packages/zed_interfaces/zed_interfaces_s__rosidl_typesupport_fastrtps_c.cpython-38-x86_64-linux-gnu.so
-- Symlinking: /home/aiv/YongJun_ws/ros2_ws/install/zed_interfaces/lib/python3.8/site-packages/zed_interfaces/zed_interfaces_s__rosidl_typesupport_introspection_c.cpython-38-x86_64-linux-gnu.so
-- Symlinking: /home/aiv/YongJun_ws/ros2_ws/install/zed_interfaces/lib/python3.8/site-packages/zed_interfaces/zed_interfaces_s__rosidl_typesupport_c.cpython-38-x86_64-linux-gnu.so
-- Symlinking: /home/aiv/YongJun_ws/ros2_ws/install/zed_interfaces/lib/libzed_interfaces__python.so
-- Symlinking: /home/aiv/YongJun_ws/ros2_ws/install/zed_interfaces/share/zed_interfaces/msg/Object.idl
-- Symlinking: /home/aiv/YongJun_ws/ros2_ws/install/zed_interfaces/share/zed_interfaces/msg/ObjectsStamped.idl
-- Symlinking: /home/aiv/YongJun_ws/ros2_ws/install/zed_interfaces/share/zed_interfaces/msg/Keypoint2Di.idl
-- Symlinking: /home/aiv/YongJun_ws/ros2_ws/install/zed_interfaces/share/zed_interfaces/msg/Keypoint2Df.idl
-- Symlinking: /home/aiv/YongJun_ws/ros2_ws/install/zed_interfaces/share/zed_interfaces/msg/Keypoint3D.idl
-- Symlinking: /home/aiv/YongJun_ws/ros2_ws/install/zed_interfaces/share/zed_interfaces/msg/BoundingBox2Di.idl
-- Symlinking: /home/aiv/YongJun_ws/ros2_ws/install/zed_interfaces/share/zed_interfaces/msg/BoundingBox2Df.idl
-- Symlinking: /home/aiv/YongJun_ws/ros2_ws/install/zed_interfaces/share/zed_interfaces/msg/BoundingBox3D.idl
-- Symlinking: /home/aiv/YongJun_ws/ros2_ws/install/zed_interfaces/share/zed_interfaces/msg/Skeleton2D.idl
-- Symlinking: /home/aiv/YongJun_ws/ros2_ws/install/zed_interfaces/share/zed_interfaces/msg/Skeleton3D.idl
-- Symlinking: /home/aiv/YongJun_ws/ros2_ws/install/zed_interfaces/share/zed_interfaces/msg/DepthInfoStamped.idl
-- Symlinking: /home/aiv/YongJun_ws/ros2_ws/install/zed_interfaces/share/zed_interfaces/msg/PlaneStamped.idl
-- Symlinking: /home/aiv/YongJun_ws/ros2_ws/install/zed_interfaces/share/zed_interfaces/msg/PosTrackStatus.idl
-- Symlinking: /home/aiv/YongJun_ws/ros2_ws/install/zed_interfaces/share/zed_interfaces/msg/GnssFusionStatus.idl
-- Symlinking: /home/aiv/YongJun_ws/ros2_ws/install/zed_interfaces/share/zed_interfaces/msg/Heartbeat.idl
-- Symlinking: /home/aiv/YongJun_ws/ros2_ws/install/zed_interfaces/share/zed_interfaces/msg/MagHeadingStatus.idl
-- Symlinking: /home/aiv/YongJun_ws/ros2_ws/install/zed_interfaces/share/zed_interfaces/srv/SetPose.idl
-- Symlinking: /home/aiv/YongJun_ws/ros2_ws/install/zed_interfaces/share/zed_interfaces/srv/StartSvoRec.idl
-- Symlinking: /home/aiv/YongJun_ws/ros2_ws/install/zed_interfaces/share/zed_interfaces/srv/SetROI.idl
-- Symlinking: /home/aiv/YongJun_ws/ros2_ws/install/zed_interfaces/share/zed_interfaces/msg/Object.msg
-- Symlinking: /home/aiv/YongJun_ws/ros2_ws/install/zed_interfaces/share/zed_interfaces/msg/ObjectsStamped.msg
-- Symlinking: /home/aiv/YongJun_ws/ros2_ws/install/zed_interfaces/share/zed_interfaces/msg/Keypoint2Di.msg
-- Symlinking: /home/aiv/YongJun_ws/ros2_ws/install/zed_interfaces/share/zed_interfaces/msg/Keypoint2Df.msg
-- Symlinking: /home/aiv/YongJun_ws/ros2_ws/install/zed_interfaces/share/zed_interfaces/msg/Keypoint3D.msg
-- Symlinking: /home/aiv/YongJun_ws/ros2_ws/install/zed_interfaces/share/zed_interfaces/msg/BoundingBox2Di.msg
-- Symlinking: /home/aiv/YongJun_ws/ros2_ws/install/zed_interfaces/share/zed_interfaces/msg/BoundingBox2Df.msg
-- Symlinking: /home/aiv/YongJun_ws/ros2_ws/install/zed_interfaces/share/zed_interfaces/msg/BoundingBox3D.msg
-- Symlinking: /home/aiv/YongJun_ws/ros2_ws/install/zed_interfaces/share/zed_interfaces/msg/Skeleton2D.msg
-- Symlinking: /home/aiv/YongJun_ws/ros2_ws/install/zed_interfaces/share/zed_interfaces/msg/Skeleton3D.msg
-- Symlinking: /home/aiv/YongJun_ws/ros2_ws/install/zed_interfaces/share/zed_interfaces/msg/DepthInfoStamped.msg
-- Symlinking: /home/aiv/YongJun_ws/ros2_ws/install/zed_interfaces/share/zed_interfaces/msg/PlaneStamped.msg
-- Symlinking: /home/aiv/YongJun_ws/ros2_ws/install/zed_interfaces/share/zed_interfaces/msg/PosTrackStatus.msg
-- Symlinking: /home/aiv/YongJun_ws/ros2_ws/install/zed_interfaces/share/zed_interfaces/msg/GnssFusionStatus.msg
-- Symlinking: /home/aiv/YongJun_ws/ros2_ws/install/zed_interfaces/share/zed_interfaces/msg/Heartbeat.msg
-- Symlinking: /home/aiv/YongJun_ws/ros2_ws/install/zed_interfaces/share/zed_interfaces/msg/MagHeadingStatus.msg
-- Symlinking: /home/aiv/YongJun_ws/ros2_ws/install/zed_interfaces/share/zed_interfaces/srv/SetPose.srv
-- Symlinking: /home/aiv/YongJun_ws/ros2_ws/install/zed_interfaces/share/zed_interfaces/srv/SetPose_Request.msg
-- Symlinking: /home/aiv/YongJun_ws/ros2_ws/install/zed_interfaces/share/zed_interfaces/srv/SetPose_Response.msg
-- Symlinking: /home/aiv/YongJun_ws/ros2_ws/install/zed_interfaces/share/zed_interfaces/srv/StartSvoRec.srv
-- Symlinking: /home/aiv/YongJun_ws/ros2_ws/install/zed_interfaces/share/zed_interfaces/srv/StartSvoRec_Request.msg
-- Symlinking: /home/aiv/YongJun_ws/ros2_ws/install/zed_interfaces/share/zed_interfaces/srv/StartSvoRec_Response.msg
-- Symlinking: /home/aiv/YongJun_ws/ros2_ws/install/zed_interfaces/share/zed_interfaces/srv/SetROI.srv
-- Symlinking: /home/aiv/YongJun_ws/ros2_ws/install/zed_interfaces/share/zed_interfaces/srv/SetROI_Request.msg
-- Symlinking: /home/aiv/YongJun_ws/ros2_ws/install/zed_interfaces/share/zed_interfaces/srv/SetROI_Response.msg
-- Symlinking: /home/aiv/YongJun_ws/ros2_ws/install/zed_interfaces/share/zed_interfaces/meshes/virtual.stl
-- Symlinking: /home/aiv/YongJun_ws/ros2_ws/install/zed_interfaces/share/zed_interfaces/meshes/zed.stl
-- Symlinking: /home/aiv/YongJun_ws/ros2_ws/install/zed_interfaces/share/zed_interfaces/meshes/zed2.stl
-- Symlinking: /home/aiv/YongJun_ws/ros2_ws/install/zed_interfaces/share/zed_interfaces/meshes/zed2i.stl
-- Symlinking: /home/aiv/YongJun_ws/ros2_ws/install/zed_interfaces/share/zed_interfaces/meshes/zedm.stl
-- Symlinking: /home/aiv/YongJun_ws/ros2_ws/install/zed_interfaces/share/zed_interfaces/meshes/zedx.stl
-- Symlinking: /home/aiv/YongJun_ws/ros2_ws/install/zed_interfaces/share/zed_interfaces/meshes/zedxm.stl
-- Symlinking: /home/aiv/YongJun_ws/ros2_ws/install/zed_interfaces/share/ament_index/resource_index/package_run_dependencies/zed_interfaces
-- Symlinking: /home/aiv/YongJun_ws/ros2_ws/install/zed_interfaces/share/ament_index/resource_index/parent_prefix_path/zed_interfaces
-- Symlinking: /home/aiv/YongJun_ws/ros2_ws/install/zed_interfaces/share/zed_interfaces/environment/ament_prefix_path.sh
-- Symlinking: /home/aiv/YongJun_ws/ros2_ws/install/zed_interfaces/share/zed_interfaces/environment/ament_prefix_path.dsv
-- Symlinking: /home/aiv/YongJun_ws/ros2_ws/install/zed_interfaces/share/zed_interfaces/environment/path.sh
-- Symlinking: /home/aiv/YongJun_ws/ros2_ws/install/zed_interfaces/share/zed_interfaces/environment/path.dsv
-- Symlinking: /home/aiv/YongJun_ws/ros2_ws/install/zed_interfaces/share/zed_interfaces/local_setup.bash
-- Symlinking: /home/aiv/YongJun_ws/ros2_ws/install/zed_interfaces/share/zed_interfaces/local_setup.sh
-- Symlinking: /home/aiv/YongJun_ws/ros2_ws/install/zed_interfaces/share/zed_interfaces/local_setup.zsh
-- Symlinking: /home/aiv/YongJun_ws/ros2_ws/install/zed_interfaces/share/zed_interfaces/local_setup.dsv
-- Symlinking: /home/aiv/YongJun_ws/ros2_ws/install/zed_interfaces/share/zed_interfaces/package.dsv
-- Symlinking: /home/aiv/YongJun_ws/ros2_ws/install/zed_interfaces/share/ament_index/resource_index/packages/zed_interfaces
-- Symlinking: /home/aiv/YongJun_ws/ros2_ws/install/zed_interfaces/share/zed_interfaces/cmake/rosidl_cmake-extras.cmake
-- Symlinking: /home/aiv/YongJun_ws/ros2_ws/install/zed_interfaces/share/zed_interfaces/cmake/ament_cmake_export_dependencies-extras.cmake
-- Symlinking: /home/aiv/YongJun_ws/ros2_ws/install/zed_interfaces/share/zed_interfaces/cmake/ament_cmake_export_libraries-extras.cmake
-- Symlinking: /home/aiv/YongJun_ws/ros2_ws/install/zed_interfaces/share/zed_interfaces/cmake/ament_cmake_export_targets-extras.cmake
-- Symlinking: /home/aiv/YongJun_ws/ros2_ws/install/zed_interfaces/share/zed_interfaces/cmake/ament_cmake_export_include_directories-extras.cmake
-- Symlinking: /home/aiv/YongJun_ws/ros2_ws/install/zed_interfaces/share/zed_interfaces/cmake/rosidl_cmake_export_typesupport_libraries-extras.cmake
-- Symlinking: /home/aiv/YongJun_ws/ros2_ws/install/zed_interfaces/share/zed_interfaces/cmake/rosidl_cmake_export_typesupport_targets-extras.cmake
-- Symlinking: /home/aiv/YongJun_ws/ros2_ws/install/zed_interfaces/share/zed_interfaces/cmake/zed_interfacesConfig.cmake
-- Symlinking: /home/aiv/YongJun_ws/ros2_ws/install/zed_interfaces/share/zed_interfaces/cmake/zed_interfacesConfig-version.cmake
-- Symlinking: /home/aiv/YongJun_ws/ros2_ws/install/zed_interfaces/share/zed_interfaces/package.xml
-- Up-to-date: /home/aiv/YongJun_ws/ros2_ws/install/zed_interfaces/lib/libzed_interfaces__rosidl_generator_c.so
-- Up-to-date: /home/aiv/YongJun_ws/ros2_ws/install/zed_interfaces/lib/libzed_interfaces__rosidl_typesupport_introspection_c.so
-- Up-to-date: /home/aiv/YongJun_ws/ros2_ws/install/zed_interfaces/lib/libzed_interfaces__rosidl_typesupport_c.so
-- Up-to-date: /home/aiv/YongJun_ws/ros2_ws/install/zed_interfaces/lib/libzed_interfaces__rosidl_typesupport_introspection_cpp.so
-- Up-to-date: /home/aiv/YongJun_ws/ros2_ws/install/zed_interfaces/lib/libzed_interfaces__rosidl_typesupport_cpp.so
Compiling '/home/aiv/YongJun_ws/ros2_ws/install/zed_interfaces/lib/python3.8/site-packages/zed_interfaces/__init__.py'...
-- Up-to-date: /home/aiv/YongJun_ws/ros2_ws/install/zed_interfaces/share/zed_interfaces/cmake/zed_interfaces__rosidl_generator_cExport.cmake
-- Installing: /home/aiv/YongJun_ws/ros2_ws/install/zed_interfaces/share/zed_interfaces/cmake/zed_interfaces__rosidl_generator_cExport-noconfig.cmake
-- Up-to-date: /home/aiv/YongJun_ws/ros2_ws/install/zed_interfaces/share/zed_interfaces/cmake/zed_interfaces__rosidl_typesupport_introspection_cExport.cmake
-- Installing: /home/aiv/YongJun_ws/ros2_ws/install/zed_interfaces/share/zed_interfaces/cmake/zed_interfaces__rosidl_typesupport_introspection_cExport-noconfig.cmake
-- Up-to-date: /home/aiv/YongJun_ws/ros2_ws/install/zed_interfaces/share/zed_interfaces/cmake/zed_interfaces__rosidl_typesupport_cExport.cmake
-- Installing: /home/aiv/YongJun_ws/ros2_ws/install/zed_interfaces/share/zed_interfaces/cmake/zed_interfaces__rosidl_typesupport_cExport-noconfig.cmake
-- Up-to-date: /home/aiv/YongJun_ws/ros2_ws/install/zed_interfaces/share/zed_interfaces/cmake/zed_interfaces__rosidl_generator_cppExport.cmake
-- Up-to-date: /home/aiv/YongJun_ws/ros2_ws/install/zed_interfaces/share/zed_interfaces/cmake/zed_interfaces__rosidl_typesupport_introspection_cppExport.cmake
-- Installing: /home/aiv/YongJun_ws/ros2_ws/install/zed_interfaces/share/zed_interfaces/cmake/zed_interfaces__rosidl_typesupport_introspection_cppExport-noconfig.cmake
-- Up-to-date: /home/aiv/YongJun_ws/ros2_ws/install/zed_interfaces/share/zed_interfaces/cmake/zed_interfaces__rosidl_typesupport_cppExport.cmake
-- Installing: /home/aiv/YongJun_ws/ros2_ws/install/zed_interfaces/share/zed_interfaces/cmake/zed_interfaces__rosidl_typesupport_cppExport-noconfig.cmake
