[0.036s] Invoking command in '/home/aiv/YongJun_ws/ros2_ws/build/zed_tutorial_pos_tracking': CMAKE_PREFIX_PATH=${CMAKE_PREFIX_PATH}:/home/aiv/YongJun_ws/ros2_ws/install/yolov8_ros:/opt/ros/foxy /usr/bin/cmake /home/aiv/YongJun_ws/ros2_ws/src/zed-ros2-examples/tutorials/zed_pose_tutorial -DCMAKE_INSTALL_PREFIX=/home/aiv/YongJun_ws/ros2_ws/install/zed_tutorial_pos_tracking
[0.048s] -- Found ament_cmake_auto: 0.9.12 (/opt/ros/foxy/share/ament_cmake_auto/cmake)
[0.070s] -- Using PYTHON_EXECUTABLE: /usr/bin/python3
[0.229s] -- Override CMake install command with custom implementation using symlinks instead of copying resources
[0.307s] -- Using all available rosidl_typesupport_c: rosidl_typesupport_fastrtps_c;rosidl_typesupport_introspection_c
[0.309s] -- Found rosidl_adapter: 1.3.1 (/opt/ros/foxy/share/rosidl_adapter/cmake)
[0.407s] -- Using all available rosidl_typesupport_cpp: rosidl_typesupport_fastrtps_cpp;rosidl_typesupport_introspection_cpp
[0.446s] -- Found rmw_implementation_cmake: 1.0.4 (/opt/ros/foxy/share/rmw_implementation_cmake/cmake)
[0.446s] -- Using RMW implementation 'rmw_fastrtps_cpp' as default
[0.884s] -- Found ament_lint_auto: 0.9.8 (/opt/ros/foxy/share/ament_lint_auto/cmake)
[0.900s] -- Added test 'copyright' to check source files copyright and LICENSE
[0.900s] -- Added test 'cppcheck' to perform static code analysis on C / C++ code
[0.901s] -- Configured cppcheck include dirs: 
[0.901s] -- Configured cppcheck exclude dirs and/or files: 
[0.901s] -- Added test 'cpplint' to check C / C++ code against the Google style
[0.901s] -- Configured cpplint exclude dirs and/or files: 
[0.901s] -- Added test 'lint_cmake' to check CMake code style
[0.902s] -- Added test 'uncrustify' to check C / C++ code style
[0.902s] -- Configured uncrustify additional arguments: 
[0.902s] -- Added test 'xmllint' to check XML markup files
[0.904s] -- Configuring done
[0.913s] -- Generating done
[0.914s] -- Build files have been written to: /home/aiv/YongJun_ws/ros2_ws/build/zed_tutorial_pos_tracking
[0.921s] Invoked command in '/home/aiv/YongJun_ws/ros2_ws/build/zed_tutorial_pos_tracking' returned '0': CMAKE_PREFIX_PATH=${CMAKE_PREFIX_PATH}:/home/aiv/YongJun_ws/ros2_ws/install/yolov8_ros:/opt/ros/foxy /usr/bin/cmake /home/aiv/YongJun_ws/ros2_ws/src/zed-ros2-examples/tutorials/zed_pose_tutorial -DCMAKE_INSTALL_PREFIX=/home/aiv/YongJun_ws/ros2_ws/install/zed_tutorial_pos_tracking
[0.922s] Invoking command in '/home/aiv/YongJun_ws/ros2_ws/build/zed_tutorial_pos_tracking': CMAKE_PREFIX_PATH=${CMAKE_PREFIX_PATH}:/home/aiv/YongJun_ws/ros2_ws/install/yolov8_ros:/opt/ros/foxy /usr/bin/cmake --build /home/aiv/YongJun_ws/ros2_ws/build/zed_tutorial_pos_tracking -- -j32 -l32
[0.967s] [100%] Built target zed_tutorial_pos_tracking
[0.976s] Invoked command in '/home/aiv/YongJun_ws/ros2_ws/build/zed_tutorial_pos_tracking' returned '0': CMAKE_PREFIX_PATH=${CMAKE_PREFIX_PATH}:/home/aiv/YongJun_ws/ros2_ws/install/yolov8_ros:/opt/ros/foxy /usr/bin/cmake --build /home/aiv/YongJun_ws/ros2_ws/build/zed_tutorial_pos_tracking -- -j32 -l32
[1.000s] Invoking command in '/home/aiv/YongJun_ws/ros2_ws/build/zed_tutorial_pos_tracking': CMAKE_PREFIX_PATH=${CMAKE_PREFIX_PATH}:/home/aiv/YongJun_ws/ros2_ws/install/yolov8_ros:/opt/ros/foxy /usr/bin/cmake --install /home/aiv/YongJun_ws/ros2_ws/build/zed_tutorial_pos_tracking
[1.006s] -- Install configuration: "Release"
[1.007s] -- Execute custom install script
[1.007s] -- Up-to-date symlink: /home/aiv/YongJun_ws/ros2_ws/install/zed_tutorial_pos_tracking/lib/zed_tutorial_pos_tracking/zed_tutorial_pos_tracking
[1.007s] -- Up-to-date symlink: /home/aiv/YongJun_ws/ros2_ws/install/zed_tutorial_pos_tracking/share/ament_index/resource_index/package_run_dependencies/zed_tutorial_pos_tracking
[1.007s] -- Up-to-date symlink: /home/aiv/YongJun_ws/ros2_ws/install/zed_tutorial_pos_tracking/share/ament_index/resource_index/parent_prefix_path/zed_tutorial_pos_tracking
[1.008s] -- Up-to-date symlink: /home/aiv/YongJun_ws/ros2_ws/install/zed_tutorial_pos_tracking/share/zed_tutorial_pos_tracking/environment/ament_prefix_path.sh
[1.008s] -- Up-to-date symlink: /home/aiv/YongJun_ws/ros2_ws/install/zed_tutorial_pos_tracking/share/zed_tutorial_pos_tracking/environment/ament_prefix_path.dsv
[1.008s] -- Up-to-date symlink: /home/aiv/YongJun_ws/ros2_ws/install/zed_tutorial_pos_tracking/share/zed_tutorial_pos_tracking/environment/path.sh
[1.008s] -- Up-to-date symlink: /home/aiv/YongJun_ws/ros2_ws/install/zed_tutorial_pos_tracking/share/zed_tutorial_pos_tracking/environment/path.dsv
[1.008s] -- Up-to-date symlink: /home/aiv/YongJun_ws/ros2_ws/install/zed_tutorial_pos_tracking/share/zed_tutorial_pos_tracking/local_setup.bash
[1.008s] -- Up-to-date symlink: /home/aiv/YongJun_ws/ros2_ws/install/zed_tutorial_pos_tracking/share/zed_tutorial_pos_tracking/local_setup.sh
[1.009s] -- Up-to-date symlink: /home/aiv/YongJun_ws/ros2_ws/install/zed_tutorial_pos_tracking/share/zed_tutorial_pos_tracking/local_setup.zsh
[1.009s] -- Up-to-date symlink: /home/aiv/YongJun_ws/ros2_ws/install/zed_tutorial_pos_tracking/share/zed_tutorial_pos_tracking/local_setup.dsv
[1.009s] -- Symlinking: /home/aiv/YongJun_ws/ros2_ws/install/zed_tutorial_pos_tracking/share/zed_tutorial_pos_tracking/package.dsv
[1.016s] -- Up-to-date symlink: /home/aiv/YongJun_ws/ros2_ws/install/zed_tutorial_pos_tracking/share/ament_index/resource_index/packages/zed_tutorial_pos_tracking
[1.016s] -- Up-to-date symlink: /home/aiv/YongJun_ws/ros2_ws/install/zed_tutorial_pos_tracking/share/zed_tutorial_pos_tracking/cmake/zed_tutorial_pos_trackingConfig.cmake
[1.016s] -- Up-to-date symlink: /home/aiv/YongJun_ws/ros2_ws/install/zed_tutorial_pos_tracking/share/zed_tutorial_pos_tracking/cmake/zed_tutorial_pos_trackingConfig-version.cmake
[1.017s] -- Up-to-date symlink: /home/aiv/YongJun_ws/ros2_ws/install/zed_tutorial_pos_tracking/share/zed_tutorial_pos_tracking/package.xml
[1.019s] Invoked command in '/home/aiv/YongJun_ws/ros2_ws/build/zed_tutorial_pos_tracking' returned '0': CMAKE_PREFIX_PATH=${CMAKE_PREFIX_PATH}:/home/aiv/YongJun_ws/ros2_ws/install/yolov8_ros:/opt/ros/foxy /usr/bin/cmake --install /home/aiv/YongJun_ws/ros2_ws/build/zed_tutorial_pos_tracking
