[0.200s] Invoking command in '/home/yong/yolov8_ros/build/yolov8_msgs': CMAKE_PREFIX_PATH=${CMAKE_PREFIX_PATH}:/home/yong/yolov8_ros/install/yolov8_ros:/opt/ros/foxy /usr/bin/cmake --build /home/yong/yolov8_ros/build/yolov8_msgs -- -j8 -l8
[0.220s] -- Found ament_cmake: 0.9.12 (/opt/ros/foxy/share/ament_cmake/cmake)
[0.239s] -- Found PythonInterp: /usr/bin/python3 (found suitable version "3.8.10", minimum required is "3") 
[0.239s] -- Using PYTHON_EXECUTABLE: /usr/bin/python3
[0.398s] -- Override CMake install command with custom implementation using symlinks instead of copying resources
[0.404s] -- Found rosidl_default_generators: 1.0.1 (/opt/ros/foxy/share/rosidl_default_generators/cmake)
[0.406s] -- Using all available rosidl_typesupport_c: rosidl_typesupport_fastrtps_c;rosidl_typesupport_introspection_c
[0.408s] -- Found rosidl_adapter: 1.3.1 (/opt/ros/foxy/share/rosidl_adapter/cmake)
[0.505s] -- Using all available rosidl_typesupport_cpp: rosidl_typesupport_fastrtps_cpp;rosidl_typesupport_introspection_cpp
[0.522s] -- Found std_msgs: 2.0.5 (/opt/ros/foxy/share/std_msgs/cmake)
[0.545s] -- Found geometry_msgs: 2.0.5 (/opt/ros/foxy/share/geometry_msgs/cmake)
[0.590s] -- Found PythonInterp: /usr/bin/python3 (found version "3.8.10") 
[0.762s] -- Found ament_cmake_ros: 0.9.2 (/opt/ros/foxy/share/ament_cmake_ros/cmake)
[0.936s] -- Using all available rosidl_typesupport_c: rosidl_typesupport_fastrtps_c;rosidl_typesupport_introspection_c
[1.018s] -- Using all available rosidl_typesupport_cpp: rosidl_typesupport_fastrtps_cpp;rosidl_typesupport_introspection_cpp
[1.042s] -- Found PythonInterp: /usr/bin/python3 (found suitable version "3.8.10", minimum required is "3.5") 
[1.042s] -- Found python_cmake_module: 0.8.1 (/opt/ros/foxy/share/python_cmake_module/cmake)
[1.063s] -- Using PYTHON_EXECUTABLE: /usr/bin/python3
[1.063s] -- Using PYTHON_INCLUDE_DIRS: /usr/include/python3.8
[1.063s] -- Using PYTHON_LIBRARIES: /usr/lib/x86_64-linux-gnu/libpython3.8.so
[1.117s] -- Configuring done
[1.172s] -- Generating done
[1.175s] -- Build files have been written to: /home/yong/yolov8_ros/build/yolov8_msgs
[1.192s] [  1%] [34m[1mGenerating C code for ROS interfaces[0m
[1.199s] [  1%] [34m[1mGenerating C++ code for ROS interfaces[0m
[1.912s] [  1%] Built target yolov8_msgs__cpp
[1.920s] [  2%] [34m[1mGenerating C++ type support dispatch for ROS interfaces[0m
[1.920s] [  3%] [34m[1mGenerating C++ introspection for ROS interfaces[0m
[1.920s] [  3%] [34m[1mGenerating C++ type support for eProsima Fast-RTPS[0m
[1.973s] [35m[1mScanning dependencies of target yolov8_msgs__rosidl_generator_c[0m
[1.985s] [  4%] [32mBuilding C object CMakeFiles/yolov8_msgs__rosidl_generator_c.dir/rosidl_generator_c/yolov8_msgs/msg/detail/pose2_d__functions.c.o[0m
[1.985s] [  5%] [32mBuilding C object CMakeFiles/yolov8_msgs__rosidl_generator_c.dir/rosidl_generator_c/yolov8_msgs/msg/detail/bounding_box2_d__functions.c.o[0m
[1.985s] [  7%] [32mBuilding C object CMakeFiles/yolov8_msgs__rosidl_generator_c.dir/rosidl_generator_c/yolov8_msgs/msg/detail/vector2__functions.c.o[0m
[1.985s] [  7%] [32mBuilding C object CMakeFiles/yolov8_msgs__rosidl_generator_c.dir/rosidl_generator_c/yolov8_msgs/msg/detail/point2_d__functions.c.o[0m
[1.985s] [  7%] [32mBuilding C object CMakeFiles/yolov8_msgs__rosidl_generator_c.dir/rosidl_generator_c/yolov8_msgs/msg/detail/bounding_box3_d__functions.c.o[0m
[2.016s] [  9%] [32mBuilding C object CMakeFiles/yolov8_msgs__rosidl_generator_c.dir/rosidl_generator_c/yolov8_msgs/msg/detail/key_point2_d__functions.c.o[0m
[2.016s] [  9%] [32mBuilding C object CMakeFiles/yolov8_msgs__rosidl_generator_c.dir/rosidl_generator_c/yolov8_msgs/msg/detail/mask__functions.c.o[0m
[2.019s] [ 10%] [32mBuilding C object CMakeFiles/yolov8_msgs__rosidl_generator_c.dir/rosidl_generator_c/yolov8_msgs/msg/detail/key_point2_d_array__functions.c.o[0m
[2.019s] [ 11%] [32mBuilding C object CMakeFiles/yolov8_msgs__rosidl_generator_c.dir/rosidl_generator_c/yolov8_msgs/msg/detail/key_point3_d__functions.c.o[0m
[2.021s] [ 11%] [32mBuilding C object CMakeFiles/yolov8_msgs__rosidl_generator_c.dir/rosidl_generator_c/yolov8_msgs/msg/detail/key_point3_d_array__functions.c.o[0m
[2.050s] [ 12%] [32mBuilding C object CMakeFiles/yolov8_msgs__rosidl_generator_c.dir/rosidl_generator_c/yolov8_msgs/msg/detail/detection__functions.c.o[0m
[2.050s] [ 13%] [32mBuilding C object CMakeFiles/yolov8_msgs__rosidl_generator_c.dir/rosidl_generator_c/yolov8_msgs/msg/detail/detection_array__functions.c.o[0m
[2.085s] [ 14%] [32m[1mLinking C shared library libyolov8_msgs__rosidl_generator_c.so[0m
[2.112s] [ 14%] Built target yolov8_msgs__rosidl_generator_c
[2.120s] [ 15%] [34m[1mGenerating C type support dispatch for ROS interfaces[0m
[2.120s] [ 16%] [34m[1mGenerating C introspection for ROS interfaces[0m
[2.430s] [35m[1mScanning dependencies of target yolov8_msgs__rosidl_typesupport_cpp[0m
[2.441s] [ 20%] [32mBuilding CXX object CMakeFiles/yolov8_msgs__rosidl_typesupport_cpp.dir/rosidl_typesupport_cpp/yolov8_msgs/msg/pose2_d__type_support.cpp.o[0m
[2.441s] [ 20%] [32mBuilding CXX object CMakeFiles/yolov8_msgs__rosidl_typesupport_cpp.dir/rosidl_typesupport_cpp/yolov8_msgs/msg/bounding_box2_d__type_support.cpp.o[0m
[2.441s] [ 20%] [32mBuilding CXX object CMakeFiles/yolov8_msgs__rosidl_typesupport_cpp.dir/rosidl_typesupport_cpp/yolov8_msgs/msg/vector2__type_support.cpp.o[0m
[2.441s] [ 20%] [32mBuilding CXX object CMakeFiles/yolov8_msgs__rosidl_typesupport_cpp.dir/rosidl_typesupport_cpp/yolov8_msgs/msg/point2_d__type_support.cpp.o[0m
[2.616s] [35m[1mScanning dependencies of target yolov8_msgs__rosidl_typesupport_introspection_cpp[0m
[2.628s] [ 20%] [32mBuilding CXX object CMakeFiles/yolov8_msgs__rosidl_typesupport_introspection_cpp.dir/rosidl_typesupport_introspection_cpp/yolov8_msgs/msg/detail/point2_d__type_support.cpp.o[0m
[2.654s] [ 20%] [32mBuilding CXX object CMakeFiles/yolov8_msgs__rosidl_typesupport_cpp.dir/rosidl_typesupport_cpp/yolov8_msgs/msg/bounding_box3_d__type_support.cpp.o[0m
[2.659s] [ 21%] [32mBuilding CXX object CMakeFiles/yolov8_msgs__rosidl_typesupport_cpp.dir/rosidl_typesupport_cpp/yolov8_msgs/msg/mask__type_support.cpp.o[0m
[2.669s] [ 22%] [32mBuilding CXX object CMakeFiles/yolov8_msgs__rosidl_typesupport_cpp.dir/rosidl_typesupport_cpp/yolov8_msgs/msg/key_point2_d__type_support.cpp.o[0m
[2.671s] [35m[1mScanning dependencies of target yolov8_msgs__rosidl_typesupport_c[0m
[2.677s] [ 23%] [32mBuilding CXX object CMakeFiles/yolov8_msgs__rosidl_typesupport_cpp.dir/rosidl_typesupport_cpp/yolov8_msgs/msg/key_point2_d_array__type_support.cpp.o[0m
[2.683s] [ 24%] [32mBuilding CXX object CMakeFiles/yolov8_msgs__rosidl_typesupport_c.dir/rosidl_typesupport_c/yolov8_msgs/msg/point2_d__type_support.cpp.o[0m
[2.695s] [35m[1mScanning dependencies of target yolov8_msgs__rosidl_typesupport_fastrtps_cpp[0m
[2.710s] [ 25%] [32mBuilding CXX object CMakeFiles/yolov8_msgs__rosidl_typesupport_fastrtps_cpp.dir/rosidl_typesupport_fastrtps_cpp/yolov8_msgs/msg/detail/dds_fastrtps/point2_d__type_support.cpp.o[0m
[2.718s] [ 25%] [32mBuilding CXX object CMakeFiles/yolov8_msgs__rosidl_typesupport_c.dir/rosidl_typesupport_c/yolov8_msgs/msg/vector2__type_support.cpp.o[0m
[2.744s] [ 26%] [32mBuilding CXX object CMakeFiles/yolov8_msgs__rosidl_typesupport_c.dir/rosidl_typesupport_c/yolov8_msgs/msg/pose2_d__type_support.cpp.o[0m
[2.770s] [ 27%] [32mBuilding CXX object CMakeFiles/yolov8_msgs__rosidl_typesupport_c.dir/rosidl_typesupport_c/yolov8_msgs/msg/bounding_box2_d__type_support.cpp.o[0m
[2.791s] [ 28%] [32mBuilding CXX object CMakeFiles/yolov8_msgs__rosidl_typesupport_c.dir/rosidl_typesupport_c/yolov8_msgs/msg/bounding_box3_d__type_support.cpp.o[0m
[2.813s] [ 29%] [32mBuilding CXX object CMakeFiles/yolov8_msgs__rosidl_typesupport_c.dir/rosidl_typesupport_c/yolov8_msgs/msg/mask__type_support.cpp.o[0m
[2.834s] [ 30%] [32mBuilding CXX object CMakeFiles/yolov8_msgs__rosidl_typesupport_c.dir/rosidl_typesupport_c/yolov8_msgs/msg/key_point2_d__type_support.cpp.o[0m
[2.845s] [ 31%] [32mBuilding CXX object CMakeFiles/yolov8_msgs__rosidl_typesupport_introspection_cpp.dir/rosidl_typesupport_introspection_cpp/yolov8_msgs/msg/detail/vector2__type_support.cpp.o[0m
[2.855s] [ 31%] [32mBuilding CXX object CMakeFiles/yolov8_msgs__rosidl_typesupport_c.dir/rosidl_typesupport_c/yolov8_msgs/msg/key_point2_d_array__type_support.cpp.o[0m
[2.862s] [ 32%] [32mBuilding CXX object CMakeFiles/yolov8_msgs__rosidl_typesupport_c.dir/rosidl_typesupport_c/yolov8_msgs/msg/key_point3_d__type_support.cpp.o[0m
[2.869s] [ 33%] [32mBuilding CXX object CMakeFiles/yolov8_msgs__rosidl_typesupport_cpp.dir/rosidl_typesupport_cpp/yolov8_msgs/msg/key_point3_d__type_support.cpp.o[0m
[2.873s] [35m[1mScanning dependencies of target yolov8_msgs__rosidl_typesupport_introspection_c[0m
[2.877s] [ 34%] [32mBuilding CXX object CMakeFiles/yolov8_msgs__rosidl_typesupport_c.dir/rosidl_typesupport_c/yolov8_msgs/msg/key_point3_d_array__type_support.cpp.o[0m
[2.885s] [ 35%] [32mBuilding CXX object CMakeFiles/yolov8_msgs__rosidl_typesupport_c.dir/rosidl_typesupport_c/yolov8_msgs/msg/detection__type_support.cpp.o[0m
[2.886s] [ 36%] [32mBuilding C object CMakeFiles/yolov8_msgs__rosidl_typesupport_introspection_c.dir/rosidl_typesupport_introspection_c/yolov8_msgs/msg/detail/point2_d__type_support.c.o[0m
[2.890s] [ 37%] [32mBuilding CXX object CMakeFiles/yolov8_msgs__rosidl_typesupport_introspection_cpp.dir/rosidl_typesupport_introspection_cpp/yolov8_msgs/msg/detail/pose2_d__type_support.cpp.o[0m
[2.894s] [ 38%] [32mBuilding C object CMakeFiles/yolov8_msgs__rosidl_typesupport_introspection_c.dir/rosidl_typesupport_introspection_c/yolov8_msgs/msg/detail/vector2__type_support.c.o[0m
[2.899s] [ 39%] [32mBuilding C object CMakeFiles/yolov8_msgs__rosidl_typesupport_introspection_c.dir/rosidl_typesupport_introspection_c/yolov8_msgs/msg/detail/pose2_d__type_support.c.o[0m
[2.910s] [ 40%] [32mBuilding CXX object CMakeFiles/yolov8_msgs__rosidl_typesupport_c.dir/rosidl_typesupport_c/yolov8_msgs/msg/detection_array__type_support.cpp.o[0m
[2.910s] [ 41%] [32mBuilding CXX object CMakeFiles/yolov8_msgs__rosidl_typesupport_introspection_cpp.dir/rosidl_typesupport_introspection_cpp/yolov8_msgs/msg/detail/bounding_box2_d__type_support.cpp.o[0m
[2.919s] [ 42%] [32mBuilding CXX object CMakeFiles/yolov8_msgs__rosidl_typesupport_introspection_cpp.dir/rosidl_typesupport_introspection_cpp/yolov8_msgs/msg/detail/bounding_box3_d__type_support.cpp.o[0m
[2.921s] [ 42%] [32mBuilding C object CMakeFiles/yolov8_msgs__rosidl_typesupport_introspection_c.dir/rosidl_typesupport_introspection_c/yolov8_msgs/msg/detail/bounding_box2_d__type_support.c.o[0m
[2.934s] [ 43%] [32m[1mLinking CXX shared library libyolov8_msgs__rosidl_typesupport_c.so[0m
[2.944s] [ 44%] [32mBuilding C object CMakeFiles/yolov8_msgs__rosidl_typesupport_introspection_c.dir/rosidl_typesupport_introspection_c/yolov8_msgs/msg/detail/bounding_box3_d__type_support.c.o[0m
[2.968s] [ 44%] Built target yolov8_msgs__rosidl_typesupport_c
[2.974s] [ 45%] [32mBuilding C object CMakeFiles/yolov8_msgs__rosidl_typesupport_introspection_c.dir/rosidl_typesupport_introspection_c/yolov8_msgs/msg/detail/mask__type_support.c.o[0m
[2.983s] [ 46%] [32mBuilding C object CMakeFiles/yolov8_msgs__rosidl_typesupport_introspection_c.dir/rosidl_typesupport_introspection_c/yolov8_msgs/msg/detail/key_point2_d__type_support.c.o[0m
[3.000s] [ 47%] [32mBuilding C object CMakeFiles/yolov8_msgs__rosidl_typesupport_introspection_c.dir/rosidl_typesupport_introspection_c/yolov8_msgs/msg/detail/key_point2_d_array__type_support.c.o[0m
[3.007s] [ 48%] [32mBuilding C object CMakeFiles/yolov8_msgs__rosidl_typesupport_introspection_c.dir/rosidl_typesupport_introspection_c/yolov8_msgs/msg/detail/key_point3_d__type_support.c.o[0m
[3.016s] [ 49%] [32mBuilding CXX object CMakeFiles/yolov8_msgs__rosidl_typesupport_fastrtps_cpp.dir/rosidl_typesupport_fastrtps_cpp/yolov8_msgs/msg/detail/dds_fastrtps/vector2__type_support.cpp.o[0m
[3.025s] [ 50%] [32mBuilding C object CMakeFiles/yolov8_msgs__rosidl_typesupport_introspection_c.dir/rosidl_typesupport_introspection_c/yolov8_msgs/msg/detail/key_point3_d_array__type_support.c.o[0m
[3.030s] [ 50%] [32mBuilding C object CMakeFiles/yolov8_msgs__rosidl_typesupport_introspection_c.dir/rosidl_typesupport_introspection_c/yolov8_msgs/msg/detail/detection__type_support.c.o[0m
[3.051s] [ 51%] [32mBuilding CXX object CMakeFiles/yolov8_msgs__rosidl_typesupport_fastrtps_cpp.dir/rosidl_typesupport_fastrtps_cpp/yolov8_msgs/msg/detail/dds_fastrtps/pose2_d__type_support.cpp.o[0m
[3.057s] [ 52%] [32mBuilding C object CMakeFiles/yolov8_msgs__rosidl_typesupport_introspection_c.dir/rosidl_typesupport_introspection_c/yolov8_msgs/msg/detail/detection_array__type_support.c.o[0m
[3.060s] [ 53%] [32mBuilding CXX object CMakeFiles/yolov8_msgs__rosidl_typesupport_introspection_cpp.dir/rosidl_typesupport_introspection_cpp/yolov8_msgs/msg/detail/mask__type_support.cpp.o[0m
[3.081s] [ 54%] [32mBuilding CXX object CMakeFiles/yolov8_msgs__rosidl_typesupport_cpp.dir/rosidl_typesupport_cpp/yolov8_msgs/msg/key_point3_d_array__type_support.cpp.o[0m
[3.083s] [ 55%] [32m[1mLinking C shared library libyolov8_msgs__rosidl_typesupport_introspection_c.so[0m
[3.108s] [ 55%] [32mBuilding CXX object CMakeFiles/yolov8_msgs__rosidl_typesupport_introspection_cpp.dir/rosidl_typesupport_introspection_cpp/yolov8_msgs/msg/detail/key_point2_d__type_support.cpp.o[0m
[3.109s] [ 55%] Built target yolov8_msgs__rosidl_typesupport_introspection_c
[3.115s] [ 56%] [32mBuilding CXX object CMakeFiles/yolov8_msgs__rosidl_typesupport_introspection_cpp.dir/rosidl_typesupport_introspection_cpp/yolov8_msgs/msg/detail/key_point2_d_array__type_support.cpp.o[0m
[3.133s] [ 57%] [32mBuilding CXX object CMakeFiles/yolov8_msgs__rosidl_typesupport_introspection_cpp.dir/rosidl_typesupport_introspection_cpp/yolov8_msgs/msg/detail/key_point3_d__type_support.cpp.o[0m
[3.159s] [ 58%] [32mBuilding CXX object CMakeFiles/yolov8_msgs__rosidl_typesupport_introspection_cpp.dir/rosidl_typesupport_introspection_cpp/yolov8_msgs/msg/detail/key_point3_d_array__type_support.cpp.o[0m
[3.291s] [ 58%] [32mBuilding CXX object CMakeFiles/yolov8_msgs__rosidl_typesupport_cpp.dir/rosidl_typesupport_cpp/yolov8_msgs/msg/detection__type_support.cpp.o[0m
[3.309s] [ 59%] [32mBuilding CXX object CMakeFiles/yolov8_msgs__rosidl_typesupport_introspection_cpp.dir/rosidl_typesupport_introspection_cpp/yolov8_msgs/msg/detail/detection__type_support.cpp.o[0m
[3.318s] [ 60%] [32mBuilding CXX object CMakeFiles/yolov8_msgs__rosidl_typesupport_introspection_cpp.dir/rosidl_typesupport_introspection_cpp/yolov8_msgs/msg/detail/detection_array__type_support.cpp.o[0m
[3.329s] [ 61%] [32mBuilding CXX object CMakeFiles/yolov8_msgs__rosidl_typesupport_fastrtps_cpp.dir/rosidl_typesupport_fastrtps_cpp/yolov8_msgs/msg/detail/dds_fastrtps/bounding_box2_d__type_support.cpp.o[0m
[3.355s] [ 62%] [32mBuilding CXX object CMakeFiles/yolov8_msgs__rosidl_typesupport_fastrtps_cpp.dir/rosidl_typesupport_fastrtps_cpp/yolov8_msgs/msg/detail/dds_fastrtps/bounding_box3_d__type_support.cpp.o[0m
[3.364s] [ 62%] [32mBuilding CXX object CMakeFiles/yolov8_msgs__rosidl_typesupport_fastrtps_cpp.dir/rosidl_typesupport_fastrtps_cpp/yolov8_msgs/msg/detail/dds_fastrtps/mask__type_support.cpp.o[0m
[3.375s] [ 63%] [32mBuilding CXX object CMakeFiles/yolov8_msgs__rosidl_typesupport_fastrtps_cpp.dir/rosidl_typesupport_fastrtps_cpp/yolov8_msgs/msg/detail/dds_fastrtps/key_point2_d__type_support.cpp.o[0m
[3.430s] [ 64%] [32mBuilding CXX object CMakeFiles/yolov8_msgs__rosidl_typesupport_fastrtps_cpp.dir/rosidl_typesupport_fastrtps_cpp/yolov8_msgs/msg/detail/dds_fastrtps/key_point2_d_array__type_support.cpp.o[0m
[3.502s] [ 65%] [32mBuilding CXX object CMakeFiles/yolov8_msgs__rosidl_typesupport_cpp.dir/rosidl_typesupport_cpp/yolov8_msgs/msg/detection_array__type_support.cpp.o[0m
[3.560s] [ 66%] [32mBuilding CXX object CMakeFiles/yolov8_msgs__rosidl_typesupport_fastrtps_cpp.dir/rosidl_typesupport_fastrtps_cpp/yolov8_msgs/msg/detail/dds_fastrtps/key_point3_d__type_support.cpp.o[0m
[3.617s] [ 67%] [32m[1mLinking CXX shared library libyolov8_msgs__rosidl_typesupport_introspection_cpp.so[0m
[3.634s] [ 68%] [32mBuilding CXX object CMakeFiles/yolov8_msgs__rosidl_typesupport_fastrtps_cpp.dir/rosidl_typesupport_fastrtps_cpp/yolov8_msgs/msg/detail/dds_fastrtps/key_point3_d_array__type_support.cpp.o[0m
[3.674s] [ 69%] [32mBuilding CXX object CMakeFiles/yolov8_msgs__rosidl_typesupport_fastrtps_cpp.dir/rosidl_typesupport_fastrtps_cpp/yolov8_msgs/msg/detail/dds_fastrtps/detection__type_support.cpp.o[0m
[3.690s] [ 69%] Built target yolov8_msgs__rosidl_typesupport_introspection_cpp
[3.700s] [ 69%] [32mBuilding CXX object CMakeFiles/yolov8_msgs__rosidl_typesupport_fastrtps_cpp.dir/rosidl_typesupport_fastrtps_cpp/yolov8_msgs/msg/detail/dds_fastrtps/detection_array__type_support.cpp.o[0m
[3.716s] [ 70%] [32m[1mLinking CXX shared library libyolov8_msgs__rosidl_typesupport_cpp.so[0m
[3.746s] [ 70%] Built target yolov8_msgs__rosidl_typesupport_cpp
[4.070s] [ 71%] [32m[1mLinking CXX shared library libyolov8_msgs__rosidl_typesupport_fastrtps_cpp.so[0m
[4.133s] [ 71%] Built target yolov8_msgs__rosidl_typesupport_fastrtps_cpp
[4.141s] [ 72%] [34m[1mGenerating C type support for eProsima Fast-RTPS[0m
[4.749s] [35m[1mScanning dependencies of target yolov8_msgs__rosidl_typesupport_fastrtps_c[0m
[4.765s] [ 74%] [32mBuilding CXX object CMakeFiles/yolov8_msgs__rosidl_typesupport_fastrtps_c.dir/rosidl_typesupport_fastrtps_c/yolov8_msgs/msg/detail/pose2_d__type_support_c.cpp.o[0m
[4.765s] [ 75%] [32mBuilding CXX object CMakeFiles/yolov8_msgs__rosidl_typesupport_fastrtps_c.dir/rosidl_typesupport_fastrtps_c/yolov8_msgs/msg/detail/vector2__type_support_c.cpp.o[0m
[4.765s] [ 75%] [32mBuilding CXX object CMakeFiles/yolov8_msgs__rosidl_typesupport_fastrtps_c.dir/rosidl_typesupport_fastrtps_c/yolov8_msgs/msg/detail/bounding_box2_d__type_support_c.cpp.o[0m
[4.766s] [ 74%] [32mBuilding CXX object CMakeFiles/yolov8_msgs__rosidl_typesupport_fastrtps_c.dir/rosidl_typesupport_fastrtps_c/yolov8_msgs/msg/detail/point2_d__type_support_c.cpp.o[0m
[4.766s] [ 76%] [32mBuilding CXX object CMakeFiles/yolov8_msgs__rosidl_typesupport_fastrtps_c.dir/rosidl_typesupport_fastrtps_c/yolov8_msgs/msg/detail/bounding_box3_d__type_support_c.cpp.o[0m
[4.766s] [ 77%] [32mBuilding CXX object CMakeFiles/yolov8_msgs__rosidl_typesupport_fastrtps_c.dir/rosidl_typesupport_fastrtps_c/yolov8_msgs/msg/detail/mask__type_support_c.cpp.o[0m
[4.766s] [ 78%] [32mBuilding CXX object CMakeFiles/yolov8_msgs__rosidl_typesupport_fastrtps_c.dir/rosidl_typesupport_fastrtps_c/yolov8_msgs/msg/detail/key_point2_d__type_support_c.cpp.o[0m
[4.769s] [ 79%] [32mBuilding CXX object CMakeFiles/yolov8_msgs__rosidl_typesupport_fastrtps_c.dir/rosidl_typesupport_fastrtps_c/yolov8_msgs/msg/detail/key_point2_d_array__type_support_c.cpp.o[0m
[5.019s] [ 79%] [32mBuilding CXX object CMakeFiles/yolov8_msgs__rosidl_typesupport_fastrtps_c.dir/rosidl_typesupport_fastrtps_c/yolov8_msgs/msg/detail/key_point3_d__type_support_c.cpp.o[0m
[5.022s] [ 80%] [32mBuilding CXX object CMakeFiles/yolov8_msgs__rosidl_typesupport_fastrtps_c.dir/rosidl_typesupport_fastrtps_c/yolov8_msgs/msg/detail/key_point3_d_array__type_support_c.cpp.o[0m
[5.026s] [ 81%] [32mBuilding CXX object CMakeFiles/yolov8_msgs__rosidl_typesupport_fastrtps_c.dir/rosidl_typesupport_fastrtps_c/yolov8_msgs/msg/detail/detection_array__type_support_c.cpp.o[0m
[5.029s] [ 82%] [32mBuilding CXX object CMakeFiles/yolov8_msgs__rosidl_typesupport_fastrtps_c.dir/rosidl_typesupport_fastrtps_c/yolov8_msgs/msg/detail/detection__type_support_c.cpp.o[0m
[5.292s] [ 83%] [32m[1mLinking CXX shared library libyolov8_msgs__rosidl_typesupport_fastrtps_c.so[0m
[5.353s] [ 83%] Built target yolov8_msgs__rosidl_typesupport_fastrtps_c
[5.366s] [ 83%] Built target yolov8_msgs
[5.379s] [ 84%] [34m[1mGenerating Python code for ROS interfaces[0m
[6.656s] [ 84%] Built target yolov8_msgs__py
[6.666s] [35m[1mScanning dependencies of target yolov8_msgs__python[0m
[6.689s] [ 87%] [32mBuilding C object CMakeFiles/yolov8_msgs__python.dir/rosidl_generator_py/yolov8_msgs/msg/_point2_d_s.c.o[0m
[6.689s] [ 87%] [32mBuilding C object CMakeFiles/yolov8_msgs__python.dir/rosidl_generator_py/yolov8_msgs/msg/_pose2_d_s.c.o[0m
[6.689s] [ 87%] [32mBuilding C object CMakeFiles/yolov8_msgs__python.dir/rosidl_generator_py/yolov8_msgs/msg/_bounding_box2_d_s.c.o[0m
[6.689s] [ 87%] [32mBuilding C object CMakeFiles/yolov8_msgs__python.dir/rosidl_generator_py/yolov8_msgs/msg/_bounding_box3_d_s.c.o[0m
[6.689s] [ 88%] [32mBuilding C object CMakeFiles/yolov8_msgs__python.dir/rosidl_generator_py/yolov8_msgs/msg/_mask_s.c.o[0m
[6.689s] [ 89%] [32mBuilding C object CMakeFiles/yolov8_msgs__python.dir/rosidl_generator_py/yolov8_msgs/msg/_key_point2_d_s.c.o[0m
[6.689s] [ 90%] [32mBuilding C object CMakeFiles/yolov8_msgs__python.dir/rosidl_generator_py/yolov8_msgs/msg/_key_point2_d_array_s.c.o[0m
[6.691s] [ 91%] [32mBuilding C object CMakeFiles/yolov8_msgs__python.dir/rosidl_generator_py/yolov8_msgs/msg/_vector2_s.c.o[0m
[6.750s] [ 92%] [32mBuilding C object CMakeFiles/yolov8_msgs__python.dir/rosidl_generator_py/yolov8_msgs/msg/_key_point3_d_s.c.o[0m
[6.750s] [ 93%] [32mBuilding C object CMakeFiles/yolov8_msgs__python.dir/rosidl_generator_py/yolov8_msgs/msg/_key_point3_d_array_s.c.o[0m
[6.752s] [ 93%] [32mBuilding C object CMakeFiles/yolov8_msgs__python.dir/rosidl_generator_py/yolov8_msgs/msg/_detection_s.c.o[0m
[6.752s] [ 94%] [32mBuilding C object CMakeFiles/yolov8_msgs__python.dir/rosidl_generator_py/yolov8_msgs/msg/_detection_array_s.c.o[0m
[6.817s] [ 95%] [32m[1mLinking C shared library rosidl_generator_py/yolov8_msgs/libyolov8_msgs__python.so[0m
[6.849s] [ 95%] Built target yolov8_msgs__python
[6.857s] [35m[1mScanning dependencies of target yolov8_msgs__rosidl_typesupport_fastrtps_c__pyext[0m
[6.857s] [35m[1mScanning dependencies of target yolov8_msgs__rosidl_typesupport_c__pyext[0m
[6.857s] [35m[1mScanning dependencies of target yolov8_msgs__rosidl_typesupport_introspection_c__pyext[0m
[6.868s] [ 96%] [32mBuilding C object CMakeFiles/yolov8_msgs__rosidl_typesupport_introspection_c__pyext.dir/rosidl_generator_py/yolov8_msgs/_yolov8_msgs_s.ep.rosidl_typesupport_introspection_c.c.o[0m
[6.868s] [ 96%] [32mBuilding C object CMakeFiles/yolov8_msgs__rosidl_typesupport_c__pyext.dir/rosidl_generator_py/yolov8_msgs/_yolov8_msgs_s.ep.rosidl_typesupport_c.c.o[0m
[6.868s] [ 97%] [32mBuilding C object CMakeFiles/yolov8_msgs__rosidl_typesupport_fastrtps_c__pyext.dir/rosidl_generator_py/yolov8_msgs/_yolov8_msgs_s.ep.rosidl_typesupport_fastrtps_c.c.o[0m
[6.946s] [ 99%] [32m[1mLinking C shared library rosidl_generator_py/yolov8_msgs/yolov8_msgs_s__rosidl_typesupport_c.cpython-38-x86_64-linux-gnu.so[0m
[6.946s] [ 99%] [32m[1mLinking C shared library rosidl_generator_py/yolov8_msgs/yolov8_msgs_s__rosidl_typesupport_introspection_c.cpython-38-x86_64-linux-gnu.so[0m
[6.948s] [100%] [32m[1mLinking CXX shared library rosidl_generator_py/yolov8_msgs/yolov8_msgs_s__rosidl_typesupport_fastrtps_c.cpython-38-x86_64-linux-gnu.so[0m
[6.972s] [100%] Built target yolov8_msgs__rosidl_typesupport_c__pyext
[6.973s] [100%] Built target yolov8_msgs__rosidl_typesupport_introspection_c__pyext
[6.996s] [100%] Built target yolov8_msgs__rosidl_typesupport_fastrtps_c__pyext
[7.004s] Invoked command in '/home/yong/yolov8_ros/build/yolov8_msgs' returned '0': CMAKE_PREFIX_PATH=${CMAKE_PREFIX_PATH}:/home/yong/yolov8_ros/install/yolov8_ros:/opt/ros/foxy /usr/bin/cmake --build /home/yong/yolov8_ros/build/yolov8_msgs -- -j8 -l8
[7.108s] Invoking command in '/home/yong/yolov8_ros/build/yolov8_msgs': CMAKE_PREFIX_PATH=${CMAKE_PREFIX_PATH}:/home/yong/yolov8_ros/install/yolov8_ros:/opt/ros/foxy /usr/bin/cmake --install /home/yong/yolov8_ros/build/yolov8_msgs
[7.114s] -- Install configuration: ""
[7.114s] -- Execute custom install script
[7.114s] -- Up-to-date symlink: /home/yong/yolov8_ros/install/yolov8_msgs/share/ament_index/resource_index/rosidl_interfaces/yolov8_msgs
[7.115s] -- Up-to-date symlink: /home/yong/yolov8_ros/install/yolov8_msgs/include/yolov8_msgs/msg/bounding_box2_d.h
[7.115s] -- Up-to-date symlink: /home/yong/yolov8_ros/install/yolov8_msgs/include/yolov8_msgs/msg/bounding_box3_d.h
[7.115s] -- Up-to-date symlink: /home/yong/yolov8_ros/install/yolov8_msgs/include/yolov8_msgs/msg/detail/bounding_box2_d__functions.h
[7.115s] -- Up-to-date symlink: /home/yong/yolov8_ros/install/yolov8_msgs/include/yolov8_msgs/msg/detail/bounding_box2_d__struct.h
[7.115s] -- Up-to-date symlink: /home/yong/yolov8_ros/install/yolov8_msgs/include/yolov8_msgs/msg/detail/bounding_box2_d__type_support.h
[7.115s] -- Up-to-date symlink: /home/yong/yolov8_ros/install/yolov8_msgs/include/yolov8_msgs/msg/detail/bounding_box3_d__functions.h
[7.116s] -- Up-to-date symlink: /home/yong/yolov8_ros/install/yolov8_msgs/include/yolov8_msgs/msg/detail/bounding_box3_d__struct.h
[7.116s] -- Up-to-date symlink: /home/yong/yolov8_ros/install/yolov8_msgs/include/yolov8_msgs/msg/detail/bounding_box3_d__type_support.h
[7.116s] -- Up-to-date symlink: /home/yong/yolov8_ros/install/yolov8_msgs/include/yolov8_msgs/msg/detail/detection__functions.h
[7.116s] -- Up-to-date symlink: /home/yong/yolov8_ros/install/yolov8_msgs/include/yolov8_msgs/msg/detail/detection__struct.h
[7.116s] -- Up-to-date symlink: /home/yong/yolov8_ros/install/yolov8_msgs/include/yolov8_msgs/msg/detail/detection__type_support.h
[7.116s] -- Up-to-date symlink: /home/yong/yolov8_ros/install/yolov8_msgs/include/yolov8_msgs/msg/detail/detection_array__functions.h
[7.116s] -- Up-to-date symlink: /home/yong/yolov8_ros/install/yolov8_msgs/include/yolov8_msgs/msg/detail/detection_array__struct.h
[7.116s] -- Up-to-date symlink: /home/yong/yolov8_ros/install/yolov8_msgs/include/yolov8_msgs/msg/detail/detection_array__type_support.h
[7.116s] -- Up-to-date symlink: /home/yong/yolov8_ros/install/yolov8_msgs/include/yolov8_msgs/msg/detail/key_point2_d__functions.h
[7.117s] -- Up-to-date symlink: /home/yong/yolov8_ros/install/yolov8_msgs/include/yolov8_msgs/msg/detail/key_point2_d__struct.h
[7.117s] -- Up-to-date symlink: /home/yong/yolov8_ros/install/yolov8_msgs/include/yolov8_msgs/msg/detail/key_point2_d__type_support.h
[7.117s] -- Up-to-date symlink: /home/yong/yolov8_ros/install/yolov8_msgs/include/yolov8_msgs/msg/detail/key_point2_d_array__functions.h
[7.117s] -- Up-to-date symlink: /home/yong/yolov8_ros/install/yolov8_msgs/include/yolov8_msgs/msg/detail/key_point2_d_array__struct.h
[7.117s] -- Up-to-date symlink: /home/yong/yolov8_ros/install/yolov8_msgs/include/yolov8_msgs/msg/detail/key_point2_d_array__type_support.h
[7.117s] -- Up-to-date symlink: /home/yong/yolov8_ros/install/yolov8_msgs/include/yolov8_msgs/msg/detail/key_point3_d__functions.h
[7.117s] -- Up-to-date symlink: /home/yong/yolov8_ros/install/yolov8_msgs/include/yolov8_msgs/msg/detail/key_point3_d__struct.h
[7.117s] -- Up-to-date symlink: /home/yong/yolov8_ros/install/yolov8_msgs/include/yolov8_msgs/msg/detail/key_point3_d__type_support.h
[7.117s] -- Up-to-date symlink: /home/yong/yolov8_ros/install/yolov8_msgs/include/yolov8_msgs/msg/detail/key_point3_d_array__functions.h
[7.118s] -- Up-to-date symlink: /home/yong/yolov8_ros/install/yolov8_msgs/include/yolov8_msgs/msg/detail/key_point3_d_array__struct.h
[7.118s] -- Up-to-date symlink: /home/yong/yolov8_ros/install/yolov8_msgs/include/yolov8_msgs/msg/detail/key_point3_d_array__type_support.h
[7.118s] -- Up-to-date symlink: /home/yong/yolov8_ros/install/yolov8_msgs/include/yolov8_msgs/msg/detail/mask__functions.h
[7.118s] -- Up-to-date symlink: /home/yong/yolov8_ros/install/yolov8_msgs/include/yolov8_msgs/msg/detail/mask__struct.h
[7.118s] -- Up-to-date symlink: /home/yong/yolov8_ros/install/yolov8_msgs/include/yolov8_msgs/msg/detail/mask__type_support.h
[7.118s] -- Up-to-date symlink: /home/yong/yolov8_ros/install/yolov8_msgs/include/yolov8_msgs/msg/detail/point2_d__functions.h
[7.118s] -- Up-to-date symlink: /home/yong/yolov8_ros/install/yolov8_msgs/include/yolov8_msgs/msg/detail/point2_d__struct.h
[7.118s] -- Up-to-date symlink: /home/yong/yolov8_ros/install/yolov8_msgs/include/yolov8_msgs/msg/detail/point2_d__type_support.h
[7.118s] -- Up-to-date symlink: /home/yong/yolov8_ros/install/yolov8_msgs/include/yolov8_msgs/msg/detail/pose2_d__functions.h
[7.119s] -- Up-to-date symlink: /home/yong/yolov8_ros/install/yolov8_msgs/include/yolov8_msgs/msg/detail/pose2_d__struct.h
[7.119s] -- Up-to-date symlink: /home/yong/yolov8_ros/install/yolov8_msgs/include/yolov8_msgs/msg/detail/pose2_d__type_support.h
[7.119s] -- Up-to-date symlink: /home/yong/yolov8_ros/install/yolov8_msgs/include/yolov8_msgs/msg/detail/vector2__functions.h
[7.119s] -- Up-to-date symlink: /home/yong/yolov8_ros/install/yolov8_msgs/include/yolov8_msgs/msg/detail/vector2__struct.h
[7.119s] -- Up-to-date symlink: /home/yong/yolov8_ros/install/yolov8_msgs/include/yolov8_msgs/msg/detail/vector2__type_support.h
[7.119s] -- Up-to-date symlink: /home/yong/yolov8_ros/install/yolov8_msgs/include/yolov8_msgs/msg/detection.h
[7.119s] -- Up-to-date symlink: /home/yong/yolov8_ros/install/yolov8_msgs/include/yolov8_msgs/msg/detection_array.h
[7.119s] -- Up-to-date symlink: /home/yong/yolov8_ros/install/yolov8_msgs/include/yolov8_msgs/msg/key_point2_d.h
[7.119s] -- Up-to-date symlink: /home/yong/yolov8_ros/install/yolov8_msgs/include/yolov8_msgs/msg/key_point2_d_array.h
[7.119s] -- Up-to-date symlink: /home/yong/yolov8_ros/install/yolov8_msgs/include/yolov8_msgs/msg/key_point3_d.h
[7.120s] -- Up-to-date symlink: /home/yong/yolov8_ros/install/yolov8_msgs/include/yolov8_msgs/msg/key_point3_d_array.h
[7.120s] -- Up-to-date symlink: /home/yong/yolov8_ros/install/yolov8_msgs/include/yolov8_msgs/msg/mask.h
[7.120s] -- Up-to-date symlink: /home/yong/yolov8_ros/install/yolov8_msgs/include/yolov8_msgs/msg/point2_d.h
[7.120s] -- Up-to-date symlink: /home/yong/yolov8_ros/install/yolov8_msgs/include/yolov8_msgs/msg/pose2_d.h
[7.120s] -- Up-to-date symlink: /home/yong/yolov8_ros/install/yolov8_msgs/include/yolov8_msgs/msg/rosidl_generator_c__visibility_control.h
[7.120s] -- Up-to-date symlink: /home/yong/yolov8_ros/install/yolov8_msgs/include/yolov8_msgs/msg/vector2.h
[7.120s] -- Up-to-date symlink: /home/yong/yolov8_ros/install/yolov8_msgs/share/yolov8_msgs/environment/library_path.sh
[7.120s] -- Up-to-date symlink: /home/yong/yolov8_ros/install/yolov8_msgs/share/yolov8_msgs/environment/library_path.dsv
[7.121s] -- Up-to-date symlink: /home/yong/yolov8_ros/install/yolov8_msgs/include/yolov8_msgs/msg/detail/bounding_box2_d__rosidl_typesupport_fastrtps_c.h
[7.121s] -- Up-to-date symlink: /home/yong/yolov8_ros/install/yolov8_msgs/include/yolov8_msgs/msg/detail/bounding_box3_d__rosidl_typesupport_fastrtps_c.h
[7.121s] -- Up-to-date symlink: /home/yong/yolov8_ros/install/yolov8_msgs/include/yolov8_msgs/msg/detail/detection__rosidl_typesupport_fastrtps_c.h
[7.121s] -- Up-to-date symlink: /home/yong/yolov8_ros/install/yolov8_msgs/include/yolov8_msgs/msg/detail/detection_array__rosidl_typesupport_fastrtps_c.h
[7.122s] -- Up-to-date symlink: /home/yong/yolov8_ros/install/yolov8_msgs/include/yolov8_msgs/msg/detail/key_point2_d__rosidl_typesupport_fastrtps_c.h
[7.122s] -- Up-to-date symlink: /home/yong/yolov8_ros/install/yolov8_msgs/include/yolov8_msgs/msg/detail/key_point2_d_array__rosidl_typesupport_fastrtps_c.h
[7.122s] -- Up-to-date symlink: /home/yong/yolov8_ros/install/yolov8_msgs/include/yolov8_msgs/msg/detail/key_point3_d__rosidl_typesupport_fastrtps_c.h
[7.122s] -- Up-to-date symlink: /home/yong/yolov8_ros/install/yolov8_msgs/include/yolov8_msgs/msg/detail/key_point3_d_array__rosidl_typesupport_fastrtps_c.h
[7.122s] -- Up-to-date symlink: /home/yong/yolov8_ros/install/yolov8_msgs/include/yolov8_msgs/msg/detail/mask__rosidl_typesupport_fastrtps_c.h
[7.122s] -- Up-to-date symlink: /home/yong/yolov8_ros/install/yolov8_msgs/include/yolov8_msgs/msg/detail/point2_d__rosidl_typesupport_fastrtps_c.h
[7.122s] -- Up-to-date symlink: /home/yong/yolov8_ros/install/yolov8_msgs/include/yolov8_msgs/msg/detail/pose2_d__rosidl_typesupport_fastrtps_c.h
[7.122s] -- Up-to-date symlink: /home/yong/yolov8_ros/install/yolov8_msgs/include/yolov8_msgs/msg/detail/vector2__rosidl_typesupport_fastrtps_c.h
[7.123s] -- Up-to-date symlink: /home/yong/yolov8_ros/install/yolov8_msgs/include/yolov8_msgs/msg/rosidl_typesupport_fastrtps_c__visibility_control.h
[7.123s] -- Up-to-date symlink: /home/yong/yolov8_ros/install/yolov8_msgs/lib/libyolov8_msgs__rosidl_typesupport_fastrtps_c.so
[7.123s] -- Up-to-date symlink: /home/yong/yolov8_ros/install/yolov8_msgs/include/yolov8_msgs/msg/detail/bounding_box2_d__rosidl_typesupport_fastrtps_cpp.hpp
[7.124s] -- Up-to-date symlink: /home/yong/yolov8_ros/install/yolov8_msgs/include/yolov8_msgs/msg/detail/bounding_box3_d__rosidl_typesupport_fastrtps_cpp.hpp
[7.124s] -- Up-to-date symlink: /home/yong/yolov8_ros/install/yolov8_msgs/include/yolov8_msgs/msg/detail/detection__rosidl_typesupport_fastrtps_cpp.hpp
[7.124s] -- Up-to-date symlink: /home/yong/yolov8_ros/install/yolov8_msgs/include/yolov8_msgs/msg/detail/detection_array__rosidl_typesupport_fastrtps_cpp.hpp
[7.124s] -- Up-to-date symlink: /home/yong/yolov8_ros/install/yolov8_msgs/include/yolov8_msgs/msg/detail/key_point2_d__rosidl_typesupport_fastrtps_cpp.hpp
[7.124s] -- Up-to-date symlink: /home/yong/yolov8_ros/install/yolov8_msgs/include/yolov8_msgs/msg/detail/key_point2_d_array__rosidl_typesupport_fastrtps_cpp.hpp
[7.124s] -- Up-to-date symlink: /home/yong/yolov8_ros/install/yolov8_msgs/include/yolov8_msgs/msg/detail/key_point3_d__rosidl_typesupport_fastrtps_cpp.hpp
[7.124s] -- Up-to-date symlink: /home/yong/yolov8_ros/install/yolov8_msgs/include/yolov8_msgs/msg/detail/key_point3_d_array__rosidl_typesupport_fastrtps_cpp.hpp
[7.125s] -- Up-to-date symlink: /home/yong/yolov8_ros/install/yolov8_msgs/include/yolov8_msgs/msg/detail/mask__rosidl_typesupport_fastrtps_cpp.hpp
[7.125s] -- Up-to-date symlink: /home/yong/yolov8_ros/install/yolov8_msgs/include/yolov8_msgs/msg/detail/point2_d__rosidl_typesupport_fastrtps_cpp.hpp
[7.125s] -- Up-to-date symlink: /home/yong/yolov8_ros/install/yolov8_msgs/include/yolov8_msgs/msg/detail/pose2_d__rosidl_typesupport_fastrtps_cpp.hpp
[7.125s] -- Up-to-date symlink: /home/yong/yolov8_ros/install/yolov8_msgs/include/yolov8_msgs/msg/detail/vector2__rosidl_typesupport_fastrtps_cpp.hpp
[7.125s] -- Up-to-date symlink: /home/yong/yolov8_ros/install/yolov8_msgs/include/yolov8_msgs/msg/rosidl_typesupport_fastrtps_cpp__visibility_control.h
[7.125s] -- Up-to-date symlink: /home/yong/yolov8_ros/install/yolov8_msgs/lib/libyolov8_msgs__rosidl_typesupport_fastrtps_cpp.so
[7.126s] -- Up-to-date symlink: /home/yong/yolov8_ros/install/yolov8_msgs/include/yolov8_msgs/msg/detail/bounding_box2_d__rosidl_typesupport_introspection_c.h
[7.126s] -- Up-to-date symlink: /home/yong/yolov8_ros/install/yolov8_msgs/include/yolov8_msgs/msg/detail/bounding_box3_d__rosidl_typesupport_introspection_c.h
[7.126s] -- Up-to-date symlink: /home/yong/yolov8_ros/install/yolov8_msgs/include/yolov8_msgs/msg/detail/detection__rosidl_typesupport_introspection_c.h
[7.126s] -- Up-to-date symlink: /home/yong/yolov8_ros/install/yolov8_msgs/include/yolov8_msgs/msg/detail/detection_array__rosidl_typesupport_introspection_c.h
[7.126s] -- Up-to-date symlink: /home/yong/yolov8_ros/install/yolov8_msgs/include/yolov8_msgs/msg/detail/key_point2_d__rosidl_typesupport_introspection_c.h
[7.126s] -- Up-to-date symlink: /home/yong/yolov8_ros/install/yolov8_msgs/include/yolov8_msgs/msg/detail/key_point2_d_array__rosidl_typesupport_introspection_c.h
[7.126s] -- Up-to-date symlink: /home/yong/yolov8_ros/install/yolov8_msgs/include/yolov8_msgs/msg/detail/key_point3_d__rosidl_typesupport_introspection_c.h
[7.126s] -- Up-to-date symlink: /home/yong/yolov8_ros/install/yolov8_msgs/include/yolov8_msgs/msg/detail/key_point3_d_array__rosidl_typesupport_introspection_c.h
[7.126s] -- Up-to-date symlink: /home/yong/yolov8_ros/install/yolov8_msgs/include/yolov8_msgs/msg/detail/mask__rosidl_typesupport_introspection_c.h
[7.127s] -- Up-to-date symlink: /home/yong/yolov8_ros/install/yolov8_msgs/include/yolov8_msgs/msg/detail/point2_d__rosidl_typesupport_introspection_c.h
[7.127s] -- Up-to-date symlink: /home/yong/yolov8_ros/install/yolov8_msgs/include/yolov8_msgs/msg/detail/pose2_d__rosidl_typesupport_introspection_c.h
[7.127s] -- Up-to-date symlink: /home/yong/yolov8_ros/install/yolov8_msgs/include/yolov8_msgs/msg/detail/vector2__rosidl_typesupport_introspection_c.h
[7.127s] -- Up-to-date symlink: /home/yong/yolov8_ros/install/yolov8_msgs/include/yolov8_msgs/msg/rosidl_typesupport_introspection_c__visibility_control.h
[7.127s] -- Up-to-date symlink: /home/yong/yolov8_ros/install/yolov8_msgs/include/yolov8_msgs/msg/bounding_box2_d.hpp
[7.128s] -- Up-to-date symlink: /home/yong/yolov8_ros/install/yolov8_msgs/include/yolov8_msgs/msg/bounding_box3_d.hpp
[7.128s] -- Up-to-date symlink: /home/yong/yolov8_ros/install/yolov8_msgs/include/yolov8_msgs/msg/detail/bounding_box2_d__builder.hpp
[7.128s] -- Up-to-date symlink: /home/yong/yolov8_ros/install/yolov8_msgs/include/yolov8_msgs/msg/detail/bounding_box2_d__struct.hpp
[7.128s] -- Up-to-date symlink: /home/yong/yolov8_ros/install/yolov8_msgs/include/yolov8_msgs/msg/detail/bounding_box2_d__traits.hpp
[7.128s] -- Up-to-date symlink: /home/yong/yolov8_ros/install/yolov8_msgs/include/yolov8_msgs/msg/detail/bounding_box2_d__type_support.hpp
[7.128s] -- Up-to-date symlink: /home/yong/yolov8_ros/install/yolov8_msgs/include/yolov8_msgs/msg/detail/bounding_box3_d__builder.hpp
[7.128s] -- Up-to-date symlink: /home/yong/yolov8_ros/install/yolov8_msgs/include/yolov8_msgs/msg/detail/bounding_box3_d__struct.hpp
[7.128s] -- Up-to-date symlink: /home/yong/yolov8_ros/install/yolov8_msgs/include/yolov8_msgs/msg/detail/bounding_box3_d__traits.hpp
[7.128s] -- Up-to-date symlink: /home/yong/yolov8_ros/install/yolov8_msgs/include/yolov8_msgs/msg/detail/bounding_box3_d__type_support.hpp
[7.129s] -- Up-to-date symlink: /home/yong/yolov8_ros/install/yolov8_msgs/include/yolov8_msgs/msg/detail/detection__builder.hpp
[7.129s] -- Up-to-date symlink: /home/yong/yolov8_ros/install/yolov8_msgs/include/yolov8_msgs/msg/detail/detection__struct.hpp
[7.129s] -- Up-to-date symlink: /home/yong/yolov8_ros/install/yolov8_msgs/include/yolov8_msgs/msg/detail/detection__traits.hpp
[7.129s] -- Up-to-date symlink: /home/yong/yolov8_ros/install/yolov8_msgs/include/yolov8_msgs/msg/detail/detection__type_support.hpp
[7.129s] -- Up-to-date symlink: /home/yong/yolov8_ros/install/yolov8_msgs/include/yolov8_msgs/msg/detail/detection_array__builder.hpp
[7.129s] -- Up-to-date symlink: /home/yong/yolov8_ros/install/yolov8_msgs/include/yolov8_msgs/msg/detail/detection_array__struct.hpp
[7.129s] -- Up-to-date symlink: /home/yong/yolov8_ros/install/yolov8_msgs/include/yolov8_msgs/msg/detail/detection_array__traits.hpp
[7.129s] -- Up-to-date symlink: /home/yong/yolov8_ros/install/yolov8_msgs/include/yolov8_msgs/msg/detail/detection_array__type_support.hpp
[7.129s] -- Up-to-date symlink: /home/yong/yolov8_ros/install/yolov8_msgs/include/yolov8_msgs/msg/detail/key_point2_d__builder.hpp
[7.129s] -- Up-to-date symlink: /home/yong/yolov8_ros/install/yolov8_msgs/include/yolov8_msgs/msg/detail/key_point2_d__struct.hpp
[7.129s] -- Up-to-date symlink: /home/yong/yolov8_ros/install/yolov8_msgs/include/yolov8_msgs/msg/detail/key_point2_d__traits.hpp
[7.130s] -- Up-to-date symlink: /home/yong/yolov8_ros/install/yolov8_msgs/include/yolov8_msgs/msg/detail/key_point2_d__type_support.hpp
[7.130s] -- Up-to-date symlink: /home/yong/yolov8_ros/install/yolov8_msgs/include/yolov8_msgs/msg/detail/key_point2_d_array__builder.hpp
[7.130s] -- Up-to-date symlink: /home/yong/yolov8_ros/install/yolov8_msgs/include/yolov8_msgs/msg/detail/key_point2_d_array__struct.hpp
[7.130s] -- Up-to-date symlink: /home/yong/yolov8_ros/install/yolov8_msgs/include/yolov8_msgs/msg/detail/key_point2_d_array__traits.hpp
[7.130s] -- Up-to-date symlink: /home/yong/yolov8_ros/install/yolov8_msgs/include/yolov8_msgs/msg/detail/key_point2_d_array__type_support.hpp
[7.130s] -- Up-to-date symlink: /home/yong/yolov8_ros/install/yolov8_msgs/include/yolov8_msgs/msg/detail/key_point3_d__builder.hpp
[7.130s] -- Up-to-date symlink: /home/yong/yolov8_ros/install/yolov8_msgs/include/yolov8_msgs/msg/detail/key_point3_d__struct.hpp
[7.130s] -- Up-to-date symlink: /home/yong/yolov8_ros/install/yolov8_msgs/include/yolov8_msgs/msg/detail/key_point3_d__traits.hpp
[7.130s] -- Up-to-date symlink: /home/yong/yolov8_ros/install/yolov8_msgs/include/yolov8_msgs/msg/detail/key_point3_d__type_support.hpp
[7.131s] -- Up-to-date symlink: /home/yong/yolov8_ros/install/yolov8_msgs/include/yolov8_msgs/msg/detail/key_point3_d_array__builder.hpp
[7.131s] -- Up-to-date symlink: /home/yong/yolov8_ros/install/yolov8_msgs/include/yolov8_msgs/msg/detail/key_point3_d_array__struct.hpp
[7.131s] -- Up-to-date symlink: /home/yong/yolov8_ros/install/yolov8_msgs/include/yolov8_msgs/msg/detail/key_point3_d_array__traits.hpp
[7.131s] -- Up-to-date symlink: /home/yong/yolov8_ros/install/yolov8_msgs/include/yolov8_msgs/msg/detail/key_point3_d_array__type_support.hpp
[7.131s] -- Up-to-date symlink: /home/yong/yolov8_ros/install/yolov8_msgs/include/yolov8_msgs/msg/detail/mask__builder.hpp
[7.131s] -- Up-to-date symlink: /home/yong/yolov8_ros/install/yolov8_msgs/include/yolov8_msgs/msg/detail/mask__struct.hpp
[7.131s] -- Up-to-date symlink: /home/yong/yolov8_ros/install/yolov8_msgs/include/yolov8_msgs/msg/detail/mask__traits.hpp
[7.131s] -- Up-to-date symlink: /home/yong/yolov8_ros/install/yolov8_msgs/include/yolov8_msgs/msg/detail/mask__type_support.hpp
[7.131s] -- Up-to-date symlink: /home/yong/yolov8_ros/install/yolov8_msgs/include/yolov8_msgs/msg/detail/point2_d__builder.hpp
[7.132s] -- Up-to-date symlink: /home/yong/yolov8_ros/install/yolov8_msgs/include/yolov8_msgs/msg/detail/point2_d__struct.hpp
[7.132s] -- Up-to-date symlink: /home/yong/yolov8_ros/install/yolov8_msgs/include/yolov8_msgs/msg/detail/point2_d__traits.hpp
[7.132s] -- Up-to-date symlink: /home/yong/yolov8_ros/install/yolov8_msgs/include/yolov8_msgs/msg/detail/point2_d__type_support.hpp
[7.132s] -- Up-to-date symlink: /home/yong/yolov8_ros/install/yolov8_msgs/include/yolov8_msgs/msg/detail/pose2_d__builder.hpp
[7.132s] -- Up-to-date symlink: /home/yong/yolov8_ros/install/yolov8_msgs/include/yolov8_msgs/msg/detail/pose2_d__struct.hpp
[7.132s] -- Up-to-date symlink: /home/yong/yolov8_ros/install/yolov8_msgs/include/yolov8_msgs/msg/detail/pose2_d__traits.hpp
[7.132s] -- Up-to-date symlink: /home/yong/yolov8_ros/install/yolov8_msgs/include/yolov8_msgs/msg/detail/pose2_d__type_support.hpp
[7.132s] -- Up-to-date symlink: /home/yong/yolov8_ros/install/yolov8_msgs/include/yolov8_msgs/msg/detail/vector2__builder.hpp
[7.133s] -- Up-to-date symlink: /home/yong/yolov8_ros/install/yolov8_msgs/include/yolov8_msgs/msg/detail/vector2__struct.hpp
[7.133s] -- Up-to-date symlink: /home/yong/yolov8_ros/install/yolov8_msgs/include/yolov8_msgs/msg/detail/vector2__traits.hpp
[7.133s] -- Up-to-date symlink: /home/yong/yolov8_ros/install/yolov8_msgs/include/yolov8_msgs/msg/detail/vector2__type_support.hpp
[7.133s] -- Up-to-date symlink: /home/yong/yolov8_ros/install/yolov8_msgs/include/yolov8_msgs/msg/detection.hpp
[7.133s] -- Up-to-date symlink: /home/yong/yolov8_ros/install/yolov8_msgs/include/yolov8_msgs/msg/detection_array.hpp
[7.133s] -- Up-to-date symlink: /home/yong/yolov8_ros/install/yolov8_msgs/include/yolov8_msgs/msg/key_point2_d.hpp
[7.133s] -- Up-to-date symlink: /home/yong/yolov8_ros/install/yolov8_msgs/include/yolov8_msgs/msg/key_point2_d_array.hpp
[7.133s] -- Up-to-date symlink: /home/yong/yolov8_ros/install/yolov8_msgs/include/yolov8_msgs/msg/key_point3_d.hpp
[7.133s] -- Up-to-date symlink: /home/yong/yolov8_ros/install/yolov8_msgs/include/yolov8_msgs/msg/key_point3_d_array.hpp
[7.133s] -- Up-to-date symlink: /home/yong/yolov8_ros/install/yolov8_msgs/include/yolov8_msgs/msg/mask.hpp
[7.134s] -- Up-to-date symlink: /home/yong/yolov8_ros/install/yolov8_msgs/include/yolov8_msgs/msg/point2_d.hpp
[7.134s] -- Up-to-date symlink: /home/yong/yolov8_ros/install/yolov8_msgs/include/yolov8_msgs/msg/pose2_d.hpp
[7.134s] -- Up-to-date symlink: /home/yong/yolov8_ros/install/yolov8_msgs/include/yolov8_msgs/msg/rosidl_generator_cpp__visibility_control.hpp
[7.134s] -- Up-to-date symlink: /home/yong/yolov8_ros/install/yolov8_msgs/include/yolov8_msgs/msg/vector2.hpp
[7.134s] -- Up-to-date symlink: /home/yong/yolov8_ros/install/yolov8_msgs/include/yolov8_msgs/msg/detail/bounding_box2_d__rosidl_typesupport_introspection_cpp.hpp
[7.134s] -- Up-to-date symlink: /home/yong/yolov8_ros/install/yolov8_msgs/include/yolov8_msgs/msg/detail/bounding_box3_d__rosidl_typesupport_introspection_cpp.hpp
[7.134s] -- Up-to-date symlink: /home/yong/yolov8_ros/install/yolov8_msgs/include/yolov8_msgs/msg/detail/detection__rosidl_typesupport_introspection_cpp.hpp
[7.135s] -- Up-to-date symlink: /home/yong/yolov8_ros/install/yolov8_msgs/include/yolov8_msgs/msg/detail/detection_array__rosidl_typesupport_introspection_cpp.hpp
[7.135s] -- Up-to-date symlink: /home/yong/yolov8_ros/install/yolov8_msgs/include/yolov8_msgs/msg/detail/key_point2_d__rosidl_typesupport_introspection_cpp.hpp
[7.135s] -- Up-to-date symlink: /home/yong/yolov8_ros/install/yolov8_msgs/include/yolov8_msgs/msg/detail/key_point2_d_array__rosidl_typesupport_introspection_cpp.hpp
[7.135s] -- Up-to-date symlink: /home/yong/yolov8_ros/install/yolov8_msgs/include/yolov8_msgs/msg/detail/key_point3_d__rosidl_typesupport_introspection_cpp.hpp
[7.135s] -- Up-to-date symlink: /home/yong/yolov8_ros/install/yolov8_msgs/include/yolov8_msgs/msg/detail/key_point3_d_array__rosidl_typesupport_introspection_cpp.hpp
[7.135s] -- Up-to-date symlink: /home/yong/yolov8_ros/install/yolov8_msgs/include/yolov8_msgs/msg/detail/mask__rosidl_typesupport_introspection_cpp.hpp
[7.135s] -- Up-to-date symlink: /home/yong/yolov8_ros/install/yolov8_msgs/include/yolov8_msgs/msg/detail/point2_d__rosidl_typesupport_introspection_cpp.hpp
[7.135s] -- Up-to-date symlink: /home/yong/yolov8_ros/install/yolov8_msgs/include/yolov8_msgs/msg/detail/pose2_d__rosidl_typesupport_introspection_cpp.hpp
[7.135s] -- Up-to-date symlink: /home/yong/yolov8_ros/install/yolov8_msgs/include/yolov8_msgs/msg/detail/vector2__rosidl_typesupport_introspection_cpp.hpp
[7.136s] -- Up-to-date symlink: /home/yong/yolov8_ros/install/yolov8_msgs/share/yolov8_msgs/environment/pythonpath.sh
[7.136s] -- Up-to-date symlink: /home/yong/yolov8_ros/install/yolov8_msgs/share/yolov8_msgs/environment/pythonpath.dsv
[7.136s] -- Up-to-date symlink: /home/yong/yolov8_ros/install/yolov8_msgs/lib/python3.8/site-packages/yolov8_msgs/__init__.py
[7.136s] -- Up-to-date symlink: /home/yong/yolov8_ros/install/yolov8_msgs/lib/python3.8/site-packages/yolov8_msgs/msg/__init__.py
[7.137s] -- Up-to-date symlink: /home/yong/yolov8_ros/install/yolov8_msgs/lib/python3.8/site-packages/yolov8_msgs/msg/_bounding_box2_d.py
[7.137s] -- Up-to-date symlink: /home/yong/yolov8_ros/install/yolov8_msgs/lib/python3.8/site-packages/yolov8_msgs/msg/_bounding_box3_d.py
[7.137s] -- Up-to-date symlink: /home/yong/yolov8_ros/install/yolov8_msgs/lib/python3.8/site-packages/yolov8_msgs/msg/_detection.py
[7.137s] -- Up-to-date symlink: /home/yong/yolov8_ros/install/yolov8_msgs/lib/python3.8/site-packages/yolov8_msgs/msg/_detection_array.py
[7.137s] -- Up-to-date symlink: /home/yong/yolov8_ros/install/yolov8_msgs/lib/python3.8/site-packages/yolov8_msgs/msg/_key_point2_d.py
[7.137s] -- Up-to-date symlink: /home/yong/yolov8_ros/install/yolov8_msgs/lib/python3.8/site-packages/yolov8_msgs/msg/_key_point2_d_array.py
[7.137s] -- Up-to-date symlink: /home/yong/yolov8_ros/install/yolov8_msgs/lib/python3.8/site-packages/yolov8_msgs/msg/_key_point3_d.py
[7.137s] -- Up-to-date symlink: /home/yong/yolov8_ros/install/yolov8_msgs/lib/python3.8/site-packages/yolov8_msgs/msg/_key_point3_d_array.py
[7.137s] -- Up-to-date symlink: /home/yong/yolov8_ros/install/yolov8_msgs/lib/python3.8/site-packages/yolov8_msgs/msg/_mask.py
[7.137s] -- Up-to-date symlink: /home/yong/yolov8_ros/install/yolov8_msgs/lib/python3.8/site-packages/yolov8_msgs/msg/_point2_d.py
[7.137s] -- Up-to-date symlink: /home/yong/yolov8_ros/install/yolov8_msgs/lib/python3.8/site-packages/yolov8_msgs/msg/_pose2_d.py
[7.138s] -- Up-to-date symlink: /home/yong/yolov8_ros/install/yolov8_msgs/lib/python3.8/site-packages/yolov8_msgs/msg/_vector2.py
[7.138s] -- Up-to-date symlink: /home/yong/yolov8_ros/install/yolov8_msgs/lib/python3.8/site-packages/yolov8_msgs/yolov8_msgs_s__rosidl_typesupport_fastrtps_c.cpython-38-x86_64-linux-gnu.so
[7.138s] -- Up-to-date symlink: /home/yong/yolov8_ros/install/yolov8_msgs/lib/python3.8/site-packages/yolov8_msgs/yolov8_msgs_s__rosidl_typesupport_introspection_c.cpython-38-x86_64-linux-gnu.so
[7.138s] -- Up-to-date symlink: /home/yong/yolov8_ros/install/yolov8_msgs/lib/python3.8/site-packages/yolov8_msgs/yolov8_msgs_s__rosidl_typesupport_c.cpython-38-x86_64-linux-gnu.so
[7.139s] -- Up-to-date symlink: /home/yong/yolov8_ros/install/yolov8_msgs/lib/libyolov8_msgs__python.so
[7.139s] -- Up-to-date symlink: /home/yong/yolov8_ros/install/yolov8_msgs/share/yolov8_msgs/msg/Point2D.idl
[7.139s] -- Up-to-date symlink: /home/yong/yolov8_ros/install/yolov8_msgs/share/yolov8_msgs/msg/Vector2.idl
[7.139s] -- Up-to-date symlink: /home/yong/yolov8_ros/install/yolov8_msgs/share/yolov8_msgs/msg/Pose2D.idl
[7.139s] -- Up-to-date symlink: /home/yong/yolov8_ros/install/yolov8_msgs/share/yolov8_msgs/msg/BoundingBox2D.idl
[7.139s] -- Up-to-date symlink: /home/yong/yolov8_ros/install/yolov8_msgs/share/yolov8_msgs/msg/BoundingBox3D.idl
[7.140s] -- Up-to-date symlink: /home/yong/yolov8_ros/install/yolov8_msgs/share/yolov8_msgs/msg/Mask.idl
[7.140s] -- Up-to-date symlink: /home/yong/yolov8_ros/install/yolov8_msgs/share/yolov8_msgs/msg/KeyPoint2D.idl
[7.140s] -- Up-to-date symlink: /home/yong/yolov8_ros/install/yolov8_msgs/share/yolov8_msgs/msg/KeyPoint2DArray.idl
[7.140s] -- Up-to-date symlink: /home/yong/yolov8_ros/install/yolov8_msgs/share/yolov8_msgs/msg/KeyPoint3D.idl
[7.140s] -- Up-to-date symlink: /home/yong/yolov8_ros/install/yolov8_msgs/share/yolov8_msgs/msg/KeyPoint3DArray.idl
[7.141s] -- Up-to-date symlink: /home/yong/yolov8_ros/install/yolov8_msgs/share/yolov8_msgs/msg/Detection.idl
[7.141s] -- Up-to-date symlink: /home/yong/yolov8_ros/install/yolov8_msgs/share/yolov8_msgs/msg/DetectionArray.idl
[7.141s] -- Up-to-date symlink: /home/yong/yolov8_ros/install/yolov8_msgs/share/yolov8_msgs/msg/Point2D.msg
[7.141s] -- Up-to-date symlink: /home/yong/yolov8_ros/install/yolov8_msgs/share/yolov8_msgs/msg/Vector2.msg
[7.141s] -- Up-to-date symlink: /home/yong/yolov8_ros/install/yolov8_msgs/share/yolov8_msgs/msg/Pose2D.msg
[7.141s] -- Up-to-date symlink: /home/yong/yolov8_ros/install/yolov8_msgs/share/yolov8_msgs/msg/BoundingBox2D.msg
[7.141s] -- Up-to-date symlink: /home/yong/yolov8_ros/install/yolov8_msgs/share/yolov8_msgs/msg/BoundingBox3D.msg
[7.142s] -- Up-to-date symlink: /home/yong/yolov8_ros/install/yolov8_msgs/share/yolov8_msgs/msg/Mask.msg
[7.142s] -- Up-to-date symlink: /home/yong/yolov8_ros/install/yolov8_msgs/share/yolov8_msgs/msg/KeyPoint2D.msg
[7.142s] -- Up-to-date symlink: /home/yong/yolov8_ros/install/yolov8_msgs/share/yolov8_msgs/msg/KeyPoint2DArray.msg
[7.142s] -- Up-to-date symlink: /home/yong/yolov8_ros/install/yolov8_msgs/share/yolov8_msgs/msg/KeyPoint3D.msg
[7.142s] -- Up-to-date symlink: /home/yong/yolov8_ros/install/yolov8_msgs/share/yolov8_msgs/msg/KeyPoint3DArray.msg
[7.142s] -- Up-to-date symlink: /home/yong/yolov8_ros/install/yolov8_msgs/share/yolov8_msgs/msg/Detection.msg
[7.143s] -- Up-to-date symlink: /home/yong/yolov8_ros/install/yolov8_msgs/share/yolov8_msgs/msg/DetectionArray.msg
[7.143s] -- Up-to-date symlink: /home/yong/yolov8_ros/install/yolov8_msgs/share/ament_index/resource_index/package_run_dependencies/yolov8_msgs
[7.143s] -- Up-to-date symlink: /home/yong/yolov8_ros/install/yolov8_msgs/share/ament_index/resource_index/parent_prefix_path/yolov8_msgs
[7.143s] -- Up-to-date symlink: /home/yong/yolov8_ros/install/yolov8_msgs/share/yolov8_msgs/environment/ament_prefix_path.sh
[7.143s] -- Up-to-date symlink: /home/yong/yolov8_ros/install/yolov8_msgs/share/yolov8_msgs/environment/ament_prefix_path.dsv
[7.143s] -- Up-to-date symlink: /home/yong/yolov8_ros/install/yolov8_msgs/share/yolov8_msgs/environment/path.sh
[7.144s] -- Up-to-date symlink: /home/yong/yolov8_ros/install/yolov8_msgs/share/yolov8_msgs/environment/path.dsv
[7.144s] -- Up-to-date symlink: /home/yong/yolov8_ros/install/yolov8_msgs/share/yolov8_msgs/local_setup.bash
[7.144s] -- Up-to-date symlink: /home/yong/yolov8_ros/install/yolov8_msgs/share/yolov8_msgs/local_setup.sh
[7.144s] -- Up-to-date symlink: /home/yong/yolov8_ros/install/yolov8_msgs/share/yolov8_msgs/local_setup.zsh
[7.144s] -- Up-to-date symlink: /home/yong/yolov8_ros/install/yolov8_msgs/share/yolov8_msgs/local_setup.dsv
[7.145s] -- Symlinking: /home/yong/yolov8_ros/install/yolov8_msgs/share/yolov8_msgs/package.dsv
[7.151s] -- Up-to-date symlink: /home/yong/yolov8_ros/install/yolov8_msgs/share/ament_index/resource_index/packages/yolov8_msgs
[7.151s] -- Up-to-date symlink: /home/yong/yolov8_ros/install/yolov8_msgs/share/yolov8_msgs/cmake/rosidl_cmake-extras.cmake
[7.151s] -- Up-to-date symlink: /home/yong/yolov8_ros/install/yolov8_msgs/share/yolov8_msgs/cmake/ament_cmake_export_dependencies-extras.cmake
[7.151s] -- Up-to-date symlink: /home/yong/yolov8_ros/install/yolov8_msgs/share/yolov8_msgs/cmake/ament_cmake_export_libraries-extras.cmake
[7.151s] -- Up-to-date symlink: /home/yong/yolov8_ros/install/yolov8_msgs/share/yolov8_msgs/cmake/ament_cmake_export_targets-extras.cmake
[7.152s] -- Up-to-date symlink: /home/yong/yolov8_ros/install/yolov8_msgs/share/yolov8_msgs/cmake/ament_cmake_export_include_directories-extras.cmake
[7.152s] -- Up-to-date symlink: /home/yong/yolov8_ros/install/yolov8_msgs/share/yolov8_msgs/cmake/rosidl_cmake_export_typesupport_libraries-extras.cmake
[7.152s] -- Up-to-date symlink: /home/yong/yolov8_ros/install/yolov8_msgs/share/yolov8_msgs/cmake/rosidl_cmake_export_typesupport_targets-extras.cmake
[7.152s] -- Up-to-date symlink: /home/yong/yolov8_ros/install/yolov8_msgs/share/yolov8_msgs/cmake/yolov8_msgsConfig.cmake
[7.152s] -- Up-to-date symlink: /home/yong/yolov8_ros/install/yolov8_msgs/share/yolov8_msgs/cmake/yolov8_msgsConfig-version.cmake
[7.152s] -- Up-to-date symlink: /home/yong/yolov8_ros/install/yolov8_msgs/share/yolov8_msgs/package.xml
[7.153s] -- Installing: /home/yong/yolov8_ros/install/yolov8_msgs/lib/libyolov8_msgs__rosidl_generator_c.so
[7.153s] -- Set runtime path of "/home/yong/yolov8_ros/install/yolov8_msgs/lib/libyolov8_msgs__rosidl_generator_c.so" to ""
[7.154s] -- Installing: /home/yong/yolov8_ros/install/yolov8_msgs/lib/libyolov8_msgs__rosidl_typesupport_introspection_c.so
[7.154s] -- Set runtime path of "/home/yong/yolov8_ros/install/yolov8_msgs/lib/libyolov8_msgs__rosidl_typesupport_introspection_c.so" to ""
[7.154s] -- Installing: /home/yong/yolov8_ros/install/yolov8_msgs/lib/libyolov8_msgs__rosidl_typesupport_c.so
[7.154s] -- Set runtime path of "/home/yong/yolov8_ros/install/yolov8_msgs/lib/libyolov8_msgs__rosidl_typesupport_c.so" to ""
[7.154s] -- Installing: /home/yong/yolov8_ros/install/yolov8_msgs/lib/libyolov8_msgs__rosidl_typesupport_introspection_cpp.so
[7.154s] -- Set runtime path of "/home/yong/yolov8_ros/install/yolov8_msgs/lib/libyolov8_msgs__rosidl_typesupport_introspection_cpp.so" to ""
[7.154s] -- Installing: /home/yong/yolov8_ros/install/yolov8_msgs/lib/libyolov8_msgs__rosidl_typesupport_cpp.so
[7.154s] -- Set runtime path of "/home/yong/yolov8_ros/install/yolov8_msgs/lib/libyolov8_msgs__rosidl_typesupport_cpp.so" to ""
[7.177s] Compiling '/home/yong/yolov8_ros/install/yolov8_msgs/lib/python3.8/site-packages/yolov8_msgs/__init__.py'...
[7.180s] -- Up-to-date: /home/yong/yolov8_ros/install/yolov8_msgs/share/yolov8_msgs/cmake/yolov8_msgs__rosidl_generator_cExport.cmake
[7.180s] -- Installing: /home/yong/yolov8_ros/install/yolov8_msgs/share/yolov8_msgs/cmake/yolov8_msgs__rosidl_generator_cExport-noconfig.cmake
[7.180s] -- Up-to-date: /home/yong/yolov8_ros/install/yolov8_msgs/share/yolov8_msgs/cmake/yolov8_msgs__rosidl_typesupport_introspection_cExport.cmake
[7.180s] -- Installing: /home/yong/yolov8_ros/install/yolov8_msgs/share/yolov8_msgs/cmake/yolov8_msgs__rosidl_typesupport_introspection_cExport-noconfig.cmake
[7.180s] -- Up-to-date: /home/yong/yolov8_ros/install/yolov8_msgs/share/yolov8_msgs/cmake/yolov8_msgs__rosidl_typesupport_cExport.cmake
[7.180s] -- Installing: /home/yong/yolov8_ros/install/yolov8_msgs/share/yolov8_msgs/cmake/yolov8_msgs__rosidl_typesupport_cExport-noconfig.cmake
[7.180s] -- Up-to-date: /home/yong/yolov8_ros/install/yolov8_msgs/share/yolov8_msgs/cmake/yolov8_msgs__rosidl_generator_cppExport.cmake
[7.180s] -- Up-to-date: /home/yong/yolov8_ros/install/yolov8_msgs/share/yolov8_msgs/cmake/yolov8_msgs__rosidl_typesupport_introspection_cppExport.cmake
[7.180s] -- Installing: /home/yong/yolov8_ros/install/yolov8_msgs/share/yolov8_msgs/cmake/yolov8_msgs__rosidl_typesupport_introspection_cppExport-noconfig.cmake
[7.181s] -- Up-to-date: /home/yong/yolov8_ros/install/yolov8_msgs/share/yolov8_msgs/cmake/yolov8_msgs__rosidl_typesupport_cppExport.cmake
[7.181s] -- Installing: /home/yong/yolov8_ros/install/yolov8_msgs/share/yolov8_msgs/cmake/yolov8_msgs__rosidl_typesupport_cppExport-noconfig.cmake
[7.182s] Invoked command in '/home/yong/yolov8_ros/build/yolov8_msgs' returned '0': CMAKE_PREFIX_PATH=${CMAKE_PREFIX_PATH}:/home/yong/yolov8_ros/install/yolov8_ros:/opt/ros/foxy /usr/bin/cmake --install /home/yong/yolov8_ros/build/yolov8_msgs
