-- Found ament_cmake_auto: 0.9.12 (/opt/ros/foxy/share/ament_cmake_auto/cmake)
-- Using PYTHON_EXECUTABLE: /usr/bin/python3
-- Override CMake install command with custom implementation using symlinks instead of copying resources
-- Using all available rosidl_typesupport_c: rosidl_typesupport_fastrtps_c;rosidl_typesupport_introspection_c
-- Found rosidl_adapter: 1.3.1 (/opt/ros/foxy/share/rosidl_adapter/cmake)
-- Using all available rosidl_typesupport_cpp: rosidl_typesupport_fastrtps_cpp;rosidl_typesupport_introspection_cpp
-- Found rmw_implementation_cmake: 1.0.4 (/opt/ros/foxy/share/rmw_implementation_cmake/cmake)
-- Using RMW implementation 'rmw_fastrtps_cpp' as default
-- Found ament_lint_auto: 0.9.8 (/opt/ros/foxy/share/ament_lint_auto/cmake)
-- Added test 'copyright' to check source files copyright and LICENSE
-- Added test 'cppcheck' to perform static code analysis on C / C++ code
-- Configured cppcheck include dirs: 
-- Configured cppcheck exclude dirs and/or files: 
-- Added test 'cpplint' to check C / C++ code against the Google style
-- Configured cpplint exclude dirs and/or files: 
-- Added test 'lint_cmake' to check CMake code style
-- Added test 'uncrustify' to check C / C++ code style
-- Configured uncrustify additional arguments: 
-- Added test 'xmllint' to check XML markup files
-- Configuring done
-- Generating done
-- Build files have been written to: /home/aiv/YongJun_ws/ros2_ws/build/zed_tutorial_pos_tracking
[ 50%] [32m[1mLinking CXX executable zed_tutorial_pos_tracking[0m
[100%] Built target zed_tutorial_pos_tracking
-- Install configuration: "Release"
-- Execute custom install script
-- Symlinking: /home/aiv/YongJun_ws/ros2_ws/install/zed_tutorial_pos_tracking/lib/zed_tutorial_pos_tracking/zed_tutorial_pos_tracking
-- Symlinking: /home/aiv/YongJun_ws/ros2_ws/install/zed_tutorial_pos_tracking/share/ament_index/resource_index/package_run_dependencies/zed_tutorial_pos_tracking
-- Symlinking: /home/aiv/YongJun_ws/ros2_ws/install/zed_tutorial_pos_tracking/share/ament_index/resource_index/parent_prefix_path/zed_tutorial_pos_tracking
-- Symlinking: /home/aiv/YongJun_ws/ros2_ws/install/zed_tutorial_pos_tracking/share/zed_tutorial_pos_tracking/environment/ament_prefix_path.sh
-- Symlinking: /home/aiv/YongJun_ws/ros2_ws/install/zed_tutorial_pos_tracking/share/zed_tutorial_pos_tracking/environment/ament_prefix_path.dsv
-- Symlinking: /home/aiv/YongJun_ws/ros2_ws/install/zed_tutorial_pos_tracking/share/zed_tutorial_pos_tracking/environment/path.sh
-- Symlinking: /home/aiv/YongJun_ws/ros2_ws/install/zed_tutorial_pos_tracking/share/zed_tutorial_pos_tracking/environment/path.dsv
-- Symlinking: /home/aiv/YongJun_ws/ros2_ws/install/zed_tutorial_pos_tracking/share/zed_tutorial_pos_tracking/local_setup.bash
-- Symlinking: /home/aiv/YongJun_ws/ros2_ws/install/zed_tutorial_pos_tracking/share/zed_tutorial_pos_tracking/local_setup.sh
-- Symlinking: /home/aiv/YongJun_ws/ros2_ws/install/zed_tutorial_pos_tracking/share/zed_tutorial_pos_tracking/local_setup.zsh
-- Symlinking: /home/aiv/YongJun_ws/ros2_ws/install/zed_tutorial_pos_tracking/share/zed_tutorial_pos_tracking/local_setup.dsv
-- Symlinking: /home/aiv/YongJun_ws/ros2_ws/install/zed_tutorial_pos_tracking/share/zed_tutorial_pos_tracking/package.dsv
-- Symlinking: /home/aiv/YongJun_ws/ros2_ws/install/zed_tutorial_pos_tracking/share/ament_index/resource_index/packages/zed_tutorial_pos_tracking
-- Symlinking: /home/aiv/YongJun_ws/ros2_ws/install/zed_tutorial_pos_tracking/share/zed_tutorial_pos_tracking/cmake/zed_tutorial_pos_trackingConfig.cmake
-- Symlinking: /home/aiv/YongJun_ws/ros2_ws/install/zed_tutorial_pos_tracking/share/zed_tutorial_pos_tracking/cmake/zed_tutorial_pos_trackingConfig-version.cmake
-- Symlinking: /home/aiv/YongJun_ws/ros2_ws/install/zed_tutorial_pos_tracking/share/zed_tutorial_pos_tracking/package.xml
