[0.030s] Invoking command in '/home/aiv/YongJun_ws/ros2_ws/build/zed_tutorial_pos_tracking': CMAKE_PREFIX_PATH=${CMAKE_PREFIX_PATH}:/home/aiv/YongJun_ws/ros2_ws/install/yolov8_ros:/opt/ros/foxy /usr/bin/cmake /home/aiv/YongJun_ws/ros2_ws/src/zed-ros2-examples/tutorials/zed_pose_tutorial -DAMENT_CMAKE_SYMLINK_INSTALL=1 -DCMAKE_INSTALL_PREFIX=/home/aiv/YongJun_ws/ros2_ws/install/zed_tutorial_pos_tracking
[0.041s] -- Found ament_cmake_auto: 0.9.12 (/opt/ros/foxy/share/ament_cmake_auto/cmake)
[0.059s] -- Using PYTHON_EXECUTABLE: /usr/bin/python3
[0.213s] -- Override CMake install command with custom implementation using symlinks instead of copying resources
[0.292s] -- Using all available rosidl_typesupport_c: rosidl_typesupport_fastrtps_c;rosidl_typesupport_introspection_c
[0.294s] -- Found rosidl_adapter: 1.3.1 (/opt/ros/foxy/share/rosidl_adapter/cmake)
[0.384s] -- Using all available rosidl_typesupport_cpp: rosidl_typesupport_fastrtps_cpp;rosidl_typesupport_introspection_cpp
[0.425s] -- Found rmw_implementation_cmake: 1.0.4 (/opt/ros/foxy/share/rmw_implementation_cmake/cmake)
[0.427s] -- Using RMW implementation 'rmw_fastrtps_cpp' as default
[0.888s] -- Found ament_lint_auto: 0.9.8 (/opt/ros/foxy/share/ament_lint_auto/cmake)
[0.905s] -- Added test 'copyright' to check source files copyright and LICENSE
[0.906s] -- Added test 'cppcheck' to perform static code analysis on C / C++ code
[0.906s] -- Configured cppcheck include dirs: 
[0.906s] -- Configured cppcheck exclude dirs and/or files: 
[0.906s] -- Added test 'cpplint' to check C / C++ code against the Google style
[0.906s] -- Configured cpplint exclude dirs and/or files: 
[0.906s] -- Added test 'lint_cmake' to check CMake code style
[0.907s] -- Added test 'uncrustify' to check C / C++ code style
[0.907s] -- Configured uncrustify additional arguments: 
[0.907s] -- Added test 'xmllint' to check XML markup files
[0.909s] -- Configuring done
[0.918s] -- Generating done
[0.919s] -- Build files have been written to: /home/aiv/YongJun_ws/ros2_ws/build/zed_tutorial_pos_tracking
[0.928s] Invoked command in '/home/aiv/YongJun_ws/ros2_ws/build/zed_tutorial_pos_tracking' returned '0': CMAKE_PREFIX_PATH=${CMAKE_PREFIX_PATH}:/home/aiv/YongJun_ws/ros2_ws/install/yolov8_ros:/opt/ros/foxy /usr/bin/cmake /home/aiv/YongJun_ws/ros2_ws/src/zed-ros2-examples/tutorials/zed_pose_tutorial -DAMENT_CMAKE_SYMLINK_INSTALL=1 -DCMAKE_INSTALL_PREFIX=/home/aiv/YongJun_ws/ros2_ws/install/zed_tutorial_pos_tracking
[0.929s] Invoking command in '/home/aiv/YongJun_ws/ros2_ws/build/zed_tutorial_pos_tracking': CMAKE_PREFIX_PATH=${CMAKE_PREFIX_PATH}:/home/aiv/YongJun_ws/ros2_ws/install/yolov8_ros:/opt/ros/foxy /usr/bin/cmake --build /home/aiv/YongJun_ws/ros2_ws/build/zed_tutorial_pos_tracking -- -j32 -l32
[0.975s] [ 50%] [32m[1mLinking CXX executable zed_tutorial_pos_tracking[0m
[1.103s] [100%] Built target zed_tutorial_pos_tracking
[1.118s] Invoked command in '/home/aiv/YongJun_ws/ros2_ws/build/zed_tutorial_pos_tracking' returned '0': CMAKE_PREFIX_PATH=${CMAKE_PREFIX_PATH}:/home/aiv/YongJun_ws/ros2_ws/install/yolov8_ros:/opt/ros/foxy /usr/bin/cmake --build /home/aiv/YongJun_ws/ros2_ws/build/zed_tutorial_pos_tracking -- -j32 -l32
[1.144s] Invoking command in '/home/aiv/YongJun_ws/ros2_ws/build/zed_tutorial_pos_tracking': CMAKE_PREFIX_PATH=${CMAKE_PREFIX_PATH}:/home/aiv/YongJun_ws/ros2_ws/install/yolov8_ros:/opt/ros/foxy /usr/bin/cmake --install /home/aiv/YongJun_ws/ros2_ws/build/zed_tutorial_pos_tracking
[1.151s] -- Install configuration: "Release"
[1.151s] -- Execute custom install script
[1.152s] -- Symlinking: /home/aiv/YongJun_ws/ros2_ws/install/zed_tutorial_pos_tracking/lib/zed_tutorial_pos_tracking/zed_tutorial_pos_tracking
[1.159s] -- Symlinking: /home/aiv/YongJun_ws/ros2_ws/install/zed_tutorial_pos_tracking/share/ament_index/resource_index/package_run_dependencies/zed_tutorial_pos_tracking
[1.166s] -- Symlinking: /home/aiv/YongJun_ws/ros2_ws/install/zed_tutorial_pos_tracking/share/ament_index/resource_index/parent_prefix_path/zed_tutorial_pos_tracking
[1.173s] -- Symlinking: /home/aiv/YongJun_ws/ros2_ws/install/zed_tutorial_pos_tracking/share/zed_tutorial_pos_tracking/environment/ament_prefix_path.sh
[1.180s] -- Symlinking: /home/aiv/YongJun_ws/ros2_ws/install/zed_tutorial_pos_tracking/share/zed_tutorial_pos_tracking/environment/ament_prefix_path.dsv
[1.187s] -- Symlinking: /home/aiv/YongJun_ws/ros2_ws/install/zed_tutorial_pos_tracking/share/zed_tutorial_pos_tracking/environment/path.sh
[1.195s] -- Symlinking: /home/aiv/YongJun_ws/ros2_ws/install/zed_tutorial_pos_tracking/share/zed_tutorial_pos_tracking/environment/path.dsv
[1.204s] -- Symlinking: /home/aiv/YongJun_ws/ros2_ws/install/zed_tutorial_pos_tracking/share/zed_tutorial_pos_tracking/local_setup.bash
[1.212s] -- Symlinking: /home/aiv/YongJun_ws/ros2_ws/install/zed_tutorial_pos_tracking/share/zed_tutorial_pos_tracking/local_setup.sh
[1.219s] -- Symlinking: /home/aiv/YongJun_ws/ros2_ws/install/zed_tutorial_pos_tracking/share/zed_tutorial_pos_tracking/local_setup.zsh
[1.226s] -- Symlinking: /home/aiv/YongJun_ws/ros2_ws/install/zed_tutorial_pos_tracking/share/zed_tutorial_pos_tracking/local_setup.dsv
[1.234s] -- Symlinking: /home/aiv/YongJun_ws/ros2_ws/install/zed_tutorial_pos_tracking/share/zed_tutorial_pos_tracking/package.dsv
[1.241s] -- Symlinking: /home/aiv/YongJun_ws/ros2_ws/install/zed_tutorial_pos_tracking/share/ament_index/resource_index/packages/zed_tutorial_pos_tracking
[1.248s] -- Symlinking: /home/aiv/YongJun_ws/ros2_ws/install/zed_tutorial_pos_tracking/share/zed_tutorial_pos_tracking/cmake/zed_tutorial_pos_trackingConfig.cmake
[1.256s] -- Symlinking: /home/aiv/YongJun_ws/ros2_ws/install/zed_tutorial_pos_tracking/share/zed_tutorial_pos_tracking/cmake/zed_tutorial_pos_trackingConfig-version.cmake
[1.264s] -- Symlinking: /home/aiv/YongJun_ws/ros2_ws/install/zed_tutorial_pos_tracking/share/zed_tutorial_pos_tracking/package.xml
[1.277s] Invoked command in '/home/aiv/YongJun_ws/ros2_ws/build/zed_tutorial_pos_tracking' returned '0': CMAKE_PREFIX_PATH=${CMAKE_PREFIX_PATH}:/home/aiv/YongJun_ws/ros2_ws/install/yolov8_ros:/opt/ros/foxy /usr/bin/cmake --install /home/aiv/YongJun_ws/ros2_ws/build/zed_tutorial_pos_tracking
