[0.590s] Invoking command in '/home/yong/sensor/build/yolov8_ros': PYTHONPATH=/home/yong/sensor/build/yolov8_ros/prefix_override:/home/yong/sensor/install/yolov8_ros/lib/python3.8/site-packages:${PYTHONPATH} /usr/bin/python3 -W ignore:setup.py install is deprecated setup.py develop --editable --build-directory /home/yong/sensor/build/yolov8_ros/build --no-deps symlink_data --force
[0.785s] running develop
[0.904s] running egg_info
[0.905s] writing yolov8_ros.egg-info/PKG-INFO
[0.905s] writing dependency_links to yolov8_ros.egg-info/dependency_links.txt
[0.905s] writing entry points to yolov8_ros.egg-info/entry_points.txt
[0.905s] writing requirements to yolov8_ros.egg-info/requires.txt
[0.905s] writing top-level names to yolov8_ros.egg-info/top_level.txt
[0.929s] reading manifest file 'yolov8_ros.egg-info/SOURCES.txt'
[0.929s] writing manifest file 'yolov8_ros.egg-info/SOURCES.txt'
[0.954s] running build_ext
[0.954s] Creating /home/yong/sensor/install/yolov8_ros/lib/python3.8/site-packages/site.py
[0.956s] Creating /home/yong/sensor/install/yolov8_ros/lib/python3.8/site-packages/yolov8-ros.egg-link (link to .)
[0.956s] Installing debug_node script to /home/yong/sensor/install/yolov8_ros/lib/yolov8_ros
[0.956s] Installing detect_3d_node script to /home/yong/sensor/install/yolov8_ros/lib/yolov8_ros
[0.956s] Installing tracking_node script to /home/yong/sensor/install/yolov8_ros/lib/yolov8_ros
[0.957s] Installing yolov8_node script to /home/yong/sensor/install/yolov8_ros/lib/yolov8_ros
[0.957s] 
[0.957s] Installed /home/yong/sensor/build/yolov8_ros
[0.957s] running symlink_data
[0.957s] symbolically linking /home/yong/sensor/build/yolov8_ros/resource/yolov8_ros -> /home/yong/sensor/install/yolov8_ros/share/ament_index/resource_index/packages
[0.957s] symbolically linking /home/yong/sensor/build/yolov8_ros/package.xml -> /home/yong/sensor/install/yolov8_ros/share/yolov8_ros
[0.975s] Invoked command in '/home/yong/sensor/build/yolov8_ros' returned '0': PYTHONPATH=/home/yong/sensor/build/yolov8_ros/prefix_override:/home/yong/sensor/install/yolov8_ros/lib/python3.8/site-packages:${PYTHONPATH} /usr/bin/python3 -W ignore:setup.py install is deprecated setup.py develop --editable --build-directory /home/yong/sensor/build/yolov8_ros/build --no-deps symlink_data --force
