-- Found ament_cmake_auto: 0.9.12 (/opt/ros/foxy/share/ament_cmake_auto/cmake)
*** WARNING *** ROS2 foxy is not officially supported by the package 'zed_depth_to_laserscan'. Correct operation is not guaranteed.
-- Using PYTHON_EXECUTABLE: /usr/bin/python3
-- Override CMake install command with custom implementation using symlinks instead of copying resources
-- Using all available rosidl_typesupport_c: rosidl_typesupport_fastrtps_c;rosidl_typesupport_introspection_c
-- Found rosidl_adapter: 1.3.1 (/opt/ros/foxy/share/rosidl_adapter/cmake)
-- Using all available rosidl_typesupport_cpp: rosidl_typesupport_fastrtps_cpp;rosidl_typesupport_introspection_cpp
-- Found rmw_implementation_cmake: 1.0.4 (/opt/ros/foxy/share/rmw_implementation_cmake/cmake)
-- Using RMW implementation 'rmw_fastrtps_cpp' as default
-- Found eigen3_cmake_module: 0.1.1 (/opt/ros/foxy/share/eigen3_cmake_module/cmake)
-- Found zed_wrapper: 4.1.0 (/home/aiv/YongJun_ws/ros2_ws/install/zed_wrapper/share/zed_wrapper/cmake)
-- Found ament_lint_auto: 0.9.8 (/opt/ros/foxy/share/ament_lint_auto/cmake)
-- Added test 'copyright' to check source files copyright and LICENSE
-- Added test 'flake8' to check Python code syntax and style conventions
-- Added test 'lint_cmake' to check CMake code style
-- Added test 'pep257' to check Python code against some of the style conventions in PEP 257
-- Added test 'xmllint' to check XML markup files
-- Configuring done
-- Generating done
-- Build files have been written to: /home/aiv/YongJun_ws/ros2_ws/build/zed_depth_to_laserscan
-- Install configuration: ""
-- Execute custom install script
-- Symlinking: /home/aiv/YongJun_ws/ros2_ws/install/zed_depth_to_laserscan/share/zed_depth_to_laserscan/launch/zed_depth_to_laserscan.launch.py
-- Symlinking: /home/aiv/YongJun_ws/ros2_ws/install/zed_depth_to_laserscan/share/zed_depth_to_laserscan/config/zed_depth_to_laserscan.yaml
-- Symlinking: /home/aiv/YongJun_ws/ros2_ws/install/zed_depth_to_laserscan/share/zed_depth_to_laserscan/rviz2/zed_depth_to_laserscan.rviz
-- Symlinking: /home/aiv/YongJun_ws/ros2_ws/install/zed_depth_to_laserscan/share/ament_index/resource_index/package_run_dependencies/zed_depth_to_laserscan
-- Symlinking: /home/aiv/YongJun_ws/ros2_ws/install/zed_depth_to_laserscan/share/ament_index/resource_index/parent_prefix_path/zed_depth_to_laserscan
-- Symlinking: /home/aiv/YongJun_ws/ros2_ws/install/zed_depth_to_laserscan/share/zed_depth_to_laserscan/environment/ament_prefix_path.sh
-- Symlinking: /home/aiv/YongJun_ws/ros2_ws/install/zed_depth_to_laserscan/share/zed_depth_to_laserscan/environment/ament_prefix_path.dsv
-- Symlinking: /home/aiv/YongJun_ws/ros2_ws/install/zed_depth_to_laserscan/share/zed_depth_to_laserscan/environment/path.sh
-- Symlinking: /home/aiv/YongJun_ws/ros2_ws/install/zed_depth_to_laserscan/share/zed_depth_to_laserscan/environment/path.dsv
-- Symlinking: /home/aiv/YongJun_ws/ros2_ws/install/zed_depth_to_laserscan/share/zed_depth_to_laserscan/local_setup.bash
-- Symlinking: /home/aiv/YongJun_ws/ros2_ws/install/zed_depth_to_laserscan/share/zed_depth_to_laserscan/local_setup.sh
-- Symlinking: /home/aiv/YongJun_ws/ros2_ws/install/zed_depth_to_laserscan/share/zed_depth_to_laserscan/local_setup.zsh
-- Symlinking: /home/aiv/YongJun_ws/ros2_ws/install/zed_depth_to_laserscan/share/zed_depth_to_laserscan/local_setup.dsv
-- Symlinking: /home/aiv/YongJun_ws/ros2_ws/install/zed_depth_to_laserscan/share/zed_depth_to_laserscan/package.dsv
-- Symlinking: /home/aiv/YongJun_ws/ros2_ws/install/zed_depth_to_laserscan/share/ament_index/resource_index/packages/zed_depth_to_laserscan
-- Symlinking: /home/aiv/YongJun_ws/ros2_ws/install/zed_depth_to_laserscan/share/zed_depth_to_laserscan/cmake/zed_depth_to_laserscanConfig.cmake
-- Symlinking: /home/aiv/YongJun_ws/ros2_ws/install/zed_depth_to_laserscan/share/zed_depth_to_laserscan/cmake/zed_depth_to_laserscanConfig-version.cmake
-- Symlinking: /home/aiv/YongJun_ws/ros2_ws/install/zed_depth_to_laserscan/share/zed_depth_to_laserscan/package.xml
