-- The C compiler identification is GNU 9.4.0
-- The CXX compiler identification is GNU 9.4.0
-- Check for working C compiler: /usr/bin/cc
-- Check for working C compiler: /usr/bin/cc -- works
-- Detecting C compiler ABI info
-- Detecting C compiler ABI info - done
-- Detecting C compile features
-- Detecting C compile features - done
-- Check for working CXX compiler: /usr/bin/c++
-- Check for working CXX compiler: /usr/bin/c++ -- works
-- Detecting CXX compiler ABI info
-- Detecting CXX compiler ABI info - done
-- Detecting CXX compile features
-- Detecting CXX compile features - done
-- Found ament_cmake: 0.9.12 (/opt/ros/foxy/share/ament_cmake/cmake)
-- Found PythonInterp: /usr/bin/python3 (found suitable version "3.8.10", minimum required is "3") 
-- Using PYTHON_EXECUTABLE: /usr/bin/python3
-- Override CMake install command with custom implementation using symlinks instead of copying resources
-- Found ament_cmake_ros: 0.9.2 (/opt/ros/foxy/share/ament_cmake_ros/cmake)
-- Found builtin_interfaces: 1.0.0 (/opt/ros/foxy/share/builtin_interfaces/cmake)
-- Using all available rosidl_typesupport_c: rosidl_typesupport_fastrtps_c;rosidl_typesupport_introspection_c
-- Found rosidl_adapter: 1.3.1 (/opt/ros/foxy/share/rosidl_adapter/cmake)
-- Found OpenSSL: /usr/lib/x86_64-linux-gnu/libcrypto.so (found version "1.1.1f")  
-- Found FastRTPS: /opt/ros/foxy/include  
-- Using all available rosidl_typesupport_cpp: rosidl_typesupport_fastrtps_cpp;rosidl_typesupport_introspection_cpp
-- Found geometry_msgs: 2.0.5 (/opt/ros/foxy/share/geometry_msgs/cmake)
-- Found rclcpp: 2.4.3 (/opt/ros/foxy/share/rclcpp/cmake)
-- Found rmw_implementation_cmake: 1.0.4 (/opt/ros/foxy/share/rmw_implementation_cmake/cmake)
-- Using RMW implementation 'rmw_fastrtps_cpp' as default
-- Looking for pthread.h
-- Looking for pthread.h - found
-- Performing Test CMAKE_HAVE_LIBC_PTHREAD
-- Performing Test CMAKE_HAVE_LIBC_PTHREAD - Failed
-- Looking for pthread_create in pthreads
-- Looking for pthread_create in pthreads - not found
-- Looking for pthread_create in pthread
-- Looking for pthread_create in pthread - found
-- Found Threads: TRUE  
-- Found sensor_msgs: 2.0.5 (/opt/ros/foxy/share/sensor_msgs/cmake)
-- Found vision_msgs: 0.0.0 (/home/aiv/YongJun_ws/matlab/AutoL_LiDAR/install/vision_msgs/share/vision_msgs/cmake)
-- The CUDA compiler identification is NVIDIA 12.2.140
-- Check for working CUDA compiler: /usr/local/cuda/bin/nvcc
-- Check for working CUDA compiler: /usr/local/cuda/bin/nvcc -- works
-- Detecting CUDA compiler ABI info
-- Detecting CUDA compiler ABI info - done
-- Configuring done
-- Generating done
-- Build files have been written to: /home/aiv/YongJun_ws/matlab/AutoL_LiDAR/build/deployedpointpillarmodel
/usr/bin/cmake -S/home/aiv/YongJun_ws/matlab/AutoL_LiDAR/src/deployedpointpillarmodel -B/home/aiv/YongJun_ws/matlab/AutoL_LiDAR/build/deployedpointpillarmodel --check-build-system CMakeFiles/Makefile.cmake 0
/usr/bin/cmake -E cmake_progress_start /home/aiv/YongJun_ws/matlab/AutoL_LiDAR/build/deployedpointpillarmodel/CMakeFiles /home/aiv/YongJun_ws/matlab/AutoL_LiDAR/build/deployedpointpillarmodel/CMakeFiles/progress.marks
/usr/bin/make -f CMakeFiles/Makefile2 all
make[1]: Entering directory '/home/aiv/YongJun_ws/matlab/AutoL_LiDAR/build/deployedpointpillarmodel'
/usr/bin/make -f CMakeFiles/deployedPointPillarModel.dir/build.make CMakeFiles/deployedPointPillarModel.dir/depend
make[2]: Entering directory '/home/aiv/YongJun_ws/matlab/AutoL_LiDAR/build/deployedpointpillarmodel'
cd /home/aiv/YongJun_ws/matlab/AutoL_LiDAR/build/deployedpointpillarmodel && /usr/bin/cmake -E cmake_depends "Unix Makefiles" /home/aiv/YongJun_ws/matlab/AutoL_LiDAR/src/deployedpointpillarmodel /home/aiv/YongJun_ws/matlab/AutoL_LiDAR/src/deployedpointpillarmodel /home/aiv/YongJun_ws/matlab/AutoL_LiDAR/build/deployedpointpillarmodel /home/aiv/YongJun_ws/matlab/AutoL_LiDAR/build/deployedpointpillarmodel /home/aiv/YongJun_ws/matlab/AutoL_LiDAR/build/deployedpointpillarmodel/CMakeFiles/deployedPointPillarModel.dir/DependInfo.cmake --color=
[35m[1mScanning dependencies of target deployedPointPillarModel[0m
make[2]: Leaving directory '/home/aiv/YongJun_ws/matlab/AutoL_LiDAR/build/deployedpointpillarmodel'
/usr/bin/make -f CMakeFiles/deployedPointPillarModel.dir/build.make CMakeFiles/deployedPointPillarModel.dir/build
make[2]: Entering directory '/home/aiv/YongJun_ws/matlab/AutoL_LiDAR/build/deployedpointpillarmodel'
[  1%] [32mBuilding CXX object CMakeFiles/deployedPointPillarModel.dir/src/MWCNNLayer.cpp.o[0m
[  2%] [32mBuilding CXX object CMakeFiles/deployedPointPillarModel.dir/src/MWBatchNormalizationLayer.cpp.o[0m
[  3%] [32mBuilding CXX object CMakeFiles/deployedPointPillarModel.dir/src/MWCUBLASUtils.cpp.o[0m
[  4%] [32mBuilding CXX object CMakeFiles/deployedPointPillarModel.dir/src/MWConcatenationLayer.cpp.o[0m
[  5%] [32mBuilding CXX object CMakeFiles/deployedPointPillarModel.dir/src/MWConvLayer.cpp.o[0m
/usr/bin/c++  -DDEFAULT_RMW_IMPLEMENTATION=rmw_fastrtps_cpp -DRCUTILS_ENABLE_FAULT_INJECTION -DROS_PACKAGE_NAME=\"deployedpointpillarmodel\" -DSPDLOG_COMPILED_LIB -I/codegen/exe -I/home/aiv/YongJun_ws/matlab/AutoL_LiDAR/src/deployedpointpillarmodel/include -I/home/aiv/YongJun_ws/matlab/AutoL_LiDAR/src/deployedpointpillarmodel/include/deployedpointpillarmodel -I/usr/local/cuda/targets/x86_64-linux/include -isystem /home/aiv/YongJun_ws/matlab/AutoL_LiDAR/install/vision_msgs/include -isystem /opt/ros/foxy/include  -O3 -DNDEBUG   -Wall -Wextra -Wpedantic -DMW_CUDA_ARCH=350 -D__MW_TARGET_USE_HARDWARE_RESOURCES_H__ -DROS2_PROJECT -DSTACK_SIZE=200000 -DMODEL=deployedPointPillarModel -std=gnu++17 -o CMakeFiles/deployedPointPillarModel.dir/src/MWBatchNormalizationLayer.cpp.o -c /home/aiv/YongJun_ws/matlab/AutoL_LiDAR/src/deployedpointpillarmodel/src/MWBatchNormalizationLayer.cpp
[  6%] [32mBuilding CUDA object CMakeFiles/deployedPointPillarModel.dir/src/MWCudnnBatchNormalizationLayerImpl.cu.o[0m
/usr/bin/c++  -DDEFAULT_RMW_IMPLEMENTATION=rmw_fastrtps_cpp -DRCUTILS_ENABLE_FAULT_INJECTION -DROS_PACKAGE_NAME=\"deployedpointpillarmodel\" -DSPDLOG_COMPILED_LIB -I/codegen/exe -I/home/aiv/YongJun_ws/matlab/AutoL_LiDAR/src/deployedpointpillarmodel/include -I/home/aiv/YongJun_ws/matlab/AutoL_LiDAR/src/deployedpointpillarmodel/include/deployedpointpillarmodel -I/usr/local/cuda/targets/x86_64-linux/include -isystem /home/aiv/YongJun_ws/matlab/AutoL_LiDAR/install/vision_msgs/include -isystem /opt/ros/foxy/include  -O3 -DNDEBUG   -Wall -Wextra -Wpedantic -DMW_CUDA_ARCH=350 -D__MW_TARGET_USE_HARDWARE_RESOURCES_H__ -DROS2_PROJECT -DSTACK_SIZE=200000 -DMODEL=deployedPointPillarModel -std=gnu++17 -o CMakeFiles/deployedPointPillarModel.dir/src/MWCNNLayer.cpp.o -c /home/aiv/YongJun_ws/matlab/AutoL_LiDAR/src/deployedpointpillarmodel/src/MWCNNLayer.cpp
/usr/bin/c++  -DDEFAULT_RMW_IMPLEMENTATION=rmw_fastrtps_cpp -DRCUTILS_ENABLE_FAULT_INJECTION -DROS_PACKAGE_NAME=\"deployedpointpillarmodel\" -DSPDLOG_COMPILED_LIB -I/codegen/exe -I/home/aiv/YongJun_ws/matlab/AutoL_LiDAR/src/deployedpointpillarmodel/include -I/home/aiv/YongJun_ws/matlab/AutoL_LiDAR/src/deployedpointpillarmodel/include/deployedpointpillarmodel -I/usr/local/cuda/targets/x86_64-linux/include -isystem /home/aiv/YongJun_ws/matlab/AutoL_LiDAR/install/vision_msgs/include -isystem /opt/ros/foxy/include  -O3 -DNDEBUG   -Wall -Wextra -Wpedantic -DMW_CUDA_ARCH=350 -D__MW_TARGET_USE_HARDWARE_RESOURCES_H__ -DROS2_PROJECT -DSTACK_SIZE=200000 -DMODEL=deployedPointPillarModel -std=gnu++17 -o CMakeFiles/deployedPointPillarModel.dir/src/MWCUBLASUtils.cpp.o -c /home/aiv/YongJun_ws/matlab/AutoL_LiDAR/src/deployedpointpillarmodel/src/MWCUBLASUtils.cpp
/usr/bin/c++  -DDEFAULT_RMW_IMPLEMENTATION=rmw_fastrtps_cpp -DRCUTILS_ENABLE_FAULT_INJECTION -DROS_PACKAGE_NAME=\"deployedpointpillarmodel\" -DSPDLOG_COMPILED_LIB -I/codegen/exe -I/home/aiv/YongJun_ws/matlab/AutoL_LiDAR/src/deployedpointpillarmodel/include -I/home/aiv/YongJun_ws/matlab/AutoL_LiDAR/src/deployedpointpillarmodel/include/deployedpointpillarmodel -I/usr/local/cuda/targets/x86_64-linux/include -isystem /home/aiv/YongJun_ws/matlab/AutoL_LiDAR/install/vision_msgs/include -isystem /opt/ros/foxy/include  -O3 -DNDEBUG   -Wall -Wextra -Wpedantic -DMW_CUDA_ARCH=350 -D__MW_TARGET_USE_HARDWARE_RESOURCES_H__ -DROS2_PROJECT -DSTACK_SIZE=200000 -DMODEL=deployedPointPillarModel -std=gnu++17 -o CMakeFiles/deployedPointPillarModel.dir/src/MWConcatenationLayer.cpp.o -c /home/aiv/YongJun_ws/matlab/AutoL_LiDAR/src/deployedpointpillarmodel/src/MWConcatenationLayer.cpp
[  7%] [32mBuilding CUDA object CMakeFiles/deployedPointPillarModel.dir/src/MWCudnnCNNLayerImpl.cu.o[0m
/usr/local/cuda/bin/nvcc  -DDEFAULT_RMW_IMPLEMENTATION=rmw_fastrtps_cpp -DRCUTILS_ENABLE_FAULT_INJECTION -DROS_PACKAGE_NAME=\"deployedpointpillarmodel\" -DSPDLOG_COMPILED_LIB -I/codegen/exe -I/home/aiv/YongJun_ws/matlab/AutoL_LiDAR/src/deployedpointpillarmodel/include -I/home/aiv/YongJun_ws/matlab/AutoL_LiDAR/src/deployedpointpillarmodel/include/deployedpointpillarmodel -isystem=/home/aiv/YongJun_ws/matlab/AutoL_LiDAR/install/vision_msgs/include -isystem=/opt/ros/foxy/include  -O3 -DNDEBUG   -Xcompiler= -DMW_CUDA_ARCH=350 -D__MW_TARGET_USE_HARDWARE_RESOURCES_H__ -DROS2_PROJECT -DSTACK_SIZE=200000 -DMODEL=deployedPointPillarModel -arch sm_35 -rdc=true -Xcudafe "--display_error_number --diag_suppress=unsigned_compare_with_zero --diag_suppress=field_without_dll_interface --diag_suppress=base_class_has_different_dll_interface" -Xcompiler=-fPIC -x cu -dc /home/aiv/YongJun_ws/matlab/AutoL_LiDAR/src/deployedpointpillarmodel/src/MWCudnnBatchNormalizationLayerImpl.cu -o CMakeFiles/deployedPointPillarModel.dir/src/MWCudnnBatchNormalizationLayerImpl.cu.o
/usr/bin/c++  -DDEFAULT_RMW_IMPLEMENTATION=rmw_fastrtps_cpp -DRCUTILS_ENABLE_FAULT_INJECTION -DROS_PACKAGE_NAME=\"deployedpointpillarmodel\" -DSPDLOG_COMPILED_LIB -I/codegen/exe -I/home/aiv/YongJun_ws/matlab/AutoL_LiDAR/src/deployedpointpillarmodel/include -I/home/aiv/YongJun_ws/matlab/AutoL_LiDAR/src/deployedpointpillarmodel/include/deployedpointpillarmodel -I/usr/local/cuda/targets/x86_64-linux/include -isystem /home/aiv/YongJun_ws/matlab/AutoL_LiDAR/install/vision_msgs/include -isystem /opt/ros/foxy/include  -O3 -DNDEBUG   -Wall -Wextra -Wpedantic -DMW_CUDA_ARCH=350 -D__MW_TARGET_USE_HARDWARE_RESOURCES_H__ -DROS2_PROJECT -DSTACK_SIZE=200000 -DMODEL=deployedPointPillarModel -std=gnu++17 -o CMakeFiles/deployedPointPillarModel.dir/src/MWConvLayer.cpp.o -c /home/aiv/YongJun_ws/matlab/AutoL_LiDAR/src/deployedpointpillarmodel/src/MWConvLayer.cpp
[  8%] [32mBuilding CUDA object CMakeFiles/deployedPointPillarModel.dir/src/MWCudnnLayerImplFactory.cu.o[0m
nvcc fatal   : Value 'sm_35' is not defined for option 'gpu-architecture'
[  9%] [32mBuilding CUDA object CMakeFiles/deployedPointPillarModel.dir/src/MWCudnnConcatenationLayerImpl.cu.o[0m
[ 11%] [32mBuilding CUDA object CMakeFiles/deployedPointPillarModel.dir/src/MWCudnnConvLayerImpl.cu.o[0m
[ 11%] [32mBuilding CUDA object CMakeFiles/deployedPointPillarModel.dir/src/MWCudnnCustomLayerBase.cu.o[0m
[ 13%] [32mBuilding CUDA object CMakeFiles/deployedPointPillarModel.dir/src/MWCudnnFusedConvActivationLayerImpl.cu.o[0m
[ 13%] [32mBuilding CUDA object CMakeFiles/deployedPointPillarModel.dir/src/MWCudnnMaxPoolingLayerImpl.cu.o[0m
[ 15%] [32mBuilding CXX object CMakeFiles/deployedPointPillarModel.dir/src/MWOutputLayer.cpp.o[0m
[ 15%] [32mBuilding CUDA object CMakeFiles/deployedPointPillarModel.dir/src/MWCudnnOutputLayerImpl.cu.o[0m
[ 16%] [32mBuilding CUDA object CMakeFiles/deployedPointPillarModel.dir/src/MWCudnnSigmoidLayerImpl.cu.o[0m
[ 17%] [32mBuilding CUDA object CMakeFiles/deployedPointPillarModel.dir/src/MWCudnnSplittingLayerImpl.cu.o[0m
[ 18%] [32mBuilding CXX object CMakeFiles/deployedPointPillarModel.dir/src/MWTensorBase.cpp.o[0m
[ 20%] [32mBuilding CUDA object CMakeFiles/deployedPointPillarModel.dir/src/MWCudnnTargetNetworkImpl.cu.o[0m
[ 20%] [32mBuilding CUDA object CMakeFiles/deployedPointPillarModel.dir/src/PointCloud2Types.cu.o[0m
[ 21%] [32mBuilding CXX object CMakeFiles/deployedPointPillarModel.dir/src/MWSigmoidLayer.cpp.o[0m
[ 22%] [32mBuilding CXX object CMakeFiles/deployedPointPillarModel.dir/src/MWFusedConvActivationLayer.cpp.o[0m
[ 23%] [32mBuilding CUDA object CMakeFiles/deployedPointPillarModel.dir/src/PointCloudImpl.cu.o[0m
[ 26%] [32mBuilding CXX object CMakeFiles/deployedPointPillarModel.dir/src/MWMaxPoolingLayer.cpp.o[0m
[ 26%] [32mBuilding CXX object CMakeFiles/deployedPointPillarModel.dir/src/MWInputLayer.cpp.o[0m
[ 27%] [32mBuilding CXX object CMakeFiles/deployedPointPillarModel.dir/src/MWSplittingLayer.cpp.o[0m
[ 28%] [32mBuilding CUDA object CMakeFiles/deployedPointPillarModel.dir/src/SpecialMsgUtil.cu.o[0m
/usr/local/cuda/bin/nvcc  -DDEFAULT_RMW_IMPLEMENTATION=rmw_fastrtps_cpp -DRCUTILS_ENABLE_FAULT_INJECTION -DROS_PACKAGE_NAME=\"deployedpointpillarmodel\" -DSPDLOG_COMPILED_LIB -I/codegen/exe -I/home/aiv/YongJun_ws/matlab/AutoL_LiDAR/src/deployedpointpillarmodel/include -I/home/aiv/YongJun_ws/matlab/AutoL_LiDAR/src/deployedpointpillarmodel/include/deployedpointpillarmodel -isystem=/home/aiv/YongJun_ws/matlab/AutoL_LiDAR/install/vision_msgs/include -isystem=/opt/ros/foxy/include  -O3 -DNDEBUG   -Xcompiler= -DMW_CUDA_ARCH=350 -D__MW_TARGET_USE_HARDWARE_RESOURCES_H__ -DROS2_PROJECT -DSTACK_SIZE=200000 -DMODEL=deployedPointPillarModel -arch sm_35 -rdc=true -Xcudafe "--display_error_number --diag_suppress=unsigned_compare_with_zero --diag_suppress=field_without_dll_interface --diag_suppress=base_class_has_different_dll_interface" -Xcompiler=-fPIC -x cu -dc /home/aiv/YongJun_ws/matlab/AutoL_LiDAR/src/deployedpointpillarmodel/src/MWCudnnCNNLayerImpl.cu -o CMakeFiles/deployedPointPillarModel.dir/src/MWCudnnCNNLayerImpl.cu.o
/usr/local/cuda/bin/nvcc  -DDEFAULT_RMW_IMPLEMENTATION=rmw_fastrtps_cpp -DRCUTILS_ENABLE_FAULT_INJECTION -DROS_PACKAGE_NAME=\"deployedpointpillarmodel\" -DSPDLOG_COMPILED_LIB -I/codegen/exe -I/home/aiv/YongJun_ws/matlab/AutoL_LiDAR/src/deployedpointpillarmodel/include -I/home/aiv/YongJun_ws/matlab/AutoL_LiDAR/src/deployedpointpillarmodel/include/deployedpointpillarmodel -isystem=/home/aiv/YongJun_ws/matlab/AutoL_LiDAR/install/vision_msgs/include -isystem=/opt/ros/foxy/include  -O3 -DNDEBUG   -Xcompiler= -DMW_CUDA_ARCH=350 -D__MW_TARGET_USE_HARDWARE_RESOURCES_H__ -DROS2_PROJECT -DSTACK_SIZE=200000 -DMODEL=deployedPointPillarModel -arch sm_35 -rdc=true -Xcudafe "--display_error_number --diag_suppress=unsigned_compare_with_zero --diag_suppress=field_without_dll_interface --diag_suppress=base_class_has_different_dll_interface" -Xcompiler=-fPIC -x cu -dc /home/aiv/YongJun_ws/matlab/AutoL_LiDAR/src/deployedpointpillarmodel/src/MWCudnnConcatenationLayerImpl.cu -o CMakeFiles/deployedPointPillarModel.dir/src/MWCudnnConcatenationLayerImpl.cu.o
/usr/local/cuda/bin/nvcc  -DDEFAULT_RMW_IMPLEMENTATION=rmw_fastrtps_cpp -DRCUTILS_ENABLE_FAULT_INJECTION -DROS_PACKAGE_NAME=\"deployedpointpillarmodel\" -DSPDLOG_COMPILED_LIB -I/codegen/exe -I/home/aiv/YongJun_ws/matlab/AutoL_LiDAR/src/deployedpointpillarmodel/include -I/home/aiv/YongJun_ws/matlab/AutoL_LiDAR/src/deployedpointpillarmodel/include/deployedpointpillarmodel -isystem=/home/aiv/YongJun_ws/matlab/AutoL_LiDAR/install/vision_msgs/include -isystem=/opt/ros/foxy/include  -O3 -DNDEBUG   -Xcompiler= -DMW_CUDA_ARCH=350 -D__MW_TARGET_USE_HARDWARE_RESOURCES_H__ -DROS2_PROJECT -DSTACK_SIZE=200000 -DMODEL=deployedPointPillarModel -arch sm_35 -rdc=true -Xcudafe "--display_error_number --diag_suppress=unsigned_compare_with_zero --diag_suppress=field_without_dll_interface --diag_suppress=base_class_has_different_dll_interface" -Xcompiler=-fPIC -x cu -dc /home/aiv/YongJun_ws/matlab/AutoL_LiDAR/src/deployedpointpillarmodel/src/MWCudnnConvLayerImpl.cu -o CMakeFiles/deployedPointPillarModel.dir/src/MWCudnnConvLayerImpl.cu.o
/usr/local/cuda/bin/nvcc  -DDEFAULT_RMW_IMPLEMENTATION=rmw_fastrtps_cpp -DRCUTILS_ENABLE_FAULT_INJECTION -DROS_PACKAGE_NAME=\"deployedpointpillarmodel\" -DSPDLOG_COMPILED_LIB -I/codegen/exe -I/home/aiv/YongJun_ws/matlab/AutoL_LiDAR/src/deployedpointpillarmodel/include -I/home/aiv/YongJun_ws/matlab/AutoL_LiDAR/src/deployedpointpillarmodel/include/deployedpointpillarmodel -isystem=/home/aiv/YongJun_ws/matlab/AutoL_LiDAR/install/vision_msgs/include -isystem=/opt/ros/foxy/include  -O3 -DNDEBUG   -Xcompiler= -DMW_CUDA_ARCH=350 -D__MW_TARGET_USE_HARDWARE_RESOURCES_H__ -DROS2_PROJECT -DSTACK_SIZE=200000 -DMODEL=deployedPointPillarModel -arch sm_35 -rdc=true -Xcudafe "--display_error_number --diag_suppress=unsigned_compare_with_zero --diag_suppress=field_without_dll_interface --diag_suppress=base_class_has_different_dll_interface" -Xcompiler=-fPIC -x cu -dc /home/aiv/YongJun_ws/matlab/AutoL_LiDAR/src/deployedpointpillarmodel/src/MWCudnnCustomLayerBase.cu -o CMakeFiles/deployedPointPillarModel.dir/src/MWCudnnCustomLayerBase.cu.o
/usr/local/cuda/bin/nvcc  -DDEFAULT_RMW_IMPLEMENTATION=rmw_fastrtps_cpp -DRCUTILS_ENABLE_FAULT_INJECTION -DROS_PACKAGE_NAME=\"deployedpointpillarmodel\" -DSPDLOG_COMPILED_LIB -I/codegen/exe -I/home/aiv/YongJun_ws/matlab/AutoL_LiDAR/src/deployedpointpillarmodel/include -I/home/aiv/YongJun_ws/matlab/AutoL_LiDAR/src/deployedpointpillarmodel/include/deployedpointpillarmodel -isystem=/home/aiv/YongJun_ws/matlab/AutoL_LiDAR/install/vision_msgs/include -isystem=/opt/ros/foxy/include  -O3 -DNDEBUG   -Xcompiler= -DMW_CUDA_ARCH=350 -D__MW_TARGET_USE_HARDWARE_RESOURCES_H__ -DROS2_PROJECT -DSTACK_SIZE=200000 -DMODEL=deployedPointPillarModel -arch sm_35 -rdc=true -Xcudafe "--display_error_number --diag_suppress=unsigned_compare_with_zero --diag_suppress=field_without_dll_interface --diag_suppress=base_class_has_different_dll_interface" -Xcompiler=-fPIC -x cu -dc /home/aiv/YongJun_ws/matlab/AutoL_LiDAR/src/deployedpointpillarmodel/src/MWCudnnFusedConvActivationLayerImpl.cu -o CMakeFiles/deployedPointPillarModel.dir/src/MWCudnnFusedConvActivationLayerImpl.cu.o
/usr/local/cuda/bin/nvcc  -DDEFAULT_RMW_IMPLEMENTATION=rmw_fastrtps_cpp -DRCUTILS_ENABLE_FAULT_INJECTION -DROS_PACKAGE_NAME=\"deployedpointpillarmodel\" -DSPDLOG_COMPILED_LIB -I/codegen/exe -I/home/aiv/YongJun_ws/matlab/AutoL_LiDAR/src/deployedpointpillarmodel/include -I/home/aiv/YongJun_ws/matlab/AutoL_LiDAR/src/deployedpointpillarmodel/include/deployedpointpillarmodel -isystem=/home/aiv/YongJun_ws/matlab/AutoL_LiDAR/install/vision_msgs/include -isystem=/opt/ros/foxy/include  -O3 -DNDEBUG   -Xcompiler= -DMW_CUDA_ARCH=350 -D__MW_TARGET_USE_HARDWARE_RESOURCES_H__ -DROS2_PROJECT -DSTACK_SIZE=200000 -DMODEL=deployedPointPillarModel -arch sm_35 -rdc=true -Xcudafe "--display_error_number --diag_suppress=unsigned_compare_with_zero --diag_suppress=field_without_dll_interface --diag_suppress=base_class_has_different_dll_interface" -Xcompiler=-fPIC -x cu -dc /home/aiv/YongJun_ws/matlab/AutoL_LiDAR/src/deployedpointpillarmodel/src/MWCudnnLayerImplFactory.cu -o CMakeFiles/deployedPointPillarModel.dir/src/MWCudnnLayerImplFactory.cu.o
[ 29%] [32mBuilding CUDA object CMakeFiles/deployedPointPillarModel.dir/src/Resize2DLayer.cu.o[0m
/usr/local/cuda/bin/nvcc  -DDEFAULT_RMW_IMPLEMENTATION=rmw_fastrtps_cpp -DRCUTILS_ENABLE_FAULT_INJECTION -DROS_PACKAGE_NAME=\"deployedpointpillarmodel\" -DSPDLOG_COMPILED_LIB -I/codegen/exe -I/home/aiv/YongJun_ws/matlab/AutoL_LiDAR/src/deployedpointpillarmodel/include -I/home/aiv/YongJun_ws/matlab/AutoL_LiDAR/src/deployedpointpillarmodel/include/deployedpointpillarmodel -isystem=/home/aiv/YongJun_ws/matlab/AutoL_LiDAR/install/vision_msgs/include -isystem=/opt/ros/foxy/include  -O3 -DNDEBUG   -Xcompiler= -DMW_CUDA_ARCH=350 -D__MW_TARGET_USE_HARDWARE_RESOURCES_H__ -DROS2_PROJECT -DSTACK_SIZE=200000 -DMODEL=deployedPointPillarModel -arch sm_35 -rdc=true -Xcudafe "--display_error_number --diag_suppress=unsigned_compare_with_zero --diag_suppress=field_without_dll_interface --diag_suppress=base_class_has_different_dll_interface" -Xcompiler=-fPIC -x cu -dc /home/aiv/YongJun_ws/matlab/AutoL_LiDAR/src/deployedpointpillarmodel/src/MWCudnnMaxPoolingLayerImpl.cu -o CMakeFiles/deployedPointPillarModel.dir/src/MWCudnnMaxPoolingLayerImpl.cu.o
/usr/local/cuda/bin/nvcc  -DDEFAULT_RMW_IMPLEMENTATION=rmw_fastrtps_cpp -DRCUTILS_ENABLE_FAULT_INJECTION -DROS_PACKAGE_NAME=\"deployedpointpillarmodel\" -DSPDLOG_COMPILED_LIB -I/codegen/exe -I/home/aiv/YongJun_ws/matlab/AutoL_LiDAR/src/deployedpointpillarmodel/include -I/home/aiv/YongJun_ws/matlab/AutoL_LiDAR/src/deployedpointpillarmodel/include/deployedpointpillarmodel -isystem=/home/aiv/YongJun_ws/matlab/AutoL_LiDAR/install/vision_msgs/include -isystem=/opt/ros/foxy/include  -O3 -DNDEBUG   -Xcompiler= -DMW_CUDA_ARCH=350 -D__MW_TARGET_USE_HARDWARE_RESOURCES_H__ -DROS2_PROJECT -DSTACK_SIZE=200000 -DMODEL=deployedPointPillarModel -arch sm_35 -rdc=true -Xcudafe "--display_error_number --diag_suppress=unsigned_compare_with_zero --diag_suppress=field_without_dll_interface --diag_suppress=base_class_has_different_dll_interface" -Xcompiler=-fPIC -x cu -dc /home/aiv/YongJun_ws/matlab/AutoL_LiDAR/src/deployedpointpillarmodel/src/MWCudnnOutputLayerImpl.cu -o CMakeFiles/deployedPointPillarModel.dir/src/MWCudnnOutputLayerImpl.cu.o
/usr/local/cuda/bin/nvcc  -DDEFAULT_RMW_IMPLEMENTATION=rmw_fastrtps_cpp -DRCUTILS_ENABLE_FAULT_INJECTION -DROS_PACKAGE_NAME=\"deployedpointpillarmodel\" -DSPDLOG_COMPILED_LIB -I/codegen/exe -I/home/aiv/YongJun_ws/matlab/AutoL_LiDAR/src/deployedpointpillarmodel/include -I/home/aiv/YongJun_ws/matlab/AutoL_LiDAR/src/deployedpointpillarmodel/include/deployedpointpillarmodel -isystem=/home/aiv/YongJun_ws/matlab/AutoL_LiDAR/install/vision_msgs/include -isystem=/opt/ros/foxy/include  -O3 -DNDEBUG   -Xcompiler= -DMW_CUDA_ARCH=350 -D__MW_TARGET_USE_HARDWARE_RESOURCES_H__ -DROS2_PROJECT -DSTACK_SIZE=200000 -DMODEL=deployedPointPillarModel -arch sm_35 -rdc=true -Xcudafe "--display_error_number --diag_suppress=unsigned_compare_with_zero --diag_suppress=field_without_dll_interface --diag_suppress=base_class_has_different_dll_interface" -Xcompiler=-fPIC -x cu -dc /home/aiv/YongJun_ws/matlab/AutoL_LiDAR/src/deployedpointpillarmodel/src/MWCudnnSigmoidLayerImpl.cu -o CMakeFiles/deployedPointPillarModel.dir/src/MWCudnnSigmoidLayerImpl.cu.o
nvcc fatal   : Value 'sm_35' is not defined for option 'gpu-architecture'
nvcc fatal   : Value 'sm_35' is not defined for option 'gpu-architecture'
/usr/local/cuda/bin/nvcc  -DDEFAULT_RMW_IMPLEMENTATION=rmw_fastrtps_cpp -DRCUTILS_ENABLE_FAULT_INJECTION -DROS_PACKAGE_NAME=\"deployedpointpillarmodel\" -DSPDLOG_COMPILED_LIB -I/codegen/exe -I/home/aiv/YongJun_ws/matlab/AutoL_LiDAR/src/deployedpointpillarmodel/include -I/home/aiv/YongJun_ws/matlab/AutoL_LiDAR/src/deployedpointpillarmodel/include/deployedpointpillarmodel -isystem=/home/aiv/YongJun_ws/matlab/AutoL_LiDAR/install/vision_msgs/include -isystem=/opt/ros/foxy/include  -O3 -DNDEBUG   -Xcompiler= -DMW_CUDA_ARCH=350 -D__MW_TARGET_USE_HARDWARE_RESOURCES_H__ -DROS2_PROJECT -DSTACK_SIZE=200000 -DMODEL=deployedPointPillarModel -arch sm_35 -rdc=true -Xcudafe "--display_error_number --diag_suppress=unsigned_compare_with_zero --diag_suppress=field_without_dll_interface --diag_suppress=base_class_has_different_dll_interface" -Xcompiler=-fPIC -x cu -dc /home/aiv/YongJun_ws/matlab/AutoL_LiDAR/src/deployedpointpillarmodel/src/MWCudnnSplittingLayerImpl.cu -o CMakeFiles/deployedPointPillarModel.dir/src/MWCudnnSplittingLayerImpl.cu.o
/usr/local/cuda/bin/nvcc  -DDEFAULT_RMW_IMPLEMENTATION=rmw_fastrtps_cpp -DRCUTILS_ENABLE_FAULT_INJECTION -DROS_PACKAGE_NAME=\"deployedpointpillarmodel\" -DSPDLOG_COMPILED_LIB -I/codegen/exe -I/home/aiv/YongJun_ws/matlab/AutoL_LiDAR/src/deployedpointpillarmodel/include -I/home/aiv/YongJun_ws/matlab/AutoL_LiDAR/src/deployedpointpillarmodel/include/deployedpointpillarmodel -isystem=/home/aiv/YongJun_ws/matlab/AutoL_LiDAR/install/vision_msgs/include -isystem=/opt/ros/foxy/include  -O3 -DNDEBUG   -Xcompiler= -DMW_CUDA_ARCH=350 -D__MW_TARGET_USE_HARDWARE_RESOURCES_H__ -DROS2_PROJECT -DSTACK_SIZE=200000 -DMODEL=deployedPointPillarModel -arch sm_35 -rdc=true -Xcudafe "--display_error_number --diag_suppress=unsigned_compare_with_zero --diag_suppress=field_without_dll_interface --diag_suppress=base_class_has_different_dll_interface" -Xcompiler=-fPIC -x cu -dc /home/aiv/YongJun_ws/matlab/AutoL_LiDAR/src/deployedpointpillarmodel/src/MWCudnnTargetNetworkImpl.cu -o CMakeFiles/deployedPointPillarModel.dir/src/MWCudnnTargetNetworkImpl.cu.o
/usr/bin/c++  -DDEFAULT_RMW_IMPLEMENTATION=rmw_fastrtps_cpp -DRCUTILS_ENABLE_FAULT_INJECTION -DROS_PACKAGE_NAME=\"deployedpointpillarmodel\" -DSPDLOG_COMPILED_LIB -I/codegen/exe -I/home/aiv/YongJun_ws/matlab/AutoL_LiDAR/src/deployedpointpillarmodel/include -I/home/aiv/YongJun_ws/matlab/AutoL_LiDAR/src/deployedpointpillarmodel/include/deployedpointpillarmodel -I/usr/local/cuda/targets/x86_64-linux/include -isystem /home/aiv/YongJun_ws/matlab/AutoL_LiDAR/install/vision_msgs/include -isystem /opt/ros/foxy/include  -O3 -DNDEBUG   -Wall -Wextra -Wpedantic -DMW_CUDA_ARCH=350 -D__MW_TARGET_USE_HARDWARE_RESOURCES_H__ -DROS2_PROJECT -DSTACK_SIZE=200000 -DMODEL=deployedPointPillarModel -std=gnu++17 -o CMakeFiles/deployedPointPillarModel.dir/src/MWFusedConvActivationLayer.cpp.o -c /home/aiv/YongJun_ws/matlab/AutoL_LiDAR/src/deployedpointpillarmodel/src/MWFusedConvActivationLayer.cpp
/usr/bin/c++  -DDEFAULT_RMW_IMPLEMENTATION=rmw_fastrtps_cpp -DRCUTILS_ENABLE_FAULT_INJECTION -DROS_PACKAGE_NAME=\"deployedpointpillarmodel\" -DSPDLOG_COMPILED_LIB -I/codegen/exe -I/home/aiv/YongJun_ws/matlab/AutoL_LiDAR/src/deployedpointpillarmodel/include -I/home/aiv/YongJun_ws/matlab/AutoL_LiDAR/src/deployedpointpillarmodel/include/deployedpointpillarmodel -I/usr/local/cuda/targets/x86_64-linux/include -isystem /home/aiv/YongJun_ws/matlab/AutoL_LiDAR/install/vision_msgs/include -isystem /opt/ros/foxy/include  -O3 -DNDEBUG   -Wall -Wextra -Wpedantic -DMW_CUDA_ARCH=350 -D__MW_TARGET_USE_HARDWARE_RESOURCES_H__ -DROS2_PROJECT -DSTACK_SIZE=200000 -DMODEL=deployedPointPillarModel -std=gnu++17 -o CMakeFiles/deployedPointPillarModel.dir/src/MWInputLayer.cpp.o -c /home/aiv/YongJun_ws/matlab/AutoL_LiDAR/src/deployedpointpillarmodel/src/MWInputLayer.cpp
/usr/bin/c++  -DDEFAULT_RMW_IMPLEMENTATION=rmw_fastrtps_cpp -DRCUTILS_ENABLE_FAULT_INJECTION -DROS_PACKAGE_NAME=\"deployedpointpillarmodel\" -DSPDLOG_COMPILED_LIB -I/codegen/exe -I/home/aiv/YongJun_ws/matlab/AutoL_LiDAR/src/deployedpointpillarmodel/include -I/home/aiv/YongJun_ws/matlab/AutoL_LiDAR/src/deployedpointpillarmodel/include/deployedpointpillarmodel -I/usr/local/cuda/targets/x86_64-linux/include -isystem /home/aiv/YongJun_ws/matlab/AutoL_LiDAR/install/vision_msgs/include -isystem /opt/ros/foxy/include  -O3 -DNDEBUG   -Wall -Wextra -Wpedantic -DMW_CUDA_ARCH=350 -D__MW_TARGET_USE_HARDWARE_RESOURCES_H__ -DROS2_PROJECT -DSTACK_SIZE=200000 -DMODEL=deployedPointPillarModel -std=gnu++17 -o CMakeFiles/deployedPointPillarModel.dir/src/MWMaxPoolingLayer.cpp.o -c /home/aiv/YongJun_ws/matlab/AutoL_LiDAR/src/deployedpointpillarmodel/src/MWMaxPoolingLayer.cpp
/usr/bin/c++  -DDEFAULT_RMW_IMPLEMENTATION=rmw_fastrtps_cpp -DRCUTILS_ENABLE_FAULT_INJECTION -DROS_PACKAGE_NAME=\"deployedpointpillarmodel\" -DSPDLOG_COMPILED_LIB -I/codegen/exe -I/home/aiv/YongJun_ws/matlab/AutoL_LiDAR/src/deployedpointpillarmodel/include -I/home/aiv/YongJun_ws/matlab/AutoL_LiDAR/src/deployedpointpillarmodel/include/deployedpointpillarmodel -I/usr/local/cuda/targets/x86_64-linux/include -isystem /home/aiv/YongJun_ws/matlab/AutoL_LiDAR/install/vision_msgs/include -isystem /opt/ros/foxy/include  -O3 -DNDEBUG   -Wall -Wextra -Wpedantic -DMW_CUDA_ARCH=350 -D__MW_TARGET_USE_HARDWARE_RESOURCES_H__ -DROS2_PROJECT -DSTACK_SIZE=200000 -DMODEL=deployedPointPillarModel -std=gnu++17 -o CMakeFiles/deployedPointPillarModel.dir/src/MWOutputLayer.cpp.o -c /home/aiv/YongJun_ws/matlab/AutoL_LiDAR/src/deployedpointpillarmodel/src/MWOutputLayer.cpp
/usr/bin/c++  -DDEFAULT_RMW_IMPLEMENTATION=rmw_fastrtps_cpp -DRCUTILS_ENABLE_FAULT_INJECTION -DROS_PACKAGE_NAME=\"deployedpointpillarmodel\" -DSPDLOG_COMPILED_LIB -I/codegen/exe -I/home/aiv/YongJun_ws/matlab/AutoL_LiDAR/src/deployedpointpillarmodel/include -I/home/aiv/YongJun_ws/matlab/AutoL_LiDAR/src/deployedpointpillarmodel/include/deployedpointpillarmodel -I/usr/local/cuda/targets/x86_64-linux/include -isystem /home/aiv/YongJun_ws/matlab/AutoL_LiDAR/install/vision_msgs/include -isystem /opt/ros/foxy/include  -O3 -DNDEBUG   -Wall -Wextra -Wpedantic -DMW_CUDA_ARCH=350 -D__MW_TARGET_USE_HARDWARE_RESOURCES_H__ -DROS2_PROJECT -DSTACK_SIZE=200000 -DMODEL=deployedPointPillarModel -std=gnu++17 -o CMakeFiles/deployedPointPillarModel.dir/src/MWSigmoidLayer.cpp.o -c /home/aiv/YongJun_ws/matlab/AutoL_LiDAR/src/deployedpointpillarmodel/src/MWSigmoidLayer.cpp
/usr/bin/c++  -DDEFAULT_RMW_IMPLEMENTATION=rmw_fastrtps_cpp -DRCUTILS_ENABLE_FAULT_INJECTION -DROS_PACKAGE_NAME=\"deployedpointpillarmodel\" -DSPDLOG_COMPILED_LIB -I/codegen/exe -I/home/aiv/YongJun_ws/matlab/AutoL_LiDAR/src/deployedpointpillarmodel/include -I/home/aiv/YongJun_ws/matlab/AutoL_LiDAR/src/deployedpointpillarmodel/include/deployedpointpillarmodel -I/usr/local/cuda/targets/x86_64-linux/include -isystem /home/aiv/YongJun_ws/matlab/AutoL_LiDAR/install/vision_msgs/include -isystem /opt/ros/foxy/include  -O3 -DNDEBUG   -Wall -Wextra -Wpedantic -DMW_CUDA_ARCH=350 -D__MW_TARGET_USE_HARDWARE_RESOURCES_H__ -DROS2_PROJECT -DSTACK_SIZE=200000 -DMODEL=deployedPointPillarModel -std=gnu++17 -o CMakeFiles/deployedPointPillarModel.dir/src/MWSplittingLayer.cpp.o -c /home/aiv/YongJun_ws/matlab/AutoL_LiDAR/src/deployedpointpillarmodel/src/MWSplittingLayer.cpp
nvcc fatal   : Value 'sm_35' is not defined for option 'gpu-architecture'
nvcc fatal   : Value 'sm_35' is not defined for option 'gpu-architecture'
nvcc fatal   : Value 'sm_35' is not defined for option 'gpu-architecture'
nvcc fatal   : Value 'sm_35' is not defined for option 'gpu-architecture'
nvcc fatal   : Value 'sm_35' is not defined for option 'gpu-architecture'
nvcc fatal   : Value 'sm_35' is not defined for option 'gpu-architecture'
nvcc fatal   : Value 'sm_35' is not defined for option 'gpu-architecture'
nvcc fatal   : Value 'sm_35' is not defined for option 'gpu-architecture'
nvcc fatal   : Value 'sm_35' is not defined for option 'gpu-architecture'
make[2]: *** [CMakeFiles/deployedPointPillarModel.dir/build.make:131: CMakeFiles/deployedPointPillarModel.dir/src/MWCudnnBatchNormalizationLayerImpl.cu.o] Error 1
make[2]: *** Waiting for unfinished jobs....
/usr/bin/c++  -DDEFAULT_RMW_IMPLEMENTATION=rmw_fastrtps_cpp -DRCUTILS_ENABLE_FAULT_INJECTION -DROS_PACKAGE_NAME=\"deployedpointpillarmodel\" -DSPDLOG_COMPILED_LIB -I/codegen/exe -I/home/aiv/YongJun_ws/matlab/AutoL_LiDAR/src/deployedpointpillarmodel/include -I/home/aiv/YongJun_ws/matlab/AutoL_LiDAR/src/deployedpointpillarmodel/include/deployedpointpillarmodel -I/usr/local/cuda/targets/x86_64-linux/include -isystem /home/aiv/YongJun_ws/matlab/AutoL_LiDAR/install/vision_msgs/include -isystem /opt/ros/foxy/include  -O3 -DNDEBUG   -Wall -Wextra -Wpedantic -DMW_CUDA_ARCH=350 -D__MW_TARGET_USE_HARDWARE_RESOURCES_H__ -DROS2_PROJECT -DSTACK_SIZE=200000 -DMODEL=deployedPointPillarModel -std=gnu++17 -o CMakeFiles/deployedPointPillarModel.dir/src/MWTensorBase.cpp.o -c /home/aiv/YongJun_ws/matlab/AutoL_LiDAR/src/deployedpointpillarmodel/src/MWTensorBase.cpp
/usr/local/cuda/bin/nvcc  -DDEFAULT_RMW_IMPLEMENTATION=rmw_fastrtps_cpp -DRCUTILS_ENABLE_FAULT_INJECTION -DROS_PACKAGE_NAME=\"deployedpointpillarmodel\" -DSPDLOG_COMPILED_LIB -I/codegen/exe -I/home/aiv/YongJun_ws/matlab/AutoL_LiDAR/src/deployedpointpillarmodel/include -I/home/aiv/YongJun_ws/matlab/AutoL_LiDAR/src/deployedpointpillarmodel/include/deployedpointpillarmodel -isystem=/home/aiv/YongJun_ws/matlab/AutoL_LiDAR/install/vision_msgs/include -isystem=/opt/ros/foxy/include  -O3 -DNDEBUG   -Xcompiler= -DMW_CUDA_ARCH=350 -D__MW_TARGET_USE_HARDWARE_RESOURCES_H__ -DROS2_PROJECT -DSTACK_SIZE=200000 -DMODEL=deployedPointPillarModel -arch sm_35 -rdc=true -Xcudafe "--display_error_number --diag_suppress=unsigned_compare_with_zero --diag_suppress=field_without_dll_interface --diag_suppress=base_class_has_different_dll_interface" -Xcompiler=-fPIC -x cu -dc /home/aiv/YongJun_ws/matlab/AutoL_LiDAR/src/deployedpointpillarmodel/src/PointCloud2Types.cu -o CMakeFiles/deployedPointPillarModel.dir/src/PointCloud2Types.cu.o
/usr/local/cuda/bin/nvcc  -DDEFAULT_RMW_IMPLEMENTATION=rmw_fastrtps_cpp -DRCUTILS_ENABLE_FAULT_INJECTION -DROS_PACKAGE_NAME=\"deployedpointpillarmodel\" -DSPDLOG_COMPILED_LIB -I/codegen/exe -I/home/aiv/YongJun_ws/matlab/AutoL_LiDAR/src/deployedpointpillarmodel/include -I/home/aiv/YongJun_ws/matlab/AutoL_LiDAR/src/deployedpointpillarmodel/include/deployedpointpillarmodel -isystem=/home/aiv/YongJun_ws/matlab/AutoL_LiDAR/install/vision_msgs/include -isystem=/opt/ros/foxy/include  -O3 -DNDEBUG   -Xcompiler= -DMW_CUDA_ARCH=350 -D__MW_TARGET_USE_HARDWARE_RESOURCES_H__ -DROS2_PROJECT -DSTACK_SIZE=200000 -DMODEL=deployedPointPillarModel -arch sm_35 -rdc=true -Xcudafe "--display_error_number --diag_suppress=unsigned_compare_with_zero --diag_suppress=field_without_dll_interface --diag_suppress=base_class_has_different_dll_interface" -Xcompiler=-fPIC -x cu -dc /home/aiv/YongJun_ws/matlab/AutoL_LiDAR/src/deployedpointpillarmodel/src/PointCloudImpl.cu -o CMakeFiles/deployedPointPillarModel.dir/src/PointCloudImpl.cu.o
/usr/local/cuda/bin/nvcc  -DDEFAULT_RMW_IMPLEMENTATION=rmw_fastrtps_cpp -DRCUTILS_ENABLE_FAULT_INJECTION -DROS_PACKAGE_NAME=\"deployedpointpillarmodel\" -DSPDLOG_COMPILED_LIB -I/codegen/exe -I/home/aiv/YongJun_ws/matlab/AutoL_LiDAR/src/deployedpointpillarmodel/include -I/home/aiv/YongJun_ws/matlab/AutoL_LiDAR/src/deployedpointpillarmodel/include/deployedpointpillarmodel -isystem=/home/aiv/YongJun_ws/matlab/AutoL_LiDAR/install/vision_msgs/include -isystem=/opt/ros/foxy/include  -O3 -DNDEBUG   -Xcompiler= -DMW_CUDA_ARCH=350 -D__MW_TARGET_USE_HARDWARE_RESOURCES_H__ -DROS2_PROJECT -DSTACK_SIZE=200000 -DMODEL=deployedPointPillarModel -arch sm_35 -rdc=true -Xcudafe "--display_error_number --diag_suppress=unsigned_compare_with_zero --diag_suppress=field_without_dll_interface --diag_suppress=base_class_has_different_dll_interface" -Xcompiler=-fPIC -x cu -dc /home/aiv/YongJun_ws/matlab/AutoL_LiDAR/src/deployedpointpillarmodel/src/Resize2DLayer.cu -o CMakeFiles/deployedPointPillarModel.dir/src/Resize2DLayer.cu.o
/usr/local/cuda/bin/nvcc  -DDEFAULT_RMW_IMPLEMENTATION=rmw_fastrtps_cpp -DRCUTILS_ENABLE_FAULT_INJECTION -DROS_PACKAGE_NAME=\"deployedpointpillarmodel\" -DSPDLOG_COMPILED_LIB -I/codegen/exe -I/home/aiv/YongJun_ws/matlab/AutoL_LiDAR/src/deployedpointpillarmodel/include -I/home/aiv/YongJun_ws/matlab/AutoL_LiDAR/src/deployedpointpillarmodel/include/deployedpointpillarmodel -isystem=/home/aiv/YongJun_ws/matlab/AutoL_LiDAR/install/vision_msgs/include -isystem=/opt/ros/foxy/include  -O3 -DNDEBUG   -Xcompiler= -DMW_CUDA_ARCH=350 -D__MW_TARGET_USE_HARDWARE_RESOURCES_H__ -DROS2_PROJECT -DSTACK_SIZE=200000 -DMODEL=deployedPointPillarModel -arch sm_35 -rdc=true -Xcudafe "--display_error_number --diag_suppress=unsigned_compare_with_zero --diag_suppress=field_without_dll_interface --diag_suppress=base_class_has_different_dll_interface" -Xcompiler=-fPIC -x cu -dc /home/aiv/YongJun_ws/matlab/AutoL_LiDAR/src/deployedpointpillarmodel/src/SpecialMsgUtil.cu -o CMakeFiles/deployedPointPillarModel.dir/src/SpecialMsgUtil.cu.o
make[2]: *** [CMakeFiles/deployedPointPillarModel.dir/build.make:144: CMakeFiles/deployedPointPillarModel.dir/src/MWCudnnCNNLayerImpl.cu.o] Error 1
make[2]: *** [CMakeFiles/deployedPointPillarModel.dir/build.make:157: CMakeFiles/deployedPointPillarModel.dir/src/MWCudnnConcatenationLayerImpl.cu.o] Error 1
make[2]: *** [CMakeFiles/deployedPointPillarModel.dir/build.make:170: CMakeFiles/deployedPointPillarModel.dir/src/MWCudnnConvLayerImpl.cu.o] Error 1
make[2]: *** [CMakeFiles/deployedPointPillarModel.dir/build.make:183: CMakeFiles/deployedPointPillarModel.dir/src/MWCudnnCustomLayerBase.cu.o] Error 1
make[2]: *** [CMakeFiles/deployedPointPillarModel.dir/build.make:196: CMakeFiles/deployedPointPillarModel.dir/src/MWCudnnFusedConvActivationLayerImpl.cu.o] Error 1
make[2]: *** [CMakeFiles/deployedPointPillarModel.dir/build.make:209: CMakeFiles/deployedPointPillarModel.dir/src/MWCudnnLayerImplFactory.cu.o] Error 1
make[2]: *** [CMakeFiles/deployedPointPillarModel.dir/build.make:222: CMakeFiles/deployedPointPillarModel.dir/src/MWCudnnMaxPoolingLayerImpl.cu.o] Error 1
make[2]: *** [CMakeFiles/deployedPointPillarModel.dir/build.make:235: CMakeFiles/deployedPointPillarModel.dir/src/MWCudnnOutputLayerImpl.cu.o] Error 1
make[2]: *** [CMakeFiles/deployedPointPillarModel.dir/build.make:248: CMakeFiles/deployedPointPillarModel.dir/src/MWCudnnSigmoidLayerImpl.cu.o] Error 1
make[2]: *** [CMakeFiles/deployedPointPillarModel.dir/build.make:261: CMakeFiles/deployedPointPillarModel.dir/src/MWCudnnSplittingLayerImpl.cu.o] Error 1
make[2]: *** [CMakeFiles/deployedPointPillarModel.dir/build.make:274: CMakeFiles/deployedPointPillarModel.dir/src/MWCudnnTargetNetworkImpl.cu.o] Error 1
nvcc fatal   : Value 'sm_35' is not defined for option 'gpu-architecture'
nvcc fatal   : Value 'sm_35' is not defined for option 'gpu-architecture'
make[2]: *** [CMakeFiles/deployedPointPillarModel.dir/build.make:378: CMakeFiles/deployedPointPillarModel.dir/src/PointCloud2Types.cu.o] Error 1
nvcc fatal   : Value 'sm_35' is not defined for option 'gpu-architecture'
make[2]: *** [CMakeFiles/deployedPointPillarModel.dir/build.make:391: CMakeFiles/deployedPointPillarModel.dir/src/PointCloudImpl.cu.o] Error 1
nvcc fatal   : Value 'sm_35' is not defined for option 'gpu-architecture'
make[2]: *** [CMakeFiles/deployedPointPillarModel.dir/build.make:404: CMakeFiles/deployedPointPillarModel.dir/src/Resize2DLayer.cu.o] Error 1
make[2]: *** [CMakeFiles/deployedPointPillarModel.dir/build.make:417: CMakeFiles/deployedPointPillarModel.dir/src/SpecialMsgUtil.cu.o] Error 1
In file included from [01m[K/home/aiv/YongJun_ws/matlab/AutoL_LiDAR/src/deployedpointpillarmodel/include/deployedpointpillarmodel/MWConcatenationLayer.hpp:6[m[K,
                 from [01m[K/home/aiv/YongJun_ws/matlab/AutoL_LiDAR/src/deployedpointpillarmodel/src/MWConcatenationLayer.cpp:3[m[K:
[01m[K/home/aiv/YongJun_ws/matlab/AutoL_LiDAR/src/deployedpointpillarmodel/include/deployedpointpillarmodel/MWCNNLayer.hpp:[m[K In member function ‘[01m[Kvoid MWCNNLayer::setInPlaceIndex(int, int)[m[K’:
[01m[K/home/aiv/YongJun_ws/matlab/AutoL_LiDAR/src/deployedpointpillarmodel/include/deployedpointpillarmodel/MWCNNLayer.hpp:89:38:[m[K [01;35m[Kwarning: [m[Kvariable ‘[01m[Kit[m[K’ set but not used [[01;35m[K-Wunused-but-set-variable[m[K]
   89 |         std::map<int, int>::iterator [01;35m[Kit[m[K = m_inPlaceIndexMap.find(outIdx);
      |                                      [01;35m[K^~[m[K
In file included from [01m[K/home/aiv/YongJun_ws/matlab/AutoL_LiDAR/src/deployedpointpillarmodel/src/MWCNNLayer.cpp:3[m[K:
[01m[K/home/aiv/YongJun_ws/matlab/AutoL_LiDAR/src/deployedpointpillarmodel/include/deployedpointpillarmodel/MWCNNLayer.hpp:[m[K In member function ‘[01m[Kvoid MWCNNLayer::setInPlaceIndex(int, int)[m[K’:
[01m[K/home/aiv/YongJun_ws/matlab/AutoL_LiDAR/src/deployedpointpillarmodel/include/deployedpointpillarmodel/MWCNNLayer.hpp:89:38:[m[K [01;35m[Kwarning: [m[Kvariable ‘[01m[Kit[m[K’ set but not used [[01;35m[K-Wunused-but-set-variable[m[K]
   89 |         std::map<int, int>::iterator [01;35m[Kit[m[K = m_inPlaceIndexMap.find(outIdx);
      |                                      [01;35m[K^~[m[K
In file included from [01m[K/home/aiv/YongJun_ws/matlab/AutoL_LiDAR/src/deployedpointpillarmodel/include/deployedpointpillarmodel/MWSigmoidLayer.hpp:7[m[K,
                 from [01m[K/home/aiv/YongJun_ws/matlab/AutoL_LiDAR/src/deployedpointpillarmodel/src/MWSigmoidLayer.cpp:4[m[K:
[01m[K/home/aiv/YongJun_ws/matlab/AutoL_LiDAR/src/deployedpointpillarmodel/include/deployedpointpillarmodel/MWCNNLayer.hpp:[m[K In member function ‘[01m[Kvoid MWCNNLayer::setInPlaceIndex(int, int)[m[K’:
[01m[K/home/aiv/YongJun_ws/matlab/AutoL_LiDAR/src/deployedpointpillarmodel/include/deployedpointpillarmodel/MWCNNLayer.hpp:89:38:[m[K [01;35m[Kwarning: [m[Kvariable ‘[01m[Kit[m[K’ set but not used [[01;35m[K-Wunused-but-set-variable[m[K]
   89 |         std::map<int, int>::iterator [01;35m[Kit[m[K = m_inPlaceIndexMap.find(outIdx);
      |                                      [01;35m[K^~[m[K
In file included from [01m[K/home/aiv/YongJun_ws/matlab/AutoL_LiDAR/src/deployedpointpillarmodel/include/deployedpointpillarmodel/MWOutputLayer.hpp:5[m[K,
                 from [01m[K/home/aiv/YongJun_ws/matlab/AutoL_LiDAR/src/deployedpointpillarmodel/src/MWOutputLayer.cpp:3[m[K:
[01m[K/home/aiv/YongJun_ws/matlab/AutoL_LiDAR/src/deployedpointpillarmodel/include/deployedpointpillarmodel/MWCNNLayer.hpp:[m[K In member function ‘[01m[Kvoid MWCNNLayer::setInPlaceIndex(int, int)[m[K’:
[01m[K/home/aiv/YongJun_ws/matlab/AutoL_LiDAR/src/deployedpointpillarmodel/include/deployedpointpillarmodel/MWCNNLayer.hpp:89:38:[m[K [01;35m[Kwarning: [m[Kvariable ‘[01m[Kit[m[K’ set but not used [[01;35m[K-Wunused-but-set-variable[m[K]
   89 |         std::map<int, int>::iterator [01;35m[Kit[m[K = m_inPlaceIndexMap.find(outIdx);
      |                                      [01;35m[K^~[m[K
In file included from [01m[K/home/aiv/YongJun_ws/matlab/AutoL_LiDAR/src/deployedpointpillarmodel/include/deployedpointpillarmodel/MWInputLayer.hpp:6[m[K,
                 from [01m[K/home/aiv/YongJun_ws/matlab/AutoL_LiDAR/src/deployedpointpillarmodel/src/MWInputLayer.cpp:3[m[K:
[01m[K/home/aiv/YongJun_ws/matlab/AutoL_LiDAR/src/deployedpointpillarmodel/include/deployedpointpillarmodel/MWCNNLayer.hpp:[m[K In member function ‘[01m[Kvoid MWCNNLayer::setInPlaceIndex(int, int)[m[K’:
[01m[K/home/aiv/YongJun_ws/matlab/AutoL_LiDAR/src/deployedpointpillarmodel/include/deployedpointpillarmodel/MWCNNLayer.hpp:89:38:[m[K [01;35m[Kwarning: [m[Kvariable ‘[01m[Kit[m[K’ set but not used [[01;35m[K-Wunused-but-set-variable[m[K]
   89 |         std::map<int, int>::iterator [01;35m[Kit[m[K = m_inPlaceIndexMap.find(outIdx);
      |                                      [01;35m[K^~[m[K
In file included from [01m[K/home/aiv/YongJun_ws/matlab/AutoL_LiDAR/src/deployedpointpillarmodel/include/deployedpointpillarmodel/MWSplittingLayer.hpp:6[m[K,
                 from [01m[K/home/aiv/YongJun_ws/matlab/AutoL_LiDAR/src/deployedpointpillarmodel/src/MWSplittingLayer.cpp:3[m[K:
[01m[K/home/aiv/YongJun_ws/matlab/AutoL_LiDAR/src/deployedpointpillarmodel/include/deployedpointpillarmodel/MWCNNLayer.hpp:[m[K In member function ‘[01m[Kvoid MWCNNLayer::setInPlaceIndex(int, int)[m[K’:
[01m[K/home/aiv/YongJun_ws/matlab/AutoL_LiDAR/src/deployedpointpillarmodel/include/deployedpointpillarmodel/MWCNNLayer.hpp:89:38:[m[K [01;35m[Kwarning: [m[Kvariable ‘[01m[Kit[m[K’ set but not used [[01;35m[K-Wunused-but-set-variable[m[K]
   89 |         std::map<int, int>::iterator [01;35m[Kit[m[K = m_inPlaceIndexMap.find(outIdx);
      |                                      [01;35m[K^~[m[K
In file included from [01m[K/home/aiv/YongJun_ws/matlab/AutoL_LiDAR/src/deployedpointpillarmodel/include/deployedpointpillarmodel/MWFusedConvActivationLayer.hpp:6[m[K,
                 from [01m[K/home/aiv/YongJun_ws/matlab/AutoL_LiDAR/src/deployedpointpillarmodel/src/MWFusedConvActivationLayer.cpp:3[m[K:
[01m[K/home/aiv/YongJun_ws/matlab/AutoL_LiDAR/src/deployedpointpillarmodel/include/deployedpointpillarmodel/MWCNNLayer.hpp:[m[K In member function ‘[01m[Kvoid MWCNNLayer::setInPlaceIndex(int, int)[m[K’:
[01m[K/home/aiv/YongJun_ws/matlab/AutoL_LiDAR/src/deployedpointpillarmodel/include/deployedpointpillarmodel/MWCNNLayer.hpp:89:38:[m[K [01;35m[Kwarning: [m[Kvariable ‘[01m[Kit[m[K’ set but not used [[01;35m[K-Wunused-but-set-variable[m[K]
   89 |         std::map<int, int>::iterator [01;35m[Kit[m[K = m_inPlaceIndexMap.find(outIdx);
      |                                      [01;35m[K^~[m[K
[01m[K/home/aiv/YongJun_ws/matlab/AutoL_LiDAR/src/deployedpointpillarmodel/src/MWCNNLayer.cpp:[m[K In member function ‘[01m[KMWTensorBase* MWCNNLayer::getOutputTensor(size_t)[m[K’:
[01m[K/home/aiv/YongJun_ws/matlab/AutoL_LiDAR/src/deployedpointpillarmodel/src/MWCNNLayer.cpp:145:91:[m[K [01;35m[Kwarning: [m[Ktype qualifiers ignored on cast result type [[01;35m[K-Wignored-qualifiers[m[K]
  145 |     std::map<int, MWTensorBase*>::iterator it = m_output.find(static_cast<const int>(index[01;35m[K)[m[K);
      |                                                                                           [01;35m[K^[m[K
/home/aiv/YongJun_ws/matlab/AutoL_LiDAR/src/deployedpointpillarmodel/include/deployedpointpillarmodel/MWCNNLayer.hpp: In instantiation of ‘[01m[Kvoid MWCNNLayer::allocateOutputTensor(int, int, int, int, int, T*, const char*, int) [with T = float][m[K’:
[01m[K/home/aiv/YongJun_ws/matlab/AutoL_LiDAR/src/deployedpointpillarmodel/src/MWConcatenationLayer.cpp:34:68:[m[K   required from here
[01m[K/home/aiv/YongJun_ws/matlab/AutoL_LiDAR/src/deployedpointpillarmodel/include/deployedpointpillarmodel/MWCNNLayer.hpp:209:44:[m[K [01;35m[Kwarning: [m[Kvariable ‘[01m[Kit[m[K’ set but not used [[01;35m[K-Wunused-but-set-variable[m[K]
  209 |     std::map<int, MWTensorBase*>::iterator [01;35m[Kit[m[K = m_output.find(index);
      |                                            [01;35m[K^~[m[K
/home/aiv/YongJun_ws/matlab/AutoL_LiDAR/src/deployedpointpillarmodel/include/deployedpointpillarmodel/MWCNNLayer.hpp: In instantiation of ‘[01m[Kvoid MWCNNLayer::allocateOutputTensor(int, int, int, int, int, T*, const char*, int) [with T = float][m[K’:
[01m[K/home/aiv/YongJun_ws/matlab/AutoL_LiDAR/src/deployedpointpillarmodel/src/MWSigmoidLayer.cpp:22:68:[m[K   required from here
[01m[K/home/aiv/YongJun_ws/matlab/AutoL_LiDAR/src/deployedpointpillarmodel/include/deployedpointpillarmodel/MWCNNLayer.hpp:209:44:[m[K [01;35m[Kwarning: [m[Kvariable ‘[01m[Kit[m[K’ set but not used [[01;35m[K-Wunused-but-set-variable[m[K]
  209 |     std::map<int, MWTensorBase*>::iterator [01;35m[Kit[m[K = m_output.find(index);
      |                                            [01;35m[K^~[m[K
/home/aiv/YongJun_ws/matlab/AutoL_LiDAR/src/deployedpointpillarmodel/include/deployedpointpillarmodel/MWCNNLayer.hpp: In instantiation of ‘[01m[Kvoid MWCNNLayer::allocateOutputTensor(int, int, int, int, int, T*, const char*, int) [with T = float][m[K’:
[01m[K/home/aiv/YongJun_ws/matlab/AutoL_LiDAR/src/deployedpointpillarmodel/src/MWOutputLayer.cpp:19:68:[m[K   required from here
[01m[K/home/aiv/YongJun_ws/matlab/AutoL_LiDAR/src/deployedpointpillarmodel/include/deployedpointpillarmodel/MWCNNLayer.hpp:209:44:[m[K [01;35m[Kwarning: [m[Kvariable ‘[01m[Kit[m[K’ set but not used [[01;35m[K-Wunused-but-set-variable[m[K]
  209 |     std::map<int, MWTensorBase*>::iterator [01;35m[Kit[m[K = m_output.find(index);
      |                                            [01;35m[K^~[m[K
/home/aiv/YongJun_ws/matlab/AutoL_LiDAR/src/deployedpointpillarmodel/include/deployedpointpillarmodel/MWCNNLayer.hpp: In instantiation of ‘[01m[Kvoid MWCNNLayer::allocateOutputTensor(int, int, int, int, int, T*, const char*, int) [with T = float][m[K’:
[01m[K/home/aiv/YongJun_ws/matlab/AutoL_LiDAR/src/deployedpointpillarmodel/src/MWInputLayer.cpp:18:68:[m[K   required from here
[01m[K/home/aiv/YongJun_ws/matlab/AutoL_LiDAR/src/deployedpointpillarmodel/include/deployedpointpillarmodel/MWCNNLayer.hpp:209:44:[m[K [01;35m[Kwarning: [m[Kvariable ‘[01m[Kit[m[K’ set but not used [[01;35m[K-Wunused-but-set-variable[m[K]
  209 |     std::map<int, MWTensorBase*>::iterator [01;35m[Kit[m[K = m_output.find(index);
      |                                            [01;35m[K^~[m[K
/home/aiv/YongJun_ws/matlab/AutoL_LiDAR/src/deployedpointpillarmodel/include/deployedpointpillarmodel/MWCNNLayer.hpp: In instantiation of ‘[01m[Kvoid MWCNNLayer::allocateOutputTensor(int, int, int, int, int, T*, const char*, int) [with T = float][m[K’:
[01m[K/home/aiv/YongJun_ws/matlab/AutoL_LiDAR/src/deployedpointpillarmodel/src/MWSplittingLayer.cpp:47:79:[m[K   required from here
[01m[K/home/aiv/YongJun_ws/matlab/AutoL_LiDAR/src/deployedpointpillarmodel/include/deployedpointpillarmodel/MWCNNLayer.hpp:209:44:[m[K [01;35m[Kwarning: [m[Kvariable ‘[01m[Kit[m[K’ set but not used [[01;35m[K-Wunused-but-set-variable[m[K]
  209 |     std::map<int, MWTensorBase*>::iterator [01;35m[Kit[m[K = m_output.find(index);
      |                                            [01;35m[K^~[m[K
/home/aiv/YongJun_ws/matlab/AutoL_LiDAR/src/deployedpointpillarmodel/include/deployedpointpillarmodel/MWCNNLayer.hpp: In instantiation of ‘[01m[Kvoid MWCNNLayer::allocateOutputTensor(int, int, int, int, int, T*, const char*, int) [with T = float][m[K’:
[01m[K/home/aiv/YongJun_ws/matlab/AutoL_LiDAR/src/deployedpointpillarmodel/src/MWFusedConvActivationLayer.cpp:58:68:[m[K   required from here
[01m[K/home/aiv/YongJun_ws/matlab/AutoL_LiDAR/src/deployedpointpillarmodel/include/deployedpointpillarmodel/MWCNNLayer.hpp:209:44:[m[K [01;35m[Kwarning: [m[Kvariable ‘[01m[Kit[m[K’ set but not used [[01;35m[K-Wunused-but-set-variable[m[K]
  209 |     std::map<int, MWTensorBase*>::iterator [01;35m[Kit[m[K = m_output.find(index);
      |                                            [01;35m[K^~[m[K
In file included from [01m[K/home/aiv/YongJun_ws/matlab/AutoL_LiDAR/src/deployedpointpillarmodel/src/MWCNNLayer.cpp:3[m[K:
/home/aiv/YongJun_ws/matlab/AutoL_LiDAR/src/deployedpointpillarmodel/include/deployedpointpillarmodel/MWCNNLayer.hpp: In instantiation of ‘[01m[Kvoid MWCNNLayer::allocateOutputTensor(int, int, int, int, int, T*, const char*, int) [with T = float][m[K’:
[01m[K/home/aiv/YongJun_ws/matlab/AutoL_LiDAR/src/deployedpointpillarmodel/src/MWCNNLayer.cpp:220:91:[m[K   required from here
[01m[K/home/aiv/YongJun_ws/matlab/AutoL_LiDAR/src/deployedpointpillarmodel/include/deployedpointpillarmodel/MWCNNLayer.hpp:209:44:[m[K [01;35m[Kwarning: [m[Kvariable ‘[01m[Kit[m[K’ set but not used [[01;35m[K-Wunused-but-set-variable[m[K]
  209 |     std::map<int, MWTensorBase*>::iterator [01;35m[Kit[m[K = m_output.find(index);
      |                                            [01;35m[K^~[m[K
In file included from [01m[K/home/aiv/YongJun_ws/matlab/AutoL_LiDAR/src/deployedpointpillarmodel/include/deployedpointpillarmodel/MWBatchNormalizationLayer.hpp:6[m[K,
                 from [01m[K/home/aiv/YongJun_ws/matlab/AutoL_LiDAR/src/deployedpointpillarmodel/src/MWBatchNormalizationLayer.cpp:3[m[K:
[01m[K/home/aiv/YongJun_ws/matlab/AutoL_LiDAR/src/deployedpointpillarmodel/include/deployedpointpillarmodel/MWCNNLayer.hpp:[m[K In member function ‘[01m[Kvoid MWCNNLayer::setInPlaceIndex(int, int)[m[K’:
[01m[K/home/aiv/YongJun_ws/matlab/AutoL_LiDAR/src/deployedpointpillarmodel/include/deployedpointpillarmodel/MWCNNLayer.hpp:89:38:[m[K [01;35m[Kwarning: [m[Kvariable ‘[01m[Kit[m[K’ set but not used [[01;35m[K-Wunused-but-set-variable[m[K]
   89 |         std::map<int, int>::iterator [01;35m[Kit[m[K = m_inPlaceIndexMap.find(outIdx);
      |                                      [01;35m[K^~[m[K
/home/aiv/YongJun_ws/matlab/AutoL_LiDAR/src/deployedpointpillarmodel/include/deployedpointpillarmodel/MWCNNLayer.hpp: In instantiation of ‘[01m[Kvoid MWCNNLayer::allocateOutputTensor(int, int, int, int, int, T*, const char*, int) [with T = float][m[K’:
[01m[K/home/aiv/YongJun_ws/matlab/AutoL_LiDAR/src/deployedpointpillarmodel/src/MWBatchNormalizationLayer.cpp:32:79:[m[K   required from here
[01m[K/home/aiv/YongJun_ws/matlab/AutoL_LiDAR/src/deployedpointpillarmodel/include/deployedpointpillarmodel/MWCNNLayer.hpp:209:44:[m[K [01;35m[Kwarning: [m[Kvariable ‘[01m[Kit[m[K’ set but not used [[01;35m[K-Wunused-but-set-variable[m[K]
  209 |     std::map<int, MWTensorBase*>::iterator [01;35m[Kit[m[K = m_output.find(index);
      |                                            [01;35m[K^~[m[K
In file included from [01m[K/home/aiv/YongJun_ws/matlab/AutoL_LiDAR/src/deployedpointpillarmodel/include/deployedpointpillarmodel/MWConvLayer.hpp:6[m[K,
                 from [01m[K/home/aiv/YongJun_ws/matlab/AutoL_LiDAR/src/deployedpointpillarmodel/src/MWConvLayer.cpp:3[m[K:
[01m[K/home/aiv/YongJun_ws/matlab/AutoL_LiDAR/src/deployedpointpillarmodel/include/deployedpointpillarmodel/MWCNNLayer.hpp:[m[K In member function ‘[01m[Kvoid MWCNNLayer::setInPlaceIndex(int, int)[m[K’:
[01m[K/home/aiv/YongJun_ws/matlab/AutoL_LiDAR/src/deployedpointpillarmodel/include/deployedpointpillarmodel/MWCNNLayer.hpp:89:38:[m[K [01;35m[Kwarning: [m[Kvariable ‘[01m[Kit[m[K’ set but not used [[01;35m[K-Wunused-but-set-variable[m[K]
   89 |         std::map<int, int>::iterator [01;35m[Kit[m[K = m_inPlaceIndexMap.find(outIdx);
      |                                      [01;35m[K^~[m[K
In file included from [01m[K/home/aiv/YongJun_ws/matlab/AutoL_LiDAR/src/deployedpointpillarmodel/include/deployedpointpillarmodel/MWMaxPoolingLayer.hpp:6[m[K,
                 from [01m[K/home/aiv/YongJun_ws/matlab/AutoL_LiDAR/src/deployedpointpillarmodel/src/MWMaxPoolingLayer.cpp:3[m[K:
[01m[K/home/aiv/YongJun_ws/matlab/AutoL_LiDAR/src/deployedpointpillarmodel/include/deployedpointpillarmodel/MWCNNLayer.hpp:[m[K In member function ‘[01m[Kvoid MWCNNLayer::setInPlaceIndex(int, int)[m[K’:
[01m[K/home/aiv/YongJun_ws/matlab/AutoL_LiDAR/src/deployedpointpillarmodel/include/deployedpointpillarmodel/MWCNNLayer.hpp:89:38:[m[K [01;35m[Kwarning: [m[Kvariable ‘[01m[Kit[m[K’ set but not used [[01;35m[K-Wunused-but-set-variable[m[K]
   89 |         std::map<int, int>::iterator [01;35m[Kit[m[K = m_inPlaceIndexMap.find(outIdx);
      |                                      [01;35m[K^~[m[K
/home/aiv/YongJun_ws/matlab/AutoL_LiDAR/src/deployedpointpillarmodel/include/deployedpointpillarmodel/MWCNNLayer.hpp: In instantiation of ‘[01m[Kvoid MWCNNLayer::allocateOutputTensor(int, int, int, int, int, T*, const char*, int) [with T = float][m[K’:
[01m[K/home/aiv/YongJun_ws/matlab/AutoL_LiDAR/src/deployedpointpillarmodel/src/MWConvLayer.cpp:61:70:[m[K   required from here
[01m[K/home/aiv/YongJun_ws/matlab/AutoL_LiDAR/src/deployedpointpillarmodel/include/deployedpointpillarmodel/MWCNNLayer.hpp:209:44:[m[K [01;35m[Kwarning: [m[Kvariable ‘[01m[Kit[m[K’ set but not used [[01;35m[K-Wunused-but-set-variable[m[K]
  209 |     std::map<int, MWTensorBase*>::iterator [01;35m[Kit[m[K = m_output.find(index);
      |                                            [01;35m[K^~[m[K
/home/aiv/YongJun_ws/matlab/AutoL_LiDAR/src/deployedpointpillarmodel/include/deployedpointpillarmodel/MWCNNLayer.hpp: In instantiation of ‘[01m[Kvoid MWCNNLayer::allocateOutputTensor(int, int, int, int, int, T*, const char*, int) [with T = signed char][m[K’:
[01m[K/home/aiv/YongJun_ws/matlab/AutoL_LiDAR/src/deployedpointpillarmodel/src/MWMaxPoolingLayer.cpp:101:13:[m[K   required from ‘[01m[Kvoid MWMaxPoolingLayer::createMaxPoolingLayer(MWTargetNetworkImplBase*, MWTensorBase*, int, int, int, int, int, int, int, int, bool, int, const char*, int, ...) [with T1 = signed char; T2 = signed char][m[K’
[01m[K/home/aiv/YongJun_ws/matlab/AutoL_LiDAR/src/deployedpointpillarmodel/src/MWMaxPoolingLayer.cpp:34:8:[m[K   required from here
[01m[K/home/aiv/YongJun_ws/matlab/AutoL_LiDAR/src/deployedpointpillarmodel/include/deployedpointpillarmodel/MWCNNLayer.hpp:209:44:[m[K [01;35m[Kwarning: [m[Kvariable ‘[01m[Kit[m[K’ set but not used [[01;35m[K-Wunused-but-set-variable[m[K]
  209 |     std::map<int, MWTensorBase*>::iterator [01;35m[Kit[m[K = m_output.find(index);
      |                                            [01;35m[K^~[m[K
/home/aiv/YongJun_ws/matlab/AutoL_LiDAR/src/deployedpointpillarmodel/include/deployedpointpillarmodel/MWCNNLayer.hpp: In instantiation of ‘[01m[Kvoid MWCNNLayer::allocateOutputTensor(int, int, int, int, int, T*, const char*, int) [with T = float][m[K’:
[01m[K/home/aiv/YongJun_ws/matlab/AutoL_LiDAR/src/deployedpointpillarmodel/src/MWMaxPoolingLayer.cpp:101:13:[m[K   required from ‘[01m[Kvoid MWMaxPoolingLayer::createMaxPoolingLayer(MWTargetNetworkImplBase*, MWTensorBase*, int, int, int, int, int, int, int, int, bool, int, const char*, int, ...) [with T1 = float; T2 = float][m[K’
[01m[K/home/aiv/YongJun_ws/matlab/AutoL_LiDAR/src/deployedpointpillarmodel/src/MWMaxPoolingLayer.cpp:50:73:[m[K   required from here
[01m[K/home/aiv/YongJun_ws/matlab/AutoL_LiDAR/src/deployedpointpillarmodel/include/deployedpointpillarmodel/MWCNNLayer.hpp:209:44:[m[K [01;35m[Kwarning: [m[Kvariable ‘[01m[Kit[m[K’ set but not used [[01;35m[K-Wunused-but-set-variable[m[K]
make[2]: Leaving directory '/home/aiv/YongJun_ws/matlab/AutoL_LiDAR/build/deployedpointpillarmodel'
make[1]: Leaving directory '/home/aiv/YongJun_ws/matlab/AutoL_LiDAR/build/deployedpointpillarmodel'
make[1]: *** [CMakeFiles/Makefile2:81: CMakeFiles/deployedPointPillarModel.dir/all] Error 2
make: *** [Makefile:144: all] Error 2
