[0.006s] Invoking command in '/home/aiv/YongJun_ws/matlab/AutoL_LiDAR/build/deployedpointpillarmodel': AMENT_PREFIX_PATH=/home/aiv/YongJun_ws/matlab/AutoL_LiDAR/install/vision_msgs:${AMENT_PREFIX_PATH} CMAKE_PREFIX_PATH=/home/aiv/YongJun_ws/matlab/AutoL_LiDAR/install/vision_msgs:/opt/ros/foxy LD_LIBRARY_PATH=/home/aiv/YongJun_ws/matlab/AutoL_LiDAR/install/vision_msgs/lib:${LD_LIBRARY_PATH} PYTHONPATH=/home/aiv/YongJun_ws/matlab/AutoL_LiDAR/install/vision_msgs/lib/python3.8/site-packages:${PYTHONPATH} /usr/bin/cmake /home/aiv/YongJun_ws/matlab/AutoL_LiDAR/src/deployedpointpillarmodel -DAMENT_CMAKE_SYMLINK_INSTALL=1 -DCMAKE_INSTALL_PREFIX=/home/aiv/YongJun_ws/matlab/AutoL_LiDAR/install/deployedpointpillarmodel
[0.051s] -- The C compiler identification is GNU 9.4.0
[0.093s] -- The CXX compiler identification is GNU 9.4.0
[0.095s] -- Check for working C compiler: /usr/bin/cc
[0.149s] -- Check for working C compiler: /usr/bin/cc -- works
[0.150s] -- Detecting C compiler ABI info
[0.204s] -- Detecting C compiler ABI info - done
[0.215s] -- Detecting C compile features
[0.216s] -- Detecting C compile features - done
[0.218s] -- Check for working CXX compiler: /usr/bin/c++
[0.279s] -- Check for working CXX compiler: /usr/bin/c++ -- works
[0.280s] -- Detecting CXX compiler ABI info
[0.349s] -- Detecting CXX compiler ABI info - done
[0.359s] -- Detecting CXX compile features
[0.360s] -- Detecting CXX compile features - done
[0.362s] -- Found ament_cmake: 0.9.12 (/opt/ros/foxy/share/ament_cmake/cmake)
[0.380s] -- Found PythonInterp: /usr/bin/python3 (found suitable version "3.8.10", minimum required is "3") 
[0.380s] -- Using PYTHON_EXECUTABLE: /usr/bin/python3
[0.489s] -- Override CMake install command with custom implementation using symlinks instead of copying resources
[0.501s] -- Found ament_cmake_ros: 0.9.2 (/opt/ros/foxy/share/ament_cmake_ros/cmake)
[0.505s] -- Found builtin_interfaces: 1.0.0 (/opt/ros/foxy/share/builtin_interfaces/cmake)
[0.521s] -- Using all available rosidl_typesupport_c: rosidl_typesupport_fastrtps_c;rosidl_typesupport_introspection_c
[0.525s] -- Found rosidl_adapter: 1.3.1 (/opt/ros/foxy/share/rosidl_adapter/cmake)
[0.572s] -- Found OpenSSL: /usr/lib/x86_64-linux-gnu/libcrypto.so (found version "1.1.1f")  
[0.590s] -- Found FastRTPS: /opt/ros/foxy/include  
[0.638s] -- Using all available rosidl_typesupport_cpp: rosidl_typesupport_fastrtps_cpp;rosidl_typesupport_introspection_cpp
[0.655s] -- Found geometry_msgs: 2.0.5 (/opt/ros/foxy/share/geometry_msgs/cmake)
[0.701s] -- Found rclcpp: 2.4.3 (/opt/ros/foxy/share/rclcpp/cmake)
[0.733s] -- Found rmw_implementation_cmake: 1.0.4 (/opt/ros/foxy/share/rmw_implementation_cmake/cmake)
[0.734s] -- Using RMW implementation 'rmw_fastrtps_cpp' as default
[0.735s] -- Looking for pthread.h
[0.787s] -- Looking for pthread.h - found
[0.787s] -- Performing Test CMAKE_HAVE_LIBC_PTHREAD
[0.835s] -- Performing Test CMAKE_HAVE_LIBC_PTHREAD - Failed
[0.835s] -- Looking for pthread_create in pthreads
[0.871s] -- Looking for pthread_create in pthreads - not found
[0.871s] -- Looking for pthread_create in pthread
[0.932s] -- Looking for pthread_create in pthread - found
[0.933s] -- Found Threads: TRUE  
[1.039s] -- Found sensor_msgs: 2.0.5 (/opt/ros/foxy/share/sensor_msgs/cmake)
[1.088s] -- Found vision_msgs: 0.0.0 (/home/aiv/YongJun_ws/matlab/AutoL_LiDAR/install/vision_msgs/share/vision_msgs/cmake)
[1.606s] -- The CUDA compiler identification is NVIDIA 12.2.140
[1.610s] -- Check for working CUDA compiler: /usr/local/cuda/bin/nvcc
[1.955s] -- Check for working CUDA compiler: /usr/local/cuda/bin/nvcc -- works
[1.956s] -- Detecting CUDA compiler ABI info
[2.301s] -- Detecting CUDA compiler ABI info - done
[2.361s] -- Configuring done
[2.378s] -- Generating done
[2.379s] -- Build files have been written to: /home/aiv/YongJun_ws/matlab/AutoL_LiDAR/build/deployedpointpillarmodel
[2.386s] Invoked command in '/home/aiv/YongJun_ws/matlab/AutoL_LiDAR/build/deployedpointpillarmodel' returned '0': AMENT_PREFIX_PATH=/home/aiv/YongJun_ws/matlab/AutoL_LiDAR/install/vision_msgs:${AMENT_PREFIX_PATH} CMAKE_PREFIX_PATH=/home/aiv/YongJun_ws/matlab/AutoL_LiDAR/install/vision_msgs:/opt/ros/foxy LD_LIBRARY_PATH=/home/aiv/YongJun_ws/matlab/AutoL_LiDAR/install/vision_msgs/lib:${LD_LIBRARY_PATH} PYTHONPATH=/home/aiv/YongJun_ws/matlab/AutoL_LiDAR/install/vision_msgs/lib/python3.8/site-packages:${PYTHONPATH} /usr/bin/cmake /home/aiv/YongJun_ws/matlab/AutoL_LiDAR/src/deployedpointpillarmodel -DAMENT_CMAKE_SYMLINK_INSTALL=1 -DCMAKE_INSTALL_PREFIX=/home/aiv/YongJun_ws/matlab/AutoL_LiDAR/install/deployedpointpillarmodel
[2.386s] Invoking command in '/home/aiv/YongJun_ws/matlab/AutoL_LiDAR/build/deployedpointpillarmodel': AMENT_PREFIX_PATH=/home/aiv/YongJun_ws/matlab/AutoL_LiDAR/install/vision_msgs:${AMENT_PREFIX_PATH} CMAKE_PREFIX_PATH=/home/aiv/YongJun_ws/matlab/AutoL_LiDAR/install/vision_msgs:/opt/ros/foxy LD_LIBRARY_PATH=/home/aiv/YongJun_ws/matlab/AutoL_LiDAR/install/vision_msgs/lib:${LD_LIBRARY_PATH} PYTHONPATH=/home/aiv/YongJun_ws/matlab/AutoL_LiDAR/install/vision_msgs/lib/python3.8/site-packages:${PYTHONPATH} /usr/bin/cmake --build /home/aiv/YongJun_ws/matlab/AutoL_LiDAR/build/deployedpointpillarmodel -- -j32 -l32
[2.394s] /usr/bin/cmake -S/home/aiv/YongJun_ws/matlab/AutoL_LiDAR/src/deployedpointpillarmodel -B/home/aiv/YongJun_ws/matlab/AutoL_LiDAR/build/deployedpointpillarmodel --check-build-system CMakeFiles/Makefile.cmake 0
[2.401s] /usr/bin/cmake -E cmake_progress_start /home/aiv/YongJun_ws/matlab/AutoL_LiDAR/build/deployedpointpillarmodel/CMakeFiles /home/aiv/YongJun_ws/matlab/AutoL_LiDAR/build/deployedpointpillarmodel/CMakeFiles/progress.marks
[2.407s] /usr/bin/make -f CMakeFiles/Makefile2 all
[2.408s] make[1]: Entering directory '/home/aiv/YongJun_ws/matlab/AutoL_LiDAR/build/deployedpointpillarmodel'
[2.408s] /usr/bin/make -f CMakeFiles/deployedPointPillarModel.dir/build.make CMakeFiles/deployedPointPillarModel.dir/depend
[2.411s] make[2]: Entering directory '/home/aiv/YongJun_ws/matlab/AutoL_LiDAR/build/deployedpointpillarmodel'
[2.411s] cd /home/aiv/YongJun_ws/matlab/AutoL_LiDAR/build/deployedpointpillarmodel && /usr/bin/cmake -E cmake_depends "Unix Makefiles" /home/aiv/YongJun_ws/matlab/AutoL_LiDAR/src/deployedpointpillarmodel /home/aiv/YongJun_ws/matlab/AutoL_LiDAR/src/deployedpointpillarmodel /home/aiv/YongJun_ws/matlab/AutoL_LiDAR/build/deployedpointpillarmodel /home/aiv/YongJun_ws/matlab/AutoL_LiDAR/build/deployedpointpillarmodel /home/aiv/YongJun_ws/matlab/AutoL_LiDAR/build/deployedpointpillarmodel/CMakeFiles/deployedPointPillarModel.dir/DependInfo.cmake --color=
[2.418s] [35m[1mScanning dependencies of target deployedPointPillarModel[0m
[2.556s] make[2]: Leaving directory '/home/aiv/YongJun_ws/matlab/AutoL_LiDAR/build/deployedpointpillarmodel'
[2.556s] /usr/bin/make -f CMakeFiles/deployedPointPillarModel.dir/build.make CMakeFiles/deployedPointPillarModel.dir/build
[2.575s] make[2]: Entering directory '/home/aiv/YongJun_ws/matlab/AutoL_LiDAR/build/deployedpointpillarmodel'
[2.581s] [  1%] [32mBuilding CXX object CMakeFiles/deployedPointPillarModel.dir/src/MWCNNLayer.cpp.o[0m
[2.582s] [  2%] [32mBuilding CXX object CMakeFiles/deployedPointPillarModel.dir/src/MWBatchNormalizationLayer.cpp.o[0m
[2.582s] [  3%] [32mBuilding CXX object CMakeFiles/deployedPointPillarModel.dir/src/MWCUBLASUtils.cpp.o[0m
[2.582s] [  4%] [32mBuilding CXX object CMakeFiles/deployedPointPillarModel.dir/src/MWConcatenationLayer.cpp.o[0m
[2.583s] [  5%] [32mBuilding CXX object CMakeFiles/deployedPointPillarModel.dir/src/MWConvLayer.cpp.o[0m
[2.583s] /usr/bin/c++  -DDEFAULT_RMW_IMPLEMENTATION=rmw_fastrtps_cpp -DRCUTILS_ENABLE_FAULT_INJECTION -DROS_PACKAGE_NAME=\"deployedpointpillarmodel\" -DSPDLOG_COMPILED_LIB -I/codegen/exe -I/home/aiv/YongJun_ws/matlab/AutoL_LiDAR/src/deployedpointpillarmodel/include -I/home/aiv/YongJun_ws/matlab/AutoL_LiDAR/src/deployedpointpillarmodel/include/deployedpointpillarmodel -I/usr/local/cuda/targets/x86_64-linux/include -isystem /home/aiv/YongJun_ws/matlab/AutoL_LiDAR/install/vision_msgs/include -isystem /opt/ros/foxy/include  -O3 -DNDEBUG   -Wall -Wextra -Wpedantic -DMW_CUDA_ARCH=350 -D__MW_TARGET_USE_HARDWARE_RESOURCES_H__ -DROS2_PROJECT -DSTACK_SIZE=200000 -DMODEL=deployedPointPillarModel -std=gnu++17 -o CMakeFiles/deployedPointPillarModel.dir/src/MWBatchNormalizationLayer.cpp.o -c /home/aiv/YongJun_ws/matlab/AutoL_LiDAR/src/deployedpointpillarmodel/src/MWBatchNormalizationLayer.cpp
[2.583s] [  6%] [32mBuilding CUDA object CMakeFiles/deployedPointPillarModel.dir/src/MWCudnnBatchNormalizationLayerImpl.cu.o[0m
[2.584s] /usr/bin/c++  -DDEFAULT_RMW_IMPLEMENTATION=rmw_fastrtps_cpp -DRCUTILS_ENABLE_FAULT_INJECTION -DROS_PACKAGE_NAME=\"deployedpointpillarmodel\" -DSPDLOG_COMPILED_LIB -I/codegen/exe -I/home/aiv/YongJun_ws/matlab/AutoL_LiDAR/src/deployedpointpillarmodel/include -I/home/aiv/YongJun_ws/matlab/AutoL_LiDAR/src/deployedpointpillarmodel/include/deployedpointpillarmodel -I/usr/local/cuda/targets/x86_64-linux/include -isystem /home/aiv/YongJun_ws/matlab/AutoL_LiDAR/install/vision_msgs/include -isystem /opt/ros/foxy/include  -O3 -DNDEBUG   -Wall -Wextra -Wpedantic -DMW_CUDA_ARCH=350 -D__MW_TARGET_USE_HARDWARE_RESOURCES_H__ -DROS2_PROJECT -DSTACK_SIZE=200000 -DMODEL=deployedPointPillarModel -std=gnu++17 -o CMakeFiles/deployedPointPillarModel.dir/src/MWCNNLayer.cpp.o -c /home/aiv/YongJun_ws/matlab/AutoL_LiDAR/src/deployedpointpillarmodel/src/MWCNNLayer.cpp
[2.584s] /usr/bin/c++  -DDEFAULT_RMW_IMPLEMENTATION=rmw_fastrtps_cpp -DRCUTILS_ENABLE_FAULT_INJECTION -DROS_PACKAGE_NAME=\"deployedpointpillarmodel\" -DSPDLOG_COMPILED_LIB -I/codegen/exe -I/home/aiv/YongJun_ws/matlab/AutoL_LiDAR/src/deployedpointpillarmodel/include -I/home/aiv/YongJun_ws/matlab/AutoL_LiDAR/src/deployedpointpillarmodel/include/deployedpointpillarmodel -I/usr/local/cuda/targets/x86_64-linux/include -isystem /home/aiv/YongJun_ws/matlab/AutoL_LiDAR/install/vision_msgs/include -isystem /opt/ros/foxy/include  -O3 -DNDEBUG   -Wall -Wextra -Wpedantic -DMW_CUDA_ARCH=350 -D__MW_TARGET_USE_HARDWARE_RESOURCES_H__ -DROS2_PROJECT -DSTACK_SIZE=200000 -DMODEL=deployedPointPillarModel -std=gnu++17 -o CMakeFiles/deployedPointPillarModel.dir/src/MWCUBLASUtils.cpp.o -c /home/aiv/YongJun_ws/matlab/AutoL_LiDAR/src/deployedpointpillarmodel/src/MWCUBLASUtils.cpp
[2.584s] /usr/bin/c++  -DDEFAULT_RMW_IMPLEMENTATION=rmw_fastrtps_cpp -DRCUTILS_ENABLE_FAULT_INJECTION -DROS_PACKAGE_NAME=\"deployedpointpillarmodel\" -DSPDLOG_COMPILED_LIB -I/codegen/exe -I/home/aiv/YongJun_ws/matlab/AutoL_LiDAR/src/deployedpointpillarmodel/include -I/home/aiv/YongJun_ws/matlab/AutoL_LiDAR/src/deployedpointpillarmodel/include/deployedpointpillarmodel -I/usr/local/cuda/targets/x86_64-linux/include -isystem /home/aiv/YongJun_ws/matlab/AutoL_LiDAR/install/vision_msgs/include -isystem /opt/ros/foxy/include  -O3 -DNDEBUG   -Wall -Wextra -Wpedantic -DMW_CUDA_ARCH=350 -D__MW_TARGET_USE_HARDWARE_RESOURCES_H__ -DROS2_PROJECT -DSTACK_SIZE=200000 -DMODEL=deployedPointPillarModel -std=gnu++17 -o CMakeFiles/deployedPointPillarModel.dir/src/MWConcatenationLayer.cpp.o -c /home/aiv/YongJun_ws/matlab/AutoL_LiDAR/src/deployedpointpillarmodel/src/MWConcatenationLayer.cpp
[2.584s] [  7%] [32mBuilding CUDA object CMakeFiles/deployedPointPillarModel.dir/src/MWCudnnCNNLayerImpl.cu.o[0m
[2.584s] /usr/local/cuda/bin/nvcc  -DDEFAULT_RMW_IMPLEMENTATION=rmw_fastrtps_cpp -DRCUTILS_ENABLE_FAULT_INJECTION -DROS_PACKAGE_NAME=\"deployedpointpillarmodel\" -DSPDLOG_COMPILED_LIB -I/codegen/exe -I/home/aiv/YongJun_ws/matlab/AutoL_LiDAR/src/deployedpointpillarmodel/include -I/home/aiv/YongJun_ws/matlab/AutoL_LiDAR/src/deployedpointpillarmodel/include/deployedpointpillarmodel -isystem=/home/aiv/YongJun_ws/matlab/AutoL_LiDAR/install/vision_msgs/include -isystem=/opt/ros/foxy/include  -O3 -DNDEBUG   -Xcompiler= -DMW_CUDA_ARCH=350 -D__MW_TARGET_USE_HARDWARE_RESOURCES_H__ -DROS2_PROJECT -DSTACK_SIZE=200000 -DMODEL=deployedPointPillarModel -arch sm_35 -rdc=true -Xcudafe "--display_error_number --diag_suppress=unsigned_compare_with_zero --diag_suppress=field_without_dll_interface --diag_suppress=base_class_has_different_dll_interface" -Xcompiler=-fPIC -x cu -dc /home/aiv/YongJun_ws/matlab/AutoL_LiDAR/src/deployedpointpillarmodel/src/MWCudnnBatchNormalizationLayerImpl.cu -o CMakeFiles/deployedPointPillarModel.dir/src/MWCudnnBatchNormalizationLayerImpl.cu.o
[2.584s] /usr/bin/c++  -DDEFAULT_RMW_IMPLEMENTATION=rmw_fastrtps_cpp -DRCUTILS_ENABLE_FAULT_INJECTION -DROS_PACKAGE_NAME=\"deployedpointpillarmodel\" -DSPDLOG_COMPILED_LIB -I/codegen/exe -I/home/aiv/YongJun_ws/matlab/AutoL_LiDAR/src/deployedpointpillarmodel/include -I/home/aiv/YongJun_ws/matlab/AutoL_LiDAR/src/deployedpointpillarmodel/include/deployedpointpillarmodel -I/usr/local/cuda/targets/x86_64-linux/include -isystem /home/aiv/YongJun_ws/matlab/AutoL_LiDAR/install/vision_msgs/include -isystem /opt/ros/foxy/include  -O3 -DNDEBUG   -Wall -Wextra -Wpedantic -DMW_CUDA_ARCH=350 -D__MW_TARGET_USE_HARDWARE_RESOURCES_H__ -DROS2_PROJECT -DSTACK_SIZE=200000 -DMODEL=deployedPointPillarModel -std=gnu++17 -o CMakeFiles/deployedPointPillarModel.dir/src/MWConvLayer.cpp.o -c /home/aiv/YongJun_ws/matlab/AutoL_LiDAR/src/deployedpointpillarmodel/src/MWConvLayer.cpp
[2.585s] [  8%] [32mBuilding CUDA object CMakeFiles/deployedPointPillarModel.dir/src/MWCudnnLayerImplFactory.cu.o[0m
[2.586s] nvcc fatal   : Value 'sm_35' is not defined for option 'gpu-architecture'
[2.587s] [  9%] [32mBuilding CUDA object CMakeFiles/deployedPointPillarModel.dir/src/MWCudnnConcatenationLayerImpl.cu.o[0m
[2.588s] [ 11%] [32mBuilding CUDA object CMakeFiles/deployedPointPillarModel.dir/src/MWCudnnConvLayerImpl.cu.o[0m
[2.588s] [ 11%] [32mBuilding CUDA object CMakeFiles/deployedPointPillarModel.dir/src/MWCudnnCustomLayerBase.cu.o[0m
[2.588s] [ 13%] [32mBuilding CUDA object CMakeFiles/deployedPointPillarModel.dir/src/MWCudnnFusedConvActivationLayerImpl.cu.o[0m
[2.588s] [ 13%] [32mBuilding CUDA object CMakeFiles/deployedPointPillarModel.dir/src/MWCudnnMaxPoolingLayerImpl.cu.o[0m
[2.589s] [ 15%] [32mBuilding CXX object CMakeFiles/deployedPointPillarModel.dir/src/MWOutputLayer.cpp.o[0m
[2.589s] [ 15%] [32mBuilding CUDA object CMakeFiles/deployedPointPillarModel.dir/src/MWCudnnOutputLayerImpl.cu.o[0m
[2.589s] [ 16%] [32mBuilding CUDA object CMakeFiles/deployedPointPillarModel.dir/src/MWCudnnSigmoidLayerImpl.cu.o[0m
[2.589s] [ 17%] [32mBuilding CUDA object CMakeFiles/deployedPointPillarModel.dir/src/MWCudnnSplittingLayerImpl.cu.o[0m
[2.590s] [ 18%] [32mBuilding CXX object CMakeFiles/deployedPointPillarModel.dir/src/MWTensorBase.cpp.o[0m
[2.590s] [ 20%] [32mBuilding CUDA object CMakeFiles/deployedPointPillarModel.dir/src/MWCudnnTargetNetworkImpl.cu.o[0m
[2.590s] [ 20%] [32mBuilding CUDA object CMakeFiles/deployedPointPillarModel.dir/src/PointCloud2Types.cu.o[0m
[2.590s] [ 21%] [32mBuilding CXX object CMakeFiles/deployedPointPillarModel.dir/src/MWSigmoidLayer.cpp.o[0m
[2.590s] [ 22%] [32mBuilding CXX object CMakeFiles/deployedPointPillarModel.dir/src/MWFusedConvActivationLayer.cpp.o[0m
[2.591s] [ 23%] [32mBuilding CUDA object CMakeFiles/deployedPointPillarModel.dir/src/PointCloudImpl.cu.o[0m
[2.591s] [ 26%] [32mBuilding CXX object CMakeFiles/deployedPointPillarModel.dir/src/MWMaxPoolingLayer.cpp.o[0m
[2.591s] [ 26%] [32mBuilding CXX object CMakeFiles/deployedPointPillarModel.dir/src/MWInputLayer.cpp.o[0m
[2.592s] [ 27%] [32mBuilding CXX object CMakeFiles/deployedPointPillarModel.dir/src/MWSplittingLayer.cpp.o[0m
[2.592s] [ 28%] [32mBuilding CUDA object CMakeFiles/deployedPointPillarModel.dir/src/SpecialMsgUtil.cu.o[0m
[2.592s] /usr/local/cuda/bin/nvcc  -DDEFAULT_RMW_IMPLEMENTATION=rmw_fastrtps_cpp -DRCUTILS_ENABLE_FAULT_INJECTION -DROS_PACKAGE_NAME=\"deployedpointpillarmodel\" -DSPDLOG_COMPILED_LIB -I/codegen/exe -I/home/aiv/YongJun_ws/matlab/AutoL_LiDAR/src/deployedpointpillarmodel/include -I/home/aiv/YongJun_ws/matlab/AutoL_LiDAR/src/deployedpointpillarmodel/include/deployedpointpillarmodel -isystem=/home/aiv/YongJun_ws/matlab/AutoL_LiDAR/install/vision_msgs/include -isystem=/opt/ros/foxy/include  -O3 -DNDEBUG   -Xcompiler= -DMW_CUDA_ARCH=350 -D__MW_TARGET_USE_HARDWARE_RESOURCES_H__ -DROS2_PROJECT -DSTACK_SIZE=200000 -DMODEL=deployedPointPillarModel -arch sm_35 -rdc=true -Xcudafe "--display_error_number --diag_suppress=unsigned_compare_with_zero --diag_suppress=field_without_dll_interface --diag_suppress=base_class_has_different_dll_interface" -Xcompiler=-fPIC -x cu -dc /home/aiv/YongJun_ws/matlab/AutoL_LiDAR/src/deployedpointpillarmodel/src/MWCudnnCNNLayerImpl.cu -o CMakeFiles/deployedPointPillarModel.dir/src/MWCudnnCNNLayerImpl.cu.o
[2.592s] /usr/local/cuda/bin/nvcc  -DDEFAULT_RMW_IMPLEMENTATION=rmw_fastrtps_cpp -DRCUTILS_ENABLE_FAULT_INJECTION -DROS_PACKAGE_NAME=\"deployedpointpillarmodel\" -DSPDLOG_COMPILED_LIB -I/codegen/exe -I/home/aiv/YongJun_ws/matlab/AutoL_LiDAR/src/deployedpointpillarmodel/include -I/home/aiv/YongJun_ws/matlab/AutoL_LiDAR/src/deployedpointpillarmodel/include/deployedpointpillarmodel -isystem=/home/aiv/YongJun_ws/matlab/AutoL_LiDAR/install/vision_msgs/include -isystem=/opt/ros/foxy/include  -O3 -DNDEBUG   -Xcompiler= -DMW_CUDA_ARCH=350 -D__MW_TARGET_USE_HARDWARE_RESOURCES_H__ -DROS2_PROJECT -DSTACK_SIZE=200000 -DMODEL=deployedPointPillarModel -arch sm_35 -rdc=true -Xcudafe "--display_error_number --diag_suppress=unsigned_compare_with_zero --diag_suppress=field_without_dll_interface --diag_suppress=base_class_has_different_dll_interface" -Xcompiler=-fPIC -x cu -dc /home/aiv/YongJun_ws/matlab/AutoL_LiDAR/src/deployedpointpillarmodel/src/MWCudnnConcatenationLayerImpl.cu -o CMakeFiles/deployedPointPillarModel.dir/src/MWCudnnConcatenationLayerImpl.cu.o
[2.593s] /usr/local/cuda/bin/nvcc  -DDEFAULT_RMW_IMPLEMENTATION=rmw_fastrtps_cpp -DRCUTILS_ENABLE_FAULT_INJECTION -DROS_PACKAGE_NAME=\"deployedpointpillarmodel\" -DSPDLOG_COMPILED_LIB -I/codegen/exe -I/home/aiv/YongJun_ws/matlab/AutoL_LiDAR/src/deployedpointpillarmodel/include -I/home/aiv/YongJun_ws/matlab/AutoL_LiDAR/src/deployedpointpillarmodel/include/deployedpointpillarmodel -isystem=/home/aiv/YongJun_ws/matlab/AutoL_LiDAR/install/vision_msgs/include -isystem=/opt/ros/foxy/include  -O3 -DNDEBUG   -Xcompiler= -DMW_CUDA_ARCH=350 -D__MW_TARGET_USE_HARDWARE_RESOURCES_H__ -DROS2_PROJECT -DSTACK_SIZE=200000 -DMODEL=deployedPointPillarModel -arch sm_35 -rdc=true -Xcudafe "--display_error_number --diag_suppress=unsigned_compare_with_zero --diag_suppress=field_without_dll_interface --diag_suppress=base_class_has_different_dll_interface" -Xcompiler=-fPIC -x cu -dc /home/aiv/YongJun_ws/matlab/AutoL_LiDAR/src/deployedpointpillarmodel/src/MWCudnnConvLayerImpl.cu -o CMakeFiles/deployedPointPillarModel.dir/src/MWCudnnConvLayerImpl.cu.o
[2.593s] /usr/local/cuda/bin/nvcc  -DDEFAULT_RMW_IMPLEMENTATION=rmw_fastrtps_cpp -DRCUTILS_ENABLE_FAULT_INJECTION -DROS_PACKAGE_NAME=\"deployedpointpillarmodel\" -DSPDLOG_COMPILED_LIB -I/codegen/exe -I/home/aiv/YongJun_ws/matlab/AutoL_LiDAR/src/deployedpointpillarmodel/include -I/home/aiv/YongJun_ws/matlab/AutoL_LiDAR/src/deployedpointpillarmodel/include/deployedpointpillarmodel -isystem=/home/aiv/YongJun_ws/matlab/AutoL_LiDAR/install/vision_msgs/include -isystem=/opt/ros/foxy/include  -O3 -DNDEBUG   -Xcompiler= -DMW_CUDA_ARCH=350 -D__MW_TARGET_USE_HARDWARE_RESOURCES_H__ -DROS2_PROJECT -DSTACK_SIZE=200000 -DMODEL=deployedPointPillarModel -arch sm_35 -rdc=true -Xcudafe "--display_error_number --diag_suppress=unsigned_compare_with_zero --diag_suppress=field_without_dll_interface --diag_suppress=base_class_has_different_dll_interface" -Xcompiler=-fPIC -x cu -dc /home/aiv/YongJun_ws/matlab/AutoL_LiDAR/src/deployedpointpillarmodel/src/MWCudnnCustomLayerBase.cu -o CMakeFiles/deployedPointPillarModel.dir/src/MWCudnnCustomLayerBase.cu.o
[2.593s] /usr/local/cuda/bin/nvcc  -DDEFAULT_RMW_IMPLEMENTATION=rmw_fastrtps_cpp -DRCUTILS_ENABLE_FAULT_INJECTION -DROS_PACKAGE_NAME=\"deployedpointpillarmodel\" -DSPDLOG_COMPILED_LIB -I/codegen/exe -I/home/aiv/YongJun_ws/matlab/AutoL_LiDAR/src/deployedpointpillarmodel/include -I/home/aiv/YongJun_ws/matlab/AutoL_LiDAR/src/deployedpointpillarmodel/include/deployedpointpillarmodel -isystem=/home/aiv/YongJun_ws/matlab/AutoL_LiDAR/install/vision_msgs/include -isystem=/opt/ros/foxy/include  -O3 -DNDEBUG   -Xcompiler= -DMW_CUDA_ARCH=350 -D__MW_TARGET_USE_HARDWARE_RESOURCES_H__ -DROS2_PROJECT -DSTACK_SIZE=200000 -DMODEL=deployedPointPillarModel -arch sm_35 -rdc=true -Xcudafe "--display_error_number --diag_suppress=unsigned_compare_with_zero --diag_suppress=field_without_dll_interface --diag_suppress=base_class_has_different_dll_interface" -Xcompiler=-fPIC -x cu -dc /home/aiv/YongJun_ws/matlab/AutoL_LiDAR/src/deployedpointpillarmodel/src/MWCudnnFusedConvActivationLayerImpl.cu -o CMakeFiles/deployedPointPillarModel.dir/src/MWCudnnFusedConvActivationLayerImpl.cu.o
[2.594s] /usr/local/cuda/bin/nvcc  -DDEFAULT_RMW_IMPLEMENTATION=rmw_fastrtps_cpp -DRCUTILS_ENABLE_FAULT_INJECTION -DROS_PACKAGE_NAME=\"deployedpointpillarmodel\" -DSPDLOG_COMPILED_LIB -I/codegen/exe -I/home/aiv/YongJun_ws/matlab/AutoL_LiDAR/src/deployedpointpillarmodel/include -I/home/aiv/YongJun_ws/matlab/AutoL_LiDAR/src/deployedpointpillarmodel/include/deployedpointpillarmodel -isystem=/home/aiv/YongJun_ws/matlab/AutoL_LiDAR/install/vision_msgs/include -isystem=/opt/ros/foxy/include  -O3 -DNDEBUG   -Xcompiler= -DMW_CUDA_ARCH=350 -D__MW_TARGET_USE_HARDWARE_RESOURCES_H__ -DROS2_PROJECT -DSTACK_SIZE=200000 -DMODEL=deployedPointPillarModel -arch sm_35 -rdc=true -Xcudafe "--display_error_number --diag_suppress=unsigned_compare_with_zero --diag_suppress=field_without_dll_interface --diag_suppress=base_class_has_different_dll_interface" -Xcompiler=-fPIC -x cu -dc /home/aiv/YongJun_ws/matlab/AutoL_LiDAR/src/deployedpointpillarmodel/src/MWCudnnLayerImplFactory.cu -o CMakeFiles/deployedPointPillarModel.dir/src/MWCudnnLayerImplFactory.cu.o
[2.594s] [ 29%] [32mBuilding CUDA object CMakeFiles/deployedPointPillarModel.dir/src/Resize2DLayer.cu.o[0m
[2.595s] /usr/local/cuda/bin/nvcc  -DDEFAULT_RMW_IMPLEMENTATION=rmw_fastrtps_cpp -DRCUTILS_ENABLE_FAULT_INJECTION -DROS_PACKAGE_NAME=\"deployedpointpillarmodel\" -DSPDLOG_COMPILED_LIB -I/codegen/exe -I/home/aiv/YongJun_ws/matlab/AutoL_LiDAR/src/deployedpointpillarmodel/include -I/home/aiv/YongJun_ws/matlab/AutoL_LiDAR/src/deployedpointpillarmodel/include/deployedpointpillarmodel -isystem=/home/aiv/YongJun_ws/matlab/AutoL_LiDAR/install/vision_msgs/include -isystem=/opt/ros/foxy/include  -O3 -DNDEBUG   -Xcompiler= -DMW_CUDA_ARCH=350 -D__MW_TARGET_USE_HARDWARE_RESOURCES_H__ -DROS2_PROJECT -DSTACK_SIZE=200000 -DMODEL=deployedPointPillarModel -arch sm_35 -rdc=true -Xcudafe "--display_error_number --diag_suppress=unsigned_compare_with_zero --diag_suppress=field_without_dll_interface --diag_suppress=base_class_has_different_dll_interface" -Xcompiler=-fPIC -x cu -dc /home/aiv/YongJun_ws/matlab/AutoL_LiDAR/src/deployedpointpillarmodel/src/MWCudnnMaxPoolingLayerImpl.cu -o CMakeFiles/deployedPointPillarModel.dir/src/MWCudnnMaxPoolingLayerImpl.cu.o
[2.595s] /usr/local/cuda/bin/nvcc  -DDEFAULT_RMW_IMPLEMENTATION=rmw_fastrtps_cpp -DRCUTILS_ENABLE_FAULT_INJECTION -DROS_PACKAGE_NAME=\"deployedpointpillarmodel\" -DSPDLOG_COMPILED_LIB -I/codegen/exe -I/home/aiv/YongJun_ws/matlab/AutoL_LiDAR/src/deployedpointpillarmodel/include -I/home/aiv/YongJun_ws/matlab/AutoL_LiDAR/src/deployedpointpillarmodel/include/deployedpointpillarmodel -isystem=/home/aiv/YongJun_ws/matlab/AutoL_LiDAR/install/vision_msgs/include -isystem=/opt/ros/foxy/include  -O3 -DNDEBUG   -Xcompiler= -DMW_CUDA_ARCH=350 -D__MW_TARGET_USE_HARDWARE_RESOURCES_H__ -DROS2_PROJECT -DSTACK_SIZE=200000 -DMODEL=deployedPointPillarModel -arch sm_35 -rdc=true -Xcudafe "--display_error_number --diag_suppress=unsigned_compare_with_zero --diag_suppress=field_without_dll_interface --diag_suppress=base_class_has_different_dll_interface" -Xcompiler=-fPIC -x cu -dc /home/aiv/YongJun_ws/matlab/AutoL_LiDAR/src/deployedpointpillarmodel/src/MWCudnnOutputLayerImpl.cu -o CMakeFiles/deployedPointPillarModel.dir/src/MWCudnnOutputLayerImpl.cu.o
[2.595s] /usr/local/cuda/bin/nvcc  -DDEFAULT_RMW_IMPLEMENTATION=rmw_fastrtps_cpp -DRCUTILS_ENABLE_FAULT_INJECTION -DROS_PACKAGE_NAME=\"deployedpointpillarmodel\" -DSPDLOG_COMPILED_LIB -I/codegen/exe -I/home/aiv/YongJun_ws/matlab/AutoL_LiDAR/src/deployedpointpillarmodel/include -I/home/aiv/YongJun_ws/matlab/AutoL_LiDAR/src/deployedpointpillarmodel/include/deployedpointpillarmodel -isystem=/home/aiv/YongJun_ws/matlab/AutoL_LiDAR/install/vision_msgs/include -isystem=/opt/ros/foxy/include  -O3 -DNDEBUG   -Xcompiler= -DMW_CUDA_ARCH=350 -D__MW_TARGET_USE_HARDWARE_RESOURCES_H__ -DROS2_PROJECT -DSTACK_SIZE=200000 -DMODEL=deployedPointPillarModel -arch sm_35 -rdc=true -Xcudafe "--display_error_number --diag_suppress=unsigned_compare_with_zero --diag_suppress=field_without_dll_interface --diag_suppress=base_class_has_different_dll_interface" -Xcompiler=-fPIC -x cu -dc /home/aiv/YongJun_ws/matlab/AutoL_LiDAR/src/deployedpointpillarmodel/src/MWCudnnSigmoidLayerImpl.cu -o CMakeFiles/deployedPointPillarModel.dir/src/MWCudnnSigmoidLayerImpl.cu.o
[2.595s] nvcc fatal   : Value 'sm_35' is not defined for option 'gpu-architecture'
[2.596s] nvcc fatal   : Value 'sm_35' is not defined for option 'gpu-architecture'
[2.596s] /usr/local/cuda/bin/nvcc  -DDEFAULT_RMW_IMPLEMENTATION=rmw_fastrtps_cpp -DRCUTILS_ENABLE_FAULT_INJECTION -DROS_PACKAGE_NAME=\"deployedpointpillarmodel\" -DSPDLOG_COMPILED_LIB -I/codegen/exe -I/home/aiv/YongJun_ws/matlab/AutoL_LiDAR/src/deployedpointpillarmodel/include -I/home/aiv/YongJun_ws/matlab/AutoL_LiDAR/src/deployedpointpillarmodel/include/deployedpointpillarmodel -isystem=/home/aiv/YongJun_ws/matlab/AutoL_LiDAR/install/vision_msgs/include -isystem=/opt/ros/foxy/include  -O3 -DNDEBUG   -Xcompiler= -DMW_CUDA_ARCH=350 -D__MW_TARGET_USE_HARDWARE_RESOURCES_H__ -DROS2_PROJECT -DSTACK_SIZE=200000 -DMODEL=deployedPointPillarModel -arch sm_35 -rdc=true -Xcudafe "--display_error_number --diag_suppress=unsigned_compare_with_zero --diag_suppress=field_without_dll_interface --diag_suppress=base_class_has_different_dll_interface" -Xcompiler=-fPIC -x cu -dc /home/aiv/YongJun_ws/matlab/AutoL_LiDAR/src/deployedpointpillarmodel/src/MWCudnnSplittingLayerImpl.cu -o CMakeFiles/deployedPointPillarModel.dir/src/MWCudnnSplittingLayerImpl.cu.o
[2.596s] /usr/local/cuda/bin/nvcc  -DDEFAULT_RMW_IMPLEMENTATION=rmw_fastrtps_cpp -DRCUTILS_ENABLE_FAULT_INJECTION -DROS_PACKAGE_NAME=\"deployedpointpillarmodel\" -DSPDLOG_COMPILED_LIB -I/codegen/exe -I/home/aiv/YongJun_ws/matlab/AutoL_LiDAR/src/deployedpointpillarmodel/include -I/home/aiv/YongJun_ws/matlab/AutoL_LiDAR/src/deployedpointpillarmodel/include/deployedpointpillarmodel -isystem=/home/aiv/YongJun_ws/matlab/AutoL_LiDAR/install/vision_msgs/include -isystem=/opt/ros/foxy/include  -O3 -DNDEBUG   -Xcompiler= -DMW_CUDA_ARCH=350 -D__MW_TARGET_USE_HARDWARE_RESOURCES_H__ -DROS2_PROJECT -DSTACK_SIZE=200000 -DMODEL=deployedPointPillarModel -arch sm_35 -rdc=true -Xcudafe "--display_error_number --diag_suppress=unsigned_compare_with_zero --diag_suppress=field_without_dll_interface --diag_suppress=base_class_has_different_dll_interface" -Xcompiler=-fPIC -x cu -dc /home/aiv/YongJun_ws/matlab/AutoL_LiDAR/src/deployedpointpillarmodel/src/MWCudnnTargetNetworkImpl.cu -o CMakeFiles/deployedPointPillarModel.dir/src/MWCudnnTargetNetworkImpl.cu.o
[2.596s] /usr/bin/c++  -DDEFAULT_RMW_IMPLEMENTATION=rmw_fastrtps_cpp -DRCUTILS_ENABLE_FAULT_INJECTION -DROS_PACKAGE_NAME=\"deployedpointpillarmodel\" -DSPDLOG_COMPILED_LIB -I/codegen/exe -I/home/aiv/YongJun_ws/matlab/AutoL_LiDAR/src/deployedpointpillarmodel/include -I/home/aiv/YongJun_ws/matlab/AutoL_LiDAR/src/deployedpointpillarmodel/include/deployedpointpillarmodel -I/usr/local/cuda/targets/x86_64-linux/include -isystem /home/aiv/YongJun_ws/matlab/AutoL_LiDAR/install/vision_msgs/include -isystem /opt/ros/foxy/include  -O3 -DNDEBUG   -Wall -Wextra -Wpedantic -DMW_CUDA_ARCH=350 -D__MW_TARGET_USE_HARDWARE_RESOURCES_H__ -DROS2_PROJECT -DSTACK_SIZE=200000 -DMODEL=deployedPointPillarModel -std=gnu++17 -o CMakeFiles/deployedPointPillarModel.dir/src/MWFusedConvActivationLayer.cpp.o -c /home/aiv/YongJun_ws/matlab/AutoL_LiDAR/src/deployedpointpillarmodel/src/MWFusedConvActivationLayer.cpp
[2.597s] /usr/bin/c++  -DDEFAULT_RMW_IMPLEMENTATION=rmw_fastrtps_cpp -DRCUTILS_ENABLE_FAULT_INJECTION -DROS_PACKAGE_NAME=\"deployedpointpillarmodel\" -DSPDLOG_COMPILED_LIB -I/codegen/exe -I/home/aiv/YongJun_ws/matlab/AutoL_LiDAR/src/deployedpointpillarmodel/include -I/home/aiv/YongJun_ws/matlab/AutoL_LiDAR/src/deployedpointpillarmodel/include/deployedpointpillarmodel -I/usr/local/cuda/targets/x86_64-linux/include -isystem /home/aiv/YongJun_ws/matlab/AutoL_LiDAR/install/vision_msgs/include -isystem /opt/ros/foxy/include  -O3 -DNDEBUG   -Wall -Wextra -Wpedantic -DMW_CUDA_ARCH=350 -D__MW_TARGET_USE_HARDWARE_RESOURCES_H__ -DROS2_PROJECT -DSTACK_SIZE=200000 -DMODEL=deployedPointPillarModel -std=gnu++17 -o CMakeFiles/deployedPointPillarModel.dir/src/MWInputLayer.cpp.o -c /home/aiv/YongJun_ws/matlab/AutoL_LiDAR/src/deployedpointpillarmodel/src/MWInputLayer.cpp
[2.597s] /usr/bin/c++  -DDEFAULT_RMW_IMPLEMENTATION=rmw_fastrtps_cpp -DRCUTILS_ENABLE_FAULT_INJECTION -DROS_PACKAGE_NAME=\"deployedpointpillarmodel\" -DSPDLOG_COMPILED_LIB -I/codegen/exe -I/home/aiv/YongJun_ws/matlab/AutoL_LiDAR/src/deployedpointpillarmodel/include -I/home/aiv/YongJun_ws/matlab/AutoL_LiDAR/src/deployedpointpillarmodel/include/deployedpointpillarmodel -I/usr/local/cuda/targets/x86_64-linux/include -isystem /home/aiv/YongJun_ws/matlab/AutoL_LiDAR/install/vision_msgs/include -isystem /opt/ros/foxy/include  -O3 -DNDEBUG   -Wall -Wextra -Wpedantic -DMW_CUDA_ARCH=350 -D__MW_TARGET_USE_HARDWARE_RESOURCES_H__ -DROS2_PROJECT -DSTACK_SIZE=200000 -DMODEL=deployedPointPillarModel -std=gnu++17 -o CMakeFiles/deployedPointPillarModel.dir/src/MWMaxPoolingLayer.cpp.o -c /home/aiv/YongJun_ws/matlab/AutoL_LiDAR/src/deployedpointpillarmodel/src/MWMaxPoolingLayer.cpp
[2.597s] /usr/bin/c++  -DDEFAULT_RMW_IMPLEMENTATION=rmw_fastrtps_cpp -DRCUTILS_ENABLE_FAULT_INJECTION -DROS_PACKAGE_NAME=\"deployedpointpillarmodel\" -DSPDLOG_COMPILED_LIB -I/codegen/exe -I/home/aiv/YongJun_ws/matlab/AutoL_LiDAR/src/deployedpointpillarmodel/include -I/home/aiv/YongJun_ws/matlab/AutoL_LiDAR/src/deployedpointpillarmodel/include/deployedpointpillarmodel -I/usr/local/cuda/targets/x86_64-linux/include -isystem /home/aiv/YongJun_ws/matlab/AutoL_LiDAR/install/vision_msgs/include -isystem /opt/ros/foxy/include  -O3 -DNDEBUG   -Wall -Wextra -Wpedantic -DMW_CUDA_ARCH=350 -D__MW_TARGET_USE_HARDWARE_RESOURCES_H__ -DROS2_PROJECT -DSTACK_SIZE=200000 -DMODEL=deployedPointPillarModel -std=gnu++17 -o CMakeFiles/deployedPointPillarModel.dir/src/MWOutputLayer.cpp.o -c /home/aiv/YongJun_ws/matlab/AutoL_LiDAR/src/deployedpointpillarmodel/src/MWOutputLayer.cpp
[2.598s] /usr/bin/c++  -DDEFAULT_RMW_IMPLEMENTATION=rmw_fastrtps_cpp -DRCUTILS_ENABLE_FAULT_INJECTION -DROS_PACKAGE_NAME=\"deployedpointpillarmodel\" -DSPDLOG_COMPILED_LIB -I/codegen/exe -I/home/aiv/YongJun_ws/matlab/AutoL_LiDAR/src/deployedpointpillarmodel/include -I/home/aiv/YongJun_ws/matlab/AutoL_LiDAR/src/deployedpointpillarmodel/include/deployedpointpillarmodel -I/usr/local/cuda/targets/x86_64-linux/include -isystem /home/aiv/YongJun_ws/matlab/AutoL_LiDAR/install/vision_msgs/include -isystem /opt/ros/foxy/include  -O3 -DNDEBUG   -Wall -Wextra -Wpedantic -DMW_CUDA_ARCH=350 -D__MW_TARGET_USE_HARDWARE_RESOURCES_H__ -DROS2_PROJECT -DSTACK_SIZE=200000 -DMODEL=deployedPointPillarModel -std=gnu++17 -o CMakeFiles/deployedPointPillarModel.dir/src/MWSigmoidLayer.cpp.o -c /home/aiv/YongJun_ws/matlab/AutoL_LiDAR/src/deployedpointpillarmodel/src/MWSigmoidLayer.cpp
[2.598s] /usr/bin/c++  -DDEFAULT_RMW_IMPLEMENTATION=rmw_fastrtps_cpp -DRCUTILS_ENABLE_FAULT_INJECTION -DROS_PACKAGE_NAME=\"deployedpointpillarmodel\" -DSPDLOG_COMPILED_LIB -I/codegen/exe -I/home/aiv/YongJun_ws/matlab/AutoL_LiDAR/src/deployedpointpillarmodel/include -I/home/aiv/YongJun_ws/matlab/AutoL_LiDAR/src/deployedpointpillarmodel/include/deployedpointpillarmodel -I/usr/local/cuda/targets/x86_64-linux/include -isystem /home/aiv/YongJun_ws/matlab/AutoL_LiDAR/install/vision_msgs/include -isystem /opt/ros/foxy/include  -O3 -DNDEBUG   -Wall -Wextra -Wpedantic -DMW_CUDA_ARCH=350 -D__MW_TARGET_USE_HARDWARE_RESOURCES_H__ -DROS2_PROJECT -DSTACK_SIZE=200000 -DMODEL=deployedPointPillarModel -std=gnu++17 -o CMakeFiles/deployedPointPillarModel.dir/src/MWSplittingLayer.cpp.o -c /home/aiv/YongJun_ws/matlab/AutoL_LiDAR/src/deployedpointpillarmodel/src/MWSplittingLayer.cpp
[2.598s] nvcc fatal   : Value 'sm_35' is not defined for option 'gpu-architecture'
[2.598s] nvcc fatal   : Value 'sm_35' is not defined for option 'gpu-architecture'
[2.598s] nvcc fatal   : Value 'sm_35' is not defined for option 'gpu-architecture'
[2.598s] nvcc fatal   : Value 'sm_35' is not defined for option 'gpu-architecture'
[2.598s] nvcc fatal   : Value 'sm_35' is not defined for option 'gpu-architecture'
[2.598s] nvcc fatal   : Value 'sm_35' is not defined for option 'gpu-architecture'
[2.599s] nvcc fatal   : Value 'sm_35' is not defined for option 'gpu-architecture'
[2.599s] nvcc fatal   : Value 'sm_35' is not defined for option 'gpu-architecture'
[2.599s] nvcc fatal   : Value 'sm_35' is not defined for option 'gpu-architecture'
[2.599s] make[2]: *** [CMakeFiles/deployedPointPillarModel.dir/build.make:131: CMakeFiles/deployedPointPillarModel.dir/src/MWCudnnBatchNormalizationLayerImpl.cu.o] Error 1
[2.599s] make[2]: *** Waiting for unfinished jobs....
[2.599s] /usr/bin/c++  -DDEFAULT_RMW_IMPLEMENTATION=rmw_fastrtps_cpp -DRCUTILS_ENABLE_FAULT_INJECTION -DROS_PACKAGE_NAME=\"deployedpointpillarmodel\" -DSPDLOG_COMPILED_LIB -I/codegen/exe -I/home/aiv/YongJun_ws/matlab/AutoL_LiDAR/src/deployedpointpillarmodel/include -I/home/aiv/YongJun_ws/matlab/AutoL_LiDAR/src/deployedpointpillarmodel/include/deployedpointpillarmodel -I/usr/local/cuda/targets/x86_64-linux/include -isystem /home/aiv/YongJun_ws/matlab/AutoL_LiDAR/install/vision_msgs/include -isystem /opt/ros/foxy/include  -O3 -DNDEBUG   -Wall -Wextra -Wpedantic -DMW_CUDA_ARCH=350 -D__MW_TARGET_USE_HARDWARE_RESOURCES_H__ -DROS2_PROJECT -DSTACK_SIZE=200000 -DMODEL=deployedPointPillarModel -std=gnu++17 -o CMakeFiles/deployedPointPillarModel.dir/src/MWTensorBase.cpp.o -c /home/aiv/YongJun_ws/matlab/AutoL_LiDAR/src/deployedpointpillarmodel/src/MWTensorBase.cpp
[2.600s] /usr/local/cuda/bin/nvcc  -DDEFAULT_RMW_IMPLEMENTATION=rmw_fastrtps_cpp -DRCUTILS_ENABLE_FAULT_INJECTION -DROS_PACKAGE_NAME=\"deployedpointpillarmodel\" -DSPDLOG_COMPILED_LIB -I/codegen/exe -I/home/aiv/YongJun_ws/matlab/AutoL_LiDAR/src/deployedpointpillarmodel/include -I/home/aiv/YongJun_ws/matlab/AutoL_LiDAR/src/deployedpointpillarmodel/include/deployedpointpillarmodel -isystem=/home/aiv/YongJun_ws/matlab/AutoL_LiDAR/install/vision_msgs/include -isystem=/opt/ros/foxy/include  -O3 -DNDEBUG   -Xcompiler= -DMW_CUDA_ARCH=350 -D__MW_TARGET_USE_HARDWARE_RESOURCES_H__ -DROS2_PROJECT -DSTACK_SIZE=200000 -DMODEL=deployedPointPillarModel -arch sm_35 -rdc=true -Xcudafe "--display_error_number --diag_suppress=unsigned_compare_with_zero --diag_suppress=field_without_dll_interface --diag_suppress=base_class_has_different_dll_interface" -Xcompiler=-fPIC -x cu -dc /home/aiv/YongJun_ws/matlab/AutoL_LiDAR/src/deployedpointpillarmodel/src/PointCloud2Types.cu -o CMakeFiles/deployedPointPillarModel.dir/src/PointCloud2Types.cu.o
[2.600s] /usr/local/cuda/bin/nvcc  -DDEFAULT_RMW_IMPLEMENTATION=rmw_fastrtps_cpp -DRCUTILS_ENABLE_FAULT_INJECTION -DROS_PACKAGE_NAME=\"deployedpointpillarmodel\" -DSPDLOG_COMPILED_LIB -I/codegen/exe -I/home/aiv/YongJun_ws/matlab/AutoL_LiDAR/src/deployedpointpillarmodel/include -I/home/aiv/YongJun_ws/matlab/AutoL_LiDAR/src/deployedpointpillarmodel/include/deployedpointpillarmodel -isystem=/home/aiv/YongJun_ws/matlab/AutoL_LiDAR/install/vision_msgs/include -isystem=/opt/ros/foxy/include  -O3 -DNDEBUG   -Xcompiler= -DMW_CUDA_ARCH=350 -D__MW_TARGET_USE_HARDWARE_RESOURCES_H__ -DROS2_PROJECT -DSTACK_SIZE=200000 -DMODEL=deployedPointPillarModel -arch sm_35 -rdc=true -Xcudafe "--display_error_number --diag_suppress=unsigned_compare_with_zero --diag_suppress=field_without_dll_interface --diag_suppress=base_class_has_different_dll_interface" -Xcompiler=-fPIC -x cu -dc /home/aiv/YongJun_ws/matlab/AutoL_LiDAR/src/deployedpointpillarmodel/src/PointCloudImpl.cu -o CMakeFiles/deployedPointPillarModel.dir/src/PointCloudImpl.cu.o
[2.600s] /usr/local/cuda/bin/nvcc  -DDEFAULT_RMW_IMPLEMENTATION=rmw_fastrtps_cpp -DRCUTILS_ENABLE_FAULT_INJECTION -DROS_PACKAGE_NAME=\"deployedpointpillarmodel\" -DSPDLOG_COMPILED_LIB -I/codegen/exe -I/home/aiv/YongJun_ws/matlab/AutoL_LiDAR/src/deployedpointpillarmodel/include -I/home/aiv/YongJun_ws/matlab/AutoL_LiDAR/src/deployedpointpillarmodel/include/deployedpointpillarmodel -isystem=/home/aiv/YongJun_ws/matlab/AutoL_LiDAR/install/vision_msgs/include -isystem=/opt/ros/foxy/include  -O3 -DNDEBUG   -Xcompiler= -DMW_CUDA_ARCH=350 -D__MW_TARGET_USE_HARDWARE_RESOURCES_H__ -DROS2_PROJECT -DSTACK_SIZE=200000 -DMODEL=deployedPointPillarModel -arch sm_35 -rdc=true -Xcudafe "--display_error_number --diag_suppress=unsigned_compare_with_zero --diag_suppress=field_without_dll_interface --diag_suppress=base_class_has_different_dll_interface" -Xcompiler=-fPIC -x cu -dc /home/aiv/YongJun_ws/matlab/AutoL_LiDAR/src/deployedpointpillarmodel/src/Resize2DLayer.cu -o CMakeFiles/deployedPointPillarModel.dir/src/Resize2DLayer.cu.o
[2.600s] /usr/local/cuda/bin/nvcc  -DDEFAULT_RMW_IMPLEMENTATION=rmw_fastrtps_cpp -DRCUTILS_ENABLE_FAULT_INJECTION -DROS_PACKAGE_NAME=\"deployedpointpillarmodel\" -DSPDLOG_COMPILED_LIB -I/codegen/exe -I/home/aiv/YongJun_ws/matlab/AutoL_LiDAR/src/deployedpointpillarmodel/include -I/home/aiv/YongJun_ws/matlab/AutoL_LiDAR/src/deployedpointpillarmodel/include/deployedpointpillarmodel -isystem=/home/aiv/YongJun_ws/matlab/AutoL_LiDAR/install/vision_msgs/include -isystem=/opt/ros/foxy/include  -O3 -DNDEBUG   -Xcompiler= -DMW_CUDA_ARCH=350 -D__MW_TARGET_USE_HARDWARE_RESOURCES_H__ -DROS2_PROJECT -DSTACK_SIZE=200000 -DMODEL=deployedPointPillarModel -arch sm_35 -rdc=true -Xcudafe "--display_error_number --diag_suppress=unsigned_compare_with_zero --diag_suppress=field_without_dll_interface --diag_suppress=base_class_has_different_dll_interface" -Xcompiler=-fPIC -x cu -dc /home/aiv/YongJun_ws/matlab/AutoL_LiDAR/src/deployedpointpillarmodel/src/SpecialMsgUtil.cu -o CMakeFiles/deployedPointPillarModel.dir/src/SpecialMsgUtil.cu.o
[2.600s] make[2]: *** [CMakeFiles/deployedPointPillarModel.dir/build.make:144: CMakeFiles/deployedPointPillarModel.dir/src/MWCudnnCNNLayerImpl.cu.o] Error 1
[2.600s] make[2]: *** [CMakeFiles/deployedPointPillarModel.dir/build.make:157: CMakeFiles/deployedPointPillarModel.dir/src/MWCudnnConcatenationLayerImpl.cu.o] Error 1
[2.600s] make[2]: *** [CMakeFiles/deployedPointPillarModel.dir/build.make:170: CMakeFiles/deployedPointPillarModel.dir/src/MWCudnnConvLayerImpl.cu.o] Error 1
[2.600s] make[2]: *** [CMakeFiles/deployedPointPillarModel.dir/build.make:183: CMakeFiles/deployedPointPillarModel.dir/src/MWCudnnCustomLayerBase.cu.o] Error 1
[2.601s] make[2]: *** [CMakeFiles/deployedPointPillarModel.dir/build.make:196: CMakeFiles/deployedPointPillarModel.dir/src/MWCudnnFusedConvActivationLayerImpl.cu.o] Error 1
[2.601s] make[2]: *** [CMakeFiles/deployedPointPillarModel.dir/build.make:209: CMakeFiles/deployedPointPillarModel.dir/src/MWCudnnLayerImplFactory.cu.o] Error 1
[2.601s] make[2]: *** [CMakeFiles/deployedPointPillarModel.dir/build.make:222: CMakeFiles/deployedPointPillarModel.dir/src/MWCudnnMaxPoolingLayerImpl.cu.o] Error 1
[2.601s] make[2]: *** [CMakeFiles/deployedPointPillarModel.dir/build.make:235: CMakeFiles/deployedPointPillarModel.dir/src/MWCudnnOutputLayerImpl.cu.o] Error 1
[2.601s] make[2]: *** [CMakeFiles/deployedPointPillarModel.dir/build.make:248: CMakeFiles/deployedPointPillarModel.dir/src/MWCudnnSigmoidLayerImpl.cu.o] Error 1
[2.601s] make[2]: *** [CMakeFiles/deployedPointPillarModel.dir/build.make:261: CMakeFiles/deployedPointPillarModel.dir/src/MWCudnnSplittingLayerImpl.cu.o] Error 1
[2.601s] make[2]: *** [CMakeFiles/deployedPointPillarModel.dir/build.make:274: CMakeFiles/deployedPointPillarModel.dir/src/MWCudnnTargetNetworkImpl.cu.o] Error 1
[2.601s] nvcc fatal   : Value 'sm_35' is not defined for option 'gpu-architecture'
[2.601s] nvcc fatal   : Value 'sm_35' is not defined for option 'gpu-architecture'
[2.601s] make[2]: *** [CMakeFiles/deployedPointPillarModel.dir/build.make:378: CMakeFiles/deployedPointPillarModel.dir/src/PointCloud2Types.cu.o] Error 1
[2.601s] nvcc fatal   : Value 'sm_35' is not defined for option 'gpu-architecture'
[2.601s] make[2]: *** [CMakeFiles/deployedPointPillarModel.dir/build.make:391: CMakeFiles/deployedPointPillarModel.dir/src/PointCloudImpl.cu.o] Error 1
[2.602s] nvcc fatal   : Value 'sm_35' is not defined for option 'gpu-architecture'
[2.602s] make[2]: *** [CMakeFiles/deployedPointPillarModel.dir/build.make:404: CMakeFiles/deployedPointPillarModel.dir/src/Resize2DLayer.cu.o] Error 1
[2.602s] make[2]: *** [CMakeFiles/deployedPointPillarModel.dir/build.make:417: CMakeFiles/deployedPointPillarModel.dir/src/SpecialMsgUtil.cu.o] Error 1
[2.745s] In file included from [01m[K/home/aiv/YongJun_ws/matlab/AutoL_LiDAR/src/deployedpointpillarmodel/include/deployedpointpillarmodel/MWConcatenationLayer.hpp:6[m[K,
[2.746s]                  from [01m[K/home/aiv/YongJun_ws/matlab/AutoL_LiDAR/src/deployedpointpillarmodel/src/MWConcatenationLayer.cpp:3[m[K:
[2.746s] [01m[K/home/aiv/YongJun_ws/matlab/AutoL_LiDAR/src/deployedpointpillarmodel/include/deployedpointpillarmodel/MWCNNLayer.hpp:[m[K In member function ‘[01m[Kvoid MWCNNLayer::setInPlaceIndex(int, int)[m[K’:
[2.746s] [01m[K/home/aiv/YongJun_ws/matlab/AutoL_LiDAR/src/deployedpointpillarmodel/include/deployedpointpillarmodel/MWCNNLayer.hpp:89:38:[m[K [01;35m[Kwarning: [m[Kvariable ‘[01m[Kit[m[K’ set but not used [[01;35m[K-Wunused-but-set-variable[m[K]
[2.746s]    89 |         std::map<int, int>::iterator [01;35m[Kit[m[K = m_inPlaceIndexMap.find(outIdx);
[2.746s]       |                                      [01;35m[K^~[m[K
[2.746s] In file included from [01m[K/home/aiv/YongJun_ws/matlab/AutoL_LiDAR/src/deployedpointpillarmodel/src/MWCNNLayer.cpp:3[m[K:
[2.746s] [01m[K/home/aiv/YongJun_ws/matlab/AutoL_LiDAR/src/deployedpointpillarmodel/include/deployedpointpillarmodel/MWCNNLayer.hpp:[m[K In member function ‘[01m[Kvoid MWCNNLayer::setInPlaceIndex(int, int)[m[K’:
[2.746s] [01m[K/home/aiv/YongJun_ws/matlab/AutoL_LiDAR/src/deployedpointpillarmodel/include/deployedpointpillarmodel/MWCNNLayer.hpp:89:38:[m[K [01;35m[Kwarning: [m[Kvariable ‘[01m[Kit[m[K’ set but not used [[01;35m[K-Wunused-but-set-variable[m[K]
[2.746s]    89 |         std::map<int, int>::iterator [01;35m[Kit[m[K = m_inPlaceIndexMap.find(outIdx);
[2.746s]       |                                      [01;35m[K^~[m[K
[2.753s] In file included from [01m[K/home/aiv/YongJun_ws/matlab/AutoL_LiDAR/src/deployedpointpillarmodel/include/deployedpointpillarmodel/MWSigmoidLayer.hpp:7[m[K,
[2.753s]                  from [01m[K/home/aiv/YongJun_ws/matlab/AutoL_LiDAR/src/deployedpointpillarmodel/src/MWSigmoidLayer.cpp:4[m[K:
[2.753s] [01m[K/home/aiv/YongJun_ws/matlab/AutoL_LiDAR/src/deployedpointpillarmodel/include/deployedpointpillarmodel/MWCNNLayer.hpp:[m[K In member function ‘[01m[Kvoid MWCNNLayer::setInPlaceIndex(int, int)[m[K’:
[2.753s] [01m[K/home/aiv/YongJun_ws/matlab/AutoL_LiDAR/src/deployedpointpillarmodel/include/deployedpointpillarmodel/MWCNNLayer.hpp:89:38:[m[K [01;35m[Kwarning: [m[Kvariable ‘[01m[Kit[m[K’ set but not used [[01;35m[K-Wunused-but-set-variable[m[K]
[2.753s]    89 |         std::map<int, int>::iterator [01;35m[Kit[m[K = m_inPlaceIndexMap.find(outIdx);
[2.753s]       |                                      [01;35m[K^~[m[K
[2.753s] In file included from [01m[K/home/aiv/YongJun_ws/matlab/AutoL_LiDAR/src/deployedpointpillarmodel/include/deployedpointpillarmodel/MWOutputLayer.hpp:5[m[K,
[2.753s]                  from [01m[K/home/aiv/YongJun_ws/matlab/AutoL_LiDAR/src/deployedpointpillarmodel/src/MWOutputLayer.cpp:3[m[K:
[2.753s] [01m[K/home/aiv/YongJun_ws/matlab/AutoL_LiDAR/src/deployedpointpillarmodel/include/deployedpointpillarmodel/MWCNNLayer.hpp:[m[K In member function ‘[01m[Kvoid MWCNNLayer::setInPlaceIndex(int, int)[m[K’:
[2.753s] [01m[K/home/aiv/YongJun_ws/matlab/AutoL_LiDAR/src/deployedpointpillarmodel/include/deployedpointpillarmodel/MWCNNLayer.hpp:89:38:[m[K [01;35m[Kwarning: [m[Kvariable ‘[01m[Kit[m[K’ set but not used [[01;35m[K-Wunused-but-set-variable[m[K]
[2.754s]    89 |         std::map<int, int>::iterator [01;35m[Kit[m[K = m_inPlaceIndexMap.find(outIdx);
[2.754s]       |                                      [01;35m[K^~[m[K
[2.754s] In file included from [01m[K/home/aiv/YongJun_ws/matlab/AutoL_LiDAR/src/deployedpointpillarmodel/include/deployedpointpillarmodel/MWInputLayer.hpp:6[m[K,
[2.754s]                  from [01m[K/home/aiv/YongJun_ws/matlab/AutoL_LiDAR/src/deployedpointpillarmodel/src/MWInputLayer.cpp:3[m[K:
[2.754s] [01m[K/home/aiv/YongJun_ws/matlab/AutoL_LiDAR/src/deployedpointpillarmodel/include/deployedpointpillarmodel/MWCNNLayer.hpp:[m[K In member function ‘[01m[Kvoid MWCNNLayer::setInPlaceIndex(int, int)[m[K’:
[2.754s] [01m[K/home/aiv/YongJun_ws/matlab/AutoL_LiDAR/src/deployedpointpillarmodel/include/deployedpointpillarmodel/MWCNNLayer.hpp:89:38:[m[K [01;35m[Kwarning: [m[Kvariable ‘[01m[Kit[m[K’ set but not used [[01;35m[K-Wunused-but-set-variable[m[K]
[2.754s]    89 |         std::map<int, int>::iterator [01;35m[Kit[m[K = m_inPlaceIndexMap.find(outIdx);
[2.754s]       |                                      [01;35m[K^~[m[K
[2.754s] In file included from [01m[K/home/aiv/YongJun_ws/matlab/AutoL_LiDAR/src/deployedpointpillarmodel/include/deployedpointpillarmodel/MWSplittingLayer.hpp:6[m[K,
[2.754s]                  from [01m[K/home/aiv/YongJun_ws/matlab/AutoL_LiDAR/src/deployedpointpillarmodel/src/MWSplittingLayer.cpp:3[m[K:
[2.754s] [01m[K/home/aiv/YongJun_ws/matlab/AutoL_LiDAR/src/deployedpointpillarmodel/include/deployedpointpillarmodel/MWCNNLayer.hpp:[m[K In member function ‘[01m[Kvoid MWCNNLayer::setInPlaceIndex(int, int)[m[K’:
[2.754s] [01m[K/home/aiv/YongJun_ws/matlab/AutoL_LiDAR/src/deployedpointpillarmodel/include/deployedpointpillarmodel/MWCNNLayer.hpp:89:38:[m[K [01;35m[Kwarning: [m[Kvariable ‘[01m[Kit[m[K’ set but not used [[01;35m[K-Wunused-but-set-variable[m[K]
[2.755s]    89 |         std::map<int, int>::iterator [01;35m[Kit[m[K = m_inPlaceIndexMap.find(outIdx);
[2.755s]       |                                      [01;35m[K^~[m[K
[2.755s] In file included from [01m[K/home/aiv/YongJun_ws/matlab/AutoL_LiDAR/src/deployedpointpillarmodel/include/deployedpointpillarmodel/MWFusedConvActivationLayer.hpp:6[m[K,
[2.755s]                  from [01m[K/home/aiv/YongJun_ws/matlab/AutoL_LiDAR/src/deployedpointpillarmodel/src/MWFusedConvActivationLayer.cpp:3[m[K:
[2.755s] [01m[K/home/aiv/YongJun_ws/matlab/AutoL_LiDAR/src/deployedpointpillarmodel/include/deployedpointpillarmodel/MWCNNLayer.hpp:[m[K In member function ‘[01m[Kvoid MWCNNLayer::setInPlaceIndex(int, int)[m[K’:
[2.755s] [01m[K/home/aiv/YongJun_ws/matlab/AutoL_LiDAR/src/deployedpointpillarmodel/include/deployedpointpillarmodel/MWCNNLayer.hpp:89:38:[m[K [01;35m[Kwarning: [m[Kvariable ‘[01m[Kit[m[K’ set but not used [[01;35m[K-Wunused-but-set-variable[m[K]
[2.755s]    89 |         std::map<int, int>::iterator [01;35m[Kit[m[K = m_inPlaceIndexMap.find(outIdx);
[2.755s]       |                                      [01;35m[K^~[m[K
[2.766s] [01m[K/home/aiv/YongJun_ws/matlab/AutoL_LiDAR/src/deployedpointpillarmodel/src/MWCNNLayer.cpp:[m[K In member function ‘[01m[KMWTensorBase* MWCNNLayer::getOutputTensor(size_t)[m[K’:
[2.766s] [01m[K/home/aiv/YongJun_ws/matlab/AutoL_LiDAR/src/deployedpointpillarmodel/src/MWCNNLayer.cpp:145:91:[m[K [01;35m[Kwarning: [m[Ktype qualifiers ignored on cast result type [[01;35m[K-Wignored-qualifiers[m[K]
[2.766s]   145 |     std::map<int, MWTensorBase*>::iterator it = m_output.find(static_cast<const int>(index[01;35m[K)[m[K);
[2.766s]       |                                                                                           [01;35m[K^[m[K
[2.775s] /home/aiv/YongJun_ws/matlab/AutoL_LiDAR/src/deployedpointpillarmodel/include/deployedpointpillarmodel/MWCNNLayer.hpp: In instantiation of ‘[01m[Kvoid MWCNNLayer::allocateOutputTensor(int, int, int, int, int, T*, const char*, int) [with T = float][m[K’:
[2.775s] [01m[K/home/aiv/YongJun_ws/matlab/AutoL_LiDAR/src/deployedpointpillarmodel/src/MWConcatenationLayer.cpp:34:68:[m[K   required from here
[2.776s] [01m[K/home/aiv/YongJun_ws/matlab/AutoL_LiDAR/src/deployedpointpillarmodel/include/deployedpointpillarmodel/MWCNNLayer.hpp:209:44:[m[K [01;35m[Kwarning: [m[Kvariable ‘[01m[Kit[m[K’ set but not used [[01;35m[K-Wunused-but-set-variable[m[K]
[2.776s]   209 |     std::map<int, MWTensorBase*>::iterator [01;35m[Kit[m[K = m_output.find(index);
[2.776s]       |                                            [01;35m[K^~[m[K
[2.782s] /home/aiv/YongJun_ws/matlab/AutoL_LiDAR/src/deployedpointpillarmodel/include/deployedpointpillarmodel/MWCNNLayer.hpp: In instantiation of ‘[01m[Kvoid MWCNNLayer::allocateOutputTensor(int, int, int, int, int, T*, const char*, int) [with T = float][m[K’:
[2.782s] [01m[K/home/aiv/YongJun_ws/matlab/AutoL_LiDAR/src/deployedpointpillarmodel/src/MWSigmoidLayer.cpp:22:68:[m[K   required from here
[2.782s] [01m[K/home/aiv/YongJun_ws/matlab/AutoL_LiDAR/src/deployedpointpillarmodel/include/deployedpointpillarmodel/MWCNNLayer.hpp:209:44:[m[K [01;35m[Kwarning: [m[Kvariable ‘[01m[Kit[m[K’ set but not used [[01;35m[K-Wunused-but-set-variable[m[K]
[2.782s]   209 |     std::map<int, MWTensorBase*>::iterator [01;35m[Kit[m[K = m_output.find(index);
[2.782s]       |                                            [01;35m[K^~[m[K
[2.782s] /home/aiv/YongJun_ws/matlab/AutoL_LiDAR/src/deployedpointpillarmodel/include/deployedpointpillarmodel/MWCNNLayer.hpp: In instantiation of ‘[01m[Kvoid MWCNNLayer::allocateOutputTensor(int, int, int, int, int, T*, const char*, int) [with T = float][m[K’:
[2.782s] [01m[K/home/aiv/YongJun_ws/matlab/AutoL_LiDAR/src/deployedpointpillarmodel/src/MWOutputLayer.cpp:19:68:[m[K   required from here
[2.783s] [01m[K/home/aiv/YongJun_ws/matlab/AutoL_LiDAR/src/deployedpointpillarmodel/include/deployedpointpillarmodel/MWCNNLayer.hpp:209:44:[m[K [01;35m[Kwarning: [m[Kvariable ‘[01m[Kit[m[K’ set but not used [[01;35m[K-Wunused-but-set-variable[m[K]
[2.783s]   209 |     std::map<int, MWTensorBase*>::iterator [01;35m[Kit[m[K = m_output.find(index);
[2.783s]       |                                            [01;35m[K^~[m[K
[2.783s] /home/aiv/YongJun_ws/matlab/AutoL_LiDAR/src/deployedpointpillarmodel/include/deployedpointpillarmodel/MWCNNLayer.hpp: In instantiation of ‘[01m[Kvoid MWCNNLayer::allocateOutputTensor(int, int, int, int, int, T*, const char*, int) [with T = float][m[K’:
[2.783s] [01m[K/home/aiv/YongJun_ws/matlab/AutoL_LiDAR/src/deployedpointpillarmodel/src/MWInputLayer.cpp:18:68:[m[K   required from here
[2.783s] [01m[K/home/aiv/YongJun_ws/matlab/AutoL_LiDAR/src/deployedpointpillarmodel/include/deployedpointpillarmodel/MWCNNLayer.hpp:209:44:[m[K [01;35m[Kwarning: [m[Kvariable ‘[01m[Kit[m[K’ set but not used [[01;35m[K-Wunused-but-set-variable[m[K]
[2.783s]   209 |     std::map<int, MWTensorBase*>::iterator [01;35m[Kit[m[K = m_output.find(index);
[2.783s]       |                                            [01;35m[K^~[m[K
[2.785s] /home/aiv/YongJun_ws/matlab/AutoL_LiDAR/src/deployedpointpillarmodel/include/deployedpointpillarmodel/MWCNNLayer.hpp: In instantiation of ‘[01m[Kvoid MWCNNLayer::allocateOutputTensor(int, int, int, int, int, T*, const char*, int) [with T = float][m[K’:
[2.785s] [01m[K/home/aiv/YongJun_ws/matlab/AutoL_LiDAR/src/deployedpointpillarmodel/src/MWSplittingLayer.cpp:47:79:[m[K   required from here
[2.785s] [01m[K/home/aiv/YongJun_ws/matlab/AutoL_LiDAR/src/deployedpointpillarmodel/include/deployedpointpillarmodel/MWCNNLayer.hpp:209:44:[m[K [01;35m[Kwarning: [m[Kvariable ‘[01m[Kit[m[K’ set but not used [[01;35m[K-Wunused-but-set-variable[m[K]
[2.785s]   209 |     std::map<int, MWTensorBase*>::iterator [01;35m[Kit[m[K = m_output.find(index);
[2.785s]       |                                            [01;35m[K^~[m[K
[2.786s] /home/aiv/YongJun_ws/matlab/AutoL_LiDAR/src/deployedpointpillarmodel/include/deployedpointpillarmodel/MWCNNLayer.hpp: In instantiation of ‘[01m[Kvoid MWCNNLayer::allocateOutputTensor(int, int, int, int, int, T*, const char*, int) [with T = float][m[K’:
[2.787s] [01m[K/home/aiv/YongJun_ws/matlab/AutoL_LiDAR/src/deployedpointpillarmodel/src/MWFusedConvActivationLayer.cpp:58:68:[m[K   required from here
[2.787s] [01m[K/home/aiv/YongJun_ws/matlab/AutoL_LiDAR/src/deployedpointpillarmodel/include/deployedpointpillarmodel/MWCNNLayer.hpp:209:44:[m[K [01;35m[Kwarning: [m[Kvariable ‘[01m[Kit[m[K’ set but not used [[01;35m[K-Wunused-but-set-variable[m[K]
[2.787s]   209 |     std::map<int, MWTensorBase*>::iterator [01;35m[Kit[m[K = m_output.find(index);
[2.787s]       |                                            [01;35m[K^~[m[K
[2.788s] In file included from [01m[K/home/aiv/YongJun_ws/matlab/AutoL_LiDAR/src/deployedpointpillarmodel/src/MWCNNLayer.cpp:3[m[K:
[2.788s] /home/aiv/YongJun_ws/matlab/AutoL_LiDAR/src/deployedpointpillarmodel/include/deployedpointpillarmodel/MWCNNLayer.hpp: In instantiation of ‘[01m[Kvoid MWCNNLayer::allocateOutputTensor(int, int, int, int, int, T*, const char*, int) [with T = float][m[K’:
[2.788s] [01m[K/home/aiv/YongJun_ws/matlab/AutoL_LiDAR/src/deployedpointpillarmodel/src/MWCNNLayer.cpp:220:91:[m[K   required from here
[2.788s] [01m[K/home/aiv/YongJun_ws/matlab/AutoL_LiDAR/src/deployedpointpillarmodel/include/deployedpointpillarmodel/MWCNNLayer.hpp:209:44:[m[K [01;35m[Kwarning: [m[Kvariable ‘[01m[Kit[m[K’ set but not used [[01;35m[K-Wunused-but-set-variable[m[K]
[2.788s]   209 |     std::map<int, MWTensorBase*>::iterator [01;35m[Kit[m[K = m_output.find(index);
[2.789s]       |                                            [01;35m[K^~[m[K
[2.836s] In file included from [01m[K/home/aiv/YongJun_ws/matlab/AutoL_LiDAR/src/deployedpointpillarmodel/include/deployedpointpillarmodel/MWBatchNormalizationLayer.hpp:6[m[K,
[2.836s]                  from [01m[K/home/aiv/YongJun_ws/matlab/AutoL_LiDAR/src/deployedpointpillarmodel/src/MWBatchNormalizationLayer.cpp:3[m[K:
[2.837s] [01m[K/home/aiv/YongJun_ws/matlab/AutoL_LiDAR/src/deployedpointpillarmodel/include/deployedpointpillarmodel/MWCNNLayer.hpp:[m[K In member function ‘[01m[Kvoid MWCNNLayer::setInPlaceIndex(int, int)[m[K’:
[2.837s] [01m[K/home/aiv/YongJun_ws/matlab/AutoL_LiDAR/src/deployedpointpillarmodel/include/deployedpointpillarmodel/MWCNNLayer.hpp:89:38:[m[K [01;35m[Kwarning: [m[Kvariable ‘[01m[Kit[m[K’ set but not used [[01;35m[K-Wunused-but-set-variable[m[K]
[2.837s]    89 |         std::map<int, int>::iterator [01;35m[Kit[m[K = m_inPlaceIndexMap.find(outIdx);
[2.837s]       |                                      [01;35m[K^~[m[K
[2.867s] /home/aiv/YongJun_ws/matlab/AutoL_LiDAR/src/deployedpointpillarmodel/include/deployedpointpillarmodel/MWCNNLayer.hpp: In instantiation of ‘[01m[Kvoid MWCNNLayer::allocateOutputTensor(int, int, int, int, int, T*, const char*, int) [with T = float][m[K’:
[2.867s] [01m[K/home/aiv/YongJun_ws/matlab/AutoL_LiDAR/src/deployedpointpillarmodel/src/MWBatchNormalizationLayer.cpp:32:79:[m[K   required from here
[2.867s] [01m[K/home/aiv/YongJun_ws/matlab/AutoL_LiDAR/src/deployedpointpillarmodel/include/deployedpointpillarmodel/MWCNNLayer.hpp:209:44:[m[K [01;35m[Kwarning: [m[Kvariable ‘[01m[Kit[m[K’ set but not used [[01;35m[K-Wunused-but-set-variable[m[K]
[2.867s]   209 |     std::map<int, MWTensorBase*>::iterator [01;35m[Kit[m[K = m_output.find(index);
[2.867s]       |                                            [01;35m[K^~[m[K
[2.868s] In file included from [01m[K/home/aiv/YongJun_ws/matlab/AutoL_LiDAR/src/deployedpointpillarmodel/include/deployedpointpillarmodel/MWConvLayer.hpp:6[m[K,
[2.868s]                  from [01m[K/home/aiv/YongJun_ws/matlab/AutoL_LiDAR/src/deployedpointpillarmodel/src/MWConvLayer.cpp:3[m[K:
[2.869s] [01m[K/home/aiv/YongJun_ws/matlab/AutoL_LiDAR/src/deployedpointpillarmodel/include/deployedpointpillarmodel/MWCNNLayer.hpp:[m[K In member function ‘[01m[Kvoid MWCNNLayer::setInPlaceIndex(int, int)[m[K’:
[2.869s] [01m[K/home/aiv/YongJun_ws/matlab/AutoL_LiDAR/src/deployedpointpillarmodel/include/deployedpointpillarmodel/MWCNNLayer.hpp:89:38:[m[K [01;35m[Kwarning: [m[Kvariable ‘[01m[Kit[m[K’ set but not used [[01;35m[K-Wunused-but-set-variable[m[K]
[2.869s]    89 |         std::map<int, int>::iterator [01;35m[Kit[m[K = m_inPlaceIndexMap.find(outIdx);
[2.869s]       |                                      [01;35m[K^~[m[K
[2.892s] In file included from [01m[K/home/aiv/YongJun_ws/matlab/AutoL_LiDAR/src/deployedpointpillarmodel/include/deployedpointpillarmodel/MWMaxPoolingLayer.hpp:6[m[K,
[2.892s]                  from [01m[K/home/aiv/YongJun_ws/matlab/AutoL_LiDAR/src/deployedpointpillarmodel/src/MWMaxPoolingLayer.cpp:3[m[K:
[2.892s] [01m[K/home/aiv/YongJun_ws/matlab/AutoL_LiDAR/src/deployedpointpillarmodel/include/deployedpointpillarmodel/MWCNNLayer.hpp:[m[K In member function ‘[01m[Kvoid MWCNNLayer::setInPlaceIndex(int, int)[m[K’:
[2.893s] [01m[K/home/aiv/YongJun_ws/matlab/AutoL_LiDAR/src/deployedpointpillarmodel/include/deployedpointpillarmodel/MWCNNLayer.hpp:89:38:[m[K [01;35m[Kwarning: [m[Kvariable ‘[01m[Kit[m[K’ set but not used [[01;35m[K-Wunused-but-set-variable[m[K]
[2.893s]    89 |         std::map<int, int>::iterator [01;35m[Kit[m[K = m_inPlaceIndexMap.find(outIdx);
[2.893s]       |                                      [01;35m[K^~[m[K
[2.908s] /home/aiv/YongJun_ws/matlab/AutoL_LiDAR/src/deployedpointpillarmodel/include/deployedpointpillarmodel/MWCNNLayer.hpp: In instantiation of ‘[01m[Kvoid MWCNNLayer::allocateOutputTensor(int, int, int, int, int, T*, const char*, int) [with T = float][m[K’:
[2.908s] [01m[K/home/aiv/YongJun_ws/matlab/AutoL_LiDAR/src/deployedpointpillarmodel/src/MWConvLayer.cpp:61:70:[m[K   required from here
[2.908s] [01m[K/home/aiv/YongJun_ws/matlab/AutoL_LiDAR/src/deployedpointpillarmodel/include/deployedpointpillarmodel/MWCNNLayer.hpp:209:44:[m[K [01;35m[Kwarning: [m[Kvariable ‘[01m[Kit[m[K’ set but not used [[01;35m[K-Wunused-but-set-variable[m[K]
[2.909s]   209 |     std::map<int, MWTensorBase*>::iterator [01;35m[Kit[m[K = m_output.find(index);
[2.909s]       |                                            [01;35m[K^~[m[K
[2.959s] /home/aiv/YongJun_ws/matlab/AutoL_LiDAR/src/deployedpointpillarmodel/include/deployedpointpillarmodel/MWCNNLayer.hpp: In instantiation of ‘[01m[Kvoid MWCNNLayer::allocateOutputTensor(int, int, int, int, int, T*, const char*, int) [with T = signed char][m[K’:
[2.960s] [01m[K/home/aiv/YongJun_ws/matlab/AutoL_LiDAR/src/deployedpointpillarmodel/src/MWMaxPoolingLayer.cpp:101:13:[m[K   required from ‘[01m[Kvoid MWMaxPoolingLayer::createMaxPoolingLayer(MWTargetNetworkImplBase*, MWTensorBase*, int, int, int, int, int, int, int, int, bool, int, const char*, int, ...) [with T1 = signed char; T2 = signed char][m[K’
[2.960s] [01m[K/home/aiv/YongJun_ws/matlab/AutoL_LiDAR/src/deployedpointpillarmodel/src/MWMaxPoolingLayer.cpp:34:8:[m[K   required from here
[2.960s] [01m[K/home/aiv/YongJun_ws/matlab/AutoL_LiDAR/src/deployedpointpillarmodel/include/deployedpointpillarmodel/MWCNNLayer.hpp:209:44:[m[K [01;35m[Kwarning: [m[Kvariable ‘[01m[Kit[m[K’ set but not used [[01;35m[K-Wunused-but-set-variable[m[K]
[2.960s]   209 |     std::map<int, MWTensorBase*>::iterator [01;35m[Kit[m[K = m_output.find(index);
[2.960s]       |                                            [01;35m[K^~[m[K
[2.960s] /home/aiv/YongJun_ws/matlab/AutoL_LiDAR/src/deployedpointpillarmodel/include/deployedpointpillarmodel/MWCNNLayer.hpp: In instantiation of ‘[01m[Kvoid MWCNNLayer::allocateOutputTensor(int, int, int, int, int, T*, const char*, int) [with T = float][m[K’:
[2.960s] [01m[K/home/aiv/YongJun_ws/matlab/AutoL_LiDAR/src/deployedpointpillarmodel/src/MWMaxPoolingLayer.cpp:101:13:[m[K   required from ‘[01m[Kvoid MWMaxPoolingLayer::createMaxPoolingLayer(MWTargetNetworkImplBase*, MWTensorBase*, int, int, int, int, int, int, int, int, bool, int, const char*, int, ...) [with T1 = float; T2 = float][m[K’
[2.960s] [01m[K/home/aiv/YongJun_ws/matlab/AutoL_LiDAR/src/deployedpointpillarmodel/src/MWMaxPoolingLayer.cpp:50:73:[m[K   required from here
[2.960s] [01m[K/home/aiv/YongJun_ws/matlab/AutoL_LiDAR/src/deployedpointpillarmodel/include/deployedpointpillarmodel/MWCNNLayer.hpp:209:44:[m[K [01;35m[Kwarning: [m[Kvariable ‘[01m[Kit[m[K’ set but not used [[01;35m[K-Wunused-but-set-variable[m[K]
[3.168s] make[2]: Leaving directory '/home/aiv/YongJun_ws/matlab/AutoL_LiDAR/build/deployedpointpillarmodel'
[3.169s] make[1]: Leaving directory '/home/aiv/YongJun_ws/matlab/AutoL_LiDAR/build/deployedpointpillarmodel'
[3.169s] make[1]: *** [CMakeFiles/Makefile2:81: CMakeFiles/deployedPointPillarModel.dir/all] Error 2
[3.169s] make: *** [Makefile:144: all] Error 2
[3.172s] Invoked command in '/home/aiv/YongJun_ws/matlab/AutoL_LiDAR/build/deployedpointpillarmodel' returned '2': AMENT_PREFIX_PATH=/home/aiv/YongJun_ws/matlab/AutoL_LiDAR/install/vision_msgs:${AMENT_PREFIX_PATH} CMAKE_PREFIX_PATH=/home/aiv/YongJun_ws/matlab/AutoL_LiDAR/install/vision_msgs:/opt/ros/foxy LD_LIBRARY_PATH=/home/aiv/YongJun_ws/matlab/AutoL_LiDAR/install/vision_msgs/lib:${LD_LIBRARY_PATH} PYTHONPATH=/home/aiv/YongJun_ws/matlab/AutoL_LiDAR/install/vision_msgs/lib/python3.8/site-packages:${PYTHONPATH} /usr/bin/cmake --build /home/aiv/YongJun_ws/matlab/AutoL_LiDAR/build/deployedpointpillarmodel -- -j32 -l32
