Performing C SOURCE FILE Test CMAKE_HAVE_LIBC_PTHREAD failed with the following output:
Change Dir: /home/aiv/YongJun_ws/ros2_ws/src/yolov8_ros/matlab_msg_gen/glnxa64/build/yolov8_msgs/CMakeFiles/CMakeScratch/TryCompile-1VwpW5

Run Build Command(s):/usr/local/MATLAB/R2024a/toolbox/shared/coder/ninja/glnxa64/ninja cmTC_57d0c && [1/2] Building C object CMakeFiles/cmTC_57d0c.dir/src.c.o
[2/2] Linking C executable cmTC_57d0c
FAILED: cmTC_57d0c 
: && /usr/bin/gcc   CMakeFiles/cmTC_57d0c.dir/src.c.o -o cmTC_57d0c   && :
/usr/bin/ld: CMakeFiles/cmTC_57d0c.dir/src.c.o: in function `main':
src.c:(.text+0x46): undefined reference to `pthread_create'
/usr/bin/ld: src.c:(.text+0x52): undefined reference to `pthread_detach'
/usr/bin/ld: src.c:(.text+0x5e): undefined reference to `pthread_cancel'
/usr/bin/ld: src.c:(.text+0x6f): undefined reference to `pthread_join'
collect2: error: ld returned 1 exit status
ninja: build stopped: subcommand failed.


Source file was:
#include <pthread.h>

static void* test_func(void* data)
{
  return data;
}

int main(void)
{
  pthread_t thread;
  pthread_create(&thread, NULL, test_func, NULL);
  pthread_detach(thread);
  pthread_cancel(thread);
  pthread_join(thread, NULL);
  pthread_atfork(NULL, NULL, NULL);
  pthread_exit(NULL);

  return 0;
}


Determining if the function pthread_create exists in the pthreads failed with the following output:
Change Dir: /home/aiv/YongJun_ws/ros2_ws/src/yolov8_ros/matlab_msg_gen/glnxa64/build/yolov8_msgs/CMakeFiles/CMakeScratch/TryCompile-RsGT14

Run Build Command(s):/usr/local/MATLAB/R2024a/toolbox/shared/coder/ninja/glnxa64/ninja cmTC_46094 && [1/2] Building C object CMakeFiles/cmTC_46094.dir/CheckFunctionExists.c.o
[2/2] Linking C executable cmTC_46094
FAILED: cmTC_46094 
: && /usr/bin/gcc -DCHECK_FUNCTION_EXISTS=pthread_create  CMakeFiles/cmTC_46094.dir/CheckFunctionExists.c.o -o cmTC_46094  -lpthreads && :
/usr/bin/ld: cannot find -lpthreads
collect2: error: ld returned 1 exit status
ninja: build stopped: subcommand failed.



