[0.006s] Invoking command in '/home/yong/yolov8_ros/build/yolov8_bringup': AMENT_PREFIX_PATH=/home/yong/yolov8_ros/install/yolov8_ros:${AMENT_PREFIX_PATH} CMAKE_PREFIX_PATH=/home/yong/yolov8_ros2/install/yolov8_ros2:/opt/ros/foxy PYTHONPATH=/home/yong/yolov8_ros/install/yolov8_ros/lib/python3.8/site-packages:${PYTHONPATH} /usr/bin/cmake /home/yong/yolov8_ros/src/yolov8_ros/yolov8_bringup -DCMAKE_INSTALL_PREFIX=/home/yong/yolov8_ros/install/yolov8_bringup
[0.040s] -- The C compiler identification is GNU 9.4.0
[0.075s] -- The CXX compiler identification is GNU 9.4.0
[0.078s] -- Check for working C compiler: /usr/bin/cc
[0.121s] -- Check for working C compiler: /usr/bin/cc -- works
[0.121s] -- Detecting C compiler ABI info
[0.163s] -- Detecting C compiler ABI info - done
[0.172s] -- Detecting C compile features
[0.172s] -- Detecting C compile features - done
[0.174s] -- Check for working CXX compiler: /usr/bin/c++
[0.223s] -- Check for working CXX compiler: /usr/bin/c++ -- works
[0.224s] -- Detecting CXX compiler ABI info
[0.273s] -- Detecting CXX compiler ABI info - done
[0.282s] -- Detecting CXX compile features
[0.282s] -- Detecting CXX compile features - done
[0.283s] -- Found ament_cmake: 0.9.12 (/opt/ros/foxy/share/ament_cmake/cmake)
[0.300s] -- Found PythonInterp: /usr/bin/python3 (found suitable version "3.8.10", minimum required is "3") 
[0.300s] -- Using PYTHON_EXECUTABLE: /usr/bin/python3
[0.508s] -- Configuring done
[0.509s] -- Generating done
[0.510s] -- Build files have been written to: /home/yong/yolov8_ros/build/yolov8_bringup
[0.512s] Invoked command in '/home/yong/yolov8_ros/build/yolov8_bringup' returned '0': AMENT_PREFIX_PATH=/home/yong/yolov8_ros/install/yolov8_ros:${AMENT_PREFIX_PATH} CMAKE_PREFIX_PATH=/home/yong/yolov8_ros2/install/yolov8_ros2:/opt/ros/foxy PYTHONPATH=/home/yong/yolov8_ros/install/yolov8_ros/lib/python3.8/site-packages:${PYTHONPATH} /usr/bin/cmake /home/yong/yolov8_ros/src/yolov8_ros/yolov8_bringup -DCMAKE_INSTALL_PREFIX=/home/yong/yolov8_ros/install/yolov8_bringup
[0.515s] Invoking command in '/home/yong/yolov8_ros/build/yolov8_bringup': AMENT_PREFIX_PATH=/home/yong/yolov8_ros/install/yolov8_ros:${AMENT_PREFIX_PATH} CMAKE_PREFIX_PATH=/home/yong/yolov8_ros2/install/yolov8_ros2:/opt/ros/foxy PYTHONPATH=/home/yong/yolov8_ros/install/yolov8_ros/lib/python3.8/site-packages:${PYTHONPATH} /usr/bin/cmake --build /home/yong/yolov8_ros/build/yolov8_bringup -- -j8 -l8
[0.539s] Invoked command in '/home/yong/yolov8_ros/build/yolov8_bringup' returned '0': AMENT_PREFIX_PATH=/home/yong/yolov8_ros/install/yolov8_ros:${AMENT_PREFIX_PATH} CMAKE_PREFIX_PATH=/home/yong/yolov8_ros2/install/yolov8_ros2:/opt/ros/foxy PYTHONPATH=/home/yong/yolov8_ros/install/yolov8_ros/lib/python3.8/site-packages:${PYTHONPATH} /usr/bin/cmake --build /home/yong/yolov8_ros/build/yolov8_bringup -- -j8 -l8
[0.560s] Invoking command in '/home/yong/yolov8_ros/build/yolov8_bringup': AMENT_PREFIX_PATH=/home/yong/yolov8_ros/install/yolov8_ros:${AMENT_PREFIX_PATH} CMAKE_PREFIX_PATH=/home/yong/yolov8_ros2/install/yolov8_ros2:/opt/ros/foxy PYTHONPATH=/home/yong/yolov8_ros/install/yolov8_ros/lib/python3.8/site-packages:${PYTHONPATH} /usr/bin/cmake --install /home/yong/yolov8_ros/build/yolov8_bringup
[0.565s] -- Install configuration: ""
[0.565s] -- Installing: /home/yong/yolov8_ros/install/yolov8_bringup/share/yolov8_bringup//launch
[0.565s] -- Installing: /home/yong/yolov8_ros/install/yolov8_bringup/share/yolov8_bringup//launch/yolov9.launch.py
[0.566s] -- Installing: /home/yong/yolov8_ros/install/yolov8_bringup/share/yolov8_bringup//launch/yolov8_3d.launch.py
[0.566s] -- Installing: /home/yong/yolov8_ros/install/yolov8_bringup/share/yolov8_bringup//launch/yolov8.launch.py
[0.566s] -- Installing: /home/yong/yolov8_ros/install/yolov8_bringup/share/ament_index/resource_index/package_run_dependencies/yolov8_bringup
[0.566s] -- Installing: /home/yong/yolov8_ros/install/yolov8_bringup/share/ament_index/resource_index/parent_prefix_path/yolov8_bringup
[0.566s] -- Installing: /home/yong/yolov8_ros/install/yolov8_bringup/share/yolov8_bringup/environment/ament_prefix_path.sh
[0.566s] -- Installing: /home/yong/yolov8_ros/install/yolov8_bringup/share/yolov8_bringup/environment/ament_prefix_path.dsv
[0.566s] -- Installing: /home/yong/yolov8_ros/install/yolov8_bringup/share/yolov8_bringup/environment/path.sh
[0.566s] -- Installing: /home/yong/yolov8_ros/install/yolov8_bringup/share/yolov8_bringup/environment/path.dsv
[0.566s] -- Installing: /home/yong/yolov8_ros/install/yolov8_bringup/share/yolov8_bringup/local_setup.bash
[0.566s] -- Installing: /home/yong/yolov8_ros/install/yolov8_bringup/share/yolov8_bringup/local_setup.sh
[0.566s] -- Installing: /home/yong/yolov8_ros/install/yolov8_bringup/share/yolov8_bringup/local_setup.zsh
[0.566s] -- Installing: /home/yong/yolov8_ros/install/yolov8_bringup/share/yolov8_bringup/local_setup.dsv
[0.566s] -- Installing: /home/yong/yolov8_ros/install/yolov8_bringup/share/yolov8_bringup/package.dsv
[0.566s] -- Installing: /home/yong/yolov8_ros/install/yolov8_bringup/share/ament_index/resource_index/packages/yolov8_bringup
[0.567s] -- Installing: /home/yong/yolov8_ros/install/yolov8_bringup/share/yolov8_bringup/cmake/yolov8_bringupConfig.cmake
[0.567s] -- Installing: /home/yong/yolov8_ros/install/yolov8_bringup/share/yolov8_bringup/cmake/yolov8_bringupConfig-version.cmake
[0.567s] -- Installing: /home/yong/yolov8_ros/install/yolov8_bringup/share/yolov8_bringup/package.xml
[0.568s] Invoked command in '/home/yong/yolov8_ros/build/yolov8_bringup' returned '0': AMENT_PREFIX_PATH=/home/yong/yolov8_ros/install/yolov8_ros:${AMENT_PREFIX_PATH} CMAKE_PREFIX_PATH=/home/yong/yolov8_ros2/install/yolov8_ros2:/opt/ros/foxy PYTHONPATH=/home/yong/yolov8_ros/install/yolov8_ros/lib/python3.8/site-packages:${PYTHONPATH} /usr/bin/cmake --install /home/yong/yolov8_ros/build/yolov8_bringup
