[0.599s] Invoking command in '/home/yong/yolov8_ros/build/yolov8_ros': PYTHONPATH=/home/yong/yolov8_ros/build/yolov8_ros/prefix_override:/home/yong/yolov8_ros/install/yolov8_ros/lib/python3.8/site-packages:${PYTHONPATH} /usr/bin/python3 -W ignore:setup.py install is deprecated setup.py develop --editable --build-directory /home/yong/yolov8_ros/build/yolov8_ros/build --no-deps symlink_data --force
[0.800s] running develop
[0.936s] running egg_info
[0.936s] writing yolov8_ros.egg-info/PKG-INFO
[0.936s] writing dependency_links to yolov8_ros.egg-info/dependency_links.txt
[0.937s] writing entry points to yolov8_ros.egg-info/entry_points.txt
[0.937s] writing requirements to yolov8_ros.egg-info/requires.txt
[0.937s] writing top-level names to yolov8_ros.egg-info/top_level.txt
[0.960s] reading manifest file 'yolov8_ros.egg-info/SOURCES.txt'
[0.960s] writing manifest file 'yolov8_ros.egg-info/SOURCES.txt'
[0.990s] running build_ext
[0.990s] Creating /home/yong/yolov8_ros/install/yolov8_ros/lib/python3.8/site-packages/site.py
[0.991s] Creating /home/yong/yolov8_ros/install/yolov8_ros/lib/python3.8/site-packages/yolov8-ros.egg-link (link to .)
[0.992s] Installing debug_node script to /home/yong/yolov8_ros/install/yolov8_ros/lib/yolov8_ros
[0.992s] Installing detect_3d_node script to /home/yong/yolov8_ros/install/yolov8_ros/lib/yolov8_ros
[0.992s] Installing tracking_node script to /home/yong/yolov8_ros/install/yolov8_ros/lib/yolov8_ros
[0.992s] Installing yolov8_node script to /home/yong/yolov8_ros/install/yolov8_ros/lib/yolov8_ros
[0.992s] 
[0.992s] Installed /home/yong/yolov8_ros/build/yolov8_ros
[0.992s] running symlink_data
[0.993s] symbolically linking /home/yong/yolov8_ros/build/yolov8_ros/resource/yolov8_ros -> /home/yong/yolov8_ros/install/yolov8_ros/share/ament_index/resource_index/packages
[0.993s] symbolically linking /home/yong/yolov8_ros/build/yolov8_ros/package.xml -> /home/yong/yolov8_ros/install/yolov8_ros/share/yolov8_ros
[1.011s] Invoked command in '/home/yong/yolov8_ros/build/yolov8_ros' returned '0': PYTHONPATH=/home/yong/yolov8_ros/build/yolov8_ros/prefix_override:/home/yong/yolov8_ros/install/yolov8_ros/lib/python3.8/site-packages:${PYTHONPATH} /usr/bin/python3 -W ignore:setup.py install is deprecated setup.py develop --editable --build-directory /home/yong/yolov8_ros/build/yolov8_ros/build --no-deps symlink_data --force
