-- The C compiler identification is GNU 9.4.0
-- The CXX compiler identification is GNU 9.4.0
-- Detecting C compiler ABI info
-- Detecting C compiler ABI info - done
-- Check for working C compiler: /usr/bin/cc - skipped
-- Detecting C compile features
-- Detecting C compile features - done
-- Detecting CXX compiler ABI info
-- Detecting CXX compiler ABI info - done
-- Check for working CXX compiler: /usr/bin/c++ - skipped
-- Detecting CXX compile features
-- Detecting CXX compile features - done
-- Found ament_cmake: 0.9.12 (/opt/ros/foxy/share/ament_cmake/cmake)
-- Found PythonInterp: /usr/bin/python3 (found suitable version "3.8.10", minimum required is "3") 
-- Using PYTHON_EXECUTABLE: /usr/bin/python3
-- Override CMake install command with custom implementation using symlinks instead of copying resources
-- Found rclcpp: 2.4.3 (/opt/ros/foxy/share/rclcpp/cmake)
-- Using all available rosidl_typesupport_c: rosidl_typesupport_fastrtps_c;rosidl_typesupport_introspection_c
-- Found rosidl_adapter: 1.3.1 (/opt/ros/foxy/share/rosidl_adapter/cmake)
-- Found OpenSSL: /usr/lib/x86_64-linux-gnu/libcrypto.so (found version "1.1.1f")  
-- Found FastRTPS: /opt/ros/foxy/include  
-- Using all available rosidl_typesupport_cpp: rosidl_typesupport_fastrtps_cpp;rosidl_typesupport_introspection_cpp
-- Found rmw_implementation_cmake: 1.0.4 (/opt/ros/foxy/share/rmw_implementation_cmake/cmake)
-- Using RMW implementation 'rmw_fastrtps_cpp' as default
-- Performing Test CMAKE_HAVE_LIBC_PTHREAD
-- Performing Test CMAKE_HAVE_LIBC_PTHREAD - Failed
-- Looking for pthread_create in pthreads
-- Looking for pthread_create in pthreads - not found
-- Looking for pthread_create in pthread
-- Looking for pthread_create in pthread - found
-- Found Threads: TRUE  
-- Found geometry_msgs: 2.0.5 (/opt/ros/foxy/share/geometry_msgs/cmake)
-- Found nav_msgs: 2.0.5 (/opt/ros/foxy/share/nav_msgs/cmake)
-- Found sensor_msgs: 2.0.5 (/opt/ros/foxy/share/sensor_msgs/cmake)
-- Found tf2: 0.13.14 (/opt/ros/foxy/share/tf2/cmake)
-- Found tf2_ros: 0.13.14 (/opt/ros/foxy/share/tf2_ros/cmake)
-- Found scout_msgs: 0.1.0 (/home/aiv/YongJun_ws/ros2_ws/install/scout_msgs/share/scout_msgs/cmake)
-- Found ament_lint_auto: 0.9.8 (/opt/ros/foxy/share/ament_lint_auto/cmake)
-- Added test 'copyright' to check source files copyright and LICENSE
-- Added test 'cppcheck' to perform static code analysis on C / C++ code
-- Configured cppcheck include dirs: /home/aiv/YongJun_ws/ros2_ws/src/scout_ros2/scout_base/include
-- Configured cppcheck exclude dirs and/or files: 
-- Added test 'cpplint' to check C / C++ code against the Google style
-- Configured cpplint exclude dirs and/or files: 
-- Added test 'flake8' to check Python code syntax and style conventions
-- Added test 'lint_cmake' to check CMake code style
-- Added test 'pep257' to check Python code against some of the style conventions in PEP 257
-- Added test 'uncrustify' to check C / C++ code style
-- Configured uncrustify additional arguments: 
-- Added test 'xmllint' to check XML markup files
-- Configuring done
-- Generating done
-- Build files have been written to: /home/aiv/YongJun_ws/ros2_ws/build/scout_base
[ 33%] [32mBuilding CXX object CMakeFiles/scout_base_node.dir/src/scout_base_ros.cpp.o[0m
[ 66%] [32mBuilding CXX object CMakeFiles/scout_base_node.dir/src/scout_base_node.cpp.o[0m
[100%] [32m[1mLinking CXX executable scout_base_node[0m
[100%] Built target scout_base_node
-- Install configuration: ""
-- Execute custom install script
-- Symlinking: /home/aiv/YongJun_ws/ros2_ws/install/scout_base/lib/scout_base/scout_base_node
-- Symlinking: /home/aiv/YongJun_ws/ros2_ws/install/scout_base/share/scout_base//launch/scout_base.launch.py
-- Symlinking: /home/aiv/YongJun_ws/ros2_ws/install/scout_base/share/scout_base//launch/scout_mini_base.launch.py
-- Symlinking: /home/aiv/YongJun_ws/ros2_ws/install/scout_base/share/scout_base//launch/scout_mini_omni_base.launch.py
-- Symlinking: /home/aiv/YongJun_ws/ros2_ws/install/scout_base/share/ament_index/resource_index/package_run_dependencies/scout_base
-- Symlinking: /home/aiv/YongJun_ws/ros2_ws/install/scout_base/share/ament_index/resource_index/parent_prefix_path/scout_base
-- Symlinking: /home/aiv/YongJun_ws/ros2_ws/install/scout_base/share/scout_base/environment/ament_prefix_path.sh
-- Symlinking: /home/aiv/YongJun_ws/ros2_ws/install/scout_base/share/scout_base/environment/ament_prefix_path.dsv
-- Symlinking: /home/aiv/YongJun_ws/ros2_ws/install/scout_base/share/scout_base/environment/path.sh
-- Symlinking: /home/aiv/YongJun_ws/ros2_ws/install/scout_base/share/scout_base/environment/path.dsv
-- Symlinking: /home/aiv/YongJun_ws/ros2_ws/install/scout_base/share/scout_base/local_setup.bash
-- Symlinking: /home/aiv/YongJun_ws/ros2_ws/install/scout_base/share/scout_base/local_setup.sh
-- Symlinking: /home/aiv/YongJun_ws/ros2_ws/install/scout_base/share/scout_base/local_setup.zsh
-- Symlinking: /home/aiv/YongJun_ws/ros2_ws/install/scout_base/share/scout_base/local_setup.dsv
-- Symlinking: /home/aiv/YongJun_ws/ros2_ws/install/scout_base/share/scout_base/package.dsv
-- Symlinking: /home/aiv/YongJun_ws/ros2_ws/install/scout_base/share/ament_index/resource_index/packages/scout_base
-- Symlinking: /home/aiv/YongJun_ws/ros2_ws/install/scout_base/share/scout_base/cmake/scout_baseConfig.cmake
-- Symlinking: /home/aiv/YongJun_ws/ros2_ws/install/scout_base/share/scout_base/cmake/scout_baseConfig-version.cmake
-- Symlinking: /home/aiv/YongJun_ws/ros2_ws/install/scout_base/share/scout_base/package.xml
