[0.030s] Invoking command in '/home/aiv/YongJun_ws/ros2_ws/build/vision_msgs': CMAKE_PREFIX_PATH=${CMAKE_PREFIX_PATH}:/home/aiv/YongJun_ws/ros2_ws/install/yolov8_ros:/opt/ros/foxy /usr/bin/cmake --build /home/aiv/YongJun_ws/ros2_ws/build/vision_msgs -- -j32 -l32
[0.047s] /usr/bin/cmake -S/home/aiv/YongJun_ws/ros2_ws/src/vision_msgs -B/home/aiv/YongJun_ws/ros2_ws/build/vision_msgs --check-build-system CMakeFiles/Makefile.cmake 0
[0.047s] /usr/bin/cmake -E cmake_progress_start /home/aiv/YongJun_ws/ros2_ws/build/vision_msgs/CMakeFiles /home/aiv/YongJun_ws/ros2_ws/build/vision_msgs/CMakeFiles/progress.marks
[0.053s] /usr/bin/make -f CMakeFiles/Makefile2 all
[0.054s] make[1]: Entering directory '/home/aiv/YongJun_ws/ros2_ws/build/vision_msgs'
[0.054s] /usr/bin/make -f CMakeFiles/vision_msgs__cpp.dir/build.make CMakeFiles/vision_msgs__cpp.dir/depend
[0.055s] /usr/bin/make -f CMakeFiles/vision_msgs__rosidl_generator_c.dir/build.make CMakeFiles/vision_msgs__rosidl_generator_c.dir/depend
[0.056s] make[2]: Entering directory '/home/aiv/YongJun_ws/ros2_ws/build/vision_msgs'
[0.056s] cd /home/aiv/YongJun_ws/ros2_ws/build/vision_msgs && /usr/bin/cmake -E cmake_depends "Unix Makefiles" /home/aiv/YongJun_ws/ros2_ws/src/vision_msgs /home/aiv/YongJun_ws/ros2_ws/src/vision_msgs /home/aiv/YongJun_ws/ros2_ws/build/vision_msgs /home/aiv/YongJun_ws/ros2_ws/build/vision_msgs /home/aiv/YongJun_ws/ros2_ws/build/vision_msgs/CMakeFiles/vision_msgs__cpp.dir/DependInfo.cmake --color=
[0.059s] make[2]: Entering directory '/home/aiv/YongJun_ws/ros2_ws/build/vision_msgs'
[0.060s] cd /home/aiv/YongJun_ws/ros2_ws/build/vision_msgs && /usr/bin/cmake -E cmake_depends "Unix Makefiles" /home/aiv/YongJun_ws/ros2_ws/src/vision_msgs /home/aiv/YongJun_ws/ros2_ws/src/vision_msgs /home/aiv/YongJun_ws/ros2_ws/build/vision_msgs /home/aiv/YongJun_ws/ros2_ws/build/vision_msgs /home/aiv/YongJun_ws/ros2_ws/build/vision_msgs/CMakeFiles/vision_msgs__rosidl_generator_c.dir/DependInfo.cmake --color=
[0.063s] make[2]: Leaving directory '/home/aiv/YongJun_ws/ros2_ws/build/vision_msgs'
[0.064s] /usr/bin/make -f CMakeFiles/vision_msgs__cpp.dir/build.make CMakeFiles/vision_msgs__cpp.dir/build
[0.065s] make[2]: Leaving directory '/home/aiv/YongJun_ws/ros2_ws/build/vision_msgs'
[0.066s] /usr/bin/make -f CMakeFiles/vision_msgs__rosidl_generator_c.dir/build.make CMakeFiles/vision_msgs__rosidl_generator_c.dir/build
[0.066s] make[2]: Entering directory '/home/aiv/YongJun_ws/ros2_ws/build/vision_msgs'
[0.066s] make[2]: Nothing to be done for 'CMakeFiles/vision_msgs__cpp.dir/build'.
[0.066s] make[2]: Leaving directory '/home/aiv/YongJun_ws/ros2_ws/build/vision_msgs'
[0.071s] make[2]: Entering directory '/home/aiv/YongJun_ws/ros2_ws/build/vision_msgs'
[0.071s] make[2]: Nothing to be done for 'CMakeFiles/vision_msgs__rosidl_generator_c.dir/build'.
[0.071s] make[2]: Leaving directory '/home/aiv/YongJun_ws/ros2_ws/build/vision_msgs'
[0.076s] [  1%] Built target vision_msgs__cpp
[0.078s] /usr/bin/make -f CMakeFiles/vision_msgs__rosidl_typesupport_cpp.dir/build.make CMakeFiles/vision_msgs__rosidl_typesupport_cpp.dir/depend
[0.078s] /usr/bin/make -f CMakeFiles/vision_msgs__rosidl_typesupport_fastrtps_cpp.dir/build.make CMakeFiles/vision_msgs__rosidl_typesupport_fastrtps_cpp.dir/depend
[0.078s] /usr/bin/make -f CMakeFiles/vision_msgs__rosidl_typesupport_introspection_cpp.dir/build.make CMakeFiles/vision_msgs__rosidl_typesupport_introspection_cpp.dir/depend
[0.079s] [ 12%] Built target vision_msgs__rosidl_generator_c
[0.080s] /usr/bin/make -f CMakeFiles/vision_msgs__rosidl_typesupport_introspection_c.dir/build.make CMakeFiles/vision_msgs__rosidl_typesupport_introspection_c.dir/depend
[0.080s] /usr/bin/make -f CMakeFiles/vision_msgs__rosidl_typesupport_c.dir/build.make CMakeFiles/vision_msgs__rosidl_typesupport_c.dir/depend
[0.080s] make[2]: Entering directory '/home/aiv/YongJun_ws/ros2_ws/build/vision_msgs'
[0.081s] cd /home/aiv/YongJun_ws/ros2_ws/build/vision_msgs && /usr/bin/cmake -E cmake_depends "Unix Makefiles" /home/aiv/YongJun_ws/ros2_ws/src/vision_msgs /home/aiv/YongJun_ws/ros2_ws/src/vision_msgs /home/aiv/YongJun_ws/ros2_ws/build/vision_msgs /home/aiv/YongJun_ws/ros2_ws/build/vision_msgs /home/aiv/YongJun_ws/ros2_ws/build/vision_msgs/CMakeFiles/vision_msgs__rosidl_typesupport_fastrtps_cpp.dir/DependInfo.cmake --color=
[0.081s] make[2]: Entering directory '/home/aiv/YongJun_ws/ros2_ws/build/vision_msgs'
[0.081s] cd /home/aiv/YongJun_ws/ros2_ws/build/vision_msgs && /usr/bin/cmake -E cmake_depends "Unix Makefiles" /home/aiv/YongJun_ws/ros2_ws/src/vision_msgs /home/aiv/YongJun_ws/ros2_ws/src/vision_msgs /home/aiv/YongJun_ws/ros2_ws/build/vision_msgs /home/aiv/YongJun_ws/ros2_ws/build/vision_msgs /home/aiv/YongJun_ws/ros2_ws/build/vision_msgs/CMakeFiles/vision_msgs__rosidl_typesupport_cpp.dir/DependInfo.cmake --color=
[0.081s] make[2]: Entering directory '/home/aiv/YongJun_ws/ros2_ws/build/vision_msgs'
[0.081s] cd /home/aiv/YongJun_ws/ros2_ws/build/vision_msgs && /usr/bin/cmake -E cmake_depends "Unix Makefiles" /home/aiv/YongJun_ws/ros2_ws/src/vision_msgs /home/aiv/YongJun_ws/ros2_ws/src/vision_msgs /home/aiv/YongJun_ws/ros2_ws/build/vision_msgs /home/aiv/YongJun_ws/ros2_ws/build/vision_msgs /home/aiv/YongJun_ws/ros2_ws/build/vision_msgs/CMakeFiles/vision_msgs__rosidl_typesupport_introspection_cpp.dir/DependInfo.cmake --color=
[0.083s] make[2]: Entering directory '/home/aiv/YongJun_ws/ros2_ws/build/vision_msgs'
[0.083s] cd /home/aiv/YongJun_ws/ros2_ws/build/vision_msgs && /usr/bin/cmake -E cmake_depends "Unix Makefiles" /home/aiv/YongJun_ws/ros2_ws/src/vision_msgs /home/aiv/YongJun_ws/ros2_ws/src/vision_msgs /home/aiv/YongJun_ws/ros2_ws/build/vision_msgs /home/aiv/YongJun_ws/ros2_ws/build/vision_msgs /home/aiv/YongJun_ws/ros2_ws/build/vision_msgs/CMakeFiles/vision_msgs__rosidl_typesupport_c.dir/DependInfo.cmake --color=
[0.084s] make[2]: Entering directory '/home/aiv/YongJun_ws/ros2_ws/build/vision_msgs'
[0.084s] cd /home/aiv/YongJun_ws/ros2_ws/build/vision_msgs && /usr/bin/cmake -E cmake_depends "Unix Makefiles" /home/aiv/YongJun_ws/ros2_ws/src/vision_msgs /home/aiv/YongJun_ws/ros2_ws/src/vision_msgs /home/aiv/YongJun_ws/ros2_ws/build/vision_msgs /home/aiv/YongJun_ws/ros2_ws/build/vision_msgs /home/aiv/YongJun_ws/ros2_ws/build/vision_msgs/CMakeFiles/vision_msgs__rosidl_typesupport_introspection_c.dir/DependInfo.cmake --color=
[0.089s] make[2]: Leaving directory '/home/aiv/YongJun_ws/ros2_ws/build/vision_msgs'
[0.090s] /usr/bin/make -f CMakeFiles/vision_msgs__rosidl_typesupport_fastrtps_cpp.dir/build.make CMakeFiles/vision_msgs__rosidl_typesupport_fastrtps_cpp.dir/build
[0.090s] make[2]: Leaving directory '/home/aiv/YongJun_ws/ros2_ws/build/vision_msgs'
[0.091s] /usr/bin/make -f CMakeFiles/vision_msgs__rosidl_typesupport_introspection_cpp.dir/build.make CMakeFiles/vision_msgs__rosidl_typesupport_introspection_cpp.dir/build
[0.094s] make[2]: Leaving directory '/home/aiv/YongJun_ws/ros2_ws/build/vision_msgs'
[0.094s] /usr/bin/make -f CMakeFiles/vision_msgs__rosidl_typesupport_cpp.dir/build.make CMakeFiles/vision_msgs__rosidl_typesupport_cpp.dir/build
[0.096s] make[2]: Leaving directory '/home/aiv/YongJun_ws/ros2_ws/build/vision_msgs'
[0.096s] /usr/bin/make -f CMakeFiles/vision_msgs__rosidl_typesupport_c.dir/build.make CMakeFiles/vision_msgs__rosidl_typesupport_c.dir/build
[0.096s] make[2]: Entering directory '/home/aiv/YongJun_ws/ros2_ws/build/vision_msgs'
[0.097s] make[2]: Nothing to be done for 'CMakeFiles/vision_msgs__rosidl_typesupport_introspection_cpp.dir/build'.
[0.097s] make[2]: Leaving directory '/home/aiv/YongJun_ws/ros2_ws/build/vision_msgs'
[0.097s] make[2]: Leaving directory '/home/aiv/YongJun_ws/ros2_ws/build/vision_msgs'
[0.097s] /usr/bin/make -f CMakeFiles/vision_msgs__rosidl_typesupport_introspection_c.dir/build.make CMakeFiles/vision_msgs__rosidl_typesupport_introspection_c.dir/build
[0.100s] make[2]: Entering directory '/home/aiv/YongJun_ws/ros2_ws/build/vision_msgs'
[0.100s] make[2]: Nothing to be done for 'CMakeFiles/vision_msgs__rosidl_typesupport_cpp.dir/build'.
[0.100s] make[2]: Leaving directory '/home/aiv/YongJun_ws/ros2_ws/build/vision_msgs'
[0.100s] make[2]: Entering directory '/home/aiv/YongJun_ws/ros2_ws/build/vision_msgs'
[0.100s] make[2]: Nothing to be done for 'CMakeFiles/vision_msgs__rosidl_typesupport_c.dir/build'.
[0.100s] make[2]: Leaving directory '/home/aiv/YongJun_ws/ros2_ws/build/vision_msgs'
[0.101s] make[2]: Entering directory '/home/aiv/YongJun_ws/ros2_ws/build/vision_msgs'
[0.101s] make[2]: Nothing to be done for 'CMakeFiles/vision_msgs__rosidl_typesupport_fastrtps_cpp.dir/build'.
[0.101s] make[2]: Leaving directory '/home/aiv/YongJun_ws/ros2_ws/build/vision_msgs'
[0.107s] make[2]: Entering directory '/home/aiv/YongJun_ws/ros2_ws/build/vision_msgs'
[0.108s] make[2]: Nothing to be done for 'CMakeFiles/vision_msgs__rosidl_typesupport_introspection_c.dir/build'.
[0.108s] make[2]: Leaving directory '/home/aiv/YongJun_ws/ros2_ws/build/vision_msgs'
[0.108s] [ 23%] Built target vision_msgs__rosidl_typesupport_introspection_cpp
[0.109s] [ 34%] Built target vision_msgs__rosidl_typesupport_c
[0.109s] [ 46%] Built target vision_msgs__rosidl_typesupport_fastrtps_cpp
[0.109s] /usr/bin/make -f CMakeFiles/vision_msgs__rosidl_typesupport_fastrtps_c.dir/build.make CMakeFiles/vision_msgs__rosidl_typesupport_fastrtps_c.dir/depend
[0.112s] [ 57%] Built target vision_msgs__rosidl_typesupport_cpp
[0.113s] [ 68%] Built target vision_msgs__rosidl_typesupport_introspection_c
[0.114s] make[2]: Entering directory '/home/aiv/YongJun_ws/ros2_ws/build/vision_msgs'
[0.114s] cd /home/aiv/YongJun_ws/ros2_ws/build/vision_msgs && /usr/bin/cmake -E cmake_depends "Unix Makefiles" /home/aiv/YongJun_ws/ros2_ws/src/vision_msgs /home/aiv/YongJun_ws/ros2_ws/src/vision_msgs /home/aiv/YongJun_ws/ros2_ws/build/vision_msgs /home/aiv/YongJun_ws/ros2_ws/build/vision_msgs /home/aiv/YongJun_ws/ros2_ws/build/vision_msgs/CMakeFiles/vision_msgs__rosidl_typesupport_fastrtps_c.dir/DependInfo.cmake --color=
[0.125s] make[2]: Leaving directory '/home/aiv/YongJun_ws/ros2_ws/build/vision_msgs'
[0.126s] /usr/bin/make -f CMakeFiles/vision_msgs__rosidl_typesupport_fastrtps_c.dir/build.make CMakeFiles/vision_msgs__rosidl_typesupport_fastrtps_c.dir/build
[0.128s] make[2]: Entering directory '/home/aiv/YongJun_ws/ros2_ws/build/vision_msgs'
[0.128s] make[2]: Nothing to be done for 'CMakeFiles/vision_msgs__rosidl_typesupport_fastrtps_c.dir/build'.
[0.128s] make[2]: Leaving directory '/home/aiv/YongJun_ws/ros2_ws/build/vision_msgs'
[0.136s] [ 79%] Built target vision_msgs__rosidl_typesupport_fastrtps_c
[0.136s] /usr/bin/make -f CMakeFiles/vision_msgs.dir/build.make CMakeFiles/vision_msgs.dir/depend
[0.137s] make[2]: Entering directory '/home/aiv/YongJun_ws/ros2_ws/build/vision_msgs'
[0.137s] cd /home/aiv/YongJun_ws/ros2_ws/build/vision_msgs && /usr/bin/cmake -E cmake_depends "Unix Makefiles" /home/aiv/YongJun_ws/ros2_ws/src/vision_msgs /home/aiv/YongJun_ws/ros2_ws/src/vision_msgs /home/aiv/YongJun_ws/ros2_ws/build/vision_msgs /home/aiv/YongJun_ws/ros2_ws/build/vision_msgs /home/aiv/YongJun_ws/ros2_ws/build/vision_msgs/CMakeFiles/vision_msgs.dir/DependInfo.cmake --color=
[0.143s] make[2]: Leaving directory '/home/aiv/YongJun_ws/ros2_ws/build/vision_msgs'
[0.143s] /usr/bin/make -f CMakeFiles/vision_msgs.dir/build.make CMakeFiles/vision_msgs.dir/build
[0.145s] make[2]: Entering directory '/home/aiv/YongJun_ws/ros2_ws/build/vision_msgs'
[0.145s] make[2]: Nothing to be done for 'CMakeFiles/vision_msgs.dir/build'.
[0.145s] make[2]: Leaving directory '/home/aiv/YongJun_ws/ros2_ws/build/vision_msgs'
[0.152s] [ 79%] Built target vision_msgs
[0.152s] /usr/bin/make -f vision_msgs__py/CMakeFiles/vision_msgs__py.dir/build.make vision_msgs__py/CMakeFiles/vision_msgs__py.dir/depend
[0.153s] make[2]: Entering directory '/home/aiv/YongJun_ws/ros2_ws/build/vision_msgs'
[0.153s] cd /home/aiv/YongJun_ws/ros2_ws/build/vision_msgs && /usr/bin/cmake -E cmake_depends "Unix Makefiles" /home/aiv/YongJun_ws/ros2_ws/src/vision_msgs /home/aiv/YongJun_ws/ros2_ws/build/vision_msgs/vision_msgs__py /home/aiv/YongJun_ws/ros2_ws/build/vision_msgs /home/aiv/YongJun_ws/ros2_ws/build/vision_msgs/vision_msgs__py /home/aiv/YongJun_ws/ros2_ws/build/vision_msgs/vision_msgs__py/CMakeFiles/vision_msgs__py.dir/DependInfo.cmake --color=
[0.171s] make[2]: Leaving directory '/home/aiv/YongJun_ws/ros2_ws/build/vision_msgs'
[0.171s] /usr/bin/make -f vision_msgs__py/CMakeFiles/vision_msgs__py.dir/build.make vision_msgs__py/CMakeFiles/vision_msgs__py.dir/build
[0.172s] make[2]: Entering directory '/home/aiv/YongJun_ws/ros2_ws/build/vision_msgs'
[0.173s] make[2]: Nothing to be done for 'vision_msgs__py/CMakeFiles/vision_msgs__py.dir/build'.
[0.173s] make[2]: Leaving directory '/home/aiv/YongJun_ws/ros2_ws/build/vision_msgs'
[0.178s] [ 80%] Built target vision_msgs__py
[0.178s] /usr/bin/make -f CMakeFiles/vision_msgs__python.dir/build.make CMakeFiles/vision_msgs__python.dir/depend
[0.179s] make[2]: Entering directory '/home/aiv/YongJun_ws/ros2_ws/build/vision_msgs'
[0.179s] cd /home/aiv/YongJun_ws/ros2_ws/build/vision_msgs && /usr/bin/cmake -E cmake_depends "Unix Makefiles" /home/aiv/YongJun_ws/ros2_ws/src/vision_msgs /home/aiv/YongJun_ws/ros2_ws/src/vision_msgs /home/aiv/YongJun_ws/ros2_ws/build/vision_msgs /home/aiv/YongJun_ws/ros2_ws/build/vision_msgs /home/aiv/YongJun_ws/ros2_ws/build/vision_msgs/CMakeFiles/vision_msgs__python.dir/DependInfo.cmake --color=
[0.180s] make[2]: Leaving directory '/home/aiv/YongJun_ws/ros2_ws/build/vision_msgs'
[0.180s] /usr/bin/make -f CMakeFiles/vision_msgs__python.dir/build.make CMakeFiles/vision_msgs__python.dir/build
[0.188s] make[2]: Entering directory '/home/aiv/YongJun_ws/ros2_ws/build/vision_msgs'
[0.189s] make[2]: Nothing to be done for 'CMakeFiles/vision_msgs__python.dir/build'.
[0.189s] make[2]: Leaving directory '/home/aiv/YongJun_ws/ros2_ws/build/vision_msgs'
[0.194s] [ 90%] Built target vision_msgs__python
[0.196s] /usr/bin/make -f CMakeFiles/vision_msgs__rosidl_typesupport_c__pyext.dir/build.make CMakeFiles/vision_msgs__rosidl_typesupport_c__pyext.dir/depend
[0.196s] /usr/bin/make -f CMakeFiles/vision_msgs__rosidl_typesupport_fastrtps_c__pyext.dir/build.make CMakeFiles/vision_msgs__rosidl_typesupport_fastrtps_c__pyext.dir/depend
[0.196s] /usr/bin/make -f CMakeFiles/vision_msgs__rosidl_typesupport_introspection_c__pyext.dir/build.make CMakeFiles/vision_msgs__rosidl_typesupport_introspection_c__pyext.dir/depend
[0.196s] make[2]: Entering directory '/home/aiv/YongJun_ws/ros2_ws/build/vision_msgs'
[0.196s] cd /home/aiv/YongJun_ws/ros2_ws/build/vision_msgs && /usr/bin/cmake -E cmake_depends "Unix Makefiles" /home/aiv/YongJun_ws/ros2_ws/src/vision_msgs /home/aiv/YongJun_ws/ros2_ws/src/vision_msgs /home/aiv/YongJun_ws/ros2_ws/build/vision_msgs /home/aiv/YongJun_ws/ros2_ws/build/vision_msgs /home/aiv/YongJun_ws/ros2_ws/build/vision_msgs/CMakeFiles/vision_msgs__rosidl_typesupport_c__pyext.dir/DependInfo.cmake --color=
[0.196s] make[2]: Entering directory '/home/aiv/YongJun_ws/ros2_ws/build/vision_msgs'
[0.196s] cd /home/aiv/YongJun_ws/ros2_ws/build/vision_msgs && /usr/bin/cmake -E cmake_depends "Unix Makefiles" /home/aiv/YongJun_ws/ros2_ws/src/vision_msgs /home/aiv/YongJun_ws/ros2_ws/src/vision_msgs /home/aiv/YongJun_ws/ros2_ws/build/vision_msgs /home/aiv/YongJun_ws/ros2_ws/build/vision_msgs /home/aiv/YongJun_ws/ros2_ws/build/vision_msgs/CMakeFiles/vision_msgs__rosidl_typesupport_fastrtps_c__pyext.dir/DependInfo.cmake --color=
[0.197s] make[2]: Entering directory '/home/aiv/YongJun_ws/ros2_ws/build/vision_msgs'
[0.197s] cd /home/aiv/YongJun_ws/ros2_ws/build/vision_msgs && /usr/bin/cmake -E cmake_depends "Unix Makefiles" /home/aiv/YongJun_ws/ros2_ws/src/vision_msgs /home/aiv/YongJun_ws/ros2_ws/src/vision_msgs /home/aiv/YongJun_ws/ros2_ws/build/vision_msgs /home/aiv/YongJun_ws/ros2_ws/build/vision_msgs /home/aiv/YongJun_ws/ros2_ws/build/vision_msgs/CMakeFiles/vision_msgs__rosidl_typesupport_introspection_c__pyext.dir/DependInfo.cmake --color=
[0.205s] make[2]: Leaving directory '/home/aiv/YongJun_ws/ros2_ws/build/vision_msgs'
[0.205s] make[2]: Leaving directory '/home/aiv/YongJun_ws/ros2_ws/build/vision_msgs'
[0.205s] /usr/bin/make -f CMakeFiles/vision_msgs__rosidl_typesupport_fastrtps_c__pyext.dir/build.make CMakeFiles/vision_msgs__rosidl_typesupport_fastrtps_c__pyext.dir/build
[0.206s] /usr/bin/make -f CMakeFiles/vision_msgs__rosidl_typesupport_c__pyext.dir/build.make CMakeFiles/vision_msgs__rosidl_typesupport_c__pyext.dir/build
[0.206s] make[2]: Leaving directory '/home/aiv/YongJun_ws/ros2_ws/build/vision_msgs'
[0.206s] /usr/bin/make -f CMakeFiles/vision_msgs__rosidl_typesupport_introspection_c__pyext.dir/build.make CMakeFiles/vision_msgs__rosidl_typesupport_introspection_c__pyext.dir/build
[0.209s] make[2]: Entering directory '/home/aiv/YongJun_ws/ros2_ws/build/vision_msgs'
[0.209s] make[2]: Nothing to be done for 'CMakeFiles/vision_msgs__rosidl_typesupport_c__pyext.dir/build'.
[0.209s] make[2]: Leaving directory '/home/aiv/YongJun_ws/ros2_ws/build/vision_msgs'
[0.209s] make[2]: Entering directory '/home/aiv/YongJun_ws/ros2_ws/build/vision_msgs'
[0.209s] make[2]: Nothing to be done for 'CMakeFiles/vision_msgs__rosidl_typesupport_introspection_c__pyext.dir/build'.
[0.210s] make[2]: Leaving directory '/home/aiv/YongJun_ws/ros2_ws/build/vision_msgs'
[0.210s] make[2]: Entering directory '/home/aiv/YongJun_ws/ros2_ws/build/vision_msgs'
[0.210s] make[2]: Nothing to be done for 'CMakeFiles/vision_msgs__rosidl_typesupport_fastrtps_c__pyext.dir/build'.
[0.211s] make[2]: Leaving directory '/home/aiv/YongJun_ws/ros2_ws/build/vision_msgs'
[0.216s] [ 93%] Built target vision_msgs__rosidl_typesupport_c__pyext
[0.216s] [ 96%] Built target vision_msgs__rosidl_typesupport_introspection_c__pyext
[0.218s] [100%] Built target vision_msgs__rosidl_typesupport_fastrtps_c__pyext
[0.220s] make[1]: Leaving directory '/home/aiv/YongJun_ws/ros2_ws/build/vision_msgs'
[0.224s] /usr/bin/cmake -E cmake_progress_start /home/aiv/YongJun_ws/ros2_ws/build/vision_msgs/CMakeFiles 0
[0.261s] Invoked command in '/home/aiv/YongJun_ws/ros2_ws/build/vision_msgs' returned '0': CMAKE_PREFIX_PATH=${CMAKE_PREFIX_PATH}:/home/aiv/YongJun_ws/ros2_ws/install/yolov8_ros:/opt/ros/foxy /usr/bin/cmake --build /home/aiv/YongJun_ws/ros2_ws/build/vision_msgs -- -j32 -l32
[0.335s] Invoking command in '/home/aiv/YongJun_ws/ros2_ws/build/vision_msgs': CMAKE_PREFIX_PATH=${CMAKE_PREFIX_PATH}:/home/aiv/YongJun_ws/ros2_ws/install/yolov8_ros:/opt/ros/foxy /usr/bin/cmake --install /home/aiv/YongJun_ws/ros2_ws/build/vision_msgs
[0.342s] -- Install configuration: "Release"
[0.344s] -- Execute custom install script
[0.344s] -- Up-to-date symlink: /home/aiv/YongJun_ws/ros2_ws/install/vision_msgs/share/ament_index/resource_index/rosidl_interfaces/vision_msgs
[0.344s] -- Up-to-date symlink: /home/aiv/YongJun_ws/ros2_ws/install/vision_msgs/include/vision_msgs/msg/bounding_box3_d.h
[0.344s] -- Up-to-date symlink: /home/aiv/YongJun_ws/ros2_ws/install/vision_msgs/include/vision_msgs/msg/detail/bounding_box3_d__functions.h
[0.344s] -- Up-to-date symlink: /home/aiv/YongJun_ws/ros2_ws/install/vision_msgs/include/vision_msgs/msg/detail/bounding_box3_d__struct.h
[0.344s] -- Up-to-date symlink: /home/aiv/YongJun_ws/ros2_ws/install/vision_msgs/include/vision_msgs/msg/detail/bounding_box3_d__type_support.h
[0.345s] -- Up-to-date symlink: /home/aiv/YongJun_ws/ros2_ws/install/vision_msgs/include/vision_msgs/msg/detail/detection3_d__functions.h
[0.345s] -- Up-to-date symlink: /home/aiv/YongJun_ws/ros2_ws/install/vision_msgs/include/vision_msgs/msg/detail/detection3_d__struct.h
[0.345s] -- Up-to-date symlink: /home/aiv/YongJun_ws/ros2_ws/install/vision_msgs/include/vision_msgs/msg/detail/detection3_d__type_support.h
[0.345s] -- Up-to-date symlink: /home/aiv/YongJun_ws/ros2_ws/install/vision_msgs/include/vision_msgs/msg/detail/detection3_d_array__functions.h
[0.345s] -- Up-to-date symlink: /home/aiv/YongJun_ws/ros2_ws/install/vision_msgs/include/vision_msgs/msg/detail/detection3_d_array__struct.h
[0.345s] -- Up-to-date symlink: /home/aiv/YongJun_ws/ros2_ws/install/vision_msgs/include/vision_msgs/msg/detail/detection3_d_array__type_support.h
[0.345s] -- Up-to-date symlink: /home/aiv/YongJun_ws/ros2_ws/install/vision_msgs/include/vision_msgs/msg/detail/object_hypothesis__functions.h
[0.346s] -- Up-to-date symlink: /home/aiv/YongJun_ws/ros2_ws/install/vision_msgs/include/vision_msgs/msg/detail/object_hypothesis__struct.h
[0.346s] -- Up-to-date symlink: /home/aiv/YongJun_ws/ros2_ws/install/vision_msgs/include/vision_msgs/msg/detail/object_hypothesis__type_support.h
[0.346s] -- Up-to-date symlink: /home/aiv/YongJun_ws/ros2_ws/install/vision_msgs/include/vision_msgs/msg/detail/object_hypothesis_with_pose__functions.h
[0.346s] -- Up-to-date symlink: /home/aiv/YongJun_ws/ros2_ws/install/vision_msgs/include/vision_msgs/msg/detail/object_hypothesis_with_pose__struct.h
[0.346s] -- Up-to-date symlink: /home/aiv/YongJun_ws/ros2_ws/install/vision_msgs/include/vision_msgs/msg/detail/object_hypothesis_with_pose__type_support.h
[0.346s] -- Up-to-date symlink: /home/aiv/YongJun_ws/ros2_ws/install/vision_msgs/include/vision_msgs/msg/detection3_d.h
[0.346s] -- Up-to-date symlink: /home/aiv/YongJun_ws/ros2_ws/install/vision_msgs/include/vision_msgs/msg/detection3_d_array.h
[0.347s] -- Up-to-date symlink: /home/aiv/YongJun_ws/ros2_ws/install/vision_msgs/include/vision_msgs/msg/object_hypothesis.h
[0.347s] -- Up-to-date symlink: /home/aiv/YongJun_ws/ros2_ws/install/vision_msgs/include/vision_msgs/msg/object_hypothesis_with_pose.h
[0.347s] -- Up-to-date symlink: /home/aiv/YongJun_ws/ros2_ws/install/vision_msgs/include/vision_msgs/msg/rosidl_generator_c__visibility_control.h
[0.347s] -- Up-to-date symlink: /home/aiv/YongJun_ws/ros2_ws/install/vision_msgs/share/vision_msgs/environment/library_path.sh
[0.347s] -- Up-to-date symlink: /home/aiv/YongJun_ws/ros2_ws/install/vision_msgs/share/vision_msgs/environment/library_path.dsv
[0.347s] -- Up-to-date symlink: /home/aiv/YongJun_ws/ros2_ws/install/vision_msgs/include/vision_msgs/msg/detail/bounding_box3_d__rosidl_typesupport_fastrtps_c.h
[0.347s] -- Up-to-date symlink: /home/aiv/YongJun_ws/ros2_ws/install/vision_msgs/include/vision_msgs/msg/detail/detection3_d__rosidl_typesupport_fastrtps_c.h
[0.347s] -- Up-to-date symlink: /home/aiv/YongJun_ws/ros2_ws/install/vision_msgs/include/vision_msgs/msg/detail/detection3_d_array__rosidl_typesupport_fastrtps_c.h
[0.348s] -- Up-to-date symlink: /home/aiv/YongJun_ws/ros2_ws/install/vision_msgs/include/vision_msgs/msg/detail/object_hypothesis__rosidl_typesupport_fastrtps_c.h
[0.348s] -- Up-to-date symlink: /home/aiv/YongJun_ws/ros2_ws/install/vision_msgs/include/vision_msgs/msg/detail/object_hypothesis_with_pose__rosidl_typesupport_fastrtps_c.h
[0.348s] -- Up-to-date symlink: /home/aiv/YongJun_ws/ros2_ws/install/vision_msgs/include/vision_msgs/msg/rosidl_typesupport_fastrtps_c__visibility_control.h
[0.348s] -- Up-to-date symlink: /home/aiv/YongJun_ws/ros2_ws/install/vision_msgs/lib/libvision_msgs__rosidl_typesupport_fastrtps_c.so
[0.348s] -- Up-to-date symlink: /home/aiv/YongJun_ws/ros2_ws/install/vision_msgs/include/vision_msgs/msg/detail/bounding_box3_d__rosidl_typesupport_fastrtps_cpp.hpp
[0.348s] -- Up-to-date symlink: /home/aiv/YongJun_ws/ros2_ws/install/vision_msgs/include/vision_msgs/msg/detail/detection3_d__rosidl_typesupport_fastrtps_cpp.hpp
[0.349s] -- Up-to-date symlink: /home/aiv/YongJun_ws/ros2_ws/install/vision_msgs/include/vision_msgs/msg/detail/detection3_d_array__rosidl_typesupport_fastrtps_cpp.hpp
[0.349s] -- Up-to-date symlink: /home/aiv/YongJun_ws/ros2_ws/install/vision_msgs/include/vision_msgs/msg/detail/object_hypothesis__rosidl_typesupport_fastrtps_cpp.hpp
[0.349s] -- Up-to-date symlink: /home/aiv/YongJun_ws/ros2_ws/install/vision_msgs/include/vision_msgs/msg/detail/object_hypothesis_with_pose__rosidl_typesupport_fastrtps_cpp.hpp
[0.350s] -- Up-to-date symlink: /home/aiv/YongJun_ws/ros2_ws/install/vision_msgs/include/vision_msgs/msg/rosidl_typesupport_fastrtps_cpp__visibility_control.h
[0.350s] -- Up-to-date symlink: /home/aiv/YongJun_ws/ros2_ws/install/vision_msgs/lib/libvision_msgs__rosidl_typesupport_fastrtps_cpp.so
[0.350s] -- Up-to-date symlink: /home/aiv/YongJun_ws/ros2_ws/install/vision_msgs/include/vision_msgs/msg/detail/bounding_box3_d__rosidl_typesupport_introspection_c.h
[0.350s] -- Up-to-date symlink: /home/aiv/YongJun_ws/ros2_ws/install/vision_msgs/include/vision_msgs/msg/detail/detection3_d__rosidl_typesupport_introspection_c.h
[0.350s] -- Up-to-date symlink: /home/aiv/YongJun_ws/ros2_ws/install/vision_msgs/include/vision_msgs/msg/detail/detection3_d_array__rosidl_typesupport_introspection_c.h
[0.351s] -- Up-to-date symlink: /home/aiv/YongJun_ws/ros2_ws/install/vision_msgs/include/vision_msgs/msg/detail/object_hypothesis__rosidl_typesupport_introspection_c.h
[0.351s] -- Up-to-date symlink: /home/aiv/YongJun_ws/ros2_ws/install/vision_msgs/include/vision_msgs/msg/detail/object_hypothesis_with_pose__rosidl_typesupport_introspection_c.h
[0.351s] -- Up-to-date symlink: /home/aiv/YongJun_ws/ros2_ws/install/vision_msgs/include/vision_msgs/msg/rosidl_typesupport_introspection_c__visibility_control.h
[0.351s] -- Up-to-date symlink: /home/aiv/YongJun_ws/ros2_ws/install/vision_msgs/include/vision_msgs/msg/bounding_box3_d.hpp
[0.351s] -- Up-to-date symlink: /home/aiv/YongJun_ws/ros2_ws/install/vision_msgs/include/vision_msgs/msg/detail/bounding_box3_d__builder.hpp
[0.351s] -- Up-to-date symlink: /home/aiv/YongJun_ws/ros2_ws/install/vision_msgs/include/vision_msgs/msg/detail/bounding_box3_d__struct.hpp
[0.351s] -- Up-to-date symlink: /home/aiv/YongJun_ws/ros2_ws/install/vision_msgs/include/vision_msgs/msg/detail/bounding_box3_d__traits.hpp
[0.351s] -- Up-to-date symlink: /home/aiv/YongJun_ws/ros2_ws/install/vision_msgs/include/vision_msgs/msg/detail/bounding_box3_d__type_support.hpp
[0.352s] -- Up-to-date symlink: /home/aiv/YongJun_ws/ros2_ws/install/vision_msgs/include/vision_msgs/msg/detail/detection3_d__builder.hpp
[0.352s] -- Up-to-date symlink: /home/aiv/YongJun_ws/ros2_ws/install/vision_msgs/include/vision_msgs/msg/detail/detection3_d__struct.hpp
[0.352s] -- Up-to-date symlink: /home/aiv/YongJun_ws/ros2_ws/install/vision_msgs/include/vision_msgs/msg/detail/detection3_d__traits.hpp
[0.352s] -- Up-to-date symlink: /home/aiv/YongJun_ws/ros2_ws/install/vision_msgs/include/vision_msgs/msg/detail/detection3_d__type_support.hpp
[0.352s] -- Up-to-date symlink: /home/aiv/YongJun_ws/ros2_ws/install/vision_msgs/include/vision_msgs/msg/detail/detection3_d_array__builder.hpp
[0.353s] -- Up-to-date symlink: /home/aiv/YongJun_ws/ros2_ws/install/vision_msgs/include/vision_msgs/msg/detail/detection3_d_array__struct.hpp
[0.353s] -- Up-to-date symlink: /home/aiv/YongJun_ws/ros2_ws/install/vision_msgs/include/vision_msgs/msg/detail/detection3_d_array__traits.hpp
[0.353s] -- Up-to-date symlink: /home/aiv/YongJun_ws/ros2_ws/install/vision_msgs/include/vision_msgs/msg/detail/detection3_d_array__type_support.hpp
[0.353s] -- Up-to-date symlink: /home/aiv/YongJun_ws/ros2_ws/install/vision_msgs/include/vision_msgs/msg/detail/object_hypothesis__builder.hpp
[0.353s] -- Up-to-date symlink: /home/aiv/YongJun_ws/ros2_ws/install/vision_msgs/include/vision_msgs/msg/detail/object_hypothesis__struct.hpp
[0.354s] -- Up-to-date symlink: /home/aiv/YongJun_ws/ros2_ws/install/vision_msgs/include/vision_msgs/msg/detail/object_hypothesis__traits.hpp
[0.354s] -- Up-to-date symlink: /home/aiv/YongJun_ws/ros2_ws/install/vision_msgs/include/vision_msgs/msg/detail/object_hypothesis__type_support.hpp
[0.354s] -- Up-to-date symlink: /home/aiv/YongJun_ws/ros2_ws/install/vision_msgs/include/vision_msgs/msg/detail/object_hypothesis_with_pose__builder.hpp
[0.354s] -- Up-to-date symlink: /home/aiv/YongJun_ws/ros2_ws/install/vision_msgs/include/vision_msgs/msg/detail/object_hypothesis_with_pose__struct.hpp
[0.354s] -- Up-to-date symlink: /home/aiv/YongJun_ws/ros2_ws/install/vision_msgs/include/vision_msgs/msg/detail/object_hypothesis_with_pose__traits.hpp
[0.355s] -- Up-to-date symlink: /home/aiv/YongJun_ws/ros2_ws/install/vision_msgs/include/vision_msgs/msg/detail/object_hypothesis_with_pose__type_support.hpp
[0.355s] -- Up-to-date symlink: /home/aiv/YongJun_ws/ros2_ws/install/vision_msgs/include/vision_msgs/msg/detection3_d.hpp
[0.355s] -- Up-to-date symlink: /home/aiv/YongJun_ws/ros2_ws/install/vision_msgs/include/vision_msgs/msg/detection3_d_array.hpp
[0.356s] -- Up-to-date symlink: /home/aiv/YongJun_ws/ros2_ws/install/vision_msgs/include/vision_msgs/msg/object_hypothesis.hpp
[0.357s] -- Up-to-date symlink: /home/aiv/YongJun_ws/ros2_ws/install/vision_msgs/include/vision_msgs/msg/object_hypothesis_with_pose.hpp
[0.357s] -- Up-to-date symlink: /home/aiv/YongJun_ws/ros2_ws/install/vision_msgs/include/vision_msgs/msg/rosidl_generator_cpp__visibility_control.hpp
[0.357s] -- Up-to-date symlink: /home/aiv/YongJun_ws/ros2_ws/install/vision_msgs/include/vision_msgs/msg/detail/bounding_box3_d__rosidl_typesupport_introspection_cpp.hpp
[0.357s] -- Up-to-date symlink: /home/aiv/YongJun_ws/ros2_ws/install/vision_msgs/include/vision_msgs/msg/detail/detection3_d__rosidl_typesupport_introspection_cpp.hpp
[0.358s] -- Up-to-date symlink: /home/aiv/YongJun_ws/ros2_ws/install/vision_msgs/include/vision_msgs/msg/detail/detection3_d_array__rosidl_typesupport_introspection_cpp.hpp
[0.358s] -- Up-to-date symlink: /home/aiv/YongJun_ws/ros2_ws/install/vision_msgs/include/vision_msgs/msg/detail/object_hypothesis__rosidl_typesupport_introspection_cpp.hpp
[0.358s] -- Up-to-date symlink: /home/aiv/YongJun_ws/ros2_ws/install/vision_msgs/include/vision_msgs/msg/detail/object_hypothesis_with_pose__rosidl_typesupport_introspection_cpp.hpp
[0.358s] -- Up-to-date symlink: /home/aiv/YongJun_ws/ros2_ws/install/vision_msgs/share/vision_msgs/environment/pythonpath.sh
[0.358s] -- Up-to-date symlink: /home/aiv/YongJun_ws/ros2_ws/install/vision_msgs/share/vision_msgs/environment/pythonpath.dsv
[0.358s] -- Up-to-date symlink: /home/aiv/YongJun_ws/ros2_ws/install/vision_msgs/lib/python3.8/site-packages/vision_msgs/__init__.py
[0.358s] -- Up-to-date symlink: /home/aiv/YongJun_ws/ros2_ws/install/vision_msgs/lib/python3.8/site-packages/vision_msgs/msg/__init__.py
[0.358s] -- Up-to-date symlink: /home/aiv/YongJun_ws/ros2_ws/install/vision_msgs/lib/python3.8/site-packages/vision_msgs/msg/_bounding_box3_d.py
[0.358s] -- Up-to-date symlink: /home/aiv/YongJun_ws/ros2_ws/install/vision_msgs/lib/python3.8/site-packages/vision_msgs/msg/_detection3_d.py
[0.358s] -- Up-to-date symlink: /home/aiv/YongJun_ws/ros2_ws/install/vision_msgs/lib/python3.8/site-packages/vision_msgs/msg/_detection3_d_array.py
[0.358s] -- Up-to-date symlink: /home/aiv/YongJun_ws/ros2_ws/install/vision_msgs/lib/python3.8/site-packages/vision_msgs/msg/_object_hypothesis.py
[0.359s] -- Up-to-date symlink: /home/aiv/YongJun_ws/ros2_ws/install/vision_msgs/lib/python3.8/site-packages/vision_msgs/msg/_object_hypothesis_with_pose.py
[0.359s] -- Up-to-date symlink: /home/aiv/YongJun_ws/ros2_ws/install/vision_msgs/lib/python3.8/site-packages/vision_msgs/vision_msgs_s__rosidl_typesupport_fastrtps_c.cpython-38-x86_64-linux-gnu.so
[0.359s] -- Up-to-date symlink: /home/aiv/YongJun_ws/ros2_ws/install/vision_msgs/lib/python3.8/site-packages/vision_msgs/vision_msgs_s__rosidl_typesupport_introspection_c.cpython-38-x86_64-linux-gnu.so
[0.359s] -- Up-to-date symlink: /home/aiv/YongJun_ws/ros2_ws/install/vision_msgs/lib/python3.8/site-packages/vision_msgs/vision_msgs_s__rosidl_typesupport_c.cpython-38-x86_64-linux-gnu.so
[0.359s] -- Up-to-date symlink: /home/aiv/YongJun_ws/ros2_ws/install/vision_msgs/lib/libvision_msgs__python.so
[0.360s] -- Up-to-date symlink: /home/aiv/YongJun_ws/ros2_ws/install/vision_msgs/share/vision_msgs/msg/BoundingBox3D.idl
[0.360s] -- Up-to-date symlink: /home/aiv/YongJun_ws/ros2_ws/install/vision_msgs/share/vision_msgs/msg/Detection3D.idl
[0.361s] -- Up-to-date symlink: /home/aiv/YongJun_ws/ros2_ws/install/vision_msgs/share/vision_msgs/msg/Detection3DArray.idl
[0.361s] -- Up-to-date symlink: /home/aiv/YongJun_ws/ros2_ws/install/vision_msgs/share/vision_msgs/msg/ObjectHypothesis.idl
[0.361s] -- Up-to-date symlink: /home/aiv/YongJun_ws/ros2_ws/install/vision_msgs/share/vision_msgs/msg/ObjectHypothesisWithPose.idl
[0.361s] -- Up-to-date symlink: /home/aiv/YongJun_ws/ros2_ws/install/vision_msgs/share/vision_msgs/msg/BoundingBox3D.msg
[0.361s] -- Up-to-date symlink: /home/aiv/YongJun_ws/ros2_ws/install/vision_msgs/share/vision_msgs/msg/Detection3D.msg
[0.362s] -- Up-to-date symlink: /home/aiv/YongJun_ws/ros2_ws/install/vision_msgs/share/vision_msgs/msg/Detection3DArray.msg
[0.362s] -- Up-to-date symlink: /home/aiv/YongJun_ws/ros2_ws/install/vision_msgs/share/vision_msgs/msg/ObjectHypothesis.msg
[0.364s] -- Up-to-date symlink: /home/aiv/YongJun_ws/ros2_ws/install/vision_msgs/share/vision_msgs/msg/ObjectHypothesisWithPose.msg
[0.364s] -- Up-to-date symlink: /home/aiv/YongJun_ws/ros2_ws/install/vision_msgs/share/ament_index/resource_index/package_run_dependencies/vision_msgs
[0.364s] -- Up-to-date symlink: /home/aiv/YongJun_ws/ros2_ws/install/vision_msgs/share/ament_index/resource_index/parent_prefix_path/vision_msgs
[0.365s] -- Up-to-date symlink: /home/aiv/YongJun_ws/ros2_ws/install/vision_msgs/share/vision_msgs/environment/ament_prefix_path.sh
[0.366s] -- Up-to-date symlink: /home/aiv/YongJun_ws/ros2_ws/install/vision_msgs/share/vision_msgs/environment/ament_prefix_path.dsv
[0.366s] -- Up-to-date symlink: /home/aiv/YongJun_ws/ros2_ws/install/vision_msgs/share/vision_msgs/environment/path.sh
[0.366s] -- Up-to-date symlink: /home/aiv/YongJun_ws/ros2_ws/install/vision_msgs/share/vision_msgs/environment/path.dsv
[0.366s] -- Up-to-date symlink: /home/aiv/YongJun_ws/ros2_ws/install/vision_msgs/share/vision_msgs/local_setup.bash
[0.366s] -- Up-to-date symlink: /home/aiv/YongJun_ws/ros2_ws/install/vision_msgs/share/vision_msgs/local_setup.sh
[0.366s] -- Up-to-date symlink: /home/aiv/YongJun_ws/ros2_ws/install/vision_msgs/share/vision_msgs/local_setup.zsh
[0.366s] -- Up-to-date symlink: /home/aiv/YongJun_ws/ros2_ws/install/vision_msgs/share/vision_msgs/local_setup.dsv
[0.366s] -- Symlinking: /home/aiv/YongJun_ws/ros2_ws/install/vision_msgs/share/vision_msgs/package.dsv
[0.366s] -- Up-to-date symlink: /home/aiv/YongJun_ws/ros2_ws/install/vision_msgs/share/ament_index/resource_index/packages/vision_msgs
[0.366s] -- Up-to-date symlink: /home/aiv/YongJun_ws/ros2_ws/install/vision_msgs/share/vision_msgs/cmake/rosidl_cmake-extras.cmake
[0.367s] -- Up-to-date symlink: /home/aiv/YongJun_ws/ros2_ws/install/vision_msgs/share/vision_msgs/cmake/ament_cmake_export_dependencies-extras.cmake
[0.367s] -- Up-to-date symlink: /home/aiv/YongJun_ws/ros2_ws/install/vision_msgs/share/vision_msgs/cmake/ament_cmake_export_libraries-extras.cmake
[0.367s] -- Up-to-date symlink: /home/aiv/YongJun_ws/ros2_ws/install/vision_msgs/share/vision_msgs/cmake/ament_cmake_export_targets-extras.cmake
[0.367s] -- Up-to-date symlink: /home/aiv/YongJun_ws/ros2_ws/install/vision_msgs/share/vision_msgs/cmake/ament_cmake_export_include_directories-extras.cmake
[0.367s] -- Up-to-date symlink: /home/aiv/YongJun_ws/ros2_ws/install/vision_msgs/share/vision_msgs/cmake/rosidl_cmake_export_typesupport_libraries-extras.cmake
[0.367s] -- Up-to-date symlink: /home/aiv/YongJun_ws/ros2_ws/install/vision_msgs/share/vision_msgs/cmake/rosidl_cmake_export_typesupport_targets-extras.cmake
[0.367s] -- Up-to-date symlink: /home/aiv/YongJun_ws/ros2_ws/install/vision_msgs/share/vision_msgs/cmake/vision_msgsConfig.cmake
[0.368s] -- Up-to-date symlink: /home/aiv/YongJun_ws/ros2_ws/install/vision_msgs/share/vision_msgs/cmake/vision_msgsConfig-version.cmake
[0.368s] -- Up-to-date symlink: /home/aiv/YongJun_ws/ros2_ws/install/vision_msgs/share/vision_msgs/package.xml
[0.368s] -- Up-to-date: /home/aiv/YongJun_ws/ros2_ws/install/vision_msgs/lib/libvision_msgs__rosidl_generator_c.so
[0.368s] -- Up-to-date: /home/aiv/YongJun_ws/ros2_ws/install/vision_msgs/lib/libvision_msgs__rosidl_typesupport_introspection_c.so
[0.368s] -- Up-to-date: /home/aiv/YongJun_ws/ros2_ws/install/vision_msgs/lib/libvision_msgs__rosidl_typesupport_c.so
[0.368s] -- Up-to-date: /home/aiv/YongJun_ws/ros2_ws/install/vision_msgs/lib/libvision_msgs__rosidl_typesupport_introspection_cpp.so
[0.368s] -- Up-to-date: /home/aiv/YongJun_ws/ros2_ws/install/vision_msgs/lib/libvision_msgs__rosidl_typesupport_cpp.so
[0.389s] -- Up-to-date: /home/aiv/YongJun_ws/ros2_ws/install/vision_msgs/share/vision_msgs/cmake/vision_msgs__rosidl_generator_cExport.cmake
[0.389s] -- Up-to-date: /home/aiv/YongJun_ws/ros2_ws/install/vision_msgs/share/vision_msgs/cmake/vision_msgs__rosidl_generator_cExport-release.cmake
[0.389s] -- Up-to-date: /home/aiv/YongJun_ws/ros2_ws/install/vision_msgs/share/vision_msgs/cmake/vision_msgs__rosidl_typesupport_introspection_cExport.cmake
[0.389s] -- Up-to-date: /home/aiv/YongJun_ws/ros2_ws/install/vision_msgs/share/vision_msgs/cmake/vision_msgs__rosidl_typesupport_introspection_cExport-release.cmake
[0.389s] -- Up-to-date: /home/aiv/YongJun_ws/ros2_ws/install/vision_msgs/share/vision_msgs/cmake/vision_msgs__rosidl_typesupport_cExport.cmake
[0.390s] -- Up-to-date: /home/aiv/YongJun_ws/ros2_ws/install/vision_msgs/share/vision_msgs/cmake/vision_msgs__rosidl_typesupport_cExport-release.cmake
[0.390s] -- Up-to-date: /home/aiv/YongJun_ws/ros2_ws/install/vision_msgs/share/vision_msgs/cmake/vision_msgs__rosidl_generator_cppExport.cmake
[0.390s] -- Up-to-date: /home/aiv/YongJun_ws/ros2_ws/install/vision_msgs/share/vision_msgs/cmake/vision_msgs__rosidl_typesupport_introspection_cppExport.cmake
[0.390s] -- Up-to-date: /home/aiv/YongJun_ws/ros2_ws/install/vision_msgs/share/vision_msgs/cmake/vision_msgs__rosidl_typesupport_introspection_cppExport-release.cmake
[0.390s] -- Up-to-date: /home/aiv/YongJun_ws/ros2_ws/install/vision_msgs/share/vision_msgs/cmake/vision_msgs__rosidl_typesupport_cppExport.cmake
[0.390s] -- Up-to-date: /home/aiv/YongJun_ws/ros2_ws/install/vision_msgs/share/vision_msgs/cmake/vision_msgs__rosidl_typesupport_cppExport-release.cmake
[0.391s] Invoked command in '/home/aiv/YongJun_ws/ros2_ws/build/vision_msgs' returned '0': CMAKE_PREFIX_PATH=${CMAKE_PREFIX_PATH}:/home/aiv/YongJun_ws/ros2_ws/install/yolov8_ros:/opt/ros/foxy /usr/bin/cmake --install /home/aiv/YongJun_ws/ros2_ws/build/vision_msgs
