[0.329s] DEBUG:colcon:Command line arguments: ['/home/user/.matlab/R2024a/ros2/glnxa64/venv/bin/colcon', 'build', '--merge-install', '--cmake-args', '-DCMAKE_BUILD_TYPE=Release', '-DCMAKE_SHARED_LINKER_FLAGS=-Wl,-no-as-needed', '-DBUILD_TESTING=OFF', '-DALIAS_ROS2_TF2=1', '-DCMAKE_CXX_FLAGS_RELEASE=-O0', '-G', 'Ninja', '-DCMAKE_C_COMPILER=/usr/bin/gcc', '-DCMAKE_CXX_COMPILER=/usr/bin/g++']
[0.329s] DEBUG:colcon:Parsed command line arguments: Namespace(ament_cmake_args=None, base_paths=['.'], build_base='build', catkin_cmake_args=None, catkin_skip_building_tests=False, cmake_args=['-DCMAKE_BUILD_TYPE=Release', '-DCMAKE_SHARED_LINKER_FLAGS=-Wl,-no-as-needed', '-DBUILD_TESTING=OFF', '-DALIAS_ROS2_TF2=1', '-DCMAKE_CXX_FLAGS_RELEASE=-O0', '-G', 'Ninja', '-DCMAKE_C_COMPILER=/usr/bin/gcc', '-DCMAKE_CXX_COMPILER=/usr/bin/g++'], cmake_clean_cache=False, cmake_clean_first=False, cmake_force_configure=False, cmake_target=None, cmake_target_skip_unavailable=False, continue_on_error=False, event_handlers=None, executor='parallel', ignore_user_meta=False, install_base='install', log_base=None, log_level=None, main=<bound method BuildVerb.main of <colcon_core.verb.build.BuildVerb object at 0x7fbd2cdeaa00>>, merge_install=True, metas=['./colcon.meta'], packages_above=None, packages_above_and_dependencies=None, packages_above_depth=None, packages_end=None, packages_ignore=None, packages_ignore_regex=None, packages_select=None, packages_select_build_failed=False, packages_select_by_dep=None, packages_select_regex=None, packages_select_test_failures=False, packages_skip=None, packages_skip_build_finished=False, packages_skip_by_dep=None, packages_skip_regex=None, packages_skip_test_passed=False, packages_skip_up_to=None, packages_start=None, packages_up_to=None, packages_up_to_regex=None, parallel_workers=24, paths=None, symlink_install=False, test_result_base=None, verb_extension=<colcon_core.verb.build.BuildVerb object at 0x7fbd2cdeaa00>, verb_name='build', verb_parser=<colcon_defaults.argument_parser.defaults.DefaultArgumentsDecorator object at 0x7fbd2cd79cd0>)
[0.366s] Level 1:colcon.colcon_core.package_discovery:discover_packages(colcon_meta) check parameters
[0.366s] Level 1:colcon.colcon_core.package_discovery:discover_packages(recursive) check parameters
[0.366s] Level 1:colcon.colcon_core.package_discovery:discover_packages(ignore) check parameters
[0.366s] Level 1:colcon.colcon_core.package_discovery:discover_packages(path) check parameters
[0.366s] Level 1:colcon.colcon_core.package_discovery:discover_packages(colcon_meta) discover
[0.367s] Level 1:colcon.colcon_core.package_discovery:discover_packages(recursive) discover
[0.367s] INFO:colcon.colcon_core.package_discovery:Crawling recursively for packages in '/home/user/ros2_ws/src/YongJun_ws/matlab/AutoL_LiDAR_ROS/custom/matlab_msg_gen/glnxa64'
[0.367s] Level 1:colcon.colcon_core.package_identification:_identify(.) by extensions ['ignore', 'ignore_ament_install']
[0.367s] Level 1:colcon.colcon_core.package_identification:_identify(.) by extension 'ignore'
[0.367s] Level 1:colcon.colcon_core.package_identification:_identify(.) by extension 'ignore_ament_install'
[0.367s] Level 1:colcon.colcon_core.package_identification:_identify(.) by extensions ['colcon_pkg']
[0.367s] Level 1:colcon.colcon_core.package_identification:_identify(.) by extension 'colcon_pkg'
[0.367s] Level 1:colcon.colcon_core.package_identification:_identify(.) by extensions ['colcon_meta']
[0.367s] Level 1:colcon.colcon_core.package_identification:_identify(.) by extension 'colcon_meta'
[0.367s] Level 1:colcon.colcon_core.package_identification:_identify(.) by extensions ['ros']
[0.367s] Level 1:colcon.colcon_core.package_identification:_identify(.) by extension 'ros'
[0.378s] Level 1:colcon.colcon_core.package_identification:_identify(.) by extensions ['cmake', 'python']
[0.378s] Level 1:colcon.colcon_core.package_identification:_identify(.) by extension 'cmake'
[0.378s] Level 1:colcon.colcon_core.package_identification:_identify(.) by extension 'python'
[0.378s] Level 1:colcon.colcon_core.package_identification:_identify(.) by extensions ['python_setup_py']
[0.378s] Level 1:colcon.colcon_core.package_identification:_identify(.) by extension 'python_setup_py'
[0.379s] Level 1:colcon.colcon_core.package_identification:_identify(build) by extensions ['ignore', 'ignore_ament_install']
[0.379s] Level 1:colcon.colcon_core.package_identification:_identify(build) by extension 'ignore'
[0.379s] Level 1:colcon.colcon_core.package_identification:_identify(build) ignored
[0.379s] Level 1:colcon.colcon_core.package_identification:_identify(install) by extensions ['ignore', 'ignore_ament_install']
[0.379s] Level 1:colcon.colcon_core.package_identification:_identify(install) by extension 'ignore'
[0.379s] Level 1:colcon.colcon_core.package_identification:_identify(install) ignored
[0.379s] Level 1:colcon.colcon_core.package_identification:_identify(log) by extensions ['ignore', 'ignore_ament_install']
[0.379s] Level 1:colcon.colcon_core.package_identification:_identify(log) by extension 'ignore'
[0.379s] Level 1:colcon.colcon_core.package_identification:_identify(log) ignored
[0.379s] Level 1:colcon.colcon_core.package_identification:_identify(src) by extensions ['ignore', 'ignore_ament_install']
[0.379s] Level 1:colcon.colcon_core.package_identification:_identify(src) by extension 'ignore'
[0.379s] Level 1:colcon.colcon_core.package_identification:_identify(src) by extension 'ignore_ament_install'
[0.379s] Level 1:colcon.colcon_core.package_identification:_identify(src) by extensions ['colcon_pkg']
[0.379s] Level 1:colcon.colcon_core.package_identification:_identify(src) by extension 'colcon_pkg'
[0.379s] Level 1:colcon.colcon_core.package_identification:_identify(src) by extensions ['colcon_meta']
[0.379s] Level 1:colcon.colcon_core.package_identification:_identify(src) by extension 'colcon_meta'
[0.379s] Level 1:colcon.colcon_core.package_identification:_identify(src) by extensions ['ros']
[0.379s] Level 1:colcon.colcon_core.package_identification:_identify(src) by extension 'ros'
[0.379s] Level 1:colcon.colcon_core.package_identification:_identify(src) by extensions ['cmake', 'python']
[0.379s] Level 1:colcon.colcon_core.package_identification:_identify(src) by extension 'cmake'
[0.379s] Level 1:colcon.colcon_core.package_identification:_identify(src) by extension 'python'
[0.379s] Level 1:colcon.colcon_core.package_identification:_identify(src) by extensions ['python_setup_py']
[0.379s] Level 1:colcon.colcon_core.package_identification:_identify(src) by extension 'python_setup_py'
[0.379s] Level 1:colcon.colcon_core.package_identification:_identify(src/vision_msgs) by extensions ['ignore', 'ignore_ament_install']
[0.379s] Level 1:colcon.colcon_core.package_identification:_identify(src/vision_msgs) by extension 'ignore'
[0.379s] Level 1:colcon.colcon_core.package_identification:_identify(src/vision_msgs) by extension 'ignore_ament_install'
[0.379s] Level 1:colcon.colcon_core.package_identification:_identify(src/vision_msgs) by extensions ['colcon_pkg']
[0.379s] Level 1:colcon.colcon_core.package_identification:_identify(src/vision_msgs) by extension 'colcon_pkg'
[0.379s] Level 1:colcon.colcon_core.package_identification:_identify(src/vision_msgs) by extensions ['colcon_meta']
[0.379s] Level 1:colcon.colcon_core.package_identification:_identify(src/vision_msgs) by extension 'colcon_meta'
[0.379s] Level 1:colcon.colcon_core.package_identification:_identify(src/vision_msgs) by extensions ['ros']
[0.379s] Level 1:colcon.colcon_core.package_identification:_identify(src/vision_msgs) by extension 'ros'
[0.381s] DEBUG:colcon.colcon_core.package_identification:Package 'src/vision_msgs' with type 'ros.ament_cmake' and name 'vision_msgs'
[0.381s] Level 1:colcon.colcon_core.package_discovery:discover_packages(recursive) using defaults
[0.381s] Level 1:colcon.colcon_core.package_discovery:discover_packages(ignore) discover
[0.381s] Level 1:colcon.colcon_core.package_discovery:discover_packages(ignore) using defaults
[0.381s] Level 1:colcon.colcon_core.package_discovery:discover_packages(path) discover
[0.381s] Level 1:colcon.colcon_core.package_discovery:discover_packages(path) using defaults
[0.409s] Level 5:colcon.colcon_core.verb:set package 'vision_msgs' build argument 'cmake_args' from command line to '['-DCMAKE_BUILD_TYPE=Release', '-DCMAKE_SHARED_LINKER_FLAGS=-Wl,-no-as-needed', '-DBUILD_TESTING=OFF', '-DALIAS_ROS2_TF2=1', '-DCMAKE_CXX_FLAGS_RELEASE=-O0', '-G', 'Ninja', '-DCMAKE_C_COMPILER=/usr/bin/gcc', '-DCMAKE_CXX_COMPILER=/usr/bin/g++']'
[0.409s] Level 5:colcon.colcon_core.verb:set package 'vision_msgs' build argument 'cmake_target' from command line to 'None'
[0.409s] Level 5:colcon.colcon_core.verb:set package 'vision_msgs' build argument 'cmake_target_skip_unavailable' from command line to 'False'
[0.409s] Level 5:colcon.colcon_core.verb:set package 'vision_msgs' build argument 'cmake_clean_cache' from command line to 'False'
[0.409s] Level 5:colcon.colcon_core.verb:set package 'vision_msgs' build argument 'cmake_clean_first' from command line to 'False'
[0.409s] Level 5:colcon.colcon_core.verb:set package 'vision_msgs' build argument 'cmake_force_configure' from command line to 'False'
[0.409s] Level 5:colcon.colcon_core.verb:set package 'vision_msgs' build argument 'ament_cmake_args' from command line to 'None'
[0.409s] Level 5:colcon.colcon_core.verb:set package 'vision_msgs' build argument 'catkin_cmake_args' from command line to 'None'
[0.409s] Level 5:colcon.colcon_core.verb:set package 'vision_msgs' build argument 'catkin_skip_building_tests' from command line to 'False'
[0.409s] DEBUG:colcon.colcon_core.verb:Building package 'vision_msgs' with the following arguments: {'ament_cmake_args': None, 'build_base': '/home/user/ros2_ws/src/YongJun_ws/matlab/AutoL_LiDAR_ROS/custom/matlab_msg_gen/glnxa64/build/vision_msgs', 'catkin_cmake_args': None, 'catkin_skip_building_tests': False, 'cmake_args': ['-DCMAKE_BUILD_TYPE=Release', '-DCMAKE_SHARED_LINKER_FLAGS=-Wl,-no-as-needed', '-DBUILD_TESTING=OFF', '-DALIAS_ROS2_TF2=1', '-DCMAKE_CXX_FLAGS_RELEASE=-O0', '-G', 'Ninja', '-DCMAKE_C_COMPILER=/usr/bin/gcc', '-DCMAKE_CXX_COMPILER=/usr/bin/g++'], 'cmake_clean_cache': False, 'cmake_clean_first': False, 'cmake_force_configure': False, 'cmake_target': None, 'cmake_target_skip_unavailable': False, 'install_base': '/home/user/ros2_ws/src/YongJun_ws/matlab/AutoL_LiDAR_ROS/custom/matlab_msg_gen/glnxa64/install', 'merge_install': True, 'path': '/home/user/ros2_ws/src/YongJun_ws/matlab/AutoL_LiDAR_ROS/custom/matlab_msg_gen/glnxa64/src/vision_msgs', 'symlink_install': False, 'test_result_base': None}
[0.410s] INFO:colcon.colcon_core.executor:Executing jobs using 'parallel' executor
[0.419s] DEBUG:colcon.colcon_parallel_executor.executor.parallel:run_until_complete
[0.420s] INFO:colcon.colcon_ros.task.ament_cmake.build:Building ROS package in '/home/user/ros2_ws/src/YongJun_ws/matlab/AutoL_LiDAR_ROS/custom/matlab_msg_gen/glnxa64/src/vision_msgs' with build type 'ament_cmake'
[0.420s] INFO:colcon.colcon_cmake.task.cmake.build:Building CMake package in '/home/user/ros2_ws/src/YongJun_ws/matlab/AutoL_LiDAR_ROS/custom/matlab_msg_gen/glnxa64/src/vision_msgs'
[0.426s] INFO:colcon.colcon_core.plugin_system:Skipping extension 'colcon_core.shell.bat': Not used on non-Windows systems
[0.426s] INFO:colcon.colcon_core.shell:Skip shell extension 'powershell' for command environment: Not usable outside of PowerShell
[0.426s] DEBUG:colcon.colcon_core.shell:Skip shell extension 'dsv' for command environment
[0.439s] DEBUG:colcon.colcon_core.event_handler.log_command:Invoking command in '/home/user/ros2_ws/src/YongJun_ws/matlab/AutoL_LiDAR_ROS/custom/matlab_msg_gen/glnxa64/build/vision_msgs': CONDA_PROMPT_MODIFIER=(base) PS1=(venv) /usr/local/MATLAB/R2024a/bin/glnxa64/cmake/bin/cmake /home/user/ros2_ws/src/YongJun_ws/matlab/AutoL_LiDAR_ROS/custom/matlab_msg_gen/glnxa64/src/vision_msgs -DCMAKE_BUILD_TYPE=Release -DCMAKE_SHARED_LINKER_FLAGS=-Wl,-no-as-needed -DBUILD_TESTING=OFF -DALIAS_ROS2_TF2=1 -DCMAKE_CXX_FLAGS_RELEASE=-O0 -G Ninja -DCMAKE_C_COMPILER=/usr/bin/gcc -DCMAKE_CXX_COMPILER=/usr/bin/g++ -DCMAKE_INSTALL_PREFIX=/home/user/ros2_ws/src/YongJun_ws/matlab/AutoL_LiDAR_ROS/custom/matlab_msg_gen/glnxa64/install
[2.286s] DEBUG:colcon.colcon_core.event_handler.log_command:Invoked command in '/home/user/ros2_ws/src/YongJun_ws/matlab/AutoL_LiDAR_ROS/custom/matlab_msg_gen/glnxa64/build/vision_msgs' returned '0': CONDA_PROMPT_MODIFIER=(base) PS1=(venv) /usr/local/MATLAB/R2024a/bin/glnxa64/cmake/bin/cmake /home/user/ros2_ws/src/YongJun_ws/matlab/AutoL_LiDAR_ROS/custom/matlab_msg_gen/glnxa64/src/vision_msgs -DCMAKE_BUILD_TYPE=Release -DCMAKE_SHARED_LINKER_FLAGS=-Wl,-no-as-needed -DBUILD_TESTING=OFF -DALIAS_ROS2_TF2=1 -DCMAKE_CXX_FLAGS_RELEASE=-O0 -G Ninja -DCMAKE_C_COMPILER=/usr/bin/gcc -DCMAKE_CXX_COMPILER=/usr/bin/g++ -DCMAKE_INSTALL_PREFIX=/home/user/ros2_ws/src/YongJun_ws/matlab/AutoL_LiDAR_ROS/custom/matlab_msg_gen/glnxa64/install
[2.287s] DEBUG:colcon.colcon_core.event_handler.log_command:Invoking command in '/home/user/ros2_ws/src/YongJun_ws/matlab/AutoL_LiDAR_ROS/custom/matlab_msg_gen/glnxa64/build/vision_msgs': CONDA_PROMPT_MODIFIER=(base) PS1=(venv) /usr/local/MATLAB/R2024a/bin/glnxa64/cmake/bin/cmake --build /home/user/ros2_ws/src/YongJun_ws/matlab/AutoL_LiDAR_ROS/custom/matlab_msg_gen/glnxa64/build/vision_msgs -- -j24 -l24
[16.427s] DEBUG:colcon.colcon_core.event_handler.log_command:Invoked command in '/home/user/ros2_ws/src/YongJun_ws/matlab/AutoL_LiDAR_ROS/custom/matlab_msg_gen/glnxa64/build/vision_msgs' returned '0': CONDA_PROMPT_MODIFIER=(base) PS1=(venv) /usr/local/MATLAB/R2024a/bin/glnxa64/cmake/bin/cmake --build /home/user/ros2_ws/src/YongJun_ws/matlab/AutoL_LiDAR_ROS/custom/matlab_msg_gen/glnxa64/build/vision_msgs -- -j24 -l24
[16.444s] DEBUG:colcon.colcon_core.event_handler.log_command:Invoking command in '/home/user/ros2_ws/src/YongJun_ws/matlab/AutoL_LiDAR_ROS/custom/matlab_msg_gen/glnxa64/build/vision_msgs': CONDA_PROMPT_MODIFIER=(base) PS1=(venv) /usr/local/MATLAB/R2024a/bin/glnxa64/cmake/bin/cmake --install /home/user/ros2_ws/src/YongJun_ws/matlab/AutoL_LiDAR_ROS/custom/matlab_msg_gen/glnxa64/build/vision_msgs
[16.495s] Level 1:colcon.colcon_core.environment:create_environment_scripts_only(vision_msgs)
[16.495s] DEBUG:colcon.colcon_core.event_handler.log_command:Invoked command in '/home/user/ros2_ws/src/YongJun_ws/matlab/AutoL_LiDAR_ROS/custom/matlab_msg_gen/glnxa64/build/vision_msgs' returned '0': CONDA_PROMPT_MODIFIER=(base) PS1=(venv) /usr/local/MATLAB/R2024a/bin/glnxa64/cmake/bin/cmake --install /home/user/ros2_ws/src/YongJun_ws/matlab/AutoL_LiDAR_ROS/custom/matlab_msg_gen/glnxa64/build/vision_msgs
[16.501s] Level 1:colcon.colcon_core.environment:checking '/home/user/ros2_ws/src/YongJun_ws/matlab/AutoL_LiDAR_ROS/custom/matlab_msg_gen/glnxa64/install' for CMake module files
[16.502s] Level 1:colcon.colcon_core.environment:checking '/home/user/ros2_ws/src/YongJun_ws/matlab/AutoL_LiDAR_ROS/custom/matlab_msg_gen/glnxa64/install' for CMake config files
[16.502s] Level 1:colcon.colcon_core.shell:create_environment_hook('vision_msgs', 'cmake_prefix_path')
[16.506s] INFO:colcon.colcon_core.shell:Creating environment hook '/home/user/ros2_ws/src/YongJun_ws/matlab/AutoL_LiDAR_ROS/custom/matlab_msg_gen/glnxa64/install/share/vision_msgs/hook/cmake_prefix_path.ps1'
[16.506s] INFO:colcon.colcon_core.shell:Creating environment descriptor '/home/user/ros2_ws/src/YongJun_ws/matlab/AutoL_LiDAR_ROS/custom/matlab_msg_gen/glnxa64/install/share/vision_msgs/hook/cmake_prefix_path.dsv'
[16.506s] INFO:colcon.colcon_core.shell:Creating environment hook '/home/user/ros2_ws/src/YongJun_ws/matlab/AutoL_LiDAR_ROS/custom/matlab_msg_gen/glnxa64/install/share/vision_msgs/hook/cmake_prefix_path.sh'
[16.507s] Level 1:colcon.colcon_core.environment:checking '/home/user/ros2_ws/src/YongJun_ws/matlab/AutoL_LiDAR_ROS/custom/matlab_msg_gen/glnxa64/install/lib'
[16.507s] Level 1:colcon.colcon_core.shell:create_environment_hook('vision_msgs', 'ld_library_path_lib')
[16.511s] INFO:colcon.colcon_core.shell:Creating environment hook '/home/user/ros2_ws/src/YongJun_ws/matlab/AutoL_LiDAR_ROS/custom/matlab_msg_gen/glnxa64/install/share/vision_msgs/hook/ld_library_path_lib.ps1'
[16.511s] INFO:colcon.colcon_core.shell:Creating environment descriptor '/home/user/ros2_ws/src/YongJun_ws/matlab/AutoL_LiDAR_ROS/custom/matlab_msg_gen/glnxa64/install/share/vision_msgs/hook/ld_library_path_lib.dsv'
[16.511s] INFO:colcon.colcon_core.shell:Creating environment hook '/home/user/ros2_ws/src/YongJun_ws/matlab/AutoL_LiDAR_ROS/custom/matlab_msg_gen/glnxa64/install/share/vision_msgs/hook/ld_library_path_lib.sh'
[16.512s] Level 1:colcon.colcon_core.environment:checking '/home/user/ros2_ws/src/YongJun_ws/matlab/AutoL_LiDAR_ROS/custom/matlab_msg_gen/glnxa64/install/bin'
[16.512s] Level 1:colcon.colcon_core.environment:checking '/home/user/ros2_ws/src/YongJun_ws/matlab/AutoL_LiDAR_ROS/custom/matlab_msg_gen/glnxa64/install/lib/pkgconfig/vision_msgs.pc'
[16.512s] Level 1:colcon.colcon_core.environment:checking '/home/user/ros2_ws/src/YongJun_ws/matlab/AutoL_LiDAR_ROS/custom/matlab_msg_gen/glnxa64/install/lib/python3.8/site-packages'
[16.512s] Level 1:colcon.colcon_core.environment:checking '/home/user/ros2_ws/src/YongJun_ws/matlab/AutoL_LiDAR_ROS/custom/matlab_msg_gen/glnxa64/install/bin'
[16.516s] INFO:colcon.colcon_core.shell:Creating package script '/home/user/ros2_ws/src/YongJun_ws/matlab/AutoL_LiDAR_ROS/custom/matlab_msg_gen/glnxa64/install/share/vision_msgs/package.ps1'
[16.517s] INFO:colcon.colcon_core.shell:Creating package descriptor '/home/user/ros2_ws/src/YongJun_ws/matlab/AutoL_LiDAR_ROS/custom/matlab_msg_gen/glnxa64/install/share/vision_msgs/package.dsv'
[16.517s] INFO:colcon.colcon_core.shell:Creating package script '/home/user/ros2_ws/src/YongJun_ws/matlab/AutoL_LiDAR_ROS/custom/matlab_msg_gen/glnxa64/install/share/vision_msgs/package.sh'
[16.517s] INFO:colcon.colcon_core.shell:Creating package script '/home/user/ros2_ws/src/YongJun_ws/matlab/AutoL_LiDAR_ROS/custom/matlab_msg_gen/glnxa64/install/share/vision_msgs/package.bash'
[16.517s] INFO:colcon.colcon_core.shell:Creating package script '/home/user/ros2_ws/src/YongJun_ws/matlab/AutoL_LiDAR_ROS/custom/matlab_msg_gen/glnxa64/install/share/vision_msgs/package.zsh'
[16.518s] Level 1:colcon.colcon_core.environment:create_file_with_runtime_dependencies(/home/user/ros2_ws/src/YongJun_ws/matlab/AutoL_LiDAR_ROS/custom/matlab_msg_gen/glnxa64/install/share/colcon-core/packages/vision_msgs)
[16.535s] Level 1:colcon.colcon_core.environment:create_environment_scripts_only(vision_msgs)
[16.540s] Level 1:colcon.colcon_core.environment:checking '/home/user/ros2_ws/src/YongJun_ws/matlab/AutoL_LiDAR_ROS/custom/matlab_msg_gen/glnxa64/install' for CMake module files
[16.540s] Level 1:colcon.colcon_core.environment:checking '/home/user/ros2_ws/src/YongJun_ws/matlab/AutoL_LiDAR_ROS/custom/matlab_msg_gen/glnxa64/install' for CMake config files
[16.540s] Level 1:colcon.colcon_core.shell:create_environment_hook('vision_msgs', 'cmake_prefix_path')
[16.545s] INFO:colcon.colcon_core.shell:Creating environment hook '/home/user/ros2_ws/src/YongJun_ws/matlab/AutoL_LiDAR_ROS/custom/matlab_msg_gen/glnxa64/install/share/vision_msgs/hook/cmake_prefix_path.ps1'
[16.545s] INFO:colcon.colcon_core.shell:Creating environment descriptor '/home/user/ros2_ws/src/YongJun_ws/matlab/AutoL_LiDAR_ROS/custom/matlab_msg_gen/glnxa64/install/share/vision_msgs/hook/cmake_prefix_path.dsv'
[16.545s] INFO:colcon.colcon_core.shell:Creating environment hook '/home/user/ros2_ws/src/YongJun_ws/matlab/AutoL_LiDAR_ROS/custom/matlab_msg_gen/glnxa64/install/share/vision_msgs/hook/cmake_prefix_path.sh'
[16.545s] Level 1:colcon.colcon_core.environment:checking '/home/user/ros2_ws/src/YongJun_ws/matlab/AutoL_LiDAR_ROS/custom/matlab_msg_gen/glnxa64/install/lib'
[16.545s] Level 1:colcon.colcon_core.shell:create_environment_hook('vision_msgs', 'ld_library_path_lib')
[16.549s] INFO:colcon.colcon_core.shell:Creating environment hook '/home/user/ros2_ws/src/YongJun_ws/matlab/AutoL_LiDAR_ROS/custom/matlab_msg_gen/glnxa64/install/share/vision_msgs/hook/ld_library_path_lib.ps1'
[16.549s] INFO:colcon.colcon_core.shell:Creating environment descriptor '/home/user/ros2_ws/src/YongJun_ws/matlab/AutoL_LiDAR_ROS/custom/matlab_msg_gen/glnxa64/install/share/vision_msgs/hook/ld_library_path_lib.dsv'
[16.550s] INFO:colcon.colcon_core.shell:Creating environment hook '/home/user/ros2_ws/src/YongJun_ws/matlab/AutoL_LiDAR_ROS/custom/matlab_msg_gen/glnxa64/install/share/vision_msgs/hook/ld_library_path_lib.sh'
[16.550s] Level 1:colcon.colcon_core.environment:checking '/home/user/ros2_ws/src/YongJun_ws/matlab/AutoL_LiDAR_ROS/custom/matlab_msg_gen/glnxa64/install/bin'
[16.550s] Level 1:colcon.colcon_core.environment:checking '/home/user/ros2_ws/src/YongJun_ws/matlab/AutoL_LiDAR_ROS/custom/matlab_msg_gen/glnxa64/install/lib/pkgconfig/vision_msgs.pc'
[16.550s] Level 1:colcon.colcon_core.environment:checking '/home/user/ros2_ws/src/YongJun_ws/matlab/AutoL_LiDAR_ROS/custom/matlab_msg_gen/glnxa64/install/lib/python3.8/site-packages'
[16.550s] Level 1:colcon.colcon_core.environment:checking '/home/user/ros2_ws/src/YongJun_ws/matlab/AutoL_LiDAR_ROS/custom/matlab_msg_gen/glnxa64/install/bin'
[16.554s] INFO:colcon.colcon_core.shell:Creating package script '/home/user/ros2_ws/src/YongJun_ws/matlab/AutoL_LiDAR_ROS/custom/matlab_msg_gen/glnxa64/install/share/vision_msgs/package.ps1'
[16.554s] INFO:colcon.colcon_core.shell:Creating package descriptor '/home/user/ros2_ws/src/YongJun_ws/matlab/AutoL_LiDAR_ROS/custom/matlab_msg_gen/glnxa64/install/share/vision_msgs/package.dsv'
[16.554s] INFO:colcon.colcon_core.shell:Creating package script '/home/user/ros2_ws/src/YongJun_ws/matlab/AutoL_LiDAR_ROS/custom/matlab_msg_gen/glnxa64/install/share/vision_msgs/package.sh'
[16.554s] INFO:colcon.colcon_core.shell:Creating package script '/home/user/ros2_ws/src/YongJun_ws/matlab/AutoL_LiDAR_ROS/custom/matlab_msg_gen/glnxa64/install/share/vision_msgs/package.bash'
[16.555s] INFO:colcon.colcon_core.shell:Creating package script '/home/user/ros2_ws/src/YongJun_ws/matlab/AutoL_LiDAR_ROS/custom/matlab_msg_gen/glnxa64/install/share/vision_msgs/package.zsh'
[16.555s] Level 1:colcon.colcon_core.environment:create_file_with_runtime_dependencies(/home/user/ros2_ws/src/YongJun_ws/matlab/AutoL_LiDAR_ROS/custom/matlab_msg_gen/glnxa64/install/share/colcon-core/packages/vision_msgs)
[16.555s] DEBUG:colcon.colcon_parallel_executor.executor.parallel:closing loop
[16.555s] DEBUG:colcon.colcon_parallel_executor.executor.parallel:loop closed
[16.556s] DEBUG:colcon.colcon_parallel_executor.executor.parallel:run_until_complete finished with '0'
[16.556s] DEBUG:colcon.colcon_core.event_reactor:joining thread
[16.560s] INFO:colcon.colcon_core.plugin_system:Skipping extension 'colcon_notification.desktop_notification.notify2': 'notify2' not found
[16.560s] INFO:colcon.colcon_core.plugin_system:Skipping extension 'colcon_notification.desktop_notification.terminal_notifier': Not used on non-Darwin systems
[16.560s] INFO:colcon.colcon_core.plugin_system:Skipping extension 'colcon_notification.desktop_notification.win32': Not used on non-Windows systems
[16.560s] INFO:colcon.colcon_notification.desktop_notification:Sending desktop notification using 'notify_send'
[16.574s] DEBUG:colcon.colcon_core.event_reactor:joined thread
[16.581s] INFO:colcon.colcon_core.shell:Creating prefix script '/home/user/ros2_ws/src/YongJun_ws/matlab/AutoL_LiDAR_ROS/custom/matlab_msg_gen/glnxa64/install/local_setup.ps1'
[16.582s] INFO:colcon.colcon_core.shell:Creating prefix util module '/home/user/ros2_ws/src/YongJun_ws/matlab/AutoL_LiDAR_ROS/custom/matlab_msg_gen/glnxa64/install/_local_setup_util_ps1.py'
[16.584s] INFO:colcon.colcon_core.shell:Creating prefix chain script '/home/user/ros2_ws/src/YongJun_ws/matlab/AutoL_LiDAR_ROS/custom/matlab_msg_gen/glnxa64/install/setup.ps1'
[16.590s] INFO:colcon.colcon_core.shell:Creating prefix script '/home/user/ros2_ws/src/YongJun_ws/matlab/AutoL_LiDAR_ROS/custom/matlab_msg_gen/glnxa64/install/local_setup.sh'
[16.590s] INFO:colcon.colcon_core.shell:Creating prefix util module '/home/user/ros2_ws/src/YongJun_ws/matlab/AutoL_LiDAR_ROS/custom/matlab_msg_gen/glnxa64/install/_local_setup_util_sh.py'
[16.590s] INFO:colcon.colcon_core.shell:Creating prefix chain script '/home/user/ros2_ws/src/YongJun_ws/matlab/AutoL_LiDAR_ROS/custom/matlab_msg_gen/glnxa64/install/setup.sh'
[16.594s] INFO:colcon.colcon_core.shell:Creating prefix script '/home/user/ros2_ws/src/YongJun_ws/matlab/AutoL_LiDAR_ROS/custom/matlab_msg_gen/glnxa64/install/local_setup.bash'
[16.594s] INFO:colcon.colcon_core.shell:Creating prefix chain script '/home/user/ros2_ws/src/YongJun_ws/matlab/AutoL_LiDAR_ROS/custom/matlab_msg_gen/glnxa64/install/setup.bash'
[16.597s] INFO:colcon.colcon_core.shell:Creating prefix script '/home/user/ros2_ws/src/YongJun_ws/matlab/AutoL_LiDAR_ROS/custom/matlab_msg_gen/glnxa64/install/local_setup.zsh'
[16.597s] INFO:colcon.colcon_core.shell:Creating prefix chain script '/home/user/ros2_ws/src/YongJun_ws/matlab/AutoL_LiDAR_ROS/custom/matlab_msg_gen/glnxa64/install/setup.zsh'
