[0.016s] Invoking command in '/home/aiv/YongJun_ws/ros2_ws/build/zed_rgb_convert': CMAKE_PREFIX_PATH=/home/aiv/YongJun_ws/ros2_ws/install/zed_components:/home/aiv/YongJun_ws/ros2_ws/install/zed_interfaces:/home/aiv/YongJun_ws/ros2_ws/install/zed_ros2:/home/aiv/YongJun_ws/ros2_ws/install/zed_robot_integration:/home/aiv/YongJun_ws/ros2_ws/install/zed_multi_camera:/home/aiv/YongJun_ws/ros2_ws/install/zed_display_rviz2:/home/aiv/YongJun_ws/ros2_ws/install/zed_depth_to_laserscan:/home/aiv/YongJun_ws/ros2_ws/install/zed_wrapper:/home/aiv/YongJun_ws/ros2_ws/install/zed_tutorial_video:/home/aiv/YongJun_ws/ros2_ws/install/zed_tutorial_pos_tracking:/home/aiv/YongJun_ws/ros2_ws/install/zed_tutorial_depth:/home/aiv/YongJun_ws/ros2_ws/install/zed_topic_benchmark:/home/aiv/YongJun_ws/ros2_ws/install/zed_topic_benchmark_component:/home/aiv/YongJun_ws/ros2_ws/install/zed_topic_benchmark_interfaces:/home/aiv/YongJun_ws/ros2_ws/install/zed_rgb_convert:/home/aiv/YongJun_ws/ros2_ws/install/zed_aruco_localization:/home/aiv/YongJun_ws/ros2_ws/install/rviz_plugin_zed_od:/home/aiv/YongJun_ws/ros2_ws/install/yolov8_bringup:/home/aiv/YongJun_ws/ros2_ws/install/yolov8_msgs:/home/aiv/YongJun_ws/ros2_ws/install/vision_msgs:/home/aiv/YongJun_ws/ros2_ws/install/usb_cam:/home/aiv/YongJun_ws/ros2_ws/install/yolov8_ros:/opt/ros/foxy LD_LIBRARY_PATH=/home/aiv/YongJun_ws/ros2_ws/install/zed_components/lib:/home/aiv/YongJun_ws/ros2_ws/install/zed_interfaces/lib:/home/aiv/YongJun_ws/ros2_ws/install/zed_rgb_convert/lib:/home/aiv/YongJun_ws/ros2_ws/install/rviz_plugin_zed_od/lib:/home/aiv/YongJun_ws/ros2_ws/install/yolov8_msgs/lib:/home/aiv/YongJun_ws/ros2_ws/install/vision_msgs/lib:/home/aiv/YongJun_ws/ros2_ws/install/usb_cam/lib:/opt/ros/foxy/opt/yaml_cpp_vendor/lib:/opt/ros/foxy/opt/rviz_ogre_vendor/lib:/opt/ros/foxy/lib/x86_64-linux-gnu:/opt/ros/foxy/lib:/usr/local/cuda/lib64 /usr/bin/cmake /home/aiv/YongJun_ws/ros2_ws/src/zed-ros2-examples/tutorials/zed_rgb_convert -DAMENT_CMAKE_SYMLINK_INSTALL=1 -DCMAKE_INSTALL_PREFIX=/home/aiv/YongJun_ws/ros2_ws/install/zed_rgb_convert
[0.060s] -- Found CUDA: /usr/local/cuda-12.2 (found suitable version "12.2", minimum required is "12") 
[0.085s] -- Found CUDA: /usr/local/cuda-12.2 (found version "12.2") 
[0.085s] -- Found ament_cmake_auto: 0.9.12 (/opt/ros/foxy/share/ament_cmake_auto/cmake)
[0.103s] -- Using PYTHON_EXECUTABLE: /usr/bin/python3
[0.237s] -- Override CMake install command with custom implementation using symlinks instead of copying resources
[0.296s] -- Using all available rosidl_typesupport_c: rosidl_typesupport_fastrtps_c;rosidl_typesupport_introspection_c
[0.298s] -- Found rosidl_adapter: 1.3.1 (/opt/ros/foxy/share/rosidl_adapter/cmake)
[0.376s] -- Using all available rosidl_typesupport_cpp: rosidl_typesupport_fastrtps_cpp;rosidl_typesupport_introspection_cpp
[0.408s] -- Found rmw_implementation_cmake: 1.0.4 (/opt/ros/foxy/share/rmw_implementation_cmake/cmake)
[0.410s] -- Using RMW implementation 'rmw_fastrtps_cpp' as default
[0.850s] -- Found eigen3_cmake_module: 0.1.1 (/opt/ros/foxy/share/eigen3_cmake_module/cmake)
[1.548s] -- Found ament_lint_auto: 0.9.8 (/opt/ros/foxy/share/ament_lint_auto/cmake)
[1.798s] -- Added test 'copyright' to check source files copyright and LICENSE
[1.798s] -- Added test 'cppcheck' to perform static code analysis on C / C++ code
[1.799s] -- Configured cppcheck include dirs: /home/aiv/YongJun_ws/ros2_ws/src/zed-ros2-examples/tutorials/zed_rgb_convert/src/include;/home/aiv/YongJun_ws/ros2_ws/src/zed-ros2-examples/tutorials/zed_rgb_convert/src/component/include
[1.799s] -- Configured cppcheck exclude dirs and/or files: 
[1.799s] -- Added test 'cpplint' to check C / C++ code against the Google style
[1.799s] -- Configured cpplint exclude dirs and/or files: 
[1.799s] -- Added test 'flake8' to check Python code syntax and style conventions
[1.800s] -- Added test 'lint_cmake' to check CMake code style
[1.800s] -- Added test 'pep257' to check Python code against some of the style conventions in PEP 257
[1.800s] -- Added test 'uncrustify' to check C / C++ code style
[1.800s] -- Configured uncrustify additional arguments: 
[1.801s] -- Added test 'xmllint' to check XML markup files
[1.804s] -- Configuring done
[1.840s] -- Generating done
[1.841s] -- Build files have been written to: /home/aiv/YongJun_ws/ros2_ws/build/zed_rgb_convert
[1.849s] Invoked command in '/home/aiv/YongJun_ws/ros2_ws/build/zed_rgb_convert' returned '0': CMAKE_PREFIX_PATH=/home/aiv/YongJun_ws/ros2_ws/install/zed_components:/home/aiv/YongJun_ws/ros2_ws/install/zed_interfaces:/home/aiv/YongJun_ws/ros2_ws/install/zed_ros2:/home/aiv/YongJun_ws/ros2_ws/install/zed_robot_integration:/home/aiv/YongJun_ws/ros2_ws/install/zed_multi_camera:/home/aiv/YongJun_ws/ros2_ws/install/zed_display_rviz2:/home/aiv/YongJun_ws/ros2_ws/install/zed_depth_to_laserscan:/home/aiv/YongJun_ws/ros2_ws/install/zed_wrapper:/home/aiv/YongJun_ws/ros2_ws/install/zed_tutorial_video:/home/aiv/YongJun_ws/ros2_ws/install/zed_tutorial_pos_tracking:/home/aiv/YongJun_ws/ros2_ws/install/zed_tutorial_depth:/home/aiv/YongJun_ws/ros2_ws/install/zed_topic_benchmark:/home/aiv/YongJun_ws/ros2_ws/install/zed_topic_benchmark_component:/home/aiv/YongJun_ws/ros2_ws/install/zed_topic_benchmark_interfaces:/home/aiv/YongJun_ws/ros2_ws/install/zed_rgb_convert:/home/aiv/YongJun_ws/ros2_ws/install/zed_aruco_localization:/home/aiv/YongJun_ws/ros2_ws/install/rviz_plugin_zed_od:/home/aiv/YongJun_ws/ros2_ws/install/yolov8_bringup:/home/aiv/YongJun_ws/ros2_ws/install/yolov8_msgs:/home/aiv/YongJun_ws/ros2_ws/install/vision_msgs:/home/aiv/YongJun_ws/ros2_ws/install/usb_cam:/home/aiv/YongJun_ws/ros2_ws/install/yolov8_ros:/opt/ros/foxy LD_LIBRARY_PATH=/home/aiv/YongJun_ws/ros2_ws/install/zed_components/lib:/home/aiv/YongJun_ws/ros2_ws/install/zed_interfaces/lib:/home/aiv/YongJun_ws/ros2_ws/install/zed_rgb_convert/lib:/home/aiv/YongJun_ws/ros2_ws/install/rviz_plugin_zed_od/lib:/home/aiv/YongJun_ws/ros2_ws/install/yolov8_msgs/lib:/home/aiv/YongJun_ws/ros2_ws/install/vision_msgs/lib:/home/aiv/YongJun_ws/ros2_ws/install/usb_cam/lib:/opt/ros/foxy/opt/yaml_cpp_vendor/lib:/opt/ros/foxy/opt/rviz_ogre_vendor/lib:/opt/ros/foxy/lib/x86_64-linux-gnu:/opt/ros/foxy/lib:/usr/local/cuda/lib64 /usr/bin/cmake /home/aiv/YongJun_ws/ros2_ws/src/zed-ros2-examples/tutorials/zed_rgb_convert -DAMENT_CMAKE_SYMLINK_INSTALL=1 -DCMAKE_INSTALL_PREFIX=/home/aiv/YongJun_ws/ros2_ws/install/zed_rgb_convert
[1.849s] Invoking command in '/home/aiv/YongJun_ws/ros2_ws/build/zed_rgb_convert': CMAKE_PREFIX_PATH=/home/aiv/YongJun_ws/ros2_ws/install/zed_components:/home/aiv/YongJun_ws/ros2_ws/install/zed_interfaces:/home/aiv/YongJun_ws/ros2_ws/install/zed_ros2:/home/aiv/YongJun_ws/ros2_ws/install/zed_robot_integration:/home/aiv/YongJun_ws/ros2_ws/install/zed_multi_camera:/home/aiv/YongJun_ws/ros2_ws/install/zed_display_rviz2:/home/aiv/YongJun_ws/ros2_ws/install/zed_depth_to_laserscan:/home/aiv/YongJun_ws/ros2_ws/install/zed_wrapper:/home/aiv/YongJun_ws/ros2_ws/install/zed_tutorial_video:/home/aiv/YongJun_ws/ros2_ws/install/zed_tutorial_pos_tracking:/home/aiv/YongJun_ws/ros2_ws/install/zed_tutorial_depth:/home/aiv/YongJun_ws/ros2_ws/install/zed_topic_benchmark:/home/aiv/YongJun_ws/ros2_ws/install/zed_topic_benchmark_component:/home/aiv/YongJun_ws/ros2_ws/install/zed_topic_benchmark_interfaces:/home/aiv/YongJun_ws/ros2_ws/install/zed_rgb_convert:/home/aiv/YongJun_ws/ros2_ws/install/zed_aruco_localization:/home/aiv/YongJun_ws/ros2_ws/install/rviz_plugin_zed_od:/home/aiv/YongJun_ws/ros2_ws/install/yolov8_bringup:/home/aiv/YongJun_ws/ros2_ws/install/yolov8_msgs:/home/aiv/YongJun_ws/ros2_ws/install/vision_msgs:/home/aiv/YongJun_ws/ros2_ws/install/usb_cam:/home/aiv/YongJun_ws/ros2_ws/install/yolov8_ros:/opt/ros/foxy LD_LIBRARY_PATH=/home/aiv/YongJun_ws/ros2_ws/install/zed_components/lib:/home/aiv/YongJun_ws/ros2_ws/install/zed_interfaces/lib:/home/aiv/YongJun_ws/ros2_ws/install/zed_rgb_convert/lib:/home/aiv/YongJun_ws/ros2_ws/install/rviz_plugin_zed_od/lib:/home/aiv/YongJun_ws/ros2_ws/install/yolov8_msgs/lib:/home/aiv/YongJun_ws/ros2_ws/install/vision_msgs/lib:/home/aiv/YongJun_ws/ros2_ws/install/usb_cam/lib:/opt/ros/foxy/opt/yaml_cpp_vendor/lib:/opt/ros/foxy/opt/rviz_ogre_vendor/lib:/opt/ros/foxy/lib/x86_64-linux-gnu:/opt/ros/foxy/lib:/usr/local/cuda/lib64 /usr/bin/cmake --build /home/aiv/YongJun_ws/ros2_ws/build/zed_rgb_convert -- -j32 -l32
[1.891s] [ 25%] [32m[1mLinking CXX shared library libzed_rgb_convert_component.so[0m
[2.003s] [ 50%] Built target zed_rgb_convert_component
[2.031s] [ 75%] [32m[1mLinking CXX executable zed_rgb_convert[0m
[2.222s] [100%] Built target zed_rgb_convert
[2.233s] Invoked command in '/home/aiv/YongJun_ws/ros2_ws/build/zed_rgb_convert' returned '0': CMAKE_PREFIX_PATH=/home/aiv/YongJun_ws/ros2_ws/install/zed_components:/home/aiv/YongJun_ws/ros2_ws/install/zed_interfaces:/home/aiv/YongJun_ws/ros2_ws/install/zed_ros2:/home/aiv/YongJun_ws/ros2_ws/install/zed_robot_integration:/home/aiv/YongJun_ws/ros2_ws/install/zed_multi_camera:/home/aiv/YongJun_ws/ros2_ws/install/zed_display_rviz2:/home/aiv/YongJun_ws/ros2_ws/install/zed_depth_to_laserscan:/home/aiv/YongJun_ws/ros2_ws/install/zed_wrapper:/home/aiv/YongJun_ws/ros2_ws/install/zed_tutorial_video:/home/aiv/YongJun_ws/ros2_ws/install/zed_tutorial_pos_tracking:/home/aiv/YongJun_ws/ros2_ws/install/zed_tutorial_depth:/home/aiv/YongJun_ws/ros2_ws/install/zed_topic_benchmark:/home/aiv/YongJun_ws/ros2_ws/install/zed_topic_benchmark_component:/home/aiv/YongJun_ws/ros2_ws/install/zed_topic_benchmark_interfaces:/home/aiv/YongJun_ws/ros2_ws/install/zed_rgb_convert:/home/aiv/YongJun_ws/ros2_ws/install/zed_aruco_localization:/home/aiv/YongJun_ws/ros2_ws/install/rviz_plugin_zed_od:/home/aiv/YongJun_ws/ros2_ws/install/yolov8_bringup:/home/aiv/YongJun_ws/ros2_ws/install/yolov8_msgs:/home/aiv/YongJun_ws/ros2_ws/install/vision_msgs:/home/aiv/YongJun_ws/ros2_ws/install/usb_cam:/home/aiv/YongJun_ws/ros2_ws/install/yolov8_ros:/opt/ros/foxy LD_LIBRARY_PATH=/home/aiv/YongJun_ws/ros2_ws/install/zed_components/lib:/home/aiv/YongJun_ws/ros2_ws/install/zed_interfaces/lib:/home/aiv/YongJun_ws/ros2_ws/install/zed_rgb_convert/lib:/home/aiv/YongJun_ws/ros2_ws/install/rviz_plugin_zed_od/lib:/home/aiv/YongJun_ws/ros2_ws/install/yolov8_msgs/lib:/home/aiv/YongJun_ws/ros2_ws/install/vision_msgs/lib:/home/aiv/YongJun_ws/ros2_ws/install/usb_cam/lib:/opt/ros/foxy/opt/yaml_cpp_vendor/lib:/opt/ros/foxy/opt/rviz_ogre_vendor/lib:/opt/ros/foxy/lib/x86_64-linux-gnu:/opt/ros/foxy/lib:/usr/local/cuda/lib64 /usr/bin/cmake --build /home/aiv/YongJun_ws/ros2_ws/build/zed_rgb_convert -- -j32 -l32
[2.253s] Invoking command in '/home/aiv/YongJun_ws/ros2_ws/build/zed_rgb_convert': CMAKE_PREFIX_PATH=/home/aiv/YongJun_ws/ros2_ws/install/zed_components:/home/aiv/YongJun_ws/ros2_ws/install/zed_interfaces:/home/aiv/YongJun_ws/ros2_ws/install/zed_ros2:/home/aiv/YongJun_ws/ros2_ws/install/zed_robot_integration:/home/aiv/YongJun_ws/ros2_ws/install/zed_multi_camera:/home/aiv/YongJun_ws/ros2_ws/install/zed_display_rviz2:/home/aiv/YongJun_ws/ros2_ws/install/zed_depth_to_laserscan:/home/aiv/YongJun_ws/ros2_ws/install/zed_wrapper:/home/aiv/YongJun_ws/ros2_ws/install/zed_tutorial_video:/home/aiv/YongJun_ws/ros2_ws/install/zed_tutorial_pos_tracking:/home/aiv/YongJun_ws/ros2_ws/install/zed_tutorial_depth:/home/aiv/YongJun_ws/ros2_ws/install/zed_topic_benchmark:/home/aiv/YongJun_ws/ros2_ws/install/zed_topic_benchmark_component:/home/aiv/YongJun_ws/ros2_ws/install/zed_topic_benchmark_interfaces:/home/aiv/YongJun_ws/ros2_ws/install/zed_rgb_convert:/home/aiv/YongJun_ws/ros2_ws/install/zed_aruco_localization:/home/aiv/YongJun_ws/ros2_ws/install/rviz_plugin_zed_od:/home/aiv/YongJun_ws/ros2_ws/install/yolov8_bringup:/home/aiv/YongJun_ws/ros2_ws/install/yolov8_msgs:/home/aiv/YongJun_ws/ros2_ws/install/vision_msgs:/home/aiv/YongJun_ws/ros2_ws/install/usb_cam:/home/aiv/YongJun_ws/ros2_ws/install/yolov8_ros:/opt/ros/foxy LD_LIBRARY_PATH=/home/aiv/YongJun_ws/ros2_ws/install/zed_components/lib:/home/aiv/YongJun_ws/ros2_ws/install/zed_interfaces/lib:/home/aiv/YongJun_ws/ros2_ws/install/zed_rgb_convert/lib:/home/aiv/YongJun_ws/ros2_ws/install/rviz_plugin_zed_od/lib:/home/aiv/YongJun_ws/ros2_ws/install/yolov8_msgs/lib:/home/aiv/YongJun_ws/ros2_ws/install/vision_msgs/lib:/home/aiv/YongJun_ws/ros2_ws/install/usb_cam/lib:/opt/ros/foxy/opt/yaml_cpp_vendor/lib:/opt/ros/foxy/opt/rviz_ogre_vendor/lib:/opt/ros/foxy/lib/x86_64-linux-gnu:/opt/ros/foxy/lib:/usr/local/cuda/lib64 /usr/bin/cmake --install /home/aiv/YongJun_ws/ros2_ws/build/zed_rgb_convert
[2.260s] -- Install configuration: "Release"
[2.261s] -- Execute custom install script
[2.261s] -- Symlinking: /home/aiv/YongJun_ws/ros2_ws/install/zed_rgb_convert/lib/zed_rgb_convert/zed_rgb_convert
[2.266s] -- Symlinking: /home/aiv/YongJun_ws/ros2_ws/install/zed_rgb_convert/lib/libzed_rgb_convert_component.so
[2.272s] -- Symlinking: /home/aiv/YongJun_ws/ros2_ws/install/zed_rgb_convert/include/zed_rgb_convert//cvt_visibility_control.hpp
[2.277s] -- Symlinking: /home/aiv/YongJun_ws/ros2_ws/install/zed_rgb_convert/share/zed_rgb_convert/launch/zed_rgb_convert.launch.py
[2.282s] -- Symlinking: /home/aiv/YongJun_ws/ros2_ws/install/zed_rgb_convert/share/zed_rgb_convert/environment/library_path.sh
[2.288s] -- Symlinking: /home/aiv/YongJun_ws/ros2_ws/install/zed_rgb_convert/share/zed_rgb_convert/environment/library_path.dsv
[2.295s] -- Symlinking: /home/aiv/YongJun_ws/ros2_ws/install/zed_rgb_convert/share/ament_index/resource_index/package_run_dependencies/zed_rgb_convert
[2.299s] -- Symlinking: /home/aiv/YongJun_ws/ros2_ws/install/zed_rgb_convert/share/ament_index/resource_index/parent_prefix_path/zed_rgb_convert
[2.305s] -- Symlinking: /home/aiv/YongJun_ws/ros2_ws/install/zed_rgb_convert/share/zed_rgb_convert/environment/ament_prefix_path.sh
[2.311s] -- Symlinking: /home/aiv/YongJun_ws/ros2_ws/install/zed_rgb_convert/share/zed_rgb_convert/environment/ament_prefix_path.dsv
[2.319s] -- Symlinking: /home/aiv/YongJun_ws/ros2_ws/install/zed_rgb_convert/share/zed_rgb_convert/environment/path.sh
[2.324s] -- Symlinking: /home/aiv/YongJun_ws/ros2_ws/install/zed_rgb_convert/share/zed_rgb_convert/environment/path.dsv
[2.333s] -- Symlinking: /home/aiv/YongJun_ws/ros2_ws/install/zed_rgb_convert/share/zed_rgb_convert/local_setup.bash
[2.337s] -- Symlinking: /home/aiv/YongJun_ws/ros2_ws/install/zed_rgb_convert/share/zed_rgb_convert/local_setup.sh
[2.343s] -- Symlinking: /home/aiv/YongJun_ws/ros2_ws/install/zed_rgb_convert/share/zed_rgb_convert/local_setup.zsh
[2.350s] -- Symlinking: /home/aiv/YongJun_ws/ros2_ws/install/zed_rgb_convert/share/zed_rgb_convert/local_setup.dsv
[2.356s] -- Symlinking: /home/aiv/YongJun_ws/ros2_ws/install/zed_rgb_convert/share/zed_rgb_convert/package.dsv
[2.362s] -- Symlinking: /home/aiv/YongJun_ws/ros2_ws/install/zed_rgb_convert/share/ament_index/resource_index/packages/zed_rgb_convert
[2.368s] -- Symlinking: /home/aiv/YongJun_ws/ros2_ws/install/zed_rgb_convert/share/ament_index/resource_index/rclcpp_components/zed_rgb_convert
[2.374s] -- Symlinking: /home/aiv/YongJun_ws/ros2_ws/install/zed_rgb_convert/share/zed_rgb_convert/cmake/ament_cmake_export_include_directories-extras.cmake
[2.380s] -- Symlinking: /home/aiv/YongJun_ws/ros2_ws/install/zed_rgb_convert/share/zed_rgb_convert/cmake/ament_cmake_export_libraries-extras.cmake
[2.387s] -- Symlinking: /home/aiv/YongJun_ws/ros2_ws/install/zed_rgb_convert/share/zed_rgb_convert/cmake/ament_cmake_export_dependencies-extras.cmake
[2.393s] -- Symlinking: /home/aiv/YongJun_ws/ros2_ws/install/zed_rgb_convert/share/zed_rgb_convert/cmake/zed_rgb_convertConfig.cmake
[2.400s] -- Symlinking: /home/aiv/YongJun_ws/ros2_ws/install/zed_rgb_convert/share/zed_rgb_convert/cmake/zed_rgb_convertConfig-version.cmake
[2.406s] -- Symlinking: /home/aiv/YongJun_ws/ros2_ws/install/zed_rgb_convert/share/zed_rgb_convert/package.xml
[2.415s] Invoked command in '/home/aiv/YongJun_ws/ros2_ws/build/zed_rgb_convert' returned '0': CMAKE_PREFIX_PATH=/home/aiv/YongJun_ws/ros2_ws/install/zed_components:/home/aiv/YongJun_ws/ros2_ws/install/zed_interfaces:/home/aiv/YongJun_ws/ros2_ws/install/zed_ros2:/home/aiv/YongJun_ws/ros2_ws/install/zed_robot_integration:/home/aiv/YongJun_ws/ros2_ws/install/zed_multi_camera:/home/aiv/YongJun_ws/ros2_ws/install/zed_display_rviz2:/home/aiv/YongJun_ws/ros2_ws/install/zed_depth_to_laserscan:/home/aiv/YongJun_ws/ros2_ws/install/zed_wrapper:/home/aiv/YongJun_ws/ros2_ws/install/zed_tutorial_video:/home/aiv/YongJun_ws/ros2_ws/install/zed_tutorial_pos_tracking:/home/aiv/YongJun_ws/ros2_ws/install/zed_tutorial_depth:/home/aiv/YongJun_ws/ros2_ws/install/zed_topic_benchmark:/home/aiv/YongJun_ws/ros2_ws/install/zed_topic_benchmark_component:/home/aiv/YongJun_ws/ros2_ws/install/zed_topic_benchmark_interfaces:/home/aiv/YongJun_ws/ros2_ws/install/zed_rgb_convert:/home/aiv/YongJun_ws/ros2_ws/install/zed_aruco_localization:/home/aiv/YongJun_ws/ros2_ws/install/rviz_plugin_zed_od:/home/aiv/YongJun_ws/ros2_ws/install/yolov8_bringup:/home/aiv/YongJun_ws/ros2_ws/install/yolov8_msgs:/home/aiv/YongJun_ws/ros2_ws/install/vision_msgs:/home/aiv/YongJun_ws/ros2_ws/install/usb_cam:/home/aiv/YongJun_ws/ros2_ws/install/yolov8_ros:/opt/ros/foxy LD_LIBRARY_PATH=/home/aiv/YongJun_ws/ros2_ws/install/zed_components/lib:/home/aiv/YongJun_ws/ros2_ws/install/zed_interfaces/lib:/home/aiv/YongJun_ws/ros2_ws/install/zed_rgb_convert/lib:/home/aiv/YongJun_ws/ros2_ws/install/rviz_plugin_zed_od/lib:/home/aiv/YongJun_ws/ros2_ws/install/yolov8_msgs/lib:/home/aiv/YongJun_ws/ros2_ws/install/vision_msgs/lib:/home/aiv/YongJun_ws/ros2_ws/install/usb_cam/lib:/opt/ros/foxy/opt/yaml_cpp_vendor/lib:/opt/ros/foxy/opt/rviz_ogre_vendor/lib:/opt/ros/foxy/lib/x86_64-linux-gnu:/opt/ros/foxy/lib:/usr/local/cuda/lib64 /usr/bin/cmake --install /home/aiv/YongJun_ws/ros2_ws/build/zed_rgb_convert
