-- Found ament_cmake_auto: 0.9.12 (/opt/ros/foxy/share/ament_cmake_auto/cmake)
-- Using PYTHON_EXECUTABLE: /usr/bin/python3
-- Override CMake install command with custom implementation using symlinks instead of copying resources
-- Using all available rosidl_typesupport_c: rosidl_typesupport_fastrtps_c;rosidl_typesupport_introspection_c
-- Found rosidl_adapter: 1.3.1 (/opt/ros/foxy/share/rosidl_adapter/cmake)
-- Using all available rosidl_typesupport_cpp: rosidl_typesupport_fastrtps_cpp;rosidl_typesupport_introspection_cpp
-- Found rmw_implementation_cmake: 1.0.4 (/opt/ros/foxy/share/rmw_implementation_cmake/cmake)
-- Using RMW implementation 'rmw_fastrtps_cpp' as default
-- Found ament_lint_auto: 0.9.8 (/opt/ros/foxy/share/ament_lint_auto/cmake)
-- Configuring done
-- Generating done
-- Build files have been written to: /home/aiv/YongJun_ws/ros2_ws/build/zed_tutorial_video
[100%] Built target zed_tutorial_video
-- Install configuration: "Release"
-- Execute custom install script
-- Up-to-date symlink: /home/aiv/YongJun_ws/ros2_ws/install/zed_tutorial_video/lib/zed_tutorial_video/zed_tutorial_video
-- Up-to-date symlink: /home/aiv/YongJun_ws/ros2_ws/install/zed_tutorial_video/share/ament_index/resource_index/package_run_dependencies/zed_tutorial_video
-- Up-to-date symlink: /home/aiv/YongJun_ws/ros2_ws/install/zed_tutorial_video/share/ament_index/resource_index/parent_prefix_path/zed_tutorial_video
-- Up-to-date symlink: /home/aiv/YongJun_ws/ros2_ws/install/zed_tutorial_video/share/zed_tutorial_video/environment/ament_prefix_path.sh
-- Up-to-date symlink: /home/aiv/YongJun_ws/ros2_ws/install/zed_tutorial_video/share/zed_tutorial_video/environment/ament_prefix_path.dsv
-- Up-to-date symlink: /home/aiv/YongJun_ws/ros2_ws/install/zed_tutorial_video/share/zed_tutorial_video/environment/path.sh
-- Up-to-date symlink: /home/aiv/YongJun_ws/ros2_ws/install/zed_tutorial_video/share/zed_tutorial_video/environment/path.dsv
-- Up-to-date symlink: /home/aiv/YongJun_ws/ros2_ws/install/zed_tutorial_video/share/zed_tutorial_video/local_setup.bash
-- Up-to-date symlink: /home/aiv/YongJun_ws/ros2_ws/install/zed_tutorial_video/share/zed_tutorial_video/local_setup.sh
-- Up-to-date symlink: /home/aiv/YongJun_ws/ros2_ws/install/zed_tutorial_video/share/zed_tutorial_video/local_setup.zsh
-- Up-to-date symlink: /home/aiv/YongJun_ws/ros2_ws/install/zed_tutorial_video/share/zed_tutorial_video/local_setup.dsv
-- Symlinking: /home/aiv/YongJun_ws/ros2_ws/install/zed_tutorial_video/share/zed_tutorial_video/package.dsv
-- Up-to-date symlink: /home/aiv/YongJun_ws/ros2_ws/install/zed_tutorial_video/share/ament_index/resource_index/packages/zed_tutorial_video
-- Up-to-date symlink: /home/aiv/YongJun_ws/ros2_ws/install/zed_tutorial_video/share/zed_tutorial_video/cmake/zed_tutorial_videoConfig.cmake
-- Up-to-date symlink: /home/aiv/YongJun_ws/ros2_ws/install/zed_tutorial_video/share/zed_tutorial_video/cmake/zed_tutorial_videoConfig-version.cmake
-- Up-to-date symlink: /home/aiv/YongJun_ws/ros2_ws/install/zed_tutorial_video/share/zed_tutorial_video/package.xml
