-- Found ament_cmake: 0.9.12 (/opt/ros/foxy/share/ament_cmake/cmake)
-- Found PythonInterp: /usr/bin/python3 (found suitable version "3.8.10", minimum required is "3") 
-- Using PYTHON_EXECUTABLE: /usr/bin/python3
-- Override CMake install command with custom implementation using symlinks instead of copying resources
-- Found builtin_interfaces: 1.0.0 (/opt/ros/foxy/share/builtin_interfaces/cmake)
-- Using all available rosidl_typesupport_c: rosidl_typesupport_fastrtps_c;rosidl_typesupport_introspection_c
-- Found rosidl_adapter: 1.3.1 (/opt/ros/foxy/share/rosidl_adapter/cmake)
-- Using all available rosidl_typesupport_cpp: rosidl_typesupport_fastrtps_cpp;rosidl_typesupport_introspection_cpp
-- Found rosidl_default_generators: 1.0.1 (/opt/ros/foxy/share/rosidl_default_generators/cmake)
-- Found std_msgs: 2.0.5 (/opt/ros/foxy/share/std_msgs/cmake)
-- Found PythonInterp: /usr/bin/python3 (found version "3.8.10") 
-- Found ament_cmake_ros: 0.9.2 (/opt/ros/foxy/share/ament_cmake_ros/cmake)
-- Using all available rosidl_typesupport_c: rosidl_typesupport_fastrtps_c;rosidl_typesupport_introspection_c
-- Using all available rosidl_typesupport_cpp: rosidl_typesupport_fastrtps_cpp;rosidl_typesupport_introspection_cpp
-- Found PythonInterp: /usr/bin/python3 (found suitable version "3.8.10", minimum required is "3.5") 
-- Found python_cmake_module: 0.8.1 (/opt/ros/foxy/share/python_cmake_module/cmake)
-- Using PYTHON_EXECUTABLE: /usr/bin/python3
-- Using PYTHON_INCLUDE_DIRS: /usr/include/python3.8
-- Using PYTHON_LIBRARIES: /usr/lib/x86_64-linux-gnu/libpython3.8.so
-- Found ament_lint_auto: 0.9.8 (/opt/ros/foxy/share/ament_lint_auto/cmake)
-- Added test 'copyright' to check source files copyright and LICENSE
-- Added test 'lint_cmake' to check CMake code style
-- Added test 'xmllint' to check XML markup files
-- Configuring done
-- Generating done
-- Build files have been written to: /home/aiv/YongJun_ws/ros2_ws/build/scout_msgs
[  1%] Built target scout_msgs__cpp
[ 12%] Built target scout_msgs__rosidl_generator_c
[ 23%] Built target scout_msgs__rosidl_typesupport_c
[ 34%] Built target scout_msgs__rosidl_typesupport_introspection_c
[ 46%] Built target scout_msgs__rosidl_typesupport_cpp
[ 57%] Built target scout_msgs__rosidl_typesupport_introspection_cpp
[ 68%] Built target scout_msgs__rosidl_typesupport_fastrtps_cpp
[ 79%] Built target scout_msgs__rosidl_typesupport_fastrtps_c
[ 79%] Built target scout_msgs
[ 80%] Built target scout_msgs__py
[ 90%] Built target scout_msgs__python
[ 93%] Built target scout_msgs__rosidl_typesupport_fastrtps_c__pyext
[ 96%] Built target scout_msgs__rosidl_typesupport_introspection_c__pyext
[100%] Built target scout_msgs__rosidl_typesupport_c__pyext
-- Install configuration: ""
-- Execute custom install script
-- Up-to-date symlink: /home/aiv/YongJun_ws/ros2_ws/install/scout_msgs/share/ament_index/resource_index/rosidl_interfaces/scout_msgs
-- Up-to-date symlink: /home/aiv/YongJun_ws/ros2_ws/install/scout_msgs/include/scout_msgs/msg/detail/scout_actuator_state__functions.h
-- Up-to-date symlink: /home/aiv/YongJun_ws/ros2_ws/install/scout_msgs/include/scout_msgs/msg/detail/scout_actuator_state__struct.h
-- Up-to-date symlink: /home/aiv/YongJun_ws/ros2_ws/install/scout_msgs/include/scout_msgs/msg/detail/scout_actuator_state__type_support.h
-- Up-to-date symlink: /home/aiv/YongJun_ws/ros2_ws/install/scout_msgs/include/scout_msgs/msg/detail/scout_light_cmd__functions.h
-- Up-to-date symlink: /home/aiv/YongJun_ws/ros2_ws/install/scout_msgs/include/scout_msgs/msg/detail/scout_light_cmd__struct.h
-- Up-to-date symlink: /home/aiv/YongJun_ws/ros2_ws/install/scout_msgs/include/scout_msgs/msg/detail/scout_light_cmd__type_support.h
-- Up-to-date symlink: /home/aiv/YongJun_ws/ros2_ws/install/scout_msgs/include/scout_msgs/msg/detail/scout_light_state__functions.h
-- Up-to-date symlink: /home/aiv/YongJun_ws/ros2_ws/install/scout_msgs/include/scout_msgs/msg/detail/scout_light_state__struct.h
-- Up-to-date symlink: /home/aiv/YongJun_ws/ros2_ws/install/scout_msgs/include/scout_msgs/msg/detail/scout_light_state__type_support.h
-- Up-to-date symlink: /home/aiv/YongJun_ws/ros2_ws/install/scout_msgs/include/scout_msgs/msg/detail/scout_rc_state__functions.h
-- Up-to-date symlink: /home/aiv/YongJun_ws/ros2_ws/install/scout_msgs/include/scout_msgs/msg/detail/scout_rc_state__struct.h
-- Up-to-date symlink: /home/aiv/YongJun_ws/ros2_ws/install/scout_msgs/include/scout_msgs/msg/detail/scout_rc_state__type_support.h
-- Up-to-date symlink: /home/aiv/YongJun_ws/ros2_ws/install/scout_msgs/include/scout_msgs/msg/detail/scout_status__functions.h
-- Up-to-date symlink: /home/aiv/YongJun_ws/ros2_ws/install/scout_msgs/include/scout_msgs/msg/detail/scout_status__struct.h
-- Up-to-date symlink: /home/aiv/YongJun_ws/ros2_ws/install/scout_msgs/include/scout_msgs/msg/detail/scout_status__type_support.h
-- Up-to-date symlink: /home/aiv/YongJun_ws/ros2_ws/install/scout_msgs/include/scout_msgs/msg/rosidl_generator_c__visibility_control.h
-- Up-to-date symlink: /home/aiv/YongJun_ws/ros2_ws/install/scout_msgs/include/scout_msgs/msg/scout_actuator_state.h
-- Up-to-date symlink: /home/aiv/YongJun_ws/ros2_ws/install/scout_msgs/include/scout_msgs/msg/scout_light_cmd.h
-- Up-to-date symlink: /home/aiv/YongJun_ws/ros2_ws/install/scout_msgs/include/scout_msgs/msg/scout_light_state.h
-- Up-to-date symlink: /home/aiv/YongJun_ws/ros2_ws/install/scout_msgs/include/scout_msgs/msg/scout_rc_state.h
-- Up-to-date symlink: /home/aiv/YongJun_ws/ros2_ws/install/scout_msgs/include/scout_msgs/msg/scout_status.h
-- Up-to-date symlink: /home/aiv/YongJun_ws/ros2_ws/install/scout_msgs/share/scout_msgs/environment/library_path.sh
-- Up-to-date symlink: /home/aiv/YongJun_ws/ros2_ws/install/scout_msgs/share/scout_msgs/environment/library_path.dsv
-- Up-to-date symlink: /home/aiv/YongJun_ws/ros2_ws/install/scout_msgs/include/scout_msgs/msg/detail/scout_actuator_state__rosidl_typesupport_fastrtps_c.h
-- Up-to-date symlink: /home/aiv/YongJun_ws/ros2_ws/install/scout_msgs/include/scout_msgs/msg/detail/scout_light_cmd__rosidl_typesupport_fastrtps_c.h
-- Up-to-date symlink: /home/aiv/YongJun_ws/ros2_ws/install/scout_msgs/include/scout_msgs/msg/detail/scout_light_state__rosidl_typesupport_fastrtps_c.h
-- Up-to-date symlink: /home/aiv/YongJun_ws/ros2_ws/install/scout_msgs/include/scout_msgs/msg/detail/scout_rc_state__rosidl_typesupport_fastrtps_c.h
-- Up-to-date symlink: /home/aiv/YongJun_ws/ros2_ws/install/scout_msgs/include/scout_msgs/msg/detail/scout_status__rosidl_typesupport_fastrtps_c.h
-- Up-to-date symlink: /home/aiv/YongJun_ws/ros2_ws/install/scout_msgs/include/scout_msgs/msg/rosidl_typesupport_fastrtps_c__visibility_control.h
-- Up-to-date symlink: /home/aiv/YongJun_ws/ros2_ws/install/scout_msgs/lib/libscout_msgs__rosidl_typesupport_fastrtps_c.so
-- Up-to-date symlink: /home/aiv/YongJun_ws/ros2_ws/install/scout_msgs/include/scout_msgs/msg/detail/scout_actuator_state__rosidl_typesupport_fastrtps_cpp.hpp
-- Up-to-date symlink: /home/aiv/YongJun_ws/ros2_ws/install/scout_msgs/include/scout_msgs/msg/detail/scout_light_cmd__rosidl_typesupport_fastrtps_cpp.hpp
-- Up-to-date symlink: /home/aiv/YongJun_ws/ros2_ws/install/scout_msgs/include/scout_msgs/msg/detail/scout_light_state__rosidl_typesupport_fastrtps_cpp.hpp
-- Up-to-date symlink: /home/aiv/YongJun_ws/ros2_ws/install/scout_msgs/include/scout_msgs/msg/detail/scout_rc_state__rosidl_typesupport_fastrtps_cpp.hpp
-- Up-to-date symlink: /home/aiv/YongJun_ws/ros2_ws/install/scout_msgs/include/scout_msgs/msg/detail/scout_status__rosidl_typesupport_fastrtps_cpp.hpp
-- Up-to-date symlink: /home/aiv/YongJun_ws/ros2_ws/install/scout_msgs/include/scout_msgs/msg/rosidl_typesupport_fastrtps_cpp__visibility_control.h
-- Up-to-date symlink: /home/aiv/YongJun_ws/ros2_ws/install/scout_msgs/lib/libscout_msgs__rosidl_typesupport_fastrtps_cpp.so
-- Up-to-date symlink: /home/aiv/YongJun_ws/ros2_ws/install/scout_msgs/include/scout_msgs/msg/detail/scout_actuator_state__rosidl_typesupport_introspection_c.h
-- Up-to-date symlink: /home/aiv/YongJun_ws/ros2_ws/install/scout_msgs/include/scout_msgs/msg/detail/scout_light_cmd__rosidl_typesupport_introspection_c.h
-- Up-to-date symlink: /home/aiv/YongJun_ws/ros2_ws/install/scout_msgs/include/scout_msgs/msg/detail/scout_light_state__rosidl_typesupport_introspection_c.h
-- Up-to-date symlink: /home/aiv/YongJun_ws/ros2_ws/install/scout_msgs/include/scout_msgs/msg/detail/scout_rc_state__rosidl_typesupport_introspection_c.h
-- Up-to-date symlink: /home/aiv/YongJun_ws/ros2_ws/install/scout_msgs/include/scout_msgs/msg/detail/scout_status__rosidl_typesupport_introspection_c.h
-- Up-to-date symlink: /home/aiv/YongJun_ws/ros2_ws/install/scout_msgs/include/scout_msgs/msg/rosidl_typesupport_introspection_c__visibility_control.h
-- Up-to-date symlink: /home/aiv/YongJun_ws/ros2_ws/install/scout_msgs/include/scout_msgs/msg/detail/scout_actuator_state__builder.hpp
-- Up-to-date symlink: /home/aiv/YongJun_ws/ros2_ws/install/scout_msgs/include/scout_msgs/msg/detail/scout_actuator_state__struct.hpp
-- Up-to-date symlink: /home/aiv/YongJun_ws/ros2_ws/install/scout_msgs/include/scout_msgs/msg/detail/scout_actuator_state__traits.hpp
-- Up-to-date symlink: /home/aiv/YongJun_ws/ros2_ws/install/scout_msgs/include/scout_msgs/msg/detail/scout_actuator_state__type_support.hpp
-- Up-to-date symlink: /home/aiv/YongJun_ws/ros2_ws/install/scout_msgs/include/scout_msgs/msg/detail/scout_light_cmd__builder.hpp
-- Up-to-date symlink: /home/aiv/YongJun_ws/ros2_ws/install/scout_msgs/include/scout_msgs/msg/detail/scout_light_cmd__struct.hpp
-- Up-to-date symlink: /home/aiv/YongJun_ws/ros2_ws/install/scout_msgs/include/scout_msgs/msg/detail/scout_light_cmd__traits.hpp
-- Up-to-date symlink: /home/aiv/YongJun_ws/ros2_ws/install/scout_msgs/include/scout_msgs/msg/detail/scout_light_cmd__type_support.hpp
-- Up-to-date symlink: /home/aiv/YongJun_ws/ros2_ws/install/scout_msgs/include/scout_msgs/msg/detail/scout_light_state__builder.hpp
-- Up-to-date symlink: /home/aiv/YongJun_ws/ros2_ws/install/scout_msgs/include/scout_msgs/msg/detail/scout_light_state__struct.hpp
-- Up-to-date symlink: /home/aiv/YongJun_ws/ros2_ws/install/scout_msgs/include/scout_msgs/msg/detail/scout_light_state__traits.hpp
-- Up-to-date symlink: /home/aiv/YongJun_ws/ros2_ws/install/scout_msgs/include/scout_msgs/msg/detail/scout_light_state__type_support.hpp
-- Up-to-date symlink: /home/aiv/YongJun_ws/ros2_ws/install/scout_msgs/include/scout_msgs/msg/detail/scout_rc_state__builder.hpp
-- Up-to-date symlink: /home/aiv/YongJun_ws/ros2_ws/install/scout_msgs/include/scout_msgs/msg/detail/scout_rc_state__struct.hpp
-- Up-to-date symlink: /home/aiv/YongJun_ws/ros2_ws/install/scout_msgs/include/scout_msgs/msg/detail/scout_rc_state__traits.hpp
-- Up-to-date symlink: /home/aiv/YongJun_ws/ros2_ws/install/scout_msgs/include/scout_msgs/msg/detail/scout_rc_state__type_support.hpp
-- Up-to-date symlink: /home/aiv/YongJun_ws/ros2_ws/install/scout_msgs/include/scout_msgs/msg/detail/scout_status__builder.hpp
-- Up-to-date symlink: /home/aiv/YongJun_ws/ros2_ws/install/scout_msgs/include/scout_msgs/msg/detail/scout_status__struct.hpp
-- Up-to-date symlink: /home/aiv/YongJun_ws/ros2_ws/install/scout_msgs/include/scout_msgs/msg/detail/scout_status__traits.hpp
-- Up-to-date symlink: /home/aiv/YongJun_ws/ros2_ws/install/scout_msgs/include/scout_msgs/msg/detail/scout_status__type_support.hpp
-- Up-to-date symlink: /home/aiv/YongJun_ws/ros2_ws/install/scout_msgs/include/scout_msgs/msg/rosidl_generator_cpp__visibility_control.hpp
-- Up-to-date symlink: /home/aiv/YongJun_ws/ros2_ws/install/scout_msgs/include/scout_msgs/msg/scout_actuator_state.hpp
-- Up-to-date symlink: /home/aiv/YongJun_ws/ros2_ws/install/scout_msgs/include/scout_msgs/msg/scout_light_cmd.hpp
-- Up-to-date symlink: /home/aiv/YongJun_ws/ros2_ws/install/scout_msgs/include/scout_msgs/msg/scout_light_state.hpp
-- Up-to-date symlink: /home/aiv/YongJun_ws/ros2_ws/install/scout_msgs/include/scout_msgs/msg/scout_rc_state.hpp
-- Up-to-date symlink: /home/aiv/YongJun_ws/ros2_ws/install/scout_msgs/include/scout_msgs/msg/scout_status.hpp
-- Up-to-date symlink: /home/aiv/YongJun_ws/ros2_ws/install/scout_msgs/include/scout_msgs/msg/detail/scout_actuator_state__rosidl_typesupport_introspection_cpp.hpp
-- Up-to-date symlink: /home/aiv/YongJun_ws/ros2_ws/install/scout_msgs/include/scout_msgs/msg/detail/scout_light_cmd__rosidl_typesupport_introspection_cpp.hpp
-- Up-to-date symlink: /home/aiv/YongJun_ws/ros2_ws/install/scout_msgs/include/scout_msgs/msg/detail/scout_light_state__rosidl_typesupport_introspection_cpp.hpp
-- Up-to-date symlink: /home/aiv/YongJun_ws/ros2_ws/install/scout_msgs/include/scout_msgs/msg/detail/scout_rc_state__rosidl_typesupport_introspection_cpp.hpp
-- Up-to-date symlink: /home/aiv/YongJun_ws/ros2_ws/install/scout_msgs/include/scout_msgs/msg/detail/scout_status__rosidl_typesupport_introspection_cpp.hpp
-- Up-to-date symlink: /home/aiv/YongJun_ws/ros2_ws/install/scout_msgs/share/scout_msgs/environment/pythonpath.sh
-- Up-to-date symlink: /home/aiv/YongJun_ws/ros2_ws/install/scout_msgs/share/scout_msgs/environment/pythonpath.dsv
-- Up-to-date symlink: /home/aiv/YongJun_ws/ros2_ws/install/scout_msgs/lib/python3.8/site-packages/scout_msgs/__init__.py
-- Up-to-date symlink: /home/aiv/YongJun_ws/ros2_ws/install/scout_msgs/lib/python3.8/site-packages/scout_msgs/msg/__init__.py
-- Up-to-date symlink: /home/aiv/YongJun_ws/ros2_ws/install/scout_msgs/lib/python3.8/site-packages/scout_msgs/msg/_scout_actuator_state.py
-- Up-to-date symlink: /home/aiv/YongJun_ws/ros2_ws/install/scout_msgs/lib/python3.8/site-packages/scout_msgs/msg/_scout_light_cmd.py
-- Up-to-date symlink: /home/aiv/YongJun_ws/ros2_ws/install/scout_msgs/lib/python3.8/site-packages/scout_msgs/msg/_scout_light_state.py
-- Up-to-date symlink: /home/aiv/YongJun_ws/ros2_ws/install/scout_msgs/lib/python3.8/site-packages/scout_msgs/msg/_scout_rc_state.py
-- Up-to-date symlink: /home/aiv/YongJun_ws/ros2_ws/install/scout_msgs/lib/python3.8/site-packages/scout_msgs/msg/_scout_status.py
-- Up-to-date symlink: /home/aiv/YongJun_ws/ros2_ws/install/scout_msgs/lib/python3.8/site-packages/scout_msgs/scout_msgs_s__rosidl_typesupport_fastrtps_c.cpython-38-x86_64-linux-gnu.so
-- Up-to-date symlink: /home/aiv/YongJun_ws/ros2_ws/install/scout_msgs/lib/python3.8/site-packages/scout_msgs/scout_msgs_s__rosidl_typesupport_introspection_c.cpython-38-x86_64-linux-gnu.so
-- Up-to-date symlink: /home/aiv/YongJun_ws/ros2_ws/install/scout_msgs/lib/python3.8/site-packages/scout_msgs/scout_msgs_s__rosidl_typesupport_c.cpython-38-x86_64-linux-gnu.so
-- Up-to-date symlink: /home/aiv/YongJun_ws/ros2_ws/install/scout_msgs/lib/libscout_msgs__python.so
-- Up-to-date symlink: /home/aiv/YongJun_ws/ros2_ws/install/scout_msgs/share/scout_msgs/msg/ScoutActuatorState.idl
-- Up-to-date symlink: /home/aiv/YongJun_ws/ros2_ws/install/scout_msgs/share/scout_msgs/msg/ScoutLightCmd.idl
-- Up-to-date symlink: /home/aiv/YongJun_ws/ros2_ws/install/scout_msgs/share/scout_msgs/msg/ScoutLightState.idl
-- Up-to-date symlink: /home/aiv/YongJun_ws/ros2_ws/install/scout_msgs/share/scout_msgs/msg/ScoutRCState.idl
-- Up-to-date symlink: /home/aiv/YongJun_ws/ros2_ws/install/scout_msgs/share/scout_msgs/msg/ScoutStatus.idl
-- Up-to-date symlink: /home/aiv/YongJun_ws/ros2_ws/install/scout_msgs/share/scout_msgs/msg/ScoutActuatorState.msg
-- Up-to-date symlink: /home/aiv/YongJun_ws/ros2_ws/install/scout_msgs/share/scout_msgs/msg/ScoutLightCmd.msg
-- Up-to-date symlink: /home/aiv/YongJun_ws/ros2_ws/install/scout_msgs/share/scout_msgs/msg/ScoutLightState.msg
-- Up-to-date symlink: /home/aiv/YongJun_ws/ros2_ws/install/scout_msgs/share/scout_msgs/msg/ScoutRCState.msg
-- Up-to-date symlink: /home/aiv/YongJun_ws/ros2_ws/install/scout_msgs/share/scout_msgs/msg/ScoutStatus.msg
-- Up-to-date symlink: /home/aiv/YongJun_ws/ros2_ws/install/scout_msgs/share/ament_index/resource_index/package_run_dependencies/scout_msgs
-- Up-to-date symlink: /home/aiv/YongJun_ws/ros2_ws/install/scout_msgs/share/ament_index/resource_index/parent_prefix_path/scout_msgs
-- Up-to-date symlink: /home/aiv/YongJun_ws/ros2_ws/install/scout_msgs/share/scout_msgs/environment/ament_prefix_path.sh
-- Up-to-date symlink: /home/aiv/YongJun_ws/ros2_ws/install/scout_msgs/share/scout_msgs/environment/ament_prefix_path.dsv
-- Up-to-date symlink: /home/aiv/YongJun_ws/ros2_ws/install/scout_msgs/share/scout_msgs/environment/path.sh
-- Up-to-date symlink: /home/aiv/YongJun_ws/ros2_ws/install/scout_msgs/share/scout_msgs/environment/path.dsv
-- Up-to-date symlink: /home/aiv/YongJun_ws/ros2_ws/install/scout_msgs/share/scout_msgs/local_setup.bash
-- Up-to-date symlink: /home/aiv/YongJun_ws/ros2_ws/install/scout_msgs/share/scout_msgs/local_setup.sh
-- Up-to-date symlink: /home/aiv/YongJun_ws/ros2_ws/install/scout_msgs/share/scout_msgs/local_setup.zsh
-- Up-to-date symlink: /home/aiv/YongJun_ws/ros2_ws/install/scout_msgs/share/scout_msgs/local_setup.dsv
-- Symlinking: /home/aiv/YongJun_ws/ros2_ws/install/scout_msgs/share/scout_msgs/package.dsv
-- Up-to-date symlink: /home/aiv/YongJun_ws/ros2_ws/install/scout_msgs/share/ament_index/resource_index/packages/scout_msgs
-- Up-to-date symlink: /home/aiv/YongJun_ws/ros2_ws/install/scout_msgs/share/scout_msgs/cmake/rosidl_cmake-extras.cmake
-- Up-to-date symlink: /home/aiv/YongJun_ws/ros2_ws/install/scout_msgs/share/scout_msgs/cmake/ament_cmake_export_dependencies-extras.cmake
-- Up-to-date symlink: /home/aiv/YongJun_ws/ros2_ws/install/scout_msgs/share/scout_msgs/cmake/ament_cmake_export_libraries-extras.cmake
-- Up-to-date symlink: /home/aiv/YongJun_ws/ros2_ws/install/scout_msgs/share/scout_msgs/cmake/ament_cmake_export_targets-extras.cmake
-- Up-to-date symlink: /home/aiv/YongJun_ws/ros2_ws/install/scout_msgs/share/scout_msgs/cmake/ament_cmake_export_include_directories-extras.cmake
-- Up-to-date symlink: /home/aiv/YongJun_ws/ros2_ws/install/scout_msgs/share/scout_msgs/cmake/rosidl_cmake_export_typesupport_libraries-extras.cmake
-- Up-to-date symlink: /home/aiv/YongJun_ws/ros2_ws/install/scout_msgs/share/scout_msgs/cmake/rosidl_cmake_export_typesupport_targets-extras.cmake
-- Up-to-date symlink: /home/aiv/YongJun_ws/ros2_ws/install/scout_msgs/share/scout_msgs/cmake/scout_msgsConfig.cmake
-- Up-to-date symlink: /home/aiv/YongJun_ws/ros2_ws/install/scout_msgs/share/scout_msgs/cmake/scout_msgsConfig-version.cmake
-- Up-to-date symlink: /home/aiv/YongJun_ws/ros2_ws/install/scout_msgs/share/scout_msgs/package.xml
-- Up-to-date: /home/aiv/YongJun_ws/ros2_ws/install/scout_msgs/lib/libscout_msgs__rosidl_generator_c.so
-- Up-to-date: /home/aiv/YongJun_ws/ros2_ws/install/scout_msgs/lib/libscout_msgs__rosidl_typesupport_introspection_c.so
-- Up-to-date: /home/aiv/YongJun_ws/ros2_ws/install/scout_msgs/lib/libscout_msgs__rosidl_typesupport_c.so
-- Up-to-date: /home/aiv/YongJun_ws/ros2_ws/install/scout_msgs/lib/libscout_msgs__rosidl_typesupport_introspection_cpp.so
-- Up-to-date: /home/aiv/YongJun_ws/ros2_ws/install/scout_msgs/lib/libscout_msgs__rosidl_typesupport_cpp.so
Compiling '/home/aiv/YongJun_ws/ros2_ws/install/scout_msgs/lib/python3.8/site-packages/scout_msgs/__init__.py'...
-- Up-to-date: /home/aiv/YongJun_ws/ros2_ws/install/scout_msgs/share/scout_msgs/cmake/scout_msgs__rosidl_generator_cExport.cmake
-- Up-to-date: /home/aiv/YongJun_ws/ros2_ws/install/scout_msgs/share/scout_msgs/cmake/scout_msgs__rosidl_generator_cExport-noconfig.cmake
-- Up-to-date: /home/aiv/YongJun_ws/ros2_ws/install/scout_msgs/share/scout_msgs/cmake/scout_msgs__rosidl_typesupport_introspection_cExport.cmake
-- Up-to-date: /home/aiv/YongJun_ws/ros2_ws/install/scout_msgs/share/scout_msgs/cmake/scout_msgs__rosidl_typesupport_introspection_cExport-noconfig.cmake
-- Up-to-date: /home/aiv/YongJun_ws/ros2_ws/install/scout_msgs/share/scout_msgs/cmake/scout_msgs__rosidl_typesupport_cExport.cmake
-- Up-to-date: /home/aiv/YongJun_ws/ros2_ws/install/scout_msgs/share/scout_msgs/cmake/scout_msgs__rosidl_typesupport_cExport-noconfig.cmake
-- Up-to-date: /home/aiv/YongJun_ws/ros2_ws/install/scout_msgs/share/scout_msgs/cmake/scout_msgs__rosidl_generator_cppExport.cmake
-- Up-to-date: /home/aiv/YongJun_ws/ros2_ws/install/scout_msgs/share/scout_msgs/cmake/scout_msgs__rosidl_typesupport_introspection_cppExport.cmake
-- Up-to-date: /home/aiv/YongJun_ws/ros2_ws/install/scout_msgs/share/scout_msgs/cmake/scout_msgs__rosidl_typesupport_introspection_cppExport-noconfig.cmake
-- Up-to-date: /home/aiv/YongJun_ws/ros2_ws/install/scout_msgs/share/scout_msgs/cmake/scout_msgs__rosidl_typesupport_cppExport.cmake
-- Up-to-date: /home/aiv/YongJun_ws/ros2_ws/install/scout_msgs/share/scout_msgs/cmake/scout_msgs__rosidl_typesupport_cppExport-noconfig.cmake
