[0.012s] Invoking command in '/home/aiv/YongJun_ws/ros2_ws/build/realsense2_camera': AMENT_PREFIX_PATH=/home/aiv/YongJun_ws/ros2_ws/install/realsense2_camera_msgs:${AMENT_PREFIX_PATH} CMAKE_PREFIX_PATH=/home/aiv/YongJun_ws/ros2_ws/install/realsense2_camera_msgs:/opt/ros/foxy LD_LIBRARY_PATH=/home/aiv/YongJun_ws/ros2_ws/install/realsense2_camera_msgs/lib:/opt/ros/foxy/opt/yaml_cpp_vendor/lib:/opt/ros/foxy/opt/rviz_ogre_vendor/lib:/opt/ros/foxy/lib/x86_64-linux-gnu:/opt/ros/foxy/lib:/usr/local/cuda-11.8/lib64 PYTHONPATH=/home/aiv/YongJun_ws/ros2_ws/install/realsense2_camera_msgs/lib/python3.8/site-packages:${PYTHONPATH} /home/aiv/.local/bin/cmake /home/aiv/YongJun_ws/ros2_ws/src/realsense-ros/realsense2_camera -DAMENT_CMAKE_SYMLINK_INSTALL=1 -DCMAKE_INSTALL_PREFIX=/home/aiv/YongJun_ws/ros2_ws/install/realsense2_camera
[0.060s] -- The C compiler identification is GNU 9.4.0
[0.097s] -- The CXX compiler identification is GNU 9.4.0
[0.104s] -- Detecting C compiler ABI info
[0.140s] -- Detecting C compiler ABI info - done
[0.147s] -- Check for working C compiler: /usr/bin/cc - skipped
[0.147s] -- Detecting C compile features
[0.147s] -- Detecting C compile features - done
[0.150s] -- Detecting CXX compiler ABI info
[0.192s] -- Detecting CXX compiler ABI info - done
[0.201s] -- Check for working CXX compiler: /usr/bin/c++ - skipped
[0.201s] -- Detecting CXX compile features
[0.201s] -- Detecting CXX compile features - done
[0.202s] -- Create Release Build.
[0.203s] -- Found ament_cmake: 0.9.12 (/opt/ros/foxy/share/ament_cmake/cmake)
[0.221s] -- Found PythonInterp: /usr/bin/python3 (found suitable version "3.8.10", minimum required is "3") 
[0.221s] -- Using PYTHON_EXECUTABLE: /usr/bin/python3
[0.355s] -- Override CMake install command with custom implementation using symlinks instead of copying resources
[0.370s] -- Found builtin_interfaces: 1.0.0 (/opt/ros/foxy/share/builtin_interfaces/cmake)
[0.389s] -- Using all available rosidl_typesupport_c: rosidl_typesupport_fastrtps_c;rosidl_typesupport_introspection_c
[0.393s] -- Found rosidl_adapter: 1.3.1 (/opt/ros/foxy/share/rosidl_adapter/cmake)
[0.444s] -- Found OpenSSL: /usr/lib/x86_64-linux-gnu/libcrypto.so (found version "1.1.1f")  
[0.465s] -- Found FastRTPS: /opt/ros/foxy/include  
[0.518s] -- Using all available rosidl_typesupport_cpp: rosidl_typesupport_fastrtps_cpp;rosidl_typesupport_introspection_cpp
[0.536s] -- Found cv_bridge: 3.0.7 (/opt/ros/foxy/share/cv_bridge/cmake)
[0.639s] -- Found image_transport: 2.4.0 (/opt/ros/foxy/share/image_transport/cmake)
[0.672s] -- Found rmw_implementation_cmake: 1.0.4 (/opt/ros/foxy/share/rmw_implementation_cmake/cmake)
[0.673s] -- Using RMW implementation 'rmw_fastrtps_cpp' as default
[0.674s] -- Performing Test CMAKE_HAVE_LIBC_PTHREAD
[0.715s] -- Performing Test CMAKE_HAVE_LIBC_PTHREAD - Failed
[0.716s] -- Looking for pthread_create in pthreads
[0.753s] -- Looking for pthread_create in pthreads - not found
[0.753s] -- Looking for pthread_create in pthread
[0.795s] -- Looking for pthread_create in pthread - found
[0.797s] -- Found Threads: TRUE  
[0.915s] -- Found rclcpp_components: 2.4.3 (/opt/ros/foxy/share/rclcpp_components/cmake)
[0.946s] -- Found realsense2_camera_msgs: 4.55.1 (/home/aiv/YongJun_ws/ros2_ws/install/realsense2_camera_msgs/share/realsense2_camera_msgs/cmake)
[1.021s] -- Found nav_msgs: 2.0.5 (/opt/ros/foxy/share/nav_msgs/cmake)
[1.071s] -- Found tf2_ros: 0.13.14 (/opt/ros/foxy/share/tf2_ros/cmake)
[1.251s] -- Found diagnostic_updater: 3.1.2 (/opt/ros/foxy/share/diagnostic_updater/cmake)
[1.291s] -- Found OpenCV: /usr (found version "4.2.0") found components: core 
[1.293s] -- Build for ROS2 Foxy
[1.317s] -- Found ament_cmake_gtest: 0.9.12 (/opt/ros/foxy/share/ament_cmake_gtest/cmake)
[1.319s] -- Found gtest sources under '/opt/ros/foxy/src/gtest_vendor': C++ tests using 'Google Test' will be built
[1.321s] -- Check if compiler accepts -pthread
[1.358s] -- Check if compiler accepts -pthread - yes
[1.360s] -- Found ament_cmake_pytest: 0.9.12 (/opt/ros/foxy/share/ament_cmake_pytest/cmake)
[2.511s] [33mCMake Warning at /opt/ros/foxy/share/ament_cmake_pytest/cmake/ament_add_pytest_test.cmake:77 (message):
[2.511s]   The Python module 'pytest' was not found, pytests can not be run (e.g.  on
[2.511s]   Ubuntu/Debian install the package 'python3-pytest')
[2.511s] Call Stack (most recent call first):
[2.511s]   CMakeLists.txt:338 (ament_add_pytest_test)
[2.511s] 
[2.511s] [0m
[3.388s] [33mCMake Warning at /opt/ros/foxy/share/ament_cmake_pytest/cmake/ament_add_pytest_test.cmake:77 (message):
[3.388s]   The Python module 'pytest' was not found, pytests can not be run (e.g.  on
[3.388s]   Ubuntu/Debian install the package 'python3-pytest')
[3.388s] Call Stack (most recent call first):
[3.388s]   CMakeLists.txt:338 (ament_add_pytest_test)
[3.388s] 
[3.388s] [0m
[4.258s] [33mCMake Warning at /opt/ros/foxy/share/ament_cmake_pytest/cmake/ament_add_pytest_test.cmake:77 (message):
[4.258s]   The Python module 'pytest' was not found, pytests can not be run (e.g.  on
[4.258s]   Ubuntu/Debian install the package 'python3-pytest')
[4.258s] Call Stack (most recent call first):
[4.258s]   CMakeLists.txt:338 (ament_add_pytest_test)
[4.258s] 
[4.258s] [0m
[5.130s] [33mCMake Warning at /opt/ros/foxy/share/ament_cmake_pytest/cmake/ament_add_pytest_test.cmake:77 (message):
[5.130s]   The Python module 'pytest' was not found, pytests can not be run (e.g.  on
[5.130s]   Ubuntu/Debian install the package 'python3-pytest')
[5.130s] Call Stack (most recent call first):
[5.130s]   CMakeLists.txt:338 (ament_add_pytest_test)
[5.130s] 
[5.130s] [0m
[6.013s] [33mCMake Warning at /opt/ros/foxy/share/ament_cmake_pytest/cmake/ament_add_pytest_test.cmake:77 (message):
[6.013s]   The Python module 'pytest' was not found, pytests can not be run (e.g.  on
[6.013s]   Ubuntu/Debian install the package 'python3-pytest')
[6.013s] Call Stack (most recent call first):
[6.013s]   CMakeLists.txt:338 (ament_add_pytest_test)
[6.013s] 
[6.013s] [0m
[6.888s] [33mCMake Warning at /opt/ros/foxy/share/ament_cmake_pytest/cmake/ament_add_pytest_test.cmake:77 (message):
[6.888s]   The Python module 'pytest' was not found, pytests can not be run (e.g.  on
[6.888s]   Ubuntu/Debian install the package 'python3-pytest')
[6.888s] Call Stack (most recent call first):
[6.888s]   CMakeLists.txt:338 (ament_add_pytest_test)
[6.888s] 
[6.888s] [0m
[7.761s] [33mCMake Warning at /opt/ros/foxy/share/ament_cmake_pytest/cmake/ament_add_pytest_test.cmake:77 (message):
[7.761s]   The Python module 'pytest' was not found, pytests can not be run (e.g.  on
[7.761s]   Ubuntu/Debian install the package 'python3-pytest')
[7.761s] Call Stack (most recent call first):
[7.761s]   CMakeLists.txt:338 (ament_add_pytest_test)
[7.761s] 
[7.761s] [0m
[8.641s] [33mCMake Warning at /opt/ros/foxy/share/ament_cmake_pytest/cmake/ament_add_pytest_test.cmake:77 (message):
[8.641s]   The Python module 'pytest' was not found, pytests can not be run (e.g.  on
[8.641s]   Ubuntu/Debian install the package 'python3-pytest')
[8.641s] Call Stack (most recent call first):
[8.641s]   CMakeLists.txt:338 (ament_add_pytest_test)
[8.641s] 
[8.642s] [0m
[9.521s] [33mCMake Warning at /opt/ros/foxy/share/ament_cmake_pytest/cmake/ament_add_pytest_test.cmake:77 (message):
[9.522s]   The Python module 'pytest' was not found, pytests can not be run (e.g.  on
[9.522s]   Ubuntu/Debian install the package 'python3-pytest')
[9.522s] Call Stack (most recent call first):
[9.522s]   CMakeLists.txt:338 (ament_add_pytest_test)
[9.522s] 
[9.522s] [0m
[9.835s] -- rs_device_info:
[9.835s] -- Device Name                   Serial Number       Firmware Version
[9.835s] Intel RealSense D435          215222076456        5.16.0.1
[9.836s] 
[9.836s] -- D455 device found
[10.716s] [33mCMake Warning at /opt/ros/foxy/share/ament_cmake_pytest/cmake/ament_add_pytest_test.cmake:77 (message):
[10.716s]   The Python module 'pytest' was not found, pytests can not be run (e.g.  on
[10.716s]   Ubuntu/Debian install the package 'python3-pytest')
[10.716s] Call Stack (most recent call first):
[10.716s]   CMakeLists.txt:367 (ament_add_pytest_test)
[10.716s] 
[10.716s] [0m
[11.584s] [33mCMake Warning at /opt/ros/foxy/share/ament_cmake_pytest/cmake/ament_add_pytest_test.cmake:77 (message):
[11.585s]   The Python module 'pytest' was not found, pytests can not be run (e.g.  on
[11.585s]   Ubuntu/Debian install the package 'python3-pytest')
[11.585s] Call Stack (most recent call first):
[11.585s]   CMakeLists.txt:367 (ament_add_pytest_test)
[11.585s] 
[11.585s] [0m
[12.456s] [33mCMake Warning at /opt/ros/foxy/share/ament_cmake_pytest/cmake/ament_add_pytest_test.cmake:77 (message):
[12.456s]   The Python module 'pytest' was not found, pytests can not be run (e.g.  on
[12.456s]   Ubuntu/Debian install the package 'python3-pytest')
[12.456s] Call Stack (most recent call first):
[12.456s]   CMakeLists.txt:367 (ament_add_pytest_test)
[12.456s] 
[12.456s] [0m
[13.325s] [33mCMake Warning at /opt/ros/foxy/share/ament_cmake_pytest/cmake/ament_add_pytest_test.cmake:77 (message):
[13.325s]   The Python module 'pytest' was not found, pytests can not be run (e.g.  on
[13.326s]   Ubuntu/Debian install the package 'python3-pytest')
[13.326s] Call Stack (most recent call first):
[13.326s]   CMakeLists.txt:367 (ament_add_pytest_test)
[13.326s] 
[13.326s] [0m
[14.192s] [33mCMake Warning at /opt/ros/foxy/share/ament_cmake_pytest/cmake/ament_add_pytest_test.cmake:77 (message):
[14.192s]   The Python module 'pytest' was not found, pytests can not be run (e.g.  on
[14.192s]   Ubuntu/Debian install the package 'python3-pytest')
[14.192s] Call Stack (most recent call first):
[14.192s]   CMakeLists.txt:367 (ament_add_pytest_test)
[14.192s] 
[14.192s] [0m
[15.065s] [33mCMake Warning at /opt/ros/foxy/share/ament_cmake_pytest/cmake/ament_add_pytest_test.cmake:77 (message):
[15.065s]   The Python module 'pytest' was not found, pytests can not be run (e.g.  on
[15.065s]   Ubuntu/Debian install the package 'python3-pytest')
[15.065s] Call Stack (most recent call first):
[15.065s]   CMakeLists.txt:367 (ament_add_pytest_test)
[15.065s] 
[15.065s] [0m
[15.934s] [33mCMake Warning at /opt/ros/foxy/share/ament_cmake_pytest/cmake/ament_add_pytest_test.cmake:77 (message):
[15.934s]   The Python module 'pytest' was not found, pytests can not be run (e.g.  on
[15.934s]   Ubuntu/Debian install the package 'python3-pytest')
[15.934s] Call Stack (most recent call first):
[15.935s]   CMakeLists.txt:367 (ament_add_pytest_test)
[15.935s] 
[15.935s] [0m
[16.804s] [33mCMake Warning at /opt/ros/foxy/share/ament_cmake_pytest/cmake/ament_add_pytest_test.cmake:77 (message):
[16.804s]   The Python module 'pytest' was not found, pytests can not be run (e.g.  on
[16.804s]   Ubuntu/Debian install the package 'python3-pytest')
[16.804s] Call Stack (most recent call first):
[16.804s]   CMakeLists.txt:367 (ament_add_pytest_test)
[16.804s] 
[16.804s] [0m
[16.846s] -- Configuring done
[16.867s] -- Generating done
[16.869s] -- Build files have been written to: /home/aiv/YongJun_ws/ros2_ws/build/realsense2_camera
[16.878s] Invoked command in '/home/aiv/YongJun_ws/ros2_ws/build/realsense2_camera' returned '0': AMENT_PREFIX_PATH=/home/aiv/YongJun_ws/ros2_ws/install/realsense2_camera_msgs:${AMENT_PREFIX_PATH} CMAKE_PREFIX_PATH=/home/aiv/YongJun_ws/ros2_ws/install/realsense2_camera_msgs:/opt/ros/foxy LD_LIBRARY_PATH=/home/aiv/YongJun_ws/ros2_ws/install/realsense2_camera_msgs/lib:/opt/ros/foxy/opt/yaml_cpp_vendor/lib:/opt/ros/foxy/opt/rviz_ogre_vendor/lib:/opt/ros/foxy/lib/x86_64-linux-gnu:/opt/ros/foxy/lib:/usr/local/cuda-11.8/lib64 PYTHONPATH=/home/aiv/YongJun_ws/ros2_ws/install/realsense2_camera_msgs/lib/python3.8/site-packages:${PYTHONPATH} /home/aiv/.local/bin/cmake /home/aiv/YongJun_ws/ros2_ws/src/realsense-ros/realsense2_camera -DAMENT_CMAKE_SYMLINK_INSTALL=1 -DCMAKE_INSTALL_PREFIX=/home/aiv/YongJun_ws/ros2_ws/install/realsense2_camera
[16.880s] Invoking command in '/home/aiv/YongJun_ws/ros2_ws/build/realsense2_camera': AMENT_PREFIX_PATH=/home/aiv/YongJun_ws/ros2_ws/install/realsense2_camera_msgs:${AMENT_PREFIX_PATH} CMAKE_PREFIX_PATH=/home/aiv/YongJun_ws/ros2_ws/install/realsense2_camera_msgs:/opt/ros/foxy LD_LIBRARY_PATH=/home/aiv/YongJun_ws/ros2_ws/install/realsense2_camera_msgs/lib:/opt/ros/foxy/opt/yaml_cpp_vendor/lib:/opt/ros/foxy/opt/rviz_ogre_vendor/lib:/opt/ros/foxy/lib/x86_64-linux-gnu:/opt/ros/foxy/lib:/usr/local/cuda-11.8/lib64 PYTHONPATH=/home/aiv/YongJun_ws/ros2_ws/install/realsense2_camera_msgs/lib/python3.8/site-packages:${PYTHONPATH} /home/aiv/.local/bin/cmake --build /home/aiv/YongJun_ws/ros2_ws/build/realsense2_camera -- -j32 -l32
[16.914s] [  4%] [32mBuilding CXX object CMakeFiles/realsense2_camera_node.dir/rclcpp_components/node_main_realsense2_camera_node.cpp.o[0m
[16.914s] [  9%] [32mBuilding CXX object gtest/CMakeFiles/gtest_main.dir/src/gtest_main.cc.o[0m
[16.914s] [ 13%] [32mBuilding CXX object gtest/CMakeFiles/gtest.dir/src/gtest-all.cc.o[0m
[16.915s] [ 18%] [32mBuilding CXX object CMakeFiles/realsense2_camera.dir/src/realsense_node_factory.cpp.o[0m
[16.915s] [ 22%] [32mBuilding CXX object CMakeFiles/realsense2_camera.dir/src/base_realsense_node.cpp.o[0m
[16.915s] [ 27%] [32mBuilding CXX object CMakeFiles/realsense2_camera.dir/src/parameters.cpp.o[0m
[16.916s] [ 31%] [32mBuilding CXX object CMakeFiles/realsense2_camera.dir/src/rs_node_setup.cpp.o[0m
[16.916s] [ 36%] [32mBuilding CXX object CMakeFiles/realsense2_camera.dir/src/ros_sensor.cpp.o[0m
[16.916s] [ 40%] [32mBuilding CXX object CMakeFiles/realsense2_camera.dir/src/dynamic_params.cpp.o[0m
[16.916s] [ 45%] [32mBuilding CXX object CMakeFiles/realsense2_camera.dir/src/sensor_params.cpp.o[0m
[16.917s] [ 50%] [32mBuilding CXX object CMakeFiles/realsense2_camera.dir/src/named_filter.cpp.o[0m
[16.917s] [ 54%] [32mBuilding CXX object CMakeFiles/realsense2_camera.dir/src/ros_utils.cpp.o[0m
[16.918s] [ 59%] [32mBuilding CXX object CMakeFiles/realsense2_camera.dir/src/profile_manager.cpp.o[0m
[16.919s] [ 63%] [32mBuilding CXX object CMakeFiles/realsense2_camera.dir/src/image_publisher.cpp.o[0m
[16.922s] [ 68%] [32mBuilding CXX object CMakeFiles/realsense2_camera.dir/src/tfs.cpp.o[0m
[16.923s] [ 72%] [32mBuilding CXX object CMakeFiles/realsense2_camera.dir/src/ros_param_backend.cpp.o[0m
[17.439s] [ 77%] [32m[1mLinking CXX static library libgtest_main.a[0m
[17.455s] [ 77%] Built target gtest_main
[18.920s] [ 81%] [32m[1mLinking CXX executable realsense2_camera_node[0m
[19.034s] [ 81%] Built target realsense2_camera_node
[23.503s] [ 86%] [32m[1mLinking CXX static library libgtest.a[0m
[23.514s] [ 86%] Built target gtest
[23.520s] [ 90%] [32mBuilding CXX object CMakeFiles/gtest_template.dir/test/gtest_template.cpp.o[0m
[23.976s] [ 95%] [32m[1mLinking CXX executable gtest_template[0m
[24.022s] [ 95%] Built target gtest_template
[25.455s] [100%] [32m[1mLinking CXX shared library librealsense2_camera.so[0m
[25.792s] [100%] Built target realsense2_camera
[25.805s] Invoked command in '/home/aiv/YongJun_ws/ros2_ws/build/realsense2_camera' returned '0': AMENT_PREFIX_PATH=/home/aiv/YongJun_ws/ros2_ws/install/realsense2_camera_msgs:${AMENT_PREFIX_PATH} CMAKE_PREFIX_PATH=/home/aiv/YongJun_ws/ros2_ws/install/realsense2_camera_msgs:/opt/ros/foxy LD_LIBRARY_PATH=/home/aiv/YongJun_ws/ros2_ws/install/realsense2_camera_msgs/lib:/opt/ros/foxy/opt/yaml_cpp_vendor/lib:/opt/ros/foxy/opt/rviz_ogre_vendor/lib:/opt/ros/foxy/lib/x86_64-linux-gnu:/opt/ros/foxy/lib:/usr/local/cuda-11.8/lib64 PYTHONPATH=/home/aiv/YongJun_ws/ros2_ws/install/realsense2_camera_msgs/lib/python3.8/site-packages:${PYTHONPATH} /home/aiv/.local/bin/cmake --build /home/aiv/YongJun_ws/ros2_ws/build/realsense2_camera -- -j32 -l32
[25.871s] Invoking command in '/home/aiv/YongJun_ws/ros2_ws/build/realsense2_camera': AMENT_PREFIX_PATH=/home/aiv/YongJun_ws/ros2_ws/install/realsense2_camera_msgs:${AMENT_PREFIX_PATH} CMAKE_PREFIX_PATH=/home/aiv/YongJun_ws/ros2_ws/install/realsense2_camera_msgs:/opt/ros/foxy LD_LIBRARY_PATH=/home/aiv/YongJun_ws/ros2_ws/install/realsense2_camera_msgs/lib:/opt/ros/foxy/opt/yaml_cpp_vendor/lib:/opt/ros/foxy/opt/rviz_ogre_vendor/lib:/opt/ros/foxy/lib/x86_64-linux-gnu:/opt/ros/foxy/lib:/usr/local/cuda-11.8/lib64 PYTHONPATH=/home/aiv/YongJun_ws/ros2_ws/install/realsense2_camera_msgs/lib/python3.8/site-packages:${PYTHONPATH} /home/aiv/.local/bin/cmake --install /home/aiv/YongJun_ws/ros2_ws/build/realsense2_camera
[25.897s] -- Install configuration: "Release"
[25.898s] -- Execute custom install script
[25.898s] -- Symlinking: /home/aiv/YongJun_ws/ros2_ws/install/realsense2_camera/lib/realsense2_camera/realsense2_camera_node
[25.901s] -- Symlinking: /home/aiv/YongJun_ws/ros2_ws/install/realsense2_camera/lib/librealsense2_camera.so
[25.903s] -- Symlinking: /home/aiv/YongJun_ws/ros2_ws/install/realsense2_camera/include/base_realsense_node.h
[25.905s] -- Symlinking: /home/aiv/YongJun_ws/ros2_ws/install/realsense2_camera/include/constants.h
[25.908s] -- Symlinking: /home/aiv/YongJun_ws/ros2_ws/install/realsense2_camera/include/dynamic_params.h
[25.910s] -- Symlinking: /home/aiv/YongJun_ws/ros2_ws/install/realsense2_camera/include/gl_window.h
[25.913s] -- Symlinking: /home/aiv/YongJun_ws/ros2_ws/install/realsense2_camera/include/image_publisher.h
[25.915s] -- Symlinking: /home/aiv/YongJun_ws/ros2_ws/install/realsense2_camera/include/named_filter.h
[25.917s] -- Symlinking: /home/aiv/YongJun_ws/ros2_ws/install/realsense2_camera/include/profile_manager.h
[25.920s] -- Symlinking: /home/aiv/YongJun_ws/ros2_ws/install/realsense2_camera/include/realsense_node_factory.h
[25.922s] -- Symlinking: /home/aiv/YongJun_ws/ros2_ws/install/realsense2_camera/include/ros_param_backend.h
[25.925s] -- Symlinking: /home/aiv/YongJun_ws/ros2_ws/install/realsense2_camera/include/ros_sensor.h
[25.927s] -- Symlinking: /home/aiv/YongJun_ws/ros2_ws/install/realsense2_camera/include/ros_utils.h
[25.930s] -- Symlinking: /home/aiv/YongJun_ws/ros2_ws/install/realsense2_camera/include/sensor_params.h
[25.932s] -- Symlinking: /home/aiv/YongJun_ws/ros2_ws/install/realsense2_camera/share/realsense2_camera/launch/default.rviz
[25.935s] -- Symlinking: /home/aiv/YongJun_ws/ros2_ws/install/realsense2_camera/share/realsense2_camera/launch/rs_intra_process_demo_launch.py
[25.937s] -- Symlinking: /home/aiv/YongJun_ws/ros2_ws/install/realsense2_camera/share/realsense2_camera/launch/rs_launch.py
[25.940s] -- Symlinking: /home/aiv/YongJun_ws/ros2_ws/install/realsense2_camera/share/realsense2_camera/launch/rs_multi_camera_launch.py
[25.943s] -- Symlinking: /home/aiv/YongJun_ws/ros2_ws/install/realsense2_camera/share/realsense2_camera/examples/align_depth/README.md
[25.945s] -- Symlinking: /home/aiv/YongJun_ws/ros2_ws/install/realsense2_camera/share/realsense2_camera/examples/align_depth/rs_align_depth_launch.py
[25.947s] -- Symlinking: /home/aiv/YongJun_ws/ros2_ws/install/realsense2_camera/share/realsense2_camera/examples/dual_camera/README.md
[25.950s] -- Symlinking: /home/aiv/YongJun_ws/ros2_ws/install/realsense2_camera/share/realsense2_camera/examples/dual_camera/rs_dual_camera_launch.py
[25.952s] -- Symlinking: /home/aiv/YongJun_ws/ros2_ws/install/realsense2_camera/share/realsense2_camera/examples/dual_camera/rviz/dual_camera_pointcloud.rviz
[25.954s] -- Symlinking: /home/aiv/YongJun_ws/ros2_ws/install/realsense2_camera/share/realsense2_camera/examples/launch_from_rosbag/README.md
[25.957s] -- Symlinking: /home/aiv/YongJun_ws/ros2_ws/install/realsense2_camera/share/realsense2_camera/examples/launch_from_rosbag/rs_launch_from_rosbag.py
[25.959s] -- Symlinking: /home/aiv/YongJun_ws/ros2_ws/install/realsense2_camera/share/realsense2_camera/examples/launch_params_from_file/README.md
[25.962s] -- Symlinking: /home/aiv/YongJun_ws/ros2_ws/install/realsense2_camera/share/realsense2_camera/examples/launch_params_from_file/config/config.yaml
[25.964s] -- Symlinking: /home/aiv/YongJun_ws/ros2_ws/install/realsense2_camera/share/realsense2_camera/examples/launch_params_from_file/rs_launch_get_params_from_yaml.py
[25.967s] -- Symlinking: /home/aiv/YongJun_ws/ros2_ws/install/realsense2_camera/share/realsense2_camera/examples/pointcloud/README.md
[25.969s] -- Symlinking: /home/aiv/YongJun_ws/ros2_ws/install/realsense2_camera/share/realsense2_camera/examples/pointcloud/rs_d405_pointcloud_launch.py
[25.971s] -- Symlinking: /home/aiv/YongJun_ws/ros2_ws/install/realsense2_camera/share/realsense2_camera/examples/pointcloud/rs_d455_pointcloud_launch.py
[25.974s] -- Symlinking: /home/aiv/YongJun_ws/ros2_ws/install/realsense2_camera/share/realsense2_camera/examples/pointcloud/rs_pointcloud_launch.py
[25.976s] -- Symlinking: /home/aiv/YongJun_ws/ros2_ws/install/realsense2_camera/share/realsense2_camera/examples/pointcloud/rviz/pointcloud.rviz
[25.979s] -- Symlinking: /home/aiv/YongJun_ws/ros2_ws/install/realsense2_camera/share/realsense2_camera/examples/pointcloud/rviz/urdf_pointcloud.rviz
[25.981s] -- Symlinking: /home/aiv/YongJun_ws/ros2_ws/install/realsense2_camera/share/realsense2_camera/environment/library_path.sh
[25.984s] -- Symlinking: /home/aiv/YongJun_ws/ros2_ws/install/realsense2_camera/share/realsense2_camera/environment/library_path.dsv
[25.986s] -- Symlinking: /home/aiv/YongJun_ws/ros2_ws/install/realsense2_camera/share/ament_index/resource_index/package_run_dependencies/realsense2_camera
[25.989s] -- Symlinking: /home/aiv/YongJun_ws/ros2_ws/install/realsense2_camera/share/ament_index/resource_index/parent_prefix_path/realsense2_camera
[25.991s] -- Symlinking: /home/aiv/YongJun_ws/ros2_ws/install/realsense2_camera/share/realsense2_camera/environment/ament_prefix_path.sh
[25.994s] -- Symlinking: /home/aiv/YongJun_ws/ros2_ws/install/realsense2_camera/share/realsense2_camera/environment/ament_prefix_path.dsv
[25.996s] -- Symlinking: /home/aiv/YongJun_ws/ros2_ws/install/realsense2_camera/share/realsense2_camera/environment/path.sh
[25.998s] -- Symlinking: /home/aiv/YongJun_ws/ros2_ws/install/realsense2_camera/share/realsense2_camera/environment/path.dsv
[26.001s] -- Symlinking: /home/aiv/YongJun_ws/ros2_ws/install/realsense2_camera/share/realsense2_camera/local_setup.bash
[26.003s] -- Symlinking: /home/aiv/YongJun_ws/ros2_ws/install/realsense2_camera/share/realsense2_camera/local_setup.sh
[26.006s] -- Symlinking: /home/aiv/YongJun_ws/ros2_ws/install/realsense2_camera/share/realsense2_camera/local_setup.zsh
[26.008s] -- Symlinking: /home/aiv/YongJun_ws/ros2_ws/install/realsense2_camera/share/realsense2_camera/local_setup.dsv
[26.010s] -- Symlinking: /home/aiv/YongJun_ws/ros2_ws/install/realsense2_camera/share/realsense2_camera/package.dsv
[26.013s] -- Symlinking: /home/aiv/YongJun_ws/ros2_ws/install/realsense2_camera/share/ament_index/resource_index/packages/realsense2_camera
[26.015s] -- Symlinking: /home/aiv/YongJun_ws/ros2_ws/install/realsense2_camera/share/ament_index/resource_index/rclcpp_components/realsense2_camera
[26.018s] -- Symlinking: /home/aiv/YongJun_ws/ros2_ws/install/realsense2_camera/share/realsense2_camera/cmake/ament_cmake_export_include_directories-extras.cmake
[26.020s] -- Symlinking: /home/aiv/YongJun_ws/ros2_ws/install/realsense2_camera/share/realsense2_camera/cmake/ament_cmake_export_libraries-extras.cmake
[26.023s] -- Symlinking: /home/aiv/YongJun_ws/ros2_ws/install/realsense2_camera/share/realsense2_camera/cmake/ament_cmake_export_dependencies-extras.cmake
[26.026s] -- Symlinking: /home/aiv/YongJun_ws/ros2_ws/install/realsense2_camera/share/realsense2_camera/cmake/realsense2_cameraConfig.cmake
[26.028s] -- Symlinking: /home/aiv/YongJun_ws/ros2_ws/install/realsense2_camera/share/realsense2_camera/cmake/realsense2_cameraConfig-version.cmake
[26.030s] -- Symlinking: /home/aiv/YongJun_ws/ros2_ws/install/realsense2_camera/share/realsense2_camera/package.xml
[26.038s] Invoked command in '/home/aiv/YongJun_ws/ros2_ws/build/realsense2_camera' returned '0': AMENT_PREFIX_PATH=/home/aiv/YongJun_ws/ros2_ws/install/realsense2_camera_msgs:${AMENT_PREFIX_PATH} CMAKE_PREFIX_PATH=/home/aiv/YongJun_ws/ros2_ws/install/realsense2_camera_msgs:/opt/ros/foxy LD_LIBRARY_PATH=/home/aiv/YongJun_ws/ros2_ws/install/realsense2_camera_msgs/lib:/opt/ros/foxy/opt/yaml_cpp_vendor/lib:/opt/ros/foxy/opt/rviz_ogre_vendor/lib:/opt/ros/foxy/lib/x86_64-linux-gnu:/opt/ros/foxy/lib:/usr/local/cuda-11.8/lib64 PYTHONPATH=/home/aiv/YongJun_ws/ros2_ws/install/realsense2_camera_msgs/lib/python3.8/site-packages:${PYTHONPATH} /home/aiv/.local/bin/cmake --install /home/aiv/YongJun_ws/ros2_ws/build/realsense2_camera
