[0.007s] Invoking command in '/home/yong/yolov8_ros/build/yolov8_bringup': AMENT_PREFIX_PATH=/home/yong/yolov8_ros/install/yolov8_ros:/home/yong/yolov8_ros/install/yolov8_bringup:/home/yong/yolov8_ros/install/yolov8_msgs:/opt/ros/foxy CMAKE_PREFIX_PATH=${CMAKE_PREFIX_PATH}:/home/yong/yolov8_ros/install/yolov8_ros:/opt/ros/foxy /usr/bin/cmake --build /home/yong/yolov8_ros/build/yolov8_bringup -- -j8 -l8
[0.032s] Invoked command in '/home/yong/yolov8_ros/build/yolov8_bringup' returned '0': AMENT_PREFIX_PATH=/home/yong/yolov8_ros/install/yolov8_ros:/home/yong/yolov8_ros/install/yolov8_bringup:/home/yong/yolov8_ros/install/yolov8_msgs:/opt/ros/foxy CMAKE_PREFIX_PATH=${CMAKE_PREFIX_PATH}:/home/yong/yolov8_ros/install/yolov8_ros:/opt/ros/foxy /usr/bin/cmake --build /home/yong/yolov8_ros/build/yolov8_bringup -- -j8 -l8
[0.053s] Invoking command in '/home/yong/yolov8_ros/build/yolov8_bringup': AMENT_PREFIX_PATH=/home/yong/yolov8_ros/install/yolov8_ros:/home/yong/yolov8_ros/install/yolov8_bringup:/home/yong/yolov8_ros/install/yolov8_msgs:/opt/ros/foxy CMAKE_PREFIX_PATH=${CMAKE_PREFIX_PATH}:/home/yong/yolov8_ros/install/yolov8_ros:/opt/ros/foxy /usr/bin/cmake --install /home/yong/yolov8_ros/build/yolov8_bringup
[0.058s] -- Install configuration: ""
[0.058s] -- Execute custom install script
[0.059s] -- Up-to-date symlink: /home/yong/yolov8_ros/install/yolov8_bringup/share/yolov8_bringup//launch/yolov8.launch.py
[0.059s] -- Up-to-date symlink: /home/yong/yolov8_ros/install/yolov8_bringup/share/yolov8_bringup//launch/yolov8_3d.launch.py
[0.059s] -- Up-to-date symlink: /home/yong/yolov8_ros/install/yolov8_bringup/share/yolov8_bringup//launch/yolov9.launch.py
[0.059s] -- Up-to-date symlink: /home/yong/yolov8_ros/install/yolov8_bringup/share/ament_index/resource_index/package_run_dependencies/yolov8_bringup
[0.059s] -- Up-to-date symlink: /home/yong/yolov8_ros/install/yolov8_bringup/share/ament_index/resource_index/parent_prefix_path/yolov8_bringup
[0.060s] -- Up-to-date symlink: /home/yong/yolov8_ros/install/yolov8_bringup/share/yolov8_bringup/environment/ament_prefix_path.sh
[0.060s] -- Up-to-date symlink: /home/yong/yolov8_ros/install/yolov8_bringup/share/yolov8_bringup/environment/ament_prefix_path.dsv
[0.060s] -- Up-to-date symlink: /home/yong/yolov8_ros/install/yolov8_bringup/share/yolov8_bringup/environment/path.sh
[0.060s] -- Up-to-date symlink: /home/yong/yolov8_ros/install/yolov8_bringup/share/yolov8_bringup/environment/path.dsv
[0.060s] -- Up-to-date symlink: /home/yong/yolov8_ros/install/yolov8_bringup/share/yolov8_bringup/local_setup.bash
[0.061s] -- Up-to-date symlink: /home/yong/yolov8_ros/install/yolov8_bringup/share/yolov8_bringup/local_setup.sh
[0.061s] -- Up-to-date symlink: /home/yong/yolov8_ros/install/yolov8_bringup/share/yolov8_bringup/local_setup.zsh
[0.061s] -- Up-to-date symlink: /home/yong/yolov8_ros/install/yolov8_bringup/share/yolov8_bringup/local_setup.dsv
[0.061s] -- Symlinking: /home/yong/yolov8_ros/install/yolov8_bringup/share/yolov8_bringup/package.dsv
[0.067s] -- Up-to-date symlink: /home/yong/yolov8_ros/install/yolov8_bringup/share/ament_index/resource_index/packages/yolov8_bringup
[0.068s] -- Up-to-date symlink: /home/yong/yolov8_ros/install/yolov8_bringup/share/yolov8_bringup/cmake/yolov8_bringupConfig.cmake
[0.068s] -- Up-to-date symlink: /home/yong/yolov8_ros/install/yolov8_bringup/share/yolov8_bringup/cmake/yolov8_bringupConfig-version.cmake
[0.068s] -- Up-to-date symlink: /home/yong/yolov8_ros/install/yolov8_bringup/share/yolov8_bringup/package.xml
[0.069s] Invoked command in '/home/yong/yolov8_ros/build/yolov8_bringup' returned '0': AMENT_PREFIX_PATH=/home/yong/yolov8_ros/install/yolov8_ros:/home/yong/yolov8_ros/install/yolov8_bringup:/home/yong/yolov8_ros/install/yolov8_msgs:/opt/ros/foxy CMAKE_PREFIX_PATH=${CMAKE_PREFIX_PATH}:/home/yong/yolov8_ros/install/yolov8_ros:/opt/ros/foxy /usr/bin/cmake --install /home/yong/yolov8_ros/build/yolov8_bringup
