[0.008s] Invoking command in '/home/yong/sensor/build/usb_cam': CMAKE_PREFIX_PATH=${CMAKE_PREFIX_PATH}:/home/yong/sensor/install/yolov8_ros:/home/yong/sensor/install/yolov5_ros2:/home/yong/sensor/install/yolov5_ros:/opt/ros/foxy /usr/bin/cmake /home/yong/sensor/src/usb_cam -DCMAKE_INSTALL_PREFIX=/home/yong/sensor/install/usb_cam
[0.043s] -- The C compiler identification is GNU 9.4.0
[0.077s] -- The CXX compiler identification is GNU 9.4.0
[0.081s] -- Check for working C compiler: /usr/bin/cc
[0.125s] -- Check for working C compiler: /usr/bin/cc -- works
[0.126s] -- Detecting C compiler ABI info
[0.180s] -- Detecting C compiler ABI info - done
[0.193s] -- Detecting C compile features
[0.193s] -- Detecting C compile features - done
[0.195s] -- Check for working CXX compiler: /usr/bin/c++
[0.259s] -- Check for working CXX compiler: /usr/bin/c++ -- works
[0.260s] -- Detecting CXX compiler ABI info
[0.318s] -- Detecting CXX compiler ABI info - done
[0.329s] -- Detecting CXX compile features
[0.329s] -- Detecting CXX compile features - done
[0.331s] -- Found ament_cmake_auto: 0.9.12 (/opt/ros/foxy/share/ament_cmake_auto/cmake)
[0.352s] -- Found PythonInterp: /usr/bin/python3 (found suitable version "3.8.10", minimum required is "3") 
[0.352s] -- Using PYTHON_EXECUTABLE: /usr/bin/python3
[0.590s] -- Using all available rosidl_typesupport_c: rosidl_typesupport_fastrtps_c;rosidl_typesupport_introspection_c
[0.594s] -- Found rosidl_adapter: 1.3.1 (/opt/ros/foxy/share/rosidl_adapter/cmake)
[0.640s] -- Found OpenSSL: /usr/lib/x86_64-linux-gnu/libcrypto.so (found version "1.1.1f")  
[0.659s] -- Found FastRTPS: /opt/ros/foxy/include  
[0.711s] -- Using all available rosidl_typesupport_cpp: rosidl_typesupport_fastrtps_cpp;rosidl_typesupport_introspection_cpp
[0.757s] -- Found rmw_implementation_cmake: 1.0.4 (/opt/ros/foxy/share/rmw_implementation_cmake/cmake)
[0.758s] -- Using RMW implementation 'rmw_fastrtps_cpp' as default
[0.760s] -- Looking for pthread.h
[0.805s] -- Looking for pthread.h - found
[0.805s] -- Performing Test CMAKE_HAVE_LIBC_PTHREAD
[0.852s] -- Performing Test CMAKE_HAVE_LIBC_PTHREAD - Failed
[0.852s] -- Looking for pthread_create in pthreads
[0.889s] -- Looking for pthread_create in pthreads - not found
[0.889s] -- Looking for pthread_create in pthread
[0.939s] -- Looking for pthread_create in pthread - found
[0.939s] -- Found Threads: TRUE  
[1.258s] -- Setting yaml-cpp_DIR to: '/opt/ros/foxy/share/yaml_cpp_vendor/cmake/../../../opt/yaml_cpp_vendor/lib/cmake/yaml-cpp'
[1.355s] -- Found OpenCV: /usr (found version "4.2.0") 
[1.358s] -- Found PkgConfig: /usr/bin/pkg-config (found version "0.29.1") 
[1.358s] -- Checking for module 'libavcodec'
[1.368s] --   Found libavcodec, version 58.54.100
[1.390s] -- Checking for module 'libavutil'
[1.398s] --   Found libavutil, version 56.31.100
[1.419s] -- Checking for module 'libswscale'
[1.428s] --   Found libswscale, version 5.5.100
[1.499s] -- Found ament_lint_auto: 0.9.8 (/opt/ros/foxy/share/ament_lint_auto/cmake)
[1.515s] -- Found gtest sources under '/opt/ros/foxy/src/gtest_vendor': C++ tests using 'Google Test' will be built
[1.517s] -- Check if compiler accepts -pthread
[1.564s] -- Check if compiler accepts -pthread - yes
[1.570s] -- Added test 'copyright' to check source files copyright and LICENSE
[1.573s] -- Added test 'cppcheck' to perform static code analysis on C / C++ code
[1.573s] -- Configured cppcheck include dirs: /home/yong/sensor/src/usb_cam/include
[1.573s] -- Configured cppcheck exclude dirs and/or files: 
[1.576s] -- Added test 'cpplint' to check C / C++ code against the Google style
[1.576s] -- Configured cpplint exclude dirs and/or files: 
[1.577s] -- Added test 'flake8' to check Python code syntax and style conventions
[1.578s] -- Added test 'lint_cmake' to check CMake code style
[1.578s] -- Added test 'pep257' to check Python code against some of the style conventions in PEP 257
[1.581s] -- Added test 'uncrustify' to check C / C++ code style
[1.581s] -- Configured uncrustify additional arguments: 
[1.581s] -- Added test 'xmllint' to check XML markup files
[1.585s] -- Configuring done
[1.618s] -- Generating done
[1.619s] -- Build files have been written to: /home/yong/sensor/build/usb_cam
[1.625s] Invoked command in '/home/yong/sensor/build/usb_cam' returned '0': CMAKE_PREFIX_PATH=${CMAKE_PREFIX_PATH}:/home/yong/sensor/install/yolov8_ros:/home/yong/sensor/install/yolov5_ros2:/home/yong/sensor/install/yolov5_ros:/opt/ros/foxy /usr/bin/cmake /home/yong/sensor/src/usb_cam -DCMAKE_INSTALL_PREFIX=/home/yong/sensor/install/usb_cam
[1.627s] Invoking command in '/home/yong/sensor/build/usb_cam': CMAKE_PREFIX_PATH=${CMAKE_PREFIX_PATH}:/home/yong/sensor/install/yolov8_ros:/home/yong/sensor/install/yolov5_ros2:/home/yong/sensor/install/yolov5_ros:/opt/ros/foxy /usr/bin/cmake --build /home/yong/sensor/build/usb_cam -- -j8 -l8
[1.654s] [35m[1mScanning dependencies of target usb_cam_node_exe[0m
[1.654s] [35m[1mScanning dependencies of target gtest_main[0m
[1.654s] [35m[1mScanning dependencies of target usb_cam[0m
[1.655s] [35m[1mScanning dependencies of target gtest[0m
[1.668s] [ 14%] [32mBuilding CXX object gtest/CMakeFiles/gtest_main.dir/src/gtest_main.cc.o[0m
[1.668s] [ 14%] [32mBuilding CXX object gtest/CMakeFiles/gtest.dir/src/gtest-all.cc.o[0m
[1.692s] [ 21%] [32mBuilding CXX object CMakeFiles/usb_cam.dir/src/usb_cam.cpp.o[0m
[1.710s] [ 28%] [32mBuilding CXX object CMakeFiles/usb_cam_node_exe.dir/rclcpp_components/node_main_usb_cam_node_exe.cpp.o[0m
[2.472s] [ 35%] [32m[1mLinking CXX static library libgtest_main.a[0m
[2.494s] [ 35%] Built target gtest_main
[3.230s] [ 42%] [32m[1mLinking CXX shared library libusb_cam.so[0m
[3.251s] [ 50%] [32m[1mLinking CXX executable usb_cam_node_exe[0m
[3.345s] [ 50%] Built target usb_cam_node_exe
[3.363s] [ 50%] Built target usb_cam
[3.370s] [35m[1mScanning dependencies of target usb_cam_node[0m
[3.413s] [ 57%] [32mBuilding CXX object CMakeFiles/usb_cam_node.dir/src/ros2/usb_cam_node.cpp.o[0m
[4.197s] [ 64%] [32m[1mLinking CXX static library libgtest.a[0m
[4.230s] [ 64%] Built target gtest
[4.237s] [35m[1mScanning dependencies of target test_usb_cam_utils[0m
[4.237s] [35m[1mScanning dependencies of target test_pixel_formats[0m
[4.247s] [ 71%] [32mBuilding CXX object CMakeFiles/test_usb_cam_utils.dir/test/test_usb_cam_utils.cpp.o[0m
[4.258s] [ 78%] [32mBuilding CXX object CMakeFiles/test_pixel_formats.dir/test/test_pixel_formats.cpp.o[0m
[5.343s] [ 85%] [32m[1mLinking CXX executable test_usb_cam_utils[0m
[5.454s] [ 85%] Built target test_usb_cam_utils
[5.617s] [ 92%] [32m[1mLinking CXX executable test_pixel_formats[0m
[5.721s] [ 92%] Built target test_pixel_formats
[7.763s] [100%] [32m[1mLinking CXX shared library libusb_cam_node.so[0m
[8.002s] [100%] Built target usb_cam_node
[8.009s] Invoked command in '/home/yong/sensor/build/usb_cam' returned '0': CMAKE_PREFIX_PATH=${CMAKE_PREFIX_PATH}:/home/yong/sensor/install/yolov8_ros:/home/yong/sensor/install/yolov5_ros2:/home/yong/sensor/install/yolov5_ros:/opt/ros/foxy /usr/bin/cmake --build /home/yong/sensor/build/usb_cam -- -j8 -l8
[8.037s] Invoking command in '/home/yong/sensor/build/usb_cam': CMAKE_PREFIX_PATH=${CMAKE_PREFIX_PATH}:/home/yong/sensor/install/yolov8_ros:/home/yong/sensor/install/yolov5_ros2:/home/yong/sensor/install/yolov5_ros:/opt/ros/foxy /usr/bin/cmake --install /home/yong/sensor/build/usb_cam
[8.042s] -- Install configuration: ""
[8.042s] -- Installing: /home/yong/sensor/install/usb_cam/share/usb_cam/environment/library_path.sh
[8.042s] -- Installing: /home/yong/sensor/install/usb_cam/share/usb_cam/environment/library_path.dsv
[8.042s] -- Installing: /home/yong/sensor/install/usb_cam/lib/usb_cam/usb_cam_node_exe
[8.043s] -- Set runtime path of "/home/yong/sensor/install/usb_cam/lib/usb_cam/usb_cam_node_exe" to ""
[8.043s] -- Installing: /home/yong/sensor/install/usb_cam/lib/usb_cam/show_image.py
[8.043s] -- Installing: /home/yong/sensor/install/usb_cam/lib/libusb_cam.so
[8.043s] -- Installing: /home/yong/sensor/install/usb_cam/lib/libusb_cam_node.so
[8.045s] -- Set runtime path of "/home/yong/sensor/install/usb_cam/lib/libusb_cam_node.so" to ""
[8.045s] -- Installing: /home/yong/sensor/install/usb_cam/include
[8.045s] -- Installing: /home/yong/sensor/install/usb_cam/include/usb_cam
[8.045s] -- Installing: /home/yong/sensor/install/usb_cam/include/usb_cam/usb_cam.hpp
[8.045s] -- Installing: /home/yong/sensor/install/usb_cam/include/usb_cam/formats
[8.045s] -- Installing: /home/yong/sensor/install/usb_cam/include/usb_cam/formats/pixel_format_base.hpp
[8.045s] -- Installing: /home/yong/sensor/install/usb_cam/include/usb_cam/formats/mono.hpp
[8.045s] -- Installing: /home/yong/sensor/install/usb_cam/include/usb_cam/formats/mjpeg.hpp
[8.045s] -- Installing: /home/yong/sensor/install/usb_cam/include/usb_cam/formats/yuyv.hpp
[8.045s] -- Installing: /home/yong/sensor/install/usb_cam/include/usb_cam/formats/av_pixel_format_helper.hpp
[8.045s] -- Installing: /home/yong/sensor/install/usb_cam/include/usb_cam/formats/rgb.hpp
[8.045s] -- Installing: /home/yong/sensor/install/usb_cam/include/usb_cam/formats/utils.hpp
[8.045s] -- Installing: /home/yong/sensor/install/usb_cam/include/usb_cam/formats/uyvy.hpp
[8.046s] -- Installing: /home/yong/sensor/install/usb_cam/include/usb_cam/formats/m420.hpp
[8.046s] -- Installing: /home/yong/sensor/install/usb_cam/include/usb_cam/constants.hpp
[8.046s] -- Installing: /home/yong/sensor/install/usb_cam/include/usb_cam/utils.hpp
[8.046s] -- Installing: /home/yong/sensor/install/usb_cam/include/usb_cam/usb_cam_node.hpp
[8.046s] -- Installing: /home/yong/sensor/install/usb_cam/include/usb_cam/conversions.hpp
[8.046s] -- Up-to-date: /home/yong/sensor/install/usb_cam/lib/libusb_cam_node.so
[8.046s] -- Installing: /home/yong/sensor/install/usb_cam/share/usb_cam/launch
[8.046s] -- Installing: /home/yong/sensor/install/usb_cam/share/usb_cam/launch/__init__.py
[8.046s] -- Installing: /home/yong/sensor/install/usb_cam/share/usb_cam/launch/camera_config.py
[8.046s] -- Installing: /home/yong/sensor/install/usb_cam/share/usb_cam/launch/camera.launch.py
[8.046s] -- Installing: /home/yong/sensor/install/usb_cam/share/usb_cam/config
[8.046s] -- Installing: /home/yong/sensor/install/usb_cam/share/usb_cam/config/camera_info.yaml
[8.046s] -- Installing: /home/yong/sensor/install/usb_cam/share/usb_cam/config/params_1.yaml
[8.046s] -- Installing: /home/yong/sensor/install/usb_cam/share/usb_cam/config/params_2.yaml
[8.046s] -- Installing: /home/yong/sensor/install/usb_cam/share/ament_index/resource_index/package_run_dependencies/usb_cam
[8.046s] -- Installing: /home/yong/sensor/install/usb_cam/share/ament_index/resource_index/parent_prefix_path/usb_cam
[8.046s] -- Installing: /home/yong/sensor/install/usb_cam/share/usb_cam/environment/ament_prefix_path.sh
[8.046s] -- Installing: /home/yong/sensor/install/usb_cam/share/usb_cam/environment/ament_prefix_path.dsv
[8.047s] -- Installing: /home/yong/sensor/install/usb_cam/share/usb_cam/environment/path.sh
[8.047s] -- Installing: /home/yong/sensor/install/usb_cam/share/usb_cam/environment/path.dsv
[8.047s] -- Installing: /home/yong/sensor/install/usb_cam/share/usb_cam/local_setup.bash
[8.047s] -- Installing: /home/yong/sensor/install/usb_cam/share/usb_cam/local_setup.sh
[8.047s] -- Installing: /home/yong/sensor/install/usb_cam/share/usb_cam/local_setup.zsh
[8.047s] -- Installing: /home/yong/sensor/install/usb_cam/share/usb_cam/local_setup.dsv
[8.047s] -- Installing: /home/yong/sensor/install/usb_cam/share/usb_cam/package.dsv
[8.047s] -- Installing: /home/yong/sensor/install/usb_cam/share/ament_index/resource_index/packages/usb_cam
[8.047s] -- Installing: /home/yong/sensor/install/usb_cam/share/ament_index/resource_index/rclcpp_components/usb_cam
[8.047s] -- Installing: /home/yong/sensor/install/usb_cam/share/usb_cam/cmake/ament_cmake_export_libraries-extras.cmake
[8.047s] -- Installing: /home/yong/sensor/install/usb_cam/share/usb_cam/cmake/ament_cmake_export_dependencies-extras.cmake
[8.047s] -- Installing: /home/yong/sensor/install/usb_cam/share/usb_cam/cmake/ament_cmake_export_include_directories-extras.cmake
[8.047s] -- Installing: /home/yong/sensor/install/usb_cam/share/usb_cam/cmake/usb_camConfig.cmake
[8.047s] -- Installing: /home/yong/sensor/install/usb_cam/share/usb_cam/cmake/usb_camConfig-version.cmake
[8.047s] -- Installing: /home/yong/sensor/install/usb_cam/share/usb_cam/package.xml
[8.049s] Invoked command in '/home/yong/sensor/build/usb_cam' returned '0': CMAKE_PREFIX_PATH=${CMAKE_PREFIX_PATH}:/home/yong/sensor/install/yolov8_ros:/home/yong/sensor/install/yolov5_ros2:/home/yong/sensor/install/yolov5_ros:/opt/ros/foxy /usr/bin/cmake --install /home/yong/sensor/build/usb_cam
