[0.198s] Invoking command in '/home/yong/YongJun_ws/YongJun/build/usb_cam': CMAKE_PREFIX_PATH=${CMAKE_PREFIX_PATH}:/home/yong/YongJun_ws/YongJun/install/yolov8_ros:/home/yong/YongJun/install/yolov8_ros:/opt/ros/foxy /usr/bin/cmake /home/yong/YongJun_ws/YongJun/src/sensor/src/usb_cam -DAMENT_CMAKE_SYMLINK_INSTALL=1 -DCMAKE_INSTALL_PREFIX=/home/yong/YongJun_ws/YongJun/install/usb_cam
[0.235s] -- The C compiler identification is GNU 9.4.0
[0.272s] -- The CXX compiler identification is GNU 9.4.0
[0.275s] -- Check for working C compiler: /usr/bin/cc
[0.319s] -- Check for working C compiler: /usr/bin/cc -- works
[0.320s] -- Detecting C compiler ABI info
[0.364s] -- Detecting C compiler ABI info - done
[0.373s] -- Detecting C compile features
[0.373s] -- Detecting C compile features - done
[0.375s] -- Check for working CXX compiler: /usr/bin/c++
[0.428s] -- Check for working CXX compiler: /usr/bin/c++ -- works
[0.429s] -- Detecting CXX compiler ABI info
[0.481s] -- Detecting CXX compiler ABI info - done
[0.490s] -- Detecting CXX compile features
[0.490s] -- Detecting CXX compile features - done
[0.491s] -- Found ament_cmake_auto: 0.9.12 (/opt/ros/foxy/share/ament_cmake_auto/cmake)
[0.509s] -- Found PythonInterp: /usr/bin/python3 (found suitable version "3.8.10", minimum required is "3") 
[0.509s] -- Using PYTHON_EXECUTABLE: /usr/bin/python3
[0.668s] -- Override CMake install command with custom implementation using symlinks instead of copying resources
[0.762s] -- Using all available rosidl_typesupport_c: rosidl_typesupport_fastrtps_c;rosidl_typesupport_introspection_c
[0.766s] -- Found rosidl_adapter: 1.3.1 (/opt/ros/foxy/share/rosidl_adapter/cmake)
[0.816s] -- Found OpenSSL: /usr/lib/x86_64-linux-gnu/libcrypto.so (found version "1.1.1f")  
[0.837s] -- Found FastRTPS: /opt/ros/foxy/include  
[0.892s] -- Using all available rosidl_typesupport_cpp: rosidl_typesupport_fastrtps_cpp;rosidl_typesupport_introspection_cpp
[0.934s] -- Found rmw_implementation_cmake: 1.0.4 (/opt/ros/foxy/share/rmw_implementation_cmake/cmake)
[0.935s] -- Using RMW implementation 'rmw_fastrtps_cpp' as default
[0.936s] -- Looking for pthread.h
[0.982s] -- Looking for pthread.h - found
[0.983s] -- Performing Test CMAKE_HAVE_LIBC_PTHREAD
[1.030s] -- Performing Test CMAKE_HAVE_LIBC_PTHREAD - Failed
[1.030s] -- Looking for pthread_create in pthreads
[1.069s] -- Looking for pthread_create in pthreads - not found
[1.070s] -- Looking for pthread_create in pthread
[1.115s] -- Looking for pthread_create in pthread - found
[1.115s] -- Found Threads: TRUE  
[1.419s] -- Setting yaml-cpp_DIR to: '/opt/ros/foxy/share/yaml_cpp_vendor/cmake/../../../opt/yaml_cpp_vendor/lib/cmake/yaml-cpp'
[1.516s] -- Found OpenCV: /usr (found version "4.2.0") 
[1.519s] -- Found PkgConfig: /usr/bin/pkg-config (found version "0.29.1") 
[1.519s] -- Checking for module 'libavcodec'
[1.529s] --   Found libavcodec, version 58.54.100
[1.554s] -- Checking for module 'libavutil'
[1.564s] --   Found libavutil, version 56.31.100
[1.589s] -- Checking for module 'libswscale'
[1.599s] --   Found libswscale, version 5.5.100
[1.678s] -- Found ament_lint_auto: 0.9.8 (/opt/ros/foxy/share/ament_lint_auto/cmake)
[1.691s] -- Found gtest sources under '/opt/ros/foxy/src/gtest_vendor': C++ tests using 'Google Test' will be built
[1.693s] -- Check if compiler accepts -pthread
[1.741s] -- Check if compiler accepts -pthread - yes
[1.750s] -- Added test 'copyright' to check source files copyright and LICENSE
[1.753s] -- Added test 'cppcheck' to perform static code analysis on C / C++ code
[1.753s] -- Configured cppcheck include dirs: /home/yong/YongJun_ws/YongJun/src/sensor/src/usb_cam/include
[1.753s] -- Configured cppcheck exclude dirs and/or files: 
[1.756s] -- Added test 'cpplint' to check C / C++ code against the Google style
[1.756s] -- Configured cpplint exclude dirs and/or files: 
[1.757s] -- Added test 'flake8' to check Python code syntax and style conventions
[1.757s] -- Added test 'lint_cmake' to check CMake code style
[1.758s] -- Added test 'pep257' to check Python code against some of the style conventions in PEP 257
[1.761s] -- Added test 'uncrustify' to check C / C++ code style
[1.761s] -- Configured uncrustify additional arguments: 
[1.761s] -- Added test 'xmllint' to check XML markup files
[1.765s] -- Configuring done
[1.797s] -- Generating done
[1.798s] -- Build files have been written to: /home/yong/YongJun_ws/YongJun/build/usb_cam
[1.807s] Invoked command in '/home/yong/YongJun_ws/YongJun/build/usb_cam' returned '0': CMAKE_PREFIX_PATH=${CMAKE_PREFIX_PATH}:/home/yong/YongJun_ws/YongJun/install/yolov8_ros:/home/yong/YongJun/install/yolov8_ros:/opt/ros/foxy /usr/bin/cmake /home/yong/YongJun_ws/YongJun/src/sensor/src/usb_cam -DAMENT_CMAKE_SYMLINK_INSTALL=1 -DCMAKE_INSTALL_PREFIX=/home/yong/YongJun_ws/YongJun/install/usb_cam
[1.808s] Invoking command in '/home/yong/YongJun_ws/YongJun/build/usb_cam': CMAKE_PREFIX_PATH=${CMAKE_PREFIX_PATH}:/home/yong/YongJun_ws/YongJun/install/yolov8_ros:/home/yong/YongJun/install/yolov8_ros:/opt/ros/foxy /usr/bin/cmake --build /home/yong/YongJun_ws/YongJun/build/usb_cam -- -j8 -l8
[1.835s] [35m[1mScanning dependencies of target gtest_main[0m
[1.835s] [35m[1mScanning dependencies of target usb_cam[0m
[1.836s] [35m[1mScanning dependencies of target gtest[0m
[1.836s] [35m[1mScanning dependencies of target usb_cam_node_exe[0m
[1.846s] [  7%] [32mBuilding CXX object gtest/CMakeFiles/gtest_main.dir/src/gtest_main.cc.o[0m
[1.846s] [ 14%] [32mBuilding CXX object gtest/CMakeFiles/gtest.dir/src/gtest-all.cc.o[0m
[1.870s] [ 21%] [32mBuilding CXX object CMakeFiles/usb_cam_node_exe.dir/rclcpp_components/node_main_usb_cam_node_exe.cpp.o[0m
[1.875s] [ 28%] [32mBuilding CXX object CMakeFiles/usb_cam.dir/src/usb_cam.cpp.o[0m
[2.671s] [ 35%] [32m[1mLinking CXX static library libgtest_main.a[0m
[2.737s] [ 35%] Built target gtest_main
[3.594s] [ 42%] [32m[1mLinking CXX shared library libusb_cam.so[0m
[3.675s] [ 50%] [32m[1mLinking CXX executable usb_cam_node_exe[0m
[3.813s] [ 50%] Built target usb_cam_node_exe
[3.888s] [ 50%] Built target usb_cam
[3.900s] [35m[1mScanning dependencies of target usb_cam_node[0m
[3.975s] [ 57%] [32mBuilding CXX object CMakeFiles/usb_cam_node.dir/src/ros2/usb_cam_node.cpp.o[0m
[4.863s] [ 64%] [32m[1mLinking CXX static library libgtest.a[0m
[4.902s] [ 64%] Built target gtest
[4.912s] [35m[1mScanning dependencies of target test_usb_cam_utils[0m
[4.925s] [35m[1mScanning dependencies of target test_pixel_formats[0m
[4.933s] [ 71%] [32mBuilding CXX object CMakeFiles/test_usb_cam_utils.dir/test/test_usb_cam_utils.cpp.o[0m
[4.961s] [ 78%] [32mBuilding CXX object CMakeFiles/test_pixel_formats.dir/test/test_pixel_formats.cpp.o[0m
[6.120s] [ 85%] [32m[1mLinking CXX executable test_usb_cam_utils[0m
[6.402s] [ 92%] [32m[1mLinking CXX executable test_pixel_formats[0m
[6.440s] [ 92%] Built target test_usb_cam_utils
[6.522s] [ 92%] Built target test_pixel_formats
[8.677s] [100%] [32m[1mLinking CXX shared library libusb_cam_node.so[0m
[8.933s] [100%] Built target usb_cam_node
[8.941s] Invoked command in '/home/yong/YongJun_ws/YongJun/build/usb_cam' returned '0': CMAKE_PREFIX_PATH=${CMAKE_PREFIX_PATH}:/home/yong/YongJun_ws/YongJun/install/yolov8_ros:/home/yong/YongJun/install/yolov8_ros:/opt/ros/foxy /usr/bin/cmake --build /home/yong/YongJun_ws/YongJun/build/usb_cam -- -j8 -l8
[8.963s] Invoking command in '/home/yong/YongJun_ws/YongJun/build/usb_cam': CMAKE_PREFIX_PATH=${CMAKE_PREFIX_PATH}:/home/yong/YongJun_ws/YongJun/install/yolov8_ros:/home/yong/YongJun/install/yolov8_ros:/opt/ros/foxy /usr/bin/cmake --install /home/yong/YongJun_ws/YongJun/build/usb_cam
[8.968s] -- Install configuration: ""
[8.969s] -- Execute custom install script
[8.969s] -- Symlinking: /home/yong/YongJun_ws/YongJun/install/usb_cam/share/usb_cam/environment/library_path.sh
[8.974s] -- Symlinking: /home/yong/YongJun_ws/YongJun/install/usb_cam/share/usb_cam/environment/library_path.dsv
[8.980s] -- Symlinking: /home/yong/YongJun_ws/YongJun/install/usb_cam/lib/usb_cam/usb_cam_node_exe
[8.985s] -- Symlinking: /home/yong/YongJun_ws/YongJun/install/usb_cam/lib/usb_cam/show_image.py
[8.991s] -- Symlinking: /home/yong/YongJun_ws/YongJun/install/usb_cam/lib/libusb_cam.so
[8.997s] -- Symlinking: /home/yong/YongJun_ws/YongJun/install/usb_cam/lib/libusb_cam_node.so
[9.003s] -- Symlinking: /home/yong/YongJun_ws/YongJun/install/usb_cam/include/usb_cam/constants.hpp
[9.009s] -- Symlinking: /home/yong/YongJun_ws/YongJun/install/usb_cam/include/usb_cam/conversions.hpp
[9.015s] -- Symlinking: /home/yong/YongJun_ws/YongJun/install/usb_cam/include/usb_cam/formats/av_pixel_format_helper.hpp
[9.020s] -- Symlinking: /home/yong/YongJun_ws/YongJun/install/usb_cam/include/usb_cam/formats/m420.hpp
[9.026s] -- Symlinking: /home/yong/YongJun_ws/YongJun/install/usb_cam/include/usb_cam/formats/mjpeg.hpp
[9.032s] -- Symlinking: /home/yong/YongJun_ws/YongJun/install/usb_cam/include/usb_cam/formats/mono.hpp
[9.038s] -- Symlinking: /home/yong/YongJun_ws/YongJun/install/usb_cam/include/usb_cam/formats/pixel_format_base.hpp
[9.044s] -- Symlinking: /home/yong/YongJun_ws/YongJun/install/usb_cam/include/usb_cam/formats/rgb.hpp
[9.049s] -- Symlinking: /home/yong/YongJun_ws/YongJun/install/usb_cam/include/usb_cam/formats/utils.hpp
[9.055s] -- Symlinking: /home/yong/YongJun_ws/YongJun/install/usb_cam/include/usb_cam/formats/uyvy.hpp
[9.061s] -- Symlinking: /home/yong/YongJun_ws/YongJun/install/usb_cam/include/usb_cam/formats/yuyv.hpp
[9.066s] -- Symlinking: /home/yong/YongJun_ws/YongJun/install/usb_cam/include/usb_cam/usb_cam.hpp
[9.072s] -- Symlinking: /home/yong/YongJun_ws/YongJun/install/usb_cam/include/usb_cam/usb_cam_node.hpp
[9.078s] -- Symlinking: /home/yong/YongJun_ws/YongJun/install/usb_cam/include/usb_cam/utils.hpp
[9.084s] -- Up-to-date symlink: /home/yong/YongJun_ws/YongJun/install/usb_cam/lib/libusb_cam_node.so
[9.084s] -- Symlinking: /home/yong/YongJun_ws/YongJun/install/usb_cam/share/usb_cam/launch/__init__.py
[9.090s] -- Symlinking: /home/yong/YongJun_ws/YongJun/install/usb_cam/share/usb_cam/launch/__pycache__/camera_config.cpython-38.pyc
[9.095s] -- Symlinking: /home/yong/YongJun_ws/YongJun/install/usb_cam/share/usb_cam/launch/camera.launch.py
[9.101s] -- Symlinking: /home/yong/YongJun_ws/YongJun/install/usb_cam/share/usb_cam/launch/camera_config.py
[9.106s] -- Symlinking: /home/yong/YongJun_ws/YongJun/install/usb_cam/share/usb_cam/config/camera_info.yaml
[9.112s] -- Symlinking: /home/yong/YongJun_ws/YongJun/install/usb_cam/share/usb_cam/config/params_1.yaml
[9.118s] -- Symlinking: /home/yong/YongJun_ws/YongJun/install/usb_cam/share/usb_cam/config/params_2.yaml
[9.124s] -- Symlinking: /home/yong/YongJun_ws/YongJun/install/usb_cam/share/ament_index/resource_index/package_run_dependencies/usb_cam
[9.130s] -- Symlinking: /home/yong/YongJun_ws/YongJun/install/usb_cam/share/ament_index/resource_index/parent_prefix_path/usb_cam
[9.135s] -- Symlinking: /home/yong/YongJun_ws/YongJun/install/usb_cam/share/usb_cam/environment/ament_prefix_path.sh
[9.141s] -- Symlinking: /home/yong/YongJun_ws/YongJun/install/usb_cam/share/usb_cam/environment/ament_prefix_path.dsv
[9.147s] -- Symlinking: /home/yong/YongJun_ws/YongJun/install/usb_cam/share/usb_cam/environment/path.sh
[9.153s] -- Symlinking: /home/yong/YongJun_ws/YongJun/install/usb_cam/share/usb_cam/environment/path.dsv
[9.159s] -- Symlinking: /home/yong/YongJun_ws/YongJun/install/usb_cam/share/usb_cam/local_setup.bash
[9.164s] -- Symlinking: /home/yong/YongJun_ws/YongJun/install/usb_cam/share/usb_cam/local_setup.sh
[9.170s] -- Symlinking: /home/yong/YongJun_ws/YongJun/install/usb_cam/share/usb_cam/local_setup.zsh
[9.176s] -- Symlinking: /home/yong/YongJun_ws/YongJun/install/usb_cam/share/usb_cam/local_setup.dsv
[9.181s] -- Symlinking: /home/yong/YongJun_ws/YongJun/install/usb_cam/share/usb_cam/package.dsv
[9.187s] -- Symlinking: /home/yong/YongJun_ws/YongJun/install/usb_cam/share/ament_index/resource_index/packages/usb_cam
[9.193s] -- Symlinking: /home/yong/YongJun_ws/YongJun/install/usb_cam/share/ament_index/resource_index/rclcpp_components/usb_cam
[9.199s] -- Symlinking: /home/yong/YongJun_ws/YongJun/install/usb_cam/share/usb_cam/cmake/ament_cmake_export_libraries-extras.cmake
[9.205s] -- Symlinking: /home/yong/YongJun_ws/YongJun/install/usb_cam/share/usb_cam/cmake/ament_cmake_export_dependencies-extras.cmake
[9.211s] -- Symlinking: /home/yong/YongJun_ws/YongJun/install/usb_cam/share/usb_cam/cmake/ament_cmake_export_include_directories-extras.cmake
[9.216s] -- Symlinking: /home/yong/YongJun_ws/YongJun/install/usb_cam/share/usb_cam/cmake/usb_camConfig.cmake
[9.222s] -- Symlinking: /home/yong/YongJun_ws/YongJun/install/usb_cam/share/usb_cam/cmake/usb_camConfig-version.cmake
[9.228s] -- Symlinking: /home/yong/YongJun_ws/YongJun/install/usb_cam/share/usb_cam/package.xml
[9.235s] Invoked command in '/home/yong/YongJun_ws/YongJun/build/usb_cam' returned '0': CMAKE_PREFIX_PATH=${CMAKE_PREFIX_PATH}:/home/yong/YongJun_ws/YongJun/install/yolov8_ros:/home/yong/YongJun/install/yolov8_ros:/opt/ros/foxy /usr/bin/cmake --install /home/yong/YongJun_ws/YongJun/build/usb_cam
