[0.618s] Invoking command in '/home/yong/yolov8_ros/build/yolov8_ros': PYTHONPATH=/home/yong/yolov8_ros/build/yolov8_ros/prefix_override:/home/yong/yolov8_ros/install/yolov8_ros/lib/python3.8/site-packages:${PYTHONPATH} /usr/bin/python3 -W ignore:setup.py install is deprecated setup.py develop --editable --build-directory /home/yong/yolov8_ros/build/yolov8_ros/build --no-deps symlink_data
[0.820s] running develop
[0.957s] running egg_info
[0.957s] writing yolov8_ros.egg-info/PKG-INFO
[0.957s] writing dependency_links to yolov8_ros.egg-info/dependency_links.txt
[0.957s] writing entry points to yolov8_ros.egg-info/entry_points.txt
[0.957s] writing requirements to yolov8_ros.egg-info/requires.txt
[0.957s] writing top-level names to yolov8_ros.egg-info/top_level.txt
[0.980s] reading manifest file 'yolov8_ros.egg-info/SOURCES.txt'
[0.981s] writing manifest file 'yolov8_ros.egg-info/SOURCES.txt'
[1.010s] running build_ext
[1.010s] Creating /home/yong/yolov8_ros/install/yolov8_ros/lib/python3.8/site-packages/yolov8-ros.egg-link (link to .)
[1.011s] Installing debug_node script to /home/yong/yolov8_ros/install/yolov8_ros/lib/yolov8_ros
[1.011s] Installing detect_3d_node script to /home/yong/yolov8_ros/install/yolov8_ros/lib/yolov8_ros
[1.011s] Installing tracking_node script to /home/yong/yolov8_ros/install/yolov8_ros/lib/yolov8_ros
[1.011s] Installing yolov8_node script to /home/yong/yolov8_ros/install/yolov8_ros/lib/yolov8_ros
[1.011s] 
[1.011s] Installed /home/yong/yolov8_ros/build/yolov8_ros
[1.011s] running symlink_data
[1.028s] Invoked command in '/home/yong/yolov8_ros/build/yolov8_ros' returned '0': PYTHONPATH=/home/yong/yolov8_ros/build/yolov8_ros/prefix_override:/home/yong/yolov8_ros/install/yolov8_ros/lib/python3.8/site-packages:${PYTHONPATH} /usr/bin/python3 -W ignore:setup.py install is deprecated setup.py develop --editable --build-directory /home/yong/yolov8_ros/build/yolov8_ros/build --no-deps symlink_data
