[0.187s] DEBUG:colcon:Command line arguments: ['/usr/bin/colcon', 'build', '--symlink-install']
[0.188s] DEBUG:colcon:Parsed command line arguments: Namespace(allow_overriding=[], ament_cmake_args=None, base_paths=['.'], build_base='build', catkin_cmake_args=None, catkin_skip_building_tests=False, cmake_args=None, cmake_clean_cache=False, cmake_clean_first=False, cmake_force_configure=False, cmake_target=None, cmake_target_skip_unavailable=False, continue_on_error=False, event_handlers=None, executor='parallel', ignore_user_meta=False, install_base='install', log_base=None, log_level=None, main=<bound method BuildVerb.main of <colcon_core.verb.build.BuildVerb object at 0x7f74187c6d60>>, merge_install=False, metas=['./colcon.meta'], packages_above=None, packages_above_and_dependencies=None, packages_above_depth=None, packages_end=None, packages_ignore=None, packages_ignore_regex=None, packages_select=None, packages_select_build_failed=False, packages_select_by_dep=None, packages_select_regex=None, packages_select_test_failures=False, packages_skip=None, packages_skip_build_finished=False, packages_skip_by_dep=None, packages_skip_regex=None, packages_skip_test_passed=False, packages_skip_up_to=None, packages_start=None, packages_up_to=None, packages_up_to_regex=None, parallel_workers=8, paths=None, symlink_install=True, test_result_base=None, verb_extension=<colcon_core.verb.build.BuildVerb object at 0x7f74187c6d60>, verb_name='build', verb_parser=<colcon_defaults.argument_parser.defaults.DefaultArgumentsDecorator object at 0x7f74187d52e0>)
[0.324s] Level 1:colcon.colcon_core.package_discovery:discover_packages(colcon_meta) check parameters
[0.324s] Level 1:colcon.colcon_core.package_discovery:discover_packages(recursive) check parameters
[0.324s] Level 1:colcon.colcon_core.package_discovery:discover_packages(ignore) check parameters
[0.324s] Level 1:colcon.colcon_core.package_discovery:discover_packages(path) check parameters
[0.324s] Level 1:colcon.colcon_core.package_discovery:discover_packages(colcon_meta) discover
[0.324s] Level 1:colcon.colcon_core.package_discovery:discover_packages(recursive) discover
[0.324s] INFO:colcon.colcon_core.package_discovery:Crawling recursively for packages in '/home/yong/YongJun_ws'
[0.324s] Level 1:colcon.colcon_core.package_identification:_identify(.) by extensions ['ignore', 'ignore_ament_install']
[0.324s] Level 1:colcon.colcon_core.package_identification:_identify(.) by extension 'ignore'
[0.324s] Level 1:colcon.colcon_core.package_identification:_identify(.) by extension 'ignore_ament_install'
[0.324s] Level 1:colcon.colcon_core.package_identification:_identify(.) by extensions ['colcon_pkg']
[0.324s] Level 1:colcon.colcon_core.package_identification:_identify(.) by extension 'colcon_pkg'
[0.324s] Level 1:colcon.colcon_core.package_identification:_identify(.) by extensions ['colcon_meta']
[0.324s] Level 1:colcon.colcon_core.package_identification:_identify(.) by extension 'colcon_meta'
[0.324s] Level 1:colcon.colcon_core.package_identification:_identify(.) by extensions ['ros']
[0.324s] Level 1:colcon.colcon_core.package_identification:_identify(.) by extension 'ros'
[0.332s] Level 1:colcon.colcon_core.package_identification:_identify(.) by extensions ['cmake', 'python']
[0.332s] Level 1:colcon.colcon_core.package_identification:_identify(.) by extension 'cmake'
[0.332s] Level 1:colcon.colcon_core.package_identification:_identify(.) by extension 'python'
[0.332s] Level 1:colcon.colcon_core.package_identification:_identify(.) by extensions ['python_setup_py']
[0.332s] Level 1:colcon.colcon_core.package_identification:_identify(.) by extension 'python_setup_py'
[0.332s] Level 1:colcon.colcon_core.package_identification:_identify(build) by extensions ['ignore', 'ignore_ament_install']
[0.332s] Level 1:colcon.colcon_core.package_identification:_identify(build) by extension 'ignore'
[0.332s] Level 1:colcon.colcon_core.package_identification:_identify(build) ignored
[0.332s] Level 1:colcon.colcon_core.package_identification:_identify(install) by extensions ['ignore', 'ignore_ament_install']
[0.332s] Level 1:colcon.colcon_core.package_identification:_identify(install) by extension 'ignore'
[0.332s] Level 1:colcon.colcon_core.package_identification:_identify(install) ignored
[0.332s] Level 1:colcon.colcon_core.package_identification:_identify(log) by extensions ['ignore', 'ignore_ament_install']
[0.332s] Level 1:colcon.colcon_core.package_identification:_identify(log) by extension 'ignore'
[0.333s] Level 1:colcon.colcon_core.package_identification:_identify(log) ignored
[0.333s] Level 1:colcon.colcon_core.package_identification:_identify(src) by extensions ['ignore', 'ignore_ament_install']
[0.333s] Level 1:colcon.colcon_core.package_identification:_identify(src) by extension 'ignore'
[0.333s] Level 1:colcon.colcon_core.package_identification:_identify(src) by extension 'ignore_ament_install'
[0.333s] Level 1:colcon.colcon_core.package_identification:_identify(src) by extensions ['colcon_pkg']
[0.333s] Level 1:colcon.colcon_core.package_identification:_identify(src) by extension 'colcon_pkg'
[0.333s] Level 1:colcon.colcon_core.package_identification:_identify(src) by extensions ['colcon_meta']
[0.333s] Level 1:colcon.colcon_core.package_identification:_identify(src) by extension 'colcon_meta'
[0.333s] Level 1:colcon.colcon_core.package_identification:_identify(src) by extensions ['ros']
[0.333s] Level 1:colcon.colcon_core.package_identification:_identify(src) by extension 'ros'
[0.333s] Level 1:colcon.colcon_core.package_identification:_identify(src) by extensions ['cmake', 'python']
[0.333s] Level 1:colcon.colcon_core.package_identification:_identify(src) by extension 'cmake'
[0.333s] Level 1:colcon.colcon_core.package_identification:_identify(src) by extension 'python'
[0.333s] Level 1:colcon.colcon_core.package_identification:_identify(src) by extensions ['python_setup_py']
[0.333s] Level 1:colcon.colcon_core.package_identification:_identify(src) by extension 'python_setup_py'
[0.333s] Level 1:colcon.colcon_core.package_identification:_identify(src/YOLO) by extensions ['ignore', 'ignore_ament_install']
[0.333s] Level 1:colcon.colcon_core.package_identification:_identify(src/YOLO) by extension 'ignore'
[0.333s] Level 1:colcon.colcon_core.package_identification:_identify(src/YOLO) by extension 'ignore_ament_install'
[0.333s] Level 1:colcon.colcon_core.package_identification:_identify(src/YOLO) by extensions ['colcon_pkg']
[0.333s] Level 1:colcon.colcon_core.package_identification:_identify(src/YOLO) by extension 'colcon_pkg'
[0.333s] Level 1:colcon.colcon_core.package_identification:_identify(src/YOLO) by extensions ['colcon_meta']
[0.333s] Level 1:colcon.colcon_core.package_identification:_identify(src/YOLO) by extension 'colcon_meta'
[0.333s] Level 1:colcon.colcon_core.package_identification:_identify(src/YOLO) by extensions ['ros']
[0.333s] Level 1:colcon.colcon_core.package_identification:_identify(src/YOLO) by extension 'ros'
[0.333s] Level 1:colcon.colcon_core.package_identification:_identify(src/YOLO) by extensions ['cmake', 'python']
[0.333s] Level 1:colcon.colcon_core.package_identification:_identify(src/YOLO) by extension 'cmake'
[0.333s] Level 1:colcon.colcon_core.package_identification:_identify(src/YOLO) by extension 'python'
[0.334s] Level 1:colcon.colcon_core.package_identification:_identify(src/YOLO) by extensions ['python_setup_py']
[0.334s] Level 1:colcon.colcon_core.package_identification:_identify(src/YOLO) by extension 'python_setup_py'
[0.334s] Level 1:colcon.colcon_core.package_identification:_identify(src/YOLO/Yolov8) by extensions ['ignore', 'ignore_ament_install']
[0.334s] Level 1:colcon.colcon_core.package_identification:_identify(src/YOLO/Yolov8) by extension 'ignore'
[0.334s] Level 1:colcon.colcon_core.package_identification:_identify(src/YOLO/Yolov8) by extension 'ignore_ament_install'
[0.334s] Level 1:colcon.colcon_core.package_identification:_identify(src/YOLO/Yolov8) by extensions ['colcon_pkg']
[0.334s] Level 1:colcon.colcon_core.package_identification:_identify(src/YOLO/Yolov8) by extension 'colcon_pkg'
[0.334s] Level 1:colcon.colcon_core.package_identification:_identify(src/YOLO/Yolov8) by extensions ['colcon_meta']
[0.334s] Level 1:colcon.colcon_core.package_identification:_identify(src/YOLO/Yolov8) by extension 'colcon_meta'
[0.334s] Level 1:colcon.colcon_core.package_identification:_identify(src/YOLO/Yolov8) by extensions ['ros']
[0.334s] Level 1:colcon.colcon_core.package_identification:_identify(src/YOLO/Yolov8) by extension 'ros'
[0.334s] Level 1:colcon.colcon_core.package_identification:_identify(src/YOLO/Yolov8) by extensions ['cmake', 'python']
[0.334s] Level 1:colcon.colcon_core.package_identification:_identify(src/YOLO/Yolov8) by extension 'cmake'
[0.334s] Level 1:colcon.colcon_core.package_identification:_identify(src/YOLO/Yolov8) by extension 'python'
[0.334s] Level 1:colcon.colcon_core.package_identification:_identify(src/YOLO/Yolov8) by extensions ['python_setup_py']
[0.334s] Level 1:colcon.colcon_core.package_identification:_identify(src/YOLO/Yolov8) by extension 'python_setup_py'
[0.334s] Level 1:colcon.colcon_core.package_identification:_identify(src/YOLO/Yolov8/docs) by extensions ['ignore', 'ignore_ament_install']
[0.334s] Level 1:colcon.colcon_core.package_identification:_identify(src/YOLO/Yolov8/docs) by extension 'ignore'
[0.334s] Level 1:colcon.colcon_core.package_identification:_identify(src/YOLO/Yolov8/docs) by extension 'ignore_ament_install'
[0.334s] Level 1:colcon.colcon_core.package_identification:_identify(src/YOLO/Yolov8/docs) by extensions ['colcon_pkg']
[0.334s] Level 1:colcon.colcon_core.package_identification:_identify(src/YOLO/Yolov8/docs) by extension 'colcon_pkg'
[0.334s] Level 1:colcon.colcon_core.package_identification:_identify(src/YOLO/Yolov8/docs) by extensions ['colcon_meta']
[0.334s] Level 1:colcon.colcon_core.package_identification:_identify(src/YOLO/Yolov8/docs) by extension 'colcon_meta'
[0.334s] Level 1:colcon.colcon_core.package_identification:_identify(src/YOLO/Yolov8/docs) by extensions ['ros']
[0.334s] Level 1:colcon.colcon_core.package_identification:_identify(src/YOLO/Yolov8/docs) by extension 'ros'
[0.334s] Level 1:colcon.colcon_core.package_identification:_identify(src/YOLO/Yolov8/docs) by extensions ['cmake', 'python']
[0.335s] Level 1:colcon.colcon_core.package_identification:_identify(src/YOLO/Yolov8/docs) by extension 'cmake'
[0.335s] Level 1:colcon.colcon_core.package_identification:_identify(src/YOLO/Yolov8/docs) by extension 'python'
[0.335s] Level 1:colcon.colcon_core.package_identification:_identify(src/YOLO/Yolov8/docs) by extensions ['python_setup_py']
[0.335s] Level 1:colcon.colcon_core.package_identification:_identify(src/YOLO/Yolov8/docs) by extension 'python_setup_py'
[0.335s] Level 1:colcon.colcon_core.package_identification:_identify(src/YOLO/Yolov8/yolov8_bringup) by extensions ['ignore', 'ignore_ament_install']
[0.335s] Level 1:colcon.colcon_core.package_identification:_identify(src/YOLO/Yolov8/yolov8_bringup) by extension 'ignore'
[0.335s] Level 1:colcon.colcon_core.package_identification:_identify(src/YOLO/Yolov8/yolov8_bringup) by extension 'ignore_ament_install'
[0.335s] Level 1:colcon.colcon_core.package_identification:_identify(src/YOLO/Yolov8/yolov8_bringup) by extensions ['colcon_pkg']
[0.335s] Level 1:colcon.colcon_core.package_identification:_identify(src/YOLO/Yolov8/yolov8_bringup) by extension 'colcon_pkg'
[0.335s] Level 1:colcon.colcon_core.package_identification:_identify(src/YOLO/Yolov8/yolov8_bringup) by extensions ['colcon_meta']
[0.335s] Level 1:colcon.colcon_core.package_identification:_identify(src/YOLO/Yolov8/yolov8_bringup) by extension 'colcon_meta'
[0.335s] Level 1:colcon.colcon_core.package_identification:_identify(src/YOLO/Yolov8/yolov8_bringup) by extensions ['ros']
[0.335s] Level 1:colcon.colcon_core.package_identification:_identify(src/YOLO/Yolov8/yolov8_bringup) by extension 'ros'
[0.337s] DEBUG:colcon.colcon_core.package_identification:Package 'src/YOLO/Yolov8/yolov8_bringup' with type 'ros.ament_cmake' and name 'yolov8_bringup'
[0.337s] Level 1:colcon.colcon_core.package_identification:_identify(src/YOLO/Yolov8/yolov8_msgs) by extensions ['ignore', 'ignore_ament_install']
[0.337s] Level 1:colcon.colcon_core.package_identification:_identify(src/YOLO/Yolov8/yolov8_msgs) by extension 'ignore'
[0.337s] Level 1:colcon.colcon_core.package_identification:_identify(src/YOLO/Yolov8/yolov8_msgs) by extension 'ignore_ament_install'
[0.337s] Level 1:colcon.colcon_core.package_identification:_identify(src/YOLO/Yolov8/yolov8_msgs) by extensions ['colcon_pkg']
[0.337s] Level 1:colcon.colcon_core.package_identification:_identify(src/YOLO/Yolov8/yolov8_msgs) by extension 'colcon_pkg'
[0.337s] Level 1:colcon.colcon_core.package_identification:_identify(src/YOLO/Yolov8/yolov8_msgs) by extensions ['colcon_meta']
[0.337s] Level 1:colcon.colcon_core.package_identification:_identify(src/YOLO/Yolov8/yolov8_msgs) by extension 'colcon_meta'
[0.337s] Level 1:colcon.colcon_core.package_identification:_identify(src/YOLO/Yolov8/yolov8_msgs) by extensions ['ros']
[0.337s] Level 1:colcon.colcon_core.package_identification:_identify(src/YOLO/Yolov8/yolov8_msgs) by extension 'ros'
[0.337s] DEBUG:colcon.colcon_core.package_identification:Package 'src/YOLO/Yolov8/yolov8_msgs' with type 'ros.ament_cmake' and name 'yolov8_msgs'
[0.337s] Level 1:colcon.colcon_core.package_identification:_identify(src/YOLO/Yolov8/yolov8_ros) by extensions ['ignore', 'ignore_ament_install']
[0.338s] Level 1:colcon.colcon_core.package_identification:_identify(src/YOLO/Yolov8/yolov8_ros) by extension 'ignore'
[0.338s] Level 1:colcon.colcon_core.package_identification:_identify(src/YOLO/Yolov8/yolov8_ros) by extension 'ignore_ament_install'
[0.338s] Level 1:colcon.colcon_core.package_identification:_identify(src/YOLO/Yolov8/yolov8_ros) by extensions ['colcon_pkg']
[0.338s] Level 1:colcon.colcon_core.package_identification:_identify(src/YOLO/Yolov8/yolov8_ros) by extension 'colcon_pkg'
[0.338s] Level 1:colcon.colcon_core.package_identification:_identify(src/YOLO/Yolov8/yolov8_ros) by extensions ['colcon_meta']
[0.338s] Level 1:colcon.colcon_core.package_identification:_identify(src/YOLO/Yolov8/yolov8_ros) by extension 'colcon_meta'
[0.338s] Level 1:colcon.colcon_core.package_identification:_identify(src/YOLO/Yolov8/yolov8_ros) by extensions ['ros']
[0.338s] Level 1:colcon.colcon_core.package_identification:_identify(src/YOLO/Yolov8/yolov8_ros) by extension 'ros'
[0.338s] DEBUG:colcon.colcon_core.package_identification:Package 'src/YOLO/Yolov8/yolov8_ros' with type 'ros.ament_python' and name 'yolov8_ros'
[0.338s] Level 1:colcon.colcon_core.package_identification:_identify(src/sensor) by extensions ['ignore', 'ignore_ament_install']
[0.338s] Level 1:colcon.colcon_core.package_identification:_identify(src/sensor) by extension 'ignore'
[0.338s] Level 1:colcon.colcon_core.package_identification:_identify(src/sensor) by extension 'ignore_ament_install'
[0.338s] Level 1:colcon.colcon_core.package_identification:_identify(src/sensor) by extensions ['colcon_pkg']
[0.338s] Level 1:colcon.colcon_core.package_identification:_identify(src/sensor) by extension 'colcon_pkg'
[0.339s] Level 1:colcon.colcon_core.package_identification:_identify(src/sensor) by extensions ['colcon_meta']
[0.339s] Level 1:colcon.colcon_core.package_identification:_identify(src/sensor) by extension 'colcon_meta'
[0.339s] Level 1:colcon.colcon_core.package_identification:_identify(src/sensor) by extensions ['ros']
[0.339s] Level 1:colcon.colcon_core.package_identification:_identify(src/sensor) by extension 'ros'
[0.339s] Level 1:colcon.colcon_core.package_identification:_identify(src/sensor) by extensions ['cmake', 'python']
[0.339s] Level 1:colcon.colcon_core.package_identification:_identify(src/sensor) by extension 'cmake'
[0.339s] Level 1:colcon.colcon_core.package_identification:_identify(src/sensor) by extension 'python'
[0.339s] Level 1:colcon.colcon_core.package_identification:_identify(src/sensor) by extensions ['python_setup_py']
[0.339s] Level 1:colcon.colcon_core.package_identification:_identify(src/sensor) by extension 'python_setup_py'
[0.339s] Level 1:colcon.colcon_core.package_identification:_identify(src/sensor/usb_cam) by extensions ['ignore', 'ignore_ament_install']
[0.339s] Level 1:colcon.colcon_core.package_identification:_identify(src/sensor/usb_cam) by extension 'ignore'
[0.339s] Level 1:colcon.colcon_core.package_identification:_identify(src/sensor/usb_cam) by extension 'ignore_ament_install'
[0.339s] Level 1:colcon.colcon_core.package_identification:_identify(src/sensor/usb_cam) by extensions ['colcon_pkg']
[0.339s] Level 1:colcon.colcon_core.package_identification:_identify(src/sensor/usb_cam) by extension 'colcon_pkg'
[0.339s] Level 1:colcon.colcon_core.package_identification:_identify(src/sensor/usb_cam) by extensions ['colcon_meta']
[0.339s] Level 1:colcon.colcon_core.package_identification:_identify(src/sensor/usb_cam) by extension 'colcon_meta'
[0.339s] Level 1:colcon.colcon_core.package_identification:_identify(src/sensor/usb_cam) by extensions ['ros']
[0.339s] Level 1:colcon.colcon_core.package_identification:_identify(src/sensor/usb_cam) by extension 'ros'
[0.350s] DEBUG:colcon.colcon_core.package_identification:Package 'src/sensor/usb_cam' with type 'ros.ament_cmake' and name 'usb_cam'
[0.350s] Level 1:colcon.colcon_core.package_discovery:discover_packages(recursive) using defaults
[0.350s] Level 1:colcon.colcon_core.package_discovery:discover_packages(ignore) discover
[0.350s] Level 1:colcon.colcon_core.package_discovery:discover_packages(ignore) using defaults
[0.350s] Level 1:colcon.colcon_core.package_discovery:discover_packages(path) discover
[0.350s] Level 1:colcon.colcon_core.package_discovery:discover_packages(path) using defaults
[0.361s] Level 1:colcon.colcon_core.package_discovery:discover_packages(prefix_path) check parameters
[0.361s] Level 1:colcon.colcon_core.package_discovery:discover_packages(prefix_path) discover
[0.362s] WARNING:colcon.colcon_ros.prefix_path.ament:The path '/home/yong/YongJun_ws/install/yolov8_bringup' in the environment variable AMENT_PREFIX_PATH doesn't exist
[0.362s] WARNING:colcon.colcon_ros.prefix_path.ament:The path '/home/yong/YongJun_ws/install/yolov8_ros' in the environment variable AMENT_PREFIX_PATH doesn't exist
[0.362s] WARNING:colcon.colcon_ros.prefix_path.ament:The path '/home/yong/YongJun_ws/install/yolov8_msgs' in the environment variable AMENT_PREFIX_PATH doesn't exist
[0.362s] WARNING:colcon.colcon_ros.prefix_path.ament:The path '/home/yong/YongJun_ws/install/usb_cam' in the environment variable AMENT_PREFIX_PATH doesn't exist
[0.362s] WARNING:colcon.colcon_ros.prefix_path.catkin:The path '/home/yong/YongJun_ws/install/yolov8_bringup' in the environment variable CMAKE_PREFIX_PATH doesn't exist
[0.362s] WARNING:colcon.colcon_ros.prefix_path.catkin:The path '/home/yong/YongJun_ws/install/yolov8_msgs' in the environment variable CMAKE_PREFIX_PATH doesn't exist
[0.362s] WARNING:colcon.colcon_ros.prefix_path.catkin:The path '/home/yong/YongJun_ws/install/usb_cam' in the environment variable CMAKE_PREFIX_PATH doesn't exist
[0.362s] DEBUG:colcon.colcon_installed_package_information.package_discovery:Found 0 installed packages in /home/yong/YongJun_ws/install
[0.363s] DEBUG:colcon.colcon_installed_package_information.package_discovery:Found 278 installed packages in /opt/ros/foxy
[0.364s] Level 1:colcon.colcon_core.package_discovery:discover_packages(prefix_path) using defaults
[0.411s] Level 5:colcon.colcon_core.verb:set package 'usb_cam' build argument 'cmake_args' from command line to 'None'
[0.412s] Level 5:colcon.colcon_core.verb:set package 'usb_cam' build argument 'cmake_target' from command line to 'None'
[0.412s] Level 5:colcon.colcon_core.verb:set package 'usb_cam' build argument 'cmake_target_skip_unavailable' from command line to 'False'
[0.412s] Level 5:colcon.colcon_core.verb:set package 'usb_cam' build argument 'cmake_clean_cache' from command line to 'False'
[0.412s] Level 5:colcon.colcon_core.verb:set package 'usb_cam' build argument 'cmake_clean_first' from command line to 'False'
[0.412s] Level 5:colcon.colcon_core.verb:set package 'usb_cam' build argument 'cmake_force_configure' from command line to 'False'
[0.412s] Level 5:colcon.colcon_core.verb:set package 'usb_cam' build argument 'ament_cmake_args' from command line to 'None'
[0.412s] Level 5:colcon.colcon_core.verb:set package 'usb_cam' build argument 'catkin_cmake_args' from command line to 'None'
[0.412s] Level 5:colcon.colcon_core.verb:set package 'usb_cam' build argument 'catkin_skip_building_tests' from command line to 'False'
[0.412s] DEBUG:colcon.colcon_core.verb:Building package 'usb_cam' with the following arguments: {'ament_cmake_args': None, 'build_base': '/home/yong/YongJun_ws/build/usb_cam', 'catkin_cmake_args': None, 'catkin_skip_building_tests': False, 'cmake_args': None, 'cmake_clean_cache': False, 'cmake_clean_first': False, 'cmake_force_configure': False, 'cmake_target': None, 'cmake_target_skip_unavailable': False, 'install_base': '/home/yong/YongJun_ws/install/usb_cam', 'merge_install': False, 'path': '/home/yong/YongJun_ws/src/sensor/usb_cam', 'symlink_install': True, 'test_result_base': None}
[0.412s] Level 5:colcon.colcon_core.verb:set package 'yolov8_msgs' build argument 'cmake_args' from command line to 'None'
[0.412s] Level 5:colcon.colcon_core.verb:set package 'yolov8_msgs' build argument 'cmake_target' from command line to 'None'
[0.412s] Level 5:colcon.colcon_core.verb:set package 'yolov8_msgs' build argument 'cmake_target_skip_unavailable' from command line to 'False'
[0.412s] Level 5:colcon.colcon_core.verb:set package 'yolov8_msgs' build argument 'cmake_clean_cache' from command line to 'False'
[0.412s] Level 5:colcon.colcon_core.verb:set package 'yolov8_msgs' build argument 'cmake_clean_first' from command line to 'False'
[0.412s] Level 5:colcon.colcon_core.verb:set package 'yolov8_msgs' build argument 'cmake_force_configure' from command line to 'False'
[0.412s] Level 5:colcon.colcon_core.verb:set package 'yolov8_msgs' build argument 'ament_cmake_args' from command line to 'None'
[0.412s] Level 5:colcon.colcon_core.verb:set package 'yolov8_msgs' build argument 'catkin_cmake_args' from command line to 'None'
[0.412s] Level 5:colcon.colcon_core.verb:set package 'yolov8_msgs' build argument 'catkin_skip_building_tests' from command line to 'False'
[0.412s] DEBUG:colcon.colcon_core.verb:Building package 'yolov8_msgs' with the following arguments: {'ament_cmake_args': None, 'build_base': '/home/yong/YongJun_ws/build/yolov8_msgs', 'catkin_cmake_args': None, 'catkin_skip_building_tests': False, 'cmake_args': None, 'cmake_clean_cache': False, 'cmake_clean_first': False, 'cmake_force_configure': False, 'cmake_target': None, 'cmake_target_skip_unavailable': False, 'install_base': '/home/yong/YongJun_ws/install/yolov8_msgs', 'merge_install': False, 'path': '/home/yong/YongJun_ws/src/YOLO/Yolov8/yolov8_msgs', 'symlink_install': True, 'test_result_base': None}
[0.412s] Level 5:colcon.colcon_core.verb:set package 'yolov8_ros' build argument 'cmake_args' from command line to 'None'
[0.412s] Level 5:colcon.colcon_core.verb:set package 'yolov8_ros' build argument 'cmake_target' from command line to 'None'
[0.412s] Level 5:colcon.colcon_core.verb:set package 'yolov8_ros' build argument 'cmake_target_skip_unavailable' from command line to 'False'
[0.412s] Level 5:colcon.colcon_core.verb:set package 'yolov8_ros' build argument 'cmake_clean_cache' from command line to 'False'
[0.412s] Level 5:colcon.colcon_core.verb:set package 'yolov8_ros' build argument 'cmake_clean_first' from command line to 'False'
[0.413s] Level 5:colcon.colcon_core.verb:set package 'yolov8_ros' build argument 'cmake_force_configure' from command line to 'False'
[0.413s] Level 5:colcon.colcon_core.verb:set package 'yolov8_ros' build argument 'ament_cmake_args' from command line to 'None'
[0.413s] Level 5:colcon.colcon_core.verb:set package 'yolov8_ros' build argument 'catkin_cmake_args' from command line to 'None'
[0.413s] Level 5:colcon.colcon_core.verb:set package 'yolov8_ros' build argument 'catkin_skip_building_tests' from command line to 'False'
[0.413s] DEBUG:colcon.colcon_core.verb:Building package 'yolov8_ros' with the following arguments: {'ament_cmake_args': None, 'build_base': '/home/yong/YongJun_ws/build/yolov8_ros', 'catkin_cmake_args': None, 'catkin_skip_building_tests': False, 'cmake_args': None, 'cmake_clean_cache': False, 'cmake_clean_first': False, 'cmake_force_configure': False, 'cmake_target': None, 'cmake_target_skip_unavailable': False, 'install_base': '/home/yong/YongJun_ws/install/yolov8_ros', 'merge_install': False, 'path': '/home/yong/YongJun_ws/src/YOLO/Yolov8/yolov8_ros', 'symlink_install': True, 'test_result_base': None}
[0.413s] Level 5:colcon.colcon_core.verb:set package 'yolov8_bringup' build argument 'cmake_args' from command line to 'None'
[0.413s] Level 5:colcon.colcon_core.verb:set package 'yolov8_bringup' build argument 'cmake_target' from command line to 'None'
[0.413s] Level 5:colcon.colcon_core.verb:set package 'yolov8_bringup' build argument 'cmake_target_skip_unavailable' from command line to 'False'
[0.413s] Level 5:colcon.colcon_core.verb:set package 'yolov8_bringup' build argument 'cmake_clean_cache' from command line to 'False'
[0.413s] Level 5:colcon.colcon_core.verb:set package 'yolov8_bringup' build argument 'cmake_clean_first' from command line to 'False'
[0.413s] Level 5:colcon.colcon_core.verb:set package 'yolov8_bringup' build argument 'cmake_force_configure' from command line to 'False'
[0.413s] Level 5:colcon.colcon_core.verb:set package 'yolov8_bringup' build argument 'ament_cmake_args' from command line to 'None'
[0.413s] Level 5:colcon.colcon_core.verb:set package 'yolov8_bringup' build argument 'catkin_cmake_args' from command line to 'None'
[0.413s] Level 5:colcon.colcon_core.verb:set package 'yolov8_bringup' build argument 'catkin_skip_building_tests' from command line to 'False'
[0.413s] DEBUG:colcon.colcon_core.verb:Building package 'yolov8_bringup' with the following arguments: {'ament_cmake_args': None, 'build_base': '/home/yong/YongJun_ws/build/yolov8_bringup', 'catkin_cmake_args': None, 'catkin_skip_building_tests': False, 'cmake_args': None, 'cmake_clean_cache': False, 'cmake_clean_first': False, 'cmake_force_configure': False, 'cmake_target': None, 'cmake_target_skip_unavailable': False, 'install_base': '/home/yong/YongJun_ws/install/yolov8_bringup', 'merge_install': False, 'path': '/home/yong/YongJun_ws/src/YOLO/Yolov8/yolov8_bringup', 'symlink_install': True, 'test_result_base': None}
[0.413s] INFO:colcon.colcon_core.executor:Executing jobs using 'parallel' executor
[0.414s] DEBUG:colcon.colcon_parallel_executor.executor.parallel:run_until_complete
[0.414s] INFO:colcon.colcon_ros.task.ament_python.build:Building ROS package in '/home/yong/YongJun_ws/src/YOLO/Yolov8/yolov8_ros' with build type 'ament_python'
[0.414s] Level 1:colcon.colcon_core.shell:create_environment_hook('yolov8_ros', 'ament_prefix_path')
[0.415s] INFO:colcon.colcon_core.plugin_system:Skipping extension 'colcon_core.shell.bat': Not used on non-Windows systems
[0.416s] INFO:colcon.colcon_core.shell:Creating environment hook '/home/yong/YongJun_ws/install/yolov8_ros/share/yolov8_ros/hook/ament_prefix_path.ps1'
[0.416s] INFO:colcon.colcon_core.shell:Creating environment descriptor '/home/yong/YongJun_ws/install/yolov8_ros/share/yolov8_ros/hook/ament_prefix_path.dsv'
[0.416s] INFO:colcon.colcon_core.shell:Creating environment hook '/home/yong/YongJun_ws/install/yolov8_ros/share/yolov8_ros/hook/ament_prefix_path.sh'
[0.417s] INFO:colcon.colcon_core.shell:Skip shell extension 'powershell' for command environment: Not usable outside of PowerShell
[0.417s] DEBUG:colcon.colcon_core.shell:Skip shell extension 'dsv' for command environment
[0.420s] INFO:colcon.colcon_ros.task.ament_cmake.build:Building ROS package in '/home/yong/YongJun_ws/src/sensor/usb_cam' with build type 'ament_cmake'
[0.420s] INFO:colcon.colcon_cmake.task.cmake.build:Building CMake package in '/home/yong/YongJun_ws/src/sensor/usb_cam'
[0.420s] INFO:colcon.colcon_core.shell:Skip shell extension 'powershell' for command environment: Not usable outside of PowerShell
[0.420s] DEBUG:colcon.colcon_core.shell:Skip shell extension 'dsv' for command environment
[0.423s] INFO:colcon.colcon_ros.task.ament_cmake.build:Building ROS package in '/home/yong/YongJun_ws/src/YOLO/Yolov8/yolov8_msgs' with build type 'ament_cmake'
[0.423s] INFO:colcon.colcon_cmake.task.cmake.build:Building CMake package in '/home/yong/YongJun_ws/src/YOLO/Yolov8/yolov8_msgs'
[0.424s] INFO:colcon.colcon_core.shell:Skip shell extension 'powershell' for command environment: Not usable outside of PowerShell
[0.424s] DEBUG:colcon.colcon_core.shell:Skip shell extension 'dsv' for command environment
[0.610s] INFO:colcon.colcon_core.task.python.build:Building Python package in '/home/yong/YongJun_ws/src/YOLO/Yolov8/yolov8_ros'
[0.610s] INFO:colcon.colcon_core.shell:Skip shell extension 'powershell' for command environment: Not usable outside of PowerShell
[0.610s] DEBUG:colcon.colcon_core.shell:Skip shell extension 'dsv' for command environment
[0.616s] DEBUG:colcon.colcon_core.event_handler.log_command:Invoking command in '/home/yong/YongJun_ws/build/usb_cam': CMAKE_PREFIX_PATH=${CMAKE_PREFIX_PATH}:/home/yong/YongJun_ws/install/yolov8_ros:/opt/ros/foxy /usr/bin/cmake /home/yong/YongJun_ws/src/sensor/usb_cam -DAMENT_CMAKE_SYMLINK_INSTALL=1 -DCMAKE_INSTALL_PREFIX=/home/yong/YongJun_ws/install/usb_cam
[0.622s] DEBUG:colcon.colcon_core.event_handler.log_command:Invoking command in '/home/yong/YongJun_ws/build/yolov8_msgs': CMAKE_PREFIX_PATH=${CMAKE_PREFIX_PATH}:/home/yong/YongJun_ws/install/yolov8_ros:/opt/ros/foxy /usr/bin/cmake /home/yong/YongJun_ws/src/YOLO/Yolov8/yolov8_msgs -DAMENT_CMAKE_SYMLINK_INSTALL=1 -DCMAKE_INSTALL_PREFIX=/home/yong/YongJun_ws/install/yolov8_msgs
[1.041s] DEBUG:colcon.colcon_core.event_handler.log_command:Invoking command in '/home/yong/YongJun_ws/build/yolov8_ros': PYTHONPATH=/home/yong/YongJun_ws/build/yolov8_ros/prefix_override:/home/yong/YongJun_ws/install/yolov8_ros/lib/python3.8/site-packages:${PYTHONPATH} /usr/bin/python3 -W ignore:setup.py install is deprecated setup.py develop --editable --build-directory /home/yong/YongJun_ws/build/yolov8_ros/build --no-deps symlink_data
[1.465s] Level 1:colcon.colcon_core.shell:create_environment_hook('yolov8_ros', 'pythonpath_develop')
[1.466s] INFO:colcon.colcon_core.shell:Creating environment hook '/home/yong/YongJun_ws/build/yolov8_ros/share/yolov8_ros/hook/pythonpath_develop.ps1'
[1.466s] DEBUG:colcon.colcon_core.event_handler.log_command:Invoked command in '/home/yong/YongJun_ws/build/yolov8_ros' returned '0': PYTHONPATH=/home/yong/YongJun_ws/build/yolov8_ros/prefix_override:/home/yong/YongJun_ws/install/yolov8_ros/lib/python3.8/site-packages:${PYTHONPATH} /usr/bin/python3 -W ignore:setup.py install is deprecated setup.py develop --editable --build-directory /home/yong/YongJun_ws/build/yolov8_ros/build --no-deps symlink_data
[1.466s] INFO:colcon.colcon_core.shell:Creating environment descriptor '/home/yong/YongJun_ws/build/yolov8_ros/share/yolov8_ros/hook/pythonpath_develop.dsv'
[1.466s] INFO:colcon.colcon_core.shell:Creating environment hook '/home/yong/YongJun_ws/build/yolov8_ros/share/yolov8_ros/hook/pythonpath_develop.sh'
[1.468s] Level 1:colcon.colcon_core.environment:checking '/home/yong/YongJun_ws/install/yolov8_ros' for CMake module files
[1.469s] Level 1:colcon.colcon_core.environment:checking '/home/yong/YongJun_ws/install/yolov8_ros' for CMake config files
[1.469s] Level 1:colcon.colcon_core.environment:checking '/home/yong/YongJun_ws/install/yolov8_ros/lib'
[1.469s] Level 1:colcon.colcon_core.environment:checking '/home/yong/YongJun_ws/install/yolov8_ros/bin'
[1.469s] Level 1:colcon.colcon_core.environment:checking '/home/yong/YongJun_ws/install/yolov8_ros/lib/pkgconfig/yolov8_ros.pc'
[1.470s] Level 1:colcon.colcon_core.environment:checking '/home/yong/YongJun_ws/install/yolov8_ros/lib/python3.8/site-packages'
[1.470s] Level 1:colcon.colcon_core.shell:create_environment_hook('yolov8_ros', 'pythonpath')
[1.470s] INFO:colcon.colcon_core.shell:Creating environment hook '/home/yong/YongJun_ws/install/yolov8_ros/share/yolov8_ros/hook/pythonpath.ps1'
[1.470s] INFO:colcon.colcon_core.shell:Creating environment descriptor '/home/yong/YongJun_ws/install/yolov8_ros/share/yolov8_ros/hook/pythonpath.dsv'
[1.470s] INFO:colcon.colcon_core.shell:Creating environment hook '/home/yong/YongJun_ws/install/yolov8_ros/share/yolov8_ros/hook/pythonpath.sh'
[1.471s] Level 1:colcon.colcon_core.environment:checking '/home/yong/YongJun_ws/install/yolov8_ros/bin'
[1.471s] Level 1:colcon.colcon_core.environment:create_environment_scripts_only(yolov8_ros)
[1.471s] INFO:colcon.colcon_core.shell:Creating package script '/home/yong/YongJun_ws/install/yolov8_ros/share/yolov8_ros/package.ps1'
[1.471s] INFO:colcon.colcon_core.shell:Creating package descriptor '/home/yong/YongJun_ws/install/yolov8_ros/share/yolov8_ros/package.dsv'
[1.472s] INFO:colcon.colcon_core.shell:Creating package script '/home/yong/YongJun_ws/install/yolov8_ros/share/yolov8_ros/package.sh'
[1.472s] INFO:colcon.colcon_core.shell:Creating package script '/home/yong/YongJun_ws/install/yolov8_ros/share/yolov8_ros/package.bash'
[1.473s] INFO:colcon.colcon_core.shell:Creating package script '/home/yong/YongJun_ws/install/yolov8_ros/share/yolov8_ros/package.zsh'
[1.473s] Level 1:colcon.colcon_core.environment:create_file_with_runtime_dependencies(/home/yong/YongJun_ws/install/yolov8_ros/share/colcon-core/packages/yolov8_ros)
[1.474s] INFO:colcon.colcon_ros.task.ament_cmake.build:Building ROS package in '/home/yong/YongJun_ws/src/YOLO/Yolov8/yolov8_bringup' with build type 'ament_cmake'
[1.474s] INFO:colcon.colcon_cmake.task.cmake.build:Building CMake package in '/home/yong/YongJun_ws/src/YOLO/Yolov8/yolov8_bringup'
[1.474s] INFO:colcon.colcon_core.shell:Skip shell extension 'powershell' for command environment: Not usable outside of PowerShell
[1.474s] DEBUG:colcon.colcon_core.shell:Skip shell extension 'dsv' for command environment
[1.482s] DEBUG:colcon.colcon_core.event_handler.log_command:Invoking command in '/home/yong/YongJun_ws/build/yolov8_bringup': AMENT_PREFIX_PATH=/home/yong/YongJun_ws/install/yolov8_ros:/home/yong/YongJun_ws/install/yolov8_bringup:/home/yong/YongJun_ws/install/yolov8_msgs:/home/yong/YongJun_ws/install/usb_cam:/opt/ros/foxy CMAKE_PREFIX_PATH=${CMAKE_PREFIX_PATH}:/home/yong/YongJun_ws/install/yolov8_ros:/opt/ros/foxy /usr/bin/cmake /home/yong/YongJun_ws/src/YOLO/Yolov8/yolov8_bringup -DAMENT_CMAKE_SYMLINK_INSTALL=1 -DCMAKE_INSTALL_PREFIX=/home/yong/YongJun_ws/install/yolov8_bringup
[1.990s] DEBUG:colcon.colcon_core.event_handler.log_command:Invoked command in '/home/yong/YongJun_ws/build/yolov8_msgs' returned '0': CMAKE_PREFIX_PATH=${CMAKE_PREFIX_PATH}:/home/yong/YongJun_ws/install/yolov8_ros:/opt/ros/foxy /usr/bin/cmake /home/yong/YongJun_ws/src/YOLO/Yolov8/yolov8_msgs -DAMENT_CMAKE_SYMLINK_INSTALL=1 -DCMAKE_INSTALL_PREFIX=/home/yong/YongJun_ws/install/yolov8_msgs
[1.992s] DEBUG:colcon.colcon_core.event_handler.log_command:Invoking command in '/home/yong/YongJun_ws/build/yolov8_msgs': CMAKE_PREFIX_PATH=${CMAKE_PREFIX_PATH}:/home/yong/YongJun_ws/install/yolov8_ros:/opt/ros/foxy /usr/bin/cmake --build /home/yong/YongJun_ws/build/yolov8_msgs -- -j8 -l8
[2.007s] DEBUG:colcon.colcon_core.event_handler.log_command:Invoked command in '/home/yong/YongJun_ws/build/yolov8_bringup' returned '0': AMENT_PREFIX_PATH=/home/yong/YongJun_ws/install/yolov8_ros:/home/yong/YongJun_ws/install/yolov8_bringup:/home/yong/YongJun_ws/install/yolov8_msgs:/home/yong/YongJun_ws/install/usb_cam:/opt/ros/foxy CMAKE_PREFIX_PATH=${CMAKE_PREFIX_PATH}:/home/yong/YongJun_ws/install/yolov8_ros:/opt/ros/foxy /usr/bin/cmake /home/yong/YongJun_ws/src/YOLO/Yolov8/yolov8_bringup -DAMENT_CMAKE_SYMLINK_INSTALL=1 -DCMAKE_INSTALL_PREFIX=/home/yong/YongJun_ws/install/yolov8_bringup
[2.009s] DEBUG:colcon.colcon_core.event_handler.log_command:Invoking command in '/home/yong/YongJun_ws/build/yolov8_bringup': AMENT_PREFIX_PATH=/home/yong/YongJun_ws/install/yolov8_ros:/home/yong/YongJun_ws/install/yolov8_bringup:/home/yong/YongJun_ws/install/yolov8_msgs:/home/yong/YongJun_ws/install/usb_cam:/opt/ros/foxy CMAKE_PREFIX_PATH=${CMAKE_PREFIX_PATH}:/home/yong/YongJun_ws/install/yolov8_ros:/opt/ros/foxy /usr/bin/cmake --build /home/yong/YongJun_ws/build/yolov8_bringup -- -j8 -l8
[2.034s] DEBUG:colcon.colcon_core.event_handler.log_command:Invoked command in '/home/yong/YongJun_ws/build/yolov8_bringup' returned '0': AMENT_PREFIX_PATH=/home/yong/YongJun_ws/install/yolov8_ros:/home/yong/YongJun_ws/install/yolov8_bringup:/home/yong/YongJun_ws/install/yolov8_msgs:/home/yong/YongJun_ws/install/usb_cam:/opt/ros/foxy CMAKE_PREFIX_PATH=${CMAKE_PREFIX_PATH}:/home/yong/YongJun_ws/install/yolov8_ros:/opt/ros/foxy /usr/bin/cmake --build /home/yong/YongJun_ws/build/yolov8_bringup -- -j8 -l8
[2.057s] DEBUG:colcon.colcon_core.event_handler.log_command:Invoking command in '/home/yong/YongJun_ws/build/yolov8_bringup': AMENT_PREFIX_PATH=/home/yong/YongJun_ws/install/yolov8_ros:/home/yong/YongJun_ws/install/yolov8_bringup:/home/yong/YongJun_ws/install/yolov8_msgs:/home/yong/YongJun_ws/install/usb_cam:/opt/ros/foxy CMAKE_PREFIX_PATH=${CMAKE_PREFIX_PATH}:/home/yong/YongJun_ws/install/yolov8_ros:/opt/ros/foxy /usr/bin/cmake --install /home/yong/YongJun_ws/build/yolov8_bringup
[2.175s] Level 1:colcon.colcon_core.environment:create_environment_scripts_only(yolov8_bringup)
[2.175s] DEBUG:colcon.colcon_core.event_handler.log_command:Invoked command in '/home/yong/YongJun_ws/build/yolov8_bringup' returned '0': AMENT_PREFIX_PATH=/home/yong/YongJun_ws/install/yolov8_ros:/home/yong/YongJun_ws/install/yolov8_bringup:/home/yong/YongJun_ws/install/yolov8_msgs:/home/yong/YongJun_ws/install/usb_cam:/opt/ros/foxy CMAKE_PREFIX_PATH=${CMAKE_PREFIX_PATH}:/home/yong/YongJun_ws/install/yolov8_ros:/opt/ros/foxy /usr/bin/cmake --install /home/yong/YongJun_ws/build/yolov8_bringup
[2.175s] Level 1:colcon.colcon_core.environment:checking '/home/yong/YongJun_ws/install/yolov8_bringup' for CMake module files
[2.176s] Level 1:colcon.colcon_core.environment:checking '/home/yong/YongJun_ws/install/yolov8_bringup' for CMake config files
[2.176s] Level 1:colcon.colcon_core.shell:create_environment_hook('yolov8_bringup', 'cmake_prefix_path')
[2.176s] INFO:colcon.colcon_core.shell:Creating environment hook '/home/yong/YongJun_ws/install/yolov8_bringup/share/yolov8_bringup/hook/cmake_prefix_path.ps1'
[2.177s] INFO:colcon.colcon_core.shell:Creating environment descriptor '/home/yong/YongJun_ws/install/yolov8_bringup/share/yolov8_bringup/hook/cmake_prefix_path.dsv'
[2.177s] INFO:colcon.colcon_core.shell:Creating environment hook '/home/yong/YongJun_ws/install/yolov8_bringup/share/yolov8_bringup/hook/cmake_prefix_path.sh'
[2.177s] Level 1:colcon.colcon_core.environment:checking '/home/yong/YongJun_ws/install/yolov8_bringup/bin'
[2.177s] Level 1:colcon.colcon_core.environment:checking '/home/yong/YongJun_ws/install/yolov8_bringup/lib/pkgconfig/yolov8_bringup.pc'
[2.177s] Level 1:colcon.colcon_core.environment:checking '/home/yong/YongJun_ws/install/yolov8_bringup/lib/python3.8/site-packages'
[2.178s] Level 1:colcon.colcon_core.environment:checking '/home/yong/YongJun_ws/install/yolov8_bringup/bin'
[2.178s] INFO:colcon.colcon_core.shell:Creating package script '/home/yong/YongJun_ws/install/yolov8_bringup/share/yolov8_bringup/package.ps1'
[2.178s] INFO:colcon.colcon_core.shell:Creating package descriptor '/home/yong/YongJun_ws/install/yolov8_bringup/share/yolov8_bringup/package.dsv'
[2.178s] INFO:colcon.colcon_core.shell:Creating package script '/home/yong/YongJun_ws/install/yolov8_bringup/share/yolov8_bringup/package.sh'
[2.179s] INFO:colcon.colcon_core.shell:Creating package script '/home/yong/YongJun_ws/install/yolov8_bringup/share/yolov8_bringup/package.bash'
[2.179s] INFO:colcon.colcon_core.shell:Creating package script '/home/yong/YongJun_ws/install/yolov8_bringup/share/yolov8_bringup/package.zsh'
[2.179s] Level 1:colcon.colcon_core.environment:create_file_with_runtime_dependencies(/home/yong/YongJun_ws/install/yolov8_bringup/share/colcon-core/packages/yolov8_bringup)
[2.193s] Level 1:colcon.colcon_core.environment:create_environment_scripts_only(yolov8_bringup)
[2.193s] Level 1:colcon.colcon_core.environment:checking '/home/yong/YongJun_ws/install/yolov8_bringup' for CMake module files
[2.194s] Level 1:colcon.colcon_core.environment:checking '/home/yong/YongJun_ws/install/yolov8_bringup' for CMake config files
[2.194s] Level 1:colcon.colcon_core.shell:create_environment_hook('yolov8_bringup', 'cmake_prefix_path')
[2.194s] INFO:colcon.colcon_core.shell:Creating environment hook '/home/yong/YongJun_ws/install/yolov8_bringup/share/yolov8_bringup/hook/cmake_prefix_path.ps1'
[2.194s] INFO:colcon.colcon_core.shell:Creating environment descriptor '/home/yong/YongJun_ws/install/yolov8_bringup/share/yolov8_bringup/hook/cmake_prefix_path.dsv'
[2.195s] INFO:colcon.colcon_core.shell:Creating environment hook '/home/yong/YongJun_ws/install/yolov8_bringup/share/yolov8_bringup/hook/cmake_prefix_path.sh'
[2.195s] Level 1:colcon.colcon_core.environment:checking '/home/yong/YongJun_ws/install/yolov8_bringup/bin'
[2.195s] Level 1:colcon.colcon_core.environment:checking '/home/yong/YongJun_ws/install/yolov8_bringup/lib/pkgconfig/yolov8_bringup.pc'
[2.195s] Level 1:colcon.colcon_core.environment:checking '/home/yong/YongJun_ws/install/yolov8_bringup/lib/python3.8/site-packages'
[2.195s] Level 1:colcon.colcon_core.environment:checking '/home/yong/YongJun_ws/install/yolov8_bringup/bin'
[2.195s] INFO:colcon.colcon_core.shell:Creating package script '/home/yong/YongJun_ws/install/yolov8_bringup/share/yolov8_bringup/package.ps1'
[2.196s] INFO:colcon.colcon_core.shell:Creating package descriptor '/home/yong/YongJun_ws/install/yolov8_bringup/share/yolov8_bringup/package.dsv'
[2.196s] INFO:colcon.colcon_core.shell:Creating package script '/home/yong/YongJun_ws/install/yolov8_bringup/share/yolov8_bringup/package.sh'
[2.196s] INFO:colcon.colcon_core.shell:Creating package script '/home/yong/YongJun_ws/install/yolov8_bringup/share/yolov8_bringup/package.bash'
[2.197s] INFO:colcon.colcon_core.shell:Creating package script '/home/yong/YongJun_ws/install/yolov8_bringup/share/yolov8_bringup/package.zsh'
[2.197s] Level 1:colcon.colcon_core.environment:create_file_with_runtime_dependencies(/home/yong/YongJun_ws/install/yolov8_bringup/share/colcon-core/packages/yolov8_bringup)
[2.223s] DEBUG:colcon.colcon_core.event_handler.log_command:Invoked command in '/home/yong/YongJun_ws/build/usb_cam' returned '0': CMAKE_PREFIX_PATH=${CMAKE_PREFIX_PATH}:/home/yong/YongJun_ws/install/yolov8_ros:/opt/ros/foxy /usr/bin/cmake /home/yong/YongJun_ws/src/sensor/usb_cam -DAMENT_CMAKE_SYMLINK_INSTALL=1 -DCMAKE_INSTALL_PREFIX=/home/yong/YongJun_ws/install/usb_cam
[2.224s] DEBUG:colcon.colcon_core.event_handler.log_command:Invoking command in '/home/yong/YongJun_ws/build/usb_cam': CMAKE_PREFIX_PATH=${CMAKE_PREFIX_PATH}:/home/yong/YongJun_ws/install/yolov8_ros:/opt/ros/foxy /usr/bin/cmake --build /home/yong/YongJun_ws/build/usb_cam -- -j8 -l8
[8.692s] DEBUG:colcon.colcon_core.event_handler.log_command:Invoked command in '/home/yong/YongJun_ws/build/yolov8_msgs' returned '0': CMAKE_PREFIX_PATH=${CMAKE_PREFIX_PATH}:/home/yong/YongJun_ws/install/yolov8_ros:/opt/ros/foxy /usr/bin/cmake --build /home/yong/YongJun_ws/build/yolov8_msgs -- -j8 -l8
[8.810s] DEBUG:colcon.colcon_core.event_handler.log_command:Invoking command in '/home/yong/YongJun_ws/build/yolov8_msgs': CMAKE_PREFIX_PATH=${CMAKE_PREFIX_PATH}:/home/yong/YongJun_ws/install/yolov8_ros:/opt/ros/foxy /usr/bin/cmake --install /home/yong/YongJun_ws/build/yolov8_msgs
[9.559s] DEBUG:colcon.colcon_core.event_handler.log_command:Invoked command in '/home/yong/YongJun_ws/build/usb_cam' returned '0': CMAKE_PREFIX_PATH=${CMAKE_PREFIX_PATH}:/home/yong/YongJun_ws/install/yolov8_ros:/opt/ros/foxy /usr/bin/cmake --build /home/yong/YongJun_ws/build/usb_cam -- -j8 -l8
[9.583s] DEBUG:colcon.colcon_core.event_handler.log_command:Invoking command in '/home/yong/YongJun_ws/build/usb_cam': CMAKE_PREFIX_PATH=${CMAKE_PREFIX_PATH}:/home/yong/YongJun_ws/install/yolov8_ros:/opt/ros/foxy /usr/bin/cmake --install /home/yong/YongJun_ws/build/usb_cam
[9.879s] Level 1:colcon.colcon_core.environment:create_environment_scripts_only(usb_cam)
[9.880s] Level 1:colcon.colcon_core.environment:checking '/home/yong/YongJun_ws/install/usb_cam' for CMake module files
[9.880s] DEBUG:colcon.colcon_core.event_handler.log_command:Invoked command in '/home/yong/YongJun_ws/build/usb_cam' returned '0': CMAKE_PREFIX_PATH=${CMAKE_PREFIX_PATH}:/home/yong/YongJun_ws/install/yolov8_ros:/opt/ros/foxy /usr/bin/cmake --install /home/yong/YongJun_ws/build/usb_cam
[9.881s] Level 1:colcon.colcon_core.environment:checking '/home/yong/YongJun_ws/install/usb_cam' for CMake config files
[9.881s] Level 1:colcon.colcon_core.shell:create_environment_hook('usb_cam', 'cmake_prefix_path')
[9.881s] INFO:colcon.colcon_core.shell:Creating environment hook '/home/yong/YongJun_ws/install/usb_cam/share/usb_cam/hook/cmake_prefix_path.ps1'
[9.881s] INFO:colcon.colcon_core.shell:Creating environment descriptor '/home/yong/YongJun_ws/install/usb_cam/share/usb_cam/hook/cmake_prefix_path.dsv'
[9.882s] INFO:colcon.colcon_core.shell:Creating environment hook '/home/yong/YongJun_ws/install/usb_cam/share/usb_cam/hook/cmake_prefix_path.sh'
[9.882s] Level 1:colcon.colcon_core.environment:checking '/home/yong/YongJun_ws/install/usb_cam/lib'
[9.882s] Level 1:colcon.colcon_core.shell:create_environment_hook('usb_cam', 'ld_library_path_lib')
[9.882s] INFO:colcon.colcon_core.shell:Creating environment hook '/home/yong/YongJun_ws/install/usb_cam/share/usb_cam/hook/ld_library_path_lib.ps1'
[9.882s] INFO:colcon.colcon_core.shell:Creating environment descriptor '/home/yong/YongJun_ws/install/usb_cam/share/usb_cam/hook/ld_library_path_lib.dsv'
[9.883s] INFO:colcon.colcon_core.shell:Creating environment hook '/home/yong/YongJun_ws/install/usb_cam/share/usb_cam/hook/ld_library_path_lib.sh'
[9.883s] Level 1:colcon.colcon_core.environment:checking '/home/yong/YongJun_ws/install/usb_cam/bin'
[9.883s] Level 1:colcon.colcon_core.environment:checking '/home/yong/YongJun_ws/install/usb_cam/lib/pkgconfig/usb_cam.pc'
[9.883s] Level 1:colcon.colcon_core.environment:checking '/home/yong/YongJun_ws/install/usb_cam/lib/python3.8/site-packages'
[9.883s] Level 1:colcon.colcon_core.environment:checking '/home/yong/YongJun_ws/install/usb_cam/bin'
[9.884s] INFO:colcon.colcon_core.shell:Creating package script '/home/yong/YongJun_ws/install/usb_cam/share/usb_cam/package.ps1'
[9.884s] INFO:colcon.colcon_core.shell:Creating package descriptor '/home/yong/YongJun_ws/install/usb_cam/share/usb_cam/package.dsv'
[9.884s] INFO:colcon.colcon_core.shell:Creating package script '/home/yong/YongJun_ws/install/usb_cam/share/usb_cam/package.sh'
[9.885s] INFO:colcon.colcon_core.shell:Creating package script '/home/yong/YongJun_ws/install/usb_cam/share/usb_cam/package.bash'
[9.885s] INFO:colcon.colcon_core.shell:Creating package script '/home/yong/YongJun_ws/install/usb_cam/share/usb_cam/package.zsh'
[9.885s] Level 1:colcon.colcon_core.environment:create_file_with_runtime_dependencies(/home/yong/YongJun_ws/install/usb_cam/share/colcon-core/packages/usb_cam)
[9.907s] Level 1:colcon.colcon_core.environment:create_environment_scripts_only(usb_cam)
[9.907s] Level 1:colcon.colcon_core.environment:checking '/home/yong/YongJun_ws/install/usb_cam' for CMake module files
[9.907s] Level 1:colcon.colcon_core.environment:checking '/home/yong/YongJun_ws/install/usb_cam' for CMake config files
[9.908s] Level 1:colcon.colcon_core.shell:create_environment_hook('usb_cam', 'cmake_prefix_path')
[9.908s] INFO:colcon.colcon_core.shell:Creating environment hook '/home/yong/YongJun_ws/install/usb_cam/share/usb_cam/hook/cmake_prefix_path.ps1'
[9.908s] INFO:colcon.colcon_core.shell:Creating environment descriptor '/home/yong/YongJun_ws/install/usb_cam/share/usb_cam/hook/cmake_prefix_path.dsv'
[9.908s] INFO:colcon.colcon_core.shell:Creating environment hook '/home/yong/YongJun_ws/install/usb_cam/share/usb_cam/hook/cmake_prefix_path.sh'
[9.909s] Level 1:colcon.colcon_core.environment:checking '/home/yong/YongJun_ws/install/usb_cam/lib'
[9.909s] Level 1:colcon.colcon_core.shell:create_environment_hook('usb_cam', 'ld_library_path_lib')
[9.909s] INFO:colcon.colcon_core.shell:Creating environment hook '/home/yong/YongJun_ws/install/usb_cam/share/usb_cam/hook/ld_library_path_lib.ps1'
[9.909s] INFO:colcon.colcon_core.shell:Creating environment descriptor '/home/yong/YongJun_ws/install/usb_cam/share/usb_cam/hook/ld_library_path_lib.dsv'
[9.910s] INFO:colcon.colcon_core.shell:Creating environment hook '/home/yong/YongJun_ws/install/usb_cam/share/usb_cam/hook/ld_library_path_lib.sh'
[9.910s] Level 1:colcon.colcon_core.environment:checking '/home/yong/YongJun_ws/install/usb_cam/bin'
[9.910s] Level 1:colcon.colcon_core.environment:checking '/home/yong/YongJun_ws/install/usb_cam/lib/pkgconfig/usb_cam.pc'
[9.910s] Level 1:colcon.colcon_core.environment:checking '/home/yong/YongJun_ws/install/usb_cam/lib/python3.8/site-packages'
[9.910s] Level 1:colcon.colcon_core.environment:checking '/home/yong/YongJun_ws/install/usb_cam/bin'
[9.910s] INFO:colcon.colcon_core.shell:Creating package script '/home/yong/YongJun_ws/install/usb_cam/share/usb_cam/package.ps1'
[9.911s] INFO:colcon.colcon_core.shell:Creating package descriptor '/home/yong/YongJun_ws/install/usb_cam/share/usb_cam/package.dsv'
[9.911s] INFO:colcon.colcon_core.shell:Creating package script '/home/yong/YongJun_ws/install/usb_cam/share/usb_cam/package.sh'
[9.911s] INFO:colcon.colcon_core.shell:Creating package script '/home/yong/YongJun_ws/install/usb_cam/share/usb_cam/package.bash'
[9.912s] INFO:colcon.colcon_core.shell:Creating package script '/home/yong/YongJun_ws/install/usb_cam/share/usb_cam/package.zsh'
[9.912s] Level 1:colcon.colcon_core.environment:create_file_with_runtime_dependencies(/home/yong/YongJun_ws/install/usb_cam/share/colcon-core/packages/usb_cam)
[10.276s] Level 1:colcon.colcon_core.environment:create_environment_scripts_only(yolov8_msgs)
[10.276s] Level 1:colcon.colcon_core.environment:checking '/home/yong/YongJun_ws/install/yolov8_msgs' for CMake module files
[10.276s] DEBUG:colcon.colcon_core.event_handler.log_command:Invoked command in '/home/yong/YongJun_ws/build/yolov8_msgs' returned '0': CMAKE_PREFIX_PATH=${CMAKE_PREFIX_PATH}:/home/yong/YongJun_ws/install/yolov8_ros:/opt/ros/foxy /usr/bin/cmake --install /home/yong/YongJun_ws/build/yolov8_msgs
[10.277s] Level 1:colcon.colcon_core.environment:checking '/home/yong/YongJun_ws/install/yolov8_msgs' for CMake config files
[10.277s] Level 1:colcon.colcon_core.shell:create_environment_hook('yolov8_msgs', 'cmake_prefix_path')
[10.277s] INFO:colcon.colcon_core.shell:Creating environment hook '/home/yong/YongJun_ws/install/yolov8_msgs/share/yolov8_msgs/hook/cmake_prefix_path.ps1'
[10.277s] INFO:colcon.colcon_core.shell:Creating environment descriptor '/home/yong/YongJun_ws/install/yolov8_msgs/share/yolov8_msgs/hook/cmake_prefix_path.dsv'
[10.277s] INFO:colcon.colcon_core.shell:Creating environment hook '/home/yong/YongJun_ws/install/yolov8_msgs/share/yolov8_msgs/hook/cmake_prefix_path.sh'
[10.278s] Level 1:colcon.colcon_core.environment:checking '/home/yong/YongJun_ws/install/yolov8_msgs/lib'
[10.278s] Level 1:colcon.colcon_core.shell:create_environment_hook('yolov8_msgs', 'ld_library_path_lib')
[10.278s] INFO:colcon.colcon_core.shell:Creating environment hook '/home/yong/YongJun_ws/install/yolov8_msgs/share/yolov8_msgs/hook/ld_library_path_lib.ps1'
[10.278s] INFO:colcon.colcon_core.shell:Creating environment descriptor '/home/yong/YongJun_ws/install/yolov8_msgs/share/yolov8_msgs/hook/ld_library_path_lib.dsv'
[10.278s] INFO:colcon.colcon_core.shell:Creating environment hook '/home/yong/YongJun_ws/install/yolov8_msgs/share/yolov8_msgs/hook/ld_library_path_lib.sh'
[10.279s] Level 1:colcon.colcon_core.environment:checking '/home/yong/YongJun_ws/install/yolov8_msgs/bin'
[10.279s] Level 1:colcon.colcon_core.environment:checking '/home/yong/YongJun_ws/install/yolov8_msgs/lib/pkgconfig/yolov8_msgs.pc'
[10.279s] Level 1:colcon.colcon_core.environment:checking '/home/yong/YongJun_ws/install/yolov8_msgs/lib/python3.8/site-packages'
[10.279s] Level 1:colcon.colcon_core.shell:create_environment_hook('yolov8_msgs', 'pythonpath')
[10.279s] INFO:colcon.colcon_core.shell:Creating environment hook '/home/yong/YongJun_ws/install/yolov8_msgs/share/yolov8_msgs/hook/pythonpath.ps1'
[10.279s] INFO:colcon.colcon_core.shell:Creating environment descriptor '/home/yong/YongJun_ws/install/yolov8_msgs/share/yolov8_msgs/hook/pythonpath.dsv'
[10.279s] INFO:colcon.colcon_core.shell:Creating environment hook '/home/yong/YongJun_ws/install/yolov8_msgs/share/yolov8_msgs/hook/pythonpath.sh'
[10.280s] Level 1:colcon.colcon_core.environment:checking '/home/yong/YongJun_ws/install/yolov8_msgs/bin'
[10.280s] INFO:colcon.colcon_core.shell:Creating package script '/home/yong/YongJun_ws/install/yolov8_msgs/share/yolov8_msgs/package.ps1'
[10.280s] INFO:colcon.colcon_core.shell:Creating package descriptor '/home/yong/YongJun_ws/install/yolov8_msgs/share/yolov8_msgs/package.dsv'
[10.281s] INFO:colcon.colcon_core.shell:Creating package script '/home/yong/YongJun_ws/install/yolov8_msgs/share/yolov8_msgs/package.sh'
[10.281s] INFO:colcon.colcon_core.shell:Creating package script '/home/yong/YongJun_ws/install/yolov8_msgs/share/yolov8_msgs/package.bash'
[10.281s] INFO:colcon.colcon_core.shell:Creating package script '/home/yong/YongJun_ws/install/yolov8_msgs/share/yolov8_msgs/package.zsh'
[10.282s] Level 1:colcon.colcon_core.environment:create_file_with_runtime_dependencies(/home/yong/YongJun_ws/install/yolov8_msgs/share/colcon-core/packages/yolov8_msgs)
[10.394s] Level 1:colcon.colcon_core.environment:create_environment_scripts_only(yolov8_msgs)
[10.394s] Level 1:colcon.colcon_core.environment:checking '/home/yong/YongJun_ws/install/yolov8_msgs' for CMake module files
[10.395s] Level 1:colcon.colcon_core.environment:checking '/home/yong/YongJun_ws/install/yolov8_msgs' for CMake config files
[10.395s] Level 1:colcon.colcon_core.shell:create_environment_hook('yolov8_msgs', 'cmake_prefix_path')
[10.395s] INFO:colcon.colcon_core.shell:Creating environment hook '/home/yong/YongJun_ws/install/yolov8_msgs/share/yolov8_msgs/hook/cmake_prefix_path.ps1'
[10.396s] INFO:colcon.colcon_core.shell:Creating environment descriptor '/home/yong/YongJun_ws/install/yolov8_msgs/share/yolov8_msgs/hook/cmake_prefix_path.dsv'
[10.396s] INFO:colcon.colcon_core.shell:Creating environment hook '/home/yong/YongJun_ws/install/yolov8_msgs/share/yolov8_msgs/hook/cmake_prefix_path.sh'
[10.396s] Level 1:colcon.colcon_core.environment:checking '/home/yong/YongJun_ws/install/yolov8_msgs/lib'
[10.396s] Level 1:colcon.colcon_core.shell:create_environment_hook('yolov8_msgs', 'ld_library_path_lib')
[10.396s] INFO:colcon.colcon_core.shell:Creating environment hook '/home/yong/YongJun_ws/install/yolov8_msgs/share/yolov8_msgs/hook/ld_library_path_lib.ps1'
[10.397s] INFO:colcon.colcon_core.shell:Creating environment descriptor '/home/yong/YongJun_ws/install/yolov8_msgs/share/yolov8_msgs/hook/ld_library_path_lib.dsv'
[10.397s] INFO:colcon.colcon_core.shell:Creating environment hook '/home/yong/YongJun_ws/install/yolov8_msgs/share/yolov8_msgs/hook/ld_library_path_lib.sh'
[10.397s] Level 1:colcon.colcon_core.environment:checking '/home/yong/YongJun_ws/install/yolov8_msgs/bin'
[10.397s] Level 1:colcon.colcon_core.environment:checking '/home/yong/YongJun_ws/install/yolov8_msgs/lib/pkgconfig/yolov8_msgs.pc'
[10.397s] Level 1:colcon.colcon_core.environment:checking '/home/yong/YongJun_ws/install/yolov8_msgs/lib/python3.8/site-packages'
[10.397s] Level 1:colcon.colcon_core.shell:create_environment_hook('yolov8_msgs', 'pythonpath')
[10.397s] INFO:colcon.colcon_core.shell:Creating environment hook '/home/yong/YongJun_ws/install/yolov8_msgs/share/yolov8_msgs/hook/pythonpath.ps1'
[10.398s] INFO:colcon.colcon_core.shell:Creating environment descriptor '/home/yong/YongJun_ws/install/yolov8_msgs/share/yolov8_msgs/hook/pythonpath.dsv'
[10.398s] INFO:colcon.colcon_core.shell:Creating environment hook '/home/yong/YongJun_ws/install/yolov8_msgs/share/yolov8_msgs/hook/pythonpath.sh'
[10.398s] Level 1:colcon.colcon_core.environment:checking '/home/yong/YongJun_ws/install/yolov8_msgs/bin'
[10.398s] INFO:colcon.colcon_core.shell:Creating package script '/home/yong/YongJun_ws/install/yolov8_msgs/share/yolov8_msgs/package.ps1'
[10.399s] INFO:colcon.colcon_core.shell:Creating package descriptor '/home/yong/YongJun_ws/install/yolov8_msgs/share/yolov8_msgs/package.dsv'
[10.399s] INFO:colcon.colcon_core.shell:Creating package script '/home/yong/YongJun_ws/install/yolov8_msgs/share/yolov8_msgs/package.sh'
[10.399s] INFO:colcon.colcon_core.shell:Creating package script '/home/yong/YongJun_ws/install/yolov8_msgs/share/yolov8_msgs/package.bash'
[10.400s] INFO:colcon.colcon_core.shell:Creating package script '/home/yong/YongJun_ws/install/yolov8_msgs/share/yolov8_msgs/package.zsh'
[10.400s] Level 1:colcon.colcon_core.environment:create_file_with_runtime_dependencies(/home/yong/YongJun_ws/install/yolov8_msgs/share/colcon-core/packages/yolov8_msgs)
[10.400s] DEBUG:colcon.colcon_parallel_executor.executor.parallel:closing loop
[10.400s] DEBUG:colcon.colcon_parallel_executor.executor.parallel:loop closed
[10.400s] DEBUG:colcon.colcon_parallel_executor.executor.parallel:run_until_complete finished with '0'
[10.400s] DEBUG:colcon.colcon_core.event_reactor:joining thread
[10.405s] INFO:colcon.colcon_core.plugin_system:Skipping extension 'colcon_notification.desktop_notification.terminal_notifier': Not used on non-Darwin systems
[10.405s] INFO:colcon.colcon_core.plugin_system:Skipping extension 'colcon_notification.desktop_notification.win32': Not used on non-Windows systems
[10.405s] INFO:colcon.colcon_notification.desktop_notification:Sending desktop notification using 'notify2'
[10.415s] DEBUG:colcon.colcon_core.event_reactor:joined thread
[10.415s] INFO:colcon.colcon_core.shell:Creating prefix script '/home/yong/YongJun_ws/install/local_setup.ps1'
[10.416s] INFO:colcon.colcon_core.shell:Creating prefix util module '/home/yong/YongJun_ws/install/_local_setup_util_ps1.py'
[10.416s] INFO:colcon.colcon_core.shell:Creating prefix chain script '/home/yong/YongJun_ws/install/setup.ps1'
[10.417s] INFO:colcon.colcon_core.shell:Creating prefix script '/home/yong/YongJun_ws/install/local_setup.sh'
[10.418s] INFO:colcon.colcon_core.shell:Creating prefix util module '/home/yong/YongJun_ws/install/_local_setup_util_sh.py'
[10.418s] INFO:colcon.colcon_core.shell:Creating prefix chain script '/home/yong/YongJun_ws/install/setup.sh'
[10.419s] INFO:colcon.colcon_core.shell:Creating prefix script '/home/yong/YongJun_ws/install/local_setup.bash'
[10.419s] INFO:colcon.colcon_core.shell:Creating prefix chain script '/home/yong/YongJun_ws/install/setup.bash'
[10.420s] INFO:colcon.colcon_core.shell:Creating prefix script '/home/yong/YongJun_ws/install/local_setup.zsh'
[10.420s] INFO:colcon.colcon_core.shell:Creating prefix chain script '/home/yong/YongJun_ws/install/setup.zsh'
