[0.195s] Invoking command in '/home/yong/YongJun_ws/build/usb_cam': CMAKE_PREFIX_PATH=${CMAKE_PREFIX_PATH}:/home/yong/YongJun_ws/install/yolov8_ros:/opt/ros/foxy /usr/bin/cmake /home/yong/YongJun_ws/src/sensor/usb_cam -DAMENT_CMAKE_SYMLINK_INSTALL=1 -DCMAKE_INSTALL_PREFIX=/home/yong/YongJun_ws/install/usb_cam
[0.233s] -- The C compiler identification is GNU 9.4.0
[0.270s] -- The CXX compiler identification is GNU 9.4.0
[0.274s] -- Check for working C compiler: /usr/bin/cc
[0.317s] -- Check for working C compiler: /usr/bin/cc -- works
[0.318s] -- Detecting C compiler ABI info
[0.363s] -- Detecting C compiler ABI info - done
[0.371s] -- Detecting C compile features
[0.372s] -- Detecting C compile features - done
[0.374s] -- Check for working CXX compiler: /usr/bin/c++
[0.426s] -- Check for working CXX compiler: /usr/bin/c++ -- works
[0.427s] -- Detecting CXX compiler ABI info
[0.479s] -- Detecting CXX compiler ABI info - done
[0.488s] -- Detecting CXX compile features
[0.488s] -- Detecting CXX compile features - done
[0.489s] -- Found ament_cmake_auto: 0.9.12 (/opt/ros/foxy/share/ament_cmake_auto/cmake)
[0.507s] -- Found PythonInterp: /usr/bin/python3 (found suitable version "3.8.10", minimum required is "3") 
[0.507s] -- Using PYTHON_EXECUTABLE: /usr/bin/python3
[0.664s] -- Override CMake install command with custom implementation using symlinks instead of copying resources
[0.759s] -- Using all available rosidl_typesupport_c: rosidl_typesupport_fastrtps_c;rosidl_typesupport_introspection_c
[0.764s] -- Found rosidl_adapter: 1.3.1 (/opt/ros/foxy/share/rosidl_adapter/cmake)
[0.815s] -- Found OpenSSL: /usr/lib/x86_64-linux-gnu/libcrypto.so (found version "1.1.1f")  
[0.836s] -- Found FastRTPS: /opt/ros/foxy/include  
[0.892s] -- Using all available rosidl_typesupport_cpp: rosidl_typesupport_fastrtps_cpp;rosidl_typesupport_introspection_cpp
[0.934s] -- Found rmw_implementation_cmake: 1.0.4 (/opt/ros/foxy/share/rmw_implementation_cmake/cmake)
[0.935s] -- Using RMW implementation 'rmw_fastrtps_cpp' as default
[0.936s] -- Looking for pthread.h
[0.983s] -- Looking for pthread.h - found
[0.983s] -- Performing Test CMAKE_HAVE_LIBC_PTHREAD
[1.031s] -- Performing Test CMAKE_HAVE_LIBC_PTHREAD - Failed
[1.031s] -- Looking for pthread_create in pthreads
[1.070s] -- Looking for pthread_create in pthreads - not found
[1.070s] -- Looking for pthread_create in pthread
[1.116s] -- Looking for pthread_create in pthread - found
[1.116s] -- Found Threads: TRUE  
[1.417s] -- Setting yaml-cpp_DIR to: '/opt/ros/foxy/share/yaml_cpp_vendor/cmake/../../../opt/yaml_cpp_vendor/lib/cmake/yaml-cpp'
[1.514s] -- Found OpenCV: /usr (found version "4.2.0") 
[1.516s] -- Found PkgConfig: /usr/bin/pkg-config (found version "0.29.1") 
[1.517s] -- Checking for module 'libavcodec'
[1.528s] --   Found libavcodec, version 58.54.100
[1.552s] -- Checking for module 'libavutil'
[1.561s] --   Found libavutil, version 56.31.100
[1.589s] -- Checking for module 'libswscale'
[1.597s] --   Found libswscale, version 5.5.100
[1.675s] -- Found ament_lint_auto: 0.9.8 (/opt/ros/foxy/share/ament_lint_auto/cmake)
[1.687s] -- Found gtest sources under '/opt/ros/foxy/src/gtest_vendor': C++ tests using 'Google Test' will be built
[1.689s] -- Check if compiler accepts -pthread
[1.738s] -- Check if compiler accepts -pthread - yes
[1.747s] -- Added test 'copyright' to check source files copyright and LICENSE
[1.750s] -- Added test 'cppcheck' to perform static code analysis on C / C++ code
[1.750s] -- Configured cppcheck include dirs: /home/yong/YongJun_ws/src/sensor/usb_cam/include
[1.750s] -- Configured cppcheck exclude dirs and/or files: 
[1.752s] -- Added test 'cpplint' to check C / C++ code against the Google style
[1.753s] -- Configured cpplint exclude dirs and/or files: 
[1.753s] -- Added test 'flake8' to check Python code syntax and style conventions
[1.755s] -- Added test 'lint_cmake' to check CMake code style
[1.755s] -- Added test 'pep257' to check Python code against some of the style conventions in PEP 257
[1.757s] -- Added test 'uncrustify' to check C / C++ code style
[1.758s] -- Configured uncrustify additional arguments: 
[1.758s] -- Added test 'xmllint' to check XML markup files
[1.762s] -- Configuring done
[1.793s] -- Generating done
[1.794s] -- Build files have been written to: /home/yong/YongJun_ws/build/usb_cam
[1.802s] Invoked command in '/home/yong/YongJun_ws/build/usb_cam' returned '0': CMAKE_PREFIX_PATH=${CMAKE_PREFIX_PATH}:/home/yong/YongJun_ws/install/yolov8_ros:/opt/ros/foxy /usr/bin/cmake /home/yong/YongJun_ws/src/sensor/usb_cam -DAMENT_CMAKE_SYMLINK_INSTALL=1 -DCMAKE_INSTALL_PREFIX=/home/yong/YongJun_ws/install/usb_cam
[1.803s] Invoking command in '/home/yong/YongJun_ws/build/usb_cam': CMAKE_PREFIX_PATH=${CMAKE_PREFIX_PATH}:/home/yong/YongJun_ws/install/yolov8_ros:/opt/ros/foxy /usr/bin/cmake --build /home/yong/YongJun_ws/build/usb_cam -- -j8 -l8
[1.833s] [35m[1mScanning dependencies of target usb_cam_node_exe[0m
[1.833s] [35m[1mScanning dependencies of target gtest[0m
[1.833s] [35m[1mScanning dependencies of target gtest_main[0m
[1.835s] [35m[1mScanning dependencies of target usb_cam[0m
[1.846s] [  7%] [32mBuilding CXX object gtest/CMakeFiles/gtest.dir/src/gtest-all.cc.o[0m
[1.860s] [ 14%] [32mBuilding CXX object CMakeFiles/usb_cam_node_exe.dir/rclcpp_components/node_main_usb_cam_node_exe.cpp.o[0m
[1.860s] [ 21%] [32mBuilding CXX object gtest/CMakeFiles/gtest_main.dir/src/gtest_main.cc.o[0m
[1.874s] [ 28%] [32mBuilding CXX object CMakeFiles/usb_cam.dir/src/usb_cam.cpp.o[0m
[2.701s] [ 35%] [32m[1mLinking CXX static library libgtest_main.a[0m
[2.724s] [ 35%] Built target gtest_main
[3.600s] [ 42%] [32m[1mLinking CXX shared library libusb_cam.so[0m
[3.671s] [ 50%] [32m[1mLinking CXX executable usb_cam_node_exe[0m
[3.771s] [ 50%] Built target usb_cam
[3.778s] [35m[1mScanning dependencies of target usb_cam_node[0m
[3.820s] [ 50%] Built target usb_cam_node_exe
[3.826s] [ 57%] [32mBuilding CXX object CMakeFiles/usb_cam_node.dir/src/ros2/usb_cam_node.cpp.o[0m
[5.002s] [ 64%] [32m[1mLinking CXX static library libgtest.a[0m
[5.042s] [ 64%] Built target gtest
[5.055s] [35m[1mScanning dependencies of target test_pixel_formats[0m
[5.057s] [35m[1mScanning dependencies of target test_usb_cam_utils[0m
[5.080s] [ 71%] [32mBuilding CXX object CMakeFiles/test_pixel_formats.dir/test/test_pixel_formats.cpp.o[0m
[5.087s] [ 78%] [32mBuilding CXX object CMakeFiles/test_usb_cam_utils.dir/test/test_usb_cam_utils.cpp.o[0m
[6.361s] [ 85%] [32m[1mLinking CXX executable test_usb_cam_utils[0m
[6.486s] [ 85%] Built target test_usb_cam_utils
[6.591s] [ 92%] [32m[1mLinking CXX executable test_pixel_formats[0m
[6.714s] [ 92%] Built target test_pixel_formats
[8.865s] [100%] [32m[1mLinking CXX shared library libusb_cam_node.so[0m
[9.130s] [100%] Built target usb_cam_node
[9.138s] Invoked command in '/home/yong/YongJun_ws/build/usb_cam' returned '0': CMAKE_PREFIX_PATH=${CMAKE_PREFIX_PATH}:/home/yong/YongJun_ws/install/yolov8_ros:/opt/ros/foxy /usr/bin/cmake --build /home/yong/YongJun_ws/build/usb_cam -- -j8 -l8
[9.162s] Invoking command in '/home/yong/YongJun_ws/build/usb_cam': CMAKE_PREFIX_PATH=${CMAKE_PREFIX_PATH}:/home/yong/YongJun_ws/install/yolov8_ros:/opt/ros/foxy /usr/bin/cmake --install /home/yong/YongJun_ws/build/usb_cam
[9.168s] -- Install configuration: ""
[9.168s] -- Execute custom install script
[9.168s] -- Symlinking: /home/yong/YongJun_ws/install/usb_cam/share/usb_cam/environment/library_path.sh
[9.174s] -- Symlinking: /home/yong/YongJun_ws/install/usb_cam/share/usb_cam/environment/library_path.dsv
[9.180s] -- Symlinking: /home/yong/YongJun_ws/install/usb_cam/lib/usb_cam/usb_cam_node_exe
[9.186s] -- Symlinking: /home/yong/YongJun_ws/install/usb_cam/lib/usb_cam/show_image.py
[9.193s] -- Symlinking: /home/yong/YongJun_ws/install/usb_cam/lib/libusb_cam.so
[9.199s] -- Symlinking: /home/yong/YongJun_ws/install/usb_cam/lib/libusb_cam_node.so
[9.206s] -- Symlinking: /home/yong/YongJun_ws/install/usb_cam/include/usb_cam/constants.hpp
[9.212s] -- Symlinking: /home/yong/YongJun_ws/install/usb_cam/include/usb_cam/conversions.hpp
[9.219s] -- Symlinking: /home/yong/YongJun_ws/install/usb_cam/include/usb_cam/formats/av_pixel_format_helper.hpp
[9.225s] -- Symlinking: /home/yong/YongJun_ws/install/usb_cam/include/usb_cam/formats/m420.hpp
[9.232s] -- Symlinking: /home/yong/YongJun_ws/install/usb_cam/include/usb_cam/formats/mjpeg.hpp
[9.239s] -- Symlinking: /home/yong/YongJun_ws/install/usb_cam/include/usb_cam/formats/mono.hpp
[9.245s] -- Symlinking: /home/yong/YongJun_ws/install/usb_cam/include/usb_cam/formats/pixel_format_base.hpp
[9.251s] -- Symlinking: /home/yong/YongJun_ws/install/usb_cam/include/usb_cam/formats/rgb.hpp
[9.258s] -- Symlinking: /home/yong/YongJun_ws/install/usb_cam/include/usb_cam/formats/utils.hpp
[9.264s] -- Symlinking: /home/yong/YongJun_ws/install/usb_cam/include/usb_cam/formats/uyvy.hpp
[9.270s] -- Symlinking: /home/yong/YongJun_ws/install/usb_cam/include/usb_cam/formats/yuyv.hpp
[9.276s] -- Symlinking: /home/yong/YongJun_ws/install/usb_cam/include/usb_cam/usb_cam.hpp
[9.282s] -- Symlinking: /home/yong/YongJun_ws/install/usb_cam/include/usb_cam/usb_cam_node.hpp
[9.288s] -- Symlinking: /home/yong/YongJun_ws/install/usb_cam/include/usb_cam/utils.hpp
[9.294s] -- Up-to-date symlink: /home/yong/YongJun_ws/install/usb_cam/lib/libusb_cam_node.so
[9.295s] -- Symlinking: /home/yong/YongJun_ws/install/usb_cam/share/usb_cam/launch/__init__.py
[9.301s] -- Symlinking: /home/yong/YongJun_ws/install/usb_cam/share/usb_cam/launch/__pycache__/camera_config.cpython-38.pyc
[9.307s] -- Symlinking: /home/yong/YongJun_ws/install/usb_cam/share/usb_cam/launch/camera.launch.py
[9.313s] -- Symlinking: /home/yong/YongJun_ws/install/usb_cam/share/usb_cam/launch/camera_config.py
[9.320s] -- Symlinking: /home/yong/YongJun_ws/install/usb_cam/share/usb_cam/config/camera_info.yaml
[9.326s] -- Symlinking: /home/yong/YongJun_ws/install/usb_cam/share/usb_cam/config/params_1.yaml
[9.332s] -- Symlinking: /home/yong/YongJun_ws/install/usb_cam/share/usb_cam/config/params_2.yaml
[9.338s] -- Symlinking: /home/yong/YongJun_ws/install/usb_cam/share/ament_index/resource_index/package_run_dependencies/usb_cam
[9.344s] -- Symlinking: /home/yong/YongJun_ws/install/usb_cam/share/ament_index/resource_index/parent_prefix_path/usb_cam
[9.351s] -- Symlinking: /home/yong/YongJun_ws/install/usb_cam/share/usb_cam/environment/ament_prefix_path.sh
[9.357s] -- Symlinking: /home/yong/YongJun_ws/install/usb_cam/share/usb_cam/environment/ament_prefix_path.dsv
[9.363s] -- Symlinking: /home/yong/YongJun_ws/install/usb_cam/share/usb_cam/environment/path.sh
[9.370s] -- Symlinking: /home/yong/YongJun_ws/install/usb_cam/share/usb_cam/environment/path.dsv
[9.376s] -- Symlinking: /home/yong/YongJun_ws/install/usb_cam/share/usb_cam/local_setup.bash
[9.382s] -- Symlinking: /home/yong/YongJun_ws/install/usb_cam/share/usb_cam/local_setup.sh
[9.389s] -- Symlinking: /home/yong/YongJun_ws/install/usb_cam/share/usb_cam/local_setup.zsh
[9.395s] -- Symlinking: /home/yong/YongJun_ws/install/usb_cam/share/usb_cam/local_setup.dsv
[9.401s] -- Symlinking: /home/yong/YongJun_ws/install/usb_cam/share/usb_cam/package.dsv
[9.408s] -- Symlinking: /home/yong/YongJun_ws/install/usb_cam/share/ament_index/resource_index/packages/usb_cam
[9.414s] -- Symlinking: /home/yong/YongJun_ws/install/usb_cam/share/ament_index/resource_index/rclcpp_components/usb_cam
[9.420s] -- Symlinking: /home/yong/YongJun_ws/install/usb_cam/share/usb_cam/cmake/ament_cmake_export_libraries-extras.cmake
[9.426s] -- Symlinking: /home/yong/YongJun_ws/install/usb_cam/share/usb_cam/cmake/ament_cmake_export_dependencies-extras.cmake
[9.433s] -- Symlinking: /home/yong/YongJun_ws/install/usb_cam/share/usb_cam/cmake/ament_cmake_export_include_directories-extras.cmake
[9.439s] -- Symlinking: /home/yong/YongJun_ws/install/usb_cam/share/usb_cam/cmake/usb_camConfig.cmake
[9.445s] -- Symlinking: /home/yong/YongJun_ws/install/usb_cam/share/usb_cam/cmake/usb_camConfig-version.cmake
[9.451s] -- Symlinking: /home/yong/YongJun_ws/install/usb_cam/share/usb_cam/package.xml
[9.460s] Invoked command in '/home/yong/YongJun_ws/build/usb_cam' returned '0': CMAKE_PREFIX_PATH=${CMAKE_PREFIX_PATH}:/home/yong/YongJun_ws/install/yolov8_ros:/opt/ros/foxy /usr/bin/cmake --install /home/yong/YongJun_ws/build/usb_cam
