[0.008s] Invoking command in '/home/aiv/YongJun_ws/ros2_ws/build/yolov8_bringup': AMENT_PREFIX_PATH=/home/aiv/YongJun_ws/ros2_ws/install/yolov8_ros:/home/aiv/YongJun_ws/ros2_ws/install/yolov8_msgs:${AMENT_PREFIX_PATH} CMAKE_PREFIX_PATH=/home/aiv/YongJun_ws/ros2_ws/install/yolov8_msgs:/opt/ros/foxy LD_LIBRARY_PATH=/home/aiv/YongJun_ws/ros2_ws/install/yolov8_msgs/lib:/opt/ros/foxy/opt/yaml_cpp_vendor/lib:/opt/ros/foxy/opt/rviz_ogre_vendor/lib:/opt/ros/foxy/lib/x86_64-linux-gnu:/opt/ros/foxy/lib:/usr/local/cuda-11.8/lib64 PYTHONPATH=/home/aiv/YongJun_ws/ros2_ws/build/yolov8_ros:/home/aiv/YongJun_ws/ros2_ws/install/yolov8_ros/lib/python3.8/site-packages:/home/aiv/YongJun_ws/ros2_ws/install/yolov8_msgs/lib/python3.8/site-packages:${PYTHONPATH} /home/aiv/.local/bin/cmake /home/aiv/YongJun_ws/ros2_ws/src/yolov8_ros/yolov8_bringup -DAMENT_CMAKE_SYMLINK_INSTALL=1 -DCMAKE_INSTALL_PREFIX=/home/aiv/YongJun_ws/ros2_ws/install/yolov8_bringup
[0.055s] -- The C compiler identification is GNU 9.4.0
[0.089s] -- The CXX compiler identification is GNU 9.4.0
[0.095s] -- Detecting C compiler ABI info
[0.128s] -- Detecting C compiler ABI info - done
[0.134s] -- Check for working C compiler: /usr/bin/cc - skipped
[0.135s] -- Detecting C compile features
[0.135s] -- Detecting C compile features - done
[0.137s] -- Detecting CXX compiler ABI info
[0.177s] -- Detecting CXX compiler ABI info - done
[0.183s] -- Check for working CXX compiler: /usr/bin/c++ - skipped
[0.184s] -- Detecting CXX compile features
[0.184s] -- Detecting CXX compile features - done
[0.185s] -- Found ament_cmake: 0.9.12 (/opt/ros/foxy/share/ament_cmake/cmake)
[0.203s] -- Found PythonInterp: /usr/bin/python3 (found suitable version "3.8.10", minimum required is "3") 
[0.203s] -- Using PYTHON_EXECUTABLE: /usr/bin/python3
[0.337s] -- Override CMake install command with custom implementation using symlinks instead of copying resources
[0.390s] -- Configuring done
[0.391s] -- Generating done
[0.392s] -- Build files have been written to: /home/aiv/YongJun_ws/ros2_ws/build/yolov8_bringup
[0.398s] Invoked command in '/home/aiv/YongJun_ws/ros2_ws/build/yolov8_bringup' returned '0': AMENT_PREFIX_PATH=/home/aiv/YongJun_ws/ros2_ws/install/yolov8_ros:/home/aiv/YongJun_ws/ros2_ws/install/yolov8_msgs:${AMENT_PREFIX_PATH} CMAKE_PREFIX_PATH=/home/aiv/YongJun_ws/ros2_ws/install/yolov8_msgs:/opt/ros/foxy LD_LIBRARY_PATH=/home/aiv/YongJun_ws/ros2_ws/install/yolov8_msgs/lib:/opt/ros/foxy/opt/yaml_cpp_vendor/lib:/opt/ros/foxy/opt/rviz_ogre_vendor/lib:/opt/ros/foxy/lib/x86_64-linux-gnu:/opt/ros/foxy/lib:/usr/local/cuda-11.8/lib64 PYTHONPATH=/home/aiv/YongJun_ws/ros2_ws/build/yolov8_ros:/home/aiv/YongJun_ws/ros2_ws/install/yolov8_ros/lib/python3.8/site-packages:/home/aiv/YongJun_ws/ros2_ws/install/yolov8_msgs/lib/python3.8/site-packages:${PYTHONPATH} /home/aiv/.local/bin/cmake /home/aiv/YongJun_ws/ros2_ws/src/yolov8_ros/yolov8_bringup -DAMENT_CMAKE_SYMLINK_INSTALL=1 -DCMAKE_INSTALL_PREFIX=/home/aiv/YongJun_ws/ros2_ws/install/yolov8_bringup
[0.399s] Invoking command in '/home/aiv/YongJun_ws/ros2_ws/build/yolov8_bringup': AMENT_PREFIX_PATH=/home/aiv/YongJun_ws/ros2_ws/install/yolov8_ros:/home/aiv/YongJun_ws/ros2_ws/install/yolov8_msgs:${AMENT_PREFIX_PATH} CMAKE_PREFIX_PATH=/home/aiv/YongJun_ws/ros2_ws/install/yolov8_msgs:/opt/ros/foxy LD_LIBRARY_PATH=/home/aiv/YongJun_ws/ros2_ws/install/yolov8_msgs/lib:/opt/ros/foxy/opt/yaml_cpp_vendor/lib:/opt/ros/foxy/opt/rviz_ogre_vendor/lib:/opt/ros/foxy/lib/x86_64-linux-gnu:/opt/ros/foxy/lib:/usr/local/cuda-11.8/lib64 PYTHONPATH=/home/aiv/YongJun_ws/ros2_ws/build/yolov8_ros:/home/aiv/YongJun_ws/ros2_ws/install/yolov8_ros/lib/python3.8/site-packages:/home/aiv/YongJun_ws/ros2_ws/install/yolov8_msgs/lib/python3.8/site-packages:${PYTHONPATH} /home/aiv/.local/bin/cmake --build /home/aiv/YongJun_ws/ros2_ws/build/yolov8_bringup -- -j32 -l32
[0.428s] Invoked command in '/home/aiv/YongJun_ws/ros2_ws/build/yolov8_bringup' returned '0': AMENT_PREFIX_PATH=/home/aiv/YongJun_ws/ros2_ws/install/yolov8_ros:/home/aiv/YongJun_ws/ros2_ws/install/yolov8_msgs:${AMENT_PREFIX_PATH} CMAKE_PREFIX_PATH=/home/aiv/YongJun_ws/ros2_ws/install/yolov8_msgs:/opt/ros/foxy LD_LIBRARY_PATH=/home/aiv/YongJun_ws/ros2_ws/install/yolov8_msgs/lib:/opt/ros/foxy/opt/yaml_cpp_vendor/lib:/opt/ros/foxy/opt/rviz_ogre_vendor/lib:/opt/ros/foxy/lib/x86_64-linux-gnu:/opt/ros/foxy/lib:/usr/local/cuda-11.8/lib64 PYTHONPATH=/home/aiv/YongJun_ws/ros2_ws/build/yolov8_ros:/home/aiv/YongJun_ws/ros2_ws/install/yolov8_ros/lib/python3.8/site-packages:/home/aiv/YongJun_ws/ros2_ws/install/yolov8_msgs/lib/python3.8/site-packages:${PYTHONPATH} /home/aiv/.local/bin/cmake --build /home/aiv/YongJun_ws/ros2_ws/build/yolov8_bringup -- -j32 -l32
[0.460s] Invoking command in '/home/aiv/YongJun_ws/ros2_ws/build/yolov8_bringup': AMENT_PREFIX_PATH=/home/aiv/YongJun_ws/ros2_ws/install/yolov8_ros:/home/aiv/YongJun_ws/ros2_ws/install/yolov8_msgs:${AMENT_PREFIX_PATH} CMAKE_PREFIX_PATH=/home/aiv/YongJun_ws/ros2_ws/install/yolov8_msgs:/opt/ros/foxy LD_LIBRARY_PATH=/home/aiv/YongJun_ws/ros2_ws/install/yolov8_msgs/lib:/opt/ros/foxy/opt/yaml_cpp_vendor/lib:/opt/ros/foxy/opt/rviz_ogre_vendor/lib:/opt/ros/foxy/lib/x86_64-linux-gnu:/opt/ros/foxy/lib:/usr/local/cuda-11.8/lib64 PYTHONPATH=/home/aiv/YongJun_ws/ros2_ws/build/yolov8_ros:/home/aiv/YongJun_ws/ros2_ws/install/yolov8_ros/lib/python3.8/site-packages:/home/aiv/YongJun_ws/ros2_ws/install/yolov8_msgs/lib/python3.8/site-packages:${PYTHONPATH} /home/aiv/.local/bin/cmake --install /home/aiv/YongJun_ws/ros2_ws/build/yolov8_bringup
[0.479s] -- Install configuration: ""
[0.480s] -- Execute custom install script
[0.480s] -- Symlinking: /home/aiv/YongJun_ws/ros2_ws/install/yolov8_bringup/share/yolov8_bringup//launch/yolo-nas.launch.py
[0.482s] -- Symlinking: /home/aiv/YongJun_ws/ros2_ws/install/yolov8_bringup/share/yolov8_bringup//launch/yolov10.launch.py
[0.483s] -- Symlinking: /home/aiv/YongJun_ws/ros2_ws/install/yolov8_bringup/share/yolov8_bringup//launch/yolov8.launch.py
[0.485s] -- Symlinking: /home/aiv/YongJun_ws/ros2_ws/install/yolov8_bringup/share/yolov8_bringup//launch/yolov8_3d.launch.py
[0.487s] -- Symlinking: /home/aiv/YongJun_ws/ros2_ws/install/yolov8_bringup/share/yolov8_bringup//launch/yolov9.launch.py
[0.488s] -- Symlinking: /home/aiv/YongJun_ws/ros2_ws/install/yolov8_bringup/share/ament_index/resource_index/package_run_dependencies/yolov8_bringup
[0.490s] -- Symlinking: /home/aiv/YongJun_ws/ros2_ws/install/yolov8_bringup/share/ament_index/resource_index/parent_prefix_path/yolov8_bringup
[0.491s] -- Symlinking: /home/aiv/YongJun_ws/ros2_ws/install/yolov8_bringup/share/yolov8_bringup/environment/ament_prefix_path.sh
[0.493s] -- Symlinking: /home/aiv/YongJun_ws/ros2_ws/install/yolov8_bringup/share/yolov8_bringup/environment/ament_prefix_path.dsv
[0.494s] -- Symlinking: /home/aiv/YongJun_ws/ros2_ws/install/yolov8_bringup/share/yolov8_bringup/environment/path.sh
[0.496s] -- Symlinking: /home/aiv/YongJun_ws/ros2_ws/install/yolov8_bringup/share/yolov8_bringup/environment/path.dsv
[0.498s] -- Symlinking: /home/aiv/YongJun_ws/ros2_ws/install/yolov8_bringup/share/yolov8_bringup/local_setup.bash
[0.499s] -- Symlinking: /home/aiv/YongJun_ws/ros2_ws/install/yolov8_bringup/share/yolov8_bringup/local_setup.sh
[0.501s] -- Symlinking: /home/aiv/YongJun_ws/ros2_ws/install/yolov8_bringup/share/yolov8_bringup/local_setup.zsh
[0.502s] -- Symlinking: /home/aiv/YongJun_ws/ros2_ws/install/yolov8_bringup/share/yolov8_bringup/local_setup.dsv
[0.504s] -- Symlinking: /home/aiv/YongJun_ws/ros2_ws/install/yolov8_bringup/share/yolov8_bringup/package.dsv
[0.505s] -- Symlinking: /home/aiv/YongJun_ws/ros2_ws/install/yolov8_bringup/share/ament_index/resource_index/packages/yolov8_bringup
[0.507s] -- Symlinking: /home/aiv/YongJun_ws/ros2_ws/install/yolov8_bringup/share/yolov8_bringup/cmake/yolov8_bringupConfig.cmake
[0.509s] -- Symlinking: /home/aiv/YongJun_ws/ros2_ws/install/yolov8_bringup/share/yolov8_bringup/cmake/yolov8_bringupConfig-version.cmake
[0.510s] -- Symlinking: /home/aiv/YongJun_ws/ros2_ws/install/yolov8_bringup/share/yolov8_bringup/package.xml
[0.515s] Invoked command in '/home/aiv/YongJun_ws/ros2_ws/build/yolov8_bringup' returned '0': AMENT_PREFIX_PATH=/home/aiv/YongJun_ws/ros2_ws/install/yolov8_ros:/home/aiv/YongJun_ws/ros2_ws/install/yolov8_msgs:${AMENT_PREFIX_PATH} CMAKE_PREFIX_PATH=/home/aiv/YongJun_ws/ros2_ws/install/yolov8_msgs:/opt/ros/foxy LD_LIBRARY_PATH=/home/aiv/YongJun_ws/ros2_ws/install/yolov8_msgs/lib:/opt/ros/foxy/opt/yaml_cpp_vendor/lib:/opt/ros/foxy/opt/rviz_ogre_vendor/lib:/opt/ros/foxy/lib/x86_64-linux-gnu:/opt/ros/foxy/lib:/usr/local/cuda-11.8/lib64 PYTHONPATH=/home/aiv/YongJun_ws/ros2_ws/build/yolov8_ros:/home/aiv/YongJun_ws/ros2_ws/install/yolov8_ros/lib/python3.8/site-packages:/home/aiv/YongJun_ws/ros2_ws/install/yolov8_msgs/lib/python3.8/site-packages:${PYTHONPATH} /home/aiv/.local/bin/cmake --install /home/aiv/YongJun_ws/ros2_ws/build/yolov8_bringup
