[0.042s] Invoking command in '/home/aiv/YongJun_ws/ros2_ws/build/zed_interfaces': CMAKE_PREFIX_PATH=${CMAKE_PREFIX_PATH}:/home/aiv/YongJun_ws/ros2_ws/install/yolov8_ros:/opt/ros/foxy /usr/bin/cmake /home/aiv/YongJun_ws/ros2_ws/src/zed-ros2-wrapper/zed-ros2-interfaces -DCMAKE_INSTALL_PREFIX=/home/aiv/YongJun_ws/ros2_ws/install/zed_interfaces
[0.067s] -- Found ament_cmake_auto: 0.9.12 (/opt/ros/foxy/share/ament_cmake_auto/cmake)
[0.076s] -- Found PythonInterp: /usr/bin/python3 (found suitable version "3.8.10", minimum required is "3") 
[0.076s] -- Using PYTHON_EXECUTABLE: /usr/bin/python3
[0.237s] -- Override CMake install command with custom implementation using symlinks instead of copying resources
[0.313s] -- Using all available rosidl_typesupport_c: rosidl_typesupport_fastrtps_c;rosidl_typesupport_introspection_c
[0.317s] -- Found rosidl_adapter: 1.3.1 (/opt/ros/foxy/share/rosidl_adapter/cmake)
[0.432s] -- Using all available rosidl_typesupport_cpp: rosidl_typesupport_fastrtps_cpp;rosidl_typesupport_introspection_cpp
[0.545s] -- Found ament_lint_auto: 0.9.8 (/opt/ros/foxy/share/ament_lint_auto/cmake)
[0.572s] -- Found PythonInterp: /usr/bin/python3 (found version "3.8.10") 
[0.747s] -- Found ament_cmake_ros: 0.9.2 (/opt/ros/foxy/share/ament_cmake_ros/cmake)
[0.954s] -- Using all available rosidl_typesupport_c: rosidl_typesupport_fastrtps_c;rosidl_typesupport_introspection_c
[1.038s] -- Using all available rosidl_typesupport_cpp: rosidl_typesupport_fastrtps_cpp;rosidl_typesupport_introspection_cpp
[1.066s] -- Found PythonInterp: /usr/bin/python3 (found suitable version "3.8.10", minimum required is "3.5") 
[1.066s] -- Found python_cmake_module: 0.8.1 (/opt/ros/foxy/share/python_cmake_module/cmake)
[1.093s] -- Using PYTHON_EXECUTABLE: /usr/bin/python3
[1.093s] -- Using PYTHON_INCLUDE_DIRS: /usr/include/python3.8
[1.093s] -- Using PYTHON_LIBRARIES: /usr/lib/x86_64-linux-gnu/libpython3.8.so
[1.154s] -- Added test 'copyright' to check source files copyright and LICENSE
[1.155s] -- Added test 'lint_cmake' to check CMake code style
[1.157s] -- Added test 'xmllint' to check XML markup files
[1.163s] -- Configuring done
[1.253s] -- Generating done
[1.254s] -- Build files have been written to: /home/aiv/YongJun_ws/ros2_ws/build/zed_interfaces
[1.262s] Invoked command in '/home/aiv/YongJun_ws/ros2_ws/build/zed_interfaces' returned '0': CMAKE_PREFIX_PATH=${CMAKE_PREFIX_PATH}:/home/aiv/YongJun_ws/ros2_ws/install/yolov8_ros:/opt/ros/foxy /usr/bin/cmake /home/aiv/YongJun_ws/ros2_ws/src/zed-ros2-wrapper/zed-ros2-interfaces -DCMAKE_INSTALL_PREFIX=/home/aiv/YongJun_ws/ros2_ws/install/zed_interfaces
[1.264s] Invoking command in '/home/aiv/YongJun_ws/ros2_ws/build/zed_interfaces': CMAKE_PREFIX_PATH=${CMAKE_PREFIX_PATH}:/home/aiv/YongJun_ws/ros2_ws/install/yolov8_ros:/opt/ros/foxy /usr/bin/cmake --build /home/aiv/YongJun_ws/ros2_ws/build/zed_interfaces -- -j32 -l32
[1.310s] [  0%] Built target zed_interfaces__cpp
[1.315s] [ 12%] Built target zed_interfaces__rosidl_generator_c
[1.332s] [ 24%] Built target zed_interfaces__rosidl_typesupport_cpp
[1.333s] [ 36%] Built target zed_interfaces__rosidl_typesupport_introspection_cpp
[1.335s] [ 48%] Built target zed_interfaces__rosidl_typesupport_c
[1.338s] [ 60%] Built target zed_interfaces__rosidl_typesupport_fastrtps_cpp
[1.340s] [ 72%] Built target zed_interfaces__rosidl_typesupport_introspection_c
[1.367s] [ 84%] Built target zed_interfaces__rosidl_typesupport_fastrtps_c
[1.384s] [ 84%] Built target zed_interfaces
[1.399s] [ 85%] Built target zed_interfaces__py
[1.428s] [ 96%] Built target zed_interfaces__python
[1.452s] [ 99%] Built target zed_interfaces__rosidl_typesupport_c__pyext
[1.452s] [ 99%] Built target zed_interfaces__rosidl_typesupport_introspection_c__pyext
[1.452s] [100%] Built target zed_interfaces__rosidl_typesupport_fastrtps_c__pyext
[1.461s] Invoked command in '/home/aiv/YongJun_ws/ros2_ws/build/zed_interfaces' returned '0': CMAKE_PREFIX_PATH=${CMAKE_PREFIX_PATH}:/home/aiv/YongJun_ws/ros2_ws/install/yolov8_ros:/opt/ros/foxy /usr/bin/cmake --build /home/aiv/YongJun_ws/ros2_ws/build/zed_interfaces -- -j32 -l32
[1.703s] Invoking command in '/home/aiv/YongJun_ws/ros2_ws/build/zed_interfaces': CMAKE_PREFIX_PATH=${CMAKE_PREFIX_PATH}:/home/aiv/YongJun_ws/ros2_ws/install/yolov8_ros:/opt/ros/foxy /usr/bin/cmake --install /home/aiv/YongJun_ws/ros2_ws/build/zed_interfaces
[1.711s] -- Install configuration: ""
[1.712s] -- Execute custom install script
[1.720s] -- Up-to-date symlink: /home/aiv/YongJun_ws/ros2_ws/install/zed_interfaces/share/ament_index/resource_index/rosidl_interfaces/zed_interfaces
[1.721s] -- Up-to-date symlink: /home/aiv/YongJun_ws/ros2_ws/install/zed_interfaces/include/zed_interfaces/msg/bounding_box2_df.h
[1.722s] -- Up-to-date symlink: /home/aiv/YongJun_ws/ros2_ws/install/zed_interfaces/include/zed_interfaces/msg/bounding_box2_di.h
[1.722s] -- Up-to-date symlink: /home/aiv/YongJun_ws/ros2_ws/install/zed_interfaces/include/zed_interfaces/msg/bounding_box3_d.h
[1.722s] -- Up-to-date symlink: /home/aiv/YongJun_ws/ros2_ws/install/zed_interfaces/include/zed_interfaces/msg/depth_info_stamped.h
[1.722s] -- Up-to-date symlink: /home/aiv/YongJun_ws/ros2_ws/install/zed_interfaces/include/zed_interfaces/msg/detail/bounding_box2_df__functions.h
[1.722s] -- Up-to-date symlink: /home/aiv/YongJun_ws/ros2_ws/install/zed_interfaces/include/zed_interfaces/msg/detail/bounding_box2_df__struct.h
[1.722s] -- Up-to-date symlink: /home/aiv/YongJun_ws/ros2_ws/install/zed_interfaces/include/zed_interfaces/msg/detail/bounding_box2_df__type_support.h
[1.723s] -- Up-to-date symlink: /home/aiv/YongJun_ws/ros2_ws/install/zed_interfaces/include/zed_interfaces/msg/detail/bounding_box2_di__functions.h
[1.723s] -- Up-to-date symlink: /home/aiv/YongJun_ws/ros2_ws/install/zed_interfaces/include/zed_interfaces/msg/detail/bounding_box2_di__struct.h
[1.723s] -- Up-to-date symlink: /home/aiv/YongJun_ws/ros2_ws/install/zed_interfaces/include/zed_interfaces/msg/detail/bounding_box2_di__type_support.h
[1.723s] -- Up-to-date symlink: /home/aiv/YongJun_ws/ros2_ws/install/zed_interfaces/include/zed_interfaces/msg/detail/bounding_box3_d__functions.h
[1.723s] -- Up-to-date symlink: /home/aiv/YongJun_ws/ros2_ws/install/zed_interfaces/include/zed_interfaces/msg/detail/bounding_box3_d__struct.h
[1.723s] -- Up-to-date symlink: /home/aiv/YongJun_ws/ros2_ws/install/zed_interfaces/include/zed_interfaces/msg/detail/bounding_box3_d__type_support.h
[1.723s] -- Up-to-date symlink: /home/aiv/YongJun_ws/ros2_ws/install/zed_interfaces/include/zed_interfaces/msg/detail/depth_info_stamped__functions.h
[1.723s] -- Up-to-date symlink: /home/aiv/YongJun_ws/ros2_ws/install/zed_interfaces/include/zed_interfaces/msg/detail/depth_info_stamped__struct.h
[1.723s] -- Up-to-date symlink: /home/aiv/YongJun_ws/ros2_ws/install/zed_interfaces/include/zed_interfaces/msg/detail/depth_info_stamped__type_support.h
[1.723s] -- Up-to-date symlink: /home/aiv/YongJun_ws/ros2_ws/install/zed_interfaces/include/zed_interfaces/msg/detail/gnss_fusion_status__functions.h
[1.724s] -- Up-to-date symlink: /home/aiv/YongJun_ws/ros2_ws/install/zed_interfaces/include/zed_interfaces/msg/detail/gnss_fusion_status__struct.h
[1.724s] -- Up-to-date symlink: /home/aiv/YongJun_ws/ros2_ws/install/zed_interfaces/include/zed_interfaces/msg/detail/gnss_fusion_status__type_support.h
[1.724s] -- Up-to-date symlink: /home/aiv/YongJun_ws/ros2_ws/install/zed_interfaces/include/zed_interfaces/msg/detail/heartbeat__functions.h
[1.724s] -- Up-to-date symlink: /home/aiv/YongJun_ws/ros2_ws/install/zed_interfaces/include/zed_interfaces/msg/detail/heartbeat__struct.h
[1.724s] -- Up-to-date symlink: /home/aiv/YongJun_ws/ros2_ws/install/zed_interfaces/include/zed_interfaces/msg/detail/heartbeat__type_support.h
[1.724s] -- Up-to-date symlink: /home/aiv/YongJun_ws/ros2_ws/install/zed_interfaces/include/zed_interfaces/msg/detail/keypoint2_df__functions.h
[1.724s] -- Up-to-date symlink: /home/aiv/YongJun_ws/ros2_ws/install/zed_interfaces/include/zed_interfaces/msg/detail/keypoint2_df__struct.h
[1.725s] -- Up-to-date symlink: /home/aiv/YongJun_ws/ros2_ws/install/zed_interfaces/include/zed_interfaces/msg/detail/keypoint2_df__type_support.h
[1.725s] -- Up-to-date symlink: /home/aiv/YongJun_ws/ros2_ws/install/zed_interfaces/include/zed_interfaces/msg/detail/keypoint2_di__functions.h
[1.725s] -- Up-to-date symlink: /home/aiv/YongJun_ws/ros2_ws/install/zed_interfaces/include/zed_interfaces/msg/detail/keypoint2_di__struct.h
[1.725s] -- Up-to-date symlink: /home/aiv/YongJun_ws/ros2_ws/install/zed_interfaces/include/zed_interfaces/msg/detail/keypoint2_di__type_support.h
[1.725s] -- Up-to-date symlink: /home/aiv/YongJun_ws/ros2_ws/install/zed_interfaces/include/zed_interfaces/msg/detail/keypoint3_d__functions.h
[1.725s] -- Up-to-date symlink: /home/aiv/YongJun_ws/ros2_ws/install/zed_interfaces/include/zed_interfaces/msg/detail/keypoint3_d__struct.h
[1.725s] -- Up-to-date symlink: /home/aiv/YongJun_ws/ros2_ws/install/zed_interfaces/include/zed_interfaces/msg/detail/keypoint3_d__type_support.h
[1.725s] -- Up-to-date symlink: /home/aiv/YongJun_ws/ros2_ws/install/zed_interfaces/include/zed_interfaces/msg/detail/mag_heading_status__functions.h
[1.725s] -- Up-to-date symlink: /home/aiv/YongJun_ws/ros2_ws/install/zed_interfaces/include/zed_interfaces/msg/detail/mag_heading_status__struct.h
[1.725s] -- Up-to-date symlink: /home/aiv/YongJun_ws/ros2_ws/install/zed_interfaces/include/zed_interfaces/msg/detail/mag_heading_status__type_support.h
[1.726s] -- Up-to-date symlink: /home/aiv/YongJun_ws/ros2_ws/install/zed_interfaces/include/zed_interfaces/msg/detail/object__functions.h
[1.726s] -- Up-to-date symlink: /home/aiv/YongJun_ws/ros2_ws/install/zed_interfaces/include/zed_interfaces/msg/detail/object__struct.h
[1.726s] -- Up-to-date symlink: /home/aiv/YongJun_ws/ros2_ws/install/zed_interfaces/include/zed_interfaces/msg/detail/object__type_support.h
[1.726s] -- Up-to-date symlink: /home/aiv/YongJun_ws/ros2_ws/install/zed_interfaces/include/zed_interfaces/msg/detail/objects_stamped__functions.h
[1.726s] -- Up-to-date symlink: /home/aiv/YongJun_ws/ros2_ws/install/zed_interfaces/include/zed_interfaces/msg/detail/objects_stamped__struct.h
[1.726s] -- Up-to-date symlink: /home/aiv/YongJun_ws/ros2_ws/install/zed_interfaces/include/zed_interfaces/msg/detail/objects_stamped__type_support.h
[1.726s] -- Up-to-date symlink: /home/aiv/YongJun_ws/ros2_ws/install/zed_interfaces/include/zed_interfaces/msg/detail/plane_stamped__functions.h
[1.726s] -- Up-to-date symlink: /home/aiv/YongJun_ws/ros2_ws/install/zed_interfaces/include/zed_interfaces/msg/detail/plane_stamped__struct.h
[1.727s] -- Up-to-date symlink: /home/aiv/YongJun_ws/ros2_ws/install/zed_interfaces/include/zed_interfaces/msg/detail/plane_stamped__type_support.h
[1.727s] -- Up-to-date symlink: /home/aiv/YongJun_ws/ros2_ws/install/zed_interfaces/include/zed_interfaces/msg/detail/pos_track_status__functions.h
[1.727s] -- Up-to-date symlink: /home/aiv/YongJun_ws/ros2_ws/install/zed_interfaces/include/zed_interfaces/msg/detail/pos_track_status__struct.h
[1.727s] -- Up-to-date symlink: /home/aiv/YongJun_ws/ros2_ws/install/zed_interfaces/include/zed_interfaces/msg/detail/pos_track_status__type_support.h
[1.727s] -- Up-to-date symlink: /home/aiv/YongJun_ws/ros2_ws/install/zed_interfaces/include/zed_interfaces/msg/detail/skeleton2_d__functions.h
[1.727s] -- Up-to-date symlink: /home/aiv/YongJun_ws/ros2_ws/install/zed_interfaces/include/zed_interfaces/msg/detail/skeleton2_d__struct.h
[1.727s] -- Up-to-date symlink: /home/aiv/YongJun_ws/ros2_ws/install/zed_interfaces/include/zed_interfaces/msg/detail/skeleton2_d__type_support.h
[1.727s] -- Up-to-date symlink: /home/aiv/YongJun_ws/ros2_ws/install/zed_interfaces/include/zed_interfaces/msg/detail/skeleton3_d__functions.h
[1.727s] -- Up-to-date symlink: /home/aiv/YongJun_ws/ros2_ws/install/zed_interfaces/include/zed_interfaces/msg/detail/skeleton3_d__struct.h
[1.727s] -- Up-to-date symlink: /home/aiv/YongJun_ws/ros2_ws/install/zed_interfaces/include/zed_interfaces/msg/detail/skeleton3_d__type_support.h
[1.728s] -- Up-to-date symlink: /home/aiv/YongJun_ws/ros2_ws/install/zed_interfaces/include/zed_interfaces/msg/gnss_fusion_status.h
[1.728s] -- Up-to-date symlink: /home/aiv/YongJun_ws/ros2_ws/install/zed_interfaces/include/zed_interfaces/msg/heartbeat.h
[1.728s] -- Up-to-date symlink: /home/aiv/YongJun_ws/ros2_ws/install/zed_interfaces/include/zed_interfaces/msg/keypoint2_df.h
[1.728s] -- Up-to-date symlink: /home/aiv/YongJun_ws/ros2_ws/install/zed_interfaces/include/zed_interfaces/msg/keypoint2_di.h
[1.728s] -- Up-to-date symlink: /home/aiv/YongJun_ws/ros2_ws/install/zed_interfaces/include/zed_interfaces/msg/keypoint3_d.h
[1.728s] -- Up-to-date symlink: /home/aiv/YongJun_ws/ros2_ws/install/zed_interfaces/include/zed_interfaces/msg/mag_heading_status.h
[1.730s] -- Up-to-date symlink: /home/aiv/YongJun_ws/ros2_ws/install/zed_interfaces/include/zed_interfaces/msg/object.h
[1.730s] -- Up-to-date symlink: /home/aiv/YongJun_ws/ros2_ws/install/zed_interfaces/include/zed_interfaces/msg/objects_stamped.h
[1.730s] -- Up-to-date symlink: /home/aiv/YongJun_ws/ros2_ws/install/zed_interfaces/include/zed_interfaces/msg/plane_stamped.h
[1.730s] -- Up-to-date symlink: /home/aiv/YongJun_ws/ros2_ws/install/zed_interfaces/include/zed_interfaces/msg/pos_track_status.h
[1.730s] -- Up-to-date symlink: /home/aiv/YongJun_ws/ros2_ws/install/zed_interfaces/include/zed_interfaces/msg/rosidl_generator_c__visibility_control.h
[1.730s] -- Up-to-date symlink: /home/aiv/YongJun_ws/ros2_ws/install/zed_interfaces/include/zed_interfaces/msg/skeleton2_d.h
[1.730s] -- Up-to-date symlink: /home/aiv/YongJun_ws/ros2_ws/install/zed_interfaces/include/zed_interfaces/msg/skeleton3_d.h
[1.731s] -- Up-to-date symlink: /home/aiv/YongJun_ws/ros2_ws/install/zed_interfaces/include/zed_interfaces/srv/detail/set_pose__functions.h
[1.731s] -- Up-to-date symlink: /home/aiv/YongJun_ws/ros2_ws/install/zed_interfaces/include/zed_interfaces/srv/detail/set_pose__struct.h
[1.731s] -- Up-to-date symlink: /home/aiv/YongJun_ws/ros2_ws/install/zed_interfaces/include/zed_interfaces/srv/detail/set_pose__type_support.h
[1.731s] -- Up-to-date symlink: /home/aiv/YongJun_ws/ros2_ws/install/zed_interfaces/include/zed_interfaces/srv/detail/set_roi__functions.h
[1.731s] -- Up-to-date symlink: /home/aiv/YongJun_ws/ros2_ws/install/zed_interfaces/include/zed_interfaces/srv/detail/set_roi__struct.h
[1.731s] -- Up-to-date symlink: /home/aiv/YongJun_ws/ros2_ws/install/zed_interfaces/include/zed_interfaces/srv/detail/set_roi__type_support.h
[1.731s] -- Up-to-date symlink: /home/aiv/YongJun_ws/ros2_ws/install/zed_interfaces/include/zed_interfaces/srv/detail/start_svo_rec__functions.h
[1.731s] -- Up-to-date symlink: /home/aiv/YongJun_ws/ros2_ws/install/zed_interfaces/include/zed_interfaces/srv/detail/start_svo_rec__struct.h
[1.731s] -- Up-to-date symlink: /home/aiv/YongJun_ws/ros2_ws/install/zed_interfaces/include/zed_interfaces/srv/detail/start_svo_rec__type_support.h
[1.731s] -- Up-to-date symlink: /home/aiv/YongJun_ws/ros2_ws/install/zed_interfaces/include/zed_interfaces/srv/set_pose.h
[1.731s] -- Up-to-date symlink: /home/aiv/YongJun_ws/ros2_ws/install/zed_interfaces/include/zed_interfaces/srv/set_roi.h
[1.731s] -- Up-to-date symlink: /home/aiv/YongJun_ws/ros2_ws/install/zed_interfaces/include/zed_interfaces/srv/start_svo_rec.h
[1.731s] -- Up-to-date symlink: /home/aiv/YongJun_ws/ros2_ws/install/zed_interfaces/share/zed_interfaces/environment/library_path.sh
[1.732s] -- Up-to-date symlink: /home/aiv/YongJun_ws/ros2_ws/install/zed_interfaces/share/zed_interfaces/environment/library_path.dsv
[1.732s] -- Up-to-date symlink: /home/aiv/YongJun_ws/ros2_ws/install/zed_interfaces/include/zed_interfaces/msg/detail/bounding_box2_df__rosidl_typesupport_fastrtps_c.h
[1.732s] -- Up-to-date symlink: /home/aiv/YongJun_ws/ros2_ws/install/zed_interfaces/include/zed_interfaces/msg/detail/bounding_box2_di__rosidl_typesupport_fastrtps_c.h
[1.732s] -- Up-to-date symlink: /home/aiv/YongJun_ws/ros2_ws/install/zed_interfaces/include/zed_interfaces/msg/detail/bounding_box3_d__rosidl_typesupport_fastrtps_c.h
[1.732s] -- Up-to-date symlink: /home/aiv/YongJun_ws/ros2_ws/install/zed_interfaces/include/zed_interfaces/msg/detail/depth_info_stamped__rosidl_typesupport_fastrtps_c.h
[1.733s] -- Up-to-date symlink: /home/aiv/YongJun_ws/ros2_ws/install/zed_interfaces/include/zed_interfaces/msg/detail/gnss_fusion_status__rosidl_typesupport_fastrtps_c.h
[1.733s] -- Up-to-date symlink: /home/aiv/YongJun_ws/ros2_ws/install/zed_interfaces/include/zed_interfaces/msg/detail/heartbeat__rosidl_typesupport_fastrtps_c.h
[1.733s] -- Up-to-date symlink: /home/aiv/YongJun_ws/ros2_ws/install/zed_interfaces/include/zed_interfaces/msg/detail/keypoint2_df__rosidl_typesupport_fastrtps_c.h
[1.733s] -- Up-to-date symlink: /home/aiv/YongJun_ws/ros2_ws/install/zed_interfaces/include/zed_interfaces/msg/detail/keypoint2_di__rosidl_typesupport_fastrtps_c.h
[1.733s] -- Up-to-date symlink: /home/aiv/YongJun_ws/ros2_ws/install/zed_interfaces/include/zed_interfaces/msg/detail/keypoint3_d__rosidl_typesupport_fastrtps_c.h
[1.733s] -- Up-to-date symlink: /home/aiv/YongJun_ws/ros2_ws/install/zed_interfaces/include/zed_interfaces/msg/detail/mag_heading_status__rosidl_typesupport_fastrtps_c.h
[1.733s] -- Up-to-date symlink: /home/aiv/YongJun_ws/ros2_ws/install/zed_interfaces/include/zed_interfaces/msg/detail/object__rosidl_typesupport_fastrtps_c.h
[1.733s] -- Up-to-date symlink: /home/aiv/YongJun_ws/ros2_ws/install/zed_interfaces/include/zed_interfaces/msg/detail/objects_stamped__rosidl_typesupport_fastrtps_c.h
[1.734s] -- Up-to-date symlink: /home/aiv/YongJun_ws/ros2_ws/install/zed_interfaces/include/zed_interfaces/msg/detail/plane_stamped__rosidl_typesupport_fastrtps_c.h
[1.734s] -- Up-to-date symlink: /home/aiv/YongJun_ws/ros2_ws/install/zed_interfaces/include/zed_interfaces/msg/detail/pos_track_status__rosidl_typesupport_fastrtps_c.h
[1.734s] -- Up-to-date symlink: /home/aiv/YongJun_ws/ros2_ws/install/zed_interfaces/include/zed_interfaces/msg/detail/skeleton2_d__rosidl_typesupport_fastrtps_c.h
[1.734s] -- Up-to-date symlink: /home/aiv/YongJun_ws/ros2_ws/install/zed_interfaces/include/zed_interfaces/msg/detail/skeleton3_d__rosidl_typesupport_fastrtps_c.h
[1.734s] -- Up-to-date symlink: /home/aiv/YongJun_ws/ros2_ws/install/zed_interfaces/include/zed_interfaces/msg/rosidl_typesupport_fastrtps_c__visibility_control.h
[1.734s] -- Up-to-date symlink: /home/aiv/YongJun_ws/ros2_ws/install/zed_interfaces/include/zed_interfaces/srv/detail/set_pose__rosidl_typesupport_fastrtps_c.h
[1.734s] -- Up-to-date symlink: /home/aiv/YongJun_ws/ros2_ws/install/zed_interfaces/include/zed_interfaces/srv/detail/set_roi__rosidl_typesupport_fastrtps_c.h
[1.734s] -- Up-to-date symlink: /home/aiv/YongJun_ws/ros2_ws/install/zed_interfaces/include/zed_interfaces/srv/detail/start_svo_rec__rosidl_typesupport_fastrtps_c.h
[1.734s] -- Up-to-date symlink: /home/aiv/YongJun_ws/ros2_ws/install/zed_interfaces/lib/libzed_interfaces__rosidl_typesupport_fastrtps_c.so
[1.736s] -- Up-to-date symlink: /home/aiv/YongJun_ws/ros2_ws/install/zed_interfaces/include/zed_interfaces/msg/detail/bounding_box2_df__rosidl_typesupport_fastrtps_cpp.hpp
[1.736s] -- Up-to-date symlink: /home/aiv/YongJun_ws/ros2_ws/install/zed_interfaces/include/zed_interfaces/msg/detail/bounding_box2_di__rosidl_typesupport_fastrtps_cpp.hpp
[1.736s] -- Up-to-date symlink: /home/aiv/YongJun_ws/ros2_ws/install/zed_interfaces/include/zed_interfaces/msg/detail/bounding_box3_d__rosidl_typesupport_fastrtps_cpp.hpp
[1.736s] -- Up-to-date symlink: /home/aiv/YongJun_ws/ros2_ws/install/zed_interfaces/include/zed_interfaces/msg/detail/depth_info_stamped__rosidl_typesupport_fastrtps_cpp.hpp
[1.736s] -- Up-to-date symlink: /home/aiv/YongJun_ws/ros2_ws/install/zed_interfaces/include/zed_interfaces/msg/detail/gnss_fusion_status__rosidl_typesupport_fastrtps_cpp.hpp
[1.736s] -- Up-to-date symlink: /home/aiv/YongJun_ws/ros2_ws/install/zed_interfaces/include/zed_interfaces/msg/detail/heartbeat__rosidl_typesupport_fastrtps_cpp.hpp
[1.736s] -- Up-to-date symlink: /home/aiv/YongJun_ws/ros2_ws/install/zed_interfaces/include/zed_interfaces/msg/detail/keypoint2_df__rosidl_typesupport_fastrtps_cpp.hpp
[1.736s] -- Up-to-date symlink: /home/aiv/YongJun_ws/ros2_ws/install/zed_interfaces/include/zed_interfaces/msg/detail/keypoint2_di__rosidl_typesupport_fastrtps_cpp.hpp
[1.736s] -- Up-to-date symlink: /home/aiv/YongJun_ws/ros2_ws/install/zed_interfaces/include/zed_interfaces/msg/detail/keypoint3_d__rosidl_typesupport_fastrtps_cpp.hpp
[1.736s] -- Up-to-date symlink: /home/aiv/YongJun_ws/ros2_ws/install/zed_interfaces/include/zed_interfaces/msg/detail/mag_heading_status__rosidl_typesupport_fastrtps_cpp.hpp
[1.736s] -- Up-to-date symlink: /home/aiv/YongJun_ws/ros2_ws/install/zed_interfaces/include/zed_interfaces/msg/detail/object__rosidl_typesupport_fastrtps_cpp.hpp
[1.736s] -- Up-to-date symlink: /home/aiv/YongJun_ws/ros2_ws/install/zed_interfaces/include/zed_interfaces/msg/detail/objects_stamped__rosidl_typesupport_fastrtps_cpp.hpp
[1.736s] -- Up-to-date symlink: /home/aiv/YongJun_ws/ros2_ws/install/zed_interfaces/include/zed_interfaces/msg/detail/plane_stamped__rosidl_typesupport_fastrtps_cpp.hpp
[1.737s] -- Up-to-date symlink: /home/aiv/YongJun_ws/ros2_ws/install/zed_interfaces/include/zed_interfaces/msg/detail/pos_track_status__rosidl_typesupport_fastrtps_cpp.hpp
[1.737s] -- Up-to-date symlink: /home/aiv/YongJun_ws/ros2_ws/install/zed_interfaces/include/zed_interfaces/msg/detail/skeleton2_d__rosidl_typesupport_fastrtps_cpp.hpp
[1.737s] -- Up-to-date symlink: /home/aiv/YongJun_ws/ros2_ws/install/zed_interfaces/include/zed_interfaces/msg/detail/skeleton3_d__rosidl_typesupport_fastrtps_cpp.hpp
[1.737s] -- Up-to-date symlink: /home/aiv/YongJun_ws/ros2_ws/install/zed_interfaces/include/zed_interfaces/msg/rosidl_typesupport_fastrtps_cpp__visibility_control.h
[1.737s] -- Up-to-date symlink: /home/aiv/YongJun_ws/ros2_ws/install/zed_interfaces/include/zed_interfaces/srv/detail/set_pose__rosidl_typesupport_fastrtps_cpp.hpp
[1.737s] -- Up-to-date symlink: /home/aiv/YongJun_ws/ros2_ws/install/zed_interfaces/include/zed_interfaces/srv/detail/set_roi__rosidl_typesupport_fastrtps_cpp.hpp
[1.737s] -- Up-to-date symlink: /home/aiv/YongJun_ws/ros2_ws/install/zed_interfaces/include/zed_interfaces/srv/detail/start_svo_rec__rosidl_typesupport_fastrtps_cpp.hpp
[1.737s] -- Up-to-date symlink: /home/aiv/YongJun_ws/ros2_ws/install/zed_interfaces/lib/libzed_interfaces__rosidl_typesupport_fastrtps_cpp.so
[1.738s] -- Up-to-date symlink: /home/aiv/YongJun_ws/ros2_ws/install/zed_interfaces/include/zed_interfaces/msg/detail/bounding_box2_df__rosidl_typesupport_introspection_c.h
[1.738s] -- Up-to-date symlink: /home/aiv/YongJun_ws/ros2_ws/install/zed_interfaces/include/zed_interfaces/msg/detail/bounding_box2_di__rosidl_typesupport_introspection_c.h
[1.738s] -- Up-to-date symlink: /home/aiv/YongJun_ws/ros2_ws/install/zed_interfaces/include/zed_interfaces/msg/detail/bounding_box3_d__rosidl_typesupport_introspection_c.h
[1.738s] -- Up-to-date symlink: /home/aiv/YongJun_ws/ros2_ws/install/zed_interfaces/include/zed_interfaces/msg/detail/depth_info_stamped__rosidl_typesupport_introspection_c.h
[1.738s] -- Up-to-date symlink: /home/aiv/YongJun_ws/ros2_ws/install/zed_interfaces/include/zed_interfaces/msg/detail/gnss_fusion_status__rosidl_typesupport_introspection_c.h
[1.739s] -- Up-to-date symlink: /home/aiv/YongJun_ws/ros2_ws/install/zed_interfaces/include/zed_interfaces/msg/detail/heartbeat__rosidl_typesupport_introspection_c.h
[1.739s] -- Up-to-date symlink: /home/aiv/YongJun_ws/ros2_ws/install/zed_interfaces/include/zed_interfaces/msg/detail/keypoint2_df__rosidl_typesupport_introspection_c.h
[1.739s] -- Up-to-date symlink: /home/aiv/YongJun_ws/ros2_ws/install/zed_interfaces/include/zed_interfaces/msg/detail/keypoint2_di__rosidl_typesupport_introspection_c.h
[1.739s] -- Up-to-date symlink: /home/aiv/YongJun_ws/ros2_ws/install/zed_interfaces/include/zed_interfaces/msg/detail/keypoint3_d__rosidl_typesupport_introspection_c.h
[1.739s] -- Up-to-date symlink: /home/aiv/YongJun_ws/ros2_ws/install/zed_interfaces/include/zed_interfaces/msg/detail/mag_heading_status__rosidl_typesupport_introspection_c.h
[1.739s] -- Up-to-date symlink: /home/aiv/YongJun_ws/ros2_ws/install/zed_interfaces/include/zed_interfaces/msg/detail/object__rosidl_typesupport_introspection_c.h
[1.739s] -- Up-to-date symlink: /home/aiv/YongJun_ws/ros2_ws/install/zed_interfaces/include/zed_interfaces/msg/detail/objects_stamped__rosidl_typesupport_introspection_c.h
[1.739s] -- Up-to-date symlink: /home/aiv/YongJun_ws/ros2_ws/install/zed_interfaces/include/zed_interfaces/msg/detail/plane_stamped__rosidl_typesupport_introspection_c.h
[1.739s] -- Up-to-date symlink: /home/aiv/YongJun_ws/ros2_ws/install/zed_interfaces/include/zed_interfaces/msg/detail/pos_track_status__rosidl_typesupport_introspection_c.h
[1.740s] -- Up-to-date symlink: /home/aiv/YongJun_ws/ros2_ws/install/zed_interfaces/include/zed_interfaces/msg/detail/skeleton2_d__rosidl_typesupport_introspection_c.h
[1.740s] -- Up-to-date symlink: /home/aiv/YongJun_ws/ros2_ws/install/zed_interfaces/include/zed_interfaces/msg/detail/skeleton3_d__rosidl_typesupport_introspection_c.h
[1.740s] -- Up-to-date symlink: /home/aiv/YongJun_ws/ros2_ws/install/zed_interfaces/include/zed_interfaces/msg/rosidl_typesupport_introspection_c__visibility_control.h
[1.740s] -- Up-to-date symlink: /home/aiv/YongJun_ws/ros2_ws/install/zed_interfaces/include/zed_interfaces/srv/detail/set_pose__rosidl_typesupport_introspection_c.h
[1.740s] -- Up-to-date symlink: /home/aiv/YongJun_ws/ros2_ws/install/zed_interfaces/include/zed_interfaces/srv/detail/set_roi__rosidl_typesupport_introspection_c.h
[1.740s] -- Up-to-date symlink: /home/aiv/YongJun_ws/ros2_ws/install/zed_interfaces/include/zed_interfaces/srv/detail/start_svo_rec__rosidl_typesupport_introspection_c.h
[1.741s] -- Up-to-date symlink: /home/aiv/YongJun_ws/ros2_ws/install/zed_interfaces/include/zed_interfaces/msg/bounding_box2_df.hpp
[1.741s] -- Up-to-date symlink: /home/aiv/YongJun_ws/ros2_ws/install/zed_interfaces/include/zed_interfaces/msg/bounding_box2_di.hpp
[1.741s] -- Up-to-date symlink: /home/aiv/YongJun_ws/ros2_ws/install/zed_interfaces/include/zed_interfaces/msg/bounding_box3_d.hpp
[1.741s] -- Up-to-date symlink: /home/aiv/YongJun_ws/ros2_ws/install/zed_interfaces/include/zed_interfaces/msg/depth_info_stamped.hpp
[1.742s] -- Up-to-date symlink: /home/aiv/YongJun_ws/ros2_ws/install/zed_interfaces/include/zed_interfaces/msg/detail/bounding_box2_df__builder.hpp
[1.742s] -- Up-to-date symlink: /home/aiv/YongJun_ws/ros2_ws/install/zed_interfaces/include/zed_interfaces/msg/detail/bounding_box2_df__struct.hpp
[1.742s] -- Up-to-date symlink: /home/aiv/YongJun_ws/ros2_ws/install/zed_interfaces/include/zed_interfaces/msg/detail/bounding_box2_df__traits.hpp
[1.742s] -- Up-to-date symlink: /home/aiv/YongJun_ws/ros2_ws/install/zed_interfaces/include/zed_interfaces/msg/detail/bounding_box2_df__type_support.hpp
[1.742s] -- Up-to-date symlink: /home/aiv/YongJun_ws/ros2_ws/install/zed_interfaces/include/zed_interfaces/msg/detail/bounding_box2_di__builder.hpp
[1.742s] -- Up-to-date symlink: /home/aiv/YongJun_ws/ros2_ws/install/zed_interfaces/include/zed_interfaces/msg/detail/bounding_box2_di__struct.hpp
[1.742s] -- Up-to-date symlink: /home/aiv/YongJun_ws/ros2_ws/install/zed_interfaces/include/zed_interfaces/msg/detail/bounding_box2_di__traits.hpp
[1.742s] -- Up-to-date symlink: /home/aiv/YongJun_ws/ros2_ws/install/zed_interfaces/include/zed_interfaces/msg/detail/bounding_box2_di__type_support.hpp
[1.742s] -- Up-to-date symlink: /home/aiv/YongJun_ws/ros2_ws/install/zed_interfaces/include/zed_interfaces/msg/detail/bounding_box3_d__builder.hpp
[1.742s] -- Up-to-date symlink: /home/aiv/YongJun_ws/ros2_ws/install/zed_interfaces/include/zed_interfaces/msg/detail/bounding_box3_d__struct.hpp
[1.743s] -- Up-to-date symlink: /home/aiv/YongJun_ws/ros2_ws/install/zed_interfaces/include/zed_interfaces/msg/detail/bounding_box3_d__traits.hpp
[1.743s] -- Up-to-date symlink: /home/aiv/YongJun_ws/ros2_ws/install/zed_interfaces/include/zed_interfaces/msg/detail/bounding_box3_d__type_support.hpp
[1.743s] -- Up-to-date symlink: /home/aiv/YongJun_ws/ros2_ws/install/zed_interfaces/include/zed_interfaces/msg/detail/depth_info_stamped__builder.hpp
[1.743s] -- Up-to-date symlink: /home/aiv/YongJun_ws/ros2_ws/install/zed_interfaces/include/zed_interfaces/msg/detail/depth_info_stamped__struct.hpp
[1.743s] -- Up-to-date symlink: /home/aiv/YongJun_ws/ros2_ws/install/zed_interfaces/include/zed_interfaces/msg/detail/depth_info_stamped__traits.hpp
[1.743s] -- Up-to-date symlink: /home/aiv/YongJun_ws/ros2_ws/install/zed_interfaces/include/zed_interfaces/msg/detail/depth_info_stamped__type_support.hpp
[1.744s] -- Up-to-date symlink: /home/aiv/YongJun_ws/ros2_ws/install/zed_interfaces/include/zed_interfaces/msg/detail/gnss_fusion_status__builder.hpp
[1.744s] -- Up-to-date symlink: /home/aiv/YongJun_ws/ros2_ws/install/zed_interfaces/include/zed_interfaces/msg/detail/gnss_fusion_status__struct.hpp
[1.744s] -- Up-to-date symlink: /home/aiv/YongJun_ws/ros2_ws/install/zed_interfaces/include/zed_interfaces/msg/detail/gnss_fusion_status__traits.hpp
[1.745s] -- Up-to-date symlink: /home/aiv/YongJun_ws/ros2_ws/install/zed_interfaces/include/zed_interfaces/msg/detail/gnss_fusion_status__type_support.hpp
[1.745s] -- Up-to-date symlink: /home/aiv/YongJun_ws/ros2_ws/install/zed_interfaces/include/zed_interfaces/msg/detail/heartbeat__builder.hpp
[1.745s] -- Up-to-date symlink: /home/aiv/YongJun_ws/ros2_ws/install/zed_interfaces/include/zed_interfaces/msg/detail/heartbeat__struct.hpp
[1.745s] -- Up-to-date symlink: /home/aiv/YongJun_ws/ros2_ws/install/zed_interfaces/include/zed_interfaces/msg/detail/heartbeat__traits.hpp
[1.745s] -- Up-to-date symlink: /home/aiv/YongJun_ws/ros2_ws/install/zed_interfaces/include/zed_interfaces/msg/detail/heartbeat__type_support.hpp
[1.745s] -- Up-to-date symlink: /home/aiv/YongJun_ws/ros2_ws/install/zed_interfaces/include/zed_interfaces/msg/detail/keypoint2_df__builder.hpp
[1.745s] -- Up-to-date symlink: /home/aiv/YongJun_ws/ros2_ws/install/zed_interfaces/include/zed_interfaces/msg/detail/keypoint2_df__struct.hpp
[1.745s] -- Up-to-date symlink: /home/aiv/YongJun_ws/ros2_ws/install/zed_interfaces/include/zed_interfaces/msg/detail/keypoint2_df__traits.hpp
[1.745s] -- Up-to-date symlink: /home/aiv/YongJun_ws/ros2_ws/install/zed_interfaces/include/zed_interfaces/msg/detail/keypoint2_df__type_support.hpp
[1.745s] -- Up-to-date symlink: /home/aiv/YongJun_ws/ros2_ws/install/zed_interfaces/include/zed_interfaces/msg/detail/keypoint2_di__builder.hpp
[1.745s] -- Up-to-date symlink: /home/aiv/YongJun_ws/ros2_ws/install/zed_interfaces/include/zed_interfaces/msg/detail/keypoint2_di__struct.hpp
[1.745s] -- Up-to-date symlink: /home/aiv/YongJun_ws/ros2_ws/install/zed_interfaces/include/zed_interfaces/msg/detail/keypoint2_di__traits.hpp
[1.745s] -- Up-to-date symlink: /home/aiv/YongJun_ws/ros2_ws/install/zed_interfaces/include/zed_interfaces/msg/detail/keypoint2_di__type_support.hpp
[1.745s] -- Up-to-date symlink: /home/aiv/YongJun_ws/ros2_ws/install/zed_interfaces/include/zed_interfaces/msg/detail/keypoint3_d__builder.hpp
[1.745s] -- Up-to-date symlink: /home/aiv/YongJun_ws/ros2_ws/install/zed_interfaces/include/zed_interfaces/msg/detail/keypoint3_d__struct.hpp
[1.746s] -- Up-to-date symlink: /home/aiv/YongJun_ws/ros2_ws/install/zed_interfaces/include/zed_interfaces/msg/detail/keypoint3_d__traits.hpp
[1.746s] -- Up-to-date symlink: /home/aiv/YongJun_ws/ros2_ws/install/zed_interfaces/include/zed_interfaces/msg/detail/keypoint3_d__type_support.hpp
[1.746s] -- Up-to-date symlink: /home/aiv/YongJun_ws/ros2_ws/install/zed_interfaces/include/zed_interfaces/msg/detail/mag_heading_status__builder.hpp
[1.746s] -- Up-to-date symlink: /home/aiv/YongJun_ws/ros2_ws/install/zed_interfaces/include/zed_interfaces/msg/detail/mag_heading_status__struct.hpp
[1.746s] -- Up-to-date symlink: /home/aiv/YongJun_ws/ros2_ws/install/zed_interfaces/include/zed_interfaces/msg/detail/mag_heading_status__traits.hpp
[1.746s] -- Up-to-date symlink: /home/aiv/YongJun_ws/ros2_ws/install/zed_interfaces/include/zed_interfaces/msg/detail/mag_heading_status__type_support.hpp
[1.746s] -- Up-to-date symlink: /home/aiv/YongJun_ws/ros2_ws/install/zed_interfaces/include/zed_interfaces/msg/detail/object__builder.hpp
[1.746s] -- Up-to-date symlink: /home/aiv/YongJun_ws/ros2_ws/install/zed_interfaces/include/zed_interfaces/msg/detail/object__struct.hpp
[1.746s] -- Up-to-date symlink: /home/aiv/YongJun_ws/ros2_ws/install/zed_interfaces/include/zed_interfaces/msg/detail/object__traits.hpp
[1.746s] -- Up-to-date symlink: /home/aiv/YongJun_ws/ros2_ws/install/zed_interfaces/include/zed_interfaces/msg/detail/object__type_support.hpp
[1.746s] -- Up-to-date symlink: /home/aiv/YongJun_ws/ros2_ws/install/zed_interfaces/include/zed_interfaces/msg/detail/objects_stamped__builder.hpp
[1.747s] -- Up-to-date symlink: /home/aiv/YongJun_ws/ros2_ws/install/zed_interfaces/include/zed_interfaces/msg/detail/objects_stamped__struct.hpp
[1.747s] -- Up-to-date symlink: /home/aiv/YongJun_ws/ros2_ws/install/zed_interfaces/include/zed_interfaces/msg/detail/objects_stamped__traits.hpp
[1.747s] -- Up-to-date symlink: /home/aiv/YongJun_ws/ros2_ws/install/zed_interfaces/include/zed_interfaces/msg/detail/objects_stamped__type_support.hpp
[1.747s] -- Up-to-date symlink: /home/aiv/YongJun_ws/ros2_ws/install/zed_interfaces/include/zed_interfaces/msg/detail/plane_stamped__builder.hpp
[1.747s] -- Up-to-date symlink: /home/aiv/YongJun_ws/ros2_ws/install/zed_interfaces/include/zed_interfaces/msg/detail/plane_stamped__struct.hpp
[1.747s] -- Up-to-date symlink: /home/aiv/YongJun_ws/ros2_ws/install/zed_interfaces/include/zed_interfaces/msg/detail/plane_stamped__traits.hpp
[1.747s] -- Up-to-date symlink: /home/aiv/YongJun_ws/ros2_ws/install/zed_interfaces/include/zed_interfaces/msg/detail/plane_stamped__type_support.hpp
[1.747s] -- Up-to-date symlink: /home/aiv/YongJun_ws/ros2_ws/install/zed_interfaces/include/zed_interfaces/msg/detail/pos_track_status__builder.hpp
[1.747s] -- Up-to-date symlink: /home/aiv/YongJun_ws/ros2_ws/install/zed_interfaces/include/zed_interfaces/msg/detail/pos_track_status__struct.hpp
[1.748s] -- Up-to-date symlink: /home/aiv/YongJun_ws/ros2_ws/install/zed_interfaces/include/zed_interfaces/msg/detail/pos_track_status__traits.hpp
[1.748s] -- Up-to-date symlink: /home/aiv/YongJun_ws/ros2_ws/install/zed_interfaces/include/zed_interfaces/msg/detail/pos_track_status__type_support.hpp
[1.748s] -- Up-to-date symlink: /home/aiv/YongJun_ws/ros2_ws/install/zed_interfaces/include/zed_interfaces/msg/detail/skeleton2_d__builder.hpp
[1.748s] -- Up-to-date symlink: /home/aiv/YongJun_ws/ros2_ws/install/zed_interfaces/include/zed_interfaces/msg/detail/skeleton2_d__struct.hpp
[1.748s] -- Up-to-date symlink: /home/aiv/YongJun_ws/ros2_ws/install/zed_interfaces/include/zed_interfaces/msg/detail/skeleton2_d__traits.hpp
[1.748s] -- Up-to-date symlink: /home/aiv/YongJun_ws/ros2_ws/install/zed_interfaces/include/zed_interfaces/msg/detail/skeleton2_d__type_support.hpp
[1.748s] -- Up-to-date symlink: /home/aiv/YongJun_ws/ros2_ws/install/zed_interfaces/include/zed_interfaces/msg/detail/skeleton3_d__builder.hpp
[1.749s] -- Up-to-date symlink: /home/aiv/YongJun_ws/ros2_ws/install/zed_interfaces/include/zed_interfaces/msg/detail/skeleton3_d__struct.hpp
[1.749s] -- Up-to-date symlink: /home/aiv/YongJun_ws/ros2_ws/install/zed_interfaces/include/zed_interfaces/msg/detail/skeleton3_d__traits.hpp
[1.749s] -- Up-to-date symlink: /home/aiv/YongJun_ws/ros2_ws/install/zed_interfaces/include/zed_interfaces/msg/detail/skeleton3_d__type_support.hpp
[1.749s] -- Up-to-date symlink: /home/aiv/YongJun_ws/ros2_ws/install/zed_interfaces/include/zed_interfaces/msg/gnss_fusion_status.hpp
[1.749s] -- Up-to-date symlink: /home/aiv/YongJun_ws/ros2_ws/install/zed_interfaces/include/zed_interfaces/msg/heartbeat.hpp
[1.749s] -- Up-to-date symlink: /home/aiv/YongJun_ws/ros2_ws/install/zed_interfaces/include/zed_interfaces/msg/keypoint2_df.hpp
[1.749s] -- Up-to-date symlink: /home/aiv/YongJun_ws/ros2_ws/install/zed_interfaces/include/zed_interfaces/msg/keypoint2_di.hpp
[1.749s] -- Up-to-date symlink: /home/aiv/YongJun_ws/ros2_ws/install/zed_interfaces/include/zed_interfaces/msg/keypoint3_d.hpp
[1.749s] -- Up-to-date symlink: /home/aiv/YongJun_ws/ros2_ws/install/zed_interfaces/include/zed_interfaces/msg/mag_heading_status.hpp
[1.749s] -- Up-to-date symlink: /home/aiv/YongJun_ws/ros2_ws/install/zed_interfaces/include/zed_interfaces/msg/object.hpp
[1.749s] -- Up-to-date symlink: /home/aiv/YongJun_ws/ros2_ws/install/zed_interfaces/include/zed_interfaces/msg/objects_stamped.hpp
[1.749s] -- Up-to-date symlink: /home/aiv/YongJun_ws/ros2_ws/install/zed_interfaces/include/zed_interfaces/msg/plane_stamped.hpp
[1.749s] -- Up-to-date symlink: /home/aiv/YongJun_ws/ros2_ws/install/zed_interfaces/include/zed_interfaces/msg/pos_track_status.hpp
[1.749s] -- Up-to-date symlink: /home/aiv/YongJun_ws/ros2_ws/install/zed_interfaces/include/zed_interfaces/msg/rosidl_generator_cpp__visibility_control.hpp
[1.750s] -- Up-to-date symlink: /home/aiv/YongJun_ws/ros2_ws/install/zed_interfaces/include/zed_interfaces/msg/skeleton2_d.hpp
[1.750s] -- Up-to-date symlink: /home/aiv/YongJun_ws/ros2_ws/install/zed_interfaces/include/zed_interfaces/msg/skeleton3_d.hpp
[1.750s] -- Up-to-date symlink: /home/aiv/YongJun_ws/ros2_ws/install/zed_interfaces/include/zed_interfaces/srv/detail/set_pose__builder.hpp
[1.750s] -- Up-to-date symlink: /home/aiv/YongJun_ws/ros2_ws/install/zed_interfaces/include/zed_interfaces/srv/detail/set_pose__struct.hpp
[1.750s] -- Up-to-date symlink: /home/aiv/YongJun_ws/ros2_ws/install/zed_interfaces/include/zed_interfaces/srv/detail/set_pose__traits.hpp
[1.750s] -- Up-to-date symlink: /home/aiv/YongJun_ws/ros2_ws/install/zed_interfaces/include/zed_interfaces/srv/detail/set_pose__type_support.hpp
[1.750s] -- Up-to-date symlink: /home/aiv/YongJun_ws/ros2_ws/install/zed_interfaces/include/zed_interfaces/srv/detail/set_roi__builder.hpp
[1.750s] -- Up-to-date symlink: /home/aiv/YongJun_ws/ros2_ws/install/zed_interfaces/include/zed_interfaces/srv/detail/set_roi__struct.hpp
[1.751s] -- Up-to-date symlink: /home/aiv/YongJun_ws/ros2_ws/install/zed_interfaces/include/zed_interfaces/srv/detail/set_roi__traits.hpp
[1.751s] -- Up-to-date symlink: /home/aiv/YongJun_ws/ros2_ws/install/zed_interfaces/include/zed_interfaces/srv/detail/set_roi__type_support.hpp
[1.751s] -- Up-to-date symlink: /home/aiv/YongJun_ws/ros2_ws/install/zed_interfaces/include/zed_interfaces/srv/detail/start_svo_rec__builder.hpp
[1.751s] -- Up-to-date symlink: /home/aiv/YongJun_ws/ros2_ws/install/zed_interfaces/include/zed_interfaces/srv/detail/start_svo_rec__struct.hpp
[1.751s] -- Up-to-date symlink: /home/aiv/YongJun_ws/ros2_ws/install/zed_interfaces/include/zed_interfaces/srv/detail/start_svo_rec__traits.hpp
[1.751s] -- Up-to-date symlink: /home/aiv/YongJun_ws/ros2_ws/install/zed_interfaces/include/zed_interfaces/srv/detail/start_svo_rec__type_support.hpp
[1.751s] -- Up-to-date symlink: /home/aiv/YongJun_ws/ros2_ws/install/zed_interfaces/include/zed_interfaces/srv/set_pose.hpp
[1.751s] -- Up-to-date symlink: /home/aiv/YongJun_ws/ros2_ws/install/zed_interfaces/include/zed_interfaces/srv/set_roi.hpp
[1.751s] -- Up-to-date symlink: /home/aiv/YongJun_ws/ros2_ws/install/zed_interfaces/include/zed_interfaces/srv/start_svo_rec.hpp
[1.752s] -- Up-to-date symlink: /home/aiv/YongJun_ws/ros2_ws/install/zed_interfaces/include/zed_interfaces/msg/detail/bounding_box2_df__rosidl_typesupport_introspection_cpp.hpp
[1.752s] -- Up-to-date symlink: /home/aiv/YongJun_ws/ros2_ws/install/zed_interfaces/include/zed_interfaces/msg/detail/bounding_box2_di__rosidl_typesupport_introspection_cpp.hpp
[1.752s] -- Up-to-date symlink: /home/aiv/YongJun_ws/ros2_ws/install/zed_interfaces/include/zed_interfaces/msg/detail/bounding_box3_d__rosidl_typesupport_introspection_cpp.hpp
[1.752s] -- Up-to-date symlink: /home/aiv/YongJun_ws/ros2_ws/install/zed_interfaces/include/zed_interfaces/msg/detail/depth_info_stamped__rosidl_typesupport_introspection_cpp.hpp
[1.752s] -- Up-to-date symlink: /home/aiv/YongJun_ws/ros2_ws/install/zed_interfaces/include/zed_interfaces/msg/detail/gnss_fusion_status__rosidl_typesupport_introspection_cpp.hpp
[1.752s] -- Up-to-date symlink: /home/aiv/YongJun_ws/ros2_ws/install/zed_interfaces/include/zed_interfaces/msg/detail/heartbeat__rosidl_typesupport_introspection_cpp.hpp
[1.752s] -- Up-to-date symlink: /home/aiv/YongJun_ws/ros2_ws/install/zed_interfaces/include/zed_interfaces/msg/detail/keypoint2_df__rosidl_typesupport_introspection_cpp.hpp
[1.752s] -- Up-to-date symlink: /home/aiv/YongJun_ws/ros2_ws/install/zed_interfaces/include/zed_interfaces/msg/detail/keypoint2_di__rosidl_typesupport_introspection_cpp.hpp
[1.753s] -- Up-to-date symlink: /home/aiv/YongJun_ws/ros2_ws/install/zed_interfaces/include/zed_interfaces/msg/detail/keypoint3_d__rosidl_typesupport_introspection_cpp.hpp
[1.753s] -- Up-to-date symlink: /home/aiv/YongJun_ws/ros2_ws/install/zed_interfaces/include/zed_interfaces/msg/detail/mag_heading_status__rosidl_typesupport_introspection_cpp.hpp
[1.753s] -- Up-to-date symlink: /home/aiv/YongJun_ws/ros2_ws/install/zed_interfaces/include/zed_interfaces/msg/detail/object__rosidl_typesupport_introspection_cpp.hpp
[1.753s] -- Up-to-date symlink: /home/aiv/YongJun_ws/ros2_ws/install/zed_interfaces/include/zed_interfaces/msg/detail/objects_stamped__rosidl_typesupport_introspection_cpp.hpp
[1.753s] -- Up-to-date symlink: /home/aiv/YongJun_ws/ros2_ws/install/zed_interfaces/include/zed_interfaces/msg/detail/plane_stamped__rosidl_typesupport_introspection_cpp.hpp
[1.753s] -- Up-to-date symlink: /home/aiv/YongJun_ws/ros2_ws/install/zed_interfaces/include/zed_interfaces/msg/detail/pos_track_status__rosidl_typesupport_introspection_cpp.hpp
[1.753s] -- Up-to-date symlink: /home/aiv/YongJun_ws/ros2_ws/install/zed_interfaces/include/zed_interfaces/msg/detail/skeleton2_d__rosidl_typesupport_introspection_cpp.hpp
[1.753s] -- Up-to-date symlink: /home/aiv/YongJun_ws/ros2_ws/install/zed_interfaces/include/zed_interfaces/msg/detail/skeleton3_d__rosidl_typesupport_introspection_cpp.hpp
[1.754s] -- Up-to-date symlink: /home/aiv/YongJun_ws/ros2_ws/install/zed_interfaces/include/zed_interfaces/srv/detail/set_pose__rosidl_typesupport_introspection_cpp.hpp
[1.754s] -- Up-to-date symlink: /home/aiv/YongJun_ws/ros2_ws/install/zed_interfaces/include/zed_interfaces/srv/detail/set_roi__rosidl_typesupport_introspection_cpp.hpp
[1.754s] -- Up-to-date symlink: /home/aiv/YongJun_ws/ros2_ws/install/zed_interfaces/include/zed_interfaces/srv/detail/start_svo_rec__rosidl_typesupport_introspection_cpp.hpp
[1.754s] -- Up-to-date symlink: /home/aiv/YongJun_ws/ros2_ws/install/zed_interfaces/share/zed_interfaces/environment/pythonpath.sh
[1.754s] -- Up-to-date symlink: /home/aiv/YongJun_ws/ros2_ws/install/zed_interfaces/share/zed_interfaces/environment/pythonpath.dsv
[1.755s] -- Up-to-date symlink: /home/aiv/YongJun_ws/ros2_ws/install/zed_interfaces/lib/python3.8/site-packages/zed_interfaces/__init__.py
[1.755s] -- Up-to-date symlink: /home/aiv/YongJun_ws/ros2_ws/install/zed_interfaces/lib/python3.8/site-packages/zed_interfaces/msg/__init__.py
[1.755s] -- Up-to-date symlink: /home/aiv/YongJun_ws/ros2_ws/install/zed_interfaces/lib/python3.8/site-packages/zed_interfaces/msg/_bounding_box2_df.py
[1.755s] -- Up-to-date symlink: /home/aiv/YongJun_ws/ros2_ws/install/zed_interfaces/lib/python3.8/site-packages/zed_interfaces/msg/_bounding_box2_di.py
[1.755s] -- Up-to-date symlink: /home/aiv/YongJun_ws/ros2_ws/install/zed_interfaces/lib/python3.8/site-packages/zed_interfaces/msg/_bounding_box3_d.py
[1.755s] -- Up-to-date symlink: /home/aiv/YongJun_ws/ros2_ws/install/zed_interfaces/lib/python3.8/site-packages/zed_interfaces/msg/_depth_info_stamped.py
[1.756s] -- Up-to-date symlink: /home/aiv/YongJun_ws/ros2_ws/install/zed_interfaces/lib/python3.8/site-packages/zed_interfaces/msg/_gnss_fusion_status.py
[1.756s] -- Up-to-date symlink: /home/aiv/YongJun_ws/ros2_ws/install/zed_interfaces/lib/python3.8/site-packages/zed_interfaces/msg/_heartbeat.py
[1.756s] -- Up-to-date symlink: /home/aiv/YongJun_ws/ros2_ws/install/zed_interfaces/lib/python3.8/site-packages/zed_interfaces/msg/_keypoint2_df.py
[1.757s] -- Up-to-date symlink: /home/aiv/YongJun_ws/ros2_ws/install/zed_interfaces/lib/python3.8/site-packages/zed_interfaces/msg/_keypoint2_di.py
[1.757s] -- Up-to-date symlink: /home/aiv/YongJun_ws/ros2_ws/install/zed_interfaces/lib/python3.8/site-packages/zed_interfaces/msg/_keypoint3_d.py
[1.757s] -- Up-to-date symlink: /home/aiv/YongJun_ws/ros2_ws/install/zed_interfaces/lib/python3.8/site-packages/zed_interfaces/msg/_mag_heading_status.py
[1.757s] -- Up-to-date symlink: /home/aiv/YongJun_ws/ros2_ws/install/zed_interfaces/lib/python3.8/site-packages/zed_interfaces/msg/_object.py
[1.757s] -- Up-to-date symlink: /home/aiv/YongJun_ws/ros2_ws/install/zed_interfaces/lib/python3.8/site-packages/zed_interfaces/msg/_objects_stamped.py
[1.757s] -- Up-to-date symlink: /home/aiv/YongJun_ws/ros2_ws/install/zed_interfaces/lib/python3.8/site-packages/zed_interfaces/msg/_plane_stamped.py
[1.757s] -- Up-to-date symlink: /home/aiv/YongJun_ws/ros2_ws/install/zed_interfaces/lib/python3.8/site-packages/zed_interfaces/msg/_pos_track_status.py
[1.757s] -- Up-to-date symlink: /home/aiv/YongJun_ws/ros2_ws/install/zed_interfaces/lib/python3.8/site-packages/zed_interfaces/msg/_skeleton2_d.py
[1.757s] -- Up-to-date symlink: /home/aiv/YongJun_ws/ros2_ws/install/zed_interfaces/lib/python3.8/site-packages/zed_interfaces/msg/_skeleton3_d.py
[1.757s] -- Up-to-date symlink: /home/aiv/YongJun_ws/ros2_ws/install/zed_interfaces/lib/python3.8/site-packages/zed_interfaces/srv/__init__.py
[1.757s] -- Up-to-date symlink: /home/aiv/YongJun_ws/ros2_ws/install/zed_interfaces/lib/python3.8/site-packages/zed_interfaces/srv/_set_pose.py
[1.757s] -- Up-to-date symlink: /home/aiv/YongJun_ws/ros2_ws/install/zed_interfaces/lib/python3.8/site-packages/zed_interfaces/srv/_set_roi.py
[1.758s] -- Up-to-date symlink: /home/aiv/YongJun_ws/ros2_ws/install/zed_interfaces/lib/python3.8/site-packages/zed_interfaces/srv/_start_svo_rec.py
[1.758s] -- Up-to-date symlink: /home/aiv/YongJun_ws/ros2_ws/install/zed_interfaces/lib/python3.8/site-packages/zed_interfaces/zed_interfaces_s__rosidl_typesupport_fastrtps_c.cpython-38-x86_64-linux-gnu.so
[1.758s] -- Up-to-date symlink: /home/aiv/YongJun_ws/ros2_ws/install/zed_interfaces/lib/python3.8/site-packages/zed_interfaces/zed_interfaces_s__rosidl_typesupport_introspection_c.cpython-38-x86_64-linux-gnu.so
[1.759s] -- Up-to-date symlink: /home/aiv/YongJun_ws/ros2_ws/install/zed_interfaces/lib/python3.8/site-packages/zed_interfaces/zed_interfaces_s__rosidl_typesupport_c.cpython-38-x86_64-linux-gnu.so
[1.759s] -- Up-to-date symlink: /home/aiv/YongJun_ws/ros2_ws/install/zed_interfaces/lib/libzed_interfaces__python.so
[1.759s] -- Up-to-date symlink: /home/aiv/YongJun_ws/ros2_ws/install/zed_interfaces/share/zed_interfaces/msg/Object.idl
[1.759s] -- Up-to-date symlink: /home/aiv/YongJun_ws/ros2_ws/install/zed_interfaces/share/zed_interfaces/msg/ObjectsStamped.idl
[1.760s] -- Up-to-date symlink: /home/aiv/YongJun_ws/ros2_ws/install/zed_interfaces/share/zed_interfaces/msg/Keypoint2Di.idl
[1.760s] -- Up-to-date symlink: /home/aiv/YongJun_ws/ros2_ws/install/zed_interfaces/share/zed_interfaces/msg/Keypoint2Df.idl
[1.760s] -- Up-to-date symlink: /home/aiv/YongJun_ws/ros2_ws/install/zed_interfaces/share/zed_interfaces/msg/Keypoint3D.idl
[1.760s] -- Up-to-date symlink: /home/aiv/YongJun_ws/ros2_ws/install/zed_interfaces/share/zed_interfaces/msg/BoundingBox2Di.idl
[1.760s] -- Up-to-date symlink: /home/aiv/YongJun_ws/ros2_ws/install/zed_interfaces/share/zed_interfaces/msg/BoundingBox2Df.idl
[1.760s] -- Up-to-date symlink: /home/aiv/YongJun_ws/ros2_ws/install/zed_interfaces/share/zed_interfaces/msg/BoundingBox3D.idl
[1.760s] -- Up-to-date symlink: /home/aiv/YongJun_ws/ros2_ws/install/zed_interfaces/share/zed_interfaces/msg/Skeleton2D.idl
[1.761s] -- Up-to-date symlink: /home/aiv/YongJun_ws/ros2_ws/install/zed_interfaces/share/zed_interfaces/msg/Skeleton3D.idl
[1.761s] -- Up-to-date symlink: /home/aiv/YongJun_ws/ros2_ws/install/zed_interfaces/share/zed_interfaces/msg/DepthInfoStamped.idl
[1.761s] -- Up-to-date symlink: /home/aiv/YongJun_ws/ros2_ws/install/zed_interfaces/share/zed_interfaces/msg/PlaneStamped.idl
[1.761s] -- Up-to-date symlink: /home/aiv/YongJun_ws/ros2_ws/install/zed_interfaces/share/zed_interfaces/msg/PosTrackStatus.idl
[1.761s] -- Up-to-date symlink: /home/aiv/YongJun_ws/ros2_ws/install/zed_interfaces/share/zed_interfaces/msg/GnssFusionStatus.idl
[1.762s] -- Up-to-date symlink: /home/aiv/YongJun_ws/ros2_ws/install/zed_interfaces/share/zed_interfaces/msg/Heartbeat.idl
[1.762s] -- Up-to-date symlink: /home/aiv/YongJun_ws/ros2_ws/install/zed_interfaces/share/zed_interfaces/msg/MagHeadingStatus.idl
[1.762s] -- Up-to-date symlink: /home/aiv/YongJun_ws/ros2_ws/install/zed_interfaces/share/zed_interfaces/srv/SetPose.idl
[1.762s] -- Up-to-date symlink: /home/aiv/YongJun_ws/ros2_ws/install/zed_interfaces/share/zed_interfaces/srv/StartSvoRec.idl
[1.762s] -- Up-to-date symlink: /home/aiv/YongJun_ws/ros2_ws/install/zed_interfaces/share/zed_interfaces/srv/SetROI.idl
[1.763s] -- Up-to-date symlink: /home/aiv/YongJun_ws/ros2_ws/install/zed_interfaces/share/zed_interfaces/msg/Object.msg
[1.763s] -- Up-to-date symlink: /home/aiv/YongJun_ws/ros2_ws/install/zed_interfaces/share/zed_interfaces/msg/ObjectsStamped.msg
[1.763s] -- Up-to-date symlink: /home/aiv/YongJun_ws/ros2_ws/install/zed_interfaces/share/zed_interfaces/msg/Keypoint2Di.msg
[1.763s] -- Up-to-date symlink: /home/aiv/YongJun_ws/ros2_ws/install/zed_interfaces/share/zed_interfaces/msg/Keypoint2Df.msg
[1.763s] -- Up-to-date symlink: /home/aiv/YongJun_ws/ros2_ws/install/zed_interfaces/share/zed_interfaces/msg/Keypoint3D.msg
[1.763s] -- Up-to-date symlink: /home/aiv/YongJun_ws/ros2_ws/install/zed_interfaces/share/zed_interfaces/msg/BoundingBox2Di.msg
[1.764s] -- Up-to-date symlink: /home/aiv/YongJun_ws/ros2_ws/install/zed_interfaces/share/zed_interfaces/msg/BoundingBox2Df.msg
[1.764s] -- Up-to-date symlink: /home/aiv/YongJun_ws/ros2_ws/install/zed_interfaces/share/zed_interfaces/msg/BoundingBox3D.msg
[1.764s] -- Up-to-date symlink: /home/aiv/YongJun_ws/ros2_ws/install/zed_interfaces/share/zed_interfaces/msg/Skeleton2D.msg
[1.765s] -- Up-to-date symlink: /home/aiv/YongJun_ws/ros2_ws/install/zed_interfaces/share/zed_interfaces/msg/Skeleton3D.msg
[1.765s] -- Up-to-date symlink: /home/aiv/YongJun_ws/ros2_ws/install/zed_interfaces/share/zed_interfaces/msg/DepthInfoStamped.msg
[1.765s] -- Up-to-date symlink: /home/aiv/YongJun_ws/ros2_ws/install/zed_interfaces/share/zed_interfaces/msg/PlaneStamped.msg
[1.765s] -- Up-to-date symlink: /home/aiv/YongJun_ws/ros2_ws/install/zed_interfaces/share/zed_interfaces/msg/PosTrackStatus.msg
[1.765s] -- Up-to-date symlink: /home/aiv/YongJun_ws/ros2_ws/install/zed_interfaces/share/zed_interfaces/msg/GnssFusionStatus.msg
[1.766s] -- Up-to-date symlink: /home/aiv/YongJun_ws/ros2_ws/install/zed_interfaces/share/zed_interfaces/msg/Heartbeat.msg
[1.766s] -- Up-to-date symlink: /home/aiv/YongJun_ws/ros2_ws/install/zed_interfaces/share/zed_interfaces/msg/MagHeadingStatus.msg
[1.766s] -- Up-to-date symlink: /home/aiv/YongJun_ws/ros2_ws/install/zed_interfaces/share/zed_interfaces/srv/SetPose.srv
[1.766s] -- Up-to-date symlink: /home/aiv/YongJun_ws/ros2_ws/install/zed_interfaces/share/zed_interfaces/srv/SetPose_Request.msg
[1.766s] -- Up-to-date symlink: /home/aiv/YongJun_ws/ros2_ws/install/zed_interfaces/share/zed_interfaces/srv/SetPose_Response.msg
[1.766s] -- Up-to-date symlink: /home/aiv/YongJun_ws/ros2_ws/install/zed_interfaces/share/zed_interfaces/srv/StartSvoRec.srv
[1.766s] -- Up-to-date symlink: /home/aiv/YongJun_ws/ros2_ws/install/zed_interfaces/share/zed_interfaces/srv/StartSvoRec_Request.msg
[1.766s] -- Up-to-date symlink: /home/aiv/YongJun_ws/ros2_ws/install/zed_interfaces/share/zed_interfaces/srv/StartSvoRec_Response.msg
[1.766s] -- Up-to-date symlink: /home/aiv/YongJun_ws/ros2_ws/install/zed_interfaces/share/zed_interfaces/srv/SetROI.srv
[1.767s] -- Up-to-date symlink: /home/aiv/YongJun_ws/ros2_ws/install/zed_interfaces/share/zed_interfaces/srv/SetROI_Request.msg
[1.767s] -- Up-to-date symlink: /home/aiv/YongJun_ws/ros2_ws/install/zed_interfaces/share/zed_interfaces/srv/SetROI_Response.msg
[1.767s] -- Up-to-date symlink: /home/aiv/YongJun_ws/ros2_ws/install/zed_interfaces/share/zed_interfaces/meshes/virtual.stl
[1.767s] -- Up-to-date symlink: /home/aiv/YongJun_ws/ros2_ws/install/zed_interfaces/share/zed_interfaces/meshes/zed.stl
[1.767s] -- Up-to-date symlink: /home/aiv/YongJun_ws/ros2_ws/install/zed_interfaces/share/zed_interfaces/meshes/zed2.stl
[1.767s] -- Up-to-date symlink: /home/aiv/YongJun_ws/ros2_ws/install/zed_interfaces/share/zed_interfaces/meshes/zed2i.stl
[1.767s] -- Up-to-date symlink: /home/aiv/YongJun_ws/ros2_ws/install/zed_interfaces/share/zed_interfaces/meshes/zedm.stl
[1.767s] -- Up-to-date symlink: /home/aiv/YongJun_ws/ros2_ws/install/zed_interfaces/share/zed_interfaces/meshes/zedx.stl
[1.767s] -- Up-to-date symlink: /home/aiv/YongJun_ws/ros2_ws/install/zed_interfaces/share/zed_interfaces/meshes/zedxm.stl
[1.768s] -- Up-to-date symlink: /home/aiv/YongJun_ws/ros2_ws/install/zed_interfaces/share/ament_index/resource_index/package_run_dependencies/zed_interfaces
[1.768s] -- Up-to-date symlink: /home/aiv/YongJun_ws/ros2_ws/install/zed_interfaces/share/ament_index/resource_index/parent_prefix_path/zed_interfaces
[1.768s] -- Up-to-date symlink: /home/aiv/YongJun_ws/ros2_ws/install/zed_interfaces/share/zed_interfaces/environment/ament_prefix_path.sh
[1.768s] -- Up-to-date symlink: /home/aiv/YongJun_ws/ros2_ws/install/zed_interfaces/share/zed_interfaces/environment/ament_prefix_path.dsv
[1.768s] -- Up-to-date symlink: /home/aiv/YongJun_ws/ros2_ws/install/zed_interfaces/share/zed_interfaces/environment/path.sh
[1.768s] -- Up-to-date symlink: /home/aiv/YongJun_ws/ros2_ws/install/zed_interfaces/share/zed_interfaces/environment/path.dsv
[1.769s] -- Up-to-date symlink: /home/aiv/YongJun_ws/ros2_ws/install/zed_interfaces/share/zed_interfaces/local_setup.bash
[1.770s] -- Up-to-date symlink: /home/aiv/YongJun_ws/ros2_ws/install/zed_interfaces/share/zed_interfaces/local_setup.sh
[1.770s] -- Up-to-date symlink: /home/aiv/YongJun_ws/ros2_ws/install/zed_interfaces/share/zed_interfaces/local_setup.zsh
[1.770s] -- Up-to-date symlink: /home/aiv/YongJun_ws/ros2_ws/install/zed_interfaces/share/zed_interfaces/local_setup.dsv
[1.770s] -- Symlinking: /home/aiv/YongJun_ws/ros2_ws/install/zed_interfaces/share/zed_interfaces/package.dsv
[1.776s] -- Up-to-date symlink: /home/aiv/YongJun_ws/ros2_ws/install/zed_interfaces/share/ament_index/resource_index/packages/zed_interfaces
[1.776s] -- Up-to-date symlink: /home/aiv/YongJun_ws/ros2_ws/install/zed_interfaces/share/zed_interfaces/cmake/rosidl_cmake-extras.cmake
[1.776s] -- Up-to-date symlink: /home/aiv/YongJun_ws/ros2_ws/install/zed_interfaces/share/zed_interfaces/cmake/ament_cmake_export_dependencies-extras.cmake
[1.776s] -- Up-to-date symlink: /home/aiv/YongJun_ws/ros2_ws/install/zed_interfaces/share/zed_interfaces/cmake/ament_cmake_export_libraries-extras.cmake
[1.776s] -- Up-to-date symlink: /home/aiv/YongJun_ws/ros2_ws/install/zed_interfaces/share/zed_interfaces/cmake/ament_cmake_export_targets-extras.cmake
[1.776s] -- Up-to-date symlink: /home/aiv/YongJun_ws/ros2_ws/install/zed_interfaces/share/zed_interfaces/cmake/ament_cmake_export_include_directories-extras.cmake
[1.777s] -- Up-to-date symlink: /home/aiv/YongJun_ws/ros2_ws/install/zed_interfaces/share/zed_interfaces/cmake/rosidl_cmake_export_typesupport_libraries-extras.cmake
[1.777s] -- Up-to-date symlink: /home/aiv/YongJun_ws/ros2_ws/install/zed_interfaces/share/zed_interfaces/cmake/rosidl_cmake_export_typesupport_targets-extras.cmake
[1.777s] -- Up-to-date symlink: /home/aiv/YongJun_ws/ros2_ws/install/zed_interfaces/share/zed_interfaces/cmake/zed_interfacesConfig.cmake
[1.777s] -- Up-to-date symlink: /home/aiv/YongJun_ws/ros2_ws/install/zed_interfaces/share/zed_interfaces/cmake/zed_interfacesConfig-version.cmake
[1.777s] -- Up-to-date symlink: /home/aiv/YongJun_ws/ros2_ws/install/zed_interfaces/share/zed_interfaces/package.xml
[1.778s] -- Up-to-date: /home/aiv/YongJun_ws/ros2_ws/install/zed_interfaces/lib/libzed_interfaces__rosidl_generator_c.so
[1.778s] -- Up-to-date: /home/aiv/YongJun_ws/ros2_ws/install/zed_interfaces/lib/libzed_interfaces__rosidl_typesupport_introspection_c.so
[1.779s] -- Up-to-date: /home/aiv/YongJun_ws/ros2_ws/install/zed_interfaces/lib/libzed_interfaces__rosidl_typesupport_c.so
[1.779s] -- Up-to-date: /home/aiv/YongJun_ws/ros2_ws/install/zed_interfaces/lib/libzed_interfaces__rosidl_typesupport_introspection_cpp.so
[1.779s] -- Up-to-date: /home/aiv/YongJun_ws/ros2_ws/install/zed_interfaces/lib/libzed_interfaces__rosidl_typesupport_cpp.so
[1.801s] Compiling '/home/aiv/YongJun_ws/ros2_ws/install/zed_interfaces/lib/python3.8/site-packages/zed_interfaces/__init__.py'...
[1.804s] -- Up-to-date: /home/aiv/YongJun_ws/ros2_ws/install/zed_interfaces/share/zed_interfaces/cmake/zed_interfaces__rosidl_generator_cExport.cmake
[1.804s] -- Installing: /home/aiv/YongJun_ws/ros2_ws/install/zed_interfaces/share/zed_interfaces/cmake/zed_interfaces__rosidl_generator_cExport-noconfig.cmake
[1.804s] -- Up-to-date: /home/aiv/YongJun_ws/ros2_ws/install/zed_interfaces/share/zed_interfaces/cmake/zed_interfaces__rosidl_typesupport_introspection_cExport.cmake
[1.804s] -- Installing: /home/aiv/YongJun_ws/ros2_ws/install/zed_interfaces/share/zed_interfaces/cmake/zed_interfaces__rosidl_typesupport_introspection_cExport-noconfig.cmake
[1.805s] -- Up-to-date: /home/aiv/YongJun_ws/ros2_ws/install/zed_interfaces/share/zed_interfaces/cmake/zed_interfaces__rosidl_typesupport_cExport.cmake
[1.805s] -- Installing: /home/aiv/YongJun_ws/ros2_ws/install/zed_interfaces/share/zed_interfaces/cmake/zed_interfaces__rosidl_typesupport_cExport-noconfig.cmake
[1.805s] -- Up-to-date: /home/aiv/YongJun_ws/ros2_ws/install/zed_interfaces/share/zed_interfaces/cmake/zed_interfaces__rosidl_generator_cppExport.cmake
[1.805s] -- Up-to-date: /home/aiv/YongJun_ws/ros2_ws/install/zed_interfaces/share/zed_interfaces/cmake/zed_interfaces__rosidl_typesupport_introspection_cppExport.cmake
[1.805s] -- Installing: /home/aiv/YongJun_ws/ros2_ws/install/zed_interfaces/share/zed_interfaces/cmake/zed_interfaces__rosidl_typesupport_introspection_cppExport-noconfig.cmake
[1.805s] -- Up-to-date: /home/aiv/YongJun_ws/ros2_ws/install/zed_interfaces/share/zed_interfaces/cmake/zed_interfaces__rosidl_typesupport_cppExport.cmake
[1.805s] -- Installing: /home/aiv/YongJun_ws/ros2_ws/install/zed_interfaces/share/zed_interfaces/cmake/zed_interfaces__rosidl_typesupport_cppExport-noconfig.cmake
[1.964s] Invoked command in '/home/aiv/YongJun_ws/ros2_ws/build/zed_interfaces' returned '0': CMAKE_PREFIX_PATH=${CMAKE_PREFIX_PATH}:/home/aiv/YongJun_ws/ros2_ws/install/yolov8_ros:/opt/ros/foxy /usr/bin/cmake --install /home/aiv/YongJun_ws/ros2_ws/build/zed_interfaces
