nvcc fatal   : Value 'sm_35' is not defined for option 'gpu-architecture'
nvcc fatal   : Value 'sm_35' is not defined for option 'gpu-architecture'
nvcc fatal   : Value 'sm_35' is not defined for option 'gpu-architecture'
nvcc fatal   : Value 'sm_35' is not defined for option 'gpu-architecture'
nvcc fatal   : Value 'sm_35' is not defined for option 'gpu-architecture'
nvcc fatal   : Value 'sm_35' is not defined for option 'gpu-architecture'
nvcc fatal   : Value 'sm_35' is not defined for option 'gpu-architecture'
nvcc fatal   : Value 'sm_35' is not defined for option 'gpu-architecture'
nvcc fatal   : Value 'sm_35' is not defined for option 'gpu-architecture'
nvcc fatal   : Value 'sm_35' is not defined for option 'gpu-architecture'
nvcc fatal   : Value 'sm_35' is not defined for option 'gpu-architecture'
nvcc fatal   : Value 'sm_35' is not defined for option 'gpu-architecture'
make[2]: *** [CMakeFiles/deployedPointPillarModel.dir/build.make:131: CMakeFiles/deployedPointPillarModel.dir/src/MWCudnnBatchNormalizationLayerImpl.cu.o] Error 1
make[2]: *** Waiting for unfinished jobs....
make[2]: *** [CMakeFiles/deployedPointPillarModel.dir/build.make:144: CMakeFiles/deployedPointPillarModel.dir/src/MWCudnnCNNLayerImpl.cu.o] Error 1
make[2]: *** [CMakeFiles/deployedPointPillarModel.dir/build.make:157: CMakeFiles/deployedPointPillarModel.dir/src/MWCudnnConcatenationLayerImpl.cu.o] Error 1
make[2]: *** [CMakeFiles/deployedPointPillarModel.dir/build.make:170: CMakeFiles/deployedPointPillarModel.dir/src/MWCudnnConvLayerImpl.cu.o] Error 1
make[2]: *** [CMakeFiles/deployedPointPillarModel.dir/build.make:183: CMakeFiles/deployedPointPillarModel.dir/src/MWCudnnCustomLayerBase.cu.o] Error 1
make[2]: *** [CMakeFiles/deployedPointPillarModel.dir/build.make:196: CMakeFiles/deployedPointPillarModel.dir/src/MWCudnnFusedConvActivationLayerImpl.cu.o] Error 1
make[2]: *** [CMakeFiles/deployedPointPillarModel.dir/build.make:209: CMakeFiles/deployedPointPillarModel.dir/src/MWCudnnLayerImplFactory.cu.o] Error 1
make[2]: *** [CMakeFiles/deployedPointPillarModel.dir/build.make:222: CMakeFiles/deployedPointPillarModel.dir/src/MWCudnnMaxPoolingLayerImpl.cu.o] Error 1
make[2]: *** [CMakeFiles/deployedPointPillarModel.dir/build.make:235: CMakeFiles/deployedPointPillarModel.dir/src/MWCudnnOutputLayerImpl.cu.o] Error 1
make[2]: *** [CMakeFiles/deployedPointPillarModel.dir/build.make:248: CMakeFiles/deployedPointPillarModel.dir/src/MWCudnnSigmoidLayerImpl.cu.o] Error 1
make[2]: *** [CMakeFiles/deployedPointPillarModel.dir/build.make:261: CMakeFiles/deployedPointPillarModel.dir/src/MWCudnnSplittingLayerImpl.cu.o] Error 1
make[2]: *** [CMakeFiles/deployedPointPillarModel.dir/build.make:274: CMakeFiles/deployedPointPillarModel.dir/src/MWCudnnTargetNetworkImpl.cu.o] Error 1
nvcc fatal   : Value 'sm_35' is not defined for option 'gpu-architecture'
nvcc fatal   : Value 'sm_35' is not defined for option 'gpu-architecture'
make[2]: *** [CMakeFiles/deployedPointPillarModel.dir/build.make:378: CMakeFiles/deployedPointPillarModel.dir/src/PointCloud2Types.cu.o] Error 1
nvcc fatal   : Value 'sm_35' is not defined for option 'gpu-architecture'
make[2]: *** [CMakeFiles/deployedPointPillarModel.dir/build.make:391: CMakeFiles/deployedPointPillarModel.dir/src/PointCloudImpl.cu.o] Error 1
nvcc fatal   : Value 'sm_35' is not defined for option 'gpu-architecture'
make[2]: *** [CMakeFiles/deployedPointPillarModel.dir/build.make:404: CMakeFiles/deployedPointPillarModel.dir/src/Resize2DLayer.cu.o] Error 1
make[2]: *** [CMakeFiles/deployedPointPillarModel.dir/build.make:417: CMakeFiles/deployedPointPillarModel.dir/src/SpecialMsgUtil.cu.o] Error 1
In file included from [01m[K/home/aiv/YongJun_ws/matlab/AutoL_LiDAR/src/deployedpointpillarmodel/include/deployedpointpillarmodel/MWConcatenationLayer.hpp:6[m[K,
                 from [01m[K/home/aiv/YongJun_ws/matlab/AutoL_LiDAR/src/deployedpointpillarmodel/src/MWConcatenationLayer.cpp:3[m[K:
[01m[K/home/aiv/YongJun_ws/matlab/AutoL_LiDAR/src/deployedpointpillarmodel/include/deployedpointpillarmodel/MWCNNLayer.hpp:[m[K In member function ‘[01m[Kvoid MWCNNLayer::setInPlaceIndex(int, int)[m[K’:
[01m[K/home/aiv/YongJun_ws/matlab/AutoL_LiDAR/src/deployedpointpillarmodel/include/deployedpointpillarmodel/MWCNNLayer.hpp:89:38:[m[K [01;35m[Kwarning: [m[Kvariable ‘[01m[Kit[m[K’ set but not used [[01;35m[K-Wunused-but-set-variable[m[K]
   89 |         std::map<int, int>::iterator [01;35m[Kit[m[K = m_inPlaceIndexMap.find(outIdx);
      |                                      [01;35m[K^~[m[K
In file included from [01m[K/home/aiv/YongJun_ws/matlab/AutoL_LiDAR/src/deployedpointpillarmodel/src/MWCNNLayer.cpp:3[m[K:
[01m[K/home/aiv/YongJun_ws/matlab/AutoL_LiDAR/src/deployedpointpillarmodel/include/deployedpointpillarmodel/MWCNNLayer.hpp:[m[K In member function ‘[01m[Kvoid MWCNNLayer::setInPlaceIndex(int, int)[m[K’:
[01m[K/home/aiv/YongJun_ws/matlab/AutoL_LiDAR/src/deployedpointpillarmodel/include/deployedpointpillarmodel/MWCNNLayer.hpp:89:38:[m[K [01;35m[Kwarning: [m[Kvariable ‘[01m[Kit[m[K’ set but not used [[01;35m[K-Wunused-but-set-variable[m[K]
   89 |         std::map<int, int>::iterator [01;35m[Kit[m[K = m_inPlaceIndexMap.find(outIdx);
      |                                      [01;35m[K^~[m[K
In file included from [01m[K/home/aiv/YongJun_ws/matlab/AutoL_LiDAR/src/deployedpointpillarmodel/include/deployedpointpillarmodel/MWSigmoidLayer.hpp:7[m[K,
                 from [01m[K/home/aiv/YongJun_ws/matlab/AutoL_LiDAR/src/deployedpointpillarmodel/src/MWSigmoidLayer.cpp:4[m[K:
[01m[K/home/aiv/YongJun_ws/matlab/AutoL_LiDAR/src/deployedpointpillarmodel/include/deployedpointpillarmodel/MWCNNLayer.hpp:[m[K In member function ‘[01m[Kvoid MWCNNLayer::setInPlaceIndex(int, int)[m[K’:
[01m[K/home/aiv/YongJun_ws/matlab/AutoL_LiDAR/src/deployedpointpillarmodel/include/deployedpointpillarmodel/MWCNNLayer.hpp:89:38:[m[K [01;35m[Kwarning: [m[Kvariable ‘[01m[Kit[m[K’ set but not used [[01;35m[K-Wunused-but-set-variable[m[K]
   89 |         std::map<int, int>::iterator [01;35m[Kit[m[K = m_inPlaceIndexMap.find(outIdx);
      |                                      [01;35m[K^~[m[K
In file included from [01m[K/home/aiv/YongJun_ws/matlab/AutoL_LiDAR/src/deployedpointpillarmodel/include/deployedpointpillarmodel/MWOutputLayer.hpp:5[m[K,
                 from [01m[K/home/aiv/YongJun_ws/matlab/AutoL_LiDAR/src/deployedpointpillarmodel/src/MWOutputLayer.cpp:3[m[K:
[01m[K/home/aiv/YongJun_ws/matlab/AutoL_LiDAR/src/deployedpointpillarmodel/include/deployedpointpillarmodel/MWCNNLayer.hpp:[m[K In member function ‘[01m[Kvoid MWCNNLayer::setInPlaceIndex(int, int)[m[K’:
[01m[K/home/aiv/YongJun_ws/matlab/AutoL_LiDAR/src/deployedpointpillarmodel/include/deployedpointpillarmodel/MWCNNLayer.hpp:89:38:[m[K [01;35m[Kwarning: [m[Kvariable ‘[01m[Kit[m[K’ set but not used [[01;35m[K-Wunused-but-set-variable[m[K]
   89 |         std::map<int, int>::iterator [01;35m[Kit[m[K = m_inPlaceIndexMap.find(outIdx);
      |                                      [01;35m[K^~[m[K
In file included from [01m[K/home/aiv/YongJun_ws/matlab/AutoL_LiDAR/src/deployedpointpillarmodel/include/deployedpointpillarmodel/MWInputLayer.hpp:6[m[K,
                 from [01m[K/home/aiv/YongJun_ws/matlab/AutoL_LiDAR/src/deployedpointpillarmodel/src/MWInputLayer.cpp:3[m[K:
[01m[K/home/aiv/YongJun_ws/matlab/AutoL_LiDAR/src/deployedpointpillarmodel/include/deployedpointpillarmodel/MWCNNLayer.hpp:[m[K In member function ‘[01m[Kvoid MWCNNLayer::setInPlaceIndex(int, int)[m[K’:
[01m[K/home/aiv/YongJun_ws/matlab/AutoL_LiDAR/src/deployedpointpillarmodel/include/deployedpointpillarmodel/MWCNNLayer.hpp:89:38:[m[K [01;35m[Kwarning: [m[Kvariable ‘[01m[Kit[m[K’ set but not used [[01;35m[K-Wunused-but-set-variable[m[K]
   89 |         std::map<int, int>::iterator [01;35m[Kit[m[K = m_inPlaceIndexMap.find(outIdx);
      |                                      [01;35m[K^~[m[K
In file included from [01m[K/home/aiv/YongJun_ws/matlab/AutoL_LiDAR/src/deployedpointpillarmodel/include/deployedpointpillarmodel/MWSplittingLayer.hpp:6[m[K,
                 from [01m[K/home/aiv/YongJun_ws/matlab/AutoL_LiDAR/src/deployedpointpillarmodel/src/MWSplittingLayer.cpp:3[m[K:
[01m[K/home/aiv/YongJun_ws/matlab/AutoL_LiDAR/src/deployedpointpillarmodel/include/deployedpointpillarmodel/MWCNNLayer.hpp:[m[K In member function ‘[01m[Kvoid MWCNNLayer::setInPlaceIndex(int, int)[m[K’:
[01m[K/home/aiv/YongJun_ws/matlab/AutoL_LiDAR/src/deployedpointpillarmodel/include/deployedpointpillarmodel/MWCNNLayer.hpp:89:38:[m[K [01;35m[Kwarning: [m[Kvariable ‘[01m[Kit[m[K’ set but not used [[01;35m[K-Wunused-but-set-variable[m[K]
   89 |         std::map<int, int>::iterator [01;35m[Kit[m[K = m_inPlaceIndexMap.find(outIdx);
      |                                      [01;35m[K^~[m[K
In file included from [01m[K/home/aiv/YongJun_ws/matlab/AutoL_LiDAR/src/deployedpointpillarmodel/include/deployedpointpillarmodel/MWFusedConvActivationLayer.hpp:6[m[K,
                 from [01m[K/home/aiv/YongJun_ws/matlab/AutoL_LiDAR/src/deployedpointpillarmodel/src/MWFusedConvActivationLayer.cpp:3[m[K:
[01m[K/home/aiv/YongJun_ws/matlab/AutoL_LiDAR/src/deployedpointpillarmodel/include/deployedpointpillarmodel/MWCNNLayer.hpp:[m[K In member function ‘[01m[Kvoid MWCNNLayer::setInPlaceIndex(int, int)[m[K’:
[01m[K/home/aiv/YongJun_ws/matlab/AutoL_LiDAR/src/deployedpointpillarmodel/include/deployedpointpillarmodel/MWCNNLayer.hpp:89:38:[m[K [01;35m[Kwarning: [m[Kvariable ‘[01m[Kit[m[K’ set but not used [[01;35m[K-Wunused-but-set-variable[m[K]
   89 |         std::map<int, int>::iterator [01;35m[Kit[m[K = m_inPlaceIndexMap.find(outIdx);
      |                                      [01;35m[K^~[m[K
[01m[K/home/aiv/YongJun_ws/matlab/AutoL_LiDAR/src/deployedpointpillarmodel/src/MWCNNLayer.cpp:[m[K In member function ‘[01m[KMWTensorBase* MWCNNLayer::getOutputTensor(size_t)[m[K’:
[01m[K/home/aiv/YongJun_ws/matlab/AutoL_LiDAR/src/deployedpointpillarmodel/src/MWCNNLayer.cpp:145:91:[m[K [01;35m[Kwarning: [m[Ktype qualifiers ignored on cast result type [[01;35m[K-Wignored-qualifiers[m[K]
  145 |     std::map<int, MWTensorBase*>::iterator it = m_output.find(static_cast<const int>(index[01;35m[K)[m[K);
      |                                                                                           [01;35m[K^[m[K
/home/aiv/YongJun_ws/matlab/AutoL_LiDAR/src/deployedpointpillarmodel/include/deployedpointpillarmodel/MWCNNLayer.hpp: In instantiation of ‘[01m[Kvoid MWCNNLayer::allocateOutputTensor(int, int, int, int, int, T*, const char*, int) [with T = float][m[K’:
[01m[K/home/aiv/YongJun_ws/matlab/AutoL_LiDAR/src/deployedpointpillarmodel/src/MWConcatenationLayer.cpp:34:68:[m[K   required from here
[01m[K/home/aiv/YongJun_ws/matlab/AutoL_LiDAR/src/deployedpointpillarmodel/include/deployedpointpillarmodel/MWCNNLayer.hpp:209:44:[m[K [01;35m[Kwarning: [m[Kvariable ‘[01m[Kit[m[K’ set but not used [[01;35m[K-Wunused-but-set-variable[m[K]
  209 |     std::map<int, MWTensorBase*>::iterator [01;35m[Kit[m[K = m_output.find(index);
      |                                            [01;35m[K^~[m[K
/home/aiv/YongJun_ws/matlab/AutoL_LiDAR/src/deployedpointpillarmodel/include/deployedpointpillarmodel/MWCNNLayer.hpp: In instantiation of ‘[01m[Kvoid MWCNNLayer::allocateOutputTensor(int, int, int, int, int, T*, const char*, int) [with T = float][m[K’:
[01m[K/home/aiv/YongJun_ws/matlab/AutoL_LiDAR/src/deployedpointpillarmodel/src/MWSigmoidLayer.cpp:22:68:[m[K   required from here
[01m[K/home/aiv/YongJun_ws/matlab/AutoL_LiDAR/src/deployedpointpillarmodel/include/deployedpointpillarmodel/MWCNNLayer.hpp:209:44:[m[K [01;35m[Kwarning: [m[Kvariable ‘[01m[Kit[m[K’ set but not used [[01;35m[K-Wunused-but-set-variable[m[K]
  209 |     std::map<int, MWTensorBase*>::iterator [01;35m[Kit[m[K = m_output.find(index);
      |                                            [01;35m[K^~[m[K
/home/aiv/YongJun_ws/matlab/AutoL_LiDAR/src/deployedpointpillarmodel/include/deployedpointpillarmodel/MWCNNLayer.hpp: In instantiation of ‘[01m[Kvoid MWCNNLayer::allocateOutputTensor(int, int, int, int, int, T*, const char*, int) [with T = float][m[K’:
[01m[K/home/aiv/YongJun_ws/matlab/AutoL_LiDAR/src/deployedpointpillarmodel/src/MWOutputLayer.cpp:19:68:[m[K   required from here
[01m[K/home/aiv/YongJun_ws/matlab/AutoL_LiDAR/src/deployedpointpillarmodel/include/deployedpointpillarmodel/MWCNNLayer.hpp:209:44:[m[K [01;35m[Kwarning: [m[Kvariable ‘[01m[Kit[m[K’ set but not used [[01;35m[K-Wunused-but-set-variable[m[K]
  209 |     std::map<int, MWTensorBase*>::iterator [01;35m[Kit[m[K = m_output.find(index);
      |                                            [01;35m[K^~[m[K
/home/aiv/YongJun_ws/matlab/AutoL_LiDAR/src/deployedpointpillarmodel/include/deployedpointpillarmodel/MWCNNLayer.hpp: In instantiation of ‘[01m[Kvoid MWCNNLayer::allocateOutputTensor(int, int, int, int, int, T*, const char*, int) [with T = float][m[K’:
[01m[K/home/aiv/YongJun_ws/matlab/AutoL_LiDAR/src/deployedpointpillarmodel/src/MWInputLayer.cpp:18:68:[m[K   required from here
[01m[K/home/aiv/YongJun_ws/matlab/AutoL_LiDAR/src/deployedpointpillarmodel/include/deployedpointpillarmodel/MWCNNLayer.hpp:209:44:[m[K [01;35m[Kwarning: [m[Kvariable ‘[01m[Kit[m[K’ set but not used [[01;35m[K-Wunused-but-set-variable[m[K]
  209 |     std::map<int, MWTensorBase*>::iterator [01;35m[Kit[m[K = m_output.find(index);
      |                                            [01;35m[K^~[m[K
/home/aiv/YongJun_ws/matlab/AutoL_LiDAR/src/deployedpointpillarmodel/include/deployedpointpillarmodel/MWCNNLayer.hpp: In instantiation of ‘[01m[Kvoid MWCNNLayer::allocateOutputTensor(int, int, int, int, int, T*, const char*, int) [with T = float][m[K’:
[01m[K/home/aiv/YongJun_ws/matlab/AutoL_LiDAR/src/deployedpointpillarmodel/src/MWSplittingLayer.cpp:47:79:[m[K   required from here
[01m[K/home/aiv/YongJun_ws/matlab/AutoL_LiDAR/src/deployedpointpillarmodel/include/deployedpointpillarmodel/MWCNNLayer.hpp:209:44:[m[K [01;35m[Kwarning: [m[Kvariable ‘[01m[Kit[m[K’ set but not used [[01;35m[K-Wunused-but-set-variable[m[K]
  209 |     std::map<int, MWTensorBase*>::iterator [01;35m[Kit[m[K = m_output.find(index);
      |                                            [01;35m[K^~[m[K
/home/aiv/YongJun_ws/matlab/AutoL_LiDAR/src/deployedpointpillarmodel/include/deployedpointpillarmodel/MWCNNLayer.hpp: In instantiation of ‘[01m[Kvoid MWCNNLayer::allocateOutputTensor(int, int, int, int, int, T*, const char*, int) [with T = float][m[K’:
[01m[K/home/aiv/YongJun_ws/matlab/AutoL_LiDAR/src/deployedpointpillarmodel/src/MWFusedConvActivationLayer.cpp:58:68:[m[K   required from here
[01m[K/home/aiv/YongJun_ws/matlab/AutoL_LiDAR/src/deployedpointpillarmodel/include/deployedpointpillarmodel/MWCNNLayer.hpp:209:44:[m[K [01;35m[Kwarning: [m[Kvariable ‘[01m[Kit[m[K’ set but not used [[01;35m[K-Wunused-but-set-variable[m[K]
  209 |     std::map<int, MWTensorBase*>::iterator [01;35m[Kit[m[K = m_output.find(index);
      |                                            [01;35m[K^~[m[K
In file included from [01m[K/home/aiv/YongJun_ws/matlab/AutoL_LiDAR/src/deployedpointpillarmodel/src/MWCNNLayer.cpp:3[m[K:
/home/aiv/YongJun_ws/matlab/AutoL_LiDAR/src/deployedpointpillarmodel/include/deployedpointpillarmodel/MWCNNLayer.hpp: In instantiation of ‘[01m[Kvoid MWCNNLayer::allocateOutputTensor(int, int, int, int, int, T*, const char*, int) [with T = float][m[K’:
[01m[K/home/aiv/YongJun_ws/matlab/AutoL_LiDAR/src/deployedpointpillarmodel/src/MWCNNLayer.cpp:220:91:[m[K   required from here
[01m[K/home/aiv/YongJun_ws/matlab/AutoL_LiDAR/src/deployedpointpillarmodel/include/deployedpointpillarmodel/MWCNNLayer.hpp:209:44:[m[K [01;35m[Kwarning: [m[Kvariable ‘[01m[Kit[m[K’ set but not used [[01;35m[K-Wunused-but-set-variable[m[K]
  209 |     std::map<int, MWTensorBase*>::iterator [01;35m[Kit[m[K = m_output.find(index);
      |                                            [01;35m[K^~[m[K
In file included from [01m[K/home/aiv/YongJun_ws/matlab/AutoL_LiDAR/src/deployedpointpillarmodel/include/deployedpointpillarmodel/MWBatchNormalizationLayer.hpp:6[m[K,
                 from [01m[K/home/aiv/YongJun_ws/matlab/AutoL_LiDAR/src/deployedpointpillarmodel/src/MWBatchNormalizationLayer.cpp:3[m[K:
[01m[K/home/aiv/YongJun_ws/matlab/AutoL_LiDAR/src/deployedpointpillarmodel/include/deployedpointpillarmodel/MWCNNLayer.hpp:[m[K In member function ‘[01m[Kvoid MWCNNLayer::setInPlaceIndex(int, int)[m[K’:
[01m[K/home/aiv/YongJun_ws/matlab/AutoL_LiDAR/src/deployedpointpillarmodel/include/deployedpointpillarmodel/MWCNNLayer.hpp:89:38:[m[K [01;35m[Kwarning: [m[Kvariable ‘[01m[Kit[m[K’ set but not used [[01;35m[K-Wunused-but-set-variable[m[K]
   89 |         std::map<int, int>::iterator [01;35m[Kit[m[K = m_inPlaceIndexMap.find(outIdx);
      |                                      [01;35m[K^~[m[K
/home/aiv/YongJun_ws/matlab/AutoL_LiDAR/src/deployedpointpillarmodel/include/deployedpointpillarmodel/MWCNNLayer.hpp: In instantiation of ‘[01m[Kvoid MWCNNLayer::allocateOutputTensor(int, int, int, int, int, T*, const char*, int) [with T = float][m[K’:
[01m[K/home/aiv/YongJun_ws/matlab/AutoL_LiDAR/src/deployedpointpillarmodel/src/MWBatchNormalizationLayer.cpp:32:79:[m[K   required from here
[01m[K/home/aiv/YongJun_ws/matlab/AutoL_LiDAR/src/deployedpointpillarmodel/include/deployedpointpillarmodel/MWCNNLayer.hpp:209:44:[m[K [01;35m[Kwarning: [m[Kvariable ‘[01m[Kit[m[K’ set but not used [[01;35m[K-Wunused-but-set-variable[m[K]
  209 |     std::map<int, MWTensorBase*>::iterator [01;35m[Kit[m[K = m_output.find(index);
      |                                            [01;35m[K^~[m[K
In file included from [01m[K/home/aiv/YongJun_ws/matlab/AutoL_LiDAR/src/deployedpointpillarmodel/include/deployedpointpillarmodel/MWConvLayer.hpp:6[m[K,
                 from [01m[K/home/aiv/YongJun_ws/matlab/AutoL_LiDAR/src/deployedpointpillarmodel/src/MWConvLayer.cpp:3[m[K:
[01m[K/home/aiv/YongJun_ws/matlab/AutoL_LiDAR/src/deployedpointpillarmodel/include/deployedpointpillarmodel/MWCNNLayer.hpp:[m[K In member function ‘[01m[Kvoid MWCNNLayer::setInPlaceIndex(int, int)[m[K’:
[01m[K/home/aiv/YongJun_ws/matlab/AutoL_LiDAR/src/deployedpointpillarmodel/include/deployedpointpillarmodel/MWCNNLayer.hpp:89:38:[m[K [01;35m[Kwarning: [m[Kvariable ‘[01m[Kit[m[K’ set but not used [[01;35m[K-Wunused-but-set-variable[m[K]
   89 |         std::map<int, int>::iterator [01;35m[Kit[m[K = m_inPlaceIndexMap.find(outIdx);
      |                                      [01;35m[K^~[m[K
In file included from [01m[K/home/aiv/YongJun_ws/matlab/AutoL_LiDAR/src/deployedpointpillarmodel/include/deployedpointpillarmodel/MWMaxPoolingLayer.hpp:6[m[K,
                 from [01m[K/home/aiv/YongJun_ws/matlab/AutoL_LiDAR/src/deployedpointpillarmodel/src/MWMaxPoolingLayer.cpp:3[m[K:
[01m[K/home/aiv/YongJun_ws/matlab/AutoL_LiDAR/src/deployedpointpillarmodel/include/deployedpointpillarmodel/MWCNNLayer.hpp:[m[K In member function ‘[01m[Kvoid MWCNNLayer::setInPlaceIndex(int, int)[m[K’:
[01m[K/home/aiv/YongJun_ws/matlab/AutoL_LiDAR/src/deployedpointpillarmodel/include/deployedpointpillarmodel/MWCNNLayer.hpp:89:38:[m[K [01;35m[Kwarning: [m[Kvariable ‘[01m[Kit[m[K’ set but not used [[01;35m[K-Wunused-but-set-variable[m[K]
   89 |         std::map<int, int>::iterator [01;35m[Kit[m[K = m_inPlaceIndexMap.find(outIdx);
      |                                      [01;35m[K^~[m[K
/home/aiv/YongJun_ws/matlab/AutoL_LiDAR/src/deployedpointpillarmodel/include/deployedpointpillarmodel/MWCNNLayer.hpp: In instantiation of ‘[01m[Kvoid MWCNNLayer::allocateOutputTensor(int, int, int, int, int, T*, const char*, int) [with T = float][m[K’:
[01m[K/home/aiv/YongJun_ws/matlab/AutoL_LiDAR/src/deployedpointpillarmodel/src/MWConvLayer.cpp:61:70:[m[K   required from here
[01m[K/home/aiv/YongJun_ws/matlab/AutoL_LiDAR/src/deployedpointpillarmodel/include/deployedpointpillarmodel/MWCNNLayer.hpp:209:44:[m[K [01;35m[Kwarning: [m[Kvariable ‘[01m[Kit[m[K’ set but not used [[01;35m[K-Wunused-but-set-variable[m[K]
  209 |     std::map<int, MWTensorBase*>::iterator [01;35m[Kit[m[K = m_output.find(index);
      |                                            [01;35m[K^~[m[K
/home/aiv/YongJun_ws/matlab/AutoL_LiDAR/src/deployedpointpillarmodel/include/deployedpointpillarmodel/MWCNNLayer.hpp: In instantiation of ‘[01m[Kvoid MWCNNLayer::allocateOutputTensor(int, int, int, int, int, T*, const char*, int) [with T = signed char][m[K’:
[01m[K/home/aiv/YongJun_ws/matlab/AutoL_LiDAR/src/deployedpointpillarmodel/src/MWMaxPoolingLayer.cpp:101:13:[m[K   required from ‘[01m[Kvoid MWMaxPoolingLayer::createMaxPoolingLayer(MWTargetNetworkImplBase*, MWTensorBase*, int, int, int, int, int, int, int, int, bool, int, const char*, int, ...) [with T1 = signed char; T2 = signed char][m[K’
[01m[K/home/aiv/YongJun_ws/matlab/AutoL_LiDAR/src/deployedpointpillarmodel/src/MWMaxPoolingLayer.cpp:34:8:[m[K   required from here
[01m[K/home/aiv/YongJun_ws/matlab/AutoL_LiDAR/src/deployedpointpillarmodel/include/deployedpointpillarmodel/MWCNNLayer.hpp:209:44:[m[K [01;35m[Kwarning: [m[Kvariable ‘[01m[Kit[m[K’ set but not used [[01;35m[K-Wunused-but-set-variable[m[K]
  209 |     std::map<int, MWTensorBase*>::iterator [01;35m[Kit[m[K = m_output.find(index);
      |                                            [01;35m[K^~[m[K
/home/aiv/YongJun_ws/matlab/AutoL_LiDAR/src/deployedpointpillarmodel/include/deployedpointpillarmodel/MWCNNLayer.hpp: In instantiation of ‘[01m[Kvoid MWCNNLayer::allocateOutputTensor(int, int, int, int, int, T*, const char*, int) [with T = float][m[K’:
[01m[K/home/aiv/YongJun_ws/matlab/AutoL_LiDAR/src/deployedpointpillarmodel/src/MWMaxPoolingLayer.cpp:101:13:[m[K   required from ‘[01m[Kvoid MWMaxPoolingLayer::createMaxPoolingLayer(MWTargetNetworkImplBase*, MWTensorBase*, int, int, int, int, int, int, int, int, bool, int, const char*, int, ...) [with T1 = float; T2 = float][m[K’
[01m[K/home/aiv/YongJun_ws/matlab/AutoL_LiDAR/src/deployedpointpillarmodel/src/MWMaxPoolingLayer.cpp:50:73:[m[K   required from here
[01m[K/home/aiv/YongJun_ws/matlab/AutoL_LiDAR/src/deployedpointpillarmodel/include/deployedpointpillarmodel/MWCNNLayer.hpp:209:44:[m[K [01;35m[Kwarning: [m[Kvariable ‘[01m[Kit[m[K’ set but not used [[01;35m[K-Wunused-but-set-variable[m[K]
make[1]: *** [CMakeFiles/Makefile2:81: CMakeFiles/deployedPointPillarModel.dir/all] Error 2
make: *** [Makefile:144: all] Error 2
