[0.199s] Invoking command in '/home/yong/yolov8_ros/build/yolov8_msgs': CMAKE_PREFIX_PATH=${CMAKE_PREFIX_PATH}:/home/yong/yolov8_ros/install/yolov8_ros:/opt/ros/foxy /usr/bin/cmake --build /home/yong/yolov8_ros/build/yolov8_msgs -- -j8 -l8
[0.219s] -- Found ament_cmake: 0.9.12 (/opt/ros/foxy/share/ament_cmake/cmake)
[0.238s] -- Found PythonInterp: /usr/bin/python3 (found suitable version "3.8.10", minimum required is "3") 
[0.238s] -- Using PYTHON_EXECUTABLE: /usr/bin/python3
[0.396s] -- Override CMake install command with custom implementation using symlinks instead of copying resources
[0.401s] -- Found rosidl_default_generators: 1.0.1 (/opt/ros/foxy/share/rosidl_default_generators/cmake)
[0.402s] -- Using all available rosidl_typesupport_c: rosidl_typesupport_fastrtps_c;rosidl_typesupport_introspection_c
[0.405s] -- Found rosidl_adapter: 1.3.1 (/opt/ros/foxy/share/rosidl_adapter/cmake)
[0.500s] -- Using all available rosidl_typesupport_cpp: rosidl_typesupport_fastrtps_cpp;rosidl_typesupport_introspection_cpp
[0.518s] -- Found std_msgs: 2.0.5 (/opt/ros/foxy/share/std_msgs/cmake)
[0.541s] -- Found geometry_msgs: 2.0.5 (/opt/ros/foxy/share/geometry_msgs/cmake)
[0.587s] -- Found PythonInterp: /usr/bin/python3 (found version "3.8.10") 
[0.759s] -- Found ament_cmake_ros: 0.9.2 (/opt/ros/foxy/share/ament_cmake_ros/cmake)
[0.934s] -- Using all available rosidl_typesupport_c: rosidl_typesupport_fastrtps_c;rosidl_typesupport_introspection_c
[1.017s] -- Using all available rosidl_typesupport_cpp: rosidl_typesupport_fastrtps_cpp;rosidl_typesupport_introspection_cpp
[1.040s] -- Found PythonInterp: /usr/bin/python3 (found suitable version "3.8.10", minimum required is "3.5") 
[1.040s] -- Found python_cmake_module: 0.8.1 (/opt/ros/foxy/share/python_cmake_module/cmake)
[1.061s] -- Using PYTHON_EXECUTABLE: /usr/bin/python3
[1.061s] -- Using PYTHON_INCLUDE_DIRS: /usr/include/python3.8
[1.061s] -- Using PYTHON_LIBRARIES: /usr/lib/x86_64-linux-gnu/libpython3.8.so
[1.113s] -- Configuring done
[1.165s] -- Generating done
[1.167s] -- Build files have been written to: /home/yong/yolov8_ros/build/yolov8_msgs
[1.185s] [  1%] [34m[1mGenerating C code for ROS interfaces[0m
[1.192s] [  1%] [34m[1mGenerating C++ code for ROS interfaces[0m
[1.891s] [  1%] Built target yolov8_msgs__cpp
[1.903s] [  2%] [34m[1mGenerating C++ introspection for ROS interfaces[0m
[1.903s] [  2%] [34m[1mGenerating C++ type support for eProsima Fast-RTPS[0m
[1.904s] [  3%] [34m[1mGenerating C++ type support dispatch for ROS interfaces[0m
[1.952s] [35m[1mScanning dependencies of target yolov8_msgs__rosidl_generator_c[0m
[1.964s] [  6%] [32mBuilding C object CMakeFiles/yolov8_msgs__rosidl_generator_c.dir/rosidl_generator_c/yolov8_msgs/msg/detail/vector2__functions.c.o[0m
[1.964s] [  6%] [32mBuilding C object CMakeFiles/yolov8_msgs__rosidl_generator_c.dir/rosidl_generator_c/yolov8_msgs/msg/detail/bounding_box2_d__functions.c.o[0m
[1.964s] [  6%] [32mBuilding C object CMakeFiles/yolov8_msgs__rosidl_generator_c.dir/rosidl_generator_c/yolov8_msgs/msg/detail/point2_d__functions.c.o[0m
[1.964s] [  6%] [32mBuilding C object CMakeFiles/yolov8_msgs__rosidl_generator_c.dir/rosidl_generator_c/yolov8_msgs/msg/detail/pose2_d__functions.c.o[0m
[1.970s] [  7%] [32mBuilding C object CMakeFiles/yolov8_msgs__rosidl_generator_c.dir/rosidl_generator_c/yolov8_msgs/msg/detail/bounding_box3_d__functions.c.o[0m
[1.995s] [  9%] [32mBuilding C object CMakeFiles/yolov8_msgs__rosidl_generator_c.dir/rosidl_generator_c/yolov8_msgs/msg/detail/mask__functions.c.o[0m
[1.995s] [  9%] [32mBuilding C object CMakeFiles/yolov8_msgs__rosidl_generator_c.dir/rosidl_generator_c/yolov8_msgs/msg/detail/key_point2_d__functions.c.o[0m
[1.996s] [ 10%] [32mBuilding C object CMakeFiles/yolov8_msgs__rosidl_generator_c.dir/rosidl_generator_c/yolov8_msgs/msg/detail/key_point2_d_array__functions.c.o[0m
[2.000s] [ 11%] [32mBuilding C object CMakeFiles/yolov8_msgs__rosidl_generator_c.dir/rosidl_generator_c/yolov8_msgs/msg/detail/key_point3_d__functions.c.o[0m
[2.005s] [ 11%] [32mBuilding C object CMakeFiles/yolov8_msgs__rosidl_generator_c.dir/rosidl_generator_c/yolov8_msgs/msg/detail/key_point3_d_array__functions.c.o[0m
[2.028s] [ 13%] [32mBuilding C object CMakeFiles/yolov8_msgs__rosidl_generator_c.dir/rosidl_generator_c/yolov8_msgs/msg/detail/detection_array__functions.c.o[0m
[2.028s] [ 13%] [32mBuilding C object CMakeFiles/yolov8_msgs__rosidl_generator_c.dir/rosidl_generator_c/yolov8_msgs/msg/detail/detection__functions.c.o[0m
[2.065s] [ 14%] [32m[1mLinking C shared library libyolov8_msgs__rosidl_generator_c.so[0m
[2.092s] [ 14%] Built target yolov8_msgs__rosidl_generator_c
[2.100s] [ 15%] [34m[1mGenerating C type support dispatch for ROS interfaces[0m
[2.100s] [ 16%] [34m[1mGenerating C introspection for ROS interfaces[0m
[2.404s] [35m[1mScanning dependencies of target yolov8_msgs__rosidl_typesupport_cpp[0m
[2.415s] [ 20%] [32mBuilding CXX object CMakeFiles/yolov8_msgs__rosidl_typesupport_cpp.dir/rosidl_typesupport_cpp/yolov8_msgs/msg/point2_d__type_support.cpp.o[0m
[2.415s] [ 20%] [32mBuilding CXX object CMakeFiles/yolov8_msgs__rosidl_typesupport_cpp.dir/rosidl_typesupport_cpp/yolov8_msgs/msg/vector2__type_support.cpp.o[0m
[2.415s] [ 20%] [32mBuilding CXX object CMakeFiles/yolov8_msgs__rosidl_typesupport_cpp.dir/rosidl_typesupport_cpp/yolov8_msgs/msg/bounding_box2_d__type_support.cpp.o[0m
[2.415s] [ 20%] [32mBuilding CXX object CMakeFiles/yolov8_msgs__rosidl_typesupport_cpp.dir/rosidl_typesupport_cpp/yolov8_msgs/msg/pose2_d__type_support.cpp.o[0m
[2.595s] [35m[1mScanning dependencies of target yolov8_msgs__rosidl_typesupport_introspection_cpp[0m
[2.607s] [ 20%] [32mBuilding CXX object CMakeFiles/yolov8_msgs__rosidl_typesupport_introspection_cpp.dir/rosidl_typesupport_introspection_cpp/yolov8_msgs/msg/detail/point2_d__type_support.cpp.o[0m
[2.631s] [ 21%] [32mBuilding CXX object CMakeFiles/yolov8_msgs__rosidl_typesupport_cpp.dir/rosidl_typesupport_cpp/yolov8_msgs/msg/bounding_box3_d__type_support.cpp.o[0m
[2.631s] [ 21%] [32mBuilding CXX object CMakeFiles/yolov8_msgs__rosidl_typesupport_introspection_cpp.dir/rosidl_typesupport_introspection_cpp/yolov8_msgs/msg/detail/vector2__type_support.cpp.o[0m
[2.635s] [35m[1mScanning dependencies of target yolov8_msgs__rosidl_typesupport_c[0m
[2.636s] [ 22%] [32mBuilding CXX object CMakeFiles/yolov8_msgs__rosidl_typesupport_cpp.dir/rosidl_typesupport_cpp/yolov8_msgs/msg/mask__type_support.cpp.o[0m
[2.637s] [ 23%] [32mBuilding CXX object CMakeFiles/yolov8_msgs__rosidl_typesupport_cpp.dir/rosidl_typesupport_cpp/yolov8_msgs/msg/key_point2_d__type_support.cpp.o[0m
[2.645s] [ 24%] [32mBuilding CXX object CMakeFiles/yolov8_msgs__rosidl_typesupport_c.dir/rosidl_typesupport_c/yolov8_msgs/msg/point2_d__type_support.cpp.o[0m
[2.671s] [ 24%] [32mBuilding CXX object CMakeFiles/yolov8_msgs__rosidl_typesupport_c.dir/rosidl_typesupport_c/yolov8_msgs/msg/vector2__type_support.cpp.o[0m
[2.681s] [35m[1mScanning dependencies of target yolov8_msgs__rosidl_typesupport_fastrtps_cpp[0m
[2.692s] [ 25%] [32mBuilding CXX object CMakeFiles/yolov8_msgs__rosidl_typesupport_c.dir/rosidl_typesupport_c/yolov8_msgs/msg/pose2_d__type_support.cpp.o[0m
[2.695s] [ 26%] [32mBuilding CXX object CMakeFiles/yolov8_msgs__rosidl_typesupport_fastrtps_cpp.dir/rosidl_typesupport_fastrtps_cpp/yolov8_msgs/msg/detail/dds_fastrtps/point2_d__type_support.cpp.o[0m
[2.713s] [ 27%] [32mBuilding CXX object CMakeFiles/yolov8_msgs__rosidl_typesupport_c.dir/rosidl_typesupport_c/yolov8_msgs/msg/bounding_box2_d__type_support.cpp.o[0m
[2.734s] [ 28%] [32mBuilding CXX object CMakeFiles/yolov8_msgs__rosidl_typesupport_c.dir/rosidl_typesupport_c/yolov8_msgs/msg/bounding_box3_d__type_support.cpp.o[0m
[2.755s] [ 29%] [32mBuilding CXX object CMakeFiles/yolov8_msgs__rosidl_typesupport_c.dir/rosidl_typesupport_c/yolov8_msgs/msg/mask__type_support.cpp.o[0m
[2.776s] [ 30%] [32mBuilding CXX object CMakeFiles/yolov8_msgs__rosidl_typesupport_c.dir/rosidl_typesupport_c/yolov8_msgs/msg/key_point2_d__type_support.cpp.o[0m
[2.797s] [ 30%] [32mBuilding CXX object CMakeFiles/yolov8_msgs__rosidl_typesupport_c.dir/rosidl_typesupport_c/yolov8_msgs/msg/key_point2_d_array__type_support.cpp.o[0m
[2.818s] [ 32%] [32mBuilding CXX object CMakeFiles/yolov8_msgs__rosidl_typesupport_c.dir/rosidl_typesupport_c/yolov8_msgs/msg/key_point3_d_array__type_support.cpp.o[0m
[2.818s] [ 32%] [32mBuilding CXX object CMakeFiles/yolov8_msgs__rosidl_typesupport_c.dir/rosidl_typesupport_c/yolov8_msgs/msg/key_point3_d__type_support.cpp.o[0m
[2.840s] [ 33%] [32mBuilding CXX object CMakeFiles/yolov8_msgs__rosidl_typesupport_fastrtps_cpp.dir/rosidl_typesupport_fastrtps_cpp/yolov8_msgs/msg/detail/dds_fastrtps/vector2__type_support.cpp.o[0m
[2.841s] [ 34%] [32mBuilding CXX object CMakeFiles/yolov8_msgs__rosidl_typesupport_c.dir/rosidl_typesupport_c/yolov8_msgs/msg/detection__type_support.cpp.o[0m
[2.841s] [35m[1mScanning dependencies of target yolov8_msgs__rosidl_typesupport_introspection_c[0m
[2.842s] [ 35%] [32mBuilding CXX object CMakeFiles/yolov8_msgs__rosidl_typesupport_introspection_cpp.dir/rosidl_typesupport_introspection_cpp/yolov8_msgs/msg/detail/pose2_d__type_support.cpp.o[0m
[2.842s] [ 36%] [32mBuilding CXX object CMakeFiles/yolov8_msgs__rosidl_typesupport_cpp.dir/rosidl_typesupport_cpp/yolov8_msgs/msg/key_point2_d_array__type_support.cpp.o[0m
[2.843s] [ 37%] [32mBuilding CXX object CMakeFiles/yolov8_msgs__rosidl_typesupport_introspection_cpp.dir/rosidl_typesupport_introspection_cpp/yolov8_msgs/msg/detail/bounding_box2_d__type_support.cpp.o[0m
[2.855s] [ 38%] [32mBuilding C object CMakeFiles/yolov8_msgs__rosidl_typesupport_introspection_c.dir/rosidl_typesupport_introspection_c/yolov8_msgs/msg/detail/point2_d__type_support.c.o[0m
[2.858s] [ 39%] [32mBuilding CXX object CMakeFiles/yolov8_msgs__rosidl_typesupport_introspection_cpp.dir/rosidl_typesupport_introspection_cpp/yolov8_msgs/msg/detail/bounding_box3_d__type_support.cpp.o[0m
[2.864s] [ 40%] [32mBuilding CXX object CMakeFiles/yolov8_msgs__rosidl_typesupport_c.dir/rosidl_typesupport_c/yolov8_msgs/msg/detection_array__type_support.cpp.o[0m
[2.887s] [ 41%] [32m[1mLinking CXX shared library libyolov8_msgs__rosidl_typesupport_c.so[0m
[2.891s] [ 42%] [32mBuilding C object CMakeFiles/yolov8_msgs__rosidl_typesupport_introspection_c.dir/rosidl_typesupport_introspection_c/yolov8_msgs/msg/detail/vector2__type_support.c.o[0m
[2.915s] [ 43%] [32mBuilding C object CMakeFiles/yolov8_msgs__rosidl_typesupport_introspection_c.dir/rosidl_typesupport_introspection_c/yolov8_msgs/msg/detail/pose2_d__type_support.c.o[0m
[2.933s] [ 43%] Built target yolov8_msgs__rosidl_typesupport_c
[2.939s] [ 44%] [32mBuilding C object CMakeFiles/yolov8_msgs__rosidl_typesupport_introspection_c.dir/rosidl_typesupport_introspection_c/yolov8_msgs/msg/detail/bounding_box3_d__type_support.c.o[0m
[2.940s] [ 44%] [32mBuilding C object CMakeFiles/yolov8_msgs__rosidl_typesupport_introspection_c.dir/rosidl_typesupport_introspection_c/yolov8_msgs/msg/detail/bounding_box2_d__type_support.c.o[0m
[2.962s] [ 46%] [32mBuilding C object CMakeFiles/yolov8_msgs__rosidl_typesupport_introspection_c.dir/rosidl_typesupport_introspection_c/yolov8_msgs/msg/detail/mask__type_support.c.o[0m
[2.962s] [ 46%] [32mBuilding C object CMakeFiles/yolov8_msgs__rosidl_typesupport_introspection_c.dir/rosidl_typesupport_introspection_c/yolov8_msgs/msg/detail/key_point2_d__type_support.c.o[0m
[2.985s] [ 47%] [32mBuilding C object CMakeFiles/yolov8_msgs__rosidl_typesupport_introspection_c.dir/rosidl_typesupport_introspection_c/yolov8_msgs/msg/detail/key_point2_d_array__type_support.c.o[0m
[2.985s] [ 48%] [32mBuilding C object CMakeFiles/yolov8_msgs__rosidl_typesupport_introspection_c.dir/rosidl_typesupport_introspection_c/yolov8_msgs/msg/detail/key_point3_d__type_support.c.o[0m
[3.003s] [ 49%] [32mBuilding CXX object CMakeFiles/yolov8_msgs__rosidl_typesupport_fastrtps_cpp.dir/rosidl_typesupport_fastrtps_cpp/yolov8_msgs/msg/detail/dds_fastrtps/pose2_d__type_support.cpp.o[0m
[3.009s] [ 50%] [32mBuilding C object CMakeFiles/yolov8_msgs__rosidl_typesupport_introspection_c.dir/rosidl_typesupport_introspection_c/yolov8_msgs/msg/detail/key_point3_d_array__type_support.c.o[0m
[3.012s] [ 50%] [32mBuilding C object CMakeFiles/yolov8_msgs__rosidl_typesupport_introspection_c.dir/rosidl_typesupport_introspection_c/yolov8_msgs/msg/detail/detection__type_support.c.o[0m
[3.036s] [ 51%] [32mBuilding CXX object CMakeFiles/yolov8_msgs__rosidl_typesupport_fastrtps_cpp.dir/rosidl_typesupport_fastrtps_cpp/yolov8_msgs/msg/detail/dds_fastrtps/bounding_box2_d__type_support.cpp.o[0m
[3.039s] [ 52%] [32mBuilding C object CMakeFiles/yolov8_msgs__rosidl_typesupport_introspection_c.dir/rosidl_typesupport_introspection_c/yolov8_msgs/msg/detail/detection_array__type_support.c.o[0m
[3.051s] [ 53%] [32mBuilding CXX object CMakeFiles/yolov8_msgs__rosidl_typesupport_fastrtps_cpp.dir/rosidl_typesupport_fastrtps_cpp/yolov8_msgs/msg/detail/dds_fastrtps/bounding_box3_d__type_support.cpp.o[0m
[3.054s] [ 54%] [32mBuilding CXX object CMakeFiles/yolov8_msgs__rosidl_typesupport_introspection_cpp.dir/rosidl_typesupport_introspection_cpp/yolov8_msgs/msg/detail/mask__type_support.cpp.o[0m
[3.061s] [ 55%] [32mBuilding CXX object CMakeFiles/yolov8_msgs__rosidl_typesupport_cpp.dir/rosidl_typesupport_cpp/yolov8_msgs/msg/key_point3_d__type_support.cpp.o[0m
[3.066s] [ 56%] [32m[1mLinking C shared library libyolov8_msgs__rosidl_typesupport_introspection_c.so[0m
[3.073s] [ 56%] [32mBuilding CXX object CMakeFiles/yolov8_msgs__rosidl_typesupport_introspection_cpp.dir/rosidl_typesupport_introspection_cpp/yolov8_msgs/msg/detail/key_point2_d__type_support.cpp.o[0m
[3.094s] [ 56%] Built target yolov8_msgs__rosidl_typesupport_introspection_c
[3.100s] [ 57%] [32mBuilding CXX object CMakeFiles/yolov8_msgs__rosidl_typesupport_introspection_cpp.dir/rosidl_typesupport_introspection_cpp/yolov8_msgs/msg/detail/key_point2_d_array__type_support.cpp.o[0m
[3.154s] [ 57%] [32mBuilding CXX object CMakeFiles/yolov8_msgs__rosidl_typesupport_fastrtps_cpp.dir/rosidl_typesupport_fastrtps_cpp/yolov8_msgs/msg/detail/dds_fastrtps/mask__type_support.cpp.o[0m
[3.276s] [ 58%] [32mBuilding CXX object CMakeFiles/yolov8_msgs__rosidl_typesupport_cpp.dir/rosidl_typesupport_cpp/yolov8_msgs/msg/key_point3_d_array__type_support.cpp.o[0m
[3.279s] [ 59%] [32mBuilding CXX object CMakeFiles/yolov8_msgs__rosidl_typesupport_introspection_cpp.dir/rosidl_typesupport_introspection_cpp/yolov8_msgs/msg/detail/key_point3_d__type_support.cpp.o[0m
[3.295s] [ 59%] [32mBuilding CXX object CMakeFiles/yolov8_msgs__rosidl_typesupport_cpp.dir/rosidl_typesupport_cpp/yolov8_msgs/msg/detection__type_support.cpp.o[0m
[3.307s] [ 60%] [32mBuilding CXX object CMakeFiles/yolov8_msgs__rosidl_typesupport_fastrtps_cpp.dir/rosidl_typesupport_fastrtps_cpp/yolov8_msgs/msg/detail/dds_fastrtps/key_point2_d__type_support.cpp.o[0m
[3.343s] [ 61%] [32mBuilding CXX object CMakeFiles/yolov8_msgs__rosidl_typesupport_introspection_cpp.dir/rosidl_typesupport_introspection_cpp/yolov8_msgs/msg/detail/key_point3_d_array__type_support.cpp.o[0m
[3.358s] [ 62%] [32mBuilding CXX object CMakeFiles/yolov8_msgs__rosidl_typesupport_fastrtps_cpp.dir/rosidl_typesupport_fastrtps_cpp/yolov8_msgs/msg/detail/dds_fastrtps/key_point2_d_array__type_support.cpp.o[0m
[3.361s] [ 63%] [32mBuilding CXX object CMakeFiles/yolov8_msgs__rosidl_typesupport_fastrtps_cpp.dir/rosidl_typesupport_fastrtps_cpp/yolov8_msgs/msg/detail/dds_fastrtps/key_point3_d__type_support.cpp.o[0m
[3.481s] [ 64%] [32mBuilding CXX object CMakeFiles/yolov8_msgs__rosidl_typesupport_cpp.dir/rosidl_typesupport_cpp/yolov8_msgs/msg/detection_array__type_support.cpp.o[0m
[3.495s] [ 65%] [32mBuilding CXX object CMakeFiles/yolov8_msgs__rosidl_typesupport_introspection_cpp.dir/rosidl_typesupport_introspection_cpp/yolov8_msgs/msg/detail/detection__type_support.cpp.o[0m
[3.501s] [ 66%] [32mBuilding CXX object CMakeFiles/yolov8_msgs__rosidl_typesupport_fastrtps_cpp.dir/rosidl_typesupport_fastrtps_cpp/yolov8_msgs/msg/detail/dds_fastrtps/key_point3_d_array__type_support.cpp.o[0m
[3.506s] [ 67%] [32mBuilding CXX object CMakeFiles/yolov8_msgs__rosidl_typesupport_fastrtps_cpp.dir/rosidl_typesupport_fastrtps_cpp/yolov8_msgs/msg/detail/dds_fastrtps/detection__type_support.cpp.o[0m
[3.590s] [ 68%] [32mBuilding CXX object CMakeFiles/yolov8_msgs__rosidl_typesupport_introspection_cpp.dir/rosidl_typesupport_introspection_cpp/yolov8_msgs/msg/detail/detection_array__type_support.cpp.o[0m
[3.615s] [ 68%] [32mBuilding CXX object CMakeFiles/yolov8_msgs__rosidl_typesupport_fastrtps_cpp.dir/rosidl_typesupport_fastrtps_cpp/yolov8_msgs/msg/detail/dds_fastrtps/detection_array__type_support.cpp.o[0m
[3.694s] [ 69%] [32m[1mLinking CXX shared library libyolov8_msgs__rosidl_typesupport_cpp.so[0m
[3.726s] [ 69%] Built target yolov8_msgs__rosidl_typesupport_cpp
[3.882s] [ 70%] [32m[1mLinking CXX shared library libyolov8_msgs__rosidl_typesupport_introspection_cpp.so[0m
[3.937s] [ 70%] Built target yolov8_msgs__rosidl_typesupport_introspection_cpp
[3.991s] [ 71%] [32m[1mLinking CXX shared library libyolov8_msgs__rosidl_typesupport_fastrtps_cpp.so[0m
[4.054s] [ 71%] Built target yolov8_msgs__rosidl_typesupport_fastrtps_cpp
[4.062s] [ 72%] [34m[1mGenerating C type support for eProsima Fast-RTPS[0m
[4.656s] [35m[1mScanning dependencies of target yolov8_msgs__rosidl_typesupport_fastrtps_c[0m
[4.672s] [ 73%] [32mBuilding CXX object CMakeFiles/yolov8_msgs__rosidl_typesupport_fastrtps_c.dir/rosidl_typesupport_fastrtps_c/yolov8_msgs/msg/detail/pose2_d__type_support_c.cpp.o[0m
[4.672s] [ 74%] [32mBuilding CXX object CMakeFiles/yolov8_msgs__rosidl_typesupport_fastrtps_c.dir/rosidl_typesupport_fastrtps_c/yolov8_msgs/msg/detail/point2_d__type_support_c.cpp.o[0m
[4.673s] [ 75%] [32mBuilding CXX object CMakeFiles/yolov8_msgs__rosidl_typesupport_fastrtps_c.dir/rosidl_typesupport_fastrtps_c/yolov8_msgs/msg/detail/vector2__type_support_c.cpp.o[0m
[4.673s] [ 75%] [32mBuilding CXX object CMakeFiles/yolov8_msgs__rosidl_typesupport_fastrtps_c.dir/rosidl_typesupport_fastrtps_c/yolov8_msgs/msg/detail/bounding_box2_d__type_support_c.cpp.o[0m
[4.673s] [ 76%] [32mBuilding CXX object CMakeFiles/yolov8_msgs__rosidl_typesupport_fastrtps_c.dir/rosidl_typesupport_fastrtps_c/yolov8_msgs/msg/detail/bounding_box3_d__type_support_c.cpp.o[0m
[4.673s] [ 77%] [32mBuilding CXX object CMakeFiles/yolov8_msgs__rosidl_typesupport_fastrtps_c.dir/rosidl_typesupport_fastrtps_c/yolov8_msgs/msg/detail/mask__type_support_c.cpp.o[0m
[4.673s] [ 79%] [32mBuilding CXX object CMakeFiles/yolov8_msgs__rosidl_typesupport_fastrtps_c.dir/rosidl_typesupport_fastrtps_c/yolov8_msgs/msg/detail/key_point2_d_array__type_support_c.cpp.o[0m
[4.673s] [ 79%] [32mBuilding CXX object CMakeFiles/yolov8_msgs__rosidl_typesupport_fastrtps_c.dir/rosidl_typesupport_fastrtps_c/yolov8_msgs/msg/detail/key_point2_d__type_support_c.cpp.o[0m
[4.927s] [ 79%] [32mBuilding CXX object CMakeFiles/yolov8_msgs__rosidl_typesupport_fastrtps_c.dir/rosidl_typesupport_fastrtps_c/yolov8_msgs/msg/detail/key_point3_d__type_support_c.cpp.o[0m
[4.927s] [ 80%] [32mBuilding CXX object CMakeFiles/yolov8_msgs__rosidl_typesupport_fastrtps_c.dir/rosidl_typesupport_fastrtps_c/yolov8_msgs/msg/detail/key_point3_d_array__type_support_c.cpp.o[0m
[4.929s] [ 82%] [32mBuilding CXX object CMakeFiles/yolov8_msgs__rosidl_typesupport_fastrtps_c.dir/rosidl_typesupport_fastrtps_c/yolov8_msgs/msg/detail/detection__type_support_c.cpp.o[0m
[4.929s] [ 82%] [32mBuilding CXX object CMakeFiles/yolov8_msgs__rosidl_typesupport_fastrtps_c.dir/rosidl_typesupport_fastrtps_c/yolov8_msgs/msg/detail/detection_array__type_support_c.cpp.o[0m
[5.187s] [ 83%] [32m[1mLinking CXX shared library libyolov8_msgs__rosidl_typesupport_fastrtps_c.so[0m
[5.246s] [ 83%] Built target yolov8_msgs__rosidl_typesupport_fastrtps_c
[5.259s] [ 83%] Built target yolov8_msgs
[5.273s] [ 84%] [34m[1mGenerating Python code for ROS interfaces[0m
[6.496s] [ 84%] Built target yolov8_msgs__py
[6.505s] [35m[1mScanning dependencies of target yolov8_msgs__python[0m
[6.527s] [ 88%] [32mBuilding C object CMakeFiles/yolov8_msgs__python.dir/rosidl_generator_py/yolov8_msgs/msg/_point2_d_s.c.o[0m
[6.527s] [ 88%] [32mBuilding C object CMakeFiles/yolov8_msgs__python.dir/rosidl_generator_py/yolov8_msgs/msg/_vector2_s.c.o[0m
[6.527s] [ 88%] [32mBuilding C object CMakeFiles/yolov8_msgs__python.dir/rosidl_generator_py/yolov8_msgs/msg/_bounding_box2_d_s.c.o[0m
[6.527s] [ 89%] [32mBuilding C object CMakeFiles/yolov8_msgs__python.dir/rosidl_generator_py/yolov8_msgs/msg/_mask_s.c.o[0m
[6.527s] [ 88%] [32mBuilding C object CMakeFiles/yolov8_msgs__python.dir/rosidl_generator_py/yolov8_msgs/msg/_pose2_d_s.c.o[0m
[6.528s] [ 90%] [32mBuilding C object CMakeFiles/yolov8_msgs__python.dir/rosidl_generator_py/yolov8_msgs/msg/_key_point2_d_array_s.c.o[0m
[6.530s] [ 90%] [32mBuilding C object CMakeFiles/yolov8_msgs__python.dir/rosidl_generator_py/yolov8_msgs/msg/_bounding_box3_d_s.c.o[0m
[6.533s] [ 91%] [32mBuilding C object CMakeFiles/yolov8_msgs__python.dir/rosidl_generator_py/yolov8_msgs/msg/_key_point2_d_s.c.o[0m
[6.588s] [ 93%] [32mBuilding C object CMakeFiles/yolov8_msgs__python.dir/rosidl_generator_py/yolov8_msgs/msg/_key_point3_d_array_s.c.o[0m
[6.588s] [ 93%] [32mBuilding C object CMakeFiles/yolov8_msgs__python.dir/rosidl_generator_py/yolov8_msgs/msg/_key_point3_d_s.c.o[0m
[6.591s] [ 93%] [32mBuilding C object CMakeFiles/yolov8_msgs__python.dir/rosidl_generator_py/yolov8_msgs/msg/_detection_s.c.o[0m
[6.595s] [ 94%] [32mBuilding C object CMakeFiles/yolov8_msgs__python.dir/rosidl_generator_py/yolov8_msgs/msg/_detection_array_s.c.o[0m
[6.658s] [ 95%] [32m[1mLinking C shared library rosidl_generator_py/yolov8_msgs/libyolov8_msgs__python.so[0m
[6.690s] [ 95%] Built target yolov8_msgs__python
[6.697s] [35m[1mScanning dependencies of target yolov8_msgs__rosidl_typesupport_introspection_c__pyext[0m
[6.697s] [35m[1mScanning dependencies of target yolov8_msgs__rosidl_typesupport_c__pyext[0m
[6.697s] [35m[1mScanning dependencies of target yolov8_msgs__rosidl_typesupport_fastrtps_c__pyext[0m
[6.708s] [ 96%] [32mBuilding C object CMakeFiles/yolov8_msgs__rosidl_typesupport_introspection_c__pyext.dir/rosidl_generator_py/yolov8_msgs/_yolov8_msgs_s.ep.rosidl_typesupport_introspection_c.c.o[0m
[6.708s] [ 96%] [32mBuilding C object CMakeFiles/yolov8_msgs__rosidl_typesupport_c__pyext.dir/rosidl_generator_py/yolov8_msgs/_yolov8_msgs_s.ep.rosidl_typesupport_c.c.o[0m
[6.709s] [ 97%] [32mBuilding C object CMakeFiles/yolov8_msgs__rosidl_typesupport_fastrtps_c__pyext.dir/rosidl_generator_py/yolov8_msgs/_yolov8_msgs_s.ep.rosidl_typesupport_fastrtps_c.c.o[0m
[6.786s] [ 99%] [32m[1mLinking CXX shared library rosidl_generator_py/yolov8_msgs/yolov8_msgs_s__rosidl_typesupport_fastrtps_c.cpython-38-x86_64-linux-gnu.so[0m
[6.787s] [ 99%] [32m[1mLinking C shared library rosidl_generator_py/yolov8_msgs/yolov8_msgs_s__rosidl_typesupport_introspection_c.cpython-38-x86_64-linux-gnu.so[0m
[6.787s] [100%] [32m[1mLinking C shared library rosidl_generator_py/yolov8_msgs/yolov8_msgs_s__rosidl_typesupport_c.cpython-38-x86_64-linux-gnu.so[0m
[6.814s] [100%] Built target yolov8_msgs__rosidl_typesupport_c__pyext
[6.814s] [100%] Built target yolov8_msgs__rosidl_typesupport_introspection_c__pyext
[6.834s] [100%] Built target yolov8_msgs__rosidl_typesupport_fastrtps_c__pyext
[6.843s] Invoked command in '/home/yong/yolov8_ros/build/yolov8_msgs' returned '0': CMAKE_PREFIX_PATH=${CMAKE_PREFIX_PATH}:/home/yong/yolov8_ros/install/yolov8_ros:/opt/ros/foxy /usr/bin/cmake --build /home/yong/yolov8_ros/build/yolov8_msgs -- -j8 -l8
[6.946s] Invoking command in '/home/yong/yolov8_ros/build/yolov8_msgs': CMAKE_PREFIX_PATH=${CMAKE_PREFIX_PATH}:/home/yong/yolov8_ros/install/yolov8_ros:/opt/ros/foxy /usr/bin/cmake --install /home/yong/yolov8_ros/build/yolov8_msgs
[6.951s] -- Install configuration: ""
[6.952s] -- Execute custom install script
[6.952s] -- Up-to-date symlink: /home/yong/yolov8_ros/install/yolov8_msgs/share/ament_index/resource_index/rosidl_interfaces/yolov8_msgs
[6.953s] -- Up-to-date symlink: /home/yong/yolov8_ros/install/yolov8_msgs/include/yolov8_msgs/msg/bounding_box2_d.h
[6.953s] -- Up-to-date symlink: /home/yong/yolov8_ros/install/yolov8_msgs/include/yolov8_msgs/msg/bounding_box3_d.h
[6.953s] -- Up-to-date symlink: /home/yong/yolov8_ros/install/yolov8_msgs/include/yolov8_msgs/msg/detail/bounding_box2_d__functions.h
[6.953s] -- Up-to-date symlink: /home/yong/yolov8_ros/install/yolov8_msgs/include/yolov8_msgs/msg/detail/bounding_box2_d__struct.h
[6.953s] -- Up-to-date symlink: /home/yong/yolov8_ros/install/yolov8_msgs/include/yolov8_msgs/msg/detail/bounding_box2_d__type_support.h
[6.953s] -- Up-to-date symlink: /home/yong/yolov8_ros/install/yolov8_msgs/include/yolov8_msgs/msg/detail/bounding_box3_d__functions.h
[6.953s] -- Up-to-date symlink: /home/yong/yolov8_ros/install/yolov8_msgs/include/yolov8_msgs/msg/detail/bounding_box3_d__struct.h
[6.954s] -- Up-to-date symlink: /home/yong/yolov8_ros/install/yolov8_msgs/include/yolov8_msgs/msg/detail/bounding_box3_d__type_support.h
[6.954s] -- Up-to-date symlink: /home/yong/yolov8_ros/install/yolov8_msgs/include/yolov8_msgs/msg/detail/detection__functions.h
[6.954s] -- Up-to-date symlink: /home/yong/yolov8_ros/install/yolov8_msgs/include/yolov8_msgs/msg/detail/detection__struct.h
[6.954s] -- Up-to-date symlink: /home/yong/yolov8_ros/install/yolov8_msgs/include/yolov8_msgs/msg/detail/detection__type_support.h
[6.954s] -- Up-to-date symlink: /home/yong/yolov8_ros/install/yolov8_msgs/include/yolov8_msgs/msg/detail/detection_array__functions.h
[6.954s] -- Up-to-date symlink: /home/yong/yolov8_ros/install/yolov8_msgs/include/yolov8_msgs/msg/detail/detection_array__struct.h
[6.954s] -- Up-to-date symlink: /home/yong/yolov8_ros/install/yolov8_msgs/include/yolov8_msgs/msg/detail/detection_array__type_support.h
[6.954s] -- Up-to-date symlink: /home/yong/yolov8_ros/install/yolov8_msgs/include/yolov8_msgs/msg/detail/key_point2_d__functions.h
[6.954s] -- Up-to-date symlink: /home/yong/yolov8_ros/install/yolov8_msgs/include/yolov8_msgs/msg/detail/key_point2_d__struct.h
[6.954s] -- Up-to-date symlink: /home/yong/yolov8_ros/install/yolov8_msgs/include/yolov8_msgs/msg/detail/key_point2_d__type_support.h
[6.954s] -- Up-to-date symlink: /home/yong/yolov8_ros/install/yolov8_msgs/include/yolov8_msgs/msg/detail/key_point2_d_array__functions.h
[6.954s] -- Up-to-date symlink: /home/yong/yolov8_ros/install/yolov8_msgs/include/yolov8_msgs/msg/detail/key_point2_d_array__struct.h
[6.955s] -- Up-to-date symlink: /home/yong/yolov8_ros/install/yolov8_msgs/include/yolov8_msgs/msg/detail/key_point2_d_array__type_support.h
[6.955s] -- Up-to-date symlink: /home/yong/yolov8_ros/install/yolov8_msgs/include/yolov8_msgs/msg/detail/key_point3_d__functions.h
[6.955s] -- Up-to-date symlink: /home/yong/yolov8_ros/install/yolov8_msgs/include/yolov8_msgs/msg/detail/key_point3_d__struct.h
[6.955s] -- Up-to-date symlink: /home/yong/yolov8_ros/install/yolov8_msgs/include/yolov8_msgs/msg/detail/key_point3_d__type_support.h
[6.955s] -- Up-to-date symlink: /home/yong/yolov8_ros/install/yolov8_msgs/include/yolov8_msgs/msg/detail/key_point3_d_array__functions.h
[6.955s] -- Up-to-date symlink: /home/yong/yolov8_ros/install/yolov8_msgs/include/yolov8_msgs/msg/detail/key_point3_d_array__struct.h
[6.955s] -- Up-to-date symlink: /home/yong/yolov8_ros/install/yolov8_msgs/include/yolov8_msgs/msg/detail/key_point3_d_array__type_support.h
[6.955s] -- Up-to-date symlink: /home/yong/yolov8_ros/install/yolov8_msgs/include/yolov8_msgs/msg/detail/mask__functions.h
[6.955s] -- Up-to-date symlink: /home/yong/yolov8_ros/install/yolov8_msgs/include/yolov8_msgs/msg/detail/mask__struct.h
[6.955s] -- Up-to-date symlink: /home/yong/yolov8_ros/install/yolov8_msgs/include/yolov8_msgs/msg/detail/mask__type_support.h
[6.956s] -- Up-to-date symlink: /home/yong/yolov8_ros/install/yolov8_msgs/include/yolov8_msgs/msg/detail/point2_d__functions.h
[6.956s] -- Up-to-date symlink: /home/yong/yolov8_ros/install/yolov8_msgs/include/yolov8_msgs/msg/detail/point2_d__struct.h
[6.956s] -- Up-to-date symlink: /home/yong/yolov8_ros/install/yolov8_msgs/include/yolov8_msgs/msg/detail/point2_d__type_support.h
[6.956s] -- Up-to-date symlink: /home/yong/yolov8_ros/install/yolov8_msgs/include/yolov8_msgs/msg/detail/pose2_d__functions.h
[6.956s] -- Up-to-date symlink: /home/yong/yolov8_ros/install/yolov8_msgs/include/yolov8_msgs/msg/detail/pose2_d__struct.h
[6.956s] -- Up-to-date symlink: /home/yong/yolov8_ros/install/yolov8_msgs/include/yolov8_msgs/msg/detail/pose2_d__type_support.h
[6.956s] -- Up-to-date symlink: /home/yong/yolov8_ros/install/yolov8_msgs/include/yolov8_msgs/msg/detail/vector2__functions.h
[6.956s] -- Up-to-date symlink: /home/yong/yolov8_ros/install/yolov8_msgs/include/yolov8_msgs/msg/detail/vector2__struct.h
[6.956s] -- Up-to-date symlink: /home/yong/yolov8_ros/install/yolov8_msgs/include/yolov8_msgs/msg/detail/vector2__type_support.h
[6.956s] -- Up-to-date symlink: /home/yong/yolov8_ros/install/yolov8_msgs/include/yolov8_msgs/msg/detection.h
[6.957s] -- Up-to-date symlink: /home/yong/yolov8_ros/install/yolov8_msgs/include/yolov8_msgs/msg/detection_array.h
[6.957s] -- Up-to-date symlink: /home/yong/yolov8_ros/install/yolov8_msgs/include/yolov8_msgs/msg/key_point2_d.h
[6.957s] -- Up-to-date symlink: /home/yong/yolov8_ros/install/yolov8_msgs/include/yolov8_msgs/msg/key_point2_d_array.h
[6.957s] -- Up-to-date symlink: /home/yong/yolov8_ros/install/yolov8_msgs/include/yolov8_msgs/msg/key_point3_d.h
[6.957s] -- Up-to-date symlink: /home/yong/yolov8_ros/install/yolov8_msgs/include/yolov8_msgs/msg/key_point3_d_array.h
[6.957s] -- Up-to-date symlink: /home/yong/yolov8_ros/install/yolov8_msgs/include/yolov8_msgs/msg/mask.h
[6.957s] -- Up-to-date symlink: /home/yong/yolov8_ros/install/yolov8_msgs/include/yolov8_msgs/msg/point2_d.h
[6.957s] -- Up-to-date symlink: /home/yong/yolov8_ros/install/yolov8_msgs/include/yolov8_msgs/msg/pose2_d.h
[6.957s] -- Up-to-date symlink: /home/yong/yolov8_ros/install/yolov8_msgs/include/yolov8_msgs/msg/rosidl_generator_c__visibility_control.h
[6.958s] -- Up-to-date symlink: /home/yong/yolov8_ros/install/yolov8_msgs/include/yolov8_msgs/msg/vector2.h
[6.958s] -- Up-to-date symlink: /home/yong/yolov8_ros/install/yolov8_msgs/share/yolov8_msgs/environment/library_path.sh
[6.958s] -- Up-to-date symlink: /home/yong/yolov8_ros/install/yolov8_msgs/share/yolov8_msgs/environment/library_path.dsv
[6.959s] -- Up-to-date symlink: /home/yong/yolov8_ros/install/yolov8_msgs/include/yolov8_msgs/msg/detail/bounding_box2_d__rosidl_typesupport_fastrtps_c.h
[6.959s] -- Up-to-date symlink: /home/yong/yolov8_ros/install/yolov8_msgs/include/yolov8_msgs/msg/detail/bounding_box3_d__rosidl_typesupport_fastrtps_c.h
[6.959s] -- Up-to-date symlink: /home/yong/yolov8_ros/install/yolov8_msgs/include/yolov8_msgs/msg/detail/detection__rosidl_typesupport_fastrtps_c.h
[6.959s] -- Up-to-date symlink: /home/yong/yolov8_ros/install/yolov8_msgs/include/yolov8_msgs/msg/detail/detection_array__rosidl_typesupport_fastrtps_c.h
[6.959s] -- Up-to-date symlink: /home/yong/yolov8_ros/install/yolov8_msgs/include/yolov8_msgs/msg/detail/key_point2_d__rosidl_typesupport_fastrtps_c.h
[6.959s] -- Up-to-date symlink: /home/yong/yolov8_ros/install/yolov8_msgs/include/yolov8_msgs/msg/detail/key_point2_d_array__rosidl_typesupport_fastrtps_c.h
[6.959s] -- Up-to-date symlink: /home/yong/yolov8_ros/install/yolov8_msgs/include/yolov8_msgs/msg/detail/key_point3_d__rosidl_typesupport_fastrtps_c.h
[6.959s] -- Up-to-date symlink: /home/yong/yolov8_ros/install/yolov8_msgs/include/yolov8_msgs/msg/detail/key_point3_d_array__rosidl_typesupport_fastrtps_c.h
[6.959s] -- Up-to-date symlink: /home/yong/yolov8_ros/install/yolov8_msgs/include/yolov8_msgs/msg/detail/mask__rosidl_typesupport_fastrtps_c.h
[6.959s] -- Up-to-date symlink: /home/yong/yolov8_ros/install/yolov8_msgs/include/yolov8_msgs/msg/detail/point2_d__rosidl_typesupport_fastrtps_c.h
[6.960s] -- Up-to-date symlink: /home/yong/yolov8_ros/install/yolov8_msgs/include/yolov8_msgs/msg/detail/pose2_d__rosidl_typesupport_fastrtps_c.h
[6.960s] -- Up-to-date symlink: /home/yong/yolov8_ros/install/yolov8_msgs/include/yolov8_msgs/msg/detail/vector2__rosidl_typesupport_fastrtps_c.h
[6.960s] -- Up-to-date symlink: /home/yong/yolov8_ros/install/yolov8_msgs/include/yolov8_msgs/msg/rosidl_typesupport_fastrtps_c__visibility_control.h
[6.960s] -- Up-to-date symlink: /home/yong/yolov8_ros/install/yolov8_msgs/lib/libyolov8_msgs__rosidl_typesupport_fastrtps_c.so
[6.961s] -- Up-to-date symlink: /home/yong/yolov8_ros/install/yolov8_msgs/include/yolov8_msgs/msg/detail/bounding_box2_d__rosidl_typesupport_fastrtps_cpp.hpp
[6.961s] -- Up-to-date symlink: /home/yong/yolov8_ros/install/yolov8_msgs/include/yolov8_msgs/msg/detail/bounding_box3_d__rosidl_typesupport_fastrtps_cpp.hpp
[6.961s] -- Up-to-date symlink: /home/yong/yolov8_ros/install/yolov8_msgs/include/yolov8_msgs/msg/detail/detection__rosidl_typesupport_fastrtps_cpp.hpp
[6.961s] -- Up-to-date symlink: /home/yong/yolov8_ros/install/yolov8_msgs/include/yolov8_msgs/msg/detail/detection_array__rosidl_typesupport_fastrtps_cpp.hpp
[6.961s] -- Up-to-date symlink: /home/yong/yolov8_ros/install/yolov8_msgs/include/yolov8_msgs/msg/detail/key_point2_d__rosidl_typesupport_fastrtps_cpp.hpp
[6.961s] -- Up-to-date symlink: /home/yong/yolov8_ros/install/yolov8_msgs/include/yolov8_msgs/msg/detail/key_point2_d_array__rosidl_typesupport_fastrtps_cpp.hpp
[6.961s] -- Up-to-date symlink: /home/yong/yolov8_ros/install/yolov8_msgs/include/yolov8_msgs/msg/detail/key_point3_d__rosidl_typesupport_fastrtps_cpp.hpp
[6.961s] -- Up-to-date symlink: /home/yong/yolov8_ros/install/yolov8_msgs/include/yolov8_msgs/msg/detail/key_point3_d_array__rosidl_typesupport_fastrtps_cpp.hpp
[6.962s] -- Up-to-date symlink: /home/yong/yolov8_ros/install/yolov8_msgs/include/yolov8_msgs/msg/detail/mask__rosidl_typesupport_fastrtps_cpp.hpp
[6.962s] -- Up-to-date symlink: /home/yong/yolov8_ros/install/yolov8_msgs/include/yolov8_msgs/msg/detail/point2_d__rosidl_typesupport_fastrtps_cpp.hpp
[6.962s] -- Up-to-date symlink: /home/yong/yolov8_ros/install/yolov8_msgs/include/yolov8_msgs/msg/detail/pose2_d__rosidl_typesupport_fastrtps_cpp.hpp
[6.962s] -- Up-to-date symlink: /home/yong/yolov8_ros/install/yolov8_msgs/include/yolov8_msgs/msg/detail/vector2__rosidl_typesupport_fastrtps_cpp.hpp
[6.962s] -- Up-to-date symlink: /home/yong/yolov8_ros/install/yolov8_msgs/include/yolov8_msgs/msg/rosidl_typesupport_fastrtps_cpp__visibility_control.h
[6.962s] -- Up-to-date symlink: /home/yong/yolov8_ros/install/yolov8_msgs/lib/libyolov8_msgs__rosidl_typesupport_fastrtps_cpp.so
[6.963s] -- Up-to-date symlink: /home/yong/yolov8_ros/install/yolov8_msgs/include/yolov8_msgs/msg/detail/bounding_box2_d__rosidl_typesupport_introspection_c.h
[6.963s] -- Up-to-date symlink: /home/yong/yolov8_ros/install/yolov8_msgs/include/yolov8_msgs/msg/detail/bounding_box3_d__rosidl_typesupport_introspection_c.h
[6.963s] -- Up-to-date symlink: /home/yong/yolov8_ros/install/yolov8_msgs/include/yolov8_msgs/msg/detail/detection__rosidl_typesupport_introspection_c.h
[6.963s] -- Up-to-date symlink: /home/yong/yolov8_ros/install/yolov8_msgs/include/yolov8_msgs/msg/detail/detection_array__rosidl_typesupport_introspection_c.h
[6.963s] -- Up-to-date symlink: /home/yong/yolov8_ros/install/yolov8_msgs/include/yolov8_msgs/msg/detail/key_point2_d__rosidl_typesupport_introspection_c.h
[6.963s] -- Up-to-date symlink: /home/yong/yolov8_ros/install/yolov8_msgs/include/yolov8_msgs/msg/detail/key_point2_d_array__rosidl_typesupport_introspection_c.h
[6.963s] -- Up-to-date symlink: /home/yong/yolov8_ros/install/yolov8_msgs/include/yolov8_msgs/msg/detail/key_point3_d__rosidl_typesupport_introspection_c.h
[6.963s] -- Up-to-date symlink: /home/yong/yolov8_ros/install/yolov8_msgs/include/yolov8_msgs/msg/detail/key_point3_d_array__rosidl_typesupport_introspection_c.h
[6.963s] -- Up-to-date symlink: /home/yong/yolov8_ros/install/yolov8_msgs/include/yolov8_msgs/msg/detail/mask__rosidl_typesupport_introspection_c.h
[6.963s] -- Up-to-date symlink: /home/yong/yolov8_ros/install/yolov8_msgs/include/yolov8_msgs/msg/detail/point2_d__rosidl_typesupport_introspection_c.h
[6.964s] -- Up-to-date symlink: /home/yong/yolov8_ros/install/yolov8_msgs/include/yolov8_msgs/msg/detail/pose2_d__rosidl_typesupport_introspection_c.h
[6.964s] -- Up-to-date symlink: /home/yong/yolov8_ros/install/yolov8_msgs/include/yolov8_msgs/msg/detail/vector2__rosidl_typesupport_introspection_c.h
[6.964s] -- Up-to-date symlink: /home/yong/yolov8_ros/install/yolov8_msgs/include/yolov8_msgs/msg/rosidl_typesupport_introspection_c__visibility_control.h
[6.964s] -- Up-to-date symlink: /home/yong/yolov8_ros/install/yolov8_msgs/include/yolov8_msgs/msg/bounding_box2_d.hpp
[6.964s] -- Up-to-date symlink: /home/yong/yolov8_ros/install/yolov8_msgs/include/yolov8_msgs/msg/bounding_box3_d.hpp
[6.965s] -- Up-to-date symlink: /home/yong/yolov8_ros/install/yolov8_msgs/include/yolov8_msgs/msg/detail/bounding_box2_d__builder.hpp
[6.965s] -- Up-to-date symlink: /home/yong/yolov8_ros/install/yolov8_msgs/include/yolov8_msgs/msg/detail/bounding_box2_d__struct.hpp
[6.965s] -- Up-to-date symlink: /home/yong/yolov8_ros/install/yolov8_msgs/include/yolov8_msgs/msg/detail/bounding_box2_d__traits.hpp
[6.965s] -- Up-to-date symlink: /home/yong/yolov8_ros/install/yolov8_msgs/include/yolov8_msgs/msg/detail/bounding_box2_d__type_support.hpp
[6.965s] -- Up-to-date symlink: /home/yong/yolov8_ros/install/yolov8_msgs/include/yolov8_msgs/msg/detail/bounding_box3_d__builder.hpp
[6.965s] -- Up-to-date symlink: /home/yong/yolov8_ros/install/yolov8_msgs/include/yolov8_msgs/msg/detail/bounding_box3_d__struct.hpp
[6.965s] -- Up-to-date symlink: /home/yong/yolov8_ros/install/yolov8_msgs/include/yolov8_msgs/msg/detail/bounding_box3_d__traits.hpp
[6.965s] -- Up-to-date symlink: /home/yong/yolov8_ros/install/yolov8_msgs/include/yolov8_msgs/msg/detail/bounding_box3_d__type_support.hpp
[6.966s] -- Up-to-date symlink: /home/yong/yolov8_ros/install/yolov8_msgs/include/yolov8_msgs/msg/detail/detection__builder.hpp
[6.966s] -- Up-to-date symlink: /home/yong/yolov8_ros/install/yolov8_msgs/include/yolov8_msgs/msg/detail/detection__struct.hpp
[6.966s] -- Up-to-date symlink: /home/yong/yolov8_ros/install/yolov8_msgs/include/yolov8_msgs/msg/detail/detection__traits.hpp
[6.966s] -- Up-to-date symlink: /home/yong/yolov8_ros/install/yolov8_msgs/include/yolov8_msgs/msg/detail/detection__type_support.hpp
[6.966s] -- Up-to-date symlink: /home/yong/yolov8_ros/install/yolov8_msgs/include/yolov8_msgs/msg/detail/detection_array__builder.hpp
[6.966s] -- Up-to-date symlink: /home/yong/yolov8_ros/install/yolov8_msgs/include/yolov8_msgs/msg/detail/detection_array__struct.hpp
[6.966s] -- Up-to-date symlink: /home/yong/yolov8_ros/install/yolov8_msgs/include/yolov8_msgs/msg/detail/detection_array__traits.hpp
[6.966s] -- Up-to-date symlink: /home/yong/yolov8_ros/install/yolov8_msgs/include/yolov8_msgs/msg/detail/detection_array__type_support.hpp
[6.966s] -- Up-to-date symlink: /home/yong/yolov8_ros/install/yolov8_msgs/include/yolov8_msgs/msg/detail/key_point2_d__builder.hpp
[6.966s] -- Up-to-date symlink: /home/yong/yolov8_ros/install/yolov8_msgs/include/yolov8_msgs/msg/detail/key_point2_d__struct.hpp
[6.967s] -- Up-to-date symlink: /home/yong/yolov8_ros/install/yolov8_msgs/include/yolov8_msgs/msg/detail/key_point2_d__traits.hpp
[6.967s] -- Up-to-date symlink: /home/yong/yolov8_ros/install/yolov8_msgs/include/yolov8_msgs/msg/detail/key_point2_d__type_support.hpp
[6.967s] -- Up-to-date symlink: /home/yong/yolov8_ros/install/yolov8_msgs/include/yolov8_msgs/msg/detail/key_point2_d_array__builder.hpp
[6.967s] -- Up-to-date symlink: /home/yong/yolov8_ros/install/yolov8_msgs/include/yolov8_msgs/msg/detail/key_point2_d_array__struct.hpp
[6.967s] -- Up-to-date symlink: /home/yong/yolov8_ros/install/yolov8_msgs/include/yolov8_msgs/msg/detail/key_point2_d_array__traits.hpp
[6.967s] -- Up-to-date symlink: /home/yong/yolov8_ros/install/yolov8_msgs/include/yolov8_msgs/msg/detail/key_point2_d_array__type_support.hpp
[6.967s] -- Up-to-date symlink: /home/yong/yolov8_ros/install/yolov8_msgs/include/yolov8_msgs/msg/detail/key_point3_d__builder.hpp
[6.967s] -- Up-to-date symlink: /home/yong/yolov8_ros/install/yolov8_msgs/include/yolov8_msgs/msg/detail/key_point3_d__struct.hpp
[6.967s] -- Up-to-date symlink: /home/yong/yolov8_ros/install/yolov8_msgs/include/yolov8_msgs/msg/detail/key_point3_d__traits.hpp
[6.967s] -- Up-to-date symlink: /home/yong/yolov8_ros/install/yolov8_msgs/include/yolov8_msgs/msg/detail/key_point3_d__type_support.hpp
[6.968s] -- Up-to-date symlink: /home/yong/yolov8_ros/install/yolov8_msgs/include/yolov8_msgs/msg/detail/key_point3_d_array__builder.hpp
[6.968s] -- Up-to-date symlink: /home/yong/yolov8_ros/install/yolov8_msgs/include/yolov8_msgs/msg/detail/key_point3_d_array__struct.hpp
[6.968s] -- Up-to-date symlink: /home/yong/yolov8_ros/install/yolov8_msgs/include/yolov8_msgs/msg/detail/key_point3_d_array__traits.hpp
[6.968s] -- Up-to-date symlink: /home/yong/yolov8_ros/install/yolov8_msgs/include/yolov8_msgs/msg/detail/key_point3_d_array__type_support.hpp
[6.968s] -- Up-to-date symlink: /home/yong/yolov8_ros/install/yolov8_msgs/include/yolov8_msgs/msg/detail/mask__builder.hpp
[6.968s] -- Up-to-date symlink: /home/yong/yolov8_ros/install/yolov8_msgs/include/yolov8_msgs/msg/detail/mask__struct.hpp
[6.968s] -- Up-to-date symlink: /home/yong/yolov8_ros/install/yolov8_msgs/include/yolov8_msgs/msg/detail/mask__traits.hpp
[6.968s] -- Up-to-date symlink: /home/yong/yolov8_ros/install/yolov8_msgs/include/yolov8_msgs/msg/detail/mask__type_support.hpp
[6.968s] -- Up-to-date symlink: /home/yong/yolov8_ros/install/yolov8_msgs/include/yolov8_msgs/msg/detail/point2_d__builder.hpp
[6.968s] -- Up-to-date symlink: /home/yong/yolov8_ros/install/yolov8_msgs/include/yolov8_msgs/msg/detail/point2_d__struct.hpp
[6.969s] -- Up-to-date symlink: /home/yong/yolov8_ros/install/yolov8_msgs/include/yolov8_msgs/msg/detail/point2_d__traits.hpp
[6.969s] -- Up-to-date symlink: /home/yong/yolov8_ros/install/yolov8_msgs/include/yolov8_msgs/msg/detail/point2_d__type_support.hpp
[6.969s] -- Up-to-date symlink: /home/yong/yolov8_ros/install/yolov8_msgs/include/yolov8_msgs/msg/detail/pose2_d__builder.hpp
[6.969s] -- Up-to-date symlink: /home/yong/yolov8_ros/install/yolov8_msgs/include/yolov8_msgs/msg/detail/pose2_d__struct.hpp
[6.969s] -- Up-to-date symlink: /home/yong/yolov8_ros/install/yolov8_msgs/include/yolov8_msgs/msg/detail/pose2_d__traits.hpp
[6.969s] -- Up-to-date symlink: /home/yong/yolov8_ros/install/yolov8_msgs/include/yolov8_msgs/msg/detail/pose2_d__type_support.hpp
[6.969s] -- Up-to-date symlink: /home/yong/yolov8_ros/install/yolov8_msgs/include/yolov8_msgs/msg/detail/vector2__builder.hpp
[6.969s] -- Up-to-date symlink: /home/yong/yolov8_ros/install/yolov8_msgs/include/yolov8_msgs/msg/detail/vector2__struct.hpp
[6.969s] -- Up-to-date symlink: /home/yong/yolov8_ros/install/yolov8_msgs/include/yolov8_msgs/msg/detail/vector2__traits.hpp
[6.970s] -- Up-to-date symlink: /home/yong/yolov8_ros/install/yolov8_msgs/include/yolov8_msgs/msg/detail/vector2__type_support.hpp
[6.970s] -- Up-to-date symlink: /home/yong/yolov8_ros/install/yolov8_msgs/include/yolov8_msgs/msg/detection.hpp
[6.970s] -- Up-to-date symlink: /home/yong/yolov8_ros/install/yolov8_msgs/include/yolov8_msgs/msg/detection_array.hpp
[6.970s] -- Up-to-date symlink: /home/yong/yolov8_ros/install/yolov8_msgs/include/yolov8_msgs/msg/key_point2_d.hpp
[6.970s] -- Up-to-date symlink: /home/yong/yolov8_ros/install/yolov8_msgs/include/yolov8_msgs/msg/key_point2_d_array.hpp
[6.970s] -- Up-to-date symlink: /home/yong/yolov8_ros/install/yolov8_msgs/include/yolov8_msgs/msg/key_point3_d.hpp
[6.970s] -- Up-to-date symlink: /home/yong/yolov8_ros/install/yolov8_msgs/include/yolov8_msgs/msg/key_point3_d_array.hpp
[6.970s] -- Up-to-date symlink: /home/yong/yolov8_ros/install/yolov8_msgs/include/yolov8_msgs/msg/mask.hpp
[6.970s] -- Up-to-date symlink: /home/yong/yolov8_ros/install/yolov8_msgs/include/yolov8_msgs/msg/point2_d.hpp
[6.970s] -- Up-to-date symlink: /home/yong/yolov8_ros/install/yolov8_msgs/include/yolov8_msgs/msg/pose2_d.hpp
[6.970s] -- Up-to-date symlink: /home/yong/yolov8_ros/install/yolov8_msgs/include/yolov8_msgs/msg/rosidl_generator_cpp__visibility_control.hpp
[6.971s] -- Up-to-date symlink: /home/yong/yolov8_ros/install/yolov8_msgs/include/yolov8_msgs/msg/vector2.hpp
[6.971s] -- Up-to-date symlink: /home/yong/yolov8_ros/install/yolov8_msgs/include/yolov8_msgs/msg/detail/bounding_box2_d__rosidl_typesupport_introspection_cpp.hpp
[6.971s] -- Up-to-date symlink: /home/yong/yolov8_ros/install/yolov8_msgs/include/yolov8_msgs/msg/detail/bounding_box3_d__rosidl_typesupport_introspection_cpp.hpp
[6.971s] -- Up-to-date symlink: /home/yong/yolov8_ros/install/yolov8_msgs/include/yolov8_msgs/msg/detail/detection__rosidl_typesupport_introspection_cpp.hpp
[6.971s] -- Up-to-date symlink: /home/yong/yolov8_ros/install/yolov8_msgs/include/yolov8_msgs/msg/detail/detection_array__rosidl_typesupport_introspection_cpp.hpp
[6.971s] -- Up-to-date symlink: /home/yong/yolov8_ros/install/yolov8_msgs/include/yolov8_msgs/msg/detail/key_point2_d__rosidl_typesupport_introspection_cpp.hpp
[6.971s] -- Up-to-date symlink: /home/yong/yolov8_ros/install/yolov8_msgs/include/yolov8_msgs/msg/detail/key_point2_d_array__rosidl_typesupport_introspection_cpp.hpp
[6.972s] -- Up-to-date symlink: /home/yong/yolov8_ros/install/yolov8_msgs/include/yolov8_msgs/msg/detail/key_point3_d__rosidl_typesupport_introspection_cpp.hpp
[6.972s] -- Up-to-date symlink: /home/yong/yolov8_ros/install/yolov8_msgs/include/yolov8_msgs/msg/detail/key_point3_d_array__rosidl_typesupport_introspection_cpp.hpp
[6.972s] -- Up-to-date symlink: /home/yong/yolov8_ros/install/yolov8_msgs/include/yolov8_msgs/msg/detail/mask__rosidl_typesupport_introspection_cpp.hpp
[6.972s] -- Up-to-date symlink: /home/yong/yolov8_ros/install/yolov8_msgs/include/yolov8_msgs/msg/detail/point2_d__rosidl_typesupport_introspection_cpp.hpp
[6.972s] -- Up-to-date symlink: /home/yong/yolov8_ros/install/yolov8_msgs/include/yolov8_msgs/msg/detail/pose2_d__rosidl_typesupport_introspection_cpp.hpp
[6.972s] -- Up-to-date symlink: /home/yong/yolov8_ros/install/yolov8_msgs/include/yolov8_msgs/msg/detail/vector2__rosidl_typesupport_introspection_cpp.hpp
[6.972s] -- Up-to-date symlink: /home/yong/yolov8_ros/install/yolov8_msgs/share/yolov8_msgs/environment/pythonpath.sh
[6.972s] -- Up-to-date symlink: /home/yong/yolov8_ros/install/yolov8_msgs/share/yolov8_msgs/environment/pythonpath.dsv
[6.973s] -- Up-to-date symlink: /home/yong/yolov8_ros/install/yolov8_msgs/lib/python3.8/site-packages/yolov8_msgs/__init__.py
[6.973s] -- Up-to-date symlink: /home/yong/yolov8_ros/install/yolov8_msgs/lib/python3.8/site-packages/yolov8_msgs/msg/__init__.py
[6.973s] -- Up-to-date symlink: /home/yong/yolov8_ros/install/yolov8_msgs/lib/python3.8/site-packages/yolov8_msgs/msg/_bounding_box2_d.py
[6.974s] -- Up-to-date symlink: /home/yong/yolov8_ros/install/yolov8_msgs/lib/python3.8/site-packages/yolov8_msgs/msg/_bounding_box3_d.py
[6.974s] -- Up-to-date symlink: /home/yong/yolov8_ros/install/yolov8_msgs/lib/python3.8/site-packages/yolov8_msgs/msg/_detection.py
[6.974s] -- Up-to-date symlink: /home/yong/yolov8_ros/install/yolov8_msgs/lib/python3.8/site-packages/yolov8_msgs/msg/_detection_array.py
[6.974s] -- Up-to-date symlink: /home/yong/yolov8_ros/install/yolov8_msgs/lib/python3.8/site-packages/yolov8_msgs/msg/_key_point2_d.py
[6.974s] -- Up-to-date symlink: /home/yong/yolov8_ros/install/yolov8_msgs/lib/python3.8/site-packages/yolov8_msgs/msg/_key_point2_d_array.py
[6.974s] -- Up-to-date symlink: /home/yong/yolov8_ros/install/yolov8_msgs/lib/python3.8/site-packages/yolov8_msgs/msg/_key_point3_d.py
[6.974s] -- Up-to-date symlink: /home/yong/yolov8_ros/install/yolov8_msgs/lib/python3.8/site-packages/yolov8_msgs/msg/_key_point3_d_array.py
[6.974s] -- Up-to-date symlink: /home/yong/yolov8_ros/install/yolov8_msgs/lib/python3.8/site-packages/yolov8_msgs/msg/_mask.py
[6.974s] -- Up-to-date symlink: /home/yong/yolov8_ros/install/yolov8_msgs/lib/python3.8/site-packages/yolov8_msgs/msg/_point2_d.py
[6.974s] -- Up-to-date symlink: /home/yong/yolov8_ros/install/yolov8_msgs/lib/python3.8/site-packages/yolov8_msgs/msg/_pose2_d.py
[6.975s] -- Up-to-date symlink: /home/yong/yolov8_ros/install/yolov8_msgs/lib/python3.8/site-packages/yolov8_msgs/msg/_vector2.py
[6.975s] -- Up-to-date symlink: /home/yong/yolov8_ros/install/yolov8_msgs/lib/python3.8/site-packages/yolov8_msgs/yolov8_msgs_s__rosidl_typesupport_fastrtps_c.cpython-38-x86_64-linux-gnu.so
[6.975s] -- Up-to-date symlink: /home/yong/yolov8_ros/install/yolov8_msgs/lib/python3.8/site-packages/yolov8_msgs/yolov8_msgs_s__rosidl_typesupport_introspection_c.cpython-38-x86_64-linux-gnu.so
[6.975s] -- Up-to-date symlink: /home/yong/yolov8_ros/install/yolov8_msgs/lib/python3.8/site-packages/yolov8_msgs/yolov8_msgs_s__rosidl_typesupport_c.cpython-38-x86_64-linux-gnu.so
[6.976s] -- Up-to-date symlink: /home/yong/yolov8_ros/install/yolov8_msgs/lib/libyolov8_msgs__python.so
[6.976s] -- Up-to-date symlink: /home/yong/yolov8_ros/install/yolov8_msgs/share/yolov8_msgs/msg/Point2D.idl
[6.976s] -- Up-to-date symlink: /home/yong/yolov8_ros/install/yolov8_msgs/share/yolov8_msgs/msg/Vector2.idl
[6.976s] -- Up-to-date symlink: /home/yong/yolov8_ros/install/yolov8_msgs/share/yolov8_msgs/msg/Pose2D.idl
[6.976s] -- Up-to-date symlink: /home/yong/yolov8_ros/install/yolov8_msgs/share/yolov8_msgs/msg/BoundingBox2D.idl
[6.976s] -- Up-to-date symlink: /home/yong/yolov8_ros/install/yolov8_msgs/share/yolov8_msgs/msg/BoundingBox3D.idl
[6.977s] -- Up-to-date symlink: /home/yong/yolov8_ros/install/yolov8_msgs/share/yolov8_msgs/msg/Mask.idl
[6.977s] -- Up-to-date symlink: /home/yong/yolov8_ros/install/yolov8_msgs/share/yolov8_msgs/msg/KeyPoint2D.idl
[6.977s] -- Up-to-date symlink: /home/yong/yolov8_ros/install/yolov8_msgs/share/yolov8_msgs/msg/KeyPoint2DArray.idl
[6.977s] -- Up-to-date symlink: /home/yong/yolov8_ros/install/yolov8_msgs/share/yolov8_msgs/msg/KeyPoint3D.idl
[6.977s] -- Up-to-date symlink: /home/yong/yolov8_ros/install/yolov8_msgs/share/yolov8_msgs/msg/KeyPoint3DArray.idl
[6.977s] -- Up-to-date symlink: /home/yong/yolov8_ros/install/yolov8_msgs/share/yolov8_msgs/msg/Detection.idl
[6.978s] -- Up-to-date symlink: /home/yong/yolov8_ros/install/yolov8_msgs/share/yolov8_msgs/msg/DetectionArray.idl
[6.978s] -- Up-to-date symlink: /home/yong/yolov8_ros/install/yolov8_msgs/share/yolov8_msgs/msg/Point2D.msg
[6.978s] -- Up-to-date symlink: /home/yong/yolov8_ros/install/yolov8_msgs/share/yolov8_msgs/msg/Vector2.msg
[6.978s] -- Up-to-date symlink: /home/yong/yolov8_ros/install/yolov8_msgs/share/yolov8_msgs/msg/Pose2D.msg
[6.978s] -- Up-to-date symlink: /home/yong/yolov8_ros/install/yolov8_msgs/share/yolov8_msgs/msg/BoundingBox2D.msg
[6.978s] -- Up-to-date symlink: /home/yong/yolov8_ros/install/yolov8_msgs/share/yolov8_msgs/msg/BoundingBox3D.msg
[6.978s] -- Up-to-date symlink: /home/yong/yolov8_ros/install/yolov8_msgs/share/yolov8_msgs/msg/Mask.msg
[6.979s] -- Up-to-date symlink: /home/yong/yolov8_ros/install/yolov8_msgs/share/yolov8_msgs/msg/KeyPoint2D.msg
[6.979s] -- Up-to-date symlink: /home/yong/yolov8_ros/install/yolov8_msgs/share/yolov8_msgs/msg/KeyPoint2DArray.msg
[6.979s] -- Up-to-date symlink: /home/yong/yolov8_ros/install/yolov8_msgs/share/yolov8_msgs/msg/KeyPoint3D.msg
[6.979s] -- Up-to-date symlink: /home/yong/yolov8_ros/install/yolov8_msgs/share/yolov8_msgs/msg/KeyPoint3DArray.msg
[6.979s] -- Up-to-date symlink: /home/yong/yolov8_ros/install/yolov8_msgs/share/yolov8_msgs/msg/Detection.msg
[6.979s] -- Up-to-date symlink: /home/yong/yolov8_ros/install/yolov8_msgs/share/yolov8_msgs/msg/DetectionArray.msg
[6.980s] -- Up-to-date symlink: /home/yong/yolov8_ros/install/yolov8_msgs/share/ament_index/resource_index/package_run_dependencies/yolov8_msgs
[6.980s] -- Up-to-date symlink: /home/yong/yolov8_ros/install/yolov8_msgs/share/ament_index/resource_index/parent_prefix_path/yolov8_msgs
[6.980s] -- Up-to-date symlink: /home/yong/yolov8_ros/install/yolov8_msgs/share/yolov8_msgs/environment/ament_prefix_path.sh
[6.980s] -- Up-to-date symlink: /home/yong/yolov8_ros/install/yolov8_msgs/share/yolov8_msgs/environment/ament_prefix_path.dsv
[6.980s] -- Up-to-date symlink: /home/yong/yolov8_ros/install/yolov8_msgs/share/yolov8_msgs/environment/path.sh
[6.980s] -- Up-to-date symlink: /home/yong/yolov8_ros/install/yolov8_msgs/share/yolov8_msgs/environment/path.dsv
[6.981s] -- Up-to-date symlink: /home/yong/yolov8_ros/install/yolov8_msgs/share/yolov8_msgs/local_setup.bash
[6.981s] -- Up-to-date symlink: /home/yong/yolov8_ros/install/yolov8_msgs/share/yolov8_msgs/local_setup.sh
[6.981s] -- Up-to-date symlink: /home/yong/yolov8_ros/install/yolov8_msgs/share/yolov8_msgs/local_setup.zsh
[6.981s] -- Up-to-date symlink: /home/yong/yolov8_ros/install/yolov8_msgs/share/yolov8_msgs/local_setup.dsv
[6.981s] -- Symlinking: /home/yong/yolov8_ros/install/yolov8_msgs/share/yolov8_msgs/package.dsv
[6.987s] -- Up-to-date symlink: /home/yong/yolov8_ros/install/yolov8_msgs/share/ament_index/resource_index/packages/yolov8_msgs
[6.987s] -- Up-to-date symlink: /home/yong/yolov8_ros/install/yolov8_msgs/share/yolov8_msgs/cmake/rosidl_cmake-extras.cmake
[6.988s] -- Up-to-date symlink: /home/yong/yolov8_ros/install/yolov8_msgs/share/yolov8_msgs/cmake/ament_cmake_export_dependencies-extras.cmake
[6.988s] -- Up-to-date symlink: /home/yong/yolov8_ros/install/yolov8_msgs/share/yolov8_msgs/cmake/ament_cmake_export_libraries-extras.cmake
[6.988s] -- Up-to-date symlink: /home/yong/yolov8_ros/install/yolov8_msgs/share/yolov8_msgs/cmake/ament_cmake_export_targets-extras.cmake
[6.988s] -- Up-to-date symlink: /home/yong/yolov8_ros/install/yolov8_msgs/share/yolov8_msgs/cmake/ament_cmake_export_include_directories-extras.cmake
[6.988s] -- Up-to-date symlink: /home/yong/yolov8_ros/install/yolov8_msgs/share/yolov8_msgs/cmake/rosidl_cmake_export_typesupport_libraries-extras.cmake
[6.988s] -- Up-to-date symlink: /home/yong/yolov8_ros/install/yolov8_msgs/share/yolov8_msgs/cmake/rosidl_cmake_export_typesupport_targets-extras.cmake
[6.988s] -- Up-to-date symlink: /home/yong/yolov8_ros/install/yolov8_msgs/share/yolov8_msgs/cmake/yolov8_msgsConfig.cmake
[6.989s] -- Up-to-date symlink: /home/yong/yolov8_ros/install/yolov8_msgs/share/yolov8_msgs/cmake/yolov8_msgsConfig-version.cmake
[6.989s] -- Up-to-date symlink: /home/yong/yolov8_ros/install/yolov8_msgs/share/yolov8_msgs/package.xml
[6.989s] -- Installing: /home/yong/yolov8_ros/install/yolov8_msgs/lib/libyolov8_msgs__rosidl_generator_c.so
[6.989s] -- Set runtime path of "/home/yong/yolov8_ros/install/yolov8_msgs/lib/libyolov8_msgs__rosidl_generator_c.so" to ""
[6.989s] -- Installing: /home/yong/yolov8_ros/install/yolov8_msgs/lib/libyolov8_msgs__rosidl_typesupport_introspection_c.so
[6.990s] -- Set runtime path of "/home/yong/yolov8_ros/install/yolov8_msgs/lib/libyolov8_msgs__rosidl_typesupport_introspection_c.so" to ""
[6.990s] -- Installing: /home/yong/yolov8_ros/install/yolov8_msgs/lib/libyolov8_msgs__rosidl_typesupport_c.so
[6.990s] -- Set runtime path of "/home/yong/yolov8_ros/install/yolov8_msgs/lib/libyolov8_msgs__rosidl_typesupport_c.so" to ""
[6.990s] -- Installing: /home/yong/yolov8_ros/install/yolov8_msgs/lib/libyolov8_msgs__rosidl_typesupport_introspection_cpp.so
[6.990s] -- Set runtime path of "/home/yong/yolov8_ros/install/yolov8_msgs/lib/libyolov8_msgs__rosidl_typesupport_introspection_cpp.so" to ""
[6.990s] -- Installing: /home/yong/yolov8_ros/install/yolov8_msgs/lib/libyolov8_msgs__rosidl_typesupport_cpp.so
[6.991s] -- Set runtime path of "/home/yong/yolov8_ros/install/yolov8_msgs/lib/libyolov8_msgs__rosidl_typesupport_cpp.so" to ""
[7.013s] Compiling '/home/yong/yolov8_ros/install/yolov8_msgs/lib/python3.8/site-packages/yolov8_msgs/__init__.py'...
[7.016s] -- Up-to-date: /home/yong/yolov8_ros/install/yolov8_msgs/share/yolov8_msgs/cmake/yolov8_msgs__rosidl_generator_cExport.cmake
[7.016s] -- Installing: /home/yong/yolov8_ros/install/yolov8_msgs/share/yolov8_msgs/cmake/yolov8_msgs__rosidl_generator_cExport-noconfig.cmake
[7.016s] -- Up-to-date: /home/yong/yolov8_ros/install/yolov8_msgs/share/yolov8_msgs/cmake/yolov8_msgs__rosidl_typesupport_introspection_cExport.cmake
[7.016s] -- Installing: /home/yong/yolov8_ros/install/yolov8_msgs/share/yolov8_msgs/cmake/yolov8_msgs__rosidl_typesupport_introspection_cExport-noconfig.cmake
[7.016s] -- Up-to-date: /home/yong/yolov8_ros/install/yolov8_msgs/share/yolov8_msgs/cmake/yolov8_msgs__rosidl_typesupport_cExport.cmake
[7.016s] -- Installing: /home/yong/yolov8_ros/install/yolov8_msgs/share/yolov8_msgs/cmake/yolov8_msgs__rosidl_typesupport_cExport-noconfig.cmake
[7.016s] -- Up-to-date: /home/yong/yolov8_ros/install/yolov8_msgs/share/yolov8_msgs/cmake/yolov8_msgs__rosidl_generator_cppExport.cmake
[7.016s] -- Up-to-date: /home/yong/yolov8_ros/install/yolov8_msgs/share/yolov8_msgs/cmake/yolov8_msgs__rosidl_typesupport_introspection_cppExport.cmake
[7.016s] -- Installing: /home/yong/yolov8_ros/install/yolov8_msgs/share/yolov8_msgs/cmake/yolov8_msgs__rosidl_typesupport_introspection_cppExport-noconfig.cmake
[7.017s] -- Up-to-date: /home/yong/yolov8_ros/install/yolov8_msgs/share/yolov8_msgs/cmake/yolov8_msgs__rosidl_typesupport_cppExport.cmake
[7.017s] -- Installing: /home/yong/yolov8_ros/install/yolov8_msgs/share/yolov8_msgs/cmake/yolov8_msgs__rosidl_typesupport_cppExport-noconfig.cmake
[7.019s] Invoked command in '/home/yong/yolov8_ros/build/yolov8_msgs' returned '0': CMAKE_PREFIX_PATH=${CMAKE_PREFIX_PATH}:/home/yong/yolov8_ros/install/yolov8_ros:/opt/ros/foxy /usr/bin/cmake --install /home/yong/yolov8_ros/build/yolov8_msgs
