[0.918s] Invoking command in '/home/aiv/YongJun_ws/ros2_ws/build/yolov8_ros': CMAKE_PREFIX_PATH=/home/aiv/YongJun_ws/ros2_ws/install/yolov8_msgs:/home/aiv/YongJun_ws/ros2_ws/install/yolov8_bringup:/home/aiv/YongJun_ws/ros2_ws/install/usb_cam:/home/aiv/YongJun_ws/ros2_ws/install/realsense2_description:/home/aiv/YongJun_ws/ros2_ws/install/realsense2_camera:/home/aiv/YongJun_ws/ros2_ws/install/realsense2_camera_msgs LD_LIBRARY_PATH=/home/aiv/YongJun_ws/ros2_ws/install/yolov8_msgs/lib:/home/aiv/YongJun_ws/ros2_ws/install/usb_cam/lib:/home/aiv/YongJun_ws/ros2_ws/install/realsense2_camera/lib:/home/aiv/YongJun_ws/ros2_ws/install/realsense2_camera_msgs/lib:/opt/ros/foxy/opt/yaml_cpp_vendor/lib:/opt/ros/foxy/opt/rviz_ogre_vendor/lib:/opt/ros/foxy/lib/x86_64-linux-gnu:/opt/ros/foxy/lib:/usr/local/cuda-11.8/lib64 PYTHONPATH=/home/aiv/YongJun_ws/ros2_ws/build/yolov8_ros/prefix_override:/home/aiv/YongJun_ws/ros2_ws/install/yolov8_ros/lib/python3.8/site-packages:/home/aiv/YongJun_ws/ros2_ws/install/yolov8_msgs/lib/python3.8/site-packages:/home/aiv/YongJun_ws/ros2_ws/build/yolov8_ros:/home/aiv/YongJun_ws/ros2_ws/install/yolov8_ros/lib/python3.8/site-packages:/home/aiv/YongJun_ws/ros2_ws/install/realsense2_camera_msgs/lib/python3.8/site-packages:/opt/ros/foxy/lib/python3.8/site-packages /usr/bin/python3 -W ignore:setup.py install is deprecated setup.py develop --editable --build-directory /home/aiv/YongJun_ws/ros2_ws/build/yolov8_ros/build --no-deps symlink_data
[1.198s] running develop
[1.206s] /home/aiv/.local/lib/python3.8/site-packages/setuptools/command/easy_install.py:144: EasyInstallDeprecationWarning: easy_install command is deprecated. Use build and pip and other standards-based tools.
[1.206s]   warnings.warn(
[1.385s] running egg_info
[1.395s] writing yolov8_ros.egg-info/PKG-INFO
[1.395s] writing dependency_links to yolov8_ros.egg-info/dependency_links.txt
[1.396s] writing entry points to yolov8_ros.egg-info/entry_points.txt
[1.396s] writing requirements to yolov8_ros.egg-info/requires.txt
[1.396s] writing top-level names to yolov8_ros.egg-info/top_level.txt
[1.425s] reading manifest file 'yolov8_ros.egg-info/SOURCES.txt'
[1.425s] writing manifest file 'yolov8_ros.egg-info/SOURCES.txt'
[1.463s] running build_ext
[1.463s] Creating /home/aiv/YongJun_ws/ros2_ws/install/yolov8_ros/lib/python3.8/site-packages/yolov8-ros.egg-link (link to .)
[1.464s] Installing debug_node script to /home/aiv/YongJun_ws/ros2_ws/install/yolov8_ros/lib/yolov8_ros
[1.464s] Installing detect_3d_node script to /home/aiv/YongJun_ws/ros2_ws/install/yolov8_ros/lib/yolov8_ros
[1.464s] Installing tracking_node script to /home/aiv/YongJun_ws/ros2_ws/install/yolov8_ros/lib/yolov8_ros
[1.464s] Installing yolov8_node script to /home/aiv/YongJun_ws/ros2_ws/install/yolov8_ros/lib/yolov8_ros
[1.464s] 
[1.464s] Installed /home/aiv/YongJun_ws/ros2_ws/build/yolov8_ros
[1.464s] running symlink_data
[1.494s] Invoked command in '/home/aiv/YongJun_ws/ros2_ws/build/yolov8_ros' returned '0': CMAKE_PREFIX_PATH=/home/aiv/YongJun_ws/ros2_ws/install/yolov8_msgs:/home/aiv/YongJun_ws/ros2_ws/install/yolov8_bringup:/home/aiv/YongJun_ws/ros2_ws/install/usb_cam:/home/aiv/YongJun_ws/ros2_ws/install/realsense2_description:/home/aiv/YongJun_ws/ros2_ws/install/realsense2_camera:/home/aiv/YongJun_ws/ros2_ws/install/realsense2_camera_msgs LD_LIBRARY_PATH=/home/aiv/YongJun_ws/ros2_ws/install/yolov8_msgs/lib:/home/aiv/YongJun_ws/ros2_ws/install/usb_cam/lib:/home/aiv/YongJun_ws/ros2_ws/install/realsense2_camera/lib:/home/aiv/YongJun_ws/ros2_ws/install/realsense2_camera_msgs/lib:/opt/ros/foxy/opt/yaml_cpp_vendor/lib:/opt/ros/foxy/opt/rviz_ogre_vendor/lib:/opt/ros/foxy/lib/x86_64-linux-gnu:/opt/ros/foxy/lib:/usr/local/cuda-11.8/lib64 PYTHONPATH=/home/aiv/YongJun_ws/ros2_ws/build/yolov8_ros/prefix_override:/home/aiv/YongJun_ws/ros2_ws/install/yolov8_ros/lib/python3.8/site-packages:/home/aiv/YongJun_ws/ros2_ws/install/yolov8_msgs/lib/python3.8/site-packages:/home/aiv/YongJun_ws/ros2_ws/build/yolov8_ros:/home/aiv/YongJun_ws/ros2_ws/install/yolov8_ros/lib/python3.8/site-packages:/home/aiv/YongJun_ws/ros2_ws/install/realsense2_camera_msgs/lib/python3.8/site-packages:/opt/ros/foxy/lib/python3.8/site-packages /usr/bin/python3 -W ignore:setup.py install is deprecated setup.py develop --editable --build-directory /home/aiv/YongJun_ws/ros2_ws/build/yolov8_ros/build --no-deps symlink_data
