[0.007s] Invoking command in '/home/yong/sensor/build/yolov8_bringup': AMENT_PREFIX_PATH=/home/yong/sensor/install/yolov8_ros:/home/yong/sensor/install/yolov8_bringup:/home/yong/sensor/install/yolov8_msgs:/home/yong/sensor/install/yolov5_ros2:/home/yong/sensor/install/yolov5_ros:/home/yong/sensor/install/usb_cam:/home/yong/sensor/install/boundingboxes:/home/yong/sensor/install/bboxes_ex_msgs:/opt/ros/foxy CMAKE_PREFIX_PATH=${CMAKE_PREFIX_PATH}:/home/yong/sensor/install/yolov8_ros:/home/yong/sensor/install/yolov5_ros2:/home/yong/sensor/install/yolov5_ros:/opt/ros/foxy PYTHONPATH=/home/yong/sensor/build/yolov8_ros:${PYTHONPATH} /usr/bin/cmake /home/yong/sensor/src/yolov8_ros/yolov8_bringup -DAMENT_CMAKE_SYMLINK_INSTALL=1 -DCMAKE_INSTALL_PREFIX=/home/yong/sensor/install/yolov8_bringup
[0.016s] -- Found ament_cmake: 0.9.12 (/opt/ros/foxy/share/ament_cmake/cmake)
[0.037s] -- Using PYTHON_EXECUTABLE: /usr/bin/python3
[0.189s] -- Override CMake install command with custom implementation using symlinks instead of copying resources
[0.245s] -- Configuring done
[0.246s] -- Generating done
[0.247s] -- Build files have been written to: /home/yong/sensor/build/yolov8_bringup
[0.249s] Invoked command in '/home/yong/sensor/build/yolov8_bringup' returned '0': AMENT_PREFIX_PATH=/home/yong/sensor/install/yolov8_ros:/home/yong/sensor/install/yolov8_bringup:/home/yong/sensor/install/yolov8_msgs:/home/yong/sensor/install/yolov5_ros2:/home/yong/sensor/install/yolov5_ros:/home/yong/sensor/install/usb_cam:/home/yong/sensor/install/boundingboxes:/home/yong/sensor/install/bboxes_ex_msgs:/opt/ros/foxy CMAKE_PREFIX_PATH=${CMAKE_PREFIX_PATH}:/home/yong/sensor/install/yolov8_ros:/home/yong/sensor/install/yolov5_ros2:/home/yong/sensor/install/yolov5_ros:/opt/ros/foxy PYTHONPATH=/home/yong/sensor/build/yolov8_ros:${PYTHONPATH} /usr/bin/cmake /home/yong/sensor/src/yolov8_ros/yolov8_bringup -DAMENT_CMAKE_SYMLINK_INSTALL=1 -DCMAKE_INSTALL_PREFIX=/home/yong/sensor/install/yolov8_bringup
[0.251s] Invoking command in '/home/yong/sensor/build/yolov8_bringup': AMENT_PREFIX_PATH=/home/yong/sensor/install/yolov8_ros:/home/yong/sensor/install/yolov8_bringup:/home/yong/sensor/install/yolov8_msgs:/home/yong/sensor/install/yolov5_ros2:/home/yong/sensor/install/yolov5_ros:/home/yong/sensor/install/usb_cam:/home/yong/sensor/install/boundingboxes:/home/yong/sensor/install/bboxes_ex_msgs:/opt/ros/foxy CMAKE_PREFIX_PATH=${CMAKE_PREFIX_PATH}:/home/yong/sensor/install/yolov8_ros:/home/yong/sensor/install/yolov5_ros2:/home/yong/sensor/install/yolov5_ros:/opt/ros/foxy PYTHONPATH=/home/yong/sensor/build/yolov8_ros:${PYTHONPATH} /usr/bin/cmake --build /home/yong/sensor/build/yolov8_bringup -- -j8 -l8
[0.284s] Invoked command in '/home/yong/sensor/build/yolov8_bringup' returned '0': AMENT_PREFIX_PATH=/home/yong/sensor/install/yolov8_ros:/home/yong/sensor/install/yolov8_bringup:/home/yong/sensor/install/yolov8_msgs:/home/yong/sensor/install/yolov5_ros2:/home/yong/sensor/install/yolov5_ros:/home/yong/sensor/install/usb_cam:/home/yong/sensor/install/boundingboxes:/home/yong/sensor/install/bboxes_ex_msgs:/opt/ros/foxy CMAKE_PREFIX_PATH=${CMAKE_PREFIX_PATH}:/home/yong/sensor/install/yolov8_ros:/home/yong/sensor/install/yolov5_ros2:/home/yong/sensor/install/yolov5_ros:/opt/ros/foxy PYTHONPATH=/home/yong/sensor/build/yolov8_ros:${PYTHONPATH} /usr/bin/cmake --build /home/yong/sensor/build/yolov8_bringup -- -j8 -l8
[0.308s] Invoking command in '/home/yong/sensor/build/yolov8_bringup': AMENT_PREFIX_PATH=/home/yong/sensor/install/yolov8_ros:/home/yong/sensor/install/yolov8_bringup:/home/yong/sensor/install/yolov8_msgs:/home/yong/sensor/install/yolov5_ros2:/home/yong/sensor/install/yolov5_ros:/home/yong/sensor/install/usb_cam:/home/yong/sensor/install/boundingboxes:/home/yong/sensor/install/bboxes_ex_msgs:/opt/ros/foxy CMAKE_PREFIX_PATH=${CMAKE_PREFIX_PATH}:/home/yong/sensor/install/yolov8_ros:/home/yong/sensor/install/yolov5_ros2:/home/yong/sensor/install/yolov5_ros:/opt/ros/foxy PYTHONPATH=/home/yong/sensor/build/yolov8_ros:${PYTHONPATH} /usr/bin/cmake --install /home/yong/sensor/build/yolov8_bringup
[0.314s] -- Install configuration: ""
[0.315s] -- Execute custom install script
[0.315s] -- Symlinking: /home/yong/sensor/install/yolov8_bringup/share/yolov8_bringup//launch/yolov8.launch.py
[0.322s] -- Symlinking: /home/yong/sensor/install/yolov8_bringup/share/yolov8_bringup//launch/yolov8_3d.launch.py
[0.328s] -- Symlinking: /home/yong/sensor/install/yolov8_bringup/share/yolov8_bringup//launch/yolov9.launch.py
[0.334s] -- Symlinking: /home/yong/sensor/install/yolov8_bringup/share/ament_index/resource_index/package_run_dependencies/yolov8_bringup
[0.341s] -- Symlinking: /home/yong/sensor/install/yolov8_bringup/share/ament_index/resource_index/parent_prefix_path/yolov8_bringup
[0.347s] -- Symlinking: /home/yong/sensor/install/yolov8_bringup/share/yolov8_bringup/environment/ament_prefix_path.sh
[0.354s] -- Symlinking: /home/yong/sensor/install/yolov8_bringup/share/yolov8_bringup/environment/ament_prefix_path.dsv
[0.361s] -- Symlinking: /home/yong/sensor/install/yolov8_bringup/share/yolov8_bringup/environment/path.sh
[0.368s] -- Symlinking: /home/yong/sensor/install/yolov8_bringup/share/yolov8_bringup/environment/path.dsv
[0.374s] -- Symlinking: /home/yong/sensor/install/yolov8_bringup/share/yolov8_bringup/local_setup.bash
[0.381s] -- Symlinking: /home/yong/sensor/install/yolov8_bringup/share/yolov8_bringup/local_setup.sh
[0.388s] -- Symlinking: /home/yong/sensor/install/yolov8_bringup/share/yolov8_bringup/local_setup.zsh
[0.396s] -- Symlinking: /home/yong/sensor/install/yolov8_bringup/share/yolov8_bringup/local_setup.dsv
[0.403s] -- Symlinking: /home/yong/sensor/install/yolov8_bringup/share/yolov8_bringup/package.dsv
[0.410s] -- Symlinking: /home/yong/sensor/install/yolov8_bringup/share/ament_index/resource_index/packages/yolov8_bringup
[0.417s] -- Symlinking: /home/yong/sensor/install/yolov8_bringup/share/yolov8_bringup/cmake/yolov8_bringupConfig.cmake
[0.424s] -- Symlinking: /home/yong/sensor/install/yolov8_bringup/share/yolov8_bringup/cmake/yolov8_bringupConfig-version.cmake
[0.430s] -- Symlinking: /home/yong/sensor/install/yolov8_bringup/share/yolov8_bringup/package.xml
[0.438s] Invoked command in '/home/yong/sensor/build/yolov8_bringup' returned '0': AMENT_PREFIX_PATH=/home/yong/sensor/install/yolov8_ros:/home/yong/sensor/install/yolov8_bringup:/home/yong/sensor/install/yolov8_msgs:/home/yong/sensor/install/yolov5_ros2:/home/yong/sensor/install/yolov5_ros:/home/yong/sensor/install/usb_cam:/home/yong/sensor/install/boundingboxes:/home/yong/sensor/install/bboxes_ex_msgs:/opt/ros/foxy CMAKE_PREFIX_PATH=${CMAKE_PREFIX_PATH}:/home/yong/sensor/install/yolov8_ros:/home/yong/sensor/install/yolov5_ros2:/home/yong/sensor/install/yolov5_ros:/opt/ros/foxy PYTHONPATH=/home/yong/sensor/build/yolov8_ros:${PYTHONPATH} /usr/bin/cmake --install /home/yong/sensor/build/yolov8_bringup
