[0.011s] Invoking command in '/home/aiv/YongJun_ws/ros2_ws/build/rviz_plugin_zed_od': AMENT_PREFIX_PATH=/home/aiv/YongJun_ws/ros2_ws/install/zed_interfaces:${AMENT_PREFIX_PATH} CMAKE_PREFIX_PATH=/home/aiv/YongJun_ws/ros2_ws/install/zed_interfaces:/opt/ros/foxy LD_LIBRARY_PATH=/home/aiv/YongJun_ws/ros2_ws/install/zed_interfaces/lib:/opt/ros/foxy/opt/yaml_cpp_vendor/lib:/opt/ros/foxy/opt/rviz_ogre_vendor/lib:/opt/ros/foxy/lib/x86_64-linux-gnu:/opt/ros/foxy/lib:/usr/local/cuda/lib64 PYTHONPATH=/home/aiv/YongJun_ws/ros2_ws/install/zed_interfaces/lib/python3.8/site-packages:${PYTHONPATH} /usr/bin/cmake --build /home/aiv/YongJun_ws/ros2_ws/build/rviz_plugin_zed_od -- -j32 -l32
[0.043s] [ 20%] [34m[1mAutomatic MOC and UIC for target rviz_plugin_zed_od[0m
[0.055s] [ 20%] Built target rviz_plugin_zed_od_autogen
[0.084s] [100%] Built target rviz_plugin_zed_od
[0.091s] Invoked command in '/home/aiv/YongJun_ws/ros2_ws/build/rviz_plugin_zed_od' returned '0': AMENT_PREFIX_PATH=/home/aiv/YongJun_ws/ros2_ws/install/zed_interfaces:${AMENT_PREFIX_PATH} CMAKE_PREFIX_PATH=/home/aiv/YongJun_ws/ros2_ws/install/zed_interfaces:/opt/ros/foxy LD_LIBRARY_PATH=/home/aiv/YongJun_ws/ros2_ws/install/zed_interfaces/lib:/opt/ros/foxy/opt/yaml_cpp_vendor/lib:/opt/ros/foxy/opt/rviz_ogre_vendor/lib:/opt/ros/foxy/lib/x86_64-linux-gnu:/opt/ros/foxy/lib:/usr/local/cuda/lib64 PYTHONPATH=/home/aiv/YongJun_ws/ros2_ws/install/zed_interfaces/lib/python3.8/site-packages:${PYTHONPATH} /usr/bin/cmake --build /home/aiv/YongJun_ws/ros2_ws/build/rviz_plugin_zed_od -- -j32 -l32
[0.111s] Invoking command in '/home/aiv/YongJun_ws/ros2_ws/build/rviz_plugin_zed_od': AMENT_PREFIX_PATH=/home/aiv/YongJun_ws/ros2_ws/install/zed_interfaces:${AMENT_PREFIX_PATH} CMAKE_PREFIX_PATH=/home/aiv/YongJun_ws/ros2_ws/install/zed_interfaces:/opt/ros/foxy LD_LIBRARY_PATH=/home/aiv/YongJun_ws/ros2_ws/install/zed_interfaces/lib:/opt/ros/foxy/opt/yaml_cpp_vendor/lib:/opt/ros/foxy/opt/rviz_ogre_vendor/lib:/opt/ros/foxy/lib/x86_64-linux-gnu:/opt/ros/foxy/lib:/usr/local/cuda/lib64 PYTHONPATH=/home/aiv/YongJun_ws/ros2_ws/install/zed_interfaces/lib/python3.8/site-packages:${PYTHONPATH} /usr/bin/cmake --install /home/aiv/YongJun_ws/ros2_ws/build/rviz_plugin_zed_od
[0.116s] -- Install configuration: ""
[0.116s] -- Up-to-date: /home/aiv/YongJun_ws/ros2_ws/install/rviz_plugin_zed_od/share/rviz_plugin_zed_od/plugins_description.xml
[0.116s] -- Up-to-date: /home/aiv/YongJun_ws/ros2_ws/install/rviz_plugin_zed_od/share/rviz_plugin_zed_od/environment/library_path.sh
[0.116s] -- Up-to-date: /home/aiv/YongJun_ws/ros2_ws/install/rviz_plugin_zed_od/share/rviz_plugin_zed_od/environment/library_path.dsv
[0.116s] -- Up-to-date: /home/aiv/YongJun_ws/ros2_ws/install/rviz_plugin_zed_od/lib/librviz_plugin_zed_od.so
[0.117s] -- Up-to-date: /home/aiv/YongJun_ws/ros2_ws/install/rviz_plugin_zed_od/include/rviz_plugin_zed_od/
[0.117s] -- Up-to-date: /home/aiv/YongJun_ws/ros2_ws/install/rviz_plugin_zed_od/include/rviz_plugin_zed_od//visibility_control.hpp
[0.117s] -- Up-to-date: /home/aiv/YongJun_ws/ros2_ws/install/rviz_plugin_zed_od/include/rviz_plugin_zed_od/
[0.117s] -- Up-to-date: /home/aiv/YongJun_ws/ros2_ws/install/rviz_plugin_zed_od/include/rviz_plugin_zed_od//zed_od_info.hpp
[0.117s] -- Up-to-date: /home/aiv/YongJun_ws/ros2_ws/install/rviz_plugin_zed_od/include/rviz_plugin_zed_od//zed_body_parts.hpp
[0.117s] -- Up-to-date: /home/aiv/YongJun_ws/ros2_ws/install/rviz_plugin_zed_od/include/rviz_plugin_zed_od//zed_od_display.hpp
[0.117s] -- Up-to-date: /home/aiv/YongJun_ws/ros2_ws/install/rviz_plugin_zed_od/share/rviz_plugin_zed_od/icons
[0.117s] -- Up-to-date: /home/aiv/YongJun_ws/ros2_ws/install/rviz_plugin_zed_od/share/rviz_plugin_zed_od/icons/ZedObjDet.png
[0.117s] -- Up-to-date: /home/aiv/YongJun_ws/ros2_ws/install/rviz_plugin_zed_od/share/ament_index/resource_index/package_run_dependencies/rviz_plugin_zed_od
[0.117s] -- Up-to-date: /home/aiv/YongJun_ws/ros2_ws/install/rviz_plugin_zed_od/share/ament_index/resource_index/parent_prefix_path/rviz_plugin_zed_od
[0.117s] -- Up-to-date: /home/aiv/YongJun_ws/ros2_ws/install/rviz_plugin_zed_od/share/rviz_plugin_zed_od/environment/ament_prefix_path.sh
[0.117s] -- Up-to-date: /home/aiv/YongJun_ws/ros2_ws/install/rviz_plugin_zed_od/share/rviz_plugin_zed_od/environment/ament_prefix_path.dsv
[0.117s] -- Up-to-date: /home/aiv/YongJun_ws/ros2_ws/install/rviz_plugin_zed_od/share/rviz_plugin_zed_od/environment/path.sh
[0.117s] -- Up-to-date: /home/aiv/YongJun_ws/ros2_ws/install/rviz_plugin_zed_od/share/rviz_plugin_zed_od/environment/path.dsv
[0.118s] -- Up-to-date: /home/aiv/YongJun_ws/ros2_ws/install/rviz_plugin_zed_od/share/rviz_plugin_zed_od/local_setup.bash
[0.118s] -- Up-to-date: /home/aiv/YongJun_ws/ros2_ws/install/rviz_plugin_zed_od/share/rviz_plugin_zed_od/local_setup.sh
[0.118s] -- Up-to-date: /home/aiv/YongJun_ws/ros2_ws/install/rviz_plugin_zed_od/share/rviz_plugin_zed_od/local_setup.zsh
[0.118s] -- Up-to-date: /home/aiv/YongJun_ws/ros2_ws/install/rviz_plugin_zed_od/share/rviz_plugin_zed_od/local_setup.dsv
[0.118s] -- Installing: /home/aiv/YongJun_ws/ros2_ws/install/rviz_plugin_zed_od/share/rviz_plugin_zed_od/package.dsv
[0.118s] -- Up-to-date: /home/aiv/YongJun_ws/ros2_ws/install/rviz_plugin_zed_od/share/ament_index/resource_index/packages/rviz_plugin_zed_od
[0.118s] -- Up-to-date: /home/aiv/YongJun_ws/ros2_ws/install/rviz_plugin_zed_od/share/ament_index/resource_index/rviz_common__pluginlib__plugin/rviz_plugin_zed_od
[0.118s] -- Up-to-date: /home/aiv/YongJun_ws/ros2_ws/install/rviz_plugin_zed_od/share/rviz_plugin_zed_od/cmake/rviz_plugin_zed_odExport.cmake
[0.118s] -- Up-to-date: /home/aiv/YongJun_ws/ros2_ws/install/rviz_plugin_zed_od/share/rviz_plugin_zed_od/cmake/rviz_plugin_zed_odExport-noconfig.cmake
[0.118s] -- Up-to-date: /home/aiv/YongJun_ws/ros2_ws/install/rviz_plugin_zed_od/share/rviz_plugin_zed_od/cmake/ament_cmake_export_include_directories-extras.cmake
[0.118s] -- Up-to-date: /home/aiv/YongJun_ws/ros2_ws/install/rviz_plugin_zed_od/share/rviz_plugin_zed_od/cmake/ament_cmake_export_targets-extras.cmake
[0.118s] -- Up-to-date: /home/aiv/YongJun_ws/ros2_ws/install/rviz_plugin_zed_od/share/rviz_plugin_zed_od/cmake/ament_cmake_export_dependencies-extras.cmake
[0.118s] -- Up-to-date: /home/aiv/YongJun_ws/ros2_ws/install/rviz_plugin_zed_od/share/rviz_plugin_zed_od/cmake/rviz_plugin_zed_odConfig.cmake
[0.118s] -- Up-to-date: /home/aiv/YongJun_ws/ros2_ws/install/rviz_plugin_zed_od/share/rviz_plugin_zed_od/cmake/rviz_plugin_zed_odConfig-version.cmake
[0.118s] -- Up-to-date: /home/aiv/YongJun_ws/ros2_ws/install/rviz_plugin_zed_od/share/rviz_plugin_zed_od/package.xml
[0.134s] Invoked command in '/home/aiv/YongJun_ws/ros2_ws/build/rviz_plugin_zed_od' returned '0': AMENT_PREFIX_PATH=/home/aiv/YongJun_ws/ros2_ws/install/zed_interfaces:${AMENT_PREFIX_PATH} CMAKE_PREFIX_PATH=/home/aiv/YongJun_ws/ros2_ws/install/zed_interfaces:/opt/ros/foxy LD_LIBRARY_PATH=/home/aiv/YongJun_ws/ros2_ws/install/zed_interfaces/lib:/opt/ros/foxy/opt/yaml_cpp_vendor/lib:/opt/ros/foxy/opt/rviz_ogre_vendor/lib:/opt/ros/foxy/lib/x86_64-linux-gnu:/opt/ros/foxy/lib:/usr/local/cuda/lib64 PYTHONPATH=/home/aiv/YongJun_ws/ros2_ws/install/zed_interfaces/lib/python3.8/site-packages:${PYTHONPATH} /usr/bin/cmake --install /home/aiv/YongJun_ws/ros2_ws/build/rviz_plugin_zed_od
