[0.036s] Invoking command in '/home/aiv/YongJun_ws/ros2_ws/build/zed_tutorial_video': CMAKE_PREFIX_PATH=${CMAKE_PREFIX_PATH}:/home/aiv/YongJun_ws/ros2_ws/install/yolov8_ros:/opt/ros/foxy /usr/bin/cmake --build /home/aiv/YongJun_ws/ros2_ws/build/zed_tutorial_video -- -j32 -l32
[0.101s] [100%] Built target zed_tutorial_video
[0.111s] Invoked command in '/home/aiv/YongJun_ws/ros2_ws/build/zed_tutorial_video' returned '0': CMAKE_PREFIX_PATH=${CMAKE_PREFIX_PATH}:/home/aiv/YongJun_ws/ros2_ws/install/yolov8_ros:/opt/ros/foxy /usr/bin/cmake --build /home/aiv/YongJun_ws/ros2_ws/build/zed_tutorial_video -- -j32 -l32
[0.143s] Invoking command in '/home/aiv/YongJun_ws/ros2_ws/build/zed_tutorial_video': CMAKE_PREFIX_PATH=${CMAKE_PREFIX_PATH}:/home/aiv/YongJun_ws/ros2_ws/install/yolov8_ros:/opt/ros/foxy /usr/bin/cmake --install /home/aiv/YongJun_ws/ros2_ws/build/zed_tutorial_video
[0.153s] -- Install configuration: "Release"
[0.153s] -- Execute custom install script
[0.154s] -- Up-to-date symlink: /home/aiv/YongJun_ws/ros2_ws/install/zed_tutorial_video/lib/zed_tutorial_video/zed_tutorial_video
[0.157s] -- Up-to-date symlink: /home/aiv/YongJun_ws/ros2_ws/install/zed_tutorial_video/share/ament_index/resource_index/package_run_dependencies/zed_tutorial_video
[0.157s] -- Up-to-date symlink: /home/aiv/YongJun_ws/ros2_ws/install/zed_tutorial_video/share/ament_index/resource_index/parent_prefix_path/zed_tutorial_video
[0.158s] -- Up-to-date symlink: /home/aiv/YongJun_ws/ros2_ws/install/zed_tutorial_video/share/zed_tutorial_video/environment/ament_prefix_path.sh
[0.161s] -- Up-to-date symlink: /home/aiv/YongJun_ws/ros2_ws/install/zed_tutorial_video/share/zed_tutorial_video/environment/ament_prefix_path.dsv
[0.161s] -- Up-to-date symlink: /home/aiv/YongJun_ws/ros2_ws/install/zed_tutorial_video/share/zed_tutorial_video/environment/path.sh
[0.162s] -- Up-to-date symlink: /home/aiv/YongJun_ws/ros2_ws/install/zed_tutorial_video/share/zed_tutorial_video/environment/path.dsv
[0.162s] -- Up-to-date symlink: /home/aiv/YongJun_ws/ros2_ws/install/zed_tutorial_video/share/zed_tutorial_video/local_setup.bash
[0.163s] -- Up-to-date symlink: /home/aiv/YongJun_ws/ros2_ws/install/zed_tutorial_video/share/zed_tutorial_video/local_setup.sh
[0.163s] -- Up-to-date symlink: /home/aiv/YongJun_ws/ros2_ws/install/zed_tutorial_video/share/zed_tutorial_video/local_setup.zsh
[0.163s] -- Up-to-date symlink: /home/aiv/YongJun_ws/ros2_ws/install/zed_tutorial_video/share/zed_tutorial_video/local_setup.dsv
[0.163s] -- Symlinking: /home/aiv/YongJun_ws/ros2_ws/install/zed_tutorial_video/share/zed_tutorial_video/package.dsv
[0.175s] -- Up-to-date symlink: /home/aiv/YongJun_ws/ros2_ws/install/zed_tutorial_video/share/ament_index/resource_index/packages/zed_tutorial_video
[0.176s] -- Up-to-date symlink: /home/aiv/YongJun_ws/ros2_ws/install/zed_tutorial_video/share/zed_tutorial_video/cmake/zed_tutorial_videoConfig.cmake
[0.176s] -- Up-to-date symlink: /home/aiv/YongJun_ws/ros2_ws/install/zed_tutorial_video/share/zed_tutorial_video/cmake/zed_tutorial_videoConfig-version.cmake
[0.177s] -- Up-to-date symlink: /home/aiv/YongJun_ws/ros2_ws/install/zed_tutorial_video/share/zed_tutorial_video/package.xml
[0.203s] Invoked command in '/home/aiv/YongJun_ws/ros2_ws/build/zed_tutorial_video' returned '0': CMAKE_PREFIX_PATH=${CMAKE_PREFIX_PATH}:/home/aiv/YongJun_ws/ros2_ws/install/yolov8_ros:/opt/ros/foxy /usr/bin/cmake --install /home/aiv/YongJun_ws/ros2_ws/build/zed_tutorial_video
