[0.007s] Invoking command in '/home/yong/yolov8_ros/build/yolov8_bringup': AMENT_PREFIX_PATH=/home/yong/yolov8_ros/install/yolov8_ros:/home/yong/yolov8_ros/install/yolov8_bringup:/home/yong/yolov8_ros/install/yolov8_msgs:/opt/ros/foxy CMAKE_PREFIX_PATH=${CMAKE_PREFIX_PATH}:/home/yong/yolov8_ros/install/yolov8_ros:/opt/ros/foxy PYTHONPATH=/home/yong/yolov8_ros/build/yolov8_ros:${PYTHONPATH} /usr/bin/cmake /home/yong/yolov8_ros/src/yolov8_ros/yolov8_bringup -DAMENT_CMAKE_SYMLINK_INSTALL=1 -DCMAKE_INSTALL_PREFIX=/home/yong/yolov8_ros/install/yolov8_bringup
[0.016s] -- Found ament_cmake: 0.9.12 (/opt/ros/foxy/share/ament_cmake/cmake)
[0.035s] -- Using PYTHON_EXECUTABLE: /usr/bin/python3
[0.191s] -- Override CMake install command with custom implementation using symlinks instead of copying resources
[0.241s] -- Configuring done
[0.242s] -- Generating done
[0.243s] -- Build files have been written to: /home/yong/yolov8_ros/build/yolov8_bringup
[0.246s] Invoked command in '/home/yong/yolov8_ros/build/yolov8_bringup' returned '0': AMENT_PREFIX_PATH=/home/yong/yolov8_ros/install/yolov8_ros:/home/yong/yolov8_ros/install/yolov8_bringup:/home/yong/yolov8_ros/install/yolov8_msgs:/opt/ros/foxy CMAKE_PREFIX_PATH=${CMAKE_PREFIX_PATH}:/home/yong/yolov8_ros/install/yolov8_ros:/opt/ros/foxy PYTHONPATH=/home/yong/yolov8_ros/build/yolov8_ros:${PYTHONPATH} /usr/bin/cmake /home/yong/yolov8_ros/src/yolov8_ros/yolov8_bringup -DAMENT_CMAKE_SYMLINK_INSTALL=1 -DCMAKE_INSTALL_PREFIX=/home/yong/yolov8_ros/install/yolov8_bringup
[0.246s] Invoking command in '/home/yong/yolov8_ros/build/yolov8_bringup': AMENT_PREFIX_PATH=/home/yong/yolov8_ros/install/yolov8_ros:/home/yong/yolov8_ros/install/yolov8_bringup:/home/yong/yolov8_ros/install/yolov8_msgs:/opt/ros/foxy CMAKE_PREFIX_PATH=${CMAKE_PREFIX_PATH}:/home/yong/yolov8_ros/install/yolov8_ros:/opt/ros/foxy PYTHONPATH=/home/yong/yolov8_ros/build/yolov8_ros:${PYTHONPATH} /usr/bin/cmake --build /home/yong/yolov8_ros/build/yolov8_bringup -- -j8 -l8
[0.269s] Invoked command in '/home/yong/yolov8_ros/build/yolov8_bringup' returned '0': AMENT_PREFIX_PATH=/home/yong/yolov8_ros/install/yolov8_ros:/home/yong/yolov8_ros/install/yolov8_bringup:/home/yong/yolov8_ros/install/yolov8_msgs:/opt/ros/foxy CMAKE_PREFIX_PATH=${CMAKE_PREFIX_PATH}:/home/yong/yolov8_ros/install/yolov8_ros:/opt/ros/foxy PYTHONPATH=/home/yong/yolov8_ros/build/yolov8_ros:${PYTHONPATH} /usr/bin/cmake --build /home/yong/yolov8_ros/build/yolov8_bringup -- -j8 -l8
[0.290s] Invoking command in '/home/yong/yolov8_ros/build/yolov8_bringup': AMENT_PREFIX_PATH=/home/yong/yolov8_ros/install/yolov8_ros:/home/yong/yolov8_ros/install/yolov8_bringup:/home/yong/yolov8_ros/install/yolov8_msgs:/opt/ros/foxy CMAKE_PREFIX_PATH=${CMAKE_PREFIX_PATH}:/home/yong/yolov8_ros/install/yolov8_ros:/opt/ros/foxy PYTHONPATH=/home/yong/yolov8_ros/build/yolov8_ros:${PYTHONPATH} /usr/bin/cmake --install /home/yong/yolov8_ros/build/yolov8_bringup
[0.296s] -- Install configuration: ""
[0.296s] -- Execute custom install script
[0.296s] -- Symlinking: /home/yong/yolov8_ros/install/yolov8_bringup/share/yolov8_bringup//launch/yolov8.launch.py
[0.303s] -- Symlinking: /home/yong/yolov8_ros/install/yolov8_bringup/share/yolov8_bringup//launch/yolov8_3d.launch.py
[0.309s] -- Symlinking: /home/yong/yolov8_ros/install/yolov8_bringup/share/yolov8_bringup//launch/yolov9.launch.py
[0.315s] -- Symlinking: /home/yong/yolov8_ros/install/yolov8_bringup/share/ament_index/resource_index/package_run_dependencies/yolov8_bringup
[0.321s] -- Symlinking: /home/yong/yolov8_ros/install/yolov8_bringup/share/ament_index/resource_index/parent_prefix_path/yolov8_bringup
[0.327s] -- Symlinking: /home/yong/yolov8_ros/install/yolov8_bringup/share/yolov8_bringup/environment/ament_prefix_path.sh
[0.332s] -- Symlinking: /home/yong/yolov8_ros/install/yolov8_bringup/share/yolov8_bringup/environment/ament_prefix_path.dsv
[0.338s] -- Symlinking: /home/yong/yolov8_ros/install/yolov8_bringup/share/yolov8_bringup/environment/path.sh
[0.343s] -- Symlinking: /home/yong/yolov8_ros/install/yolov8_bringup/share/yolov8_bringup/environment/path.dsv
[0.349s] -- Symlinking: /home/yong/yolov8_ros/install/yolov8_bringup/share/yolov8_bringup/local_setup.bash
[0.354s] -- Symlinking: /home/yong/yolov8_ros/install/yolov8_bringup/share/yolov8_bringup/local_setup.sh
[0.360s] -- Symlinking: /home/yong/yolov8_ros/install/yolov8_bringup/share/yolov8_bringup/local_setup.zsh
[0.365s] -- Symlinking: /home/yong/yolov8_ros/install/yolov8_bringup/share/yolov8_bringup/local_setup.dsv
[0.371s] -- Symlinking: /home/yong/yolov8_ros/install/yolov8_bringup/share/yolov8_bringup/package.dsv
[0.376s] -- Symlinking: /home/yong/yolov8_ros/install/yolov8_bringup/share/ament_index/resource_index/packages/yolov8_bringup
[0.382s] -- Symlinking: /home/yong/yolov8_ros/install/yolov8_bringup/share/yolov8_bringup/cmake/yolov8_bringupConfig.cmake
[0.387s] -- Symlinking: /home/yong/yolov8_ros/install/yolov8_bringup/share/yolov8_bringup/cmake/yolov8_bringupConfig-version.cmake
[0.393s] -- Symlinking: /home/yong/yolov8_ros/install/yolov8_bringup/share/yolov8_bringup/package.xml
[0.401s] Invoked command in '/home/yong/yolov8_ros/build/yolov8_bringup' returned '0': AMENT_PREFIX_PATH=/home/yong/yolov8_ros/install/yolov8_ros:/home/yong/yolov8_ros/install/yolov8_bringup:/home/yong/yolov8_ros/install/yolov8_msgs:/opt/ros/foxy CMAKE_PREFIX_PATH=${CMAKE_PREFIX_PATH}:/home/yong/yolov8_ros/install/yolov8_ros:/opt/ros/foxy PYTHONPATH=/home/yong/yolov8_ros/build/yolov8_ros:${PYTHONPATH} /usr/bin/cmake --install /home/yong/yolov8_ros/build/yolov8_bringup
