[0.712s] Invoking command in '/home/yong/YongJun_ws/build/yolov8_ros': PYTHONPATH=/home/yong/YongJun_ws/build/yolov8_ros/prefix_override:/home/yong/YongJun_ws/install/yolov8_ros/lib/python3.8/site-packages:${PYTHONPATH} /usr/bin/python3 -W ignore:setup.py install is deprecated setup.py develop --editable --build-directory /home/yong/YongJun_ws/build/yolov8_ros/build --no-deps symlink_data
[0.918s] running develop
[1.067s] running egg_info
[1.067s] writing yolov8_ros.egg-info/PKG-INFO
[1.068s] writing dependency_links to yolov8_ros.egg-info/dependency_links.txt
[1.068s] writing entry points to yolov8_ros.egg-info/entry_points.txt
[1.068s] writing requirements to yolov8_ros.egg-info/requires.txt
[1.068s] writing top-level names to yolov8_ros.egg-info/top_level.txt
[1.113s] reading manifest file 'yolov8_ros.egg-info/SOURCES.txt'
[1.113s] writing manifest file 'yolov8_ros.egg-info/SOURCES.txt'
[1.143s] running build_ext
[1.143s] Creating /home/yong/YongJun_ws/install/yolov8_ros/lib/python3.8/site-packages/yolov8-ros.egg-link (link to .)
[1.144s] Installing debug_node script to /home/yong/YongJun_ws/install/yolov8_ros/lib/yolov8_ros
[1.144s] Installing detect_3d_node script to /home/yong/YongJun_ws/install/yolov8_ros/lib/yolov8_ros
[1.144s] Installing tracking_node script to /home/yong/YongJun_ws/install/yolov8_ros/lib/yolov8_ros
[1.144s] Installing yolov8_node script to /home/yong/YongJun_ws/install/yolov8_ros/lib/yolov8_ros
[1.144s] 
[1.144s] Installed /home/yong/YongJun_ws/build/yolov8_ros
[1.144s] running symlink_data
[1.161s] Invoked command in '/home/yong/YongJun_ws/build/yolov8_ros' returned '0': PYTHONPATH=/home/yong/YongJun_ws/build/yolov8_ros/prefix_override:/home/yong/YongJun_ws/install/yolov8_ros/lib/python3.8/site-packages:${PYTHONPATH} /usr/bin/python3 -W ignore:setup.py install is deprecated setup.py develop --editable --build-directory /home/yong/YongJun_ws/build/yolov8_ros/build --no-deps symlink_data
