[0.184s] DEBUG:colcon:Command line arguments: ['/usr/bin/colcon', 'build']
[0.184s] DEBUG:colcon:Parsed command line arguments: Namespace(allow_overriding=[], ament_cmake_args=None, base_paths=['.'], build_base='build', catkin_cmake_args=None, catkin_skip_building_tests=False, cmake_args=None, cmake_clean_cache=False, cmake_clean_first=False, cmake_force_configure=False, cmake_target=None, cmake_target_skip_unavailable=False, continue_on_error=False, event_handlers=None, executor='parallel', ignore_user_meta=False, install_base='install', log_base=None, log_level=None, main=<bound method BuildVerb.main of <colcon_core.verb.build.BuildVerb object at 0x7efd74d33c70>>, merge_install=False, metas=['./colcon.meta'], packages_above=None, packages_above_and_dependencies=None, packages_above_depth=None, packages_end=None, packages_ignore=None, packages_ignore_regex=None, packages_select=None, packages_select_build_failed=False, packages_select_by_dep=None, packages_select_regex=None, packages_select_test_failures=False, packages_skip=None, packages_skip_build_finished=False, packages_skip_by_dep=None, packages_skip_regex=None, packages_skip_test_passed=False, packages_skip_up_to=None, packages_start=None, packages_up_to=None, packages_up_to_regex=None, parallel_workers=8, paths=None, symlink_install=False, test_result_base=None, verb_extension=<colcon_core.verb.build.BuildVerb object at 0x7efd74d33c70>, verb_name='build', verb_parser=<colcon_defaults.argument_parser.defaults.DefaultArgumentsDecorator object at 0x7efd74d451f0>)
[0.311s] Level 1:colcon.colcon_core.package_discovery:discover_packages(colcon_meta) check parameters
[0.311s] Level 1:colcon.colcon_core.package_discovery:discover_packages(recursive) check parameters
[0.311s] Level 1:colcon.colcon_core.package_discovery:discover_packages(ignore) check parameters
[0.311s] Level 1:colcon.colcon_core.package_discovery:discover_packages(path) check parameters
[0.311s] Level 1:colcon.colcon_core.package_discovery:discover_packages(colcon_meta) discover
[0.311s] Level 1:colcon.colcon_core.package_discovery:discover_packages(recursive) discover
[0.311s] INFO:colcon.colcon_core.package_discovery:Crawling recursively for packages in '/home/yong/sensor'
[0.311s] Level 1:colcon.colcon_core.package_identification:_identify(.) by extensions ['ignore', 'ignore_ament_install']
[0.311s] Level 1:colcon.colcon_core.package_identification:_identify(.) by extension 'ignore'
[0.311s] Level 1:colcon.colcon_core.package_identification:_identify(.) by extension 'ignore_ament_install'
[0.311s] Level 1:colcon.colcon_core.package_identification:_identify(.) by extensions ['colcon_pkg']
[0.311s] Level 1:colcon.colcon_core.package_identification:_identify(.) by extension 'colcon_pkg'
[0.312s] Level 1:colcon.colcon_core.package_identification:_identify(.) by extensions ['colcon_meta']
[0.312s] Level 1:colcon.colcon_core.package_identification:_identify(.) by extension 'colcon_meta'
[0.312s] Level 1:colcon.colcon_core.package_identification:_identify(.) by extensions ['ros']
[0.312s] Level 1:colcon.colcon_core.package_identification:_identify(.) by extension 'ros'
[0.319s] Level 1:colcon.colcon_core.package_identification:_identify(.) by extensions ['cmake', 'python']
[0.319s] Level 1:colcon.colcon_core.package_identification:_identify(.) by extension 'cmake'
[0.319s] Level 1:colcon.colcon_core.package_identification:_identify(.) by extension 'python'
[0.320s] Level 1:colcon.colcon_core.package_identification:_identify(.) by extensions ['python_setup_py']
[0.320s] Level 1:colcon.colcon_core.package_identification:_identify(.) by extension 'python_setup_py'
[0.320s] Level 1:colcon.colcon_core.package_identification:_identify(build) by extensions ['ignore', 'ignore_ament_install']
[0.320s] Level 1:colcon.colcon_core.package_identification:_identify(build) by extension 'ignore'
[0.320s] Level 1:colcon.colcon_core.package_identification:_identify(build) ignored
[0.320s] Level 1:colcon.colcon_core.package_identification:_identify(install) by extensions ['ignore', 'ignore_ament_install']
[0.320s] Level 1:colcon.colcon_core.package_identification:_identify(install) by extension 'ignore'
[0.320s] Level 1:colcon.colcon_core.package_identification:_identify(install) ignored
[0.320s] Level 1:colcon.colcon_core.package_identification:_identify(log) by extensions ['ignore', 'ignore_ament_install']
[0.320s] Level 1:colcon.colcon_core.package_identification:_identify(log) by extension 'ignore'
[0.320s] Level 1:colcon.colcon_core.package_identification:_identify(log) ignored
[0.320s] Level 1:colcon.colcon_core.package_identification:_identify(src) by extensions ['ignore', 'ignore_ament_install']
[0.320s] Level 1:colcon.colcon_core.package_identification:_identify(src) by extension 'ignore'
[0.320s] Level 1:colcon.colcon_core.package_identification:_identify(src) by extension 'ignore_ament_install'
[0.320s] Level 1:colcon.colcon_core.package_identification:_identify(src) by extensions ['colcon_pkg']
[0.320s] Level 1:colcon.colcon_core.package_identification:_identify(src) by extension 'colcon_pkg'
[0.320s] Level 1:colcon.colcon_core.package_identification:_identify(src) by extensions ['colcon_meta']
[0.320s] Level 1:colcon.colcon_core.package_identification:_identify(src) by extension 'colcon_meta'
[0.320s] Level 1:colcon.colcon_core.package_identification:_identify(src) by extensions ['ros']
[0.320s] Level 1:colcon.colcon_core.package_identification:_identify(src) by extension 'ros'
[0.320s] Level 1:colcon.colcon_core.package_identification:_identify(src) by extensions ['cmake', 'python']
[0.321s] Level 1:colcon.colcon_core.package_identification:_identify(src) by extension 'cmake'
[0.321s] Level 1:colcon.colcon_core.package_identification:_identify(src) by extension 'python'
[0.321s] Level 1:colcon.colcon_core.package_identification:_identify(src) by extensions ['python_setup_py']
[0.321s] Level 1:colcon.colcon_core.package_identification:_identify(src) by extension 'python_setup_py'
[0.321s] Level 1:colcon.colcon_core.package_identification:_identify(src/usb_cam) by extensions ['ignore', 'ignore_ament_install']
[0.321s] Level 1:colcon.colcon_core.package_identification:_identify(src/usb_cam) by extension 'ignore'
[0.321s] Level 1:colcon.colcon_core.package_identification:_identify(src/usb_cam) by extension 'ignore_ament_install'
[0.321s] Level 1:colcon.colcon_core.package_identification:_identify(src/usb_cam) by extensions ['colcon_pkg']
[0.321s] Level 1:colcon.colcon_core.package_identification:_identify(src/usb_cam) by extension 'colcon_pkg'
[0.321s] Level 1:colcon.colcon_core.package_identification:_identify(src/usb_cam) by extensions ['colcon_meta']
[0.321s] Level 1:colcon.colcon_core.package_identification:_identify(src/usb_cam) by extension 'colcon_meta'
[0.321s] Level 1:colcon.colcon_core.package_identification:_identify(src/usb_cam) by extensions ['ros']
[0.321s] Level 1:colcon.colcon_core.package_identification:_identify(src/usb_cam) by extension 'ros'
[0.327s] DEBUG:colcon.colcon_core.package_identification:Package 'src/usb_cam' with type 'ros.ament_cmake' and name 'usb_cam'
[0.327s] Level 1:colcon.colcon_core.package_identification:_identify(src/yolov8_ros) by extensions ['ignore', 'ignore_ament_install']
[0.327s] Level 1:colcon.colcon_core.package_identification:_identify(src/yolov8_ros) by extension 'ignore'
[0.327s] Level 1:colcon.colcon_core.package_identification:_identify(src/yolov8_ros) by extension 'ignore_ament_install'
[0.327s] Level 1:colcon.colcon_core.package_identification:_identify(src/yolov8_ros) by extensions ['colcon_pkg']
[0.327s] Level 1:colcon.colcon_core.package_identification:_identify(src/yolov8_ros) by extension 'colcon_pkg'
[0.327s] Level 1:colcon.colcon_core.package_identification:_identify(src/yolov8_ros) by extensions ['colcon_meta']
[0.327s] Level 1:colcon.colcon_core.package_identification:_identify(src/yolov8_ros) by extension 'colcon_meta'
[0.327s] Level 1:colcon.colcon_core.package_identification:_identify(src/yolov8_ros) by extensions ['ros']
[0.327s] Level 1:colcon.colcon_core.package_identification:_identify(src/yolov8_ros) by extension 'ros'
[0.327s] Level 1:colcon.colcon_core.package_identification:_identify(src/yolov8_ros) by extensions ['cmake', 'python']
[0.327s] Level 1:colcon.colcon_core.package_identification:_identify(src/yolov8_ros) by extension 'cmake'
[0.327s] Level 1:colcon.colcon_core.package_identification:_identify(src/yolov8_ros) by extension 'python'
[0.327s] Level 1:colcon.colcon_core.package_identification:_identify(src/yolov8_ros) by extensions ['python_setup_py']
[0.327s] Level 1:colcon.colcon_core.package_identification:_identify(src/yolov8_ros) by extension 'python_setup_py'
[0.328s] Level 1:colcon.colcon_core.package_identification:_identify(src/yolov8_ros/docs) by extensions ['ignore', 'ignore_ament_install']
[0.328s] Level 1:colcon.colcon_core.package_identification:_identify(src/yolov8_ros/docs) by extension 'ignore'
[0.328s] Level 1:colcon.colcon_core.package_identification:_identify(src/yolov8_ros/docs) by extension 'ignore_ament_install'
[0.328s] Level 1:colcon.colcon_core.package_identification:_identify(src/yolov8_ros/docs) by extensions ['colcon_pkg']
[0.328s] Level 1:colcon.colcon_core.package_identification:_identify(src/yolov8_ros/docs) by extension 'colcon_pkg'
[0.328s] Level 1:colcon.colcon_core.package_identification:_identify(src/yolov8_ros/docs) by extensions ['colcon_meta']
[0.328s] Level 1:colcon.colcon_core.package_identification:_identify(src/yolov8_ros/docs) by extension 'colcon_meta'
[0.328s] Level 1:colcon.colcon_core.package_identification:_identify(src/yolov8_ros/docs) by extensions ['ros']
[0.328s] Level 1:colcon.colcon_core.package_identification:_identify(src/yolov8_ros/docs) by extension 'ros'
[0.328s] Level 1:colcon.colcon_core.package_identification:_identify(src/yolov8_ros/docs) by extensions ['cmake', 'python']
[0.328s] Level 1:colcon.colcon_core.package_identification:_identify(src/yolov8_ros/docs) by extension 'cmake'
[0.328s] Level 1:colcon.colcon_core.package_identification:_identify(src/yolov8_ros/docs) by extension 'python'
[0.328s] Level 1:colcon.colcon_core.package_identification:_identify(src/yolov8_ros/docs) by extensions ['python_setup_py']
[0.328s] Level 1:colcon.colcon_core.package_identification:_identify(src/yolov8_ros/docs) by extension 'python_setup_py'
[0.328s] Level 1:colcon.colcon_core.package_identification:_identify(src/yolov8_ros/yolov8_bringup) by extensions ['ignore', 'ignore_ament_install']
[0.328s] Level 1:colcon.colcon_core.package_identification:_identify(src/yolov8_ros/yolov8_bringup) by extension 'ignore'
[0.328s] Level 1:colcon.colcon_core.package_identification:_identify(src/yolov8_ros/yolov8_bringup) by extension 'ignore_ament_install'
[0.328s] Level 1:colcon.colcon_core.package_identification:_identify(src/yolov8_ros/yolov8_bringup) by extensions ['colcon_pkg']
[0.328s] Level 1:colcon.colcon_core.package_identification:_identify(src/yolov8_ros/yolov8_bringup) by extension 'colcon_pkg'
[0.328s] Level 1:colcon.colcon_core.package_identification:_identify(src/yolov8_ros/yolov8_bringup) by extensions ['colcon_meta']
[0.328s] Level 1:colcon.colcon_core.package_identification:_identify(src/yolov8_ros/yolov8_bringup) by extension 'colcon_meta'
[0.328s] Level 1:colcon.colcon_core.package_identification:_identify(src/yolov8_ros/yolov8_bringup) by extensions ['ros']
[0.328s] Level 1:colcon.colcon_core.package_identification:_identify(src/yolov8_ros/yolov8_bringup) by extension 'ros'
[0.329s] DEBUG:colcon.colcon_core.package_identification:Package 'src/yolov8_ros/yolov8_bringup' with type 'ros.ament_cmake' and name 'yolov8_bringup'
[0.329s] Level 1:colcon.colcon_core.package_identification:_identify(src/yolov8_ros/yolov8_msgs) by extensions ['ignore', 'ignore_ament_install']
[0.329s] Level 1:colcon.colcon_core.package_identification:_identify(src/yolov8_ros/yolov8_msgs) by extension 'ignore'
[0.329s] Level 1:colcon.colcon_core.package_identification:_identify(src/yolov8_ros/yolov8_msgs) by extension 'ignore_ament_install'
[0.329s] Level 1:colcon.colcon_core.package_identification:_identify(src/yolov8_ros/yolov8_msgs) by extensions ['colcon_pkg']
[0.329s] Level 1:colcon.colcon_core.package_identification:_identify(src/yolov8_ros/yolov8_msgs) by extension 'colcon_pkg'
[0.329s] Level 1:colcon.colcon_core.package_identification:_identify(src/yolov8_ros/yolov8_msgs) by extensions ['colcon_meta']
[0.329s] Level 1:colcon.colcon_core.package_identification:_identify(src/yolov8_ros/yolov8_msgs) by extension 'colcon_meta'
[0.329s] Level 1:colcon.colcon_core.package_identification:_identify(src/yolov8_ros/yolov8_msgs) by extensions ['ros']
[0.329s] Level 1:colcon.colcon_core.package_identification:_identify(src/yolov8_ros/yolov8_msgs) by extension 'ros'
[0.330s] DEBUG:colcon.colcon_core.package_identification:Package 'src/yolov8_ros/yolov8_msgs' with type 'ros.ament_cmake' and name 'yolov8_msgs'
[0.330s] Level 1:colcon.colcon_core.package_identification:_identify(src/yolov8_ros/yolov8_ros) by extensions ['ignore', 'ignore_ament_install']
[0.330s] Level 1:colcon.colcon_core.package_identification:_identify(src/yolov8_ros/yolov8_ros) by extension 'ignore'
[0.330s] Level 1:colcon.colcon_core.package_identification:_identify(src/yolov8_ros/yolov8_ros) by extension 'ignore_ament_install'
[0.330s] Level 1:colcon.colcon_core.package_identification:_identify(src/yolov8_ros/yolov8_ros) by extensions ['colcon_pkg']
[0.330s] Level 1:colcon.colcon_core.package_identification:_identify(src/yolov8_ros/yolov8_ros) by extension 'colcon_pkg'
[0.330s] Level 1:colcon.colcon_core.package_identification:_identify(src/yolov8_ros/yolov8_ros) by extensions ['colcon_meta']
[0.330s] Level 1:colcon.colcon_core.package_identification:_identify(src/yolov8_ros/yolov8_ros) by extension 'colcon_meta'
[0.330s] Level 1:colcon.colcon_core.package_identification:_identify(src/yolov8_ros/yolov8_ros) by extensions ['ros']
[0.330s] Level 1:colcon.colcon_core.package_identification:_identify(src/yolov8_ros/yolov8_ros) by extension 'ros'
[0.330s] DEBUG:colcon.colcon_core.package_identification:Package 'src/yolov8_ros/yolov8_ros' with type 'ros.ament_python' and name 'yolov8_ros'
[0.331s] Level 1:colcon.colcon_core.package_discovery:discover_packages(recursive) using defaults
[0.331s] Level 1:colcon.colcon_core.package_discovery:discover_packages(ignore) discover
[0.331s] Level 1:colcon.colcon_core.package_discovery:discover_packages(ignore) using defaults
[0.331s] Level 1:colcon.colcon_core.package_discovery:discover_packages(path) discover
[0.331s] Level 1:colcon.colcon_core.package_discovery:discover_packages(path) using defaults
[0.348s] Level 1:colcon.colcon_core.package_discovery:discover_packages(prefix_path) check parameters
[0.348s] Level 1:colcon.colcon_core.package_discovery:discover_packages(prefix_path) discover
[0.349s] WARNING:colcon.colcon_ros.prefix_path.ament:The path '/home/yong/sensor/install/yolov8_bringup' in the environment variable AMENT_PREFIX_PATH doesn't exist
[0.349s] WARNING:colcon.colcon_ros.prefix_path.ament:The path '/home/yong/sensor/install/yolov8_ros' in the environment variable AMENT_PREFIX_PATH doesn't exist
[0.349s] WARNING:colcon.colcon_ros.prefix_path.ament:The path '/home/yong/sensor/install/yolov8_msgs' in the environment variable AMENT_PREFIX_PATH doesn't exist
[0.349s] WARNING:colcon.colcon_ros.prefix_path.ament:The path '/home/yong/sensor/install/yolov5_ros2' in the environment variable AMENT_PREFIX_PATH doesn't exist
[0.349s] WARNING:colcon.colcon_ros.prefix_path.ament:The path '/home/yong/sensor/install/yolov5_ros' in the environment variable AMENT_PREFIX_PATH doesn't exist
[0.350s] WARNING:colcon.colcon_ros.prefix_path.ament:The path '/home/yong/sensor/install/boundingboxes' in the environment variable AMENT_PREFIX_PATH doesn't exist
[0.350s] WARNING:colcon.colcon_ros.prefix_path.ament:The path '/home/yong/sensor/install/bboxes_ex_msgs' in the environment variable AMENT_PREFIX_PATH doesn't exist
[0.350s] WARNING:colcon.colcon_ros.prefix_path.catkin:The path '/home/yong/sensor/install/yolov8_bringup' in the environment variable CMAKE_PREFIX_PATH doesn't exist
[0.350s] WARNING:colcon.colcon_ros.prefix_path.catkin:The path '/home/yong/sensor/install/yolov8_msgs' in the environment variable CMAKE_PREFIX_PATH doesn't exist
[0.350s] WARNING:colcon.colcon_ros.prefix_path.catkin:The path '/home/yong/sensor/install/boundingboxes' in the environment variable CMAKE_PREFIX_PATH doesn't exist
[0.350s] WARNING:colcon.colcon_ros.prefix_path.catkin:The path '/home/yong/sensor/install/bboxes_ex_msgs' in the environment variable CMAKE_PREFIX_PATH doesn't exist
[0.350s] DEBUG:colcon.colcon_installed_package_information.package_discovery:Found 1 installed packages in /home/yong/sensor/install
[0.351s] DEBUG:colcon.colcon_installed_package_information.package_discovery:Found 277 installed packages in /opt/ros/foxy
[0.352s] Level 1:colcon.colcon_core.package_discovery:discover_packages(prefix_path) using defaults
[0.400s] Level 5:colcon.colcon_core.verb:set package 'usb_cam' build argument 'cmake_args' from command line to 'None'
[0.400s] Level 5:colcon.colcon_core.verb:set package 'usb_cam' build argument 'cmake_target' from command line to 'None'
[0.400s] Level 5:colcon.colcon_core.verb:set package 'usb_cam' build argument 'cmake_target_skip_unavailable' from command line to 'False'
[0.400s] Level 5:colcon.colcon_core.verb:set package 'usb_cam' build argument 'cmake_clean_cache' from command line to 'False'
[0.400s] Level 5:colcon.colcon_core.verb:set package 'usb_cam' build argument 'cmake_clean_first' from command line to 'False'
[0.400s] Level 5:colcon.colcon_core.verb:set package 'usb_cam' build argument 'cmake_force_configure' from command line to 'False'
[0.401s] Level 5:colcon.colcon_core.verb:set package 'usb_cam' build argument 'ament_cmake_args' from command line to 'None'
[0.401s] Level 5:colcon.colcon_core.verb:set package 'usb_cam' build argument 'catkin_cmake_args' from command line to 'None'
[0.401s] Level 5:colcon.colcon_core.verb:set package 'usb_cam' build argument 'catkin_skip_building_tests' from command line to 'False'
[0.401s] DEBUG:colcon.colcon_core.verb:Building package 'usb_cam' with the following arguments: {'ament_cmake_args': None, 'build_base': '/home/yong/sensor/build/usb_cam', 'catkin_cmake_args': None, 'catkin_skip_building_tests': False, 'cmake_args': None, 'cmake_clean_cache': False, 'cmake_clean_first': False, 'cmake_force_configure': False, 'cmake_target': None, 'cmake_target_skip_unavailable': False, 'install_base': '/home/yong/sensor/install/usb_cam', 'merge_install': False, 'path': '/home/yong/sensor/src/usb_cam', 'symlink_install': False, 'test_result_base': None}
[0.401s] Level 5:colcon.colcon_core.verb:set package 'yolov8_msgs' build argument 'cmake_args' from command line to 'None'
[0.401s] Level 5:colcon.colcon_core.verb:set package 'yolov8_msgs' build argument 'cmake_target' from command line to 'None'
[0.401s] Level 5:colcon.colcon_core.verb:set package 'yolov8_msgs' build argument 'cmake_target_skip_unavailable' from command line to 'False'
[0.401s] Level 5:colcon.colcon_core.verb:set package 'yolov8_msgs' build argument 'cmake_clean_cache' from command line to 'False'
[0.401s] Level 5:colcon.colcon_core.verb:set package 'yolov8_msgs' build argument 'cmake_clean_first' from command line to 'False'
[0.401s] Level 5:colcon.colcon_core.verb:set package 'yolov8_msgs' build argument 'cmake_force_configure' from command line to 'False'
[0.401s] Level 5:colcon.colcon_core.verb:set package 'yolov8_msgs' build argument 'ament_cmake_args' from command line to 'None'
[0.401s] Level 5:colcon.colcon_core.verb:set package 'yolov8_msgs' build argument 'catkin_cmake_args' from command line to 'None'
[0.401s] Level 5:colcon.colcon_core.verb:set package 'yolov8_msgs' build argument 'catkin_skip_building_tests' from command line to 'False'
[0.401s] DEBUG:colcon.colcon_core.verb:Building package 'yolov8_msgs' with the following arguments: {'ament_cmake_args': None, 'build_base': '/home/yong/sensor/build/yolov8_msgs', 'catkin_cmake_args': None, 'catkin_skip_building_tests': False, 'cmake_args': None, 'cmake_clean_cache': False, 'cmake_clean_first': False, 'cmake_force_configure': False, 'cmake_target': None, 'cmake_target_skip_unavailable': False, 'install_base': '/home/yong/sensor/install/yolov8_msgs', 'merge_install': False, 'path': '/home/yong/sensor/src/yolov8_ros/yolov8_msgs', 'symlink_install': False, 'test_result_base': None}
[0.401s] Level 5:colcon.colcon_core.verb:set package 'yolov8_ros' build argument 'cmake_args' from command line to 'None'
[0.401s] Level 5:colcon.colcon_core.verb:set package 'yolov8_ros' build argument 'cmake_target' from command line to 'None'
[0.401s] Level 5:colcon.colcon_core.verb:set package 'yolov8_ros' build argument 'cmake_target_skip_unavailable' from command line to 'False'
[0.401s] Level 5:colcon.colcon_core.verb:set package 'yolov8_ros' build argument 'cmake_clean_cache' from command line to 'False'
[0.401s] Level 5:colcon.colcon_core.verb:set package 'yolov8_ros' build argument 'cmake_clean_first' from command line to 'False'
[0.401s] Level 5:colcon.colcon_core.verb:set package 'yolov8_ros' build argument 'cmake_force_configure' from command line to 'False'
[0.401s] Level 5:colcon.colcon_core.verb:set package 'yolov8_ros' build argument 'ament_cmake_args' from command line to 'None'
[0.401s] Level 5:colcon.colcon_core.verb:set package 'yolov8_ros' build argument 'catkin_cmake_args' from command line to 'None'
[0.401s] Level 5:colcon.colcon_core.verb:set package 'yolov8_ros' build argument 'catkin_skip_building_tests' from command line to 'False'
[0.401s] DEBUG:colcon.colcon_core.verb:Building package 'yolov8_ros' with the following arguments: {'ament_cmake_args': None, 'build_base': '/home/yong/sensor/build/yolov8_ros', 'catkin_cmake_args': None, 'catkin_skip_building_tests': False, 'cmake_args': None, 'cmake_clean_cache': False, 'cmake_clean_first': False, 'cmake_force_configure': False, 'cmake_target': None, 'cmake_target_skip_unavailable': False, 'install_base': '/home/yong/sensor/install/yolov8_ros', 'merge_install': False, 'path': '/home/yong/sensor/src/yolov8_ros/yolov8_ros', 'symlink_install': False, 'test_result_base': None}
[0.402s] Level 5:colcon.colcon_core.verb:set package 'yolov8_bringup' build argument 'cmake_args' from command line to 'None'
[0.402s] Level 5:colcon.colcon_core.verb:set package 'yolov8_bringup' build argument 'cmake_target' from command line to 'None'
[0.402s] Level 5:colcon.colcon_core.verb:set package 'yolov8_bringup' build argument 'cmake_target_skip_unavailable' from command line to 'False'
[0.402s] Level 5:colcon.colcon_core.verb:set package 'yolov8_bringup' build argument 'cmake_clean_cache' from command line to 'False'
[0.402s] Level 5:colcon.colcon_core.verb:set package 'yolov8_bringup' build argument 'cmake_clean_first' from command line to 'False'
[0.402s] Level 5:colcon.colcon_core.verb:set package 'yolov8_bringup' build argument 'cmake_force_configure' from command line to 'False'
[0.402s] Level 5:colcon.colcon_core.verb:set package 'yolov8_bringup' build argument 'ament_cmake_args' from command line to 'None'
[0.402s] Level 5:colcon.colcon_core.verb:set package 'yolov8_bringup' build argument 'catkin_cmake_args' from command line to 'None'
[0.402s] Level 5:colcon.colcon_core.verb:set package 'yolov8_bringup' build argument 'catkin_skip_building_tests' from command line to 'False'
[0.402s] DEBUG:colcon.colcon_core.verb:Building package 'yolov8_bringup' with the following arguments: {'ament_cmake_args': None, 'build_base': '/home/yong/sensor/build/yolov8_bringup', 'catkin_cmake_args': None, 'catkin_skip_building_tests': False, 'cmake_args': None, 'cmake_clean_cache': False, 'cmake_clean_first': False, 'cmake_force_configure': False, 'cmake_target': None, 'cmake_target_skip_unavailable': False, 'install_base': '/home/yong/sensor/install/yolov8_bringup', 'merge_install': False, 'path': '/home/yong/sensor/src/yolov8_ros/yolov8_bringup', 'symlink_install': False, 'test_result_base': None}
[0.402s] INFO:colcon.colcon_core.executor:Executing jobs using 'parallel' executor
[0.403s] DEBUG:colcon.colcon_parallel_executor.executor.parallel:run_until_complete
[0.403s] INFO:colcon.colcon_ros.task.ament_python.build:Building ROS package in '/home/yong/sensor/src/yolov8_ros/yolov8_ros' with build type 'ament_python'
[0.403s] Level 1:colcon.colcon_core.shell:create_environment_hook('yolov8_ros', 'ament_prefix_path')
[0.405s] INFO:colcon.colcon_core.plugin_system:Skipping extension 'colcon_core.shell.bat': Not used on non-Windows systems
[0.405s] INFO:colcon.colcon_core.shell:Creating environment hook '/home/yong/sensor/install/yolov8_ros/share/yolov8_ros/hook/ament_prefix_path.ps1'
[0.405s] INFO:colcon.colcon_core.shell:Creating environment descriptor '/home/yong/sensor/install/yolov8_ros/share/yolov8_ros/hook/ament_prefix_path.dsv'
[0.406s] INFO:colcon.colcon_core.shell:Creating environment hook '/home/yong/sensor/install/yolov8_ros/share/yolov8_ros/hook/ament_prefix_path.sh'
[0.406s] INFO:colcon.colcon_core.shell:Skip shell extension 'powershell' for command environment: Not usable outside of PowerShell
[0.406s] DEBUG:colcon.colcon_core.shell:Skip shell extension 'dsv' for command environment
[0.410s] INFO:colcon.colcon_ros.task.ament_cmake.build:Building ROS package in '/home/yong/sensor/src/usb_cam' with build type 'ament_cmake'
[0.410s] INFO:colcon.colcon_cmake.task.cmake.build:Building CMake package in '/home/yong/sensor/src/usb_cam'
[0.410s] INFO:colcon.colcon_core.shell:Skip shell extension 'powershell' for command environment: Not usable outside of PowerShell
[0.410s] DEBUG:colcon.colcon_core.shell:Skip shell extension 'dsv' for command environment
[0.413s] INFO:colcon.colcon_ros.task.ament_cmake.build:Building ROS package in '/home/yong/sensor/src/yolov8_ros/yolov8_msgs' with build type 'ament_cmake'
[0.413s] INFO:colcon.colcon_cmake.task.cmake.build:Building CMake package in '/home/yong/sensor/src/yolov8_ros/yolov8_msgs'
[0.414s] INFO:colcon.colcon_core.shell:Skip shell extension 'powershell' for command environment: Not usable outside of PowerShell
[0.414s] DEBUG:colcon.colcon_core.shell:Skip shell extension 'dsv' for command environment
[0.588s] INFO:colcon.colcon_core.task.python.build:Building Python package in '/home/yong/sensor/src/yolov8_ros/yolov8_ros'
[0.588s] INFO:colcon.colcon_core.shell:Skip shell extension 'powershell' for command environment: Not usable outside of PowerShell
[0.588s] DEBUG:colcon.colcon_core.shell:Skip shell extension 'dsv' for command environment
[0.595s] DEBUG:colcon.colcon_core.event_handler.log_command:Invoking command in '/home/yong/sensor/build/usb_cam': CMAKE_PREFIX_PATH=${CMAKE_PREFIX_PATH}:/home/yong/sensor/install/yolov8_ros:/home/yong/sensor/install/yolov5_ros2:/home/yong/sensor/install/yolov5_ros:/opt/ros/foxy /usr/bin/cmake --build /home/yong/sensor/build/usb_cam -- -j8 -l8
[0.600s] DEBUG:colcon.colcon_core.event_handler.log_command:Invoking command in '/home/yong/sensor/build/yolov8_msgs': CMAKE_PREFIX_PATH=${CMAKE_PREFIX_PATH}:/home/yong/sensor/install/yolov8_ros:/home/yong/sensor/install/yolov5_ros2:/home/yong/sensor/install/yolov5_ros:/opt/ros/foxy /usr/bin/cmake /home/yong/sensor/src/yolov8_ros/yolov8_msgs -DCMAKE_INSTALL_PREFIX=/home/yong/sensor/install/yolov8_msgs
[0.678s] DEBUG:colcon.colcon_core.event_handler.log_command:Invoked command in '/home/yong/sensor/build/usb_cam' returned '0': CMAKE_PREFIX_PATH=${CMAKE_PREFIX_PATH}:/home/yong/sensor/install/yolov8_ros:/home/yong/sensor/install/yolov5_ros2:/home/yong/sensor/install/yolov5_ros:/opt/ros/foxy /usr/bin/cmake --build /home/yong/sensor/build/usb_cam -- -j8 -l8
[0.707s] DEBUG:colcon.colcon_core.event_handler.log_command:Invoking command in '/home/yong/sensor/build/usb_cam': CMAKE_PREFIX_PATH=${CMAKE_PREFIX_PATH}:/home/yong/sensor/install/yolov8_ros:/home/yong/sensor/install/yolov5_ros2:/home/yong/sensor/install/yolov5_ros:/opt/ros/foxy /usr/bin/cmake --install /home/yong/sensor/build/usb_cam
[0.716s] Level 1:colcon.colcon_core.environment:create_environment_scripts_only(usb_cam)
[0.717s] DEBUG:colcon.colcon_core.event_handler.log_command:Invoked command in '/home/yong/sensor/build/usb_cam' returned '0': CMAKE_PREFIX_PATH=${CMAKE_PREFIX_PATH}:/home/yong/sensor/install/yolov8_ros:/home/yong/sensor/install/yolov5_ros2:/home/yong/sensor/install/yolov5_ros:/opt/ros/foxy /usr/bin/cmake --install /home/yong/sensor/build/usb_cam
[0.719s] Level 1:colcon.colcon_core.environment:checking '/home/yong/sensor/install/usb_cam' for CMake module files
[0.719s] Level 1:colcon.colcon_core.environment:checking '/home/yong/sensor/install/usb_cam' for CMake config files
[0.721s] Level 1:colcon.colcon_core.shell:create_environment_hook('usb_cam', 'cmake_prefix_path')
[0.721s] INFO:colcon.colcon_core.shell:Creating environment hook '/home/yong/sensor/install/usb_cam/share/usb_cam/hook/cmake_prefix_path.ps1'
[0.721s] INFO:colcon.colcon_core.shell:Creating environment descriptor '/home/yong/sensor/install/usb_cam/share/usb_cam/hook/cmake_prefix_path.dsv'
[0.721s] INFO:colcon.colcon_core.shell:Creating environment hook '/home/yong/sensor/install/usb_cam/share/usb_cam/hook/cmake_prefix_path.sh'
[0.722s] Level 1:colcon.colcon_core.environment:checking '/home/yong/sensor/install/usb_cam/lib'
[0.722s] Level 1:colcon.colcon_core.shell:create_environment_hook('usb_cam', 'ld_library_path_lib')
[0.722s] INFO:colcon.colcon_core.shell:Creating environment hook '/home/yong/sensor/install/usb_cam/share/usb_cam/hook/ld_library_path_lib.ps1'
[0.723s] INFO:colcon.colcon_core.shell:Creating environment descriptor '/home/yong/sensor/install/usb_cam/share/usb_cam/hook/ld_library_path_lib.dsv'
[0.723s] INFO:colcon.colcon_core.shell:Creating environment hook '/home/yong/sensor/install/usb_cam/share/usb_cam/hook/ld_library_path_lib.sh'
[0.723s] Level 1:colcon.colcon_core.environment:checking '/home/yong/sensor/install/usb_cam/bin'
[0.723s] Level 1:colcon.colcon_core.environment:checking '/home/yong/sensor/install/usb_cam/lib/pkgconfig/usb_cam.pc'
[0.723s] Level 1:colcon.colcon_core.environment:checking '/home/yong/sensor/install/usb_cam/lib/python3.8/site-packages'
[0.724s] Level 1:colcon.colcon_core.environment:checking '/home/yong/sensor/install/usb_cam/bin'
[0.724s] INFO:colcon.colcon_core.shell:Creating package script '/home/yong/sensor/install/usb_cam/share/usb_cam/package.ps1'
[0.724s] INFO:colcon.colcon_core.shell:Creating package descriptor '/home/yong/sensor/install/usb_cam/share/usb_cam/package.dsv'
[0.725s] INFO:colcon.colcon_core.shell:Creating package script '/home/yong/sensor/install/usb_cam/share/usb_cam/package.sh'
[0.725s] INFO:colcon.colcon_core.shell:Creating package script '/home/yong/sensor/install/usb_cam/share/usb_cam/package.bash'
[0.726s] INFO:colcon.colcon_core.shell:Creating package script '/home/yong/sensor/install/usb_cam/share/usb_cam/package.zsh'
[0.726s] Level 1:colcon.colcon_core.environment:create_file_with_runtime_dependencies(/home/yong/sensor/install/usb_cam/share/colcon-core/packages/usb_cam)
[0.747s] Level 1:colcon.colcon_core.environment:create_environment_scripts_only(usb_cam)
[0.748s] Level 1:colcon.colcon_core.environment:checking '/home/yong/sensor/install/usb_cam' for CMake module files
[0.748s] Level 1:colcon.colcon_core.environment:checking '/home/yong/sensor/install/usb_cam' for CMake config files
[0.748s] Level 1:colcon.colcon_core.shell:create_environment_hook('usb_cam', 'cmake_prefix_path')
[0.748s] INFO:colcon.colcon_core.shell:Creating environment hook '/home/yong/sensor/install/usb_cam/share/usb_cam/hook/cmake_prefix_path.ps1'
[0.749s] INFO:colcon.colcon_core.shell:Creating environment descriptor '/home/yong/sensor/install/usb_cam/share/usb_cam/hook/cmake_prefix_path.dsv'
[0.749s] INFO:colcon.colcon_core.shell:Creating environment hook '/home/yong/sensor/install/usb_cam/share/usb_cam/hook/cmake_prefix_path.sh'
[0.749s] Level 1:colcon.colcon_core.environment:checking '/home/yong/sensor/install/usb_cam/lib'
[0.749s] Level 1:colcon.colcon_core.shell:create_environment_hook('usb_cam', 'ld_library_path_lib')
[0.750s] INFO:colcon.colcon_core.shell:Creating environment hook '/home/yong/sensor/install/usb_cam/share/usb_cam/hook/ld_library_path_lib.ps1'
[0.750s] INFO:colcon.colcon_core.shell:Creating environment descriptor '/home/yong/sensor/install/usb_cam/share/usb_cam/hook/ld_library_path_lib.dsv'
[0.750s] INFO:colcon.colcon_core.shell:Creating environment hook '/home/yong/sensor/install/usb_cam/share/usb_cam/hook/ld_library_path_lib.sh'
[0.750s] Level 1:colcon.colcon_core.environment:checking '/home/yong/sensor/install/usb_cam/bin'
[0.750s] Level 1:colcon.colcon_core.environment:checking '/home/yong/sensor/install/usb_cam/lib/pkgconfig/usb_cam.pc'
[0.750s] Level 1:colcon.colcon_core.environment:checking '/home/yong/sensor/install/usb_cam/lib/python3.8/site-packages'
[0.751s] Level 1:colcon.colcon_core.environment:checking '/home/yong/sensor/install/usb_cam/bin'
[0.751s] INFO:colcon.colcon_core.shell:Creating package script '/home/yong/sensor/install/usb_cam/share/usb_cam/package.ps1'
[0.751s] INFO:colcon.colcon_core.shell:Creating package descriptor '/home/yong/sensor/install/usb_cam/share/usb_cam/package.dsv'
[0.751s] INFO:colcon.colcon_core.shell:Creating package script '/home/yong/sensor/install/usb_cam/share/usb_cam/package.sh'
[0.752s] INFO:colcon.colcon_core.shell:Creating package script '/home/yong/sensor/install/usb_cam/share/usb_cam/package.bash'
[0.752s] INFO:colcon.colcon_core.shell:Creating package script '/home/yong/sensor/install/usb_cam/share/usb_cam/package.zsh'
[0.752s] Level 1:colcon.colcon_core.environment:create_file_with_runtime_dependencies(/home/yong/sensor/install/usb_cam/share/colcon-core/packages/usb_cam)
[0.985s] DEBUG:colcon.colcon_core.event_handler.log_command:Invoking command in '/home/yong/sensor/src/yolov8_ros/yolov8_ros': PYTHONPATH=/home/yong/sensor/build/yolov8_ros/prefix_override:/home/yong/sensor/install/yolov8_ros/lib/python3.8/site-packages:${PYTHONPATH} /usr/bin/python3 -W ignore:setup.py install is deprecated setup.py egg_info --egg-base ../../../build/yolov8_ros build --build-base /home/yong/sensor/build/yolov8_ros/build install --record /home/yong/sensor/build/yolov8_ros/install.log --single-version-externally-managed install_data
[1.211s] Level 1:colcon.colcon_core.environment:checking '/home/yong/sensor/install/yolov8_ros' for CMake module files
[1.211s] DEBUG:colcon.colcon_core.event_handler.log_command:Invoked command in '/home/yong/sensor/src/yolov8_ros/yolov8_ros' returned '0': PYTHONPATH=/home/yong/sensor/build/yolov8_ros/prefix_override:/home/yong/sensor/install/yolov8_ros/lib/python3.8/site-packages:${PYTHONPATH} /usr/bin/python3 -W ignore:setup.py install is deprecated setup.py egg_info --egg-base ../../../build/yolov8_ros build --build-base /home/yong/sensor/build/yolov8_ros/build install --record /home/yong/sensor/build/yolov8_ros/install.log --single-version-externally-managed install_data
[1.211s] Level 1:colcon.colcon_core.environment:checking '/home/yong/sensor/install/yolov8_ros' for CMake config files
[1.212s] Level 1:colcon.colcon_core.environment:checking '/home/yong/sensor/install/yolov8_ros/lib'
[1.212s] Level 1:colcon.colcon_core.environment:checking '/home/yong/sensor/install/yolov8_ros/bin'
[1.212s] Level 1:colcon.colcon_core.environment:checking '/home/yong/sensor/install/yolov8_ros/lib/pkgconfig/yolov8_ros.pc'
[1.212s] Level 1:colcon.colcon_core.environment:checking '/home/yong/sensor/install/yolov8_ros/lib/python3.8/site-packages'
[1.212s] Level 1:colcon.colcon_core.shell:create_environment_hook('yolov8_ros', 'pythonpath')
[1.212s] INFO:colcon.colcon_core.shell:Creating environment hook '/home/yong/sensor/install/yolov8_ros/share/yolov8_ros/hook/pythonpath.ps1'
[1.212s] INFO:colcon.colcon_core.shell:Creating environment descriptor '/home/yong/sensor/install/yolov8_ros/share/yolov8_ros/hook/pythonpath.dsv'
[1.213s] INFO:colcon.colcon_core.shell:Creating environment hook '/home/yong/sensor/install/yolov8_ros/share/yolov8_ros/hook/pythonpath.sh'
[1.213s] Level 1:colcon.colcon_core.environment:checking '/home/yong/sensor/install/yolov8_ros/bin'
[1.213s] Level 1:colcon.colcon_core.environment:create_environment_scripts_only(yolov8_ros)
[1.213s] INFO:colcon.colcon_core.shell:Creating package script '/home/yong/sensor/install/yolov8_ros/share/yolov8_ros/package.ps1'
[1.214s] INFO:colcon.colcon_core.shell:Creating package descriptor '/home/yong/sensor/install/yolov8_ros/share/yolov8_ros/package.dsv'
[1.214s] INFO:colcon.colcon_core.shell:Creating package script '/home/yong/sensor/install/yolov8_ros/share/yolov8_ros/package.sh'
[1.214s] INFO:colcon.colcon_core.shell:Creating package script '/home/yong/sensor/install/yolov8_ros/share/yolov8_ros/package.bash'
[1.214s] INFO:colcon.colcon_core.shell:Creating package script '/home/yong/sensor/install/yolov8_ros/share/yolov8_ros/package.zsh'
[1.214s] Level 1:colcon.colcon_core.environment:create_file_with_runtime_dependencies(/home/yong/sensor/install/yolov8_ros/share/colcon-core/packages/yolov8_ros)
[1.215s] INFO:colcon.colcon_ros.task.ament_cmake.build:Building ROS package in '/home/yong/sensor/src/yolov8_ros/yolov8_bringup' with build type 'ament_cmake'
[1.215s] INFO:colcon.colcon_cmake.task.cmake.build:Building CMake package in '/home/yong/sensor/src/yolov8_ros/yolov8_bringup'
[1.215s] INFO:colcon.colcon_core.shell:Skip shell extension 'powershell' for command environment: Not usable outside of PowerShell
[1.215s] DEBUG:colcon.colcon_core.shell:Skip shell extension 'dsv' for command environment
[1.222s] DEBUG:colcon.colcon_core.event_handler.log_command:Invoking command in '/home/yong/sensor/build/yolov8_bringup': AMENT_PREFIX_PATH=/home/yong/sensor/install/yolov8_ros:/home/yong/sensor/install/yolov8_bringup:/home/yong/sensor/install/yolov8_msgs:/home/yong/sensor/install/yolov5_ros2:/home/yong/sensor/install/yolov5_ros:/home/yong/sensor/install/usb_cam:/home/yong/sensor/install/boundingboxes:/home/yong/sensor/install/bboxes_ex_msgs:/opt/ros/foxy CMAKE_PREFIX_PATH=${CMAKE_PREFIX_PATH}:/home/yong/sensor/install/yolov8_ros:/home/yong/sensor/install/yolov5_ros2:/home/yong/sensor/install/yolov5_ros:/opt/ros/foxy /usr/bin/cmake /home/yong/sensor/src/yolov8_ros/yolov8_bringup -DCMAKE_INSTALL_PREFIX=/home/yong/sensor/install/yolov8_bringup
[1.722s] DEBUG:colcon.colcon_core.event_handler.log_command:Invoked command in '/home/yong/sensor/build/yolov8_bringup' returned '0': AMENT_PREFIX_PATH=/home/yong/sensor/install/yolov8_ros:/home/yong/sensor/install/yolov8_bringup:/home/yong/sensor/install/yolov8_msgs:/home/yong/sensor/install/yolov5_ros2:/home/yong/sensor/install/yolov5_ros:/home/yong/sensor/install/usb_cam:/home/yong/sensor/install/boundingboxes:/home/yong/sensor/install/bboxes_ex_msgs:/opt/ros/foxy CMAKE_PREFIX_PATH=${CMAKE_PREFIX_PATH}:/home/yong/sensor/install/yolov8_ros:/home/yong/sensor/install/yolov5_ros2:/home/yong/sensor/install/yolov5_ros:/opt/ros/foxy /usr/bin/cmake /home/yong/sensor/src/yolov8_ros/yolov8_bringup -DCMAKE_INSTALL_PREFIX=/home/yong/sensor/install/yolov8_bringup
[1.723s] DEBUG:colcon.colcon_core.event_handler.log_command:Invoking command in '/home/yong/sensor/build/yolov8_bringup': AMENT_PREFIX_PATH=/home/yong/sensor/install/yolov8_ros:/home/yong/sensor/install/yolov8_bringup:/home/yong/sensor/install/yolov8_msgs:/home/yong/sensor/install/yolov5_ros2:/home/yong/sensor/install/yolov5_ros:/home/yong/sensor/install/usb_cam:/home/yong/sensor/install/boundingboxes:/home/yong/sensor/install/bboxes_ex_msgs:/opt/ros/foxy CMAKE_PREFIX_PATH=${CMAKE_PREFIX_PATH}:/home/yong/sensor/install/yolov8_ros:/home/yong/sensor/install/yolov5_ros2:/home/yong/sensor/install/yolov5_ros:/opt/ros/foxy /usr/bin/cmake --build /home/yong/sensor/build/yolov8_bringup -- -j8 -l8
[1.747s] DEBUG:colcon.colcon_core.event_handler.log_command:Invoked command in '/home/yong/sensor/build/yolov8_bringup' returned '0': AMENT_PREFIX_PATH=/home/yong/sensor/install/yolov8_ros:/home/yong/sensor/install/yolov8_bringup:/home/yong/sensor/install/yolov8_msgs:/home/yong/sensor/install/yolov5_ros2:/home/yong/sensor/install/yolov5_ros:/home/yong/sensor/install/usb_cam:/home/yong/sensor/install/boundingboxes:/home/yong/sensor/install/bboxes_ex_msgs:/opt/ros/foxy CMAKE_PREFIX_PATH=${CMAKE_PREFIX_PATH}:/home/yong/sensor/install/yolov8_ros:/home/yong/sensor/install/yolov5_ros2:/home/yong/sensor/install/yolov5_ros:/opt/ros/foxy /usr/bin/cmake --build /home/yong/sensor/build/yolov8_bringup -- -j8 -l8
[1.762s] DEBUG:colcon.colcon_core.event_handler.log_command:Invoking command in '/home/yong/sensor/build/yolov8_bringup': AMENT_PREFIX_PATH=/home/yong/sensor/install/yolov8_ros:/home/yong/sensor/install/yolov8_bringup:/home/yong/sensor/install/yolov8_msgs:/home/yong/sensor/install/yolov5_ros2:/home/yong/sensor/install/yolov5_ros:/home/yong/sensor/install/usb_cam:/home/yong/sensor/install/boundingboxes:/home/yong/sensor/install/bboxes_ex_msgs:/opt/ros/foxy CMAKE_PREFIX_PATH=${CMAKE_PREFIX_PATH}:/home/yong/sensor/install/yolov8_ros:/home/yong/sensor/install/yolov5_ros2:/home/yong/sensor/install/yolov5_ros:/opt/ros/foxy /usr/bin/cmake --install /home/yong/sensor/build/yolov8_bringup
[1.770s] Level 1:colcon.colcon_core.environment:create_environment_scripts_only(yolov8_bringup)
[1.770s] DEBUG:colcon.colcon_core.event_handler.log_command:Invoked command in '/home/yong/sensor/build/yolov8_bringup' returned '0': AMENT_PREFIX_PATH=/home/yong/sensor/install/yolov8_ros:/home/yong/sensor/install/yolov8_bringup:/home/yong/sensor/install/yolov8_msgs:/home/yong/sensor/install/yolov5_ros2:/home/yong/sensor/install/yolov5_ros:/home/yong/sensor/install/usb_cam:/home/yong/sensor/install/boundingboxes:/home/yong/sensor/install/bboxes_ex_msgs:/opt/ros/foxy CMAKE_PREFIX_PATH=${CMAKE_PREFIX_PATH}:/home/yong/sensor/install/yolov8_ros:/home/yong/sensor/install/yolov5_ros2:/home/yong/sensor/install/yolov5_ros:/opt/ros/foxy /usr/bin/cmake --install /home/yong/sensor/build/yolov8_bringup
[1.770s] Level 1:colcon.colcon_core.environment:checking '/home/yong/sensor/install/yolov8_bringup' for CMake module files
[1.771s] Level 1:colcon.colcon_core.environment:checking '/home/yong/sensor/install/yolov8_bringup' for CMake config files
[1.771s] Level 1:colcon.colcon_core.shell:create_environment_hook('yolov8_bringup', 'cmake_prefix_path')
[1.771s] INFO:colcon.colcon_core.shell:Creating environment hook '/home/yong/sensor/install/yolov8_bringup/share/yolov8_bringup/hook/cmake_prefix_path.ps1'
[1.771s] INFO:colcon.colcon_core.shell:Creating environment descriptor '/home/yong/sensor/install/yolov8_bringup/share/yolov8_bringup/hook/cmake_prefix_path.dsv'
[1.772s] INFO:colcon.colcon_core.shell:Creating environment hook '/home/yong/sensor/install/yolov8_bringup/share/yolov8_bringup/hook/cmake_prefix_path.sh'
[1.772s] Level 1:colcon.colcon_core.environment:checking '/home/yong/sensor/install/yolov8_bringup/bin'
[1.772s] Level 1:colcon.colcon_core.environment:checking '/home/yong/sensor/install/yolov8_bringup/lib/pkgconfig/yolov8_bringup.pc'
[1.772s] Level 1:colcon.colcon_core.environment:checking '/home/yong/sensor/install/yolov8_bringup/lib/python3.8/site-packages'
[1.772s] Level 1:colcon.colcon_core.environment:checking '/home/yong/sensor/install/yolov8_bringup/bin'
[1.773s] INFO:colcon.colcon_core.shell:Creating package script '/home/yong/sensor/install/yolov8_bringup/share/yolov8_bringup/package.ps1'
[1.773s] INFO:colcon.colcon_core.shell:Creating package descriptor '/home/yong/sensor/install/yolov8_bringup/share/yolov8_bringup/package.dsv'
[1.773s] INFO:colcon.colcon_core.shell:Creating package script '/home/yong/sensor/install/yolov8_bringup/share/yolov8_bringup/package.sh'
[1.773s] INFO:colcon.colcon_core.shell:Creating package script '/home/yong/sensor/install/yolov8_bringup/share/yolov8_bringup/package.bash'
[1.773s] INFO:colcon.colcon_core.shell:Creating package script '/home/yong/sensor/install/yolov8_bringup/share/yolov8_bringup/package.zsh'
[1.774s] Level 1:colcon.colcon_core.environment:create_file_with_runtime_dependencies(/home/yong/sensor/install/yolov8_bringup/share/colcon-core/packages/yolov8_bringup)
[1.787s] Level 1:colcon.colcon_core.environment:create_environment_scripts_only(yolov8_bringup)
[1.787s] Level 1:colcon.colcon_core.environment:checking '/home/yong/sensor/install/yolov8_bringup' for CMake module files
[1.788s] Level 1:colcon.colcon_core.environment:checking '/home/yong/sensor/install/yolov8_bringup' for CMake config files
[1.788s] Level 1:colcon.colcon_core.shell:create_environment_hook('yolov8_bringup', 'cmake_prefix_path')
[1.788s] INFO:colcon.colcon_core.shell:Creating environment hook '/home/yong/sensor/install/yolov8_bringup/share/yolov8_bringup/hook/cmake_prefix_path.ps1'
[1.788s] INFO:colcon.colcon_core.shell:Creating environment descriptor '/home/yong/sensor/install/yolov8_bringup/share/yolov8_bringup/hook/cmake_prefix_path.dsv'
[1.789s] INFO:colcon.colcon_core.shell:Creating environment hook '/home/yong/sensor/install/yolov8_bringup/share/yolov8_bringup/hook/cmake_prefix_path.sh'
[1.789s] Level 1:colcon.colcon_core.environment:checking '/home/yong/sensor/install/yolov8_bringup/bin'
[1.789s] Level 1:colcon.colcon_core.environment:checking '/home/yong/sensor/install/yolov8_bringup/lib/pkgconfig/yolov8_bringup.pc'
[1.789s] Level 1:colcon.colcon_core.environment:checking '/home/yong/sensor/install/yolov8_bringup/lib/python3.8/site-packages'
[1.789s] Level 1:colcon.colcon_core.environment:checking '/home/yong/sensor/install/yolov8_bringup/bin'
[1.789s] INFO:colcon.colcon_core.shell:Creating package script '/home/yong/sensor/install/yolov8_bringup/share/yolov8_bringup/package.ps1'
[1.790s] INFO:colcon.colcon_core.shell:Creating package descriptor '/home/yong/sensor/install/yolov8_bringup/share/yolov8_bringup/package.dsv'
[1.790s] INFO:colcon.colcon_core.shell:Creating package script '/home/yong/sensor/install/yolov8_bringup/share/yolov8_bringup/package.sh'
[1.790s] INFO:colcon.colcon_core.shell:Creating package script '/home/yong/sensor/install/yolov8_bringup/share/yolov8_bringup/package.bash'
[1.791s] INFO:colcon.colcon_core.shell:Creating package script '/home/yong/sensor/install/yolov8_bringup/share/yolov8_bringup/package.zsh'
[1.791s] Level 1:colcon.colcon_core.environment:create_file_with_runtime_dependencies(/home/yong/sensor/install/yolov8_bringup/share/colcon-core/packages/yolov8_bringup)
[1.921s] DEBUG:colcon.colcon_core.event_handler.log_command:Invoked command in '/home/yong/sensor/build/yolov8_msgs' returned '0': CMAKE_PREFIX_PATH=${CMAKE_PREFIX_PATH}:/home/yong/sensor/install/yolov8_ros:/home/yong/sensor/install/yolov5_ros2:/home/yong/sensor/install/yolov5_ros:/opt/ros/foxy /usr/bin/cmake /home/yong/sensor/src/yolov8_ros/yolov8_msgs -DCMAKE_INSTALL_PREFIX=/home/yong/sensor/install/yolov8_msgs
[1.923s] DEBUG:colcon.colcon_core.event_handler.log_command:Invoking command in '/home/yong/sensor/build/yolov8_msgs': CMAKE_PREFIX_PATH=${CMAKE_PREFIX_PATH}:/home/yong/sensor/install/yolov8_ros:/home/yong/sensor/install/yolov5_ros2:/home/yong/sensor/install/yolov5_ros:/opt/ros/foxy /usr/bin/cmake --build /home/yong/sensor/build/yolov8_msgs -- -j8 -l8
[7.720s] DEBUG:colcon.colcon_core.event_handler.log_command:Invoked command in '/home/yong/sensor/build/yolov8_msgs' returned '0': CMAKE_PREFIX_PATH=${CMAKE_PREFIX_PATH}:/home/yong/sensor/install/yolov8_ros:/home/yong/sensor/install/yolov5_ros2:/home/yong/sensor/install/yolov5_ros:/opt/ros/foxy /usr/bin/cmake --build /home/yong/sensor/build/yolov8_msgs -- -j8 -l8
[7.832s] DEBUG:colcon.colcon_core.event_handler.log_command:Invoking command in '/home/yong/sensor/build/yolov8_msgs': CMAKE_PREFIX_PATH=${CMAKE_PREFIX_PATH}:/home/yong/sensor/install/yolov8_ros:/home/yong/sensor/install/yolov5_ros2:/home/yong/sensor/install/yolov5_ros:/opt/ros/foxy /usr/bin/cmake --install /home/yong/sensor/build/yolov8_msgs
[7.886s] Level 1:colcon.colcon_core.environment:create_environment_scripts_only(yolov8_msgs)
[7.886s] DEBUG:colcon.colcon_core.event_handler.log_command:Invoked command in '/home/yong/sensor/build/yolov8_msgs' returned '0': CMAKE_PREFIX_PATH=${CMAKE_PREFIX_PATH}:/home/yong/sensor/install/yolov8_ros:/home/yong/sensor/install/yolov5_ros2:/home/yong/sensor/install/yolov5_ros:/opt/ros/foxy /usr/bin/cmake --install /home/yong/sensor/build/yolov8_msgs
[7.886s] Level 1:colcon.colcon_core.environment:checking '/home/yong/sensor/install/yolov8_msgs' for CMake module files
[7.887s] Level 1:colcon.colcon_core.environment:checking '/home/yong/sensor/install/yolov8_msgs' for CMake config files
[7.887s] Level 1:colcon.colcon_core.shell:create_environment_hook('yolov8_msgs', 'cmake_prefix_path')
[7.887s] INFO:colcon.colcon_core.shell:Creating environment hook '/home/yong/sensor/install/yolov8_msgs/share/yolov8_msgs/hook/cmake_prefix_path.ps1'
[7.888s] INFO:colcon.colcon_core.shell:Creating environment descriptor '/home/yong/sensor/install/yolov8_msgs/share/yolov8_msgs/hook/cmake_prefix_path.dsv'
[7.888s] INFO:colcon.colcon_core.shell:Creating environment hook '/home/yong/sensor/install/yolov8_msgs/share/yolov8_msgs/hook/cmake_prefix_path.sh'
[7.888s] Level 1:colcon.colcon_core.environment:checking '/home/yong/sensor/install/yolov8_msgs/lib'
[7.888s] Level 1:colcon.colcon_core.shell:create_environment_hook('yolov8_msgs', 'ld_library_path_lib')
[7.888s] INFO:colcon.colcon_core.shell:Creating environment hook '/home/yong/sensor/install/yolov8_msgs/share/yolov8_msgs/hook/ld_library_path_lib.ps1'
[7.889s] INFO:colcon.colcon_core.shell:Creating environment descriptor '/home/yong/sensor/install/yolov8_msgs/share/yolov8_msgs/hook/ld_library_path_lib.dsv'
[7.889s] INFO:colcon.colcon_core.shell:Creating environment hook '/home/yong/sensor/install/yolov8_msgs/share/yolov8_msgs/hook/ld_library_path_lib.sh'
[7.889s] Level 1:colcon.colcon_core.environment:checking '/home/yong/sensor/install/yolov8_msgs/bin'
[7.889s] Level 1:colcon.colcon_core.environment:checking '/home/yong/sensor/install/yolov8_msgs/lib/pkgconfig/yolov8_msgs.pc'
[7.889s] Level 1:colcon.colcon_core.environment:checking '/home/yong/sensor/install/yolov8_msgs/lib/python3.8/site-packages'
[7.889s] Level 1:colcon.colcon_core.shell:create_environment_hook('yolov8_msgs', 'pythonpath')
[7.889s] INFO:colcon.colcon_core.shell:Creating environment hook '/home/yong/sensor/install/yolov8_msgs/share/yolov8_msgs/hook/pythonpath.ps1'
[7.890s] INFO:colcon.colcon_core.shell:Creating environment descriptor '/home/yong/sensor/install/yolov8_msgs/share/yolov8_msgs/hook/pythonpath.dsv'
[7.890s] INFO:colcon.colcon_core.shell:Creating environment hook '/home/yong/sensor/install/yolov8_msgs/share/yolov8_msgs/hook/pythonpath.sh'
[7.890s] Level 1:colcon.colcon_core.environment:checking '/home/yong/sensor/install/yolov8_msgs/bin'
[7.890s] INFO:colcon.colcon_core.shell:Creating package script '/home/yong/sensor/install/yolov8_msgs/share/yolov8_msgs/package.ps1'
[7.891s] INFO:colcon.colcon_core.shell:Creating package descriptor '/home/yong/sensor/install/yolov8_msgs/share/yolov8_msgs/package.dsv'
[7.891s] INFO:colcon.colcon_core.shell:Creating package script '/home/yong/sensor/install/yolov8_msgs/share/yolov8_msgs/package.sh'
[7.891s] INFO:colcon.colcon_core.shell:Creating package script '/home/yong/sensor/install/yolov8_msgs/share/yolov8_msgs/package.bash'
[7.891s] INFO:colcon.colcon_core.shell:Creating package script '/home/yong/sensor/install/yolov8_msgs/share/yolov8_msgs/package.zsh'
[7.892s] Level 1:colcon.colcon_core.environment:create_file_with_runtime_dependencies(/home/yong/sensor/install/yolov8_msgs/share/colcon-core/packages/yolov8_msgs)
[8.003s] Level 1:colcon.colcon_core.environment:create_environment_scripts_only(yolov8_msgs)
[8.003s] Level 1:colcon.colcon_core.environment:checking '/home/yong/sensor/install/yolov8_msgs' for CMake module files
[8.004s] Level 1:colcon.colcon_core.environment:checking '/home/yong/sensor/install/yolov8_msgs' for CMake config files
[8.004s] Level 1:colcon.colcon_core.shell:create_environment_hook('yolov8_msgs', 'cmake_prefix_path')
[8.004s] INFO:colcon.colcon_core.shell:Creating environment hook '/home/yong/sensor/install/yolov8_msgs/share/yolov8_msgs/hook/cmake_prefix_path.ps1'
[8.005s] INFO:colcon.colcon_core.shell:Creating environment descriptor '/home/yong/sensor/install/yolov8_msgs/share/yolov8_msgs/hook/cmake_prefix_path.dsv'
[8.005s] INFO:colcon.colcon_core.shell:Creating environment hook '/home/yong/sensor/install/yolov8_msgs/share/yolov8_msgs/hook/cmake_prefix_path.sh'
[8.005s] Level 1:colcon.colcon_core.environment:checking '/home/yong/sensor/install/yolov8_msgs/lib'
[8.005s] Level 1:colcon.colcon_core.shell:create_environment_hook('yolov8_msgs', 'ld_library_path_lib')
[8.005s] INFO:colcon.colcon_core.shell:Creating environment hook '/home/yong/sensor/install/yolov8_msgs/share/yolov8_msgs/hook/ld_library_path_lib.ps1'
[8.006s] INFO:colcon.colcon_core.shell:Creating environment descriptor '/home/yong/sensor/install/yolov8_msgs/share/yolov8_msgs/hook/ld_library_path_lib.dsv'
[8.006s] INFO:colcon.colcon_core.shell:Creating environment hook '/home/yong/sensor/install/yolov8_msgs/share/yolov8_msgs/hook/ld_library_path_lib.sh'
[8.006s] Level 1:colcon.colcon_core.environment:checking '/home/yong/sensor/install/yolov8_msgs/bin'
[8.006s] Level 1:colcon.colcon_core.environment:checking '/home/yong/sensor/install/yolov8_msgs/lib/pkgconfig/yolov8_msgs.pc'
[8.006s] Level 1:colcon.colcon_core.environment:checking '/home/yong/sensor/install/yolov8_msgs/lib/python3.8/site-packages'
[8.006s] Level 1:colcon.colcon_core.shell:create_environment_hook('yolov8_msgs', 'pythonpath')
[8.006s] INFO:colcon.colcon_core.shell:Creating environment hook '/home/yong/sensor/install/yolov8_msgs/share/yolov8_msgs/hook/pythonpath.ps1'
[8.007s] INFO:colcon.colcon_core.shell:Creating environment descriptor '/home/yong/sensor/install/yolov8_msgs/share/yolov8_msgs/hook/pythonpath.dsv'
[8.007s] INFO:colcon.colcon_core.shell:Creating environment hook '/home/yong/sensor/install/yolov8_msgs/share/yolov8_msgs/hook/pythonpath.sh'
[8.007s] Level 1:colcon.colcon_core.environment:checking '/home/yong/sensor/install/yolov8_msgs/bin'
[8.007s] INFO:colcon.colcon_core.shell:Creating package script '/home/yong/sensor/install/yolov8_msgs/share/yolov8_msgs/package.ps1'
[8.008s] INFO:colcon.colcon_core.shell:Creating package descriptor '/home/yong/sensor/install/yolov8_msgs/share/yolov8_msgs/package.dsv'
[8.008s] INFO:colcon.colcon_core.shell:Creating package script '/home/yong/sensor/install/yolov8_msgs/share/yolov8_msgs/package.sh'
[8.008s] INFO:colcon.colcon_core.shell:Creating package script '/home/yong/sensor/install/yolov8_msgs/share/yolov8_msgs/package.bash'
[8.009s] INFO:colcon.colcon_core.shell:Creating package script '/home/yong/sensor/install/yolov8_msgs/share/yolov8_msgs/package.zsh'
[8.009s] Level 1:colcon.colcon_core.environment:create_file_with_runtime_dependencies(/home/yong/sensor/install/yolov8_msgs/share/colcon-core/packages/yolov8_msgs)
[8.009s] DEBUG:colcon.colcon_parallel_executor.executor.parallel:closing loop
[8.009s] DEBUG:colcon.colcon_parallel_executor.executor.parallel:loop closed
[8.009s] DEBUG:colcon.colcon_parallel_executor.executor.parallel:run_until_complete finished with '0'
[8.009s] DEBUG:colcon.colcon_core.event_reactor:joining thread
[8.014s] INFO:colcon.colcon_core.plugin_system:Skipping extension 'colcon_notification.desktop_notification.terminal_notifier': Not used on non-Darwin systems
[8.014s] INFO:colcon.colcon_core.plugin_system:Skipping extension 'colcon_notification.desktop_notification.win32': Not used on non-Windows systems
[8.014s] INFO:colcon.colcon_notification.desktop_notification:Sending desktop notification using 'notify2'
[8.024s] DEBUG:colcon.colcon_core.event_reactor:joined thread
[8.024s] INFO:colcon.colcon_core.shell:Creating prefix script '/home/yong/sensor/install/local_setup.ps1'
[8.025s] INFO:colcon.colcon_core.shell:Creating prefix util module '/home/yong/sensor/install/_local_setup_util_ps1.py'
[8.026s] INFO:colcon.colcon_core.shell:Creating prefix chain script '/home/yong/sensor/install/setup.ps1'
[8.027s] INFO:colcon.colcon_core.shell:Creating prefix script '/home/yong/sensor/install/local_setup.sh'
[8.027s] INFO:colcon.colcon_core.shell:Creating prefix util module '/home/yong/sensor/install/_local_setup_util_sh.py'
[8.027s] INFO:colcon.colcon_core.shell:Creating prefix chain script '/home/yong/sensor/install/setup.sh'
[8.028s] INFO:colcon.colcon_core.shell:Creating prefix script '/home/yong/sensor/install/local_setup.bash'
[8.029s] INFO:colcon.colcon_core.shell:Creating prefix chain script '/home/yong/sensor/install/setup.bash'
[8.030s] INFO:colcon.colcon_core.shell:Creating prefix script '/home/yong/sensor/install/local_setup.zsh'
[8.030s] INFO:colcon.colcon_core.shell:Creating prefix chain script '/home/yong/sensor/install/setup.zsh'
