[0.622s] Invoking command in '/home/yong/YongJun/build/yolov8_ros': PYTHONPATH=/home/yong/YongJun/build/yolov8_ros/prefix_override:/home/yong/YongJun/install/yolov8_ros/lib/python3.8/site-packages:${PYTHONPATH} /usr/bin/python3 -W ignore:setup.py install is deprecated setup.py develop --editable --build-directory /home/yong/YongJun/build/yolov8_ros/build --no-deps symlink_data
[0.830s] running develop
[0.971s] running egg_info
[0.971s] creating yolov8_ros.egg-info
[0.972s] writing yolov8_ros.egg-info/PKG-INFO
[0.972s] writing dependency_links to yolov8_ros.egg-info/dependency_links.txt
[0.972s] writing entry points to yolov8_ros.egg-info/entry_points.txt
[0.972s] writing requirements to yolov8_ros.egg-info/requires.txt
[0.972s] writing top-level names to yolov8_ros.egg-info/top_level.txt
[0.973s] writing manifest file 'yolov8_ros.egg-info/SOURCES.txt'
[0.997s] reading manifest file 'yolov8_ros.egg-info/SOURCES.txt'
[0.997s] writing manifest file 'yolov8_ros.egg-info/SOURCES.txt'
[1.029s] running build_ext
[1.030s] Creating /home/yong/YongJun/install/yolov8_ros/lib/python3.8/site-packages/site.py
[1.031s] Creating /home/yong/YongJun/install/yolov8_ros/lib/python3.8/site-packages/yolov8-ros.egg-link (link to .)
[1.032s] Installing debug_node script to /home/yong/YongJun/install/yolov8_ros/lib/yolov8_ros
[1.032s] Installing detect_3d_node script to /home/yong/YongJun/install/yolov8_ros/lib/yolov8_ros
[1.032s] Installing tracking_node script to /home/yong/YongJun/install/yolov8_ros/lib/yolov8_ros
[1.032s] Installing yolov8_node script to /home/yong/YongJun/install/yolov8_ros/lib/yolov8_ros
[1.032s] 
[1.032s] Installed /home/yong/YongJun/build/yolov8_ros
[1.032s] running symlink_data
[1.032s] creating /home/yong/YongJun/install/yolov8_ros/share/ament_index
[1.032s] creating /home/yong/YongJun/install/yolov8_ros/share/ament_index/resource_index
[1.032s] creating /home/yong/YongJun/install/yolov8_ros/share/ament_index/resource_index/packages
[1.032s] symbolically linking /home/yong/YongJun/build/yolov8_ros/resource/yolov8_ros -> /home/yong/YongJun/install/yolov8_ros/share/ament_index/resource_index/packages
[1.032s] symbolically linking /home/yong/YongJun/build/yolov8_ros/package.xml -> /home/yong/YongJun/install/yolov8_ros/share/yolov8_ros
[1.054s] Invoked command in '/home/yong/YongJun/build/yolov8_ros' returned '0': PYTHONPATH=/home/yong/YongJun/build/yolov8_ros/prefix_override:/home/yong/YongJun/install/yolov8_ros/lib/python3.8/site-packages:${PYTHONPATH} /usr/bin/python3 -W ignore:setup.py install is deprecated setup.py develop --editable --build-directory /home/yong/YongJun/build/yolov8_ros/build --no-deps symlink_data
