[0.143s] Invoking command in '/home/aiv/YongJun_ws/build/usb_cam': CMAKE_PREFIX_PATH=${CMAKE_PREFIX_PATH}:/home/aiv/YongJun_ws/install/yolov8_ros:/opt/ros/foxy /usr/bin/cmake /home/aiv/YongJun_ws/src/sensor/usb_cam -DAMENT_CMAKE_SYMLINK_INSTALL=1 -DCMAKE_INSTALL_PREFIX=/home/aiv/YongJun_ws/install/usb_cam
[0.178s] -- The C compiler identification is GNU 9.4.0
[0.212s] -- The CXX compiler identification is GNU 9.4.0
[0.215s] -- Check for working C compiler: /usr/bin/cc
[0.256s] -- Check for working C compiler: /usr/bin/cc -- works
[0.256s] -- Detecting C compiler ABI info
[0.297s] -- Detecting C compiler ABI info - done
[0.305s] -- Detecting C compile features
[0.305s] -- Detecting C compile features - done
[0.306s] -- Check for working CXX compiler: /usr/bin/c++
[0.353s] -- Check for working CXX compiler: /usr/bin/c++ -- works
[0.354s] -- Detecting CXX compiler ABI info
[0.403s] -- Detecting CXX compiler ABI info - done
[0.411s] -- Detecting CXX compile features
[0.411s] -- Detecting CXX compile features - done
[0.413s] -- Found ament_cmake_auto: 0.9.12 (/opt/ros/foxy/share/ament_cmake_auto/cmake)
[0.429s] -- Found PythonInterp: /usr/bin/python3 (found suitable version "3.8.10", minimum required is "3") 
[0.429s] -- Using PYTHON_EXECUTABLE: /usr/bin/python3
[0.533s] -- Override CMake install command with custom implementation using symlinks instead of copying resources
[0.620s] -- Using all available rosidl_typesupport_c: rosidl_typesupport_fastrtps_c;rosidl_typesupport_introspection_c
[0.624s] -- Found rosidl_adapter: 1.3.1 (/opt/ros/foxy/share/rosidl_adapter/cmake)
[0.671s] -- Found OpenSSL: /usr/lib/x86_64-linux-gnu/libcrypto.so (found version "1.1.1f")  
[0.690s] -- Found FastRTPS: /opt/ros/foxy/include  
[0.739s] -- Using all available rosidl_typesupport_cpp: rosidl_typesupport_fastrtps_cpp;rosidl_typesupport_introspection_cpp
[0.777s] -- Found rmw_implementation_cmake: 1.0.4 (/opt/ros/foxy/share/rmw_implementation_cmake/cmake)
[0.778s] -- Using RMW implementation 'rmw_fastrtps_cpp' as default
[0.779s] -- Looking for pthread.h
[0.825s] -- Looking for pthread.h - found
[0.825s] -- Performing Test CMAKE_HAVE_LIBC_PTHREAD
[0.870s] -- Performing Test CMAKE_HAVE_LIBC_PTHREAD - Failed
[0.870s] -- Looking for pthread_create in pthreads
[0.905s] -- Looking for pthread_create in pthreads - not found
[0.905s] -- Looking for pthread_create in pthread
[0.947s] -- Looking for pthread_create in pthread - found
[0.948s] -- Found Threads: TRUE  
[1.218s] -- Setting yaml-cpp_DIR to: '/opt/ros/foxy/share/yaml_cpp_vendor/cmake/../../../opt/yaml_cpp_vendor/lib/cmake/yaml-cpp'
[1.304s] -- Found OpenCV: /usr (found version "4.2.0") 
[1.306s] -- Found PkgConfig: /usr/bin/pkg-config (found version "0.29.1") 
[1.307s] -- Checking for module 'libavcodec'
[1.319s] --   Found libavcodec, version 58.54.100
[1.342s] -- Checking for module 'libavutil'
[1.352s] --   Found libavutil, version 56.31.100
[1.374s] -- Checking for module 'libswscale'
[1.384s] --   Found libswscale, version 5.5.100
[1.450s] -- Found ament_lint_auto: 0.9.8 (/opt/ros/foxy/share/ament_lint_auto/cmake)
[1.464s] -- Found gtest sources under '/opt/ros/foxy/src/gtest_vendor': C++ tests using 'Google Test' will be built
[1.466s] -- Check if compiler accepts -pthread
[1.511s] -- Check if compiler accepts -pthread - yes
[1.519s] -- Added test 'copyright' to check source files copyright and LICENSE
[1.521s] -- Added test 'cppcheck' to perform static code analysis on C / C++ code
[1.521s] -- Configured cppcheck include dirs: /home/aiv/YongJun_ws/src/sensor/usb_cam/include
[1.521s] -- Configured cppcheck exclude dirs and/or files: 
[1.522s] -- Added test 'cpplint' to check C / C++ code against the Google style
[1.522s] -- Configured cpplint exclude dirs and/or files: 
[1.523s] -- Added test 'flake8' to check Python code syntax and style conventions
[1.523s] -- Added test 'lint_cmake' to check CMake code style
[1.524s] -- Added test 'pep257' to check Python code against some of the style conventions in PEP 257
[1.525s] -- Added test 'uncrustify' to check C / C++ code style
[1.525s] -- Configured uncrustify additional arguments: 
[1.525s] -- Added test 'xmllint' to check XML markup files
[1.528s] -- Configuring done
[1.564s] -- Generating done
[1.565s] -- Build files have been written to: /home/aiv/YongJun_ws/build/usb_cam
[1.573s] Invoked command in '/home/aiv/YongJun_ws/build/usb_cam' returned '0': CMAKE_PREFIX_PATH=${CMAKE_PREFIX_PATH}:/home/aiv/YongJun_ws/install/yolov8_ros:/opt/ros/foxy /usr/bin/cmake /home/aiv/YongJun_ws/src/sensor/usb_cam -DAMENT_CMAKE_SYMLINK_INSTALL=1 -DCMAKE_INSTALL_PREFIX=/home/aiv/YongJun_ws/install/usb_cam
[1.573s] Invoking command in '/home/aiv/YongJun_ws/build/usb_cam': CMAKE_PREFIX_PATH=${CMAKE_PREFIX_PATH}:/home/aiv/YongJun_ws/install/yolov8_ros:/opt/ros/foxy /usr/bin/cmake --build /home/aiv/YongJun_ws/build/usb_cam -- -j32 -l32
[1.600s] [35m[1mScanning dependencies of target usb_cam_node_exe[0m
[1.605s] [35m[1mScanning dependencies of target usb_cam[0m
[1.605s] [35m[1mScanning dependencies of target gtest[0m
[1.605s] [35m[1mScanning dependencies of target gtest_main[0m
[1.623s] [  7%] [32mBuilding CXX object gtest/CMakeFiles/gtest_main.dir/src/gtest_main.cc.o[0m
[1.625s] [ 14%] [32mBuilding CXX object gtest/CMakeFiles/gtest.dir/src/gtest-all.cc.o[0m
[1.649s] [ 21%] [32mBuilding CXX object CMakeFiles/usb_cam.dir/src/usb_cam.cpp.o[0m
[1.671s] [ 28%] [32mBuilding CXX object CMakeFiles/usb_cam_node_exe.dir/rclcpp_components/node_main_usb_cam_node_exe.cpp.o[0m
[2.550s] [ 35%] [32m[1mLinking CXX static library libgtest_main.a[0m
[2.587s] [ 35%] Built target gtest_main
[3.722s] [ 42%] [32m[1mLinking CXX executable usb_cam_node_exe[0m
[3.818s] [ 42%] Built target usb_cam_node_exe
[4.020s] [ 50%] [32m[1mLinking CXX shared library libusb_cam.so[0m
[4.218s] [ 50%] Built target usb_cam
[4.224s] [35m[1mScanning dependencies of target usb_cam_node[0m
[4.293s] [ 57%] [32mBuilding CXX object CMakeFiles/usb_cam_node.dir/src/ros2/usb_cam_node.cpp.o[0m
[4.662s] [ 64%] [32m[1mLinking CXX static library libgtest.a[0m
[4.694s] [ 64%] Built target gtest
[4.701s] [35m[1mScanning dependencies of target test_usb_cam_utils[0m
[4.704s] [35m[1mScanning dependencies of target test_pixel_formats[0m
[4.710s] [ 71%] [32mBuilding CXX object CMakeFiles/test_usb_cam_utils.dir/test/test_usb_cam_utils.cpp.o[0m
[4.738s] [ 78%] [32mBuilding CXX object CMakeFiles/test_pixel_formats.dir/test/test_pixel_formats.cpp.o[0m
[5.665s] [ 85%] [32m[1mLinking CXX executable test_usb_cam_utils[0m
[5.763s] [ 85%] Built target test_usb_cam_utils
[5.938s] [ 92%] [32m[1mLinking CXX executable test_pixel_formats[0m
[6.034s] [ 92%] Built target test_pixel_formats
[8.118s] [100%] [32m[1mLinking CXX shared library libusb_cam_node.so[0m
[8.355s] [100%] Built target usb_cam_node
