[0.156s] Invoking command in '/home/aiv/YongJun_ws/build/vision_msgs': CMAKE_PREFIX_PATH=/opt/ros/foxy /usr/bin/cmake --build /home/aiv/YongJun_ws/build/vision_msgs -- -j32 -l32
[0.173s] /usr/bin/cmake -S/home/aiv/YongJun_ws/src/vision_msgs -B/home/aiv/YongJun_ws/build/vision_msgs --check-build-system CMakeFiles/Makefile.cmake 0
[0.189s] /usr/bin/cmake -E cmake_progress_start /home/aiv/YongJun_ws/build/vision_msgs/CMakeFiles /home/aiv/YongJun_ws/build/vision_msgs/CMakeFiles/progress.marks
[0.194s] /usr/bin/make -f CMakeFiles/Makefile2 all
[0.195s] make[1]: Entering directory '/home/aiv/YongJun_ws/build/vision_msgs'
[0.195s] /usr/bin/make -f CMakeFiles/vision_msgs__cpp.dir/build.make CMakeFiles/vision_msgs__cpp.dir/depend
[0.195s] /usr/bin/make -f CMakeFiles/vision_msgs__rosidl_generator_c.dir/build.make CMakeFiles/vision_msgs__rosidl_generator_c.dir/depend
[0.197s] make[2]: Entering directory '/home/aiv/YongJun_ws/build/vision_msgs'
[0.197s] cd /home/aiv/YongJun_ws/build/vision_msgs && /usr/bin/cmake -E cmake_depends "Unix Makefiles" /home/aiv/YongJun_ws/src/vision_msgs /home/aiv/YongJun_ws/src/vision_msgs /home/aiv/YongJun_ws/build/vision_msgs /home/aiv/YongJun_ws/build/vision_msgs /home/aiv/YongJun_ws/build/vision_msgs/CMakeFiles/vision_msgs__cpp.dir/DependInfo.cmake --color=
[0.199s] make[2]: Entering directory '/home/aiv/YongJun_ws/build/vision_msgs'
[0.199s] cd /home/aiv/YongJun_ws/build/vision_msgs && /usr/bin/cmake -E cmake_depends "Unix Makefiles" /home/aiv/YongJun_ws/src/vision_msgs /home/aiv/YongJun_ws/src/vision_msgs /home/aiv/YongJun_ws/build/vision_msgs /home/aiv/YongJun_ws/build/vision_msgs /home/aiv/YongJun_ws/build/vision_msgs/CMakeFiles/vision_msgs__rosidl_generator_c.dir/DependInfo.cmake --color=
[0.203s] make[2]: Leaving directory '/home/aiv/YongJun_ws/build/vision_msgs'
[0.203s] /usr/bin/make -f CMakeFiles/vision_msgs__cpp.dir/build.make CMakeFiles/vision_msgs__cpp.dir/build
[0.204s] make[2]: Entering directory '/home/aiv/YongJun_ws/build/vision_msgs'
[0.204s] make[2]: Nothing to be done for 'CMakeFiles/vision_msgs__cpp.dir/build'.
[0.204s] make[2]: Leaving directory '/home/aiv/YongJun_ws/build/vision_msgs'
[0.208s] make[2]: Leaving directory '/home/aiv/YongJun_ws/build/vision_msgs'
[0.209s] /usr/bin/make -f CMakeFiles/vision_msgs__rosidl_generator_c.dir/build.make CMakeFiles/vision_msgs__rosidl_generator_c.dir/build
[0.210s] [  1%] Built target vision_msgs__cpp
[0.210s] /usr/bin/make -f CMakeFiles/vision_msgs__rosidl_typesupport_cpp.dir/build.make CMakeFiles/vision_msgs__rosidl_typesupport_cpp.dir/depend
[0.210s] /usr/bin/make -f CMakeFiles/vision_msgs__rosidl_typesupport_fastrtps_cpp.dir/build.make CMakeFiles/vision_msgs__rosidl_typesupport_fastrtps_cpp.dir/depend
[0.211s] /usr/bin/make -f CMakeFiles/vision_msgs__rosidl_typesupport_introspection_cpp.dir/build.make CMakeFiles/vision_msgs__rosidl_typesupport_introspection_cpp.dir/depend
[0.213s] make[2]: Entering directory '/home/aiv/YongJun_ws/build/vision_msgs'
[0.213s] make[2]: Nothing to be done for 'CMakeFiles/vision_msgs__rosidl_generator_c.dir/build'.
[0.213s] make[2]: Leaving directory '/home/aiv/YongJun_ws/build/vision_msgs'
[0.214s] make[2]: Entering directory '/home/aiv/YongJun_ws/build/vision_msgs'
[0.214s] cd /home/aiv/YongJun_ws/build/vision_msgs && /usr/bin/cmake -E cmake_depends "Unix Makefiles" /home/aiv/YongJun_ws/src/vision_msgs /home/aiv/YongJun_ws/src/vision_msgs /home/aiv/YongJun_ws/build/vision_msgs /home/aiv/YongJun_ws/build/vision_msgs /home/aiv/YongJun_ws/build/vision_msgs/CMakeFiles/vision_msgs__rosidl_typesupport_cpp.dir/DependInfo.cmake --color=
[0.214s] make[2]: Entering directory '/home/aiv/YongJun_ws/build/vision_msgs'
[0.214s] cd /home/aiv/YongJun_ws/build/vision_msgs && /usr/bin/cmake -E cmake_depends "Unix Makefiles" /home/aiv/YongJun_ws/src/vision_msgs /home/aiv/YongJun_ws/src/vision_msgs /home/aiv/YongJun_ws/build/vision_msgs /home/aiv/YongJun_ws/build/vision_msgs /home/aiv/YongJun_ws/build/vision_msgs/CMakeFiles/vision_msgs__rosidl_typesupport_introspection_cpp.dir/DependInfo.cmake --color=
[0.214s] make[2]: Entering directory '/home/aiv/YongJun_ws/build/vision_msgs'
[0.214s] cd /home/aiv/YongJun_ws/build/vision_msgs && /usr/bin/cmake -E cmake_depends "Unix Makefiles" /home/aiv/YongJun_ws/src/vision_msgs /home/aiv/YongJun_ws/src/vision_msgs /home/aiv/YongJun_ws/build/vision_msgs /home/aiv/YongJun_ws/build/vision_msgs /home/aiv/YongJun_ws/build/vision_msgs/CMakeFiles/vision_msgs__rosidl_typesupport_fastrtps_cpp.dir/DependInfo.cmake --color=
[0.220s] [ 12%] Built target vision_msgs__rosidl_generator_c
[0.221s] /usr/bin/make -f CMakeFiles/vision_msgs__rosidl_typesupport_introspection_c.dir/build.make CMakeFiles/vision_msgs__rosidl_typesupport_introspection_c.dir/depend
[0.221s] /usr/bin/make -f CMakeFiles/vision_msgs__rosidl_typesupport_c.dir/build.make CMakeFiles/vision_msgs__rosidl_typesupport_c.dir/depend
[0.223s] make[2]: Leaving directory '/home/aiv/YongJun_ws/build/vision_msgs'
[0.223s] /usr/bin/make -f CMakeFiles/vision_msgs__rosidl_typesupport_introspection_cpp.dir/build.make CMakeFiles/vision_msgs__rosidl_typesupport_introspection_cpp.dir/build
[0.224s] make[2]: Entering directory '/home/aiv/YongJun_ws/build/vision_msgs'
[0.224s] cd /home/aiv/YongJun_ws/build/vision_msgs && /usr/bin/cmake -E cmake_depends "Unix Makefiles" /home/aiv/YongJun_ws/src/vision_msgs /home/aiv/YongJun_ws/src/vision_msgs /home/aiv/YongJun_ws/build/vision_msgs /home/aiv/YongJun_ws/build/vision_msgs /home/aiv/YongJun_ws/build/vision_msgs/CMakeFiles/vision_msgs__rosidl_typesupport_c.dir/DependInfo.cmake --color=
[0.225s] make[2]: Entering directory '/home/aiv/YongJun_ws/build/vision_msgs'
[0.225s] cd /home/aiv/YongJun_ws/build/vision_msgs && /usr/bin/cmake -E cmake_depends "Unix Makefiles" /home/aiv/YongJun_ws/src/vision_msgs /home/aiv/YongJun_ws/src/vision_msgs /home/aiv/YongJun_ws/build/vision_msgs /home/aiv/YongJun_ws/build/vision_msgs /home/aiv/YongJun_ws/build/vision_msgs/CMakeFiles/vision_msgs__rosidl_typesupport_introspection_c.dir/DependInfo.cmake --color=
[0.225s] make[2]: Leaving directory '/home/aiv/YongJun_ws/build/vision_msgs'
[0.225s] /usr/bin/make -f CMakeFiles/vision_msgs__rosidl_typesupport_fastrtps_cpp.dir/build.make CMakeFiles/vision_msgs__rosidl_typesupport_fastrtps_cpp.dir/build
[0.225s] make[2]: Leaving directory '/home/aiv/YongJun_ws/build/vision_msgs'
[0.225s] /usr/bin/make -f CMakeFiles/vision_msgs__rosidl_typesupport_cpp.dir/build.make CMakeFiles/vision_msgs__rosidl_typesupport_cpp.dir/build
[0.226s] make[2]: Entering directory '/home/aiv/YongJun_ws/build/vision_msgs'
[0.226s] make[2]: Nothing to be done for 'CMakeFiles/vision_msgs__rosidl_typesupport_introspection_cpp.dir/build'.
[0.226s] make[2]: Leaving directory '/home/aiv/YongJun_ws/build/vision_msgs'
[0.230s] make[2]: Entering directory '/home/aiv/YongJun_ws/build/vision_msgs'
[0.230s] make[2]: Nothing to be done for 'CMakeFiles/vision_msgs__rosidl_typesupport_cpp.dir/build'.
[0.230s] make[2]: Leaving directory '/home/aiv/YongJun_ws/build/vision_msgs'
[0.232s] make[2]: Entering directory '/home/aiv/YongJun_ws/build/vision_msgs'
[0.232s] make[2]: Nothing to be done for 'CMakeFiles/vision_msgs__rosidl_typesupport_fastrtps_cpp.dir/build'.
[0.232s] make[2]: Leaving directory '/home/aiv/YongJun_ws/build/vision_msgs'
[0.232s] [ 23%] Built target vision_msgs__rosidl_typesupport_introspection_cpp
[0.235s] make[2]: Leaving directory '/home/aiv/YongJun_ws/build/vision_msgs'
[0.235s] /usr/bin/make -f CMakeFiles/vision_msgs__rosidl_typesupport_c.dir/build.make CMakeFiles/vision_msgs__rosidl_typesupport_c.dir/build
[0.236s] make[2]: Leaving directory '/home/aiv/YongJun_ws/build/vision_msgs'
[0.236s] /usr/bin/make -f CMakeFiles/vision_msgs__rosidl_typesupport_introspection_c.dir/build.make CMakeFiles/vision_msgs__rosidl_typesupport_introspection_c.dir/build
[0.236s] [ 34%] Built target vision_msgs__rosidl_typesupport_cpp
[0.238s] make[2]: Entering directory '/home/aiv/YongJun_ws/build/vision_msgs'
[0.238s] make[2]: Nothing to be done for 'CMakeFiles/vision_msgs__rosidl_typesupport_c.dir/build'.
[0.238s] make[2]: Leaving directory '/home/aiv/YongJun_ws/build/vision_msgs'
[0.240s] make[2]: Entering directory '/home/aiv/YongJun_ws/build/vision_msgs'
[0.240s] make[2]: Nothing to be done for 'CMakeFiles/vision_msgs__rosidl_typesupport_introspection_c.dir/build'.
[0.240s] make[2]: Leaving directory '/home/aiv/YongJun_ws/build/vision_msgs'
[0.240s] [ 46%] Built target vision_msgs__rosidl_typesupport_fastrtps_cpp
[0.241s] /usr/bin/make -f CMakeFiles/vision_msgs__rosidl_typesupport_fastrtps_c.dir/build.make CMakeFiles/vision_msgs__rosidl_typesupport_fastrtps_c.dir/depend
[0.244s] [ 57%] Built target vision_msgs__rosidl_typesupport_c
[0.244s] make[2]: Entering directory '/home/aiv/YongJun_ws/build/vision_msgs'
[0.244s] cd /home/aiv/YongJun_ws/build/vision_msgs && /usr/bin/cmake -E cmake_depends "Unix Makefiles" /home/aiv/YongJun_ws/src/vision_msgs /home/aiv/YongJun_ws/src/vision_msgs /home/aiv/YongJun_ws/build/vision_msgs /home/aiv/YongJun_ws/build/vision_msgs /home/aiv/YongJun_ws/build/vision_msgs/CMakeFiles/vision_msgs__rosidl_typesupport_fastrtps_c.dir/DependInfo.cmake --color=
[0.245s] [ 68%] Built target vision_msgs__rosidl_typesupport_introspection_c
[0.250s] make[2]: Leaving directory '/home/aiv/YongJun_ws/build/vision_msgs'
[0.250s] /usr/bin/make -f CMakeFiles/vision_msgs__rosidl_typesupport_fastrtps_c.dir/build.make CMakeFiles/vision_msgs__rosidl_typesupport_fastrtps_c.dir/build
[0.256s] make[2]: Entering directory '/home/aiv/YongJun_ws/build/vision_msgs'
[0.256s] make[2]: Nothing to be done for 'CMakeFiles/vision_msgs__rosidl_typesupport_fastrtps_c.dir/build'.
[0.256s] make[2]: Leaving directory '/home/aiv/YongJun_ws/build/vision_msgs'
[0.260s] [ 79%] Built target vision_msgs__rosidl_typesupport_fastrtps_c
[0.261s] /usr/bin/make -f CMakeFiles/vision_msgs.dir/build.make CMakeFiles/vision_msgs.dir/depend
[0.262s] make[2]: Entering directory '/home/aiv/YongJun_ws/build/vision_msgs'
[0.263s] cd /home/aiv/YongJun_ws/build/vision_msgs && /usr/bin/cmake -E cmake_depends "Unix Makefiles" /home/aiv/YongJun_ws/src/vision_msgs /home/aiv/YongJun_ws/src/vision_msgs /home/aiv/YongJun_ws/build/vision_msgs /home/aiv/YongJun_ws/build/vision_msgs /home/aiv/YongJun_ws/build/vision_msgs/CMakeFiles/vision_msgs.dir/DependInfo.cmake --color=
[0.268s] make[2]: Leaving directory '/home/aiv/YongJun_ws/build/vision_msgs'
[0.268s] /usr/bin/make -f CMakeFiles/vision_msgs.dir/build.make CMakeFiles/vision_msgs.dir/build
[0.269s] make[2]: Entering directory '/home/aiv/YongJun_ws/build/vision_msgs'
[0.269s] make[2]: Nothing to be done for 'CMakeFiles/vision_msgs.dir/build'.
[0.269s] make[2]: Leaving directory '/home/aiv/YongJun_ws/build/vision_msgs'
[0.273s] [ 79%] Built target vision_msgs
[0.274s] /usr/bin/make -f vision_msgs__py/CMakeFiles/vision_msgs__py.dir/build.make vision_msgs__py/CMakeFiles/vision_msgs__py.dir/depend
[0.275s] make[2]: Entering directory '/home/aiv/YongJun_ws/build/vision_msgs'
[0.275s] cd /home/aiv/YongJun_ws/build/vision_msgs && /usr/bin/cmake -E cmake_depends "Unix Makefiles" /home/aiv/YongJun_ws/src/vision_msgs /home/aiv/YongJun_ws/build/vision_msgs/vision_msgs__py /home/aiv/YongJun_ws/build/vision_msgs /home/aiv/YongJun_ws/build/vision_msgs/vision_msgs__py /home/aiv/YongJun_ws/build/vision_msgs/vision_msgs__py/CMakeFiles/vision_msgs__py.dir/DependInfo.cmake --color=
[0.281s] make[2]: Leaving directory '/home/aiv/YongJun_ws/build/vision_msgs'
[0.281s] /usr/bin/make -f vision_msgs__py/CMakeFiles/vision_msgs__py.dir/build.make vision_msgs__py/CMakeFiles/vision_msgs__py.dir/build
[0.282s] make[2]: Entering directory '/home/aiv/YongJun_ws/build/vision_msgs'
[0.282s] make[2]: Nothing to be done for 'vision_msgs__py/CMakeFiles/vision_msgs__py.dir/build'.
[0.282s] make[2]: Leaving directory '/home/aiv/YongJun_ws/build/vision_msgs'
[0.287s] [ 80%] Built target vision_msgs__py
[0.287s] /usr/bin/make -f CMakeFiles/vision_msgs__python.dir/build.make CMakeFiles/vision_msgs__python.dir/depend
[0.290s] make[2]: Entering directory '/home/aiv/YongJun_ws/build/vision_msgs'
[0.290s] cd /home/aiv/YongJun_ws/build/vision_msgs && /usr/bin/cmake -E cmake_depends "Unix Makefiles" /home/aiv/YongJun_ws/src/vision_msgs /home/aiv/YongJun_ws/src/vision_msgs /home/aiv/YongJun_ws/build/vision_msgs /home/aiv/YongJun_ws/build/vision_msgs /home/aiv/YongJun_ws/build/vision_msgs/CMakeFiles/vision_msgs__python.dir/DependInfo.cmake --color=
[0.296s] make[2]: Leaving directory '/home/aiv/YongJun_ws/build/vision_msgs'
[0.296s] /usr/bin/make -f CMakeFiles/vision_msgs__python.dir/build.make CMakeFiles/vision_msgs__python.dir/build
[0.303s] make[2]: Entering directory '/home/aiv/YongJun_ws/build/vision_msgs'
[0.303s] make[2]: Nothing to be done for 'CMakeFiles/vision_msgs__python.dir/build'.
[0.303s] make[2]: Leaving directory '/home/aiv/YongJun_ws/build/vision_msgs'
[0.307s] [ 90%] Built target vision_msgs__python
[0.309s] /usr/bin/make -f CMakeFiles/vision_msgs__rosidl_typesupport_c__pyext.dir/build.make CMakeFiles/vision_msgs__rosidl_typesupport_c__pyext.dir/depend
[0.309s] /usr/bin/make -f CMakeFiles/vision_msgs__rosidl_typesupport_fastrtps_c__pyext.dir/build.make CMakeFiles/vision_msgs__rosidl_typesupport_fastrtps_c__pyext.dir/depend
[0.309s] /usr/bin/make -f CMakeFiles/vision_msgs__rosidl_typesupport_introspection_c__pyext.dir/build.make CMakeFiles/vision_msgs__rosidl_typesupport_introspection_c__pyext.dir/depend
[0.311s] make[2]: Entering directory '/home/aiv/YongJun_ws/build/vision_msgs'
[0.311s] cd /home/aiv/YongJun_ws/build/vision_msgs && /usr/bin/cmake -E cmake_depends "Unix Makefiles" /home/aiv/YongJun_ws/src/vision_msgs /home/aiv/YongJun_ws/src/vision_msgs /home/aiv/YongJun_ws/build/vision_msgs /home/aiv/YongJun_ws/build/vision_msgs /home/aiv/YongJun_ws/build/vision_msgs/CMakeFiles/vision_msgs__rosidl_typesupport_c__pyext.dir/DependInfo.cmake --color=
[0.311s] make[2]: Entering directory '/home/aiv/YongJun_ws/build/vision_msgs'
[0.311s] cd /home/aiv/YongJun_ws/build/vision_msgs && /usr/bin/cmake -E cmake_depends "Unix Makefiles" /home/aiv/YongJun_ws/src/vision_msgs /home/aiv/YongJun_ws/src/vision_msgs /home/aiv/YongJun_ws/build/vision_msgs /home/aiv/YongJun_ws/build/vision_msgs /home/aiv/YongJun_ws/build/vision_msgs/CMakeFiles/vision_msgs__rosidl_typesupport_fastrtps_c__pyext.dir/DependInfo.cmake --color=
[0.311s] make[2]: Entering directory '/home/aiv/YongJun_ws/build/vision_msgs'
[0.311s] cd /home/aiv/YongJun_ws/build/vision_msgs && /usr/bin/cmake -E cmake_depends "Unix Makefiles" /home/aiv/YongJun_ws/src/vision_msgs /home/aiv/YongJun_ws/src/vision_msgs /home/aiv/YongJun_ws/build/vision_msgs /home/aiv/YongJun_ws/build/vision_msgs /home/aiv/YongJun_ws/build/vision_msgs/CMakeFiles/vision_msgs__rosidl_typesupport_introspection_c__pyext.dir/DependInfo.cmake --color=
[0.316s] make[2]: Leaving directory '/home/aiv/YongJun_ws/build/vision_msgs'
[0.316s] /usr/bin/make -f CMakeFiles/vision_msgs__rosidl_typesupport_c__pyext.dir/build.make CMakeFiles/vision_msgs__rosidl_typesupport_c__pyext.dir/build
[0.317s] make[2]: Leaving directory '/home/aiv/YongJun_ws/build/vision_msgs'
[0.318s] /usr/bin/make -f CMakeFiles/vision_msgs__rosidl_typesupport_fastrtps_c__pyext.dir/build.make CMakeFiles/vision_msgs__rosidl_typesupport_fastrtps_c__pyext.dir/build
[0.318s] make[2]: Leaving directory '/home/aiv/YongJun_ws/build/vision_msgs'
[0.318s] /usr/bin/make -f CMakeFiles/vision_msgs__rosidl_typesupport_introspection_c__pyext.dir/build.make CMakeFiles/vision_msgs__rosidl_typesupport_introspection_c__pyext.dir/build
[0.322s] make[2]: Entering directory '/home/aiv/YongJun_ws/build/vision_msgs'
[0.322s] make[2]: Nothing to be done for 'CMakeFiles/vision_msgs__rosidl_typesupport_c__pyext.dir/build'.
[0.322s] make[2]: Leaving directory '/home/aiv/YongJun_ws/build/vision_msgs'
[0.323s] make[2]: Entering directory '/home/aiv/YongJun_ws/build/vision_msgs'
[0.323s] make[2]: Nothing to be done for 'CMakeFiles/vision_msgs__rosidl_typesupport_fastrtps_c__pyext.dir/build'.
[0.323s] make[2]: Leaving directory '/home/aiv/YongJun_ws/build/vision_msgs'
[0.324s] make[2]: Entering directory '/home/aiv/YongJun_ws/build/vision_msgs'
[0.324s] make[2]: Nothing to be done for 'CMakeFiles/vision_msgs__rosidl_typesupport_introspection_c__pyext.dir/build'.
[0.324s] make[2]: Leaving directory '/home/aiv/YongJun_ws/build/vision_msgs'
[0.327s] [ 93%] Built target vision_msgs__rosidl_typesupport_c__pyext
[0.328s] [ 96%] Built target vision_msgs__rosidl_typesupport_fastrtps_c__pyext
[0.329s] [100%] Built target vision_msgs__rosidl_typesupport_introspection_c__pyext
[0.330s] make[1]: Leaving directory '/home/aiv/YongJun_ws/build/vision_msgs'
[0.330s] /usr/bin/cmake -E cmake_progress_start /home/aiv/YongJun_ws/build/vision_msgs/CMakeFiles 0
[0.340s] Invoked command in '/home/aiv/YongJun_ws/build/vision_msgs' returned '0': CMAKE_PREFIX_PATH=/opt/ros/foxy /usr/bin/cmake --build /home/aiv/YongJun_ws/build/vision_msgs -- -j32 -l32
[0.392s] Invoking command in '/home/aiv/YongJun_ws/build/vision_msgs': CMAKE_PREFIX_PATH=/opt/ros/foxy /usr/bin/cmake --install /home/aiv/YongJun_ws/build/vision_msgs
[0.397s] -- Install configuration: "Release"
[0.398s] -- Execute custom install script
[0.398s] -- Up-to-date symlink: /home/aiv/YongJun_ws/install/vision_msgs/share/ament_index/resource_index/rosidl_interfaces/vision_msgs
[0.399s] -- Up-to-date symlink: /home/aiv/YongJun_ws/install/vision_msgs/include/vision_msgs/msg/bounding_box3_d.h
[0.399s] -- Up-to-date symlink: /home/aiv/YongJun_ws/install/vision_msgs/include/vision_msgs/msg/detail/bounding_box3_d__functions.h
[0.399s] -- Up-to-date symlink: /home/aiv/YongJun_ws/install/vision_msgs/include/vision_msgs/msg/detail/bounding_box3_d__struct.h
[0.399s] -- Up-to-date symlink: /home/aiv/YongJun_ws/install/vision_msgs/include/vision_msgs/msg/detail/bounding_box3_d__type_support.h
[0.399s] -- Up-to-date symlink: /home/aiv/YongJun_ws/install/vision_msgs/include/vision_msgs/msg/detail/detection3_d__functions.h
[0.400s] -- Up-to-date symlink: /home/aiv/YongJun_ws/install/vision_msgs/include/vision_msgs/msg/detail/detection3_d__struct.h
[0.400s] -- Up-to-date symlink: /home/aiv/YongJun_ws/install/vision_msgs/include/vision_msgs/msg/detail/detection3_d__type_support.h
[0.400s] -- Up-to-date symlink: /home/aiv/YongJun_ws/install/vision_msgs/include/vision_msgs/msg/detail/detection3_d_array__functions.h
[0.400s] -- Up-to-date symlink: /home/aiv/YongJun_ws/install/vision_msgs/include/vision_msgs/msg/detail/detection3_d_array__struct.h
[0.400s] -- Up-to-date symlink: /home/aiv/YongJun_ws/install/vision_msgs/include/vision_msgs/msg/detail/detection3_d_array__type_support.h
[0.400s] -- Up-to-date symlink: /home/aiv/YongJun_ws/install/vision_msgs/include/vision_msgs/msg/detail/object_hypothesis__functions.h
[0.400s] -- Up-to-date symlink: /home/aiv/YongJun_ws/install/vision_msgs/include/vision_msgs/msg/detail/object_hypothesis__struct.h
[0.400s] -- Up-to-date symlink: /home/aiv/YongJun_ws/install/vision_msgs/include/vision_msgs/msg/detail/object_hypothesis__type_support.h
[0.400s] -- Up-to-date symlink: /home/aiv/YongJun_ws/install/vision_msgs/include/vision_msgs/msg/detail/object_hypothesis_with_pose__functions.h
[0.401s] -- Up-to-date symlink: /home/aiv/YongJun_ws/install/vision_msgs/include/vision_msgs/msg/detail/object_hypothesis_with_pose__struct.h
[0.401s] -- Up-to-date symlink: /home/aiv/YongJun_ws/install/vision_msgs/include/vision_msgs/msg/detail/object_hypothesis_with_pose__type_support.h
[0.401s] -- Up-to-date symlink: /home/aiv/YongJun_ws/install/vision_msgs/include/vision_msgs/msg/detection3_d.h
[0.401s] -- Up-to-date symlink: /home/aiv/YongJun_ws/install/vision_msgs/include/vision_msgs/msg/detection3_d_array.h
[0.401s] -- Up-to-date symlink: /home/aiv/YongJun_ws/install/vision_msgs/include/vision_msgs/msg/object_hypothesis.h
[0.401s] -- Up-to-date symlink: /home/aiv/YongJun_ws/install/vision_msgs/include/vision_msgs/msg/object_hypothesis_with_pose.h
[0.401s] -- Up-to-date symlink: /home/aiv/YongJun_ws/install/vision_msgs/include/vision_msgs/msg/rosidl_generator_c__visibility_control.h
[0.401s] -- Up-to-date symlink: /home/aiv/YongJun_ws/install/vision_msgs/share/vision_msgs/environment/library_path.sh
[0.401s] -- Up-to-date symlink: /home/aiv/YongJun_ws/install/vision_msgs/share/vision_msgs/environment/library_path.dsv
[0.401s] -- Up-to-date symlink: /home/aiv/YongJun_ws/install/vision_msgs/include/vision_msgs/msg/detail/bounding_box3_d__rosidl_typesupport_fastrtps_c.h
[0.401s] -- Up-to-date symlink: /home/aiv/YongJun_ws/install/vision_msgs/include/vision_msgs/msg/detail/detection3_d__rosidl_typesupport_fastrtps_c.h
[0.401s] -- Up-to-date symlink: /home/aiv/YongJun_ws/install/vision_msgs/include/vision_msgs/msg/detail/detection3_d_array__rosidl_typesupport_fastrtps_c.h
[0.401s] -- Up-to-date symlink: /home/aiv/YongJun_ws/install/vision_msgs/include/vision_msgs/msg/detail/object_hypothesis__rosidl_typesupport_fastrtps_c.h
[0.402s] -- Up-to-date symlink: /home/aiv/YongJun_ws/install/vision_msgs/include/vision_msgs/msg/detail/object_hypothesis_with_pose__rosidl_typesupport_fastrtps_c.h
[0.402s] -- Up-to-date symlink: /home/aiv/YongJun_ws/install/vision_msgs/include/vision_msgs/msg/rosidl_typesupport_fastrtps_c__visibility_control.h
[0.402s] -- Up-to-date symlink: /home/aiv/YongJun_ws/install/vision_msgs/lib/libvision_msgs__rosidl_typesupport_fastrtps_c.so
[0.403s] -- Up-to-date symlink: /home/aiv/YongJun_ws/install/vision_msgs/include/vision_msgs/msg/detail/bounding_box3_d__rosidl_typesupport_fastrtps_cpp.hpp
[0.403s] -- Up-to-date symlink: /home/aiv/YongJun_ws/install/vision_msgs/include/vision_msgs/msg/detail/detection3_d__rosidl_typesupport_fastrtps_cpp.hpp
[0.403s] -- Up-to-date symlink: /home/aiv/YongJun_ws/install/vision_msgs/include/vision_msgs/msg/detail/detection3_d_array__rosidl_typesupport_fastrtps_cpp.hpp
[0.403s] -- Up-to-date symlink: /home/aiv/YongJun_ws/install/vision_msgs/include/vision_msgs/msg/detail/object_hypothesis__rosidl_typesupport_fastrtps_cpp.hpp
[0.403s] -- Up-to-date symlink: /home/aiv/YongJun_ws/install/vision_msgs/include/vision_msgs/msg/detail/object_hypothesis_with_pose__rosidl_typesupport_fastrtps_cpp.hpp
[0.403s] -- Up-to-date symlink: /home/aiv/YongJun_ws/install/vision_msgs/include/vision_msgs/msg/rosidl_typesupport_fastrtps_cpp__visibility_control.h
[0.403s] -- Up-to-date symlink: /home/aiv/YongJun_ws/install/vision_msgs/lib/libvision_msgs__rosidl_typesupport_fastrtps_cpp.so
[0.404s] -- Up-to-date symlink: /home/aiv/YongJun_ws/install/vision_msgs/include/vision_msgs/msg/detail/bounding_box3_d__rosidl_typesupport_introspection_c.h
[0.404s] -- Up-to-date symlink: /home/aiv/YongJun_ws/install/vision_msgs/include/vision_msgs/msg/detail/detection3_d__rosidl_typesupport_introspection_c.h
[0.404s] -- Up-to-date symlink: /home/aiv/YongJun_ws/install/vision_msgs/include/vision_msgs/msg/detail/detection3_d_array__rosidl_typesupport_introspection_c.h
[0.404s] -- Up-to-date symlink: /home/aiv/YongJun_ws/install/vision_msgs/include/vision_msgs/msg/detail/object_hypothesis__rosidl_typesupport_introspection_c.h
[0.404s] -- Up-to-date symlink: /home/aiv/YongJun_ws/install/vision_msgs/include/vision_msgs/msg/detail/object_hypothesis_with_pose__rosidl_typesupport_introspection_c.h
[0.405s] -- Up-to-date symlink: /home/aiv/YongJun_ws/install/vision_msgs/include/vision_msgs/msg/rosidl_typesupport_introspection_c__visibility_control.h
[0.405s] -- Up-to-date symlink: /home/aiv/YongJun_ws/install/vision_msgs/include/vision_msgs/msg/bounding_box3_d.hpp
[0.405s] -- Up-to-date symlink: /home/aiv/YongJun_ws/install/vision_msgs/include/vision_msgs/msg/detail/bounding_box3_d__builder.hpp
[0.405s] -- Up-to-date symlink: /home/aiv/YongJun_ws/install/vision_msgs/include/vision_msgs/msg/detail/bounding_box3_d__struct.hpp
[0.405s] -- Up-to-date symlink: /home/aiv/YongJun_ws/install/vision_msgs/include/vision_msgs/msg/detail/bounding_box3_d__traits.hpp
[0.406s] -- Up-to-date symlink: /home/aiv/YongJun_ws/install/vision_msgs/include/vision_msgs/msg/detail/bounding_box3_d__type_support.hpp
[0.406s] -- Up-to-date symlink: /home/aiv/YongJun_ws/install/vision_msgs/include/vision_msgs/msg/detail/detection3_d__builder.hpp
[0.406s] -- Up-to-date symlink: /home/aiv/YongJun_ws/install/vision_msgs/include/vision_msgs/msg/detail/detection3_d__struct.hpp
[0.406s] -- Up-to-date symlink: /home/aiv/YongJun_ws/install/vision_msgs/include/vision_msgs/msg/detail/detection3_d__traits.hpp
[0.406s] -- Up-to-date symlink: /home/aiv/YongJun_ws/install/vision_msgs/include/vision_msgs/msg/detail/detection3_d__type_support.hpp
[0.406s] -- Up-to-date symlink: /home/aiv/YongJun_ws/install/vision_msgs/include/vision_msgs/msg/detail/detection3_d_array__builder.hpp
[0.406s] -- Up-to-date symlink: /home/aiv/YongJun_ws/install/vision_msgs/include/vision_msgs/msg/detail/detection3_d_array__struct.hpp
[0.406s] -- Up-to-date symlink: /home/aiv/YongJun_ws/install/vision_msgs/include/vision_msgs/msg/detail/detection3_d_array__traits.hpp
[0.406s] -- Up-to-date symlink: /home/aiv/YongJun_ws/install/vision_msgs/include/vision_msgs/msg/detail/detection3_d_array__type_support.hpp
[0.406s] -- Up-to-date symlink: /home/aiv/YongJun_ws/install/vision_msgs/include/vision_msgs/msg/detail/object_hypothesis__builder.hpp
[0.406s] -- Up-to-date symlink: /home/aiv/YongJun_ws/install/vision_msgs/include/vision_msgs/msg/detail/object_hypothesis__struct.hpp
[0.407s] -- Up-to-date symlink: /home/aiv/YongJun_ws/install/vision_msgs/include/vision_msgs/msg/detail/object_hypothesis__traits.hpp
[0.407s] -- Up-to-date symlink: /home/aiv/YongJun_ws/install/vision_msgs/include/vision_msgs/msg/detail/object_hypothesis__type_support.hpp
[0.407s] -- Up-to-date symlink: /home/aiv/YongJun_ws/install/vision_msgs/include/vision_msgs/msg/detail/object_hypothesis_with_pose__builder.hpp
[0.407s] -- Up-to-date symlink: /home/aiv/YongJun_ws/install/vision_msgs/include/vision_msgs/msg/detail/object_hypothesis_with_pose__struct.hpp
[0.407s] -- Up-to-date symlink: /home/aiv/YongJun_ws/install/vision_msgs/include/vision_msgs/msg/detail/object_hypothesis_with_pose__traits.hpp
[0.407s] -- Up-to-date symlink: /home/aiv/YongJun_ws/install/vision_msgs/include/vision_msgs/msg/detail/object_hypothesis_with_pose__type_support.hpp
[0.407s] -- Up-to-date symlink: /home/aiv/YongJun_ws/install/vision_msgs/include/vision_msgs/msg/detection3_d.hpp
[0.407s] -- Up-to-date symlink: /home/aiv/YongJun_ws/install/vision_msgs/include/vision_msgs/msg/detection3_d_array.hpp
[0.407s] -- Up-to-date symlink: /home/aiv/YongJun_ws/install/vision_msgs/include/vision_msgs/msg/object_hypothesis.hpp
[0.408s] -- Up-to-date symlink: /home/aiv/YongJun_ws/install/vision_msgs/include/vision_msgs/msg/object_hypothesis_with_pose.hpp
[0.408s] -- Up-to-date symlink: /home/aiv/YongJun_ws/install/vision_msgs/include/vision_msgs/msg/rosidl_generator_cpp__visibility_control.hpp
[0.408s] -- Up-to-date symlink: /home/aiv/YongJun_ws/install/vision_msgs/include/vision_msgs/msg/detail/bounding_box3_d__rosidl_typesupport_introspection_cpp.hpp
[0.408s] -- Up-to-date symlink: /home/aiv/YongJun_ws/install/vision_msgs/include/vision_msgs/msg/detail/detection3_d__rosidl_typesupport_introspection_cpp.hpp
[0.408s] -- Up-to-date symlink: /home/aiv/YongJun_ws/install/vision_msgs/include/vision_msgs/msg/detail/detection3_d_array__rosidl_typesupport_introspection_cpp.hpp
[0.408s] -- Up-to-date symlink: /home/aiv/YongJun_ws/install/vision_msgs/include/vision_msgs/msg/detail/object_hypothesis__rosidl_typesupport_introspection_cpp.hpp
[0.408s] -- Up-to-date symlink: /home/aiv/YongJun_ws/install/vision_msgs/include/vision_msgs/msg/detail/object_hypothesis_with_pose__rosidl_typesupport_introspection_cpp.hpp
[0.409s] -- Up-to-date symlink: /home/aiv/YongJun_ws/install/vision_msgs/share/vision_msgs/environment/pythonpath.sh
[0.409s] -- Up-to-date symlink: /home/aiv/YongJun_ws/install/vision_msgs/share/vision_msgs/environment/pythonpath.dsv
[0.409s] -- Up-to-date symlink: /home/aiv/YongJun_ws/install/vision_msgs/lib/python3.8/site-packages/vision_msgs/__init__.py
[0.409s] -- Up-to-date symlink: /home/aiv/YongJun_ws/install/vision_msgs/lib/python3.8/site-packages/vision_msgs/msg/__init__.py
[0.409s] -- Up-to-date symlink: /home/aiv/YongJun_ws/install/vision_msgs/lib/python3.8/site-packages/vision_msgs/msg/_bounding_box3_d.py
[0.410s] -- Up-to-date symlink: /home/aiv/YongJun_ws/install/vision_msgs/lib/python3.8/site-packages/vision_msgs/msg/_detection3_d.py
[0.410s] -- Up-to-date symlink: /home/aiv/YongJun_ws/install/vision_msgs/lib/python3.8/site-packages/vision_msgs/msg/_detection3_d_array.py
[0.410s] -- Up-to-date symlink: /home/aiv/YongJun_ws/install/vision_msgs/lib/python3.8/site-packages/vision_msgs/msg/_object_hypothesis.py
[0.410s] -- Up-to-date symlink: /home/aiv/YongJun_ws/install/vision_msgs/lib/python3.8/site-packages/vision_msgs/msg/_object_hypothesis_with_pose.py
[0.410s] -- Up-to-date symlink: /home/aiv/YongJun_ws/install/vision_msgs/lib/python3.8/site-packages/vision_msgs/vision_msgs_s__rosidl_typesupport_fastrtps_c.cpython-38-x86_64-linux-gnu.so
[0.410s] -- Up-to-date symlink: /home/aiv/YongJun_ws/install/vision_msgs/lib/python3.8/site-packages/vision_msgs/vision_msgs_s__rosidl_typesupport_introspection_c.cpython-38-x86_64-linux-gnu.so
[0.411s] -- Up-to-date symlink: /home/aiv/YongJun_ws/install/vision_msgs/lib/python3.8/site-packages/vision_msgs/vision_msgs_s__rosidl_typesupport_c.cpython-38-x86_64-linux-gnu.so
[0.411s] -- Up-to-date symlink: /home/aiv/YongJun_ws/install/vision_msgs/lib/libvision_msgs__python.so
[0.411s] -- Up-to-date symlink: /home/aiv/YongJun_ws/install/vision_msgs/share/vision_msgs/msg/BoundingBox3D.idl
[0.411s] -- Up-to-date symlink: /home/aiv/YongJun_ws/install/vision_msgs/share/vision_msgs/msg/Detection3D.idl
[0.412s] -- Up-to-date symlink: /home/aiv/YongJun_ws/install/vision_msgs/share/vision_msgs/msg/Detection3DArray.idl
[0.412s] -- Up-to-date symlink: /home/aiv/YongJun_ws/install/vision_msgs/share/vision_msgs/msg/ObjectHypothesis.idl
[0.412s] -- Up-to-date symlink: /home/aiv/YongJun_ws/install/vision_msgs/share/vision_msgs/msg/ObjectHypothesisWithPose.idl
[0.412s] -- Up-to-date symlink: /home/aiv/YongJun_ws/install/vision_msgs/share/vision_msgs/msg/BoundingBox3D.msg
[0.412s] -- Up-to-date symlink: /home/aiv/YongJun_ws/install/vision_msgs/share/vision_msgs/msg/Detection3D.msg
[0.412s] -- Up-to-date symlink: /home/aiv/YongJun_ws/install/vision_msgs/share/vision_msgs/msg/Detection3DArray.msg
[0.412s] -- Up-to-date symlink: /home/aiv/YongJun_ws/install/vision_msgs/share/vision_msgs/msg/ObjectHypothesis.msg
[0.413s] -- Up-to-date symlink: /home/aiv/YongJun_ws/install/vision_msgs/share/vision_msgs/msg/ObjectHypothesisWithPose.msg
[0.413s] -- Up-to-date symlink: /home/aiv/YongJun_ws/install/vision_msgs/share/ament_index/resource_index/package_run_dependencies/vision_msgs
[0.413s] -- Up-to-date symlink: /home/aiv/YongJun_ws/install/vision_msgs/share/ament_index/resource_index/parent_prefix_path/vision_msgs
[0.413s] -- Up-to-date symlink: /home/aiv/YongJun_ws/install/vision_msgs/share/vision_msgs/environment/ament_prefix_path.sh
[0.413s] -- Up-to-date symlink: /home/aiv/YongJun_ws/install/vision_msgs/share/vision_msgs/environment/ament_prefix_path.dsv
[0.413s] -- Up-to-date symlink: /home/aiv/YongJun_ws/install/vision_msgs/share/vision_msgs/environment/path.sh
[0.414s] -- Up-to-date symlink: /home/aiv/YongJun_ws/install/vision_msgs/share/vision_msgs/environment/path.dsv
[0.414s] -- Up-to-date symlink: /home/aiv/YongJun_ws/install/vision_msgs/share/vision_msgs/local_setup.bash
[0.414s] -- Up-to-date symlink: /home/aiv/YongJun_ws/install/vision_msgs/share/vision_msgs/local_setup.sh
[0.414s] -- Up-to-date symlink: /home/aiv/YongJun_ws/install/vision_msgs/share/vision_msgs/local_setup.zsh
[0.414s] -- Up-to-date symlink: /home/aiv/YongJun_ws/install/vision_msgs/share/vision_msgs/local_setup.dsv
[0.414s] -- Symlinking: /home/aiv/YongJun_ws/install/vision_msgs/share/vision_msgs/package.dsv
[0.420s] -- Up-to-date symlink: /home/aiv/YongJun_ws/install/vision_msgs/share/ament_index/resource_index/packages/vision_msgs
[0.420s] -- Up-to-date symlink: /home/aiv/YongJun_ws/install/vision_msgs/share/vision_msgs/cmake/rosidl_cmake-extras.cmake
[0.420s] -- Up-to-date symlink: /home/aiv/YongJun_ws/install/vision_msgs/share/vision_msgs/cmake/ament_cmake_export_dependencies-extras.cmake
[0.421s] -- Up-to-date symlink: /home/aiv/YongJun_ws/install/vision_msgs/share/vision_msgs/cmake/ament_cmake_export_libraries-extras.cmake
[0.421s] -- Up-to-date symlink: /home/aiv/YongJun_ws/install/vision_msgs/share/vision_msgs/cmake/ament_cmake_export_targets-extras.cmake
[0.421s] -- Up-to-date symlink: /home/aiv/YongJun_ws/install/vision_msgs/share/vision_msgs/cmake/ament_cmake_export_include_directories-extras.cmake
[0.421s] -- Up-to-date symlink: /home/aiv/YongJun_ws/install/vision_msgs/share/vision_msgs/cmake/rosidl_cmake_export_typesupport_libraries-extras.cmake
[0.421s] -- Up-to-date symlink: /home/aiv/YongJun_ws/install/vision_msgs/share/vision_msgs/cmake/rosidl_cmake_export_typesupport_targets-extras.cmake
[0.421s] -- Up-to-date symlink: /home/aiv/YongJun_ws/install/vision_msgs/share/vision_msgs/cmake/vision_msgsConfig.cmake
[0.422s] -- Up-to-date symlink: /home/aiv/YongJun_ws/install/vision_msgs/share/vision_msgs/cmake/vision_msgsConfig-version.cmake
[0.422s] -- Up-to-date symlink: /home/aiv/YongJun_ws/install/vision_msgs/share/vision_msgs/package.xml
[0.422s] -- Up-to-date: /home/aiv/YongJun_ws/install/vision_msgs/lib/libvision_msgs__rosidl_generator_c.so
[0.422s] -- Up-to-date: /home/aiv/YongJun_ws/install/vision_msgs/lib/libvision_msgs__rosidl_typesupport_introspection_c.so
[0.422s] -- Up-to-date: /home/aiv/YongJun_ws/install/vision_msgs/lib/libvision_msgs__rosidl_typesupport_c.so
[0.422s] -- Up-to-date: /home/aiv/YongJun_ws/install/vision_msgs/lib/libvision_msgs__rosidl_typesupport_introspection_cpp.so
[0.422s] -- Up-to-date: /home/aiv/YongJun_ws/install/vision_msgs/lib/libvision_msgs__rosidl_typesupport_cpp.so
[0.445s] -- Up-to-date: /home/aiv/YongJun_ws/install/vision_msgs/share/vision_msgs/cmake/vision_msgs__rosidl_generator_cExport.cmake
[0.445s] -- Up-to-date: /home/aiv/YongJun_ws/install/vision_msgs/share/vision_msgs/cmake/vision_msgs__rosidl_generator_cExport-release.cmake
[0.445s] -- Up-to-date: /home/aiv/YongJun_ws/install/vision_msgs/share/vision_msgs/cmake/vision_msgs__rosidl_typesupport_introspection_cExport.cmake
[0.445s] -- Up-to-date: /home/aiv/YongJun_ws/install/vision_msgs/share/vision_msgs/cmake/vision_msgs__rosidl_typesupport_introspection_cExport-release.cmake
[0.445s] -- Up-to-date: /home/aiv/YongJun_ws/install/vision_msgs/share/vision_msgs/cmake/vision_msgs__rosidl_typesupport_cExport.cmake
[0.445s] -- Up-to-date: /home/aiv/YongJun_ws/install/vision_msgs/share/vision_msgs/cmake/vision_msgs__rosidl_typesupport_cExport-release.cmake
[0.446s] -- Up-to-date: /home/aiv/YongJun_ws/install/vision_msgs/share/vision_msgs/cmake/vision_msgs__rosidl_generator_cppExport.cmake
[0.446s] -- Up-to-date: /home/aiv/YongJun_ws/install/vision_msgs/share/vision_msgs/cmake/vision_msgs__rosidl_typesupport_introspection_cppExport.cmake
[0.446s] -- Up-to-date: /home/aiv/YongJun_ws/install/vision_msgs/share/vision_msgs/cmake/vision_msgs__rosidl_typesupport_introspection_cppExport-release.cmake
[0.446s] -- Up-to-date: /home/aiv/YongJun_ws/install/vision_msgs/share/vision_msgs/cmake/vision_msgs__rosidl_typesupport_cppExport.cmake
[0.446s] -- Up-to-date: /home/aiv/YongJun_ws/install/vision_msgs/share/vision_msgs/cmake/vision_msgs__rosidl_typesupport_cppExport-release.cmake
[0.447s] Invoked command in '/home/aiv/YongJun_ws/build/vision_msgs' returned '0': CMAKE_PREFIX_PATH=/opt/ros/foxy /usr/bin/cmake --install /home/aiv/YongJun_ws/build/vision_msgs
