-- Found CUDA: /usr/local/cuda-12.2 (found suitable version "12.2", minimum required is "12") 
-- Found CUDA: /usr/local/cuda-12.2 (found version "12.2") 
-- Found ament_cmake_auto: 0.9.12 (/opt/ros/foxy/share/ament_cmake_auto/cmake)
-- Using PYTHON_EXECUTABLE: /usr/bin/python3
-- Override CMake install command with custom implementation using symlinks instead of copying resources
-- Using all available rosidl_typesupport_c: rosidl_typesupport_fastrtps_c;rosidl_typesupport_introspection_c
-- Found rosidl_adapter: 1.3.1 (/opt/ros/foxy/share/rosidl_adapter/cmake)
-- Using all available rosidl_typesupport_cpp: rosidl_typesupport_fastrtps_cpp;rosidl_typesupport_introspection_cpp
-- Found rmw_implementation_cmake: 1.0.4 (/opt/ros/foxy/share/rmw_implementation_cmake/cmake)
-- Using RMW implementation 'rmw_fastrtps_cpp' as default
-- Found eigen3_cmake_module: 0.1.1 (/opt/ros/foxy/share/eigen3_cmake_module/cmake)
-- Found ament_lint_auto: 0.9.8 (/opt/ros/foxy/share/ament_lint_auto/cmake)
-- Added test 'copyright' to check source files copyright and LICENSE
-- Added test 'cppcheck' to perform static code analysis on C / C++ code
-- Configured cppcheck include dirs: /home/aiv/YongJun_ws/ros2_ws/src/zed-ros2-wrapper/zed_components/src/include;/home/aiv/YongJun_ws/ros2_ws/src/zed-ros2-wrapper/zed_components/src/zed_camera/include;/home/aiv/YongJun_ws/ros2_ws/src/zed-ros2-wrapper/zed_components/src/tools/include
-- Configured cppcheck exclude dirs and/or files: 
-- Added test 'lint_cmake' to check CMake code style
-- Added test 'uncrustify' to check C / C++ code style
-- Configured uncrustify additional arguments: 
-- Added test 'xmllint' to check XML markup files
-- Configuring done
-- Generating done
-- Build files have been written to: /home/aiv/YongJun_ws/ros2_ws/build/zed_components
[ 20%] [32m[1mLinking CXX shared library libzed_camera_component.so[0m
[100%] Built target zed_camera_component
-- Install configuration: "Release"
-- Execute custom install script
-- Symlinking: /home/aiv/YongJun_ws/ros2_ws/install/zed_components/lib/libzed_camera_component.so
-- Symlinking: /home/aiv/YongJun_ws/ros2_ws/install/zed_components/include/zed_components//cost_traversability.hpp
-- Symlinking: /home/aiv/YongJun_ws/ros2_ws/install/zed_components/include/zed_components//sl_types.hpp
-- Symlinking: /home/aiv/YongJun_ws/ros2_ws/install/zed_components/include/zed_components//zed_camera_component.hpp
-- Symlinking: /home/aiv/YongJun_ws/ros2_ws/install/zed_components/include/zed_components//gnss_replay.hpp
-- Symlinking: /home/aiv/YongJun_ws/ros2_ws/install/zed_components/include/zed_components//json.hpp
-- Symlinking: /home/aiv/YongJun_ws/ros2_ws/install/zed_components/include/zed_components//sl_logging.hpp
-- Symlinking: /home/aiv/YongJun_ws/ros2_ws/install/zed_components/include/zed_components//sl_tools.hpp
-- Symlinking: /home/aiv/YongJun_ws/ros2_ws/install/zed_components/include/zed_components//sl_win_avg.hpp
-- Symlinking: /home/aiv/YongJun_ws/ros2_ws/install/zed_components/include/zed_components//visibility_control.hpp
-- Symlinking: /home/aiv/YongJun_ws/ros2_ws/install/zed_components/share/zed_components/environment/library_path.sh
-- Symlinking: /home/aiv/YongJun_ws/ros2_ws/install/zed_components/share/zed_components/environment/library_path.dsv
-- Symlinking: /home/aiv/YongJun_ws/ros2_ws/install/zed_components/share/ament_index/resource_index/package_run_dependencies/zed_components
-- Symlinking: /home/aiv/YongJun_ws/ros2_ws/install/zed_components/share/ament_index/resource_index/parent_prefix_path/zed_components
-- Symlinking: /home/aiv/YongJun_ws/ros2_ws/install/zed_components/share/zed_components/environment/ament_prefix_path.sh
-- Symlinking: /home/aiv/YongJun_ws/ros2_ws/install/zed_components/share/zed_components/environment/ament_prefix_path.dsv
-- Symlinking: /home/aiv/YongJun_ws/ros2_ws/install/zed_components/share/zed_components/environment/path.sh
-- Symlinking: /home/aiv/YongJun_ws/ros2_ws/install/zed_components/share/zed_components/environment/path.dsv
-- Symlinking: /home/aiv/YongJun_ws/ros2_ws/install/zed_components/share/zed_components/local_setup.bash
-- Symlinking: /home/aiv/YongJun_ws/ros2_ws/install/zed_components/share/zed_components/local_setup.sh
-- Symlinking: /home/aiv/YongJun_ws/ros2_ws/install/zed_components/share/zed_components/local_setup.zsh
-- Symlinking: /home/aiv/YongJun_ws/ros2_ws/install/zed_components/share/zed_components/local_setup.dsv
-- Symlinking: /home/aiv/YongJun_ws/ros2_ws/install/zed_components/share/zed_components/package.dsv
-- Symlinking: /home/aiv/YongJun_ws/ros2_ws/install/zed_components/share/ament_index/resource_index/packages/zed_components
-- Symlinking: /home/aiv/YongJun_ws/ros2_ws/install/zed_components/share/ament_index/resource_index/rclcpp_components/zed_components
-- Symlinking: /home/aiv/YongJun_ws/ros2_ws/install/zed_components/share/zed_components/cmake/ament_cmake_export_include_directories-extras.cmake
-- Symlinking: /home/aiv/YongJun_ws/ros2_ws/install/zed_components/share/zed_components/cmake/ament_cmake_export_libraries-extras.cmake
-- Symlinking: /home/aiv/YongJun_ws/ros2_ws/install/zed_components/share/zed_components/cmake/ament_cmake_export_dependencies-extras.cmake
-- Symlinking: /home/aiv/YongJun_ws/ros2_ws/install/zed_components/share/zed_components/cmake/zed_componentsConfig.cmake
-- Symlinking: /home/aiv/YongJun_ws/ros2_ws/install/zed_components/share/zed_components/cmake/zed_componentsConfig-version.cmake
-- Symlinking: /home/aiv/YongJun_ws/ros2_ws/install/zed_components/share/zed_components/package.xml
