[0.014s] Invoking command in '/home/aiv/YongJun_ws/ros2_ws/build/zed_components': CMAKE_PREFIX_PATH=/home/aiv/YongJun_ws/ros2_ws/install/zed_interfaces:/home/aiv/YongJun_ws/ros2_ws/install/zed_ros2:/home/aiv/YongJun_ws/ros2_ws/install/zed_robot_integration:/home/aiv/YongJun_ws/ros2_ws/install/zed_multi_camera:/home/aiv/YongJun_ws/ros2_ws/install/zed_display_rviz2:/home/aiv/YongJun_ws/ros2_ws/install/zed_depth_to_laserscan:/home/aiv/YongJun_ws/ros2_ws/install/zed_wrapper:/home/aiv/YongJun_ws/ros2_ws/install/zed_tutorial_video:/home/aiv/YongJun_ws/ros2_ws/install/zed_tutorial_pos_tracking:/home/aiv/YongJun_ws/ros2_ws/install/zed_tutorial_depth:/home/aiv/YongJun_ws/ros2_ws/install/zed_topic_benchmark:/home/aiv/YongJun_ws/ros2_ws/install/zed_topic_benchmark_component:/home/aiv/YongJun_ws/ros2_ws/install/zed_topic_benchmark_interfaces:/home/aiv/YongJun_ws/ros2_ws/install/zed_rgb_convert:/home/aiv/YongJun_ws/ros2_ws/install/zed_aruco_localization:/home/aiv/YongJun_ws/ros2_ws/install/zed_components:/home/aiv/YongJun_ws/ros2_ws/install/rviz_plugin_zed_od:/home/aiv/YongJun_ws/ros2_ws/install/yolov8_bringup:/home/aiv/YongJun_ws/ros2_ws/install/yolov8_msgs:/home/aiv/YongJun_ws/ros2_ws/install/vision_msgs:/home/aiv/YongJun_ws/ros2_ws/install/usb_cam:/home/aiv/YongJun_ws/ros2_ws/install/yolov8_ros:/opt/ros/foxy LD_LIBRARY_PATH=/home/aiv/YongJun_ws/ros2_ws/install/zed_interfaces/lib:/home/aiv/YongJun_ws/ros2_ws/install/zed_rgb_convert/lib:/home/aiv/YongJun_ws/ros2_ws/install/zed_components/lib:/home/aiv/YongJun_ws/ros2_ws/install/rviz_plugin_zed_od/lib:/home/aiv/YongJun_ws/ros2_ws/install/yolov8_msgs/lib:/home/aiv/YongJun_ws/ros2_ws/install/vision_msgs/lib:/home/aiv/YongJun_ws/ros2_ws/install/usb_cam/lib:/opt/ros/foxy/opt/yaml_cpp_vendor/lib:/opt/ros/foxy/opt/rviz_ogre_vendor/lib:/opt/ros/foxy/lib/x86_64-linux-gnu:/opt/ros/foxy/lib:/usr/local/cuda/lib64 /usr/bin/cmake /home/aiv/YongJun_ws/ros2_ws/src/zed-ros2-wrapper/zed_components -DAMENT_CMAKE_SYMLINK_INSTALL=1 -DCMAKE_INSTALL_PREFIX=/home/aiv/YongJun_ws/ros2_ws/install/zed_components
[0.053s] -- Found CUDA: /usr/local/cuda-12.2 (found suitable version "12.2", minimum required is "12") 
[0.134s] -- Found CUDA: /usr/local/cuda-12.2 (found version "12.2") 
[0.135s] -- Found ament_cmake_auto: 0.9.12 (/opt/ros/foxy/share/ament_cmake_auto/cmake)
[0.152s] -- Using PYTHON_EXECUTABLE: /usr/bin/python3
[0.290s] -- Override CMake install command with custom implementation using symlinks instead of copying resources
[0.342s] -- Using all available rosidl_typesupport_c: rosidl_typesupport_fastrtps_c;rosidl_typesupport_introspection_c
[0.344s] -- Found rosidl_adapter: 1.3.1 (/opt/ros/foxy/share/rosidl_adapter/cmake)
[0.422s] -- Using all available rosidl_typesupport_cpp: rosidl_typesupport_fastrtps_cpp;rosidl_typesupport_introspection_cpp
[0.630s] -- Found rmw_implementation_cmake: 1.0.4 (/opt/ros/foxy/share/rmw_implementation_cmake/cmake)
[0.631s] -- Using RMW implementation 'rmw_fastrtps_cpp' as default
[1.230s] -- Found eigen3_cmake_module: 0.1.1 (/opt/ros/foxy/share/eigen3_cmake_module/cmake)
[1.511s] -- Found ament_lint_auto: 0.9.8 (/opt/ros/foxy/share/ament_lint_auto/cmake)
[1.527s] -- Added test 'copyright' to check source files copyright and LICENSE
[1.528s] -- Added test 'cppcheck' to perform static code analysis on C / C++ code
[1.528s] -- Configured cppcheck include dirs: /home/aiv/YongJun_ws/ros2_ws/src/zed-ros2-wrapper/zed_components/src/include;/home/aiv/YongJun_ws/ros2_ws/src/zed-ros2-wrapper/zed_components/src/zed_camera/include;/home/aiv/YongJun_ws/ros2_ws/src/zed-ros2-wrapper/zed_components/src/tools/include
[1.528s] -- Configured cppcheck exclude dirs and/or files: 
[1.529s] -- Added test 'lint_cmake' to check CMake code style
[1.529s] -- Added test 'uncrustify' to check C / C++ code style
[1.529s] -- Configured uncrustify additional arguments: 
[1.529s] -- Added test 'xmllint' to check XML markup files
[1.533s] -- Configuring done
[1.553s] -- Generating done
[1.554s] -- Build files have been written to: /home/aiv/YongJun_ws/ros2_ws/build/zed_components
[1.559s] Invoked command in '/home/aiv/YongJun_ws/ros2_ws/build/zed_components' returned '0': CMAKE_PREFIX_PATH=/home/aiv/YongJun_ws/ros2_ws/install/zed_interfaces:/home/aiv/YongJun_ws/ros2_ws/install/zed_ros2:/home/aiv/YongJun_ws/ros2_ws/install/zed_robot_integration:/home/aiv/YongJun_ws/ros2_ws/install/zed_multi_camera:/home/aiv/YongJun_ws/ros2_ws/install/zed_display_rviz2:/home/aiv/YongJun_ws/ros2_ws/install/zed_depth_to_laserscan:/home/aiv/YongJun_ws/ros2_ws/install/zed_wrapper:/home/aiv/YongJun_ws/ros2_ws/install/zed_tutorial_video:/home/aiv/YongJun_ws/ros2_ws/install/zed_tutorial_pos_tracking:/home/aiv/YongJun_ws/ros2_ws/install/zed_tutorial_depth:/home/aiv/YongJun_ws/ros2_ws/install/zed_topic_benchmark:/home/aiv/YongJun_ws/ros2_ws/install/zed_topic_benchmark_component:/home/aiv/YongJun_ws/ros2_ws/install/zed_topic_benchmark_interfaces:/home/aiv/YongJun_ws/ros2_ws/install/zed_rgb_convert:/home/aiv/YongJun_ws/ros2_ws/install/zed_aruco_localization:/home/aiv/YongJun_ws/ros2_ws/install/zed_components:/home/aiv/YongJun_ws/ros2_ws/install/rviz_plugin_zed_od:/home/aiv/YongJun_ws/ros2_ws/install/yolov8_bringup:/home/aiv/YongJun_ws/ros2_ws/install/yolov8_msgs:/home/aiv/YongJun_ws/ros2_ws/install/vision_msgs:/home/aiv/YongJun_ws/ros2_ws/install/usb_cam:/home/aiv/YongJun_ws/ros2_ws/install/yolov8_ros:/opt/ros/foxy LD_LIBRARY_PATH=/home/aiv/YongJun_ws/ros2_ws/install/zed_interfaces/lib:/home/aiv/YongJun_ws/ros2_ws/install/zed_rgb_convert/lib:/home/aiv/YongJun_ws/ros2_ws/install/zed_components/lib:/home/aiv/YongJun_ws/ros2_ws/install/rviz_plugin_zed_od/lib:/home/aiv/YongJun_ws/ros2_ws/install/yolov8_msgs/lib:/home/aiv/YongJun_ws/ros2_ws/install/vision_msgs/lib:/home/aiv/YongJun_ws/ros2_ws/install/usb_cam/lib:/opt/ros/foxy/opt/yaml_cpp_vendor/lib:/opt/ros/foxy/opt/rviz_ogre_vendor/lib:/opt/ros/foxy/lib/x86_64-linux-gnu:/opt/ros/foxy/lib:/usr/local/cuda/lib64 /usr/bin/cmake /home/aiv/YongJun_ws/ros2_ws/src/zed-ros2-wrapper/zed_components -DAMENT_CMAKE_SYMLINK_INSTALL=1 -DCMAKE_INSTALL_PREFIX=/home/aiv/YongJun_ws/ros2_ws/install/zed_components
[1.560s] Invoking command in '/home/aiv/YongJun_ws/ros2_ws/build/zed_components': CMAKE_PREFIX_PATH=/home/aiv/YongJun_ws/ros2_ws/install/zed_interfaces:/home/aiv/YongJun_ws/ros2_ws/install/zed_ros2:/home/aiv/YongJun_ws/ros2_ws/install/zed_robot_integration:/home/aiv/YongJun_ws/ros2_ws/install/zed_multi_camera:/home/aiv/YongJun_ws/ros2_ws/install/zed_display_rviz2:/home/aiv/YongJun_ws/ros2_ws/install/zed_depth_to_laserscan:/home/aiv/YongJun_ws/ros2_ws/install/zed_wrapper:/home/aiv/YongJun_ws/ros2_ws/install/zed_tutorial_video:/home/aiv/YongJun_ws/ros2_ws/install/zed_tutorial_pos_tracking:/home/aiv/YongJun_ws/ros2_ws/install/zed_tutorial_depth:/home/aiv/YongJun_ws/ros2_ws/install/zed_topic_benchmark:/home/aiv/YongJun_ws/ros2_ws/install/zed_topic_benchmark_component:/home/aiv/YongJun_ws/ros2_ws/install/zed_topic_benchmark_interfaces:/home/aiv/YongJun_ws/ros2_ws/install/zed_rgb_convert:/home/aiv/YongJun_ws/ros2_ws/install/zed_aruco_localization:/home/aiv/YongJun_ws/ros2_ws/install/zed_components:/home/aiv/YongJun_ws/ros2_ws/install/rviz_plugin_zed_od:/home/aiv/YongJun_ws/ros2_ws/install/yolov8_bringup:/home/aiv/YongJun_ws/ros2_ws/install/yolov8_msgs:/home/aiv/YongJun_ws/ros2_ws/install/vision_msgs:/home/aiv/YongJun_ws/ros2_ws/install/usb_cam:/home/aiv/YongJun_ws/ros2_ws/install/yolov8_ros:/opt/ros/foxy LD_LIBRARY_PATH=/home/aiv/YongJun_ws/ros2_ws/install/zed_interfaces/lib:/home/aiv/YongJun_ws/ros2_ws/install/zed_rgb_convert/lib:/home/aiv/YongJun_ws/ros2_ws/install/zed_components/lib:/home/aiv/YongJun_ws/ros2_ws/install/rviz_plugin_zed_od/lib:/home/aiv/YongJun_ws/ros2_ws/install/yolov8_msgs/lib:/home/aiv/YongJun_ws/ros2_ws/install/vision_msgs/lib:/home/aiv/YongJun_ws/ros2_ws/install/usb_cam/lib:/opt/ros/foxy/opt/yaml_cpp_vendor/lib:/opt/ros/foxy/opt/rviz_ogre_vendor/lib:/opt/ros/foxy/lib/x86_64-linux-gnu:/opt/ros/foxy/lib:/usr/local/cuda/lib64 /usr/bin/cmake --build /home/aiv/YongJun_ws/ros2_ws/build/zed_components -- -j32 -l32
[1.616s] [ 20%] [32m[1mLinking CXX shared library libzed_camera_component.so[0m
[1.911s] [100%] Built target zed_camera_component
[1.922s] Invoked command in '/home/aiv/YongJun_ws/ros2_ws/build/zed_components' returned '0': CMAKE_PREFIX_PATH=/home/aiv/YongJun_ws/ros2_ws/install/zed_interfaces:/home/aiv/YongJun_ws/ros2_ws/install/zed_ros2:/home/aiv/YongJun_ws/ros2_ws/install/zed_robot_integration:/home/aiv/YongJun_ws/ros2_ws/install/zed_multi_camera:/home/aiv/YongJun_ws/ros2_ws/install/zed_display_rviz2:/home/aiv/YongJun_ws/ros2_ws/install/zed_depth_to_laserscan:/home/aiv/YongJun_ws/ros2_ws/install/zed_wrapper:/home/aiv/YongJun_ws/ros2_ws/install/zed_tutorial_video:/home/aiv/YongJun_ws/ros2_ws/install/zed_tutorial_pos_tracking:/home/aiv/YongJun_ws/ros2_ws/install/zed_tutorial_depth:/home/aiv/YongJun_ws/ros2_ws/install/zed_topic_benchmark:/home/aiv/YongJun_ws/ros2_ws/install/zed_topic_benchmark_component:/home/aiv/YongJun_ws/ros2_ws/install/zed_topic_benchmark_interfaces:/home/aiv/YongJun_ws/ros2_ws/install/zed_rgb_convert:/home/aiv/YongJun_ws/ros2_ws/install/zed_aruco_localization:/home/aiv/YongJun_ws/ros2_ws/install/zed_components:/home/aiv/YongJun_ws/ros2_ws/install/rviz_plugin_zed_od:/home/aiv/YongJun_ws/ros2_ws/install/yolov8_bringup:/home/aiv/YongJun_ws/ros2_ws/install/yolov8_msgs:/home/aiv/YongJun_ws/ros2_ws/install/vision_msgs:/home/aiv/YongJun_ws/ros2_ws/install/usb_cam:/home/aiv/YongJun_ws/ros2_ws/install/yolov8_ros:/opt/ros/foxy LD_LIBRARY_PATH=/home/aiv/YongJun_ws/ros2_ws/install/zed_interfaces/lib:/home/aiv/YongJun_ws/ros2_ws/install/zed_rgb_convert/lib:/home/aiv/YongJun_ws/ros2_ws/install/zed_components/lib:/home/aiv/YongJun_ws/ros2_ws/install/rviz_plugin_zed_od/lib:/home/aiv/YongJun_ws/ros2_ws/install/yolov8_msgs/lib:/home/aiv/YongJun_ws/ros2_ws/install/vision_msgs/lib:/home/aiv/YongJun_ws/ros2_ws/install/usb_cam/lib:/opt/ros/foxy/opt/yaml_cpp_vendor/lib:/opt/ros/foxy/opt/rviz_ogre_vendor/lib:/opt/ros/foxy/lib/x86_64-linux-gnu:/opt/ros/foxy/lib:/usr/local/cuda/lib64 /usr/bin/cmake --build /home/aiv/YongJun_ws/ros2_ws/build/zed_components -- -j32 -l32
[1.955s] Invoking command in '/home/aiv/YongJun_ws/ros2_ws/build/zed_components': CMAKE_PREFIX_PATH=/home/aiv/YongJun_ws/ros2_ws/install/zed_interfaces:/home/aiv/YongJun_ws/ros2_ws/install/zed_ros2:/home/aiv/YongJun_ws/ros2_ws/install/zed_robot_integration:/home/aiv/YongJun_ws/ros2_ws/install/zed_multi_camera:/home/aiv/YongJun_ws/ros2_ws/install/zed_display_rviz2:/home/aiv/YongJun_ws/ros2_ws/install/zed_depth_to_laserscan:/home/aiv/YongJun_ws/ros2_ws/install/zed_wrapper:/home/aiv/YongJun_ws/ros2_ws/install/zed_tutorial_video:/home/aiv/YongJun_ws/ros2_ws/install/zed_tutorial_pos_tracking:/home/aiv/YongJun_ws/ros2_ws/install/zed_tutorial_depth:/home/aiv/YongJun_ws/ros2_ws/install/zed_topic_benchmark:/home/aiv/YongJun_ws/ros2_ws/install/zed_topic_benchmark_component:/home/aiv/YongJun_ws/ros2_ws/install/zed_topic_benchmark_interfaces:/home/aiv/YongJun_ws/ros2_ws/install/zed_rgb_convert:/home/aiv/YongJun_ws/ros2_ws/install/zed_aruco_localization:/home/aiv/YongJun_ws/ros2_ws/install/zed_components:/home/aiv/YongJun_ws/ros2_ws/install/rviz_plugin_zed_od:/home/aiv/YongJun_ws/ros2_ws/install/yolov8_bringup:/home/aiv/YongJun_ws/ros2_ws/install/yolov8_msgs:/home/aiv/YongJun_ws/ros2_ws/install/vision_msgs:/home/aiv/YongJun_ws/ros2_ws/install/usb_cam:/home/aiv/YongJun_ws/ros2_ws/install/yolov8_ros:/opt/ros/foxy LD_LIBRARY_PATH=/home/aiv/YongJun_ws/ros2_ws/install/zed_interfaces/lib:/home/aiv/YongJun_ws/ros2_ws/install/zed_rgb_convert/lib:/home/aiv/YongJun_ws/ros2_ws/install/zed_components/lib:/home/aiv/YongJun_ws/ros2_ws/install/rviz_plugin_zed_od/lib:/home/aiv/YongJun_ws/ros2_ws/install/yolov8_msgs/lib:/home/aiv/YongJun_ws/ros2_ws/install/vision_msgs/lib:/home/aiv/YongJun_ws/ros2_ws/install/usb_cam/lib:/opt/ros/foxy/opt/yaml_cpp_vendor/lib:/opt/ros/foxy/opt/rviz_ogre_vendor/lib:/opt/ros/foxy/lib/x86_64-linux-gnu:/opt/ros/foxy/lib:/usr/local/cuda/lib64 /usr/bin/cmake --install /home/aiv/YongJun_ws/ros2_ws/build/zed_components
[1.964s] -- Install configuration: "Release"
[1.965s] -- Execute custom install script
[1.965s] -- Symlinking: /home/aiv/YongJun_ws/ros2_ws/install/zed_components/lib/libzed_camera_component.so
[1.975s] -- Symlinking: /home/aiv/YongJun_ws/ros2_ws/install/zed_components/include/zed_components//cost_traversability.hpp
[1.984s] -- Symlinking: /home/aiv/YongJun_ws/ros2_ws/install/zed_components/include/zed_components//sl_types.hpp
[1.990s] -- Symlinking: /home/aiv/YongJun_ws/ros2_ws/install/zed_components/include/zed_components//zed_camera_component.hpp
[1.996s] -- Symlinking: /home/aiv/YongJun_ws/ros2_ws/install/zed_components/include/zed_components//gnss_replay.hpp
[2.002s] -- Symlinking: /home/aiv/YongJun_ws/ros2_ws/install/zed_components/include/zed_components//json.hpp
[2.008s] -- Symlinking: /home/aiv/YongJun_ws/ros2_ws/install/zed_components/include/zed_components//sl_logging.hpp
[2.014s] -- Symlinking: /home/aiv/YongJun_ws/ros2_ws/install/zed_components/include/zed_components//sl_tools.hpp
[2.019s] -- Symlinking: /home/aiv/YongJun_ws/ros2_ws/install/zed_components/include/zed_components//sl_win_avg.hpp
[2.026s] -- Symlinking: /home/aiv/YongJun_ws/ros2_ws/install/zed_components/include/zed_components//visibility_control.hpp
[2.031s] -- Symlinking: /home/aiv/YongJun_ws/ros2_ws/install/zed_components/share/zed_components/environment/library_path.sh
[2.038s] -- Symlinking: /home/aiv/YongJun_ws/ros2_ws/install/zed_components/share/zed_components/environment/library_path.dsv
[2.044s] -- Symlinking: /home/aiv/YongJun_ws/ros2_ws/install/zed_components/share/ament_index/resource_index/package_run_dependencies/zed_components
[2.049s] -- Symlinking: /home/aiv/YongJun_ws/ros2_ws/install/zed_components/share/ament_index/resource_index/parent_prefix_path/zed_components
[2.054s] -- Symlinking: /home/aiv/YongJun_ws/ros2_ws/install/zed_components/share/zed_components/environment/ament_prefix_path.sh
[2.060s] -- Symlinking: /home/aiv/YongJun_ws/ros2_ws/install/zed_components/share/zed_components/environment/ament_prefix_path.dsv
[2.065s] -- Symlinking: /home/aiv/YongJun_ws/ros2_ws/install/zed_components/share/zed_components/environment/path.sh
[2.070s] -- Symlinking: /home/aiv/YongJun_ws/ros2_ws/install/zed_components/share/zed_components/environment/path.dsv
[2.076s] -- Symlinking: /home/aiv/YongJun_ws/ros2_ws/install/zed_components/share/zed_components/local_setup.bash
[2.081s] -- Symlinking: /home/aiv/YongJun_ws/ros2_ws/install/zed_components/share/zed_components/local_setup.sh
[2.086s] -- Symlinking: /home/aiv/YongJun_ws/ros2_ws/install/zed_components/share/zed_components/local_setup.zsh
[2.092s] -- Symlinking: /home/aiv/YongJun_ws/ros2_ws/install/zed_components/share/zed_components/local_setup.dsv
[2.100s] -- Symlinking: /home/aiv/YongJun_ws/ros2_ws/install/zed_components/share/zed_components/package.dsv
[2.109s] -- Symlinking: /home/aiv/YongJun_ws/ros2_ws/install/zed_components/share/ament_index/resource_index/packages/zed_components
[2.117s] -- Symlinking: /home/aiv/YongJun_ws/ros2_ws/install/zed_components/share/ament_index/resource_index/rclcpp_components/zed_components
[2.126s] -- Symlinking: /home/aiv/YongJun_ws/ros2_ws/install/zed_components/share/zed_components/cmake/ament_cmake_export_include_directories-extras.cmake
[2.134s] -- Symlinking: /home/aiv/YongJun_ws/ros2_ws/install/zed_components/share/zed_components/cmake/ament_cmake_export_libraries-extras.cmake
[2.142s] -- Symlinking: /home/aiv/YongJun_ws/ros2_ws/install/zed_components/share/zed_components/cmake/ament_cmake_export_dependencies-extras.cmake
[2.150s] -- Symlinking: /home/aiv/YongJun_ws/ros2_ws/install/zed_components/share/zed_components/cmake/zed_componentsConfig.cmake
[2.158s] -- Symlinking: /home/aiv/YongJun_ws/ros2_ws/install/zed_components/share/zed_components/cmake/zed_componentsConfig-version.cmake
[2.167s] -- Symlinking: /home/aiv/YongJun_ws/ros2_ws/install/zed_components/share/zed_components/package.xml
[2.178s] Invoked command in '/home/aiv/YongJun_ws/ros2_ws/build/zed_components' returned '0': CMAKE_PREFIX_PATH=/home/aiv/YongJun_ws/ros2_ws/install/zed_interfaces:/home/aiv/YongJun_ws/ros2_ws/install/zed_ros2:/home/aiv/YongJun_ws/ros2_ws/install/zed_robot_integration:/home/aiv/YongJun_ws/ros2_ws/install/zed_multi_camera:/home/aiv/YongJun_ws/ros2_ws/install/zed_display_rviz2:/home/aiv/YongJun_ws/ros2_ws/install/zed_depth_to_laserscan:/home/aiv/YongJun_ws/ros2_ws/install/zed_wrapper:/home/aiv/YongJun_ws/ros2_ws/install/zed_tutorial_video:/home/aiv/YongJun_ws/ros2_ws/install/zed_tutorial_pos_tracking:/home/aiv/YongJun_ws/ros2_ws/install/zed_tutorial_depth:/home/aiv/YongJun_ws/ros2_ws/install/zed_topic_benchmark:/home/aiv/YongJun_ws/ros2_ws/install/zed_topic_benchmark_component:/home/aiv/YongJun_ws/ros2_ws/install/zed_topic_benchmark_interfaces:/home/aiv/YongJun_ws/ros2_ws/install/zed_rgb_convert:/home/aiv/YongJun_ws/ros2_ws/install/zed_aruco_localization:/home/aiv/YongJun_ws/ros2_ws/install/zed_components:/home/aiv/YongJun_ws/ros2_ws/install/rviz_plugin_zed_od:/home/aiv/YongJun_ws/ros2_ws/install/yolov8_bringup:/home/aiv/YongJun_ws/ros2_ws/install/yolov8_msgs:/home/aiv/YongJun_ws/ros2_ws/install/vision_msgs:/home/aiv/YongJun_ws/ros2_ws/install/usb_cam:/home/aiv/YongJun_ws/ros2_ws/install/yolov8_ros:/opt/ros/foxy LD_LIBRARY_PATH=/home/aiv/YongJun_ws/ros2_ws/install/zed_interfaces/lib:/home/aiv/YongJun_ws/ros2_ws/install/zed_rgb_convert/lib:/home/aiv/YongJun_ws/ros2_ws/install/zed_components/lib:/home/aiv/YongJun_ws/ros2_ws/install/rviz_plugin_zed_od/lib:/home/aiv/YongJun_ws/ros2_ws/install/yolov8_msgs/lib:/home/aiv/YongJun_ws/ros2_ws/install/vision_msgs/lib:/home/aiv/YongJun_ws/ros2_ws/install/usb_cam/lib:/opt/ros/foxy/opt/yaml_cpp_vendor/lib:/opt/ros/foxy/opt/rviz_ogre_vendor/lib:/opt/ros/foxy/lib/x86_64-linux-gnu:/opt/ros/foxy/lib:/usr/local/cuda/lib64 /usr/bin/cmake --install /home/aiv/YongJun_ws/ros2_ws/build/zed_components
