[0.632s] Invoking command in '/home/yong/YongJun_ws/build/yolov8_ros': PYTHONPATH=/home/yong/YongJun_ws/build/yolov8_ros/prefix_override:/home/yong/YongJun_ws/install/yolov8_ros/lib/python3.8/site-packages:${PYTHONPATH} /usr/bin/python3 -W ignore:setup.py install is deprecated setup.py develop --editable --build-directory /home/yong/YongJun_ws/build/yolov8_ros/build --no-deps symlink_data
[0.837s] running develop
[0.975s] running egg_info
[0.975s] creating yolov8_ros.egg-info
[0.976s] writing yolov8_ros.egg-info/PKG-INFO
[0.976s] writing dependency_links to yolov8_ros.egg-info/dependency_links.txt
[0.976s] writing entry points to yolov8_ros.egg-info/entry_points.txt
[0.976s] writing requirements to yolov8_ros.egg-info/requires.txt
[0.976s] writing top-level names to yolov8_ros.egg-info/top_level.txt
[0.977s] writing manifest file 'yolov8_ros.egg-info/SOURCES.txt'
[1.000s] reading manifest file 'yolov8_ros.egg-info/SOURCES.txt'
[1.001s] writing manifest file 'yolov8_ros.egg-info/SOURCES.txt'
[1.032s] running build_ext
[1.032s] Creating /home/yong/YongJun_ws/install/yolov8_ros/lib/python3.8/site-packages/site.py
[1.034s] Creating /home/yong/YongJun_ws/install/yolov8_ros/lib/python3.8/site-packages/yolov8-ros.egg-link (link to .)
[1.035s] Installing debug_node script to /home/yong/YongJun_ws/install/yolov8_ros/lib/yolov8_ros
[1.035s] Installing detect_3d_node script to /home/yong/YongJun_ws/install/yolov8_ros/lib/yolov8_ros
[1.035s] Installing tracking_node script to /home/yong/YongJun_ws/install/yolov8_ros/lib/yolov8_ros
[1.035s] Installing yolov8_node script to /home/yong/YongJun_ws/install/yolov8_ros/lib/yolov8_ros
[1.035s] 
[1.035s] Installed /home/yong/YongJun_ws/build/yolov8_ros
[1.035s] running symlink_data
[1.035s] creating /home/yong/YongJun_ws/install/yolov8_ros/share/ament_index
[1.035s] creating /home/yong/YongJun_ws/install/yolov8_ros/share/ament_index/resource_index
[1.035s] creating /home/yong/YongJun_ws/install/yolov8_ros/share/ament_index/resource_index/packages
[1.036s] symbolically linking /home/yong/YongJun_ws/build/yolov8_ros/resource/yolov8_ros -> /home/yong/YongJun_ws/install/yolov8_ros/share/ament_index/resource_index/packages
[1.036s] symbolically linking /home/yong/YongJun_ws/build/yolov8_ros/package.xml -> /home/yong/YongJun_ws/install/yolov8_ros/share/yolov8_ros
[1.056s] Invoked command in '/home/yong/YongJun_ws/build/yolov8_ros' returned '0': PYTHONPATH=/home/yong/YongJun_ws/build/yolov8_ros/prefix_override:/home/yong/YongJun_ws/install/yolov8_ros/lib/python3.8/site-packages:${PYTHONPATH} /usr/bin/python3 -W ignore:setup.py install is deprecated setup.py develop --editable --build-directory /home/yong/YongJun_ws/build/yolov8_ros/build --no-deps symlink_data
