[0.582s] Invoking command in '/home/yong/sensor/src/yolov8_ros/yolov8_ros': PYTHONPATH=/home/yong/sensor/build/yolov8_ros/prefix_override:/home/yong/sensor/install/yolov8_ros/lib/python3.8/site-packages:${PYTHONPATH} /usr/bin/python3 -W ignore:setup.py install is deprecated setup.py egg_info --egg-base ../../../build/yolov8_ros build --build-base /home/yong/sensor/build/yolov8_ros/build install --record /home/yong/sensor/build/yolov8_ros/install.log --single-version-externally-managed install_data
[0.747s] running egg_info
[0.747s] creating ../../../build/yolov8_ros/yolov8_ros.egg-info
[0.748s] writing ../../../build/yolov8_ros/yolov8_ros.egg-info/PKG-INFO
[0.748s] writing dependency_links to ../../../build/yolov8_ros/yolov8_ros.egg-info/dependency_links.txt
[0.748s] writing entry points to ../../../build/yolov8_ros/yolov8_ros.egg-info/entry_points.txt
[0.748s] writing requirements to ../../../build/yolov8_ros/yolov8_ros.egg-info/requires.txt
[0.748s] writing top-level names to ../../../build/yolov8_ros/yolov8_ros.egg-info/top_level.txt
[0.749s] writing manifest file '../../../build/yolov8_ros/yolov8_ros.egg-info/SOURCES.txt'
[0.773s] reading manifest file '../../../build/yolov8_ros/yolov8_ros.egg-info/SOURCES.txt'
[0.773s] writing manifest file '../../../build/yolov8_ros/yolov8_ros.egg-info/SOURCES.txt'
[0.773s] running build
[0.774s] running build_py
[0.774s] creating /home/yong/sensor/build/yolov8_ros/build
[0.774s] creating /home/yong/sensor/build/yolov8_ros/build/lib
[0.774s] creating /home/yong/sensor/build/yolov8_ros/build/lib/yolov8_ros
[0.774s] copying yolov8_ros/detect_3d_node.py -> /home/yong/sensor/build/yolov8_ros/build/lib/yolov8_ros
[0.774s] copying yolov8_ros/__init__.py -> /home/yong/sensor/build/yolov8_ros/build/lib/yolov8_ros
[0.774s] copying yolov8_ros/tracking_node.py -> /home/yong/sensor/build/yolov8_ros/build/lib/yolov8_ros
[0.774s] copying yolov8_ros/yolov8_node.py -> /home/yong/sensor/build/yolov8_ros/build/lib/yolov8_ros
[0.774s] copying yolov8_ros/debug_node.py -> /home/yong/sensor/build/yolov8_ros/build/lib/yolov8_ros
[0.774s] running install
[0.774s] running install_lib
[0.775s] creating /home/yong/sensor/install/yolov8_ros/lib/python3.8/site-packages/yolov8_ros
[0.775s] copying /home/yong/sensor/build/yolov8_ros/build/lib/yolov8_ros/detect_3d_node.py -> /home/yong/sensor/install/yolov8_ros/lib/python3.8/site-packages/yolov8_ros
[0.775s] copying /home/yong/sensor/build/yolov8_ros/build/lib/yolov8_ros/__init__.py -> /home/yong/sensor/install/yolov8_ros/lib/python3.8/site-packages/yolov8_ros
[0.775s] copying /home/yong/sensor/build/yolov8_ros/build/lib/yolov8_ros/tracking_node.py -> /home/yong/sensor/install/yolov8_ros/lib/python3.8/site-packages/yolov8_ros
[0.775s] copying /home/yong/sensor/build/yolov8_ros/build/lib/yolov8_ros/yolov8_node.py -> /home/yong/sensor/install/yolov8_ros/lib/python3.8/site-packages/yolov8_ros
[0.775s] copying /home/yong/sensor/build/yolov8_ros/build/lib/yolov8_ros/debug_node.py -> /home/yong/sensor/install/yolov8_ros/lib/python3.8/site-packages/yolov8_ros
[0.776s] byte-compiling /home/yong/sensor/install/yolov8_ros/lib/python3.8/site-packages/yolov8_ros/detect_3d_node.py to detect_3d_node.cpython-38.pyc
[0.778s] byte-compiling /home/yong/sensor/install/yolov8_ros/lib/python3.8/site-packages/yolov8_ros/__init__.py to __init__.cpython-38.pyc
[0.778s] byte-compiling /home/yong/sensor/install/yolov8_ros/lib/python3.8/site-packages/yolov8_ros/tracking_node.py to tracking_node.cpython-38.pyc
[0.779s] byte-compiling /home/yong/sensor/install/yolov8_ros/lib/python3.8/site-packages/yolov8_ros/yolov8_node.py to yolov8_node.cpython-38.pyc
[0.779s] byte-compiling /home/yong/sensor/install/yolov8_ros/lib/python3.8/site-packages/yolov8_ros/debug_node.py to debug_node.cpython-38.pyc
[0.781s] running install_data
[0.781s] creating /home/yong/sensor/install/yolov8_ros/share/ament_index
[0.781s] creating /home/yong/sensor/install/yolov8_ros/share/ament_index/resource_index
[0.781s] creating /home/yong/sensor/install/yolov8_ros/share/ament_index/resource_index/packages
[0.781s] copying resource/yolov8_ros -> /home/yong/sensor/install/yolov8_ros/share/ament_index/resource_index/packages
[0.781s] copying package.xml -> /home/yong/sensor/install/yolov8_ros/share/yolov8_ros
[0.781s] running install_egg_info
[0.782s] Copying ../../../build/yolov8_ros/yolov8_ros.egg-info to /home/yong/sensor/install/yolov8_ros/lib/python3.8/site-packages/yolov8_ros-0.0.0-py3.8.egg-info
[0.782s] running install_scripts
[0.794s] Installing debug_node script to /home/yong/sensor/install/yolov8_ros/lib/yolov8_ros
[0.794s] Installing detect_3d_node script to /home/yong/sensor/install/yolov8_ros/lib/yolov8_ros
[0.794s] Installing tracking_node script to /home/yong/sensor/install/yolov8_ros/lib/yolov8_ros
[0.794s] Installing yolov8_node script to /home/yong/sensor/install/yolov8_ros/lib/yolov8_ros
[0.794s] writing list of installed files to '/home/yong/sensor/build/yolov8_ros/install.log'
[0.808s] Invoked command in '/home/yong/sensor/src/yolov8_ros/yolov8_ros' returned '0': PYTHONPATH=/home/yong/sensor/build/yolov8_ros/prefix_override:/home/yong/sensor/install/yolov8_ros/lib/python3.8/site-packages:${PYTHONPATH} /usr/bin/python3 -W ignore:setup.py install is deprecated setup.py egg_info --egg-base ../../../build/yolov8_ros build --build-base /home/yong/sensor/build/yolov8_ros/build install --record /home/yong/sensor/build/yolov8_ros/install.log --single-version-externally-managed install_data
