-- The C compiler identification is GNU 9.4.0
-- The CXX compiler identification is GNU 9.4.0
-- Detecting C compiler ABI info
-- Detecting C compiler ABI info - done
-- Check for working C compiler: /usr/bin/gcc - skipped
-- Detecting C compile features
-- Detecting C compile features - done
-- Detecting CXX compiler ABI info
-- Detecting CXX compiler ABI info - done
-- Check for working CXX compiler: /usr/bin/g++ - skipped
-- Detecting CXX compile features
-- Detecting CXX compile features - done
-- Found ament_cmake: 1.3.3 (/usr/local/MATLAB/R2024a/sys/ros2/glnxa64/ros2/share/ament_cmake/cmake)
-- Found Python3: /home/aiv/.matlab/R2024a/ros2/glnxa64/venv/bin/python3.10 (found version "3.10.14") found components: Interpreter 
-- Found ament_cmake_ros: 0.10.0 (/usr/local/MATLAB/R2024a/sys/ros2/glnxa64/ros2/share/ament_cmake_ros/cmake)
-- Found rosidl_typesupport_c: 2.0.0 (/usr/local/MATLAB/R2024a/sys/ros2/glnxa64/ros2/share/rosidl_typesupport_c/cmake)
-- Using all available rosidl_typesupport_c: rosidl_typesupport_fastrtps_c;rosidl_typesupport_introspection_c
-- Found rosidl_adapter: 3.1.4 (/usr/local/MATLAB/R2024a/sys/ros2/glnxa64/ros2/share/rosidl_adapter/cmake)
-- Found rosidl_typesupport_cpp: 2.0.0 (/usr/local/MATLAB/R2024a/sys/ros2/glnxa64/ros2/share/rosidl_typesupport_cpp/cmake)
-- Using all available rosidl_typesupport_cpp: rosidl_typesupport_fastrtps_cpp;rosidl_typesupport_introspection_cpp
-- Found rosidl_default_generators: 1.2.0 (/usr/local/MATLAB/R2024a/sys/ros2/glnxa64/ros2/share/rosidl_default_generators/cmake)
-- Found class_loader: 2.2.0 (/usr/local/MATLAB/R2024a/sys/ros2/glnxa64/ros2/share/class_loader/cmake)
-- Found geometry_msgs: 4.2.3 (/usr/local/MATLAB/R2024a/sys/ros2/glnxa64/ros2/share/geometry_msgs/cmake)
-- Found rclcpp: 16.0.5 (/usr/local/MATLAB/R2024a/sys/ros2/glnxa64/ros2/share/rclcpp/cmake)
-- Found rmw_implementation_cmake: 6.1.1 (/usr/local/MATLAB/R2024a/sys/ros2/glnxa64/ros2/share/rmw_implementation_cmake/cmake)
-- Found rmw_fastrtps_cpp: 6.2.2 (/usr/local/MATLAB/R2024a/sys/ros2/glnxa64/ros2/share/rmw_fastrtps_cpp/cmake)
-- Found FastRTPS: /usr/local/MATLAB/R2024a/sys/ros2/glnxa64/ros2/include  
-- Using RMW implementation 'rmw_fastrtps_cpp' as default
-- Performing Test CMAKE_HAVE_LIBC_PTHREAD
-- Performing Test CMAKE_HAVE_LIBC_PTHREAD - Failed
-- Looking for pthread_create in pthreads
-- Looking for pthread_create in pthreads - not found
-- Looking for pthread_create in pthread
-- Looking for pthread_create in pthread - found
-- Found Threads: TRUE  
-- Using all available rosidl_typesupport_c: rosidl_typesupport_fastrtps_c;rosidl_typesupport_introspection_c
-- Using all available rosidl_typesupport_cpp: rosidl_typesupport_fastrtps_cpp;rosidl_typesupport_introspection_cpp
-- Configuring done
-- Generating done
-- Build files have been written to: /home/aiv/YongJun_ws/matlab_ws/matlab/ros_msg/matlab_msg_gen/glnxa64/build/vision_msgs
[1/56] Generating C++ code for ROS interfaces
[2/56] Generating C code for ROS interfaces
[3/56] Building C object CMakeFiles/vision_msgs__rosidl_generator_c.dir/rosidl_generator_c/vision_msgs/msg/detail/object_hypothesis__functions.c.o
[4/56] Building C object CMakeFiles/vision_msgs__rosidl_generator_c.dir/rosidl_generator_c/vision_msgs/msg/detail/bounding_box3_d__functions.c.o
[5/56] Building C object CMakeFiles/vision_msgs__rosidl_generator_c.dir/rosidl_generator_c/vision_msgs/msg/detail/object_hypothesis_with_pose__functions.c.o
[6/56] Building C object CMakeFiles/vision_msgs__rosidl_generator_c.dir/rosidl_generator_c/vision_msgs/msg/detail/detection3_d_array__functions.c.o
[7/56] Building C object CMakeFiles/vision_msgs__rosidl_generator_c.dir/rosidl_generator_c/vision_msgs/msg/detail/detection3_d__functions.c.o
[8/56] Linking C shared library libvision_msgs__rosidl_generator_c.so
[9/56] Generating C++ type support dispatch for ROS interfaces
[10/56] Generating C++ introspection for ROS interfaces
[11/56] Generating C++ type support for eProsima Fast-RTPS
[12/56] Generating C type support dispatch for ROS interfaces
[13/56] Building CXX object CMakeFiles/vision_msgs__rosidl_typesupport_c.dir/rosidl_typesupport_c/vision_msgs/msg/object_hypothesis_with_pose__type_support.cpp.o
[14/56] Building CXX object CMakeFiles/vision_msgs__rosidl_typesupport_c.dir/rosidl_typesupport_c/vision_msgs/msg/detection3_d_array__type_support.cpp.o
[15/56] Building CXX object CMakeFiles/vision_msgs__rosidl_typesupport_c.dir/rosidl_typesupport_c/vision_msgs/msg/object_hypothesis__type_support.cpp.o
[16/56] Building CXX object CMakeFiles/vision_msgs__rosidl_typesupport_c.dir/rosidl_typesupport_c/vision_msgs/msg/bounding_box3_d__type_support.cpp.o
[17/56] Building CXX object CMakeFiles/vision_msgs__rosidl_typesupport_c.dir/rosidl_typesupport_c/vision_msgs/msg/detection3_d__type_support.cpp.o
[18/56] Generating C introspection for ROS interfaces
[19/56] Generating C type support for eProsima Fast-RTPS
[20/56] Building C object CMakeFiles/vision_msgs__rosidl_typesupport_introspection_c.dir/rosidl_typesupport_introspection_c/vision_msgs/msg/detail/object_hypothesis__type_support.c.o
[21/56] Building C object CMakeFiles/vision_msgs__rosidl_typesupport_introspection_c.dir/rosidl_typesupport_introspection_c/vision_msgs/msg/detail/bounding_box3_d__type_support.c.o
[22/56] Building C object CMakeFiles/vision_msgs__rosidl_typesupport_introspection_c.dir/rosidl_typesupport_introspection_c/vision_msgs/msg/detail/object_hypothesis_with_pose__type_support.c.o
[23/56] Linking CXX shared library libvision_msgs__rosidl_typesupport_c.so
[24/56] Building C object CMakeFiles/vision_msgs__rosidl_typesupport_introspection_c.dir/rosidl_typesupport_introspection_c/vision_msgs/msg/detail/detection3_d__type_support.c.o
[25/56] Building C object CMakeFiles/vision_msgs__rosidl_typesupport_introspection_c.dir/rosidl_typesupport_introspection_c/vision_msgs/msg/detail/detection3_d_array__type_support.c.o
[26/56] Linking C shared library libvision_msgs__rosidl_typesupport_introspection_c.so
[27/56] Building CXX object CMakeFiles/vision_msgs__rosidl_typesupport_cpp.dir/rosidl_typesupport_cpp/vision_msgs/msg/bounding_box3_d__type_support.cpp.o
[28/56] Building CXX object CMakeFiles/vision_msgs__rosidl_typesupport_cpp.dir/rosidl_typesupport_cpp/vision_msgs/msg/object_hypothesis__type_support.cpp.o
[29/56] Building CXX object CMakeFiles/vision_msgs__rosidl_typesupport_introspection_cpp.dir/rosidl_typesupport_introspection_cpp/vision_msgs/msg/detail/bounding_box3_d__type_support.cpp.o
[30/56] Building CXX object CMakeFiles/vision_msgs__rosidl_typesupport_cpp.dir/rosidl_typesupport_cpp/vision_msgs/msg/object_hypothesis_with_pose__type_support.cpp.o
[31/56] Building CXX object CMakeFiles/vision_msgs__rosidl_typesupport_cpp.dir/rosidl_typesupport_cpp/vision_msgs/msg/detection3_d__type_support.cpp.o
[32/56] Building CXX object CMakeFiles/vision_msgs__rosidl_typesupport_introspection_cpp.dir/rosidl_typesupport_introspection_cpp/vision_msgs/msg/detail/object_hypothesis_with_pose__type_support.cpp.o
[33/56] Building CXX object CMakeFiles/vision_msgs__rosidl_typesupport_cpp.dir/rosidl_typesupport_cpp/vision_msgs/msg/detection3_d_array__type_support.cpp.o
[34/56] Building CXX object CMakeFiles/vision_msgs__rosidl_typesupport_fastrtps_cpp.dir/rosidl_typesupport_fastrtps_cpp/vision_msgs/msg/detail/dds_fastrtps/bounding_box3_d__type_support.cpp.o
[35/56] Linking CXX shared library libvision_msgs__rosidl_typesupport_cpp.so
[36/56] Building CXX object CMakeFiles/vision_msgs__rosidl_typesupport_fastrtps_c.dir/rosidl_typesupport_fastrtps_c/vision_msgs/msg/detail/bounding_box3_d__type_support_c.cpp.o
[37/56] Building CXX object CMakeFiles/vision_msgs__rosidl_typesupport_introspection_cpp.dir/rosidl_typesupport_introspection_cpp/vision_msgs/msg/detail/detection3_d__type_support.cpp.o
[38/56] Building CXX object CMakeFiles/vision_msgs__rosidl_typesupport_fastrtps_c.dir/rosidl_typesupport_fastrtps_c/vision_msgs/msg/detail/detection3_d_array__type_support_c.cpp.o
[39/56] Building CXX object CMakeFiles/vision_msgs__rosidl_typesupport_introspection_cpp.dir/rosidl_typesupport_introspection_cpp/vision_msgs/msg/detail/detection3_d_array__type_support.cpp.o
[40/56] Building CXX object CMakeFiles/vision_msgs__rosidl_typesupport_fastrtps_c.dir/rosidl_typesupport_fastrtps_c/vision_msgs/msg/detail/object_hypothesis__type_support_c.cpp.o
[41/56] Building CXX object CMakeFiles/vision_msgs__rosidl_typesupport_fastrtps_cpp.dir/rosidl_typesupport_fastrtps_cpp/vision_msgs/msg/detail/dds_fastrtps/object_hypothesis_with_pose__type_support.cpp.o
[42/56] Building CXX object CMakeFiles/vision_msgs__rosidl_typesupport_fastrtps_c.dir/rosidl_typesupport_fastrtps_c/vision_msgs/msg/detail/detection3_d__type_support_c.cpp.o
[43/56] Building CXX object CMakeFiles/vision_msgs__rosidl_typesupport_introspection_cpp.dir/rosidl_typesupport_introspection_cpp/vision_msgs/msg/detail/object_hypothesis__type_support.cpp.o
[44/56] Building CXX object CMakeFiles/vision_msgs__rosidl_typesupport_fastrtps_cpp.dir/rosidl_typesupport_fastrtps_cpp/vision_msgs/msg/detail/dds_fastrtps/object_hypothesis__type_support.cpp.o
[45/56] Building CXX object CMakeFiles/vision_msgs__rosidl_typesupport_fastrtps_c.dir/rosidl_typesupport_fastrtps_c/vision_msgs/msg/detail/object_hypothesis_with_pose__type_support_c.cpp.o
[46/56] Linking CXX shared library libvision_msgs__rosidl_typesupport_introspection_cpp.so
[47/56] Building CXX object CMakeFiles/vision_msgs__rosidl_typesupport_fastrtps_cpp.dir/rosidl_typesupport_fastrtps_cpp/vision_msgs/msg/detail/dds_fastrtps/detection3_d_array__type_support.cpp.o
[48/56] Building CXX object CMakeFiles/vision_msgs__rosidl_typesupport_fastrtps_cpp.dir/rosidl_typesupport_fastrtps_cpp/vision_msgs/msg/detail/dds_fastrtps/detection3_d__type_support.cpp.o
[49/56] Linking CXX shared library libvision_msgs__rosidl_typesupport_fastrtps_c.so
[50/56] Linking CXX shared library libvision_msgs__rosidl_typesupport_fastrtps_cpp.so
[51/56] Building CXX object CMakeFiles/vision_msgs_matlab.dir/src/vision_msgs_ObjectHypothesis_message.cpp.o
[52/56] Building CXX object CMakeFiles/vision_msgs_matlab.dir/src/vision_msgs_BoundingBox3D_message.cpp.o
[53/56] Building CXX object CMakeFiles/vision_msgs_matlab.dir/src/vision_msgs_ObjectHypothesisWithPose_message.cpp.o
[54/56] Building CXX object CMakeFiles/vision_msgs_matlab.dir/src/vision_msgs_Detection3DArray_message.cpp.o
[55/56] Building CXX object CMakeFiles/vision_msgs_matlab.dir/src/vision_msgs_Detection3D_message.cpp.o
[56/56] Linking CXX shared library libvision_msgs_matlab.so
-- Install configuration: "Release"
-- Installing: /home/aiv/YongJun_ws/matlab_ws/matlab/ros_msg/matlab_msg_gen/glnxa64/install/share/ament_index/resource_index/rosidl_interfaces/vision_msgs
-- Installing: /home/aiv/YongJun_ws/matlab_ws/matlab/ros_msg/matlab_msg_gen/glnxa64/install/include/vision_msgs/vision_msgs
-- Installing: /home/aiv/YongJun_ws/matlab_ws/matlab/ros_msg/matlab_msg_gen/glnxa64/install/include/vision_msgs/vision_msgs/msg
-- Installing: /home/aiv/YongJun_ws/matlab_ws/matlab/ros_msg/matlab_msg_gen/glnxa64/install/include/vision_msgs/vision_msgs/msg/detection3_d.h
-- Installing: /home/aiv/YongJun_ws/matlab_ws/matlab/ros_msg/matlab_msg_gen/glnxa64/install/include/vision_msgs/vision_msgs/msg/object_hypothesis.h
-- Installing: /home/aiv/YongJun_ws/matlab_ws/matlab/ros_msg/matlab_msg_gen/glnxa64/install/include/vision_msgs/vision_msgs/msg/rosidl_generator_c__visibility_control.h
-- Installing: /home/aiv/YongJun_ws/matlab_ws/matlab/ros_msg/matlab_msg_gen/glnxa64/install/include/vision_msgs/vision_msgs/msg/object_hypothesis_with_pose.h
-- Installing: /home/aiv/YongJun_ws/matlab_ws/matlab/ros_msg/matlab_msg_gen/glnxa64/install/include/vision_msgs/vision_msgs/msg/detail
-- Installing: /home/aiv/YongJun_ws/matlab_ws/matlab/ros_msg/matlab_msg_gen/glnxa64/install/include/vision_msgs/vision_msgs/msg/detail/object_hypothesis_with_pose__type_support.h
-- Installing: /home/aiv/YongJun_ws/matlab_ws/matlab/ros_msg/matlab_msg_gen/glnxa64/install/include/vision_msgs/vision_msgs/msg/detail/detection3_d_array__functions.c
-- Installing: /home/aiv/YongJun_ws/matlab_ws/matlab/ros_msg/matlab_msg_gen/glnxa64/install/include/vision_msgs/vision_msgs/msg/detail/object_hypothesis__functions.h
-- Installing: /home/aiv/YongJun_ws/matlab_ws/matlab/ros_msg/matlab_msg_gen/glnxa64/install/include/vision_msgs/vision_msgs/msg/detail/object_hypothesis__functions.c
-- Installing: /home/aiv/YongJun_ws/matlab_ws/matlab/ros_msg/matlab_msg_gen/glnxa64/install/include/vision_msgs/vision_msgs/msg/detail/bounding_box3_d__struct.h
-- Installing: /home/aiv/YongJun_ws/matlab_ws/matlab/ros_msg/matlab_msg_gen/glnxa64/install/include/vision_msgs/vision_msgs/msg/detail/bounding_box3_d__functions.c
-- Installing: /home/aiv/YongJun_ws/matlab_ws/matlab/ros_msg/matlab_msg_gen/glnxa64/install/include/vision_msgs/vision_msgs/msg/detail/detection3_d__struct.h
-- Installing: /home/aiv/YongJun_ws/matlab_ws/matlab/ros_msg/matlab_msg_gen/glnxa64/install/include/vision_msgs/vision_msgs/msg/detail/object_hypothesis_with_pose__struct.h
-- Installing: /home/aiv/YongJun_ws/matlab_ws/matlab/ros_msg/matlab_msg_gen/glnxa64/install/include/vision_msgs/vision_msgs/msg/detail/detection3_d__functions.c
-- Installing: /home/aiv/YongJun_ws/matlab_ws/matlab/ros_msg/matlab_msg_gen/glnxa64/install/include/vision_msgs/vision_msgs/msg/detail/detection3_d__functions.h
-- Installing: /home/aiv/YongJun_ws/matlab_ws/matlab/ros_msg/matlab_msg_gen/glnxa64/install/include/vision_msgs/vision_msgs/msg/detail/object_hypothesis__type_support.h
-- Installing: /home/aiv/YongJun_ws/matlab_ws/matlab/ros_msg/matlab_msg_gen/glnxa64/install/include/vision_msgs/vision_msgs/msg/detail/bounding_box3_d__type_support.h
-- Installing: /home/aiv/YongJun_ws/matlab_ws/matlab/ros_msg/matlab_msg_gen/glnxa64/install/include/vision_msgs/vision_msgs/msg/detail/object_hypothesis_with_pose__functions.c
-- Installing: /home/aiv/YongJun_ws/matlab_ws/matlab/ros_msg/matlab_msg_gen/glnxa64/install/include/vision_msgs/vision_msgs/msg/detail/detection3_d_array__struct.h
-- Installing: /home/aiv/YongJun_ws/matlab_ws/matlab/ros_msg/matlab_msg_gen/glnxa64/install/include/vision_msgs/vision_msgs/msg/detail/object_hypothesis_with_pose__functions.h
-- Installing: /home/aiv/YongJun_ws/matlab_ws/matlab/ros_msg/matlab_msg_gen/glnxa64/install/include/vision_msgs/vision_msgs/msg/detail/detection3_d_array__type_support.h
-- Installing: /home/aiv/YongJun_ws/matlab_ws/matlab/ros_msg/matlab_msg_gen/glnxa64/install/include/vision_msgs/vision_msgs/msg/detail/object_hypothesis__struct.h
-- Installing: /home/aiv/YongJun_ws/matlab_ws/matlab/ros_msg/matlab_msg_gen/glnxa64/install/include/vision_msgs/vision_msgs/msg/detail/detection3_d__type_support.h
-- Installing: /home/aiv/YongJun_ws/matlab_ws/matlab/ros_msg/matlab_msg_gen/glnxa64/install/include/vision_msgs/vision_msgs/msg/detail/bounding_box3_d__functions.h
-- Installing: /home/aiv/YongJun_ws/matlab_ws/matlab/ros_msg/matlab_msg_gen/glnxa64/install/include/vision_msgs/vision_msgs/msg/detail/detection3_d_array__functions.h
-- Installing: /home/aiv/YongJun_ws/matlab_ws/matlab/ros_msg/matlab_msg_gen/glnxa64/install/include/vision_msgs/vision_msgs/msg/bounding_box3_d.h
-- Installing: /home/aiv/YongJun_ws/matlab_ws/matlab/ros_msg/matlab_msg_gen/glnxa64/install/include/vision_msgs/vision_msgs/msg/detection3_d_array.h
-- Installing: /home/aiv/YongJun_ws/matlab_ws/matlab/ros_msg/matlab_msg_gen/glnxa64/install/share/vision_msgs/environment/library_path.sh
-- Installing: /home/aiv/YongJun_ws/matlab_ws/matlab/ros_msg/matlab_msg_gen/glnxa64/install/share/vision_msgs/environment/library_path.dsv
-- Installing: /home/aiv/YongJun_ws/matlab_ws/matlab/ros_msg/matlab_msg_gen/glnxa64/install/lib/libvision_msgs__rosidl_generator_c.so
-- Up-to-date: /home/aiv/YongJun_ws/matlab_ws/matlab/ros_msg/matlab_msg_gen/glnxa64/install/include/vision_msgs/vision_msgs
-- Up-to-date: /home/aiv/YongJun_ws/matlab_ws/matlab/ros_msg/matlab_msg_gen/glnxa64/install/include/vision_msgs/vision_msgs/msg
-- Installing: /home/aiv/YongJun_ws/matlab_ws/matlab/ros_msg/matlab_msg_gen/glnxa64/install/include/vision_msgs/vision_msgs/msg/rosidl_typesupport_fastrtps_c__visibility_control.h
-- Up-to-date: /home/aiv/YongJun_ws/matlab_ws/matlab/ros_msg/matlab_msg_gen/glnxa64/install/include/vision_msgs/vision_msgs/msg/detail
-- Installing: /home/aiv/YongJun_ws/matlab_ws/matlab/ros_msg/matlab_msg_gen/glnxa64/install/include/vision_msgs/vision_msgs/msg/detail/detection3_d_array__rosidl_typesupport_fastrtps_c.h
-- Installing: /home/aiv/YongJun_ws/matlab_ws/matlab/ros_msg/matlab_msg_gen/glnxa64/install/include/vision_msgs/vision_msgs/msg/detail/detection3_d__rosidl_typesupport_fastrtps_c.h
-- Installing: /home/aiv/YongJun_ws/matlab_ws/matlab/ros_msg/matlab_msg_gen/glnxa64/install/include/vision_msgs/vision_msgs/msg/detail/bounding_box3_d__rosidl_typesupport_fastrtps_c.h
-- Installing: /home/aiv/YongJun_ws/matlab_ws/matlab/ros_msg/matlab_msg_gen/glnxa64/install/include/vision_msgs/vision_msgs/msg/detail/object_hypothesis_with_pose__rosidl_typesupport_fastrtps_c.h
-- Installing: /home/aiv/YongJun_ws/matlab_ws/matlab/ros_msg/matlab_msg_gen/glnxa64/install/include/vision_msgs/vision_msgs/msg/detail/object_hypothesis__rosidl_typesupport_fastrtps_c.h
-- Installing: /home/aiv/YongJun_ws/matlab_ws/matlab/ros_msg/matlab_msg_gen/glnxa64/install/lib/libvision_msgs__rosidl_typesupport_fastrtps_c.so
-- Up-to-date: /home/aiv/YongJun_ws/matlab_ws/matlab/ros_msg/matlab_msg_gen/glnxa64/install/include/vision_msgs/vision_msgs
-- Up-to-date: /home/aiv/YongJun_ws/matlab_ws/matlab/ros_msg/matlab_msg_gen/glnxa64/install/include/vision_msgs/vision_msgs/msg
-- Installing: /home/aiv/YongJun_ws/matlab_ws/matlab/ros_msg/matlab_msg_gen/glnxa64/install/include/vision_msgs/vision_msgs/msg/rosidl_typesupport_introspection_c__visibility_control.h
-- Up-to-date: /home/aiv/YongJun_ws/matlab_ws/matlab/ros_msg/matlab_msg_gen/glnxa64/install/include/vision_msgs/vision_msgs/msg/detail
-- Installing: /home/aiv/YongJun_ws/matlab_ws/matlab/ros_msg/matlab_msg_gen/glnxa64/install/include/vision_msgs/vision_msgs/msg/detail/object_hypothesis__type_support.c
-- Installing: /home/aiv/YongJun_ws/matlab_ws/matlab/ros_msg/matlab_msg_gen/glnxa64/install/include/vision_msgs/vision_msgs/msg/detail/detection3_d__type_support.c
-- Installing: /home/aiv/YongJun_ws/matlab_ws/matlab/ros_msg/matlab_msg_gen/glnxa64/install/include/vision_msgs/vision_msgs/msg/detail/detection3_d__rosidl_typesupport_introspection_c.h
-- Installing: /home/aiv/YongJun_ws/matlab_ws/matlab/ros_msg/matlab_msg_gen/glnxa64/install/include/vision_msgs/vision_msgs/msg/detail/object_hypothesis_with_pose__type_support.c
-- Installing: /home/aiv/YongJun_ws/matlab_ws/matlab/ros_msg/matlab_msg_gen/glnxa64/install/include/vision_msgs/vision_msgs/msg/detail/object_hypothesis__rosidl_typesupport_introspection_c.h
-- Installing: /home/aiv/YongJun_ws/matlab_ws/matlab/ros_msg/matlab_msg_gen/glnxa64/install/include/vision_msgs/vision_msgs/msg/detail/bounding_box3_d__type_support.c
-- Installing: /home/aiv/YongJun_ws/matlab_ws/matlab/ros_msg/matlab_msg_gen/glnxa64/install/include/vision_msgs/vision_msgs/msg/detail/object_hypothesis_with_pose__rosidl_typesupport_introspection_c.h
-- Installing: /home/aiv/YongJun_ws/matlab_ws/matlab/ros_msg/matlab_msg_gen/glnxa64/install/include/vision_msgs/vision_msgs/msg/detail/detection3_d_array__rosidl_typesupport_introspection_c.h
-- Installing: /home/aiv/YongJun_ws/matlab_ws/matlab/ros_msg/matlab_msg_gen/glnxa64/install/include/vision_msgs/vision_msgs/msg/detail/detection3_d_array__type_support.c
-- Installing: /home/aiv/YongJun_ws/matlab_ws/matlab/ros_msg/matlab_msg_gen/glnxa64/install/include/vision_msgs/vision_msgs/msg/detail/bounding_box3_d__rosidl_typesupport_introspection_c.h
-- Installing: /home/aiv/YongJun_ws/matlab_ws/matlab/ros_msg/matlab_msg_gen/glnxa64/install/lib/libvision_msgs__rosidl_typesupport_introspection_c.so
-- Installing: /home/aiv/YongJun_ws/matlab_ws/matlab/ros_msg/matlab_msg_gen/glnxa64/install/lib/libvision_msgs__rosidl_typesupport_c.so
-- Up-to-date: /home/aiv/YongJun_ws/matlab_ws/matlab/ros_msg/matlab_msg_gen/glnxa64/install/include/vision_msgs/vision_msgs
-- Up-to-date: /home/aiv/YongJun_ws/matlab_ws/matlab/ros_msg/matlab_msg_gen/glnxa64/install/include/vision_msgs/vision_msgs/msg
-- Installing: /home/aiv/YongJun_ws/matlab_ws/matlab/ros_msg/matlab_msg_gen/glnxa64/install/include/vision_msgs/vision_msgs/msg/object_hypothesis.hpp
-- Installing: /home/aiv/YongJun_ws/matlab_ws/matlab/ros_msg/matlab_msg_gen/glnxa64/install/include/vision_msgs/vision_msgs/msg/detection3_d_array.hpp
-- Installing: /home/aiv/YongJun_ws/matlab_ws/matlab/ros_msg/matlab_msg_gen/glnxa64/install/include/vision_msgs/vision_msgs/msg/detection3_d.hpp
-- Installing: /home/aiv/YongJun_ws/matlab_ws/matlab/ros_msg/matlab_msg_gen/glnxa64/install/include/vision_msgs/vision_msgs/msg/object_hypothesis_with_pose.hpp
-- Up-to-date: /home/aiv/YongJun_ws/matlab_ws/matlab/ros_msg/matlab_msg_gen/glnxa64/install/include/vision_msgs/vision_msgs/msg/detail
-- Installing: /home/aiv/YongJun_ws/matlab_ws/matlab/ros_msg/matlab_msg_gen/glnxa64/install/include/vision_msgs/vision_msgs/msg/detail/bounding_box3_d__builder.hpp
-- Installing: /home/aiv/YongJun_ws/matlab_ws/matlab/ros_msg/matlab_msg_gen/glnxa64/install/include/vision_msgs/vision_msgs/msg/detail/detection3_d_array__traits.hpp
-- Installing: /home/aiv/YongJun_ws/matlab_ws/matlab/ros_msg/matlab_msg_gen/glnxa64/install/include/vision_msgs/vision_msgs/msg/detail/detection3_d__traits.hpp
-- Installing: /home/aiv/YongJun_ws/matlab_ws/matlab/ros_msg/matlab_msg_gen/glnxa64/install/include/vision_msgs/vision_msgs/msg/detail/object_hypothesis__traits.hpp
-- Installing: /home/aiv/YongJun_ws/matlab_ws/matlab/ros_msg/matlab_msg_gen/glnxa64/install/include/vision_msgs/vision_msgs/msg/detail/object_hypothesis__builder.hpp
-- Installing: /home/aiv/YongJun_ws/matlab_ws/matlab/ros_msg/matlab_msg_gen/glnxa64/install/include/vision_msgs/vision_msgs/msg/detail/object_hypothesis__struct.hpp
-- Installing: /home/aiv/YongJun_ws/matlab_ws/matlab/ros_msg/matlab_msg_gen/glnxa64/install/include/vision_msgs/vision_msgs/msg/detail/detection3_d__struct.hpp
-- Installing: /home/aiv/YongJun_ws/matlab_ws/matlab/ros_msg/matlab_msg_gen/glnxa64/install/include/vision_msgs/vision_msgs/msg/detail/object_hypothesis_with_pose__struct.hpp
-- Installing: /home/aiv/YongJun_ws/matlab_ws/matlab/ros_msg/matlab_msg_gen/glnxa64/install/include/vision_msgs/vision_msgs/msg/detail/bounding_box3_d__traits.hpp
-- Installing: /home/aiv/YongJun_ws/matlab_ws/matlab/ros_msg/matlab_msg_gen/glnxa64/install/include/vision_msgs/vision_msgs/msg/detail/detection3_d__builder.hpp
-- Installing: /home/aiv/YongJun_ws/matlab_ws/matlab/ros_msg/matlab_msg_gen/glnxa64/install/include/vision_msgs/vision_msgs/msg/detail/bounding_box3_d__struct.hpp
-- Installing: /home/aiv/YongJun_ws/matlab_ws/matlab/ros_msg/matlab_msg_gen/glnxa64/install/include/vision_msgs/vision_msgs/msg/detail/detection3_d_array__builder.hpp
-- Installing: /home/aiv/YongJun_ws/matlab_ws/matlab/ros_msg/matlab_msg_gen/glnxa64/install/include/vision_msgs/vision_msgs/msg/detail/object_hypothesis_with_pose__traits.hpp
-- Installing: /home/aiv/YongJun_ws/matlab_ws/matlab/ros_msg/matlab_msg_gen/glnxa64/install/include/vision_msgs/vision_msgs/msg/detail/object_hypothesis_with_pose__builder.hpp
-- Installing: /home/aiv/YongJun_ws/matlab_ws/matlab/ros_msg/matlab_msg_gen/glnxa64/install/include/vision_msgs/vision_msgs/msg/detail/detection3_d_array__struct.hpp
-- Installing: /home/aiv/YongJun_ws/matlab_ws/matlab/ros_msg/matlab_msg_gen/glnxa64/install/include/vision_msgs/vision_msgs/msg/bounding_box3_d.hpp
-- Up-to-date: /home/aiv/YongJun_ws/matlab_ws/matlab/ros_msg/matlab_msg_gen/glnxa64/install/include/vision_msgs/vision_msgs
-- Up-to-date: /home/aiv/YongJun_ws/matlab_ws/matlab/ros_msg/matlab_msg_gen/glnxa64/install/include/vision_msgs/vision_msgs/msg
-- Installing: /home/aiv/YongJun_ws/matlab_ws/matlab/ros_msg/matlab_msg_gen/glnxa64/install/include/vision_msgs/vision_msgs/msg/rosidl_typesupport_fastrtps_cpp__visibility_control.h
-- Up-to-date: /home/aiv/YongJun_ws/matlab_ws/matlab/ros_msg/matlab_msg_gen/glnxa64/install/include/vision_msgs/vision_msgs/msg/detail
-- Installing: /home/aiv/YongJun_ws/matlab_ws/matlab/ros_msg/matlab_msg_gen/glnxa64/install/include/vision_msgs/vision_msgs/msg/detail/bounding_box3_d__rosidl_typesupport_fastrtps_cpp.hpp
-- Installing: /home/aiv/YongJun_ws/matlab_ws/matlab/ros_msg/matlab_msg_gen/glnxa64/install/include/vision_msgs/vision_msgs/msg/detail/dds_fastrtps
-- Installing: /home/aiv/YongJun_ws/matlab_ws/matlab/ros_msg/matlab_msg_gen/glnxa64/install/include/vision_msgs/vision_msgs/msg/detail/detection3_d_array__rosidl_typesupport_fastrtps_cpp.hpp
-- Installing: /home/aiv/YongJun_ws/matlab_ws/matlab/ros_msg/matlab_msg_gen/glnxa64/install/include/vision_msgs/vision_msgs/msg/detail/object_hypothesis_with_pose__rosidl_typesupport_fastrtps_cpp.hpp
-- Installing: /home/aiv/YongJun_ws/matlab_ws/matlab/ros_msg/matlab_msg_gen/glnxa64/install/include/vision_msgs/vision_msgs/msg/detail/object_hypothesis__rosidl_typesupport_fastrtps_cpp.hpp
-- Installing: /home/aiv/YongJun_ws/matlab_ws/matlab/ros_msg/matlab_msg_gen/glnxa64/install/include/vision_msgs/vision_msgs/msg/detail/detection3_d__rosidl_typesupport_fastrtps_cpp.hpp
-- Installing: /home/aiv/YongJun_ws/matlab_ws/matlab/ros_msg/matlab_msg_gen/glnxa64/install/lib/libvision_msgs__rosidl_typesupport_fastrtps_cpp.so
-- Up-to-date: /home/aiv/YongJun_ws/matlab_ws/matlab/ros_msg/matlab_msg_gen/glnxa64/install/include/vision_msgs/vision_msgs
-- Up-to-date: /home/aiv/YongJun_ws/matlab_ws/matlab/ros_msg/matlab_msg_gen/glnxa64/install/include/vision_msgs/vision_msgs/msg
-- Up-to-date: /home/aiv/YongJun_ws/matlab_ws/matlab/ros_msg/matlab_msg_gen/glnxa64/install/include/vision_msgs/vision_msgs/msg/detail
-- Installing: /home/aiv/YongJun_ws/matlab_ws/matlab/ros_msg/matlab_msg_gen/glnxa64/install/include/vision_msgs/vision_msgs/msg/detail/object_hypothesis__type_support.cpp
-- Installing: /home/aiv/YongJun_ws/matlab_ws/matlab/ros_msg/matlab_msg_gen/glnxa64/install/include/vision_msgs/vision_msgs/msg/detail/object_hypothesis__rosidl_typesupport_introspection_cpp.hpp
-- Installing: /home/aiv/YongJun_ws/matlab_ws/matlab/ros_msg/matlab_msg_gen/glnxa64/install/include/vision_msgs/vision_msgs/msg/detail/detection3_d__rosidl_typesupport_introspection_cpp.hpp
-- Installing: /home/aiv/YongJun_ws/matlab_ws/matlab/ros_msg/matlab_msg_gen/glnxa64/install/include/vision_msgs/vision_msgs/msg/detail/bounding_box3_d__rosidl_typesupport_introspection_cpp.hpp
-- Installing: /home/aiv/YongJun_ws/matlab_ws/matlab/ros_msg/matlab_msg_gen/glnxa64/install/include/vision_msgs/vision_msgs/msg/detail/detection3_d_array__type_support.cpp
-- Installing: /home/aiv/YongJun_ws/matlab_ws/matlab/ros_msg/matlab_msg_gen/glnxa64/install/include/vision_msgs/vision_msgs/msg/detail/detection3_d_array__rosidl_typesupport_introspection_cpp.hpp
-- Installing: /home/aiv/YongJun_ws/matlab_ws/matlab/ros_msg/matlab_msg_gen/glnxa64/install/include/vision_msgs/vision_msgs/msg/detail/object_hypothesis_with_pose__type_support.cpp
-- Installing: /home/aiv/YongJun_ws/matlab_ws/matlab/ros_msg/matlab_msg_gen/glnxa64/install/include/vision_msgs/vision_msgs/msg/detail/object_hypothesis_with_pose__rosidl_typesupport_introspection_cpp.hpp
-- Installing: /home/aiv/YongJun_ws/matlab_ws/matlab/ros_msg/matlab_msg_gen/glnxa64/install/include/vision_msgs/vision_msgs/msg/detail/bounding_box3_d__type_support.cpp
-- Installing: /home/aiv/YongJun_ws/matlab_ws/matlab/ros_msg/matlab_msg_gen/glnxa64/install/include/vision_msgs/vision_msgs/msg/detail/detection3_d__type_support.cpp
-- Installing: /home/aiv/YongJun_ws/matlab_ws/matlab/ros_msg/matlab_msg_gen/glnxa64/install/lib/libvision_msgs__rosidl_typesupport_introspection_cpp.so
-- Installing: /home/aiv/YongJun_ws/matlab_ws/matlab/ros_msg/matlab_msg_gen/glnxa64/install/lib/libvision_msgs__rosidl_typesupport_cpp.so
-- Installing: /home/aiv/YongJun_ws/matlab_ws/matlab/ros_msg/matlab_msg_gen/glnxa64/install/share/vision_msgs/msg/BoundingBox3D.idl
-- Installing: /home/aiv/YongJun_ws/matlab_ws/matlab/ros_msg/matlab_msg_gen/glnxa64/install/share/vision_msgs/msg/Detection3D.idl
-- Installing: /home/aiv/YongJun_ws/matlab_ws/matlab/ros_msg/matlab_msg_gen/glnxa64/install/share/vision_msgs/msg/Detection3DArray.idl
-- Installing: /home/aiv/YongJun_ws/matlab_ws/matlab/ros_msg/matlab_msg_gen/glnxa64/install/share/vision_msgs/msg/ObjectHypothesis.idl
-- Installing: /home/aiv/YongJun_ws/matlab_ws/matlab/ros_msg/matlab_msg_gen/glnxa64/install/share/vision_msgs/msg/ObjectHypothesisWithPose.idl
-- Installing: /home/aiv/YongJun_ws/matlab_ws/matlab/ros_msg/matlab_msg_gen/glnxa64/install/share/vision_msgs/msg/BoundingBox3D.msg
-- Installing: /home/aiv/YongJun_ws/matlab_ws/matlab/ros_msg/matlab_msg_gen/glnxa64/install/share/vision_msgs/msg/Detection3D.msg
-- Installing: /home/aiv/YongJun_ws/matlab_ws/matlab/ros_msg/matlab_msg_gen/glnxa64/install/share/vision_msgs/msg/Detection3DArray.msg
-- Installing: /home/aiv/YongJun_ws/matlab_ws/matlab/ros_msg/matlab_msg_gen/glnxa64/install/share/vision_msgs/msg/ObjectHypothesis.msg
-- Installing: /home/aiv/YongJun_ws/matlab_ws/matlab/ros_msg/matlab_msg_gen/glnxa64/install/share/vision_msgs/msg/ObjectHypothesisWithPose.msg
-- Up-to-date: /home/aiv/YongJun_ws/matlab_ws/matlab/ros_msg/matlab_msg_gen/glnxa64/install/include
-- Up-to-date: /home/aiv/YongJun_ws/matlab_ws/matlab/ros_msg/matlab_msg_gen/glnxa64/install/include/vision_msgs
-- Installing: /home/aiv/YongJun_ws/matlab_ws/matlab/ros_msg/matlab_msg_gen/glnxa64/install/include/vision_msgs/visibility_control.h
-- Installing: /home/aiv/YongJun_ws/matlab_ws/matlab/ros_msg/matlab_msg_gen/glnxa64/install/lib/libvision_msgs_matlab.so
-- Installing: /home/aiv/YongJun_ws/matlab_ws/matlab/ros_msg/matlab_msg_gen/glnxa64/install/m/
-- Installing: /home/aiv/YongJun_ws/matlab_ws/matlab/ros_msg/matlab_msg_gen/glnxa64/install/m//+ros
-- Installing: /home/aiv/YongJun_ws/matlab_ws/matlab/ros_msg/matlab_msg_gen/glnxa64/install/m//+ros/+internal
-- Installing: /home/aiv/YongJun_ws/matlab_ws/matlab/ros_msg/matlab_msg_gen/glnxa64/install/m//+ros/+internal/+ros2
-- Installing: /home/aiv/YongJun_ws/matlab_ws/matlab/ros_msg/matlab_msg_gen/glnxa64/install/m//+ros/+internal/+ros2/+custommessages
-- Installing: /home/aiv/YongJun_ws/matlab_ws/matlab/ros_msg/matlab_msg_gen/glnxa64/install/m//+ros/+internal/+ros2/+custommessages/+vision_msgs
-- Installing: /home/aiv/YongJun_ws/matlab_ws/matlab/ros_msg/matlab_msg_gen/glnxa64/install/m//+ros/+internal/+ros2/+custommessages/+vision_msgs/detection3DArray.m
-- Installing: /home/aiv/YongJun_ws/matlab_ws/matlab/ros_msg/matlab_msg_gen/glnxa64/install/m//+ros/+internal/+ros2/+custommessages/+vision_msgs/objectHypothesisWithPose.m
-- Installing: /home/aiv/YongJun_ws/matlab_ws/matlab/ros_msg/matlab_msg_gen/glnxa64/install/m//+ros/+internal/+ros2/+custommessages/+vision_msgs/detection3D.m
-- Installing: /home/aiv/YongJun_ws/matlab_ws/matlab/ros_msg/matlab_msg_gen/glnxa64/install/m//+ros/+internal/+ros2/+custommessages/+vision_msgs/boundingBox3D.m
-- Installing: /home/aiv/YongJun_ws/matlab_ws/matlab/ros_msg/matlab_msg_gen/glnxa64/install/m//+ros/+internal/+ros2/+custommessages/+vision_msgs/objectHypothesis.m
-- Installing: /home/aiv/YongJun_ws/matlab_ws/matlab/ros_msg/matlab_msg_gen/glnxa64/install/share/ament_index/resource_index/package_run_dependencies/vision_msgs
-- Installing: /home/aiv/YongJun_ws/matlab_ws/matlab/ros_msg/matlab_msg_gen/glnxa64/install/share/ament_index/resource_index/parent_prefix_path/vision_msgs
-- Installing: /home/aiv/YongJun_ws/matlab_ws/matlab/ros_msg/matlab_msg_gen/glnxa64/install/share/vision_msgs/environment/ament_prefix_path.sh
-- Installing: /home/aiv/YongJun_ws/matlab_ws/matlab/ros_msg/matlab_msg_gen/glnxa64/install/share/vision_msgs/environment/ament_prefix_path.dsv
-- Installing: /home/aiv/YongJun_ws/matlab_ws/matlab/ros_msg/matlab_msg_gen/glnxa64/install/share/vision_msgs/environment/path.sh
-- Installing: /home/aiv/YongJun_ws/matlab_ws/matlab/ros_msg/matlab_msg_gen/glnxa64/install/share/vision_msgs/environment/path.dsv
-- Installing: /home/aiv/YongJun_ws/matlab_ws/matlab/ros_msg/matlab_msg_gen/glnxa64/install/share/vision_msgs/local_setup.bash
-- Installing: /home/aiv/YongJun_ws/matlab_ws/matlab/ros_msg/matlab_msg_gen/glnxa64/install/share/vision_msgs/local_setup.sh
-- Installing: /home/aiv/YongJun_ws/matlab_ws/matlab/ros_msg/matlab_msg_gen/glnxa64/install/share/vision_msgs/local_setup.zsh
-- Installing: /home/aiv/YongJun_ws/matlab_ws/matlab/ros_msg/matlab_msg_gen/glnxa64/install/share/vision_msgs/local_setup.dsv
-- Installing: /home/aiv/YongJun_ws/matlab_ws/matlab/ros_msg/matlab_msg_gen/glnxa64/install/share/vision_msgs/package.dsv
-- Installing: /home/aiv/YongJun_ws/matlab_ws/matlab/ros_msg/matlab_msg_gen/glnxa64/install/share/ament_index/resource_index/packages/vision_msgs
-- Installing: /home/aiv/YongJun_ws/matlab_ws/matlab/ros_msg/matlab_msg_gen/glnxa64/install/share/vision_msgs/cmake/export_vision_msgs__rosidl_generator_cExport.cmake
-- Installing: /home/aiv/YongJun_ws/matlab_ws/matlab/ros_msg/matlab_msg_gen/glnxa64/install/share/vision_msgs/cmake/export_vision_msgs__rosidl_generator_cExport-release.cmake
-- Installing: /home/aiv/YongJun_ws/matlab_ws/matlab/ros_msg/matlab_msg_gen/glnxa64/install/share/vision_msgs/cmake/export_vision_msgs__rosidl_typesupport_fastrtps_cExport.cmake
-- Installing: /home/aiv/YongJun_ws/matlab_ws/matlab/ros_msg/matlab_msg_gen/glnxa64/install/share/vision_msgs/cmake/export_vision_msgs__rosidl_typesupport_fastrtps_cExport-release.cmake
-- Installing: /home/aiv/YongJun_ws/matlab_ws/matlab/ros_msg/matlab_msg_gen/glnxa64/install/share/vision_msgs/cmake/vision_msgs__rosidl_typesupport_introspection_cExport.cmake
-- Installing: /home/aiv/YongJun_ws/matlab_ws/matlab/ros_msg/matlab_msg_gen/glnxa64/install/share/vision_msgs/cmake/vision_msgs__rosidl_typesupport_introspection_cExport-release.cmake
-- Installing: /home/aiv/YongJun_ws/matlab_ws/matlab/ros_msg/matlab_msg_gen/glnxa64/install/share/vision_msgs/cmake/vision_msgs__rosidl_typesupport_cExport.cmake
-- Installing: /home/aiv/YongJun_ws/matlab_ws/matlab/ros_msg/matlab_msg_gen/glnxa64/install/share/vision_msgs/cmake/vision_msgs__rosidl_typesupport_cExport-release.cmake
-- Installing: /home/aiv/YongJun_ws/matlab_ws/matlab/ros_msg/matlab_msg_gen/glnxa64/install/share/vision_msgs/cmake/export_vision_msgs__rosidl_generator_cppExport.cmake
-- Installing: /home/aiv/YongJun_ws/matlab_ws/matlab/ros_msg/matlab_msg_gen/glnxa64/install/share/vision_msgs/cmake/export_vision_msgs__rosidl_typesupport_fastrtps_cppExport.cmake
-- Installing: /home/aiv/YongJun_ws/matlab_ws/matlab/ros_msg/matlab_msg_gen/glnxa64/install/share/vision_msgs/cmake/export_vision_msgs__rosidl_typesupport_fastrtps_cppExport-release.cmake
-- Installing: /home/aiv/YongJun_ws/matlab_ws/matlab/ros_msg/matlab_msg_gen/glnxa64/install/share/vision_msgs/cmake/vision_msgs__rosidl_typesupport_introspection_cppExport.cmake
-- Installing: /home/aiv/YongJun_ws/matlab_ws/matlab/ros_msg/matlab_msg_gen/glnxa64/install/share/vision_msgs/cmake/vision_msgs__rosidl_typesupport_introspection_cppExport-release.cmake
-- Installing: /home/aiv/YongJun_ws/matlab_ws/matlab/ros_msg/matlab_msg_gen/glnxa64/install/share/vision_msgs/cmake/vision_msgs__rosidl_typesupport_cppExport.cmake
-- Installing: /home/aiv/YongJun_ws/matlab_ws/matlab/ros_msg/matlab_msg_gen/glnxa64/install/share/vision_msgs/cmake/vision_msgs__rosidl_typesupport_cppExport-release.cmake
-- Installing: /home/aiv/YongJun_ws/matlab_ws/matlab/ros_msg/matlab_msg_gen/glnxa64/install/share/vision_msgs/cmake/rosidl_cmake-extras.cmake
-- Installing: /home/aiv/YongJun_ws/matlab_ws/matlab/ros_msg/matlab_msg_gen/glnxa64/install/share/vision_msgs/cmake/ament_cmake_export_dependencies-extras.cmake
-- Installing: /home/aiv/YongJun_ws/matlab_ws/matlab/ros_msg/matlab_msg_gen/glnxa64/install/share/vision_msgs/cmake/ament_cmake_export_include_directories-extras.cmake
-- Installing: /home/aiv/YongJun_ws/matlab_ws/matlab/ros_msg/matlab_msg_gen/glnxa64/install/share/vision_msgs/cmake/ament_cmake_export_libraries-extras.cmake
-- Installing: /home/aiv/YongJun_ws/matlab_ws/matlab/ros_msg/matlab_msg_gen/glnxa64/install/share/vision_msgs/cmake/ament_cmake_export_targets-extras.cmake
-- Installing: /home/aiv/YongJun_ws/matlab_ws/matlab/ros_msg/matlab_msg_gen/glnxa64/install/share/vision_msgs/cmake/rosidl_cmake_export_typesupport_targets-extras.cmake
-- Installing: /home/aiv/YongJun_ws/matlab_ws/matlab/ros_msg/matlab_msg_gen/glnxa64/install/share/vision_msgs/cmake/rosidl_cmake_export_typesupport_libraries-extras.cmake
-- Installing: /home/aiv/YongJun_ws/matlab_ws/matlab/ros_msg/matlab_msg_gen/glnxa64/install/share/vision_msgs/cmake/vision_msgsConfig.cmake
-- Installing: /home/aiv/YongJun_ws/matlab_ws/matlab/ros_msg/matlab_msg_gen/glnxa64/install/share/vision_msgs/cmake/vision_msgsConfig-version.cmake
-- Installing: /home/aiv/YongJun_ws/matlab_ws/matlab/ros_msg/matlab_msg_gen/glnxa64/install/share/vision_msgs/package.xml
