[0.024s] Invoking command in '/home/aiv/YongJun_ws/src/YOLO/Yolov8/matlab_msg_gen/glnxa64/build/yolov8_msgs': PS1=(venv) VIRTUAL_ENV_PROMPT=(venv) /usr/local/MATLAB/R2024a/bin/glnxa64/cmake/bin/cmake /home/aiv/YongJun_ws/src/YOLO/Yolov8/matlab_msg_gen/glnxa64/src/yolov8_msgs -DCMAKE_BUILD_TYPE=Release -DCMAKE_SHARED_LINKER_FLAGS=-Wl,-no-as-needed -DBUILD_TESTING=OFF -DALIAS_ROS2_TF2=1 -DCMAKE_CXX_FLAGS_RELEASE=-O0 -G Ninja -DCMAKE_C_COMPILER=/usr/bin/gcc -DCMAKE_CXX_COMPILER=/usr/bin/g++ -DCMAKE_INSTALL_PREFIX=/home/aiv/YongJun_ws/src/YOLO/Yolov8/matlab_msg_gen/glnxa64/install
[0.089s] -- The C compiler identification is GNU 9.4.0
[0.138s] -- The CXX compiler identification is GNU 9.4.0
[0.148s] -- Detecting C compiler ABI info
[0.197s] -- Detecting C compiler ABI info - done
[0.203s] -- Check for working C compiler: /usr/bin/gcc - skipped
[0.204s] -- Detecting C compile features
[0.204s] -- Detecting C compile features - done
[0.208s] -- Detecting CXX compiler ABI info
[0.260s] -- Detecting CXX compiler ABI info - done
[0.266s] -- Check for working CXX compiler: /usr/bin/g++ - skipped
[0.266s] -- Detecting CXX compile features
[0.266s] -- Detecting CXX compile features - done
[0.272s] -- Found ament_cmake: 1.3.3 (/usr/local/MATLAB/R2024a/sys/ros2/glnxa64/ros2/share/ament_cmake/cmake)
[0.903s] -- Found Python3: /home/aiv/.matlab/R2024a/ros2/glnxa64/venv/bin/python3.10 (found version "3.10.14") found components: Interpreter 
[0.994s] -- Found ament_cmake_ros: 0.10.0 (/usr/local/MATLAB/R2024a/sys/ros2/glnxa64/ros2/share/ament_cmake_ros/cmake)
[1.003s] -- Found rosidl_typesupport_c: 2.0.0 (/usr/local/MATLAB/R2024a/sys/ros2/glnxa64/ros2/share/rosidl_typesupport_c/cmake)
[1.004s] -- Using all available rosidl_typesupport_c: rosidl_typesupport_fastrtps_c;rosidl_typesupport_introspection_c
[1.014s] -- Found rosidl_adapter: 3.1.4 (/usr/local/MATLAB/R2024a/sys/ros2/glnxa64/ros2/share/rosidl_adapter/cmake)
[1.065s] -- Found rosidl_typesupport_cpp: 2.0.0 (/usr/local/MATLAB/R2024a/sys/ros2/glnxa64/ros2/share/rosidl_typesupport_cpp/cmake)
[1.066s] -- Using all available rosidl_typesupport_cpp: rosidl_typesupport_fastrtps_cpp;rosidl_typesupport_introspection_cpp
[1.107s] -- Found rosidl_default_generators: 1.2.0 (/usr/local/MATLAB/R2024a/sys/ros2/glnxa64/ros2/share/rosidl_default_generators/cmake)
[1.113s] -- Found class_loader: 2.2.0 (/usr/local/MATLAB/R2024a/sys/ros2/glnxa64/ros2/share/class_loader/cmake)
[1.118s] -- Found geometry_msgs: 4.2.3 (/usr/local/MATLAB/R2024a/sys/ros2/glnxa64/ros2/share/geometry_msgs/cmake)
[1.228s] -- Found rclcpp: 16.0.5 (/usr/local/MATLAB/R2024a/sys/ros2/glnxa64/ros2/share/rclcpp/cmake)
[1.278s] -- Found rmw_implementation_cmake: 6.1.1 (/usr/local/MATLAB/R2024a/sys/ros2/glnxa64/ros2/share/rmw_implementation_cmake/cmake)
[1.281s] -- Found rmw_fastrtps_cpp: 6.2.2 (/usr/local/MATLAB/R2024a/sys/ros2/glnxa64/ros2/share/rmw_fastrtps_cpp/cmake)
[1.340s] -- Found FastRTPS: /usr/local/MATLAB/R2024a/sys/ros2/glnxa64/ros2/include  
[1.365s] -- Using RMW implementation 'rmw_fastrtps_cpp' as default
[1.372s] -- Performing Test CMAKE_HAVE_LIBC_PTHREAD
[1.413s] -- Performing Test CMAKE_HAVE_LIBC_PTHREAD - Failed
[1.413s] -- Looking for pthread_create in pthreads
[1.449s] -- Looking for pthread_create in pthreads - not found
[1.449s] -- Looking for pthread_create in pthread
[1.497s] -- Looking for pthread_create in pthread - found
[1.498s] -- Found Threads: TRUE  
[1.996s] -- Using all available rosidl_typesupport_c: rosidl_typesupport_fastrtps_c;rosidl_typesupport_introspection_c
[2.211s] -- Using all available rosidl_typesupport_cpp: rosidl_typesupport_fastrtps_cpp;rosidl_typesupport_introspection_cpp
[2.221s] -- Configuring done
[2.253s] -- Generating done
[2.261s] -- Build files have been written to: /home/aiv/YongJun_ws/src/YOLO/Yolov8/matlab_msg_gen/glnxa64/build/yolov8_msgs
[2.267s] Invoked command in '/home/aiv/YongJun_ws/src/YOLO/Yolov8/matlab_msg_gen/glnxa64/build/yolov8_msgs' returned '0': PS1=(venv) VIRTUAL_ENV_PROMPT=(venv) /usr/local/MATLAB/R2024a/bin/glnxa64/cmake/bin/cmake /home/aiv/YongJun_ws/src/YOLO/Yolov8/matlab_msg_gen/glnxa64/src/yolov8_msgs -DCMAKE_BUILD_TYPE=Release -DCMAKE_SHARED_LINKER_FLAGS=-Wl,-no-as-needed -DBUILD_TESTING=OFF -DALIAS_ROS2_TF2=1 -DCMAKE_CXX_FLAGS_RELEASE=-O0 -G Ninja -DCMAKE_C_COMPILER=/usr/bin/gcc -DCMAKE_CXX_COMPILER=/usr/bin/g++ -DCMAKE_INSTALL_PREFIX=/home/aiv/YongJun_ws/src/YOLO/Yolov8/matlab_msg_gen/glnxa64/install
[2.269s] Invoking command in '/home/aiv/YongJun_ws/src/YOLO/Yolov8/matlab_msg_gen/glnxa64/build/yolov8_msgs': PS1=(venv) VIRTUAL_ENV_PROMPT=(venv) /usr/local/MATLAB/R2024a/bin/glnxa64/cmake/bin/cmake --build /home/aiv/YongJun_ws/src/YOLO/Yolov8/matlab_msg_gen/glnxa64/build/yolov8_msgs -- -j32 -l32
[2.812s] [1/112] Generating C++ code for ROS interfaces
[2.834s] [2/112] Generating C code for ROS interfaces
[2.903s] [3/112] Building C object CMakeFiles/yolov8_msgs__rosidl_generator_c.dir/rosidl_generator_c/yolov8_msgs/msg/detail/vector2__functions.c.o
[2.908s] [4/112] Building C object CMakeFiles/yolov8_msgs__rosidl_generator_c.dir/rosidl_generator_c/yolov8_msgs/msg/detail/key_point2_d__functions.c.o
[2.911s] [5/112] Building C object CMakeFiles/yolov8_msgs__rosidl_generator_c.dir/rosidl_generator_c/yolov8_msgs/msg/detail/bounding_box2_d__functions.c.o
[2.912s] [6/112] Building C object CMakeFiles/yolov8_msgs__rosidl_generator_c.dir/rosidl_generator_c/yolov8_msgs/msg/detail/mask__functions.c.o
[2.919s] [7/112] Building C object CMakeFiles/yolov8_msgs__rosidl_generator_c.dir/rosidl_generator_c/yolov8_msgs/msg/detail/bounding_box3_d__functions.c.o
[2.920s] [8/112] Building C object CMakeFiles/yolov8_msgs__rosidl_generator_c.dir/rosidl_generator_c/yolov8_msgs/msg/detail/key_point3_d_array__functions.c.o
[2.923s] [9/112] Building C object CMakeFiles/yolov8_msgs__rosidl_generator_c.dir/rosidl_generator_c/yolov8_msgs/msg/detail/point2_d__functions.c.o
[2.925s] [10/112] Building C object CMakeFiles/yolov8_msgs__rosidl_generator_c.dir/rosidl_generator_c/yolov8_msgs/msg/detail/key_point2_d_array__functions.c.o
[2.927s] [11/112] Building C object CMakeFiles/yolov8_msgs__rosidl_generator_c.dir/rosidl_generator_c/yolov8_msgs/msg/detail/key_point3_d__functions.c.o
[2.932s] [12/112] Building C object CMakeFiles/yolov8_msgs__rosidl_generator_c.dir/rosidl_generator_c/yolov8_msgs/msg/detail/pose2_d__functions.c.o
[2.934s] [13/112] Building C object CMakeFiles/yolov8_msgs__rosidl_generator_c.dir/rosidl_generator_c/yolov8_msgs/msg/detail/detection_array__functions.c.o
[2.934s] [14/112] Building C object CMakeFiles/yolov8_msgs__rosidl_generator_c.dir/rosidl_generator_c/yolov8_msgs/msg/detail/detection__functions.c.o
[2.947s] [15/112] Linking C shared library libyolov8_msgs__rosidl_generator_c.so
[3.212s] [16/112] Generating C++ type support dispatch for ROS interfaces
[3.318s] [17/112] Generating C++ introspection for ROS interfaces
[3.470s] [18/112] Generating C type support dispatch for ROS interfaces
[3.498s] [19/112] Building CXX object CMakeFiles/yolov8_msgs__rosidl_typesupport_c.dir/rosidl_typesupport_c/yolov8_msgs/msg/bounding_box2_d__type_support.cpp.o
[3.525s] [20/112] Building CXX object CMakeFiles/yolov8_msgs__rosidl_typesupport_c.dir/rosidl_typesupport_c/yolov8_msgs/msg/bounding_box3_d__type_support.cpp.o
[3.546s] [21/112] Generating C++ type support for eProsima Fast-RTPS
[3.574s] [22/112] Building CXX object CMakeFiles/yolov8_msgs__rosidl_typesupport_c.dir/rosidl_typesupport_c/yolov8_msgs/msg/detection__type_support.cpp.o
[3.578s] [23/112] Building CXX object CMakeFiles/yolov8_msgs__rosidl_typesupport_cpp.dir/rosidl_typesupport_cpp/yolov8_msgs/msg/bounding_box2_d__type_support.cpp.o
[3.583s] [24/112] Building CXX object CMakeFiles/yolov8_msgs__rosidl_typesupport_c.dir/rosidl_typesupport_c/yolov8_msgs/msg/detection_array__type_support.cpp.o
[3.605s] [25/112] Building CXX object CMakeFiles/yolov8_msgs__rosidl_typesupport_cpp.dir/rosidl_typesupport_cpp/yolov8_msgs/msg/mask__type_support.cpp.o
[3.611s] [26/112] Building CXX object CMakeFiles/yolov8_msgs__rosidl_typesupport_c.dir/rosidl_typesupport_c/yolov8_msgs/msg/key_point2_d__type_support.cpp.o
[3.611s] [27/112] Building CXX object CMakeFiles/yolov8_msgs__rosidl_typesupport_c.dir/rosidl_typesupport_c/yolov8_msgs/msg/key_point2_d_array__type_support.cpp.o
[3.620s] [28/112] Building CXX object CMakeFiles/yolov8_msgs__rosidl_typesupport_cpp.dir/rosidl_typesupport_cpp/yolov8_msgs/msg/bounding_box3_d__type_support.cpp.o
[3.621s] [29/112] Building CXX object CMakeFiles/yolov8_msgs__rosidl_typesupport_c.dir/rosidl_typesupport_c/yolov8_msgs/msg/key_point3_d__type_support.cpp.o
[3.631s] [30/112] Building CXX object CMakeFiles/yolov8_msgs__rosidl_typesupport_cpp.dir/rosidl_typesupport_cpp/yolov8_msgs/msg/pose2_d__type_support.cpp.o
[3.635s] [31/112] Building CXX object CMakeFiles/yolov8_msgs__rosidl_typesupport_c.dir/rosidl_typesupport_c/yolov8_msgs/msg/key_point3_d_array__type_support.cpp.o
[3.643s] [32/112] Building CXX object CMakeFiles/yolov8_msgs__rosidl_typesupport_c.dir/rosidl_typesupport_c/yolov8_msgs/msg/point2_d__type_support.cpp.o
[3.647s] [33/112] Building CXX object CMakeFiles/yolov8_msgs__rosidl_typesupport_cpp.dir/rosidl_typesupport_cpp/yolov8_msgs/msg/detection__type_support.cpp.o
[3.647s] [34/112] Building CXX object CMakeFiles/yolov8_msgs__rosidl_typesupport_c.dir/rosidl_typesupport_c/yolov8_msgs/msg/mask__type_support.cpp.o
[3.651s] [35/112] Building CXX object CMakeFiles/yolov8_msgs__rosidl_typesupport_cpp.dir/rosidl_typesupport_cpp/yolov8_msgs/msg/vector2__type_support.cpp.o
[3.654s] [36/112] Building CXX object CMakeFiles/yolov8_msgs__rosidl_typesupport_cpp.dir/rosidl_typesupport_cpp/yolov8_msgs/msg/key_point3_d__type_support.cpp.o
[3.654s] [37/112] Building CXX object CMakeFiles/yolov8_msgs__rosidl_typesupport_cpp.dir/rosidl_typesupport_cpp/yolov8_msgs/msg/point2_d__type_support.cpp.o
[3.655s] [38/112] Building CXX object CMakeFiles/yolov8_msgs__rosidl_typesupport_c.dir/rosidl_typesupport_c/yolov8_msgs/msg/vector2__type_support.cpp.o
[3.659s] [39/112] Building CXX object CMakeFiles/yolov8_msgs__rosidl_typesupport_cpp.dir/rosidl_typesupport_cpp/yolov8_msgs/msg/key_point3_d_array__type_support.cpp.o
[3.662s] [40/112] Generating C introspection for ROS interfaces
[3.666s] [41/112] Building CXX object CMakeFiles/yolov8_msgs__rosidl_typesupport_c.dir/rosidl_typesupport_c/yolov8_msgs/msg/pose2_d__type_support.cpp.o
[3.670s] [42/112] Building CXX object CMakeFiles/yolov8_msgs__rosidl_typesupport_cpp.dir/rosidl_typesupport_cpp/yolov8_msgs/msg/key_point2_d_array__type_support.cpp.o
[3.670s] [43/112] Building CXX object CMakeFiles/yolov8_msgs__rosidl_typesupport_cpp.dir/rosidl_typesupport_cpp/yolov8_msgs/msg/detection_array__type_support.cpp.o
[3.678s] [44/112] Generating C type support for eProsima Fast-RTPS
[3.714s] [45/112] Building CXX object CMakeFiles/yolov8_msgs__rosidl_typesupport_cpp.dir/rosidl_typesupport_cpp/yolov8_msgs/msg/key_point2_d__type_support.cpp.o
[3.714s] [46/112] Building C object CMakeFiles/yolov8_msgs__rosidl_typesupport_introspection_c.dir/rosidl_typesupport_introspection_c/yolov8_msgs/msg/detail/bounding_box2_d__type_support.c.o
[3.730s] [47/112] Building C object CMakeFiles/yolov8_msgs__rosidl_typesupport_introspection_c.dir/rosidl_typesupport_introspection_c/yolov8_msgs/msg/detail/detection__type_support.c.o
[3.738s] [48/112] Building C object CMakeFiles/yolov8_msgs__rosidl_typesupport_introspection_c.dir/rosidl_typesupport_introspection_c/yolov8_msgs/msg/detail/bounding_box3_d__type_support.c.o
[3.746s] [49/112] Building C object CMakeFiles/yolov8_msgs__rosidl_typesupport_introspection_c.dir/rosidl_typesupport_introspection_c/yolov8_msgs/msg/detail/detection_array__type_support.c.o
[3.926s] [50/112] Building CXX object CMakeFiles/yolov8_msgs__rosidl_typesupport_introspection_cpp.dir/rosidl_typesupport_introspection_cpp/yolov8_msgs/msg/detail/detection__type_support.cpp.o
[3.926s] [51/112] Building CXX object CMakeFiles/yolov8_msgs__rosidl_typesupport_introspection_cpp.dir/rosidl_typesupport_introspection_cpp/yolov8_msgs/msg/detail/bounding_box2_d__type_support.cpp.o
[3.969s] [52/112] Building CXX object CMakeFiles/yolov8_msgs__rosidl_typesupport_introspection_cpp.dir/rosidl_typesupport_introspection_cpp/yolov8_msgs/msg/detail/bounding_box3_d__type_support.cpp.o
[4.202s] [53/112] Building CXX object CMakeFiles/yolov8_msgs__rosidl_typesupport_fastrtps_cpp.dir/rosidl_typesupport_fastrtps_cpp/yolov8_msgs/msg/detail/dds_fastrtps/key_point2_d__type_support.cpp.o
[4.228s] [54/112] Building CXX object CMakeFiles/yolov8_msgs__rosidl_typesupport_fastrtps_cpp.dir/rosidl_typesupport_fastrtps_cpp/yolov8_msgs/msg/detail/dds_fastrtps/point2_d__type_support.cpp.o
[4.228s] [55/112] Building CXX object CMakeFiles/yolov8_msgs__rosidl_typesupport_fastrtps_cpp.dir/rosidl_typesupport_fastrtps_cpp/yolov8_msgs/msg/detail/dds_fastrtps/key_point3_d__type_support.cpp.o
[4.242s] [56/112] Building CXX object CMakeFiles/yolov8_msgs__rosidl_typesupport_fastrtps_c.dir/rosidl_typesupport_fastrtps_c/yolov8_msgs/msg/detail/detection_array__type_support_c.cpp.o
[4.254s] [57/112] Building CXX object CMakeFiles/yolov8_msgs__rosidl_typesupport_fastrtps_cpp.dir/rosidl_typesupport_fastrtps_cpp/yolov8_msgs/msg/detail/dds_fastrtps/bounding_box2_d__type_support.cpp.o
[4.287s] [58/112] Building CXX object CMakeFiles/yolov8_msgs__rosidl_typesupport_fastrtps_c.dir/rosidl_typesupport_fastrtps_c/yolov8_msgs/msg/detail/bounding_box3_d__type_support_c.cpp.o
[4.287s] [59/112] Building C object CMakeFiles/yolov8_msgs__rosidl_typesupport_introspection_c.dir/rosidl_typesupport_introspection_c/yolov8_msgs/msg/detail/key_point2_d__type_support.c.o
[4.287s] [60/112] Building CXX object CMakeFiles/yolov8_msgs__rosidl_typesupport_fastrtps_c.dir/rosidl_typesupport_fastrtps_c/yolov8_msgs/msg/detail/key_point2_d__type_support_c.cpp.o
[4.288s] [61/112] Building CXX object CMakeFiles/yolov8_msgs__rosidl_typesupport_fastrtps_cpp.dir/rosidl_typesupport_fastrtps_cpp/yolov8_msgs/msg/detail/dds_fastrtps/bounding_box3_d__type_support.cpp.o
[4.294s] [62/112] Building CXX object CMakeFiles/yolov8_msgs__rosidl_typesupport_fastrtps_c.dir/rosidl_typesupport_fastrtps_c/yolov8_msgs/msg/detail/bounding_box2_d__type_support_c.cpp.o
[4.302s] [63/112] Building CXX object CMakeFiles/yolov8_msgs__rosidl_typesupport_fastrtps_cpp.dir/rosidl_typesupport_fastrtps_cpp/yolov8_msgs/msg/detail/dds_fastrtps/mask__type_support.cpp.o
[4.310s] [64/112] Building CXX object CMakeFiles/yolov8_msgs__rosidl_typesupport_fastrtps_c.dir/rosidl_typesupport_fastrtps_c/yolov8_msgs/msg/detail/detection__type_support_c.cpp.o
[4.314s] [65/112] Building CXX object CMakeFiles/yolov8_msgs__rosidl_typesupport_fastrtps_cpp.dir/rosidl_typesupport_fastrtps_cpp/yolov8_msgs/msg/detail/dds_fastrtps/detection__type_support.cpp.o
[4.326s] [66/112] Building CXX object CMakeFiles/yolov8_msgs__rosidl_typesupport_fastrtps_c.dir/rosidl_typesupport_fastrtps_c/yolov8_msgs/msg/detail/key_point2_d_array__type_support_c.cpp.o
[4.326s] [67/112] Building C object CMakeFiles/yolov8_msgs__rosidl_typesupport_introspection_c.dir/rosidl_typesupport_introspection_c/yolov8_msgs/msg/detail/key_point2_d_array__type_support.c.o
[4.326s] [68/112] Building CXX object CMakeFiles/yolov8_msgs__rosidl_typesupport_introspection_cpp.dir/rosidl_typesupport_introspection_cpp/yolov8_msgs/msg/detail/detection_array__type_support.cpp.o
[4.335s] [69/112] Building C object CMakeFiles/yolov8_msgs__rosidl_typesupport_introspection_c.dir/rosidl_typesupport_introspection_c/yolov8_msgs/msg/detail/key_point3_d__type_support.c.o
[4.338s] [70/112] Building C object CMakeFiles/yolov8_msgs__rosidl_typesupport_introspection_c.dir/rosidl_typesupport_introspection_c/yolov8_msgs/msg/detail/point2_d__type_support.c.o
[4.346s] [71/112] Building C object CMakeFiles/yolov8_msgs__rosidl_typesupport_introspection_c.dir/rosidl_typesupport_introspection_c/yolov8_msgs/msg/detail/pose2_d__type_support.c.o
[4.346s] [72/112] Building C object CMakeFiles/yolov8_msgs__rosidl_typesupport_introspection_c.dir/rosidl_typesupport_introspection_c/yolov8_msgs/msg/detail/mask__type_support.c.o
[4.358s] [73/112] Building CXX object CMakeFiles/yolov8_msgs__rosidl_typesupport_fastrtps_cpp.dir/rosidl_typesupport_fastrtps_cpp/yolov8_msgs/msg/detail/dds_fastrtps/key_point2_d_array__type_support.cpp.o
[4.374s] [74/112] Building C object CMakeFiles/yolov8_msgs__rosidl_typesupport_introspection_c.dir/rosidl_typesupport_introspection_c/yolov8_msgs/msg/detail/key_point3_d_array__type_support.c.o
[4.374s] [75/112] Building C object CMakeFiles/yolov8_msgs__rosidl_typesupport_introspection_c.dir/rosidl_typesupport_introspection_c/yolov8_msgs/msg/detail/vector2__type_support.c.o
[4.386s] [76/112] Linking CXX shared library libyolov8_msgs__rosidl_typesupport_c.so
[4.394s] [77/112] Building CXX object CMakeFiles/yolov8_msgs__rosidl_typesupport_fastrtps_cpp.dir/rosidl_typesupport_fastrtps_cpp/yolov8_msgs/msg/detail/dds_fastrtps/key_point3_d_array__type_support.cpp.o
[4.426s] [78/112] Linking C shared library libyolov8_msgs__rosidl_typesupport_introspection_c.so
[4.439s] [79/112] Building CXX object CMakeFiles/yolov8_msgs__rosidl_typesupport_fastrtps_c.dir/rosidl_typesupport_fastrtps_c/yolov8_msgs/msg/detail/key_point3_d__type_support_c.cpp.o
[4.454s] [80/112] Building CXX object CMakeFiles/yolov8_msgs__rosidl_typesupport_fastrtps_cpp.dir/rosidl_typesupport_fastrtps_cpp/yolov8_msgs/msg/detail/dds_fastrtps/detection_array__type_support.cpp.o
[4.459s] [81/112] Linking CXX shared library libyolov8_msgs__rosidl_typesupport_cpp.so
[4.516s] [82/112] Building CXX object CMakeFiles/yolov8_msgs__rosidl_typesupport_fastrtps_c.dir/rosidl_typesupport_fastrtps_c/yolov8_msgs/msg/detail/key_point3_d_array__type_support_c.cpp.o
[4.516s] [83/112] Building CXX object CMakeFiles/yolov8_msgs__rosidl_typesupport_fastrtps_c.dir/rosidl_typesupport_fastrtps_c/yolov8_msgs/msg/detail/mask__type_support_c.cpp.o
[4.726s] [84/112] Building CXX object CMakeFiles/yolov8_msgs__rosidl_typesupport_introspection_cpp.dir/rosidl_typesupport_introspection_cpp/yolov8_msgs/msg/detail/vector2__type_support.cpp.o
[4.753s] [85/112] Building CXX object CMakeFiles/yolov8_msgs__rosidl_typesupport_fastrtps_c.dir/rosidl_typesupport_fastrtps_c/yolov8_msgs/msg/detail/vector2__type_support_c.cpp.o
[4.757s] [86/112] Building CXX object CMakeFiles/yolov8_msgs__rosidl_typesupport_fastrtps_c.dir/rosidl_typesupport_fastrtps_c/yolov8_msgs/msg/detail/point2_d__type_support_c.cpp.o
[4.780s] [87/112] Building CXX object CMakeFiles/yolov8_msgs__rosidl_typesupport_fastrtps_c.dir/rosidl_typesupport_fastrtps_c/yolov8_msgs/msg/detail/pose2_d__type_support_c.cpp.o
[4.786s] [88/112] Building CXX object CMakeFiles/yolov8_msgs__rosidl_typesupport_introspection_cpp.dir/rosidl_typesupport_introspection_cpp/yolov8_msgs/msg/detail/key_point3_d_array__type_support.cpp.o
[4.815s] [89/112] Building CXX object CMakeFiles/yolov8_msgs__rosidl_typesupport_introspection_cpp.dir/rosidl_typesupport_introspection_cpp/yolov8_msgs/msg/detail/key_point3_d__type_support.cpp.o
[4.834s] [90/112] Linking CXX shared library libyolov8_msgs__rosidl_typesupport_fastrtps_c.so
[4.862s] [91/112] Building CXX object CMakeFiles/yolov8_msgs__rosidl_typesupport_introspection_cpp.dir/rosidl_typesupport_introspection_cpp/yolov8_msgs/msg/detail/point2_d__type_support.cpp.o
[4.898s] [92/112] Building CXX object CMakeFiles/yolov8_msgs__rosidl_typesupport_introspection_cpp.dir/rosidl_typesupport_introspection_cpp/yolov8_msgs/msg/detail/key_point2_d_array__type_support.cpp.o
[4.927s] [93/112] Building CXX object CMakeFiles/yolov8_msgs__rosidl_typesupport_fastrtps_cpp.dir/rosidl_typesupport_fastrtps_cpp/yolov8_msgs/msg/detail/dds_fastrtps/pose2_d__type_support.cpp.o
[4.932s] [94/112] Building CXX object CMakeFiles/yolov8_msgs__rosidl_typesupport_fastrtps_cpp.dir/rosidl_typesupport_fastrtps_cpp/yolov8_msgs/msg/detail/dds_fastrtps/vector2__type_support.cpp.o
[4.942s] [95/112] Building CXX object CMakeFiles/yolov8_msgs__rosidl_typesupport_introspection_cpp.dir/rosidl_typesupport_introspection_cpp/yolov8_msgs/msg/detail/key_point2_d__type_support.cpp.o
[4.982s] [96/112] Building CXX object CMakeFiles/yolov8_msgs__rosidl_typesupport_introspection_cpp.dir/rosidl_typesupport_introspection_cpp/yolov8_msgs/msg/detail/pose2_d__type_support.cpp.o
[5.009s] [97/112] Linking CXX shared library libyolov8_msgs__rosidl_typesupport_fastrtps_cpp.so
[5.014s] [98/112] Building CXX object CMakeFiles/yolov8_msgs__rosidl_typesupport_introspection_cpp.dir/rosidl_typesupport_introspection_cpp/yolov8_msgs/msg/detail/mask__type_support.cpp.o
[5.089s] [99/112] Linking CXX shared library libyolov8_msgs__rosidl_typesupport_introspection_cpp.so
[12.318s] [100/112] Building CXX object CMakeFiles/yolov8_msgs_matlab.dir/src/yolov8_msgs_Point2D_message.cpp.o
[12.541s] [101/112] Building CXX object CMakeFiles/yolov8_msgs_matlab.dir/src/yolov8_msgs_KeyPoint3DArray_message.cpp.o
[12.676s] [102/112] Building CXX object CMakeFiles/yolov8_msgs_matlab.dir/src/yolov8_msgs_BoundingBox2D_message.cpp.o
[12.823s] [103/112] Building CXX object CMakeFiles/yolov8_msgs_matlab.dir/src/yolov8_msgs_Pose2D_message.cpp.o
[13.011s] [104/112] Building CXX object CMakeFiles/yolov8_msgs_matlab.dir/src/yolov8_msgs_BoundingBox3D_message.cpp.o
[13.075s] [105/112] Building CXX object CMakeFiles/yolov8_msgs_matlab.dir/src/yolov8_msgs_Vector2_message.cpp.o
[13.151s] [106/112] Building CXX object CMakeFiles/yolov8_msgs_matlab.dir/src/yolov8_msgs_Detection_message.cpp.o
[13.191s] [107/112] Building CXX object CMakeFiles/yolov8_msgs_matlab.dir/src/yolov8_msgs_KeyPoint3D_message.cpp.o
[13.202s] [108/112] Building CXX object CMakeFiles/yolov8_msgs_matlab.dir/src/yolov8_msgs_KeyPoint2DArray_message.cpp.o
[13.642s] [109/112] Building CXX object CMakeFiles/yolov8_msgs_matlab.dir/src/yolov8_msgs_Mask_message.cpp.o
[13.703s] [110/112] Building CXX object CMakeFiles/yolov8_msgs_matlab.dir/src/yolov8_msgs_DetectionArray_message.cpp.o
[13.703s] [111/112] Building CXX object CMakeFiles/yolov8_msgs_matlab.dir/src/yolov8_msgs_KeyPoint2D_message.cpp.o
[15.842s] [112/112] Linking CXX shared library libyolov8_msgs_matlab.so
[15.856s] Invoked command in '/home/aiv/YongJun_ws/src/YOLO/Yolov8/matlab_msg_gen/glnxa64/build/yolov8_msgs' returned '0': PS1=(venv) VIRTUAL_ENV_PROMPT=(venv) /usr/local/MATLAB/R2024a/bin/glnxa64/cmake/bin/cmake --build /home/aiv/YongJun_ws/src/YOLO/Yolov8/matlab_msg_gen/glnxa64/build/yolov8_msgs -- -j32 -l32
[15.893s] Invoking command in '/home/aiv/YongJun_ws/src/YOLO/Yolov8/matlab_msg_gen/glnxa64/build/yolov8_msgs': PS1=(venv) VIRTUAL_ENV_PROMPT=(venv) /usr/local/MATLAB/R2024a/bin/glnxa64/cmake/bin/cmake --install /home/aiv/YongJun_ws/src/YOLO/Yolov8/matlab_msg_gen/glnxa64/build/yolov8_msgs
[15.896s] -- Install configuration: "Release"
[15.897s] -- Installing: /home/aiv/YongJun_ws/src/YOLO/Yolov8/matlab_msg_gen/glnxa64/install/share/ament_index/resource_index/rosidl_interfaces/yolov8_msgs
[15.897s] -- Installing: /home/aiv/YongJun_ws/src/YOLO/Yolov8/matlab_msg_gen/glnxa64/install/include/yolov8_msgs/yolov8_msgs
[15.897s] -- Installing: /home/aiv/YongJun_ws/src/YOLO/Yolov8/matlab_msg_gen/glnxa64/install/include/yolov8_msgs/yolov8_msgs/msg
[15.897s] -- Installing: /home/aiv/YongJun_ws/src/YOLO/Yolov8/matlab_msg_gen/glnxa64/install/include/yolov8_msgs/yolov8_msgs/msg/pose2_d.h
[15.897s] -- Installing: /home/aiv/YongJun_ws/src/YOLO/Yolov8/matlab_msg_gen/glnxa64/install/include/yolov8_msgs/yolov8_msgs/msg/mask.h
[15.897s] -- Installing: /home/aiv/YongJun_ws/src/YOLO/Yolov8/matlab_msg_gen/glnxa64/install/include/yolov8_msgs/yolov8_msgs/msg/detection_array.h
[15.897s] -- Installing: /home/aiv/YongJun_ws/src/YOLO/Yolov8/matlab_msg_gen/glnxa64/install/include/yolov8_msgs/yolov8_msgs/msg/key_point2_d_array.h
[15.898s] -- Installing: /home/aiv/YongJun_ws/src/YOLO/Yolov8/matlab_msg_gen/glnxa64/install/include/yolov8_msgs/yolov8_msgs/msg/detection.h
[15.898s] -- Installing: /home/aiv/YongJun_ws/src/YOLO/Yolov8/matlab_msg_gen/glnxa64/install/include/yolov8_msgs/yolov8_msgs/msg/key_point2_d.h
[15.898s] -- Installing: /home/aiv/YongJun_ws/src/YOLO/Yolov8/matlab_msg_gen/glnxa64/install/include/yolov8_msgs/yolov8_msgs/msg/key_point3_d_array.h
[15.898s] -- Installing: /home/aiv/YongJun_ws/src/YOLO/Yolov8/matlab_msg_gen/glnxa64/install/include/yolov8_msgs/yolov8_msgs/msg/vector2.h
[15.898s] -- Installing: /home/aiv/YongJun_ws/src/YOLO/Yolov8/matlab_msg_gen/glnxa64/install/include/yolov8_msgs/yolov8_msgs/msg/rosidl_generator_c__visibility_control.h
[15.898s] -- Installing: /home/aiv/YongJun_ws/src/YOLO/Yolov8/matlab_msg_gen/glnxa64/install/include/yolov8_msgs/yolov8_msgs/msg/bounding_box2_d.h
[15.898s] -- Installing: /home/aiv/YongJun_ws/src/YOLO/Yolov8/matlab_msg_gen/glnxa64/install/include/yolov8_msgs/yolov8_msgs/msg/point2_d.h
[15.898s] -- Installing: /home/aiv/YongJun_ws/src/YOLO/Yolov8/matlab_msg_gen/glnxa64/install/include/yolov8_msgs/yolov8_msgs/msg/detail
[15.899s] -- Installing: /home/aiv/YongJun_ws/src/YOLO/Yolov8/matlab_msg_gen/glnxa64/install/include/yolov8_msgs/yolov8_msgs/msg/detail/key_point3_d__struct.h
[15.899s] -- Installing: /home/aiv/YongJun_ws/src/YOLO/Yolov8/matlab_msg_gen/glnxa64/install/include/yolov8_msgs/yolov8_msgs/msg/detail/bounding_box2_d__type_support.h
[15.899s] -- Installing: /home/aiv/YongJun_ws/src/YOLO/Yolov8/matlab_msg_gen/glnxa64/install/include/yolov8_msgs/yolov8_msgs/msg/detail/detection_array__functions.c
[15.899s] -- Installing: /home/aiv/YongJun_ws/src/YOLO/Yolov8/matlab_msg_gen/glnxa64/install/include/yolov8_msgs/yolov8_msgs/msg/detail/detection__functions.c
[15.899s] -- Installing: /home/aiv/YongJun_ws/src/YOLO/Yolov8/matlab_msg_gen/glnxa64/install/include/yolov8_msgs/yolov8_msgs/msg/detail/key_point2_d_array__struct.h
[15.899s] -- Installing: /home/aiv/YongJun_ws/src/YOLO/Yolov8/matlab_msg_gen/glnxa64/install/include/yolov8_msgs/yolov8_msgs/msg/detail/key_point2_d__functions.c
[15.900s] -- Installing: /home/aiv/YongJun_ws/src/YOLO/Yolov8/matlab_msg_gen/glnxa64/install/include/yolov8_msgs/yolov8_msgs/msg/detail/detection__type_support.h
[15.900s] -- Installing: /home/aiv/YongJun_ws/src/YOLO/Yolov8/matlab_msg_gen/glnxa64/install/include/yolov8_msgs/yolov8_msgs/msg/detail/key_point3_d_array__struct.h
[15.900s] -- Installing: /home/aiv/YongJun_ws/src/YOLO/Yolov8/matlab_msg_gen/glnxa64/install/include/yolov8_msgs/yolov8_msgs/msg/detail/key_point3_d_array__type_support.h
[15.900s] -- Installing: /home/aiv/YongJun_ws/src/YOLO/Yolov8/matlab_msg_gen/glnxa64/install/include/yolov8_msgs/yolov8_msgs/msg/detail/point2_d__functions.h
[15.900s] -- Installing: /home/aiv/YongJun_ws/src/YOLO/Yolov8/matlab_msg_gen/glnxa64/install/include/yolov8_msgs/yolov8_msgs/msg/detail/bounding_box3_d__struct.h
[15.900s] -- Installing: /home/aiv/YongJun_ws/src/YOLO/Yolov8/matlab_msg_gen/glnxa64/install/include/yolov8_msgs/yolov8_msgs/msg/detail/point2_d__struct.h
[15.900s] -- Installing: /home/aiv/YongJun_ws/src/YOLO/Yolov8/matlab_msg_gen/glnxa64/install/include/yolov8_msgs/yolov8_msgs/msg/detail/bounding_box3_d__functions.c
[15.900s] -- Installing: /home/aiv/YongJun_ws/src/YOLO/Yolov8/matlab_msg_gen/glnxa64/install/include/yolov8_msgs/yolov8_msgs/msg/detail/pose2_d__type_support.h
[15.900s] -- Installing: /home/aiv/YongJun_ws/src/YOLO/Yolov8/matlab_msg_gen/glnxa64/install/include/yolov8_msgs/yolov8_msgs/msg/detail/detection__struct.h
[15.901s] -- Installing: /home/aiv/YongJun_ws/src/YOLO/Yolov8/matlab_msg_gen/glnxa64/install/include/yolov8_msgs/yolov8_msgs/msg/detail/vector2__struct.h
[15.901s] -- Installing: /home/aiv/YongJun_ws/src/YOLO/Yolov8/matlab_msg_gen/glnxa64/install/include/yolov8_msgs/yolov8_msgs/msg/detail/point2_d__type_support.h
[15.901s] -- Installing: /home/aiv/YongJun_ws/src/YOLO/Yolov8/matlab_msg_gen/glnxa64/install/include/yolov8_msgs/yolov8_msgs/msg/detail/detection__functions.h
[15.901s] -- Installing: /home/aiv/YongJun_ws/src/YOLO/Yolov8/matlab_msg_gen/glnxa64/install/include/yolov8_msgs/yolov8_msgs/msg/detail/key_point3_d_array__functions.c
[15.901s] -- Installing: /home/aiv/YongJun_ws/src/YOLO/Yolov8/matlab_msg_gen/glnxa64/install/include/yolov8_msgs/yolov8_msgs/msg/detail/key_point2_d__functions.h
[15.901s] -- Installing: /home/aiv/YongJun_ws/src/YOLO/Yolov8/matlab_msg_gen/glnxa64/install/include/yolov8_msgs/yolov8_msgs/msg/detail/mask__struct.h
[15.901s] -- Installing: /home/aiv/YongJun_ws/src/YOLO/Yolov8/matlab_msg_gen/glnxa64/install/include/yolov8_msgs/yolov8_msgs/msg/detail/mask__functions.h
[15.901s] -- Installing: /home/aiv/YongJun_ws/src/YOLO/Yolov8/matlab_msg_gen/glnxa64/install/include/yolov8_msgs/yolov8_msgs/msg/detail/vector2__type_support.h
[15.902s] -- Installing: /home/aiv/YongJun_ws/src/YOLO/Yolov8/matlab_msg_gen/glnxa64/install/include/yolov8_msgs/yolov8_msgs/msg/detail/detection_array__struct.h
[15.902s] -- Installing: /home/aiv/YongJun_ws/src/YOLO/Yolov8/matlab_msg_gen/glnxa64/install/include/yolov8_msgs/yolov8_msgs/msg/detail/key_point3_d_array__functions.h
[15.902s] -- Installing: /home/aiv/YongJun_ws/src/YOLO/Yolov8/matlab_msg_gen/glnxa64/install/include/yolov8_msgs/yolov8_msgs/msg/detail/mask__type_support.h
[15.902s] -- Installing: /home/aiv/YongJun_ws/src/YOLO/Yolov8/matlab_msg_gen/glnxa64/install/include/yolov8_msgs/yolov8_msgs/msg/detail/key_point3_d__functions.h
[15.902s] -- Installing: /home/aiv/YongJun_ws/src/YOLO/Yolov8/matlab_msg_gen/glnxa64/install/include/yolov8_msgs/yolov8_msgs/msg/detail/bounding_box3_d__type_support.h
[15.902s] -- Installing: /home/aiv/YongJun_ws/src/YOLO/Yolov8/matlab_msg_gen/glnxa64/install/include/yolov8_msgs/yolov8_msgs/msg/detail/pose2_d__functions.c
[15.902s] -- Installing: /home/aiv/YongJun_ws/src/YOLO/Yolov8/matlab_msg_gen/glnxa64/install/include/yolov8_msgs/yolov8_msgs/msg/detail/bounding_box2_d__struct.h
[15.902s] -- Installing: /home/aiv/YongJun_ws/src/YOLO/Yolov8/matlab_msg_gen/glnxa64/install/include/yolov8_msgs/yolov8_msgs/msg/detail/mask__functions.c
[15.903s] -- Installing: /home/aiv/YongJun_ws/src/YOLO/Yolov8/matlab_msg_gen/glnxa64/install/include/yolov8_msgs/yolov8_msgs/msg/detail/key_point2_d_array__type_support.h
[15.903s] -- Installing: /home/aiv/YongJun_ws/src/YOLO/Yolov8/matlab_msg_gen/glnxa64/install/include/yolov8_msgs/yolov8_msgs/msg/detail/pose2_d__functions.h
[15.903s] -- Installing: /home/aiv/YongJun_ws/src/YOLO/Yolov8/matlab_msg_gen/glnxa64/install/include/yolov8_msgs/yolov8_msgs/msg/detail/vector2__functions.h
[15.903s] -- Installing: /home/aiv/YongJun_ws/src/YOLO/Yolov8/matlab_msg_gen/glnxa64/install/include/yolov8_msgs/yolov8_msgs/msg/detail/bounding_box2_d__functions.h
[15.903s] -- Installing: /home/aiv/YongJun_ws/src/YOLO/Yolov8/matlab_msg_gen/glnxa64/install/include/yolov8_msgs/yolov8_msgs/msg/detail/key_point2_d__type_support.h
[15.903s] -- Installing: /home/aiv/YongJun_ws/src/YOLO/Yolov8/matlab_msg_gen/glnxa64/install/include/yolov8_msgs/yolov8_msgs/msg/detail/key_point3_d__functions.c
[15.903s] -- Installing: /home/aiv/YongJun_ws/src/YOLO/Yolov8/matlab_msg_gen/glnxa64/install/include/yolov8_msgs/yolov8_msgs/msg/detail/point2_d__functions.c
[15.903s] -- Installing: /home/aiv/YongJun_ws/src/YOLO/Yolov8/matlab_msg_gen/glnxa64/install/include/yolov8_msgs/yolov8_msgs/msg/detail/detection_array__functions.h
[15.903s] -- Installing: /home/aiv/YongJun_ws/src/YOLO/Yolov8/matlab_msg_gen/glnxa64/install/include/yolov8_msgs/yolov8_msgs/msg/detail/vector2__functions.c
[15.904s] -- Installing: /home/aiv/YongJun_ws/src/YOLO/Yolov8/matlab_msg_gen/glnxa64/install/include/yolov8_msgs/yolov8_msgs/msg/detail/key_point2_d_array__functions.c
[15.904s] -- Installing: /home/aiv/YongJun_ws/src/YOLO/Yolov8/matlab_msg_gen/glnxa64/install/include/yolov8_msgs/yolov8_msgs/msg/detail/key_point2_d_array__functions.h
[15.904s] -- Installing: /home/aiv/YongJun_ws/src/YOLO/Yolov8/matlab_msg_gen/glnxa64/install/include/yolov8_msgs/yolov8_msgs/msg/detail/key_point3_d__type_support.h
[15.904s] -- Installing: /home/aiv/YongJun_ws/src/YOLO/Yolov8/matlab_msg_gen/glnxa64/install/include/yolov8_msgs/yolov8_msgs/msg/detail/bounding_box2_d__functions.c
[15.904s] -- Installing: /home/aiv/YongJun_ws/src/YOLO/Yolov8/matlab_msg_gen/glnxa64/install/include/yolov8_msgs/yolov8_msgs/msg/detail/pose2_d__struct.h
[15.904s] -- Installing: /home/aiv/YongJun_ws/src/YOLO/Yolov8/matlab_msg_gen/glnxa64/install/include/yolov8_msgs/yolov8_msgs/msg/detail/key_point2_d__struct.h
[15.904s] -- Installing: /home/aiv/YongJun_ws/src/YOLO/Yolov8/matlab_msg_gen/glnxa64/install/include/yolov8_msgs/yolov8_msgs/msg/detail/detection_array__type_support.h
[15.904s] -- Installing: /home/aiv/YongJun_ws/src/YOLO/Yolov8/matlab_msg_gen/glnxa64/install/include/yolov8_msgs/yolov8_msgs/msg/detail/bounding_box3_d__functions.h
[15.904s] -- Installing: /home/aiv/YongJun_ws/src/YOLO/Yolov8/matlab_msg_gen/glnxa64/install/include/yolov8_msgs/yolov8_msgs/msg/bounding_box3_d.h
[15.905s] -- Installing: /home/aiv/YongJun_ws/src/YOLO/Yolov8/matlab_msg_gen/glnxa64/install/include/yolov8_msgs/yolov8_msgs/msg/key_point3_d.h
[15.905s] -- Installing: /home/aiv/YongJun_ws/src/YOLO/Yolov8/matlab_msg_gen/glnxa64/install/share/yolov8_msgs/environment/library_path.sh
[15.905s] -- Installing: /home/aiv/YongJun_ws/src/YOLO/Yolov8/matlab_msg_gen/glnxa64/install/share/yolov8_msgs/environment/library_path.dsv
[15.905s] -- Installing: /home/aiv/YongJun_ws/src/YOLO/Yolov8/matlab_msg_gen/glnxa64/install/lib/libyolov8_msgs__rosidl_generator_c.so
[15.906s] -- Up-to-date: /home/aiv/YongJun_ws/src/YOLO/Yolov8/matlab_msg_gen/glnxa64/install/include/yolov8_msgs/yolov8_msgs
[15.906s] -- Up-to-date: /home/aiv/YongJun_ws/src/YOLO/Yolov8/matlab_msg_gen/glnxa64/install/include/yolov8_msgs/yolov8_msgs/msg
[15.906s] -- Installing: /home/aiv/YongJun_ws/src/YOLO/Yolov8/matlab_msg_gen/glnxa64/install/include/yolov8_msgs/yolov8_msgs/msg/rosidl_typesupport_fastrtps_c__visibility_control.h
[15.906s] -- Up-to-date: /home/aiv/YongJun_ws/src/YOLO/Yolov8/matlab_msg_gen/glnxa64/install/include/yolov8_msgs/yolov8_msgs/msg/detail
[15.906s] -- Installing: /home/aiv/YongJun_ws/src/YOLO/Yolov8/matlab_msg_gen/glnxa64/install/include/yolov8_msgs/yolov8_msgs/msg/detail/key_point2_d_array__rosidl_typesupport_fastrtps_c.h
[15.906s] -- Installing: /home/aiv/YongJun_ws/src/YOLO/Yolov8/matlab_msg_gen/glnxa64/install/include/yolov8_msgs/yolov8_msgs/msg/detail/vector2__rosidl_typesupport_fastrtps_c.h
[15.906s] -- Installing: /home/aiv/YongJun_ws/src/YOLO/Yolov8/matlab_msg_gen/glnxa64/install/include/yolov8_msgs/yolov8_msgs/msg/detail/point2_d__rosidl_typesupport_fastrtps_c.h
[15.906s] -- Installing: /home/aiv/YongJun_ws/src/YOLO/Yolov8/matlab_msg_gen/glnxa64/install/include/yolov8_msgs/yolov8_msgs/msg/detail/pose2_d__rosidl_typesupport_fastrtps_c.h
[15.907s] -- Installing: /home/aiv/YongJun_ws/src/YOLO/Yolov8/matlab_msg_gen/glnxa64/install/include/yolov8_msgs/yolov8_msgs/msg/detail/mask__rosidl_typesupport_fastrtps_c.h
[15.907s] -- Installing: /home/aiv/YongJun_ws/src/YOLO/Yolov8/matlab_msg_gen/glnxa64/install/include/yolov8_msgs/yolov8_msgs/msg/detail/detection__rosidl_typesupport_fastrtps_c.h
[15.907s] -- Installing: /home/aiv/YongJun_ws/src/YOLO/Yolov8/matlab_msg_gen/glnxa64/install/include/yolov8_msgs/yolov8_msgs/msg/detail/bounding_box3_d__rosidl_typesupport_fastrtps_c.h
[15.907s] -- Installing: /home/aiv/YongJun_ws/src/YOLO/Yolov8/matlab_msg_gen/glnxa64/install/include/yolov8_msgs/yolov8_msgs/msg/detail/detection_array__rosidl_typesupport_fastrtps_c.h
[15.907s] -- Installing: /home/aiv/YongJun_ws/src/YOLO/Yolov8/matlab_msg_gen/glnxa64/install/include/yolov8_msgs/yolov8_msgs/msg/detail/key_point3_d__rosidl_typesupport_fastrtps_c.h
[15.907s] -- Installing: /home/aiv/YongJun_ws/src/YOLO/Yolov8/matlab_msg_gen/glnxa64/install/include/yolov8_msgs/yolov8_msgs/msg/detail/key_point3_d_array__rosidl_typesupport_fastrtps_c.h
[15.907s] -- Installing: /home/aiv/YongJun_ws/src/YOLO/Yolov8/matlab_msg_gen/glnxa64/install/include/yolov8_msgs/yolov8_msgs/msg/detail/bounding_box2_d__rosidl_typesupport_fastrtps_c.h
[15.908s] -- Installing: /home/aiv/YongJun_ws/src/YOLO/Yolov8/matlab_msg_gen/glnxa64/install/include/yolov8_msgs/yolov8_msgs/msg/detail/key_point2_d__rosidl_typesupport_fastrtps_c.h
[15.908s] -- Installing: /home/aiv/YongJun_ws/src/YOLO/Yolov8/matlab_msg_gen/glnxa64/install/lib/libyolov8_msgs__rosidl_typesupport_fastrtps_c.so
[15.908s] -- Up-to-date: /home/aiv/YongJun_ws/src/YOLO/Yolov8/matlab_msg_gen/glnxa64/install/include/yolov8_msgs/yolov8_msgs
[15.908s] -- Up-to-date: /home/aiv/YongJun_ws/src/YOLO/Yolov8/matlab_msg_gen/glnxa64/install/include/yolov8_msgs/yolov8_msgs/msg
[15.908s] -- Installing: /home/aiv/YongJun_ws/src/YOLO/Yolov8/matlab_msg_gen/glnxa64/install/include/yolov8_msgs/yolov8_msgs/msg/rosidl_typesupport_introspection_c__visibility_control.h
[15.908s] -- Up-to-date: /home/aiv/YongJun_ws/src/YOLO/Yolov8/matlab_msg_gen/glnxa64/install/include/yolov8_msgs/yolov8_msgs/msg/detail
[15.909s] -- Installing: /home/aiv/YongJun_ws/src/YOLO/Yolov8/matlab_msg_gen/glnxa64/install/include/yolov8_msgs/yolov8_msgs/msg/detail/point2_d__rosidl_typesupport_introspection_c.h
[15.909s] -- Installing: /home/aiv/YongJun_ws/src/YOLO/Yolov8/matlab_msg_gen/glnxa64/install/include/yolov8_msgs/yolov8_msgs/msg/detail/bounding_box2_d__type_support.c
[15.909s] -- Installing: /home/aiv/YongJun_ws/src/YOLO/Yolov8/matlab_msg_gen/glnxa64/install/include/yolov8_msgs/yolov8_msgs/msg/detail/key_point2_d_array__type_support.c
[15.909s] -- Installing: /home/aiv/YongJun_ws/src/YOLO/Yolov8/matlab_msg_gen/glnxa64/install/include/yolov8_msgs/yolov8_msgs/msg/detail/detection__type_support.c
[15.909s] -- Installing: /home/aiv/YongJun_ws/src/YOLO/Yolov8/matlab_msg_gen/glnxa64/install/include/yolov8_msgs/yolov8_msgs/msg/detail/key_point3_d_array__rosidl_typesupport_introspection_c.h
[15.909s] -- Installing: /home/aiv/YongJun_ws/src/YOLO/Yolov8/matlab_msg_gen/glnxa64/install/include/yolov8_msgs/yolov8_msgs/msg/detail/bounding_box2_d__rosidl_typesupport_introspection_c.h
[15.909s] -- Installing: /home/aiv/YongJun_ws/src/YOLO/Yolov8/matlab_msg_gen/glnxa64/install/include/yolov8_msgs/yolov8_msgs/msg/detail/pose2_d__rosidl_typesupport_introspection_c.h
[15.909s] -- Installing: /home/aiv/YongJun_ws/src/YOLO/Yolov8/matlab_msg_gen/glnxa64/install/include/yolov8_msgs/yolov8_msgs/msg/detail/mask__rosidl_typesupport_introspection_c.h
[15.909s] -- Installing: /home/aiv/YongJun_ws/src/YOLO/Yolov8/matlab_msg_gen/glnxa64/install/include/yolov8_msgs/yolov8_msgs/msg/detail/key_point3_d__type_support.c
[15.909s] -- Installing: /home/aiv/YongJun_ws/src/YOLO/Yolov8/matlab_msg_gen/glnxa64/install/include/yolov8_msgs/yolov8_msgs/msg/detail/point2_d__type_support.c
[15.909s] -- Installing: /home/aiv/YongJun_ws/src/YOLO/Yolov8/matlab_msg_gen/glnxa64/install/include/yolov8_msgs/yolov8_msgs/msg/detail/key_point3_d_array__type_support.c
[15.910s] -- Installing: /home/aiv/YongJun_ws/src/YOLO/Yolov8/matlab_msg_gen/glnxa64/install/include/yolov8_msgs/yolov8_msgs/msg/detail/detection__rosidl_typesupport_introspection_c.h
[15.910s] -- Installing: /home/aiv/YongJun_ws/src/YOLO/Yolov8/matlab_msg_gen/glnxa64/install/include/yolov8_msgs/yolov8_msgs/msg/detail/detection_array__type_support.c
[15.910s] -- Installing: /home/aiv/YongJun_ws/src/YOLO/Yolov8/matlab_msg_gen/glnxa64/install/include/yolov8_msgs/yolov8_msgs/msg/detail/key_point2_d__type_support.c
[15.910s] -- Installing: /home/aiv/YongJun_ws/src/YOLO/Yolov8/matlab_msg_gen/glnxa64/install/include/yolov8_msgs/yolov8_msgs/msg/detail/detection_array__rosidl_typesupport_introspection_c.h
[15.910s] -- Installing: /home/aiv/YongJun_ws/src/YOLO/Yolov8/matlab_msg_gen/glnxa64/install/include/yolov8_msgs/yolov8_msgs/msg/detail/bounding_box3_d__type_support.c
[15.910s] -- Installing: /home/aiv/YongJun_ws/src/YOLO/Yolov8/matlab_msg_gen/glnxa64/install/include/yolov8_msgs/yolov8_msgs/msg/detail/vector2__rosidl_typesupport_introspection_c.h
[15.910s] -- Installing: /home/aiv/YongJun_ws/src/YOLO/Yolov8/matlab_msg_gen/glnxa64/install/include/yolov8_msgs/yolov8_msgs/msg/detail/key_point3_d__rosidl_typesupport_introspection_c.h
[15.910s] -- Installing: /home/aiv/YongJun_ws/src/YOLO/Yolov8/matlab_msg_gen/glnxa64/install/include/yolov8_msgs/yolov8_msgs/msg/detail/mask__type_support.c
[15.910s] -- Installing: /home/aiv/YongJun_ws/src/YOLO/Yolov8/matlab_msg_gen/glnxa64/install/include/yolov8_msgs/yolov8_msgs/msg/detail/key_point2_d_array__rosidl_typesupport_introspection_c.h
[15.911s] -- Installing: /home/aiv/YongJun_ws/src/YOLO/Yolov8/matlab_msg_gen/glnxa64/install/include/yolov8_msgs/yolov8_msgs/msg/detail/pose2_d__type_support.c
[15.911s] -- Installing: /home/aiv/YongJun_ws/src/YOLO/Yolov8/matlab_msg_gen/glnxa64/install/include/yolov8_msgs/yolov8_msgs/msg/detail/vector2__type_support.c
[15.911s] -- Installing: /home/aiv/YongJun_ws/src/YOLO/Yolov8/matlab_msg_gen/glnxa64/install/include/yolov8_msgs/yolov8_msgs/msg/detail/key_point2_d__rosidl_typesupport_introspection_c.h
[15.911s] -- Installing: /home/aiv/YongJun_ws/src/YOLO/Yolov8/matlab_msg_gen/glnxa64/install/include/yolov8_msgs/yolov8_msgs/msg/detail/bounding_box3_d__rosidl_typesupport_introspection_c.h
[15.911s] -- Installing: /home/aiv/YongJun_ws/src/YOLO/Yolov8/matlab_msg_gen/glnxa64/install/lib/libyolov8_msgs__rosidl_typesupport_introspection_c.so
[15.911s] -- Installing: /home/aiv/YongJun_ws/src/YOLO/Yolov8/matlab_msg_gen/glnxa64/install/lib/libyolov8_msgs__rosidl_typesupport_c.so
[15.912s] -- Up-to-date: /home/aiv/YongJun_ws/src/YOLO/Yolov8/matlab_msg_gen/glnxa64/install/include/yolov8_msgs/yolov8_msgs
[15.912s] -- Up-to-date: /home/aiv/YongJun_ws/src/YOLO/Yolov8/matlab_msg_gen/glnxa64/install/include/yolov8_msgs/yolov8_msgs/msg
[15.912s] -- Installing: /home/aiv/YongJun_ws/src/YOLO/Yolov8/matlab_msg_gen/glnxa64/install/include/yolov8_msgs/yolov8_msgs/msg/mask.hpp
[15.912s] -- Installing: /home/aiv/YongJun_ws/src/YOLO/Yolov8/matlab_msg_gen/glnxa64/install/include/yolov8_msgs/yolov8_msgs/msg/detection.hpp
[15.912s] -- Installing: /home/aiv/YongJun_ws/src/YOLO/Yolov8/matlab_msg_gen/glnxa64/install/include/yolov8_msgs/yolov8_msgs/msg/bounding_box2_d.hpp
[15.912s] -- Installing: /home/aiv/YongJun_ws/src/YOLO/Yolov8/matlab_msg_gen/glnxa64/install/include/yolov8_msgs/yolov8_msgs/msg/key_point2_d.hpp
[15.912s] -- Installing: /home/aiv/YongJun_ws/src/YOLO/Yolov8/matlab_msg_gen/glnxa64/install/include/yolov8_msgs/yolov8_msgs/msg/point2_d.hpp
[15.912s] -- Installing: /home/aiv/YongJun_ws/src/YOLO/Yolov8/matlab_msg_gen/glnxa64/install/include/yolov8_msgs/yolov8_msgs/msg/key_point3_d_array.hpp
[15.912s] -- Installing: /home/aiv/YongJun_ws/src/YOLO/Yolov8/matlab_msg_gen/glnxa64/install/include/yolov8_msgs/yolov8_msgs/msg/vector2.hpp
[15.912s] -- Installing: /home/aiv/YongJun_ws/src/YOLO/Yolov8/matlab_msg_gen/glnxa64/install/include/yolov8_msgs/yolov8_msgs/msg/key_point2_d_array.hpp
[15.913s] -- Installing: /home/aiv/YongJun_ws/src/YOLO/Yolov8/matlab_msg_gen/glnxa64/install/include/yolov8_msgs/yolov8_msgs/msg/key_point3_d.hpp
[15.913s] -- Up-to-date: /home/aiv/YongJun_ws/src/YOLO/Yolov8/matlab_msg_gen/glnxa64/install/include/yolov8_msgs/yolov8_msgs/msg/detail
[15.913s] -- Installing: /home/aiv/YongJun_ws/src/YOLO/Yolov8/matlab_msg_gen/glnxa64/install/include/yolov8_msgs/yolov8_msgs/msg/detail/key_point2_d__struct.hpp
[15.913s] -- Installing: /home/aiv/YongJun_ws/src/YOLO/Yolov8/matlab_msg_gen/glnxa64/install/include/yolov8_msgs/yolov8_msgs/msg/detail/point2_d__builder.hpp
[15.913s] -- Installing: /home/aiv/YongJun_ws/src/YOLO/Yolov8/matlab_msg_gen/glnxa64/install/include/yolov8_msgs/yolov8_msgs/msg/detail/key_point2_d__traits.hpp
[15.913s] -- Installing: /home/aiv/YongJun_ws/src/YOLO/Yolov8/matlab_msg_gen/glnxa64/install/include/yolov8_msgs/yolov8_msgs/msg/detail/bounding_box3_d__builder.hpp
[15.913s] -- Installing: /home/aiv/YongJun_ws/src/YOLO/Yolov8/matlab_msg_gen/glnxa64/install/include/yolov8_msgs/yolov8_msgs/msg/detail/key_point2_d__builder.hpp
[15.913s] -- Installing: /home/aiv/YongJun_ws/src/YOLO/Yolov8/matlab_msg_gen/glnxa64/install/include/yolov8_msgs/yolov8_msgs/msg/detail/detection__struct.hpp
[15.913s] -- Installing: /home/aiv/YongJun_ws/src/YOLO/Yolov8/matlab_msg_gen/glnxa64/install/include/yolov8_msgs/yolov8_msgs/msg/detail/mask__builder.hpp
[15.914s] -- Installing: /home/aiv/YongJun_ws/src/YOLO/Yolov8/matlab_msg_gen/glnxa64/install/include/yolov8_msgs/yolov8_msgs/msg/detail/key_point3_d__traits.hpp
[15.914s] -- Installing: /home/aiv/YongJun_ws/src/YOLO/Yolov8/matlab_msg_gen/glnxa64/install/include/yolov8_msgs/yolov8_msgs/msg/detail/key_point3_d__builder.hpp
[15.914s] -- Installing: /home/aiv/YongJun_ws/src/YOLO/Yolov8/matlab_msg_gen/glnxa64/install/include/yolov8_msgs/yolov8_msgs/msg/detail/detection_array__builder.hpp
[15.914s] -- Installing: /home/aiv/YongJun_ws/src/YOLO/Yolov8/matlab_msg_gen/glnxa64/install/include/yolov8_msgs/yolov8_msgs/msg/detail/key_point3_d_array__traits.hpp
[15.914s] -- Installing: /home/aiv/YongJun_ws/src/YOLO/Yolov8/matlab_msg_gen/glnxa64/install/include/yolov8_msgs/yolov8_msgs/msg/detail/mask__traits.hpp
[15.914s] -- Installing: /home/aiv/YongJun_ws/src/YOLO/Yolov8/matlab_msg_gen/glnxa64/install/include/yolov8_msgs/yolov8_msgs/msg/detail/mask__struct.hpp
[15.914s] -- Installing: /home/aiv/YongJun_ws/src/YOLO/Yolov8/matlab_msg_gen/glnxa64/install/include/yolov8_msgs/yolov8_msgs/msg/detail/bounding_box2_d__struct.hpp
[15.914s] -- Installing: /home/aiv/YongJun_ws/src/YOLO/Yolov8/matlab_msg_gen/glnxa64/install/include/yolov8_msgs/yolov8_msgs/msg/detail/detection__traits.hpp
[15.914s] -- Installing: /home/aiv/YongJun_ws/src/YOLO/Yolov8/matlab_msg_gen/glnxa64/install/include/yolov8_msgs/yolov8_msgs/msg/detail/key_point2_d_array__struct.hpp
[15.914s] -- Installing: /home/aiv/YongJun_ws/src/YOLO/Yolov8/matlab_msg_gen/glnxa64/install/include/yolov8_msgs/yolov8_msgs/msg/detail/pose2_d__struct.hpp
[15.915s] -- Installing: /home/aiv/YongJun_ws/src/YOLO/Yolov8/matlab_msg_gen/glnxa64/install/include/yolov8_msgs/yolov8_msgs/msg/detail/detection__builder.hpp
[15.915s] -- Installing: /home/aiv/YongJun_ws/src/YOLO/Yolov8/matlab_msg_gen/glnxa64/install/include/yolov8_msgs/yolov8_msgs/msg/detail/key_point2_d_array__builder.hpp
[15.915s] -- Installing: /home/aiv/YongJun_ws/src/YOLO/Yolov8/matlab_msg_gen/glnxa64/install/include/yolov8_msgs/yolov8_msgs/msg/detail/point2_d__struct.hpp
[15.915s] -- Installing: /home/aiv/YongJun_ws/src/YOLO/Yolov8/matlab_msg_gen/glnxa64/install/include/yolov8_msgs/yolov8_msgs/msg/detail/key_point3_d_array__struct.hpp
[15.915s] -- Installing: /home/aiv/YongJun_ws/src/YOLO/Yolov8/matlab_msg_gen/glnxa64/install/include/yolov8_msgs/yolov8_msgs/msg/detail/detection_array__traits.hpp
[15.915s] -- Installing: /home/aiv/YongJun_ws/src/YOLO/Yolov8/matlab_msg_gen/glnxa64/install/include/yolov8_msgs/yolov8_msgs/msg/detail/bounding_box3_d__traits.hpp
[15.915s] -- Installing: /home/aiv/YongJun_ws/src/YOLO/Yolov8/matlab_msg_gen/glnxa64/install/include/yolov8_msgs/yolov8_msgs/msg/detail/key_point3_d_array__builder.hpp
[15.915s] -- Installing: /home/aiv/YongJun_ws/src/YOLO/Yolov8/matlab_msg_gen/glnxa64/install/include/yolov8_msgs/yolov8_msgs/msg/detail/bounding_box3_d__struct.hpp
[15.915s] -- Installing: /home/aiv/YongJun_ws/src/YOLO/Yolov8/matlab_msg_gen/glnxa64/install/include/yolov8_msgs/yolov8_msgs/msg/detail/vector2__builder.hpp
[15.916s] -- Installing: /home/aiv/YongJun_ws/src/YOLO/Yolov8/matlab_msg_gen/glnxa64/install/include/yolov8_msgs/yolov8_msgs/msg/detail/detection_array__struct.hpp
[15.916s] -- Installing: /home/aiv/YongJun_ws/src/YOLO/Yolov8/matlab_msg_gen/glnxa64/install/include/yolov8_msgs/yolov8_msgs/msg/detail/key_point3_d__struct.hpp
[15.916s] -- Installing: /home/aiv/YongJun_ws/src/YOLO/Yolov8/matlab_msg_gen/glnxa64/install/include/yolov8_msgs/yolov8_msgs/msg/detail/vector2__traits.hpp
[15.916s] -- Installing: /home/aiv/YongJun_ws/src/YOLO/Yolov8/matlab_msg_gen/glnxa64/install/include/yolov8_msgs/yolov8_msgs/msg/detail/bounding_box2_d__traits.hpp
[15.916s] -- Installing: /home/aiv/YongJun_ws/src/YOLO/Yolov8/matlab_msg_gen/glnxa64/install/include/yolov8_msgs/yolov8_msgs/msg/detail/key_point2_d_array__traits.hpp
[15.916s] -- Installing: /home/aiv/YongJun_ws/src/YOLO/Yolov8/matlab_msg_gen/glnxa64/install/include/yolov8_msgs/yolov8_msgs/msg/detail/point2_d__traits.hpp
[15.916s] -- Installing: /home/aiv/YongJun_ws/src/YOLO/Yolov8/matlab_msg_gen/glnxa64/install/include/yolov8_msgs/yolov8_msgs/msg/detail/bounding_box2_d__builder.hpp
[15.916s] -- Installing: /home/aiv/YongJun_ws/src/YOLO/Yolov8/matlab_msg_gen/glnxa64/install/include/yolov8_msgs/yolov8_msgs/msg/detail/pose2_d__traits.hpp
[15.916s] -- Installing: /home/aiv/YongJun_ws/src/YOLO/Yolov8/matlab_msg_gen/glnxa64/install/include/yolov8_msgs/yolov8_msgs/msg/detail/vector2__struct.hpp
[15.916s] -- Installing: /home/aiv/YongJun_ws/src/YOLO/Yolov8/matlab_msg_gen/glnxa64/install/include/yolov8_msgs/yolov8_msgs/msg/detail/pose2_d__builder.hpp
[15.917s] -- Installing: /home/aiv/YongJun_ws/src/YOLO/Yolov8/matlab_msg_gen/glnxa64/install/include/yolov8_msgs/yolov8_msgs/msg/pose2_d.hpp
[15.917s] -- Installing: /home/aiv/YongJun_ws/src/YOLO/Yolov8/matlab_msg_gen/glnxa64/install/include/yolov8_msgs/yolov8_msgs/msg/bounding_box3_d.hpp
[15.917s] -- Installing: /home/aiv/YongJun_ws/src/YOLO/Yolov8/matlab_msg_gen/glnxa64/install/include/yolov8_msgs/yolov8_msgs/msg/detection_array.hpp
[15.917s] -- Up-to-date: /home/aiv/YongJun_ws/src/YOLO/Yolov8/matlab_msg_gen/glnxa64/install/include/yolov8_msgs/yolov8_msgs
[15.917s] -- Up-to-date: /home/aiv/YongJun_ws/src/YOLO/Yolov8/matlab_msg_gen/glnxa64/install/include/yolov8_msgs/yolov8_msgs/msg
[15.917s] -- Installing: /home/aiv/YongJun_ws/src/YOLO/Yolov8/matlab_msg_gen/glnxa64/install/include/yolov8_msgs/yolov8_msgs/msg/rosidl_typesupport_fastrtps_cpp__visibility_control.h
[15.917s] -- Up-to-date: /home/aiv/YongJun_ws/src/YOLO/Yolov8/matlab_msg_gen/glnxa64/install/include/yolov8_msgs/yolov8_msgs/msg/detail
[15.917s] -- Installing: /home/aiv/YongJun_ws/src/YOLO/Yolov8/matlab_msg_gen/glnxa64/install/include/yolov8_msgs/yolov8_msgs/msg/detail/bounding_box3_d__rosidl_typesupport_fastrtps_cpp.hpp
[15.917s] -- Installing: /home/aiv/YongJun_ws/src/YOLO/Yolov8/matlab_msg_gen/glnxa64/install/include/yolov8_msgs/yolov8_msgs/msg/detail/detection__rosidl_typesupport_fastrtps_cpp.hpp
[15.918s] -- Installing: /home/aiv/YongJun_ws/src/YOLO/Yolov8/matlab_msg_gen/glnxa64/install/include/yolov8_msgs/yolov8_msgs/msg/detail/key_point2_d__rosidl_typesupport_fastrtps_cpp.hpp
[15.918s] -- Installing: /home/aiv/YongJun_ws/src/YOLO/Yolov8/matlab_msg_gen/glnxa64/install/include/yolov8_msgs/yolov8_msgs/msg/detail/dds_fastrtps
[15.918s] -- Installing: /home/aiv/YongJun_ws/src/YOLO/Yolov8/matlab_msg_gen/glnxa64/install/include/yolov8_msgs/yolov8_msgs/msg/detail/pose2_d__rosidl_typesupport_fastrtps_cpp.hpp
[15.918s] -- Installing: /home/aiv/YongJun_ws/src/YOLO/Yolov8/matlab_msg_gen/glnxa64/install/include/yolov8_msgs/yolov8_msgs/msg/detail/key_point2_d_array__rosidl_typesupport_fastrtps_cpp.hpp
[15.918s] -- Installing: /home/aiv/YongJun_ws/src/YOLO/Yolov8/matlab_msg_gen/glnxa64/install/include/yolov8_msgs/yolov8_msgs/msg/detail/mask__rosidl_typesupport_fastrtps_cpp.hpp
[15.918s] -- Installing: /home/aiv/YongJun_ws/src/YOLO/Yolov8/matlab_msg_gen/glnxa64/install/include/yolov8_msgs/yolov8_msgs/msg/detail/bounding_box2_d__rosidl_typesupport_fastrtps_cpp.hpp
[15.918s] -- Installing: /home/aiv/YongJun_ws/src/YOLO/Yolov8/matlab_msg_gen/glnxa64/install/include/yolov8_msgs/yolov8_msgs/msg/detail/key_point3_d__rosidl_typesupport_fastrtps_cpp.hpp
[15.918s] -- Installing: /home/aiv/YongJun_ws/src/YOLO/Yolov8/matlab_msg_gen/glnxa64/install/include/yolov8_msgs/yolov8_msgs/msg/detail/detection_array__rosidl_typesupport_fastrtps_cpp.hpp
[15.918s] -- Installing: /home/aiv/YongJun_ws/src/YOLO/Yolov8/matlab_msg_gen/glnxa64/install/include/yolov8_msgs/yolov8_msgs/msg/detail/vector2__rosidl_typesupport_fastrtps_cpp.hpp
[15.919s] -- Installing: /home/aiv/YongJun_ws/src/YOLO/Yolov8/matlab_msg_gen/glnxa64/install/include/yolov8_msgs/yolov8_msgs/msg/detail/key_point3_d_array__rosidl_typesupport_fastrtps_cpp.hpp
[15.919s] -- Installing: /home/aiv/YongJun_ws/src/YOLO/Yolov8/matlab_msg_gen/glnxa64/install/include/yolov8_msgs/yolov8_msgs/msg/detail/point2_d__rosidl_typesupport_fastrtps_cpp.hpp
[15.919s] -- Installing: /home/aiv/YongJun_ws/src/YOLO/Yolov8/matlab_msg_gen/glnxa64/install/lib/libyolov8_msgs__rosidl_typesupport_fastrtps_cpp.so
[15.920s] -- Up-to-date: /home/aiv/YongJun_ws/src/YOLO/Yolov8/matlab_msg_gen/glnxa64/install/include/yolov8_msgs/yolov8_msgs
[15.920s] -- Up-to-date: /home/aiv/YongJun_ws/src/YOLO/Yolov8/matlab_msg_gen/glnxa64/install/include/yolov8_msgs/yolov8_msgs/msg
[15.920s] -- Up-to-date: /home/aiv/YongJun_ws/src/YOLO/Yolov8/matlab_msg_gen/glnxa64/install/include/yolov8_msgs/yolov8_msgs/msg/detail
[15.920s] -- Installing: /home/aiv/YongJun_ws/src/YOLO/Yolov8/matlab_msg_gen/glnxa64/install/include/yolov8_msgs/yolov8_msgs/msg/detail/key_point2_d__rosidl_typesupport_introspection_cpp.hpp
[15.920s] -- Installing: /home/aiv/YongJun_ws/src/YOLO/Yolov8/matlab_msg_gen/glnxa64/install/include/yolov8_msgs/yolov8_msgs/msg/detail/detection_array__type_support.cpp
[15.920s] -- Installing: /home/aiv/YongJun_ws/src/YOLO/Yolov8/matlab_msg_gen/glnxa64/install/include/yolov8_msgs/yolov8_msgs/msg/detail/key_point2_d_array__type_support.cpp
[15.920s] -- Installing: /home/aiv/YongJun_ws/src/YOLO/Yolov8/matlab_msg_gen/glnxa64/install/include/yolov8_msgs/yolov8_msgs/msg/detail/detection_array__rosidl_typesupport_introspection_cpp.hpp
[15.920s] -- Installing: /home/aiv/YongJun_ws/src/YOLO/Yolov8/matlab_msg_gen/glnxa64/install/include/yolov8_msgs/yolov8_msgs/msg/detail/bounding_box3_d__rosidl_typesupport_introspection_cpp.hpp
[15.920s] -- Installing: /home/aiv/YongJun_ws/src/YOLO/Yolov8/matlab_msg_gen/glnxa64/install/include/yolov8_msgs/yolov8_msgs/msg/detail/mask__rosidl_typesupport_introspection_cpp.hpp
[15.920s] -- Installing: /home/aiv/YongJun_ws/src/YOLO/Yolov8/matlab_msg_gen/glnxa64/install/include/yolov8_msgs/yolov8_msgs/msg/detail/point2_d__type_support.cpp
[15.920s] -- Installing: /home/aiv/YongJun_ws/src/YOLO/Yolov8/matlab_msg_gen/glnxa64/install/include/yolov8_msgs/yolov8_msgs/msg/detail/key_point2_d_array__rosidl_typesupport_introspection_cpp.hpp
[15.921s] -- Installing: /home/aiv/YongJun_ws/src/YOLO/Yolov8/matlab_msg_gen/glnxa64/install/include/yolov8_msgs/yolov8_msgs/msg/detail/key_point3_d_array__rosidl_typesupport_introspection_cpp.hpp
[15.921s] -- Installing: /home/aiv/YongJun_ws/src/YOLO/Yolov8/matlab_msg_gen/glnxa64/install/include/yolov8_msgs/yolov8_msgs/msg/detail/mask__type_support.cpp
[15.921s] -- Installing: /home/aiv/YongJun_ws/src/YOLO/Yolov8/matlab_msg_gen/glnxa64/install/include/yolov8_msgs/yolov8_msgs/msg/detail/pose2_d__type_support.cpp
[15.921s] -- Installing: /home/aiv/YongJun_ws/src/YOLO/Yolov8/matlab_msg_gen/glnxa64/install/include/yolov8_msgs/yolov8_msgs/msg/detail/bounding_box2_d__rosidl_typesupport_introspection_cpp.hpp
[15.921s] -- Installing: /home/aiv/YongJun_ws/src/YOLO/Yolov8/matlab_msg_gen/glnxa64/install/include/yolov8_msgs/yolov8_msgs/msg/detail/key_point2_d__type_support.cpp
[15.921s] -- Installing: /home/aiv/YongJun_ws/src/YOLO/Yolov8/matlab_msg_gen/glnxa64/install/include/yolov8_msgs/yolov8_msgs/msg/detail/point2_d__rosidl_typesupport_introspection_cpp.hpp
[15.921s] -- Installing: /home/aiv/YongJun_ws/src/YOLO/Yolov8/matlab_msg_gen/glnxa64/install/include/yolov8_msgs/yolov8_msgs/msg/detail/bounding_box2_d__type_support.cpp
[15.921s] -- Installing: /home/aiv/YongJun_ws/src/YOLO/Yolov8/matlab_msg_gen/glnxa64/install/include/yolov8_msgs/yolov8_msgs/msg/detail/detection__type_support.cpp
[15.922s] -- Installing: /home/aiv/YongJun_ws/src/YOLO/Yolov8/matlab_msg_gen/glnxa64/install/include/yolov8_msgs/yolov8_msgs/msg/detail/pose2_d__rosidl_typesupport_introspection_cpp.hpp
[15.922s] -- Installing: /home/aiv/YongJun_ws/src/YOLO/Yolov8/matlab_msg_gen/glnxa64/install/include/yolov8_msgs/yolov8_msgs/msg/detail/key_point3_d_array__type_support.cpp
[15.922s] -- Installing: /home/aiv/YongJun_ws/src/YOLO/Yolov8/matlab_msg_gen/glnxa64/install/include/yolov8_msgs/yolov8_msgs/msg/detail/vector2__rosidl_typesupport_introspection_cpp.hpp
[15.922s] -- Installing: /home/aiv/YongJun_ws/src/YOLO/Yolov8/matlab_msg_gen/glnxa64/install/include/yolov8_msgs/yolov8_msgs/msg/detail/vector2__type_support.cpp
[15.922s] -- Installing: /home/aiv/YongJun_ws/src/YOLO/Yolov8/matlab_msg_gen/glnxa64/install/include/yolov8_msgs/yolov8_msgs/msg/detail/bounding_box3_d__type_support.cpp
[15.922s] -- Installing: /home/aiv/YongJun_ws/src/YOLO/Yolov8/matlab_msg_gen/glnxa64/install/include/yolov8_msgs/yolov8_msgs/msg/detail/key_point3_d__type_support.cpp
[15.922s] -- Installing: /home/aiv/YongJun_ws/src/YOLO/Yolov8/matlab_msg_gen/glnxa64/install/include/yolov8_msgs/yolov8_msgs/msg/detail/detection__rosidl_typesupport_introspection_cpp.hpp
[15.922s] -- Installing: /home/aiv/YongJun_ws/src/YOLO/Yolov8/matlab_msg_gen/glnxa64/install/include/yolov8_msgs/yolov8_msgs/msg/detail/key_point3_d__rosidl_typesupport_introspection_cpp.hpp
[15.922s] -- Installing: /home/aiv/YongJun_ws/src/YOLO/Yolov8/matlab_msg_gen/glnxa64/install/lib/libyolov8_msgs__rosidl_typesupport_introspection_cpp.so
[15.923s] -- Installing: /home/aiv/YongJun_ws/src/YOLO/Yolov8/matlab_msg_gen/glnxa64/install/lib/libyolov8_msgs__rosidl_typesupport_cpp.so
[15.924s] -- Installing: /home/aiv/YongJun_ws/src/YOLO/Yolov8/matlab_msg_gen/glnxa64/install/share/yolov8_msgs/msg/BoundingBox2D.idl
[15.924s] -- Installing: /home/aiv/YongJun_ws/src/YOLO/Yolov8/matlab_msg_gen/glnxa64/install/share/yolov8_msgs/msg/BoundingBox3D.idl
[15.924s] -- Installing: /home/aiv/YongJun_ws/src/YOLO/Yolov8/matlab_msg_gen/glnxa64/install/share/yolov8_msgs/msg/Detection.idl
[15.924s] -- Installing: /home/aiv/YongJun_ws/src/YOLO/Yolov8/matlab_msg_gen/glnxa64/install/share/yolov8_msgs/msg/DetectionArray.idl
[15.924s] -- Installing: /home/aiv/YongJun_ws/src/YOLO/Yolov8/matlab_msg_gen/glnxa64/install/share/yolov8_msgs/msg/KeyPoint2D.idl
[15.924s] -- Installing: /home/aiv/YongJun_ws/src/YOLO/Yolov8/matlab_msg_gen/glnxa64/install/share/yolov8_msgs/msg/KeyPoint2DArray.idl
[15.924s] -- Installing: /home/aiv/YongJun_ws/src/YOLO/Yolov8/matlab_msg_gen/glnxa64/install/share/yolov8_msgs/msg/KeyPoint3D.idl
[15.924s] -- Installing: /home/aiv/YongJun_ws/src/YOLO/Yolov8/matlab_msg_gen/glnxa64/install/share/yolov8_msgs/msg/KeyPoint3DArray.idl
[15.925s] -- Installing: /home/aiv/YongJun_ws/src/YOLO/Yolov8/matlab_msg_gen/glnxa64/install/share/yolov8_msgs/msg/Mask.idl
[15.925s] -- Installing: /home/aiv/YongJun_ws/src/YOLO/Yolov8/matlab_msg_gen/glnxa64/install/share/yolov8_msgs/msg/Point2D.idl
[15.925s] -- Installing: /home/aiv/YongJun_ws/src/YOLO/Yolov8/matlab_msg_gen/glnxa64/install/share/yolov8_msgs/msg/Pose2D.idl
[15.925s] -- Installing: /home/aiv/YongJun_ws/src/YOLO/Yolov8/matlab_msg_gen/glnxa64/install/share/yolov8_msgs/msg/Vector2.idl
[15.925s] -- Installing: /home/aiv/YongJun_ws/src/YOLO/Yolov8/matlab_msg_gen/glnxa64/install/share/yolov8_msgs/msg/BoundingBox2D.msg
[15.925s] -- Installing: /home/aiv/YongJun_ws/src/YOLO/Yolov8/matlab_msg_gen/glnxa64/install/share/yolov8_msgs/msg/BoundingBox3D.msg
[15.925s] -- Installing: /home/aiv/YongJun_ws/src/YOLO/Yolov8/matlab_msg_gen/glnxa64/install/share/yolov8_msgs/msg/Detection.msg
[15.925s] -- Installing: /home/aiv/YongJun_ws/src/YOLO/Yolov8/matlab_msg_gen/glnxa64/install/share/yolov8_msgs/msg/DetectionArray.msg
[15.925s] -- Installing: /home/aiv/YongJun_ws/src/YOLO/Yolov8/matlab_msg_gen/glnxa64/install/share/yolov8_msgs/msg/KeyPoint2D.msg
[15.926s] -- Installing: /home/aiv/YongJun_ws/src/YOLO/Yolov8/matlab_msg_gen/glnxa64/install/share/yolov8_msgs/msg/KeyPoint2DArray.msg
[15.926s] -- Installing: /home/aiv/YongJun_ws/src/YOLO/Yolov8/matlab_msg_gen/glnxa64/install/share/yolov8_msgs/msg/KeyPoint3D.msg
[15.926s] -- Installing: /home/aiv/YongJun_ws/src/YOLO/Yolov8/matlab_msg_gen/glnxa64/install/share/yolov8_msgs/msg/KeyPoint3DArray.msg
[15.926s] -- Installing: /home/aiv/YongJun_ws/src/YOLO/Yolov8/matlab_msg_gen/glnxa64/install/share/yolov8_msgs/msg/Mask.msg
[15.926s] -- Installing: /home/aiv/YongJun_ws/src/YOLO/Yolov8/matlab_msg_gen/glnxa64/install/share/yolov8_msgs/msg/Point2D.msg
[15.926s] -- Installing: /home/aiv/YongJun_ws/src/YOLO/Yolov8/matlab_msg_gen/glnxa64/install/share/yolov8_msgs/msg/Pose2D.msg
[15.926s] -- Installing: /home/aiv/YongJun_ws/src/YOLO/Yolov8/matlab_msg_gen/glnxa64/install/share/yolov8_msgs/msg/Vector2.msg
[15.926s] -- Up-to-date: /home/aiv/YongJun_ws/src/YOLO/Yolov8/matlab_msg_gen/glnxa64/install/include
[15.926s] -- Up-to-date: /home/aiv/YongJun_ws/src/YOLO/Yolov8/matlab_msg_gen/glnxa64/install/include/yolov8_msgs
[15.926s] -- Installing: /home/aiv/YongJun_ws/src/YOLO/Yolov8/matlab_msg_gen/glnxa64/install/include/yolov8_msgs/visibility_control.h
[15.926s] -- Installing: /home/aiv/YongJun_ws/src/YOLO/Yolov8/matlab_msg_gen/glnxa64/install/lib/libyolov8_msgs_matlab.so
[15.956s] -- Installing: /home/aiv/YongJun_ws/src/YOLO/Yolov8/matlab_msg_gen/glnxa64/install/m/
[15.956s] -- Installing: /home/aiv/YongJun_ws/src/YOLO/Yolov8/matlab_msg_gen/glnxa64/install/m//+ros
[15.956s] -- Installing: /home/aiv/YongJun_ws/src/YOLO/Yolov8/matlab_msg_gen/glnxa64/install/m//+ros/+internal
[15.956s] -- Installing: /home/aiv/YongJun_ws/src/YOLO/Yolov8/matlab_msg_gen/glnxa64/install/m//+ros/+internal/+ros2
[15.956s] -- Installing: /home/aiv/YongJun_ws/src/YOLO/Yolov8/matlab_msg_gen/glnxa64/install/m//+ros/+internal/+ros2/+custommessages
[15.956s] -- Installing: /home/aiv/YongJun_ws/src/YOLO/Yolov8/matlab_msg_gen/glnxa64/install/m//+ros/+internal/+ros2/+custommessages/+yolov8_msgs
[15.956s] -- Installing: /home/aiv/YongJun_ws/src/YOLO/Yolov8/matlab_msg_gen/glnxa64/install/m//+ros/+internal/+ros2/+custommessages/+yolov8_msgs/mask.m
[15.956s] -- Installing: /home/aiv/YongJun_ws/src/YOLO/Yolov8/matlab_msg_gen/glnxa64/install/m//+ros/+internal/+ros2/+custommessages/+yolov8_msgs/vector2.m
[15.956s] -- Installing: /home/aiv/YongJun_ws/src/YOLO/Yolov8/matlab_msg_gen/glnxa64/install/m//+ros/+internal/+ros2/+custommessages/+yolov8_msgs/keyPoint3D.m
[15.956s] -- Installing: /home/aiv/YongJun_ws/src/YOLO/Yolov8/matlab_msg_gen/glnxa64/install/m//+ros/+internal/+ros2/+custommessages/+yolov8_msgs/boundingBox2D.m
[15.956s] -- Installing: /home/aiv/YongJun_ws/src/YOLO/Yolov8/matlab_msg_gen/glnxa64/install/m//+ros/+internal/+ros2/+custommessages/+yolov8_msgs/pose2D.m
[15.956s] -- Installing: /home/aiv/YongJun_ws/src/YOLO/Yolov8/matlab_msg_gen/glnxa64/install/m//+ros/+internal/+ros2/+custommessages/+yolov8_msgs/detection.m
[15.956s] -- Installing: /home/aiv/YongJun_ws/src/YOLO/Yolov8/matlab_msg_gen/glnxa64/install/m//+ros/+internal/+ros2/+custommessages/+yolov8_msgs/keyPoint2D.m
[15.956s] -- Installing: /home/aiv/YongJun_ws/src/YOLO/Yolov8/matlab_msg_gen/glnxa64/install/m//+ros/+internal/+ros2/+custommessages/+yolov8_msgs/keyPoint2DArray.m
[15.956s] -- Installing: /home/aiv/YongJun_ws/src/YOLO/Yolov8/matlab_msg_gen/glnxa64/install/m//+ros/+internal/+ros2/+custommessages/+yolov8_msgs/detectionArray.m
[15.957s] -- Installing: /home/aiv/YongJun_ws/src/YOLO/Yolov8/matlab_msg_gen/glnxa64/install/m//+ros/+internal/+ros2/+custommessages/+yolov8_msgs/point2D.m
[15.957s] -- Installing: /home/aiv/YongJun_ws/src/YOLO/Yolov8/matlab_msg_gen/glnxa64/install/m//+ros/+internal/+ros2/+custommessages/+yolov8_msgs/boundingBox3D.m
[15.957s] -- Installing: /home/aiv/YongJun_ws/src/YOLO/Yolov8/matlab_msg_gen/glnxa64/install/m//+ros/+internal/+ros2/+custommessages/+yolov8_msgs/keyPoint3DArray.m
[15.957s] -- Installing: /home/aiv/YongJun_ws/src/YOLO/Yolov8/matlab_msg_gen/glnxa64/install/share/ament_index/resource_index/package_run_dependencies/yolov8_msgs
[15.957s] -- Installing: /home/aiv/YongJun_ws/src/YOLO/Yolov8/matlab_msg_gen/glnxa64/install/share/ament_index/resource_index/parent_prefix_path/yolov8_msgs
[15.957s] -- Installing: /home/aiv/YongJun_ws/src/YOLO/Yolov8/matlab_msg_gen/glnxa64/install/share/yolov8_msgs/environment/ament_prefix_path.sh
[15.957s] -- Installing: /home/aiv/YongJun_ws/src/YOLO/Yolov8/matlab_msg_gen/glnxa64/install/share/yolov8_msgs/environment/ament_prefix_path.dsv
[15.957s] -- Installing: /home/aiv/YongJun_ws/src/YOLO/Yolov8/matlab_msg_gen/glnxa64/install/share/yolov8_msgs/environment/path.sh
[15.957s] -- Installing: /home/aiv/YongJun_ws/src/YOLO/Yolov8/matlab_msg_gen/glnxa64/install/share/yolov8_msgs/environment/path.dsv
[15.958s] -- Installing: /home/aiv/YongJun_ws/src/YOLO/Yolov8/matlab_msg_gen/glnxa64/install/share/yolov8_msgs/local_setup.bash
[15.958s] -- Installing: /home/aiv/YongJun_ws/src/YOLO/Yolov8/matlab_msg_gen/glnxa64/install/share/yolov8_msgs/local_setup.sh
[15.958s] -- Installing: /home/aiv/YongJun_ws/src/YOLO/Yolov8/matlab_msg_gen/glnxa64/install/share/yolov8_msgs/local_setup.zsh
[15.958s] -- Installing: /home/aiv/YongJun_ws/src/YOLO/Yolov8/matlab_msg_gen/glnxa64/install/share/yolov8_msgs/local_setup.dsv
[15.958s] -- Installing: /home/aiv/YongJun_ws/src/YOLO/Yolov8/matlab_msg_gen/glnxa64/install/share/yolov8_msgs/package.dsv
[15.958s] -- Installing: /home/aiv/YongJun_ws/src/YOLO/Yolov8/matlab_msg_gen/glnxa64/install/share/ament_index/resource_index/packages/yolov8_msgs
[15.958s] -- Installing: /home/aiv/YongJun_ws/src/YOLO/Yolov8/matlab_msg_gen/glnxa64/install/share/yolov8_msgs/cmake/export_yolov8_msgs__rosidl_generator_cExport.cmake
[15.958s] -- Installing: /home/aiv/YongJun_ws/src/YOLO/Yolov8/matlab_msg_gen/glnxa64/install/share/yolov8_msgs/cmake/export_yolov8_msgs__rosidl_generator_cExport-release.cmake
[15.958s] -- Installing: /home/aiv/YongJun_ws/src/YOLO/Yolov8/matlab_msg_gen/glnxa64/install/share/yolov8_msgs/cmake/export_yolov8_msgs__rosidl_typesupport_fastrtps_cExport.cmake
[15.958s] -- Installing: /home/aiv/YongJun_ws/src/YOLO/Yolov8/matlab_msg_gen/glnxa64/install/share/yolov8_msgs/cmake/export_yolov8_msgs__rosidl_typesupport_fastrtps_cExport-release.cmake
[15.958s] -- Installing: /home/aiv/YongJun_ws/src/YOLO/Yolov8/matlab_msg_gen/glnxa64/install/share/yolov8_msgs/cmake/yolov8_msgs__rosidl_typesupport_introspection_cExport.cmake
[15.959s] -- Installing: /home/aiv/YongJun_ws/src/YOLO/Yolov8/matlab_msg_gen/glnxa64/install/share/yolov8_msgs/cmake/yolov8_msgs__rosidl_typesupport_introspection_cExport-release.cmake
[15.959s] -- Installing: /home/aiv/YongJun_ws/src/YOLO/Yolov8/matlab_msg_gen/glnxa64/install/share/yolov8_msgs/cmake/yolov8_msgs__rosidl_typesupport_cExport.cmake
[15.959s] -- Installing: /home/aiv/YongJun_ws/src/YOLO/Yolov8/matlab_msg_gen/glnxa64/install/share/yolov8_msgs/cmake/yolov8_msgs__rosidl_typesupport_cExport-release.cmake
[15.959s] -- Installing: /home/aiv/YongJun_ws/src/YOLO/Yolov8/matlab_msg_gen/glnxa64/install/share/yolov8_msgs/cmake/export_yolov8_msgs__rosidl_generator_cppExport.cmake
[15.959s] -- Installing: /home/aiv/YongJun_ws/src/YOLO/Yolov8/matlab_msg_gen/glnxa64/install/share/yolov8_msgs/cmake/export_yolov8_msgs__rosidl_typesupport_fastrtps_cppExport.cmake
[15.959s] -- Installing: /home/aiv/YongJun_ws/src/YOLO/Yolov8/matlab_msg_gen/glnxa64/install/share/yolov8_msgs/cmake/export_yolov8_msgs__rosidl_typesupport_fastrtps_cppExport-release.cmake
[15.959s] -- Installing: /home/aiv/YongJun_ws/src/YOLO/Yolov8/matlab_msg_gen/glnxa64/install/share/yolov8_msgs/cmake/yolov8_msgs__rosidl_typesupport_introspection_cppExport.cmake
[15.959s] -- Installing: /home/aiv/YongJun_ws/src/YOLO/Yolov8/matlab_msg_gen/glnxa64/install/share/yolov8_msgs/cmake/yolov8_msgs__rosidl_typesupport_introspection_cppExport-release.cmake
[15.959s] -- Installing: /home/aiv/YongJun_ws/src/YOLO/Yolov8/matlab_msg_gen/glnxa64/install/share/yolov8_msgs/cmake/yolov8_msgs__rosidl_typesupport_cppExport.cmake
[15.959s] -- Installing: /home/aiv/YongJun_ws/src/YOLO/Yolov8/matlab_msg_gen/glnxa64/install/share/yolov8_msgs/cmake/yolov8_msgs__rosidl_typesupport_cppExport-release.cmake
[15.959s] -- Installing: /home/aiv/YongJun_ws/src/YOLO/Yolov8/matlab_msg_gen/glnxa64/install/share/yolov8_msgs/cmake/rosidl_cmake-extras.cmake
[15.959s] -- Installing: /home/aiv/YongJun_ws/src/YOLO/Yolov8/matlab_msg_gen/glnxa64/install/share/yolov8_msgs/cmake/ament_cmake_export_dependencies-extras.cmake
[15.959s] -- Installing: /home/aiv/YongJun_ws/src/YOLO/Yolov8/matlab_msg_gen/glnxa64/install/share/yolov8_msgs/cmake/ament_cmake_export_include_directories-extras.cmake
[15.959s] -- Installing: /home/aiv/YongJun_ws/src/YOLO/Yolov8/matlab_msg_gen/glnxa64/install/share/yolov8_msgs/cmake/ament_cmake_export_libraries-extras.cmake
[15.960s] -- Installing: /home/aiv/YongJun_ws/src/YOLO/Yolov8/matlab_msg_gen/glnxa64/install/share/yolov8_msgs/cmake/ament_cmake_export_targets-extras.cmake
[15.960s] -- Installing: /home/aiv/YongJun_ws/src/YOLO/Yolov8/matlab_msg_gen/glnxa64/install/share/yolov8_msgs/cmake/rosidl_cmake_export_typesupport_targets-extras.cmake
[15.960s] -- Installing: /home/aiv/YongJun_ws/src/YOLO/Yolov8/matlab_msg_gen/glnxa64/install/share/yolov8_msgs/cmake/rosidl_cmake_export_typesupport_libraries-extras.cmake
[15.960s] -- Installing: /home/aiv/YongJun_ws/src/YOLO/Yolov8/matlab_msg_gen/glnxa64/install/share/yolov8_msgs/cmake/yolov8_msgsConfig.cmake
[15.960s] -- Installing: /home/aiv/YongJun_ws/src/YOLO/Yolov8/matlab_msg_gen/glnxa64/install/share/yolov8_msgs/cmake/yolov8_msgsConfig-version.cmake
[15.960s] -- Installing: /home/aiv/YongJun_ws/src/YOLO/Yolov8/matlab_msg_gen/glnxa64/install/share/yolov8_msgs/package.xml
[15.962s] Invoked command in '/home/aiv/YongJun_ws/src/YOLO/Yolov8/matlab_msg_gen/glnxa64/build/yolov8_msgs' returned '0': PS1=(venv) VIRTUAL_ENV_PROMPT=(venv) /usr/local/MATLAB/R2024a/bin/glnxa64/cmake/bin/cmake --install /home/aiv/YongJun_ws/src/YOLO/Yolov8/matlab_msg_gen/glnxa64/build/yolov8_msgs
