[0.023s] Invoking command in '/home/aiv/YongJun_ws/ros2_ws/build/zed_display_rviz2': AMENT_PREFIX_PATH=/home/aiv/YongJun_ws/ros2_ws/install/zed_wrapper:/home/aiv/YongJun_ws/ros2_ws/install/zed_components:/home/aiv/YongJun_ws/ros2_ws/install/zed_interfaces:${AMENT_PREFIX_PATH} CMAKE_PREFIX_PATH=/home/aiv/YongJun_ws/ros2_ws/install/zed_wrapper:/home/aiv/YongJun_ws/ros2_ws/install/zed_components:/home/aiv/YongJun_ws/ros2_ws/install/zed_interfaces:/opt/ros/foxy LD_LIBRARY_PATH=/home/aiv/YongJun_ws/ros2_ws/install/zed_components/lib:/home/aiv/YongJun_ws/ros2_ws/install/zed_interfaces/lib:/opt/ros/foxy/opt/yaml_cpp_vendor/lib:/opt/ros/foxy/opt/rviz_ogre_vendor/lib:/opt/ros/foxy/lib/x86_64-linux-gnu:/opt/ros/foxy/lib:/usr/local/cuda/lib64 PYTHONPATH=/home/aiv/YongJun_ws/ros2_ws/install/zed_interfaces/lib/python3.8/site-packages:${PYTHONPATH} /usr/bin/cmake --build /home/aiv/YongJun_ws/ros2_ws/build/zed_display_rviz2 -- -j32 -l32
[0.054s] Invoked command in '/home/aiv/YongJun_ws/ros2_ws/build/zed_display_rviz2' returned '0': AMENT_PREFIX_PATH=/home/aiv/YongJun_ws/ros2_ws/install/zed_wrapper:/home/aiv/YongJun_ws/ros2_ws/install/zed_components:/home/aiv/YongJun_ws/ros2_ws/install/zed_interfaces:${AMENT_PREFIX_PATH} CMAKE_PREFIX_PATH=/home/aiv/YongJun_ws/ros2_ws/install/zed_wrapper:/home/aiv/YongJun_ws/ros2_ws/install/zed_components:/home/aiv/YongJun_ws/ros2_ws/install/zed_interfaces:/opt/ros/foxy LD_LIBRARY_PATH=/home/aiv/YongJun_ws/ros2_ws/install/zed_components/lib:/home/aiv/YongJun_ws/ros2_ws/install/zed_interfaces/lib:/opt/ros/foxy/opt/yaml_cpp_vendor/lib:/opt/ros/foxy/opt/rviz_ogre_vendor/lib:/opt/ros/foxy/lib/x86_64-linux-gnu:/opt/ros/foxy/lib:/usr/local/cuda/lib64 PYTHONPATH=/home/aiv/YongJun_ws/ros2_ws/install/zed_interfaces/lib/python3.8/site-packages:${PYTHONPATH} /usr/bin/cmake --build /home/aiv/YongJun_ws/ros2_ws/build/zed_display_rviz2 -- -j32 -l32
[0.080s] Invoking command in '/home/aiv/YongJun_ws/ros2_ws/build/zed_display_rviz2': AMENT_PREFIX_PATH=/home/aiv/YongJun_ws/ros2_ws/install/zed_wrapper:/home/aiv/YongJun_ws/ros2_ws/install/zed_components:/home/aiv/YongJun_ws/ros2_ws/install/zed_interfaces:${AMENT_PREFIX_PATH} CMAKE_PREFIX_PATH=/home/aiv/YongJun_ws/ros2_ws/install/zed_wrapper:/home/aiv/YongJun_ws/ros2_ws/install/zed_components:/home/aiv/YongJun_ws/ros2_ws/install/zed_interfaces:/opt/ros/foxy LD_LIBRARY_PATH=/home/aiv/YongJun_ws/ros2_ws/install/zed_components/lib:/home/aiv/YongJun_ws/ros2_ws/install/zed_interfaces/lib:/opt/ros/foxy/opt/yaml_cpp_vendor/lib:/opt/ros/foxy/opt/rviz_ogre_vendor/lib:/opt/ros/foxy/lib/x86_64-linux-gnu:/opt/ros/foxy/lib:/usr/local/cuda/lib64 PYTHONPATH=/home/aiv/YongJun_ws/ros2_ws/install/zed_interfaces/lib/python3.8/site-packages:${PYTHONPATH} /usr/bin/cmake --install /home/aiv/YongJun_ws/ros2_ws/build/zed_display_rviz2
[0.093s] -- Install configuration: ""
[0.093s] -- Up-to-date: /home/aiv/YongJun_ws/ros2_ws/install/zed_display_rviz2/share/zed_display_rviz2/launch
[0.093s] -- Up-to-date: /home/aiv/YongJun_ws/ros2_ws/install/zed_display_rviz2/share/zed_display_rviz2/launch/display_zed_cam.launch.py
[0.093s] -- Up-to-date: /home/aiv/YongJun_ws/ros2_ws/install/zed_display_rviz2/share/zed_display_rviz2/rviz2
[0.094s] -- Up-to-date: /home/aiv/YongJun_ws/ros2_ws/install/zed_display_rviz2/share/zed_display_rviz2/rviz2/zed2i.rviz
[0.094s] -- Up-to-date: /home/aiv/YongJun_ws/ros2_ws/install/zed_display_rviz2/share/zed_display_rviz2/rviz2/zed.rviz
[0.094s] -- Up-to-date: /home/aiv/YongJun_ws/ros2_ws/install/zed_display_rviz2/share/zed_display_rviz2/rviz2/zedxm.rviz
[0.094s] -- Up-to-date: /home/aiv/YongJun_ws/ros2_ws/install/zed_display_rviz2/share/zed_display_rviz2/rviz2/zedm.rviz
[0.094s] -- Up-to-date: /home/aiv/YongJun_ws/ros2_ws/install/zed_display_rviz2/share/zed_display_rviz2/rviz2/zedx.rviz
[0.094s] -- Up-to-date: /home/aiv/YongJun_ws/ros2_ws/install/zed_display_rviz2/share/zed_display_rviz2/rviz2/zed2.rviz
[0.094s] -- Up-to-date: /home/aiv/YongJun_ws/ros2_ws/install/zed_display_rviz2/share/zed_display_rviz2/rviz2/virtual.rviz
[0.094s] -- Up-to-date: /home/aiv/YongJun_ws/ros2_ws/install/zed_display_rviz2/share/ament_index/resource_index/package_run_dependencies/zed_display_rviz2
[0.094s] -- Up-to-date: /home/aiv/YongJun_ws/ros2_ws/install/zed_display_rviz2/share/ament_index/resource_index/parent_prefix_path/zed_display_rviz2
[0.094s] -- Up-to-date: /home/aiv/YongJun_ws/ros2_ws/install/zed_display_rviz2/share/zed_display_rviz2/environment/ament_prefix_path.sh
[0.094s] -- Up-to-date: /home/aiv/YongJun_ws/ros2_ws/install/zed_display_rviz2/share/zed_display_rviz2/environment/ament_prefix_path.dsv
[0.094s] -- Up-to-date: /home/aiv/YongJun_ws/ros2_ws/install/zed_display_rviz2/share/zed_display_rviz2/environment/path.sh
[0.094s] -- Up-to-date: /home/aiv/YongJun_ws/ros2_ws/install/zed_display_rviz2/share/zed_display_rviz2/environment/path.dsv
[0.094s] -- Up-to-date: /home/aiv/YongJun_ws/ros2_ws/install/zed_display_rviz2/share/zed_display_rviz2/local_setup.bash
[0.094s] -- Up-to-date: /home/aiv/YongJun_ws/ros2_ws/install/zed_display_rviz2/share/zed_display_rviz2/local_setup.sh
[0.094s] -- Up-to-date: /home/aiv/YongJun_ws/ros2_ws/install/zed_display_rviz2/share/zed_display_rviz2/local_setup.zsh
[0.094s] -- Up-to-date: /home/aiv/YongJun_ws/ros2_ws/install/zed_display_rviz2/share/zed_display_rviz2/local_setup.dsv
[0.094s] -- Installing: /home/aiv/YongJun_ws/ros2_ws/install/zed_display_rviz2/share/zed_display_rviz2/package.dsv
[0.094s] -- Up-to-date: /home/aiv/YongJun_ws/ros2_ws/install/zed_display_rviz2/share/ament_index/resource_index/packages/zed_display_rviz2
[0.094s] -- Up-to-date: /home/aiv/YongJun_ws/ros2_ws/install/zed_display_rviz2/share/zed_display_rviz2/cmake/zed_display_rviz2Config.cmake
[0.094s] -- Up-to-date: /home/aiv/YongJun_ws/ros2_ws/install/zed_display_rviz2/share/zed_display_rviz2/cmake/zed_display_rviz2Config-version.cmake
[0.094s] -- Up-to-date: /home/aiv/YongJun_ws/ros2_ws/install/zed_display_rviz2/share/zed_display_rviz2/package.xml
[0.107s] Invoked command in '/home/aiv/YongJun_ws/ros2_ws/build/zed_display_rviz2' returned '0': AMENT_PREFIX_PATH=/home/aiv/YongJun_ws/ros2_ws/install/zed_wrapper:/home/aiv/YongJun_ws/ros2_ws/install/zed_components:/home/aiv/YongJun_ws/ros2_ws/install/zed_interfaces:${AMENT_PREFIX_PATH} CMAKE_PREFIX_PATH=/home/aiv/YongJun_ws/ros2_ws/install/zed_wrapper:/home/aiv/YongJun_ws/ros2_ws/install/zed_components:/home/aiv/YongJun_ws/ros2_ws/install/zed_interfaces:/opt/ros/foxy LD_LIBRARY_PATH=/home/aiv/YongJun_ws/ros2_ws/install/zed_components/lib:/home/aiv/YongJun_ws/ros2_ws/install/zed_interfaces/lib:/opt/ros/foxy/opt/yaml_cpp_vendor/lib:/opt/ros/foxy/opt/rviz_ogre_vendor/lib:/opt/ros/foxy/lib/x86_64-linux-gnu:/opt/ros/foxy/lib:/usr/local/cuda/lib64 PYTHONPATH=/home/aiv/YongJun_ws/ros2_ws/install/zed_interfaces/lib/python3.8/site-packages:${PYTHONPATH} /usr/bin/cmake --install /home/aiv/YongJun_ws/ros2_ws/build/zed_display_rviz2
