[0.161s] Invoking command in '/home/aiv/YongJun_ws/build/yolov8_msgs': CMAKE_PREFIX_PATH=/opt/ros/foxy /usr/bin/cmake --build /home/aiv/YongJun_ws/build/yolov8_msgs -- -j32 -l32
[0.207s] [  0%] Built target yolov8_msgs__cpp
[0.214s] [ 12%] Built target yolov8_msgs__rosidl_generator_c
[0.230s] [ 24%] Built target yolov8_msgs__rosidl_typesupport_cpp
[0.231s] [ 36%] Built target yolov8_msgs__rosidl_typesupport_introspection_cpp
[0.237s] [ 48%] Built target yolov8_msgs__rosidl_typesupport_c
[0.238s] [ 59%] Built target yolov8_msgs__rosidl_typesupport_fastrtps_cpp
[0.239s] [ 71%] Built target yolov8_msgs__rosidl_typesupport_introspection_c
[0.260s] [ 83%] Built target yolov8_msgs__rosidl_typesupport_fastrtps_c
[0.273s] [ 83%] Built target yolov8_msgs
[0.285s] [ 84%] Built target yolov8_msgs__py
[0.308s] [ 95%] Built target yolov8_msgs__python
[0.330s] [ 96%] Built target yolov8_msgs__rosidl_typesupport_c__pyext
[0.331s] [ 98%] Built target yolov8_msgs__rosidl_typesupport_fastrtps_c__pyext
[0.331s] [100%] Built target yolov8_msgs__rosidl_typesupport_introspection_c__pyext
[0.339s] Invoked command in '/home/aiv/YongJun_ws/build/yolov8_msgs' returned '0': CMAKE_PREFIX_PATH=/opt/ros/foxy /usr/bin/cmake --build /home/aiv/YongJun_ws/build/yolov8_msgs -- -j32 -l32
[0.442s] Invoking command in '/home/aiv/YongJun_ws/build/yolov8_msgs': CMAKE_PREFIX_PATH=/opt/ros/foxy /usr/bin/cmake --install /home/aiv/YongJun_ws/build/yolov8_msgs
[0.446s] -- Install configuration: ""
[0.447s] -- Execute custom install script
[0.448s] -- Up-to-date symlink: /home/aiv/YongJun_ws/install/yolov8_msgs/share/ament_index/resource_index/rosidl_interfaces/yolov8_msgs
[0.448s] -- Up-to-date symlink: /home/aiv/YongJun_ws/install/yolov8_msgs/include/yolov8_msgs/msg/bounding_box2_d.h
[0.448s] -- Up-to-date symlink: /home/aiv/YongJun_ws/install/yolov8_msgs/include/yolov8_msgs/msg/bounding_box3_d.h
[0.448s] -- Up-to-date symlink: /home/aiv/YongJun_ws/install/yolov8_msgs/include/yolov8_msgs/msg/detail/bounding_box2_d__functions.h
[0.449s] -- Up-to-date symlink: /home/aiv/YongJun_ws/install/yolov8_msgs/include/yolov8_msgs/msg/detail/bounding_box2_d__struct.h
[0.450s] -- Up-to-date symlink: /home/aiv/YongJun_ws/install/yolov8_msgs/include/yolov8_msgs/msg/detail/bounding_box2_d__type_support.h
[0.450s] -- Up-to-date symlink: /home/aiv/YongJun_ws/install/yolov8_msgs/include/yolov8_msgs/msg/detail/bounding_box3_d__functions.h
[0.450s] -- Up-to-date symlink: /home/aiv/YongJun_ws/install/yolov8_msgs/include/yolov8_msgs/msg/detail/bounding_box3_d__struct.h
[0.451s] -- Up-to-date symlink: /home/aiv/YongJun_ws/install/yolov8_msgs/include/yolov8_msgs/msg/detail/bounding_box3_d__type_support.h
[0.451s] -- Up-to-date symlink: /home/aiv/YongJun_ws/install/yolov8_msgs/include/yolov8_msgs/msg/detail/detection__functions.h
[0.451s] -- Up-to-date symlink: /home/aiv/YongJun_ws/install/yolov8_msgs/include/yolov8_msgs/msg/detail/detection__struct.h
[0.452s] -- Up-to-date symlink: /home/aiv/YongJun_ws/install/yolov8_msgs/include/yolov8_msgs/msg/detail/detection__type_support.h
[0.452s] -- Up-to-date symlink: /home/aiv/YongJun_ws/install/yolov8_msgs/include/yolov8_msgs/msg/detail/detection_array__functions.h
[0.453s] -- Up-to-date symlink: /home/aiv/YongJun_ws/install/yolov8_msgs/include/yolov8_msgs/msg/detail/detection_array__struct.h
[0.453s] -- Up-to-date symlink: /home/aiv/YongJun_ws/install/yolov8_msgs/include/yolov8_msgs/msg/detail/detection_array__type_support.h
[0.454s] -- Up-to-date symlink: /home/aiv/YongJun_ws/install/yolov8_msgs/include/yolov8_msgs/msg/detail/key_point2_d__functions.h
[0.454s] -- Up-to-date symlink: /home/aiv/YongJun_ws/install/yolov8_msgs/include/yolov8_msgs/msg/detail/key_point2_d__struct.h
[0.454s] -- Up-to-date symlink: /home/aiv/YongJun_ws/install/yolov8_msgs/include/yolov8_msgs/msg/detail/key_point2_d__type_support.h
[0.454s] -- Up-to-date symlink: /home/aiv/YongJun_ws/install/yolov8_msgs/include/yolov8_msgs/msg/detail/key_point2_d_array__functions.h
[0.454s] -- Up-to-date symlink: /home/aiv/YongJun_ws/install/yolov8_msgs/include/yolov8_msgs/msg/detail/key_point2_d_array__struct.h
[0.454s] -- Up-to-date symlink: /home/aiv/YongJun_ws/install/yolov8_msgs/include/yolov8_msgs/msg/detail/key_point2_d_array__type_support.h
[0.454s] -- Up-to-date symlink: /home/aiv/YongJun_ws/install/yolov8_msgs/include/yolov8_msgs/msg/detail/key_point3_d__functions.h
[0.454s] -- Up-to-date symlink: /home/aiv/YongJun_ws/install/yolov8_msgs/include/yolov8_msgs/msg/detail/key_point3_d__struct.h
[0.454s] -- Up-to-date symlink: /home/aiv/YongJun_ws/install/yolov8_msgs/include/yolov8_msgs/msg/detail/key_point3_d__type_support.h
[0.454s] -- Up-to-date symlink: /home/aiv/YongJun_ws/install/yolov8_msgs/include/yolov8_msgs/msg/detail/key_point3_d_array__functions.h
[0.454s] -- Up-to-date symlink: /home/aiv/YongJun_ws/install/yolov8_msgs/include/yolov8_msgs/msg/detail/key_point3_d_array__struct.h
[0.455s] -- Up-to-date symlink: /home/aiv/YongJun_ws/install/yolov8_msgs/include/yolov8_msgs/msg/detail/key_point3_d_array__type_support.h
[0.455s] -- Up-to-date symlink: /home/aiv/YongJun_ws/install/yolov8_msgs/include/yolov8_msgs/msg/detail/mask__functions.h
[0.455s] -- Up-to-date symlink: /home/aiv/YongJun_ws/install/yolov8_msgs/include/yolov8_msgs/msg/detail/mask__struct.h
[0.455s] -- Up-to-date symlink: /home/aiv/YongJun_ws/install/yolov8_msgs/include/yolov8_msgs/msg/detail/mask__type_support.h
[0.455s] -- Up-to-date symlink: /home/aiv/YongJun_ws/install/yolov8_msgs/include/yolov8_msgs/msg/detail/point2_d__functions.h
[0.455s] -- Up-to-date symlink: /home/aiv/YongJun_ws/install/yolov8_msgs/include/yolov8_msgs/msg/detail/point2_d__struct.h
[0.455s] -- Up-to-date symlink: /home/aiv/YongJun_ws/install/yolov8_msgs/include/yolov8_msgs/msg/detail/point2_d__type_support.h
[0.455s] -- Up-to-date symlink: /home/aiv/YongJun_ws/install/yolov8_msgs/include/yolov8_msgs/msg/detail/pose2_d__functions.h
[0.455s] -- Up-to-date symlink: /home/aiv/YongJun_ws/install/yolov8_msgs/include/yolov8_msgs/msg/detail/pose2_d__struct.h
[0.455s] -- Up-to-date symlink: /home/aiv/YongJun_ws/install/yolov8_msgs/include/yolov8_msgs/msg/detail/pose2_d__type_support.h
[0.455s] -- Up-to-date symlink: /home/aiv/YongJun_ws/install/yolov8_msgs/include/yolov8_msgs/msg/detail/vector2__functions.h
[0.455s] -- Up-to-date symlink: /home/aiv/YongJun_ws/install/yolov8_msgs/include/yolov8_msgs/msg/detail/vector2__struct.h
[0.455s] -- Up-to-date symlink: /home/aiv/YongJun_ws/install/yolov8_msgs/include/yolov8_msgs/msg/detail/vector2__type_support.h
[0.455s] -- Up-to-date symlink: /home/aiv/YongJun_ws/install/yolov8_msgs/include/yolov8_msgs/msg/detection.h
[0.455s] -- Up-to-date symlink: /home/aiv/YongJun_ws/install/yolov8_msgs/include/yolov8_msgs/msg/detection_array.h
[0.455s] -- Up-to-date symlink: /home/aiv/YongJun_ws/install/yolov8_msgs/include/yolov8_msgs/msg/key_point2_d.h
[0.455s] -- Up-to-date symlink: /home/aiv/YongJun_ws/install/yolov8_msgs/include/yolov8_msgs/msg/key_point2_d_array.h
[0.455s] -- Up-to-date symlink: /home/aiv/YongJun_ws/install/yolov8_msgs/include/yolov8_msgs/msg/key_point3_d.h
[0.455s] -- Up-to-date symlink: /home/aiv/YongJun_ws/install/yolov8_msgs/include/yolov8_msgs/msg/key_point3_d_array.h
[0.455s] -- Up-to-date symlink: /home/aiv/YongJun_ws/install/yolov8_msgs/include/yolov8_msgs/msg/mask.h
[0.455s] -- Up-to-date symlink: /home/aiv/YongJun_ws/install/yolov8_msgs/include/yolov8_msgs/msg/point2_d.h
[0.455s] -- Up-to-date symlink: /home/aiv/YongJun_ws/install/yolov8_msgs/include/yolov8_msgs/msg/pose2_d.h
[0.455s] -- Up-to-date symlink: /home/aiv/YongJun_ws/install/yolov8_msgs/include/yolov8_msgs/msg/rosidl_generator_c__visibility_control.h
[0.455s] -- Up-to-date symlink: /home/aiv/YongJun_ws/install/yolov8_msgs/include/yolov8_msgs/msg/vector2.h
[0.455s] -- Up-to-date symlink: /home/aiv/YongJun_ws/install/yolov8_msgs/share/yolov8_msgs/environment/library_path.sh
[0.455s] -- Up-to-date symlink: /home/aiv/YongJun_ws/install/yolov8_msgs/share/yolov8_msgs/environment/library_path.dsv
[0.455s] -- Up-to-date symlink: /home/aiv/YongJun_ws/install/yolov8_msgs/include/yolov8_msgs/msg/detail/bounding_box2_d__rosidl_typesupport_fastrtps_c.h
[0.455s] -- Up-to-date symlink: /home/aiv/YongJun_ws/install/yolov8_msgs/include/yolov8_msgs/msg/detail/bounding_box3_d__rosidl_typesupport_fastrtps_c.h
[0.456s] -- Up-to-date symlink: /home/aiv/YongJun_ws/install/yolov8_msgs/include/yolov8_msgs/msg/detail/detection__rosidl_typesupport_fastrtps_c.h
[0.456s] -- Up-to-date symlink: /home/aiv/YongJun_ws/install/yolov8_msgs/include/yolov8_msgs/msg/detail/detection_array__rosidl_typesupport_fastrtps_c.h
[0.456s] -- Up-to-date symlink: /home/aiv/YongJun_ws/install/yolov8_msgs/include/yolov8_msgs/msg/detail/key_point2_d__rosidl_typesupport_fastrtps_c.h
[0.456s] -- Up-to-date symlink: /home/aiv/YongJun_ws/install/yolov8_msgs/include/yolov8_msgs/msg/detail/key_point2_d_array__rosidl_typesupport_fastrtps_c.h
[0.456s] -- Up-to-date symlink: /home/aiv/YongJun_ws/install/yolov8_msgs/include/yolov8_msgs/msg/detail/key_point3_d__rosidl_typesupport_fastrtps_c.h
[0.456s] -- Up-to-date symlink: /home/aiv/YongJun_ws/install/yolov8_msgs/include/yolov8_msgs/msg/detail/key_point3_d_array__rosidl_typesupport_fastrtps_c.h
[0.456s] -- Up-to-date symlink: /home/aiv/YongJun_ws/install/yolov8_msgs/include/yolov8_msgs/msg/detail/mask__rosidl_typesupport_fastrtps_c.h
[0.456s] -- Up-to-date symlink: /home/aiv/YongJun_ws/install/yolov8_msgs/include/yolov8_msgs/msg/detail/point2_d__rosidl_typesupport_fastrtps_c.h
[0.456s] -- Up-to-date symlink: /home/aiv/YongJun_ws/install/yolov8_msgs/include/yolov8_msgs/msg/detail/pose2_d__rosidl_typesupport_fastrtps_c.h
[0.456s] -- Up-to-date symlink: /home/aiv/YongJun_ws/install/yolov8_msgs/include/yolov8_msgs/msg/detail/vector2__rosidl_typesupport_fastrtps_c.h
[0.456s] -- Up-to-date symlink: /home/aiv/YongJun_ws/install/yolov8_msgs/include/yolov8_msgs/msg/rosidl_typesupport_fastrtps_c__visibility_control.h
[0.458s] -- Up-to-date symlink: /home/aiv/YongJun_ws/install/yolov8_msgs/lib/libyolov8_msgs__rosidl_typesupport_fastrtps_c.so
[0.458s] -- Up-to-date symlink: /home/aiv/YongJun_ws/install/yolov8_msgs/include/yolov8_msgs/msg/detail/bounding_box2_d__rosidl_typesupport_fastrtps_cpp.hpp
[0.458s] -- Up-to-date symlink: /home/aiv/YongJun_ws/install/yolov8_msgs/include/yolov8_msgs/msg/detail/bounding_box3_d__rosidl_typesupport_fastrtps_cpp.hpp
[0.458s] -- Up-to-date symlink: /home/aiv/YongJun_ws/install/yolov8_msgs/include/yolov8_msgs/msg/detail/detection__rosidl_typesupport_fastrtps_cpp.hpp
[0.458s] -- Up-to-date symlink: /home/aiv/YongJun_ws/install/yolov8_msgs/include/yolov8_msgs/msg/detail/detection_array__rosidl_typesupport_fastrtps_cpp.hpp
[0.458s] -- Up-to-date symlink: /home/aiv/YongJun_ws/install/yolov8_msgs/include/yolov8_msgs/msg/detail/key_point2_d__rosidl_typesupport_fastrtps_cpp.hpp
[0.458s] -- Up-to-date symlink: /home/aiv/YongJun_ws/install/yolov8_msgs/include/yolov8_msgs/msg/detail/key_point2_d_array__rosidl_typesupport_fastrtps_cpp.hpp
[0.458s] -- Up-to-date symlink: /home/aiv/YongJun_ws/install/yolov8_msgs/include/yolov8_msgs/msg/detail/key_point3_d__rosidl_typesupport_fastrtps_cpp.hpp
[0.458s] -- Up-to-date symlink: /home/aiv/YongJun_ws/install/yolov8_msgs/include/yolov8_msgs/msg/detail/key_point3_d_array__rosidl_typesupport_fastrtps_cpp.hpp
[0.458s] -- Up-to-date symlink: /home/aiv/YongJun_ws/install/yolov8_msgs/include/yolov8_msgs/msg/detail/mask__rosidl_typesupport_fastrtps_cpp.hpp
[0.458s] -- Up-to-date symlink: /home/aiv/YongJun_ws/install/yolov8_msgs/include/yolov8_msgs/msg/detail/point2_d__rosidl_typesupport_fastrtps_cpp.hpp
[0.458s] -- Up-to-date symlink: /home/aiv/YongJun_ws/install/yolov8_msgs/include/yolov8_msgs/msg/detail/pose2_d__rosidl_typesupport_fastrtps_cpp.hpp
[0.458s] -- Up-to-date symlink: /home/aiv/YongJun_ws/install/yolov8_msgs/include/yolov8_msgs/msg/detail/vector2__rosidl_typesupport_fastrtps_cpp.hpp
[0.458s] -- Up-to-date symlink: /home/aiv/YongJun_ws/install/yolov8_msgs/include/yolov8_msgs/msg/rosidl_typesupport_fastrtps_cpp__visibility_control.h
[0.458s] -- Up-to-date symlink: /home/aiv/YongJun_ws/install/yolov8_msgs/lib/libyolov8_msgs__rosidl_typesupport_fastrtps_cpp.so
[0.458s] -- Up-to-date symlink: /home/aiv/YongJun_ws/install/yolov8_msgs/include/yolov8_msgs/msg/detail/bounding_box2_d__rosidl_typesupport_introspection_c.h
[0.459s] -- Up-to-date symlink: /home/aiv/YongJun_ws/install/yolov8_msgs/include/yolov8_msgs/msg/detail/bounding_box3_d__rosidl_typesupport_introspection_c.h
[0.459s] -- Up-to-date symlink: /home/aiv/YongJun_ws/install/yolov8_msgs/include/yolov8_msgs/msg/detail/detection__rosidl_typesupport_introspection_c.h
[0.459s] -- Up-to-date symlink: /home/aiv/YongJun_ws/install/yolov8_msgs/include/yolov8_msgs/msg/detail/detection_array__rosidl_typesupport_introspection_c.h
[0.459s] -- Up-to-date symlink: /home/aiv/YongJun_ws/install/yolov8_msgs/include/yolov8_msgs/msg/detail/key_point2_d__rosidl_typesupport_introspection_c.h
[0.459s] -- Up-to-date symlink: /home/aiv/YongJun_ws/install/yolov8_msgs/include/yolov8_msgs/msg/detail/key_point2_d_array__rosidl_typesupport_introspection_c.h
[0.459s] -- Up-to-date symlink: /home/aiv/YongJun_ws/install/yolov8_msgs/include/yolov8_msgs/msg/detail/key_point3_d__rosidl_typesupport_introspection_c.h
[0.460s] -- Up-to-date symlink: /home/aiv/YongJun_ws/install/yolov8_msgs/include/yolov8_msgs/msg/detail/key_point3_d_array__rosidl_typesupport_introspection_c.h
[0.460s] -- Up-to-date symlink: /home/aiv/YongJun_ws/install/yolov8_msgs/include/yolov8_msgs/msg/detail/mask__rosidl_typesupport_introspection_c.h
[0.460s] -- Up-to-date symlink: /home/aiv/YongJun_ws/install/yolov8_msgs/include/yolov8_msgs/msg/detail/point2_d__rosidl_typesupport_introspection_c.h
[0.460s] -- Up-to-date symlink: /home/aiv/YongJun_ws/install/yolov8_msgs/include/yolov8_msgs/msg/detail/pose2_d__rosidl_typesupport_introspection_c.h
[0.461s] -- Up-to-date symlink: /home/aiv/YongJun_ws/install/yolov8_msgs/include/yolov8_msgs/msg/detail/vector2__rosidl_typesupport_introspection_c.h
[0.461s] -- Up-to-date symlink: /home/aiv/YongJun_ws/install/yolov8_msgs/include/yolov8_msgs/msg/rosidl_typesupport_introspection_c__visibility_control.h
[0.461s] -- Up-to-date symlink: /home/aiv/YongJun_ws/install/yolov8_msgs/include/yolov8_msgs/msg/bounding_box2_d.hpp
[0.461s] -- Up-to-date symlink: /home/aiv/YongJun_ws/install/yolov8_msgs/include/yolov8_msgs/msg/bounding_box3_d.hpp
[0.461s] -- Up-to-date symlink: /home/aiv/YongJun_ws/install/yolov8_msgs/include/yolov8_msgs/msg/detail/bounding_box2_d__builder.hpp
[0.461s] -- Up-to-date symlink: /home/aiv/YongJun_ws/install/yolov8_msgs/include/yolov8_msgs/msg/detail/bounding_box2_d__struct.hpp
[0.461s] -- Up-to-date symlink: /home/aiv/YongJun_ws/install/yolov8_msgs/include/yolov8_msgs/msg/detail/bounding_box2_d__traits.hpp
[0.461s] -- Up-to-date symlink: /home/aiv/YongJun_ws/install/yolov8_msgs/include/yolov8_msgs/msg/detail/bounding_box2_d__type_support.hpp
[0.462s] -- Up-to-date symlink: /home/aiv/YongJun_ws/install/yolov8_msgs/include/yolov8_msgs/msg/detail/bounding_box3_d__builder.hpp
[0.462s] -- Up-to-date symlink: /home/aiv/YongJun_ws/install/yolov8_msgs/include/yolov8_msgs/msg/detail/bounding_box3_d__struct.hpp
[0.462s] -- Up-to-date symlink: /home/aiv/YongJun_ws/install/yolov8_msgs/include/yolov8_msgs/msg/detail/bounding_box3_d__traits.hpp
[0.462s] -- Up-to-date symlink: /home/aiv/YongJun_ws/install/yolov8_msgs/include/yolov8_msgs/msg/detail/bounding_box3_d__type_support.hpp
[0.462s] -- Up-to-date symlink: /home/aiv/YongJun_ws/install/yolov8_msgs/include/yolov8_msgs/msg/detail/detection__builder.hpp
[0.462s] -- Up-to-date symlink: /home/aiv/YongJun_ws/install/yolov8_msgs/include/yolov8_msgs/msg/detail/detection__struct.hpp
[0.462s] -- Up-to-date symlink: /home/aiv/YongJun_ws/install/yolov8_msgs/include/yolov8_msgs/msg/detail/detection__traits.hpp
[0.462s] -- Up-to-date symlink: /home/aiv/YongJun_ws/install/yolov8_msgs/include/yolov8_msgs/msg/detail/detection__type_support.hpp
[0.462s] -- Up-to-date symlink: /home/aiv/YongJun_ws/install/yolov8_msgs/include/yolov8_msgs/msg/detail/detection_array__builder.hpp
[0.462s] -- Up-to-date symlink: /home/aiv/YongJun_ws/install/yolov8_msgs/include/yolov8_msgs/msg/detail/detection_array__struct.hpp
[0.463s] -- Up-to-date symlink: /home/aiv/YongJun_ws/install/yolov8_msgs/include/yolov8_msgs/msg/detail/detection_array__traits.hpp
[0.463s] -- Up-to-date symlink: /home/aiv/YongJun_ws/install/yolov8_msgs/include/yolov8_msgs/msg/detail/detection_array__type_support.hpp
[0.463s] -- Up-to-date symlink: /home/aiv/YongJun_ws/install/yolov8_msgs/include/yolov8_msgs/msg/detail/key_point2_d__builder.hpp
[0.463s] -- Up-to-date symlink: /home/aiv/YongJun_ws/install/yolov8_msgs/include/yolov8_msgs/msg/detail/key_point2_d__struct.hpp
[0.463s] -- Up-to-date symlink: /home/aiv/YongJun_ws/install/yolov8_msgs/include/yolov8_msgs/msg/detail/key_point2_d__traits.hpp
[0.463s] -- Up-to-date symlink: /home/aiv/YongJun_ws/install/yolov8_msgs/include/yolov8_msgs/msg/detail/key_point2_d__type_support.hpp
[0.463s] -- Up-to-date symlink: /home/aiv/YongJun_ws/install/yolov8_msgs/include/yolov8_msgs/msg/detail/key_point2_d_array__builder.hpp
[0.463s] -- Up-to-date symlink: /home/aiv/YongJun_ws/install/yolov8_msgs/include/yolov8_msgs/msg/detail/key_point2_d_array__struct.hpp
[0.463s] -- Up-to-date symlink: /home/aiv/YongJun_ws/install/yolov8_msgs/include/yolov8_msgs/msg/detail/key_point2_d_array__traits.hpp
[0.463s] -- Up-to-date symlink: /home/aiv/YongJun_ws/install/yolov8_msgs/include/yolov8_msgs/msg/detail/key_point2_d_array__type_support.hpp
[0.464s] -- Up-to-date symlink: /home/aiv/YongJun_ws/install/yolov8_msgs/include/yolov8_msgs/msg/detail/key_point3_d__builder.hpp
[0.464s] -- Up-to-date symlink: /home/aiv/YongJun_ws/install/yolov8_msgs/include/yolov8_msgs/msg/detail/key_point3_d__struct.hpp
[0.464s] -- Up-to-date symlink: /home/aiv/YongJun_ws/install/yolov8_msgs/include/yolov8_msgs/msg/detail/key_point3_d__traits.hpp
[0.464s] -- Up-to-date symlink: /home/aiv/YongJun_ws/install/yolov8_msgs/include/yolov8_msgs/msg/detail/key_point3_d__type_support.hpp
[0.464s] -- Up-to-date symlink: /home/aiv/YongJun_ws/install/yolov8_msgs/include/yolov8_msgs/msg/detail/key_point3_d_array__builder.hpp
[0.464s] -- Up-to-date symlink: /home/aiv/YongJun_ws/install/yolov8_msgs/include/yolov8_msgs/msg/detail/key_point3_d_array__struct.hpp
[0.464s] -- Up-to-date symlink: /home/aiv/YongJun_ws/install/yolov8_msgs/include/yolov8_msgs/msg/detail/key_point3_d_array__traits.hpp
[0.464s] -- Up-to-date symlink: /home/aiv/YongJun_ws/install/yolov8_msgs/include/yolov8_msgs/msg/detail/key_point3_d_array__type_support.hpp
[0.464s] -- Up-to-date symlink: /home/aiv/YongJun_ws/install/yolov8_msgs/include/yolov8_msgs/msg/detail/mask__builder.hpp
[0.464s] -- Up-to-date symlink: /home/aiv/YongJun_ws/install/yolov8_msgs/include/yolov8_msgs/msg/detail/mask__struct.hpp
[0.465s] -- Up-to-date symlink: /home/aiv/YongJun_ws/install/yolov8_msgs/include/yolov8_msgs/msg/detail/mask__traits.hpp
[0.465s] -- Up-to-date symlink: /home/aiv/YongJun_ws/install/yolov8_msgs/include/yolov8_msgs/msg/detail/mask__type_support.hpp
[0.465s] -- Up-to-date symlink: /home/aiv/YongJun_ws/install/yolov8_msgs/include/yolov8_msgs/msg/detail/point2_d__builder.hpp
[0.465s] -- Up-to-date symlink: /home/aiv/YongJun_ws/install/yolov8_msgs/include/yolov8_msgs/msg/detail/point2_d__struct.hpp
[0.465s] -- Up-to-date symlink: /home/aiv/YongJun_ws/install/yolov8_msgs/include/yolov8_msgs/msg/detail/point2_d__traits.hpp
[0.465s] -- Up-to-date symlink: /home/aiv/YongJun_ws/install/yolov8_msgs/include/yolov8_msgs/msg/detail/point2_d__type_support.hpp
[0.465s] -- Up-to-date symlink: /home/aiv/YongJun_ws/install/yolov8_msgs/include/yolov8_msgs/msg/detail/pose2_d__builder.hpp
[0.465s] -- Up-to-date symlink: /home/aiv/YongJun_ws/install/yolov8_msgs/include/yolov8_msgs/msg/detail/pose2_d__struct.hpp
[0.465s] -- Up-to-date symlink: /home/aiv/YongJun_ws/install/yolov8_msgs/include/yolov8_msgs/msg/detail/pose2_d__traits.hpp
[0.465s] -- Up-to-date symlink: /home/aiv/YongJun_ws/install/yolov8_msgs/include/yolov8_msgs/msg/detail/pose2_d__type_support.hpp
[0.466s] -- Up-to-date symlink: /home/aiv/YongJun_ws/install/yolov8_msgs/include/yolov8_msgs/msg/detail/vector2__builder.hpp
[0.466s] -- Up-to-date symlink: /home/aiv/YongJun_ws/install/yolov8_msgs/include/yolov8_msgs/msg/detail/vector2__struct.hpp
[0.466s] -- Up-to-date symlink: /home/aiv/YongJun_ws/install/yolov8_msgs/include/yolov8_msgs/msg/detail/vector2__traits.hpp
[0.466s] -- Up-to-date symlink: /home/aiv/YongJun_ws/install/yolov8_msgs/include/yolov8_msgs/msg/detail/vector2__type_support.hpp
[0.466s] -- Up-to-date symlink: /home/aiv/YongJun_ws/install/yolov8_msgs/include/yolov8_msgs/msg/detection.hpp
[0.466s] -- Up-to-date symlink: /home/aiv/YongJun_ws/install/yolov8_msgs/include/yolov8_msgs/msg/detection_array.hpp
[0.466s] -- Up-to-date symlink: /home/aiv/YongJun_ws/install/yolov8_msgs/include/yolov8_msgs/msg/key_point2_d.hpp
[0.467s] -- Up-to-date symlink: /home/aiv/YongJun_ws/install/yolov8_msgs/include/yolov8_msgs/msg/key_point2_d_array.hpp
[0.467s] -- Up-to-date symlink: /home/aiv/YongJun_ws/install/yolov8_msgs/include/yolov8_msgs/msg/key_point3_d.hpp
[0.467s] -- Up-to-date symlink: /home/aiv/YongJun_ws/install/yolov8_msgs/include/yolov8_msgs/msg/key_point3_d_array.hpp
[0.467s] -- Up-to-date symlink: /home/aiv/YongJun_ws/install/yolov8_msgs/include/yolov8_msgs/msg/mask.hpp
[0.467s] -- Up-to-date symlink: /home/aiv/YongJun_ws/install/yolov8_msgs/include/yolov8_msgs/msg/point2_d.hpp
[0.467s] -- Up-to-date symlink: /home/aiv/YongJun_ws/install/yolov8_msgs/include/yolov8_msgs/msg/pose2_d.hpp
[0.467s] -- Up-to-date symlink: /home/aiv/YongJun_ws/install/yolov8_msgs/include/yolov8_msgs/msg/rosidl_generator_cpp__visibility_control.hpp
[0.467s] -- Up-to-date symlink: /home/aiv/YongJun_ws/install/yolov8_msgs/include/yolov8_msgs/msg/vector2.hpp
[0.468s] -- Up-to-date symlink: /home/aiv/YongJun_ws/install/yolov8_msgs/include/yolov8_msgs/msg/detail/bounding_box2_d__rosidl_typesupport_introspection_cpp.hpp
[0.468s] -- Up-to-date symlink: /home/aiv/YongJun_ws/install/yolov8_msgs/include/yolov8_msgs/msg/detail/bounding_box3_d__rosidl_typesupport_introspection_cpp.hpp
[0.468s] -- Up-to-date symlink: /home/aiv/YongJun_ws/install/yolov8_msgs/include/yolov8_msgs/msg/detail/detection__rosidl_typesupport_introspection_cpp.hpp
[0.468s] -- Up-to-date symlink: /home/aiv/YongJun_ws/install/yolov8_msgs/include/yolov8_msgs/msg/detail/detection_array__rosidl_typesupport_introspection_cpp.hpp
[0.468s] -- Up-to-date symlink: /home/aiv/YongJun_ws/install/yolov8_msgs/include/yolov8_msgs/msg/detail/key_point2_d__rosidl_typesupport_introspection_cpp.hpp
[0.468s] -- Up-to-date symlink: /home/aiv/YongJun_ws/install/yolov8_msgs/include/yolov8_msgs/msg/detail/key_point2_d_array__rosidl_typesupport_introspection_cpp.hpp
[0.468s] -- Up-to-date symlink: /home/aiv/YongJun_ws/install/yolov8_msgs/include/yolov8_msgs/msg/detail/key_point3_d__rosidl_typesupport_introspection_cpp.hpp
[0.468s] -- Up-to-date symlink: /home/aiv/YongJun_ws/install/yolov8_msgs/include/yolov8_msgs/msg/detail/key_point3_d_array__rosidl_typesupport_introspection_cpp.hpp
[0.468s] -- Up-to-date symlink: /home/aiv/YongJun_ws/install/yolov8_msgs/include/yolov8_msgs/msg/detail/mask__rosidl_typesupport_introspection_cpp.hpp
[0.469s] -- Up-to-date symlink: /home/aiv/YongJun_ws/install/yolov8_msgs/include/yolov8_msgs/msg/detail/point2_d__rosidl_typesupport_introspection_cpp.hpp
[0.469s] -- Up-to-date symlink: /home/aiv/YongJun_ws/install/yolov8_msgs/include/yolov8_msgs/msg/detail/pose2_d__rosidl_typesupport_introspection_cpp.hpp
[0.469s] -- Up-to-date symlink: /home/aiv/YongJun_ws/install/yolov8_msgs/include/yolov8_msgs/msg/detail/vector2__rosidl_typesupport_introspection_cpp.hpp
[0.469s] -- Up-to-date symlink: /home/aiv/YongJun_ws/install/yolov8_msgs/share/yolov8_msgs/environment/pythonpath.sh
[0.469s] -- Up-to-date symlink: /home/aiv/YongJun_ws/install/yolov8_msgs/share/yolov8_msgs/environment/pythonpath.dsv
[0.469s] -- Up-to-date symlink: /home/aiv/YongJun_ws/install/yolov8_msgs/lib/python3.8/site-packages/yolov8_msgs/__init__.py
[0.470s] -- Up-to-date symlink: /home/aiv/YongJun_ws/install/yolov8_msgs/lib/python3.8/site-packages/yolov8_msgs/msg/__init__.py
[0.470s] -- Up-to-date symlink: /home/aiv/YongJun_ws/install/yolov8_msgs/lib/python3.8/site-packages/yolov8_msgs/msg/_bounding_box2_d.py
[0.470s] -- Up-to-date symlink: /home/aiv/YongJun_ws/install/yolov8_msgs/lib/python3.8/site-packages/yolov8_msgs/msg/_bounding_box3_d.py
[0.470s] -- Up-to-date symlink: /home/aiv/YongJun_ws/install/yolov8_msgs/lib/python3.8/site-packages/yolov8_msgs/msg/_detection.py
[0.470s] -- Up-to-date symlink: /home/aiv/YongJun_ws/install/yolov8_msgs/lib/python3.8/site-packages/yolov8_msgs/msg/_detection_array.py
[0.470s] -- Up-to-date symlink: /home/aiv/YongJun_ws/install/yolov8_msgs/lib/python3.8/site-packages/yolov8_msgs/msg/_key_point2_d.py
[0.470s] -- Up-to-date symlink: /home/aiv/YongJun_ws/install/yolov8_msgs/lib/python3.8/site-packages/yolov8_msgs/msg/_key_point2_d_array.py
[0.471s] -- Up-to-date symlink: /home/aiv/YongJun_ws/install/yolov8_msgs/lib/python3.8/site-packages/yolov8_msgs/msg/_key_point3_d.py
[0.471s] -- Up-to-date symlink: /home/aiv/YongJun_ws/install/yolov8_msgs/lib/python3.8/site-packages/yolov8_msgs/msg/_key_point3_d_array.py
[0.471s] -- Up-to-date symlink: /home/aiv/YongJun_ws/install/yolov8_msgs/lib/python3.8/site-packages/yolov8_msgs/msg/_mask.py
[0.471s] -- Up-to-date symlink: /home/aiv/YongJun_ws/install/yolov8_msgs/lib/python3.8/site-packages/yolov8_msgs/msg/_point2_d.py
[0.471s] -- Up-to-date symlink: /home/aiv/YongJun_ws/install/yolov8_msgs/lib/python3.8/site-packages/yolov8_msgs/msg/_pose2_d.py
[0.471s] -- Up-to-date symlink: /home/aiv/YongJun_ws/install/yolov8_msgs/lib/python3.8/site-packages/yolov8_msgs/msg/_vector2.py
[0.471s] -- Up-to-date symlink: /home/aiv/YongJun_ws/install/yolov8_msgs/lib/python3.8/site-packages/yolov8_msgs/yolov8_msgs_s__rosidl_typesupport_fastrtps_c.cpython-38-x86_64-linux-gnu.so
[0.472s] -- Up-to-date symlink: /home/aiv/YongJun_ws/install/yolov8_msgs/lib/python3.8/site-packages/yolov8_msgs/yolov8_msgs_s__rosidl_typesupport_introspection_c.cpython-38-x86_64-linux-gnu.so
[0.472s] -- Up-to-date symlink: /home/aiv/YongJun_ws/install/yolov8_msgs/lib/python3.8/site-packages/yolov8_msgs/yolov8_msgs_s__rosidl_typesupport_c.cpython-38-x86_64-linux-gnu.so
[0.472s] -- Up-to-date symlink: /home/aiv/YongJun_ws/install/yolov8_msgs/lib/libyolov8_msgs__python.so
[0.473s] -- Up-to-date symlink: /home/aiv/YongJun_ws/install/yolov8_msgs/share/yolov8_msgs/msg/Point2D.idl
[0.473s] -- Up-to-date symlink: /home/aiv/YongJun_ws/install/yolov8_msgs/share/yolov8_msgs/msg/Vector2.idl
[0.473s] -- Up-to-date symlink: /home/aiv/YongJun_ws/install/yolov8_msgs/share/yolov8_msgs/msg/Pose2D.idl
[0.473s] -- Up-to-date symlink: /home/aiv/YongJun_ws/install/yolov8_msgs/share/yolov8_msgs/msg/BoundingBox2D.idl
[0.473s] -- Up-to-date symlink: /home/aiv/YongJun_ws/install/yolov8_msgs/share/yolov8_msgs/msg/BoundingBox3D.idl
[0.473s] -- Up-to-date symlink: /home/aiv/YongJun_ws/install/yolov8_msgs/share/yolov8_msgs/msg/Mask.idl
[0.474s] -- Up-to-date symlink: /home/aiv/YongJun_ws/install/yolov8_msgs/share/yolov8_msgs/msg/KeyPoint2D.idl
[0.474s] -- Up-to-date symlink: /home/aiv/YongJun_ws/install/yolov8_msgs/share/yolov8_msgs/msg/KeyPoint2DArray.idl
[0.474s] -- Up-to-date symlink: /home/aiv/YongJun_ws/install/yolov8_msgs/share/yolov8_msgs/msg/KeyPoint3D.idl
[0.474s] -- Up-to-date symlink: /home/aiv/YongJun_ws/install/yolov8_msgs/share/yolov8_msgs/msg/KeyPoint3DArray.idl
[0.474s] -- Up-to-date symlink: /home/aiv/YongJun_ws/install/yolov8_msgs/share/yolov8_msgs/msg/Detection.idl
[0.474s] -- Up-to-date symlink: /home/aiv/YongJun_ws/install/yolov8_msgs/share/yolov8_msgs/msg/DetectionArray.idl
[0.474s] -- Up-to-date symlink: /home/aiv/YongJun_ws/install/yolov8_msgs/share/yolov8_msgs/msg/Point2D.msg
[0.475s] -- Up-to-date symlink: /home/aiv/YongJun_ws/install/yolov8_msgs/share/yolov8_msgs/msg/Vector2.msg
[0.475s] -- Up-to-date symlink: /home/aiv/YongJun_ws/install/yolov8_msgs/share/yolov8_msgs/msg/Pose2D.msg
[0.475s] -- Up-to-date symlink: /home/aiv/YongJun_ws/install/yolov8_msgs/share/yolov8_msgs/msg/BoundingBox2D.msg
[0.475s] -- Up-to-date symlink: /home/aiv/YongJun_ws/install/yolov8_msgs/share/yolov8_msgs/msg/BoundingBox3D.msg
[0.475s] -- Up-to-date symlink: /home/aiv/YongJun_ws/install/yolov8_msgs/share/yolov8_msgs/msg/Mask.msg
[0.475s] -- Up-to-date symlink: /home/aiv/YongJun_ws/install/yolov8_msgs/share/yolov8_msgs/msg/KeyPoint2D.msg
[0.475s] -- Up-to-date symlink: /home/aiv/YongJun_ws/install/yolov8_msgs/share/yolov8_msgs/msg/KeyPoint2DArray.msg
[0.476s] -- Up-to-date symlink: /home/aiv/YongJun_ws/install/yolov8_msgs/share/yolov8_msgs/msg/KeyPoint3D.msg
[0.476s] -- Up-to-date symlink: /home/aiv/YongJun_ws/install/yolov8_msgs/share/yolov8_msgs/msg/KeyPoint3DArray.msg
[0.476s] -- Up-to-date symlink: /home/aiv/YongJun_ws/install/yolov8_msgs/share/yolov8_msgs/msg/Detection.msg
[0.476s] -- Up-to-date symlink: /home/aiv/YongJun_ws/install/yolov8_msgs/share/yolov8_msgs/msg/DetectionArray.msg
[0.476s] -- Up-to-date symlink: /home/aiv/YongJun_ws/install/yolov8_msgs/share/ament_index/resource_index/package_run_dependencies/yolov8_msgs
[0.476s] -- Up-to-date symlink: /home/aiv/YongJun_ws/install/yolov8_msgs/share/ament_index/resource_index/parent_prefix_path/yolov8_msgs
[0.476s] -- Up-to-date symlink: /home/aiv/YongJun_ws/install/yolov8_msgs/share/yolov8_msgs/environment/ament_prefix_path.sh
[0.477s] -- Up-to-date symlink: /home/aiv/YongJun_ws/install/yolov8_msgs/share/yolov8_msgs/environment/ament_prefix_path.dsv
[0.477s] -- Up-to-date symlink: /home/aiv/YongJun_ws/install/yolov8_msgs/share/yolov8_msgs/environment/path.sh
[0.477s] -- Up-to-date symlink: /home/aiv/YongJun_ws/install/yolov8_msgs/share/yolov8_msgs/environment/path.dsv
[0.477s] -- Up-to-date symlink: /home/aiv/YongJun_ws/install/yolov8_msgs/share/yolov8_msgs/local_setup.bash
[0.477s] -- Up-to-date symlink: /home/aiv/YongJun_ws/install/yolov8_msgs/share/yolov8_msgs/local_setup.sh
[0.477s] -- Up-to-date symlink: /home/aiv/YongJun_ws/install/yolov8_msgs/share/yolov8_msgs/local_setup.zsh
[0.477s] -- Up-to-date symlink: /home/aiv/YongJun_ws/install/yolov8_msgs/share/yolov8_msgs/local_setup.dsv
[0.478s] -- Symlinking: /home/aiv/YongJun_ws/install/yolov8_msgs/share/yolov8_msgs/package.dsv
[0.483s] -- Up-to-date symlink: /home/aiv/YongJun_ws/install/yolov8_msgs/share/ament_index/resource_index/packages/yolov8_msgs
[0.483s] -- Up-to-date symlink: /home/aiv/YongJun_ws/install/yolov8_msgs/share/yolov8_msgs/cmake/rosidl_cmake-extras.cmake
[0.483s] -- Up-to-date symlink: /home/aiv/YongJun_ws/install/yolov8_msgs/share/yolov8_msgs/cmake/ament_cmake_export_dependencies-extras.cmake
[0.484s] -- Up-to-date symlink: /home/aiv/YongJun_ws/install/yolov8_msgs/share/yolov8_msgs/cmake/ament_cmake_export_libraries-extras.cmake
[0.484s] -- Up-to-date symlink: /home/aiv/YongJun_ws/install/yolov8_msgs/share/yolov8_msgs/cmake/ament_cmake_export_targets-extras.cmake
[0.484s] -- Up-to-date symlink: /home/aiv/YongJun_ws/install/yolov8_msgs/share/yolov8_msgs/cmake/ament_cmake_export_include_directories-extras.cmake
[0.484s] -- Up-to-date symlink: /home/aiv/YongJun_ws/install/yolov8_msgs/share/yolov8_msgs/cmake/rosidl_cmake_export_typesupport_libraries-extras.cmake
[0.484s] -- Up-to-date symlink: /home/aiv/YongJun_ws/install/yolov8_msgs/share/yolov8_msgs/cmake/rosidl_cmake_export_typesupport_targets-extras.cmake
[0.484s] -- Up-to-date symlink: /home/aiv/YongJun_ws/install/yolov8_msgs/share/yolov8_msgs/cmake/yolov8_msgsConfig.cmake
[0.484s] -- Up-to-date symlink: /home/aiv/YongJun_ws/install/yolov8_msgs/share/yolov8_msgs/cmake/yolov8_msgsConfig-version.cmake
[0.485s] -- Up-to-date symlink: /home/aiv/YongJun_ws/install/yolov8_msgs/share/yolov8_msgs/package.xml
[0.485s] -- Up-to-date: /home/aiv/YongJun_ws/install/yolov8_msgs/lib/libyolov8_msgs__rosidl_generator_c.so
[0.486s] -- Up-to-date: /home/aiv/YongJun_ws/install/yolov8_msgs/lib/libyolov8_msgs__rosidl_typesupport_introspection_c.so
[0.486s] -- Up-to-date: /home/aiv/YongJun_ws/install/yolov8_msgs/lib/libyolov8_msgs__rosidl_typesupport_c.so
[0.487s] -- Up-to-date: /home/aiv/YongJun_ws/install/yolov8_msgs/lib/libyolov8_msgs__rosidl_typesupport_introspection_cpp.so
[0.487s] -- Up-to-date: /home/aiv/YongJun_ws/install/yolov8_msgs/lib/libyolov8_msgs__rosidl_typesupport_cpp.so
[0.508s] -- Up-to-date: /home/aiv/YongJun_ws/install/yolov8_msgs/share/yolov8_msgs/cmake/yolov8_msgs__rosidl_generator_cExport.cmake
[0.509s] -- Up-to-date: /home/aiv/YongJun_ws/install/yolov8_msgs/share/yolov8_msgs/cmake/yolov8_msgs__rosidl_generator_cExport-noconfig.cmake
[0.509s] -- Up-to-date: /home/aiv/YongJun_ws/install/yolov8_msgs/share/yolov8_msgs/cmake/yolov8_msgs__rosidl_typesupport_introspection_cExport.cmake
[0.509s] -- Up-to-date: /home/aiv/YongJun_ws/install/yolov8_msgs/share/yolov8_msgs/cmake/yolov8_msgs__rosidl_typesupport_introspection_cExport-noconfig.cmake
[0.509s] -- Up-to-date: /home/aiv/YongJun_ws/install/yolov8_msgs/share/yolov8_msgs/cmake/yolov8_msgs__rosidl_typesupport_cExport.cmake
[0.509s] -- Up-to-date: /home/aiv/YongJun_ws/install/yolov8_msgs/share/yolov8_msgs/cmake/yolov8_msgs__rosidl_typesupport_cExport-noconfig.cmake
[0.509s] -- Up-to-date: /home/aiv/YongJun_ws/install/yolov8_msgs/share/yolov8_msgs/cmake/yolov8_msgs__rosidl_generator_cppExport.cmake
[0.509s] -- Up-to-date: /home/aiv/YongJun_ws/install/yolov8_msgs/share/yolov8_msgs/cmake/yolov8_msgs__rosidl_typesupport_introspection_cppExport.cmake
[0.509s] -- Up-to-date: /home/aiv/YongJun_ws/install/yolov8_msgs/share/yolov8_msgs/cmake/yolov8_msgs__rosidl_typesupport_introspection_cppExport-noconfig.cmake
[0.509s] -- Up-to-date: /home/aiv/YongJun_ws/install/yolov8_msgs/share/yolov8_msgs/cmake/yolov8_msgs__rosidl_typesupport_cppExport.cmake
[0.509s] -- Up-to-date: /home/aiv/YongJun_ws/install/yolov8_msgs/share/yolov8_msgs/cmake/yolov8_msgs__rosidl_typesupport_cppExport-noconfig.cmake
[0.511s] Invoked command in '/home/aiv/YongJun_ws/build/yolov8_msgs' returned '0': CMAKE_PREFIX_PATH=/opt/ros/foxy /usr/bin/cmake --install /home/aiv/YongJun_ws/build/yolov8_msgs
